IQ-TREE version 3.1.1 for MacOS ARM 64-bit built Apr  8 2026
Developed by Bui Quang Minh, Thomas Wong, Nhan Ly-Trong, Huaiyan Ren
Contributed by Lam-Tung Nguyen, Dominik Schrempf, Chris Bielow,
Olga Chernomor, Michael Woodhams, Diep Thi Hoang, Heiko Schmidt

Host:    Noutbuk-maria.local (SSE4.2, 16 GB RAM)
Command: iqtree -s exp_baseline/m50_sel500_rep4/combined.fasta -m JC -nt AUTO -pre exp_baseline/m50_sel500_rep4/iqtree_out -seed 505442 -redo
Seed:    505442 (Using SPRNG - Scalable Parallel Random Number Generator)
Time:    Tue May 12 14:58:04 2026
Kernel:  SSE2 - auto-detect threads (8 CPU cores detected)

Reading alignment file exp_baseline/m50_sel500_rep4/combined.fasta ... Fasta format detected
Reading fasta file: done in 0.000583887 secs using 90.94% CPU
Alignment most likely contains DNA/RNA sequences
Constructing alignment: done in 0.00111413 secs using 55.65% CPU
Alignment has 30 sequences with 2500 columns, 2016 distinct patterns
2486 parsimony-informative, 0 singleton sites, 14 constant sites
          Gap/Ambiguity  Composition  p-value
Analyzing sequences: done in 6.29425e-05 secs using 182.7% CPU
   1  taxon_1     0.00%    passed     67.59%
   2  taxon_2     0.00%    passed     45.31%
   3  taxon_3     0.00%    passed     87.01%
   4  taxon_4     0.00%    passed     51.92%
   5  taxon_5     0.00%    passed     40.07%
   6  taxon_6     0.00%    passed     45.30%
   7  taxon_7     0.00%    passed      9.87%
   8  taxon_8     0.00%    passed     78.85%
   9  taxon_9     0.00%    passed     13.93%
  10  taxon_10    0.00%    passed     20.23%
  11  taxon_11    0.00%    passed     86.64%
  12  taxon_12    0.00%    passed     93.14%
  13  taxon_13    0.00%    passed     71.99%
  14  taxon_14    0.00%    passed     53.84%
  15  taxon_15    0.00%    passed     16.74%
  16  taxon_16    0.00%    failed      2.21%
  17  taxon_17    0.00%    passed     83.17%
  18  taxon_18    0.00%    passed     30.67%
  19  taxon_19    0.00%    passed     41.33%
  20  taxon_20    0.00%    passed     16.76%
  21  taxon_21    0.00%    passed     35.05%
  22  taxon_22    0.00%    passed      6.22%
  23  taxon_23    0.00%    passed     76.35%
  24  taxon_24    0.00%    passed     90.66%
  25  taxon_25    0.00%    passed     35.51%
  26  taxon_26    0.00%    passed     58.08%
  27  taxon_27    0.00%    passed     27.11%
  28  taxon_28    0.00%    passed     94.83%
  29  taxon_29    0.00%    passed     94.92%
  30  taxon_30    0.00%    passed     86.71%
****  TOTAL       0.00%  1 sequences failed composition chi2 test (p-value<5%; df=3)
Checking for duplicate sequences: done in 0.000128984 secs using 93.03% CPU

Create initial parsimony tree by phylogenetic likelihood library (PLL)... 0.003 seconds

NOTE: 1 MB RAM (0 GB) is required!
Measuring multi-threading efficiency up to 8 CPU cores
Increase to 10 rounds for branch lengths
388 trees examined
Threads: 1 / Time: 8.016 sec / Speedup: 1.000 / Efficiency: 100% / LogL: -97203
Threads: 2 / Time: 8.560 sec / Speedup: 0.936 / Efficiency: 47% / LogL: -97203
Determining AUTO threadcount: done in 16.5758 secs using 108.3% CPU
BEST NUMBER OF THREADS: 1

Estimate model parameters (epsilon = 0.100)
1. Initial log-likelihood: -88842.154
Optimal log-likelihood: -88363.780
Rate parameters:  A-C: 1.00000  A-G: 1.00000  A-T: 1.00000  C-G: 1.00000  C-T: 1.00000  G-T: 1.00000
Base frequencies:  A: 0.250  C: 0.250  G: 0.250  T: 0.250
Parameters optimization took 1 rounds (0.016 sec)
Wrote distance file to... 
Computing ML distances based on estimated model parameters...
Calculating distance matrix: done in 0.00133801 secs using 99.33% CPU
Computing ML distances took 0.001476 sec (of wall-clock time) 0.001456 sec (of CPU time)
WARNING: Some pairwise ML distances are too long (saturated)
Setting up auxiliary I and S matrices: done in 2.40803e-05 secs using 70.6% CPU
Constructing RapidNJ tree: done in 4.50611e-05 secs using 157.6% CPU
Computing RapidNJ tree took 0.000092 sec (of wall-clock time) 0.000110 sec (of CPU time)
Log-likelihood of RapidNJ tree: -90084.351
--------------------------------------------------------------------
|             INITIALIZING CANDIDATE TREE SET                      |
--------------------------------------------------------------------
Generating 98 parsimony trees... 0.278 second
Computing log-likelihood of 98 initial trees ... 0.250 seconds
Current best score: -88363.780

Do NNI search on 20 best initial trees
Estimate model parameters (epsilon = 0.100)
BETTER TREE FOUND at iteration 1: -88344.584
Estimate model parameters (epsilon = 0.100)
BETTER TREE FOUND at iteration 2: -88268.813
Estimate model parameters (epsilon = 0.100)
BETTER TREE FOUND at iteration 3: -88218.662
Iteration 10 / LogL: -88414.052 / Time: 0h:0m:17s
Iteration 20 / LogL: -88634.864 / Time: 0h:0m:17s
Finish initializing candidate tree set (17)
Current best tree score: -88218.662 / CPU time: 1.136
Number of iterations: 20
--------------------------------------------------------------------
|               OPTIMIZING CANDIDATE TREE SET                      |
--------------------------------------------------------------------
Iteration 30 / LogL: -88396.521 / Time: 0h:0m:18s (0h:0m:45s left)
Estimate model parameters (epsilon = 0.100)
BETTER TREE FOUND at iteration 34: -88215.296
Iteration 40 / LogL: -88219.889 / Time: 0h:0m:18s (0h:0m:44s left)
Iteration 50 / LogL: -88223.269 / Time: 0h:0m:19s (0h:0m:32s left)
Iteration 60 / LogL: -88220.913 / Time: 0h:0m:19s (0h:0m:24s left)
Iteration 70 / LogL: -88220.679 / Time: 0h:0m:20s (0h:0m:18s left)
Iteration 80 / LogL: -88215.525 / Time: 0h:0m:20s (0h:0m:14s left)
Iteration 90 / LogL: -88216.059 / Time: 0h:0m:21s (0h:0m:10s left)
Iteration 100 / LogL: -88222.390 / Time: 0h:0m:21s (0h:0m:7s left)
Iteration 110 / LogL: -88216.506 / Time: 0h:0m:21s (0h:0m:4s left)
Iteration 120 / LogL: -88221.311 / Time: 0h:0m:22s (0h:0m:2s left)
Iteration 130 / LogL: -88216.892 / Time: 0h:0m:22s (0h:0m:0s left)
TREE SEARCH COMPLETED AFTER 135 ITERATIONS / Time: 0h:0m:23s

--------------------------------------------------------------------
|                    FINALIZING TREE SEARCH                        |
--------------------------------------------------------------------
Performs final model parameters optimization
Estimate model parameters (epsilon = 0.010)
1. Initial log-likelihood: -88215.296
Optimal log-likelihood: -88215.295
Rate parameters:  A-C: 1.00000  A-G: 1.00000  A-T: 1.00000  C-G: 1.00000  C-T: 1.00000  G-T: 1.00000
Base frequencies:  A: 0.250  C: 0.250  G: 0.250  T: 0.250
Parameters optimization took 1 rounds (0.003 sec)
BEST SCORE FOUND : -88215.295
Total tree length: 16.460

Total number of iterations: 135
CPU time used for tree search: 6.482 sec (0h:0m:6s)
Wall-clock time used for tree search: 6.495 sec (0h:0m:6s)
Total CPU time used: 24.485 sec (0h:0m:24s)
Total wall-clock time used: 23.122 sec (0h:0m:23s)

Analysis results written to: 
  IQ-TREE report:                exp_baseline/m50_sel500_rep4/iqtree_out.iqtree
  Maximum-likelihood tree:       exp_baseline/m50_sel500_rep4/iqtree_out.treefile
  Likelihood distances:          exp_baseline/m50_sel500_rep4/iqtree_out.mldist
  Screen log file:               exp_baseline/m50_sel500_rep4/iqtree_out.log

Date and Time: Tue May 12 14:58:27 2026
