IQ-TREE version 3.1.1 for MacOS ARM 64-bit built Apr  8 2026
Developed by Bui Quang Minh, Thomas Wong, Nhan Ly-Trong, Huaiyan Ren
Contributed by Lam-Tung Nguyen, Dominik Schrempf, Chris Bielow,
Olga Chernomor, Michael Woodhams, Diep Thi Hoang, Heiko Schmidt

Host:    Noutbuk-maria.local (SSE4.2, 16 GB RAM)
Command: iqtree -s exp_baseline/m50_sel50_rep1/combined.fasta -m JC -nt AUTO -pre exp_baseline/m50_sel50_rep1/iqtree_out -seed 55142 -redo
Seed:    55142 (Using SPRNG - Scalable Parallel Random Number Generator)
Time:    Tue May 12 14:51:32 2026
Kernel:  SSE2 - auto-detect threads (8 CPU cores detected)

Reading alignment file exp_baseline/m50_sel50_rep1/combined.fasta ... Fasta format detected
Reading fasta file: done in 0.000490904 secs using 91.06% CPU
Alignment most likely contains DNA/RNA sequences
Constructing alignment: done in 0.000955105 secs using 57.79% CPU
Alignment has 30 sequences with 2050 columns, 2013 distinct patterns
2048 parsimony-informative, 0 singleton sites, 2 constant sites
          Gap/Ambiguity  Composition  p-value
Analyzing sequences: done in 5.29289e-05 secs using 213.5% CPU
   1  taxon_1     0.00%    passed     50.71%
   2  taxon_2     0.00%    passed     17.55%
   3  taxon_3     0.00%    passed     64.81%
   4  taxon_4     0.00%    failed      3.89%
   5  taxon_5     0.00%    passed     53.24%
   6  taxon_6     0.00%    passed     74.96%
   7  taxon_7     0.00%    failed      2.13%
   8  taxon_8     0.00%    failed      2.06%
   9  taxon_9     0.00%    passed     84.34%
  10  taxon_10    0.00%    passed     47.66%
  11  taxon_11    0.00%    passed     33.29%
  12  taxon_12    0.00%    passed     32.69%
  13  taxon_13    0.00%    passed     65.52%
  14  taxon_14    0.00%    passed     22.91%
  15  taxon_15    0.00%    passed     44.65%
  16  taxon_16    0.00%    passed     72.79%
  17  taxon_17    0.00%    passed     51.74%
  18  taxon_18    0.00%    passed     62.71%
  19  taxon_19    0.00%    passed     80.83%
  20  taxon_20    0.00%    passed     16.18%
  21  taxon_21    0.00%    passed     43.90%
  22  taxon_22    0.00%    passed     99.02%
  23  taxon_23    0.00%    passed     45.19%
  24  taxon_24    0.00%    passed     47.58%
  25  taxon_25    0.00%    passed     92.03%
  26  taxon_26    0.00%    passed     47.93%
  27  taxon_27    0.00%    passed     64.34%
  28  taxon_28    0.00%    passed     23.64%
  29  taxon_29    0.00%    passed     92.48%
  30  taxon_30    0.00%    passed     20.37%
****  TOTAL       0.00%  3 sequences failed composition chi2 test (p-value<5%; df=3)
Checking for duplicate sequences: done in 0.000128031 secs using 92.17% CPU

Create initial parsimony tree by phylogenetic likelihood library (PLL)... 0.002 seconds

NOTE: 1 MB RAM (0 GB) is required!
Measuring multi-threading efficiency up to 8 CPU cores
Increase to 10 rounds for branch lengths
374 trees examined
Threads: 1 / Time: 8.016 sec / Speedup: 1.000 / Efficiency: 100% / LogL: -81942
Threads: 2 / Time: 8.883 sec / Speedup: 0.902 / Efficiency: 45% / LogL: -81942
Determining AUTO threadcount: done in 16.899 secs using 107.1% CPU
BEST NUMBER OF THREADS: 1

Estimate model parameters (epsilon = 0.100)
1. Initial log-likelihood: -78959.748
Optimal log-likelihood: -78286.112
Rate parameters:  A-C: 1.00000  A-G: 1.00000  A-T: 1.00000  C-G: 1.00000  C-T: 1.00000  G-T: 1.00000
Base frequencies:  A: 0.250  C: 0.250  G: 0.250  T: 0.250
Parameters optimization took 1 rounds (0.017 sec)
Wrote distance file to... 
Computing ML distances based on estimated model parameters...
Calculating distance matrix: done in 0.00138593 secs using 98.56% CPU
Computing ML distances took 0.001530 sec (of wall-clock time) 0.001499 sec (of CPU time)
WARNING: Some pairwise ML distances are too long (saturated)
Setting up auxiliary I and S matrices: done in 2.47955e-05 secs using 72.59% CPU
Constructing RapidNJ tree: done in 4.98295e-05 secs using 156.5% CPU
Computing RapidNJ tree took 0.000102 sec (of wall-clock time) 0.000116 sec (of CPU time)
Log-likelihood of RapidNJ tree: -78337.246
--------------------------------------------------------------------
|             INITIALIZING CANDIDATE TREE SET                      |
--------------------------------------------------------------------
Generating 98 parsimony trees... 0.292 second
Computing log-likelihood of 98 initial trees ... 0.246 seconds
Current best score: -78286.112

Do NNI search on 20 best initial trees
Estimate model parameters (epsilon = 0.100)
BETTER TREE FOUND at iteration 1: -78278.589
Estimate model parameters (epsilon = 0.100)
BETTER TREE FOUND at iteration 2: -78260.096
Iteration 10 / LogL: -78291.933 / Time: 0h:0m:18s
Iteration 20 / LogL: -78286.251 / Time: 0h:0m:18s
Finish initializing candidate tree set (19)
Current best tree score: -78260.096 / CPU time: 1.583
Number of iterations: 20
--------------------------------------------------------------------
|               OPTIMIZING CANDIDATE TREE SET                      |
--------------------------------------------------------------------
Iteration 30 / LogL: -78265.141 / Time: 0h:0m:19s (0h:0m:47s left)
Iteration 40 / LogL: -78284.540 / Time: 0h:0m:19s (0h:0m:31s left)
Iteration 50 / LogL: -78279.757 / Time: 0h:0m:20s (0h:0m:21s left)
Estimate model parameters (epsilon = 0.100)
BETTER TREE FOUND at iteration 57: -78244.366
Iteration 60 / LogL: -78260.789 / Time: 0h:0m:21s (0h:0m:35s left)
Iteration 70 / LogL: -78247.923 / Time: 0h:0m:22s (0h:0m:28s left)
Iteration 80 / LogL: -78261.556 / Time: 0h:0m:22s (0h:0m:22s left)
Iteration 90 / LogL: -78247.873 / Time: 0h:0m:23s (0h:0m:17s left)
Iteration 100 / LogL: -78246.858 / Time: 0h:0m:24s (0h:0m:14s left)
Iteration 110 / LogL: -78247.929 / Time: 0h:0m:25s (0h:0m:10s left)
Iteration 120 / LogL: -78247.024 / Time: 0h:0m:25s (0h:0m:7s left)
Iteration 130 / LogL: -78309.532 / Time: 0h:0m:26s (0h:0m:5s left)
Iteration 140 / LogL: -78245.067 / Time: 0h:0m:27s (0h:0m:3s left)
Iteration 150 / LogL: -78244.637 / Time: 0h:0m:27s (0h:0m:1s left)
TREE SEARCH COMPLETED AFTER 158 ITERATIONS / Time: 0h:0m:28s

--------------------------------------------------------------------
|                    FINALIZING TREE SEARCH                        |
--------------------------------------------------------------------
Performs final model parameters optimization
Estimate model parameters (epsilon = 0.010)
1. Initial log-likelihood: -78244.366
Optimal log-likelihood: -78244.163
Rate parameters:  A-C: 1.00000  A-G: 1.00000  A-T: 1.00000  C-G: 1.00000  C-T: 1.00000  G-T: 1.00000
Base frequencies:  A: 0.250  C: 0.250  G: 0.250  T: 0.250
Parameters optimization took 1 rounds (0.011 sec)
BEST SCORE FOUND : -78244.163
Total tree length: 26.297

Total number of iterations: 158
CPU time used for tree search: 11.518 sec (0h:0m:11s)
Wall-clock time used for tree search: 11.553 sec (0h:0m:11s)
Total CPU time used: 29.693 sec (0h:0m:29s)
Total wall-clock time used: 28.538 sec (0h:0m:28s)

Analysis results written to: 
  IQ-TREE report:                exp_baseline/m50_sel50_rep1/iqtree_out.iqtree
  Maximum-likelihood tree:       exp_baseline/m50_sel50_rep1/iqtree_out.treefile
  Likelihood distances:          exp_baseline/m50_sel50_rep1/iqtree_out.mldist
  Screen log file:               exp_baseline/m50_sel50_rep1/iqtree_out.log

Date and Time: Tue May 12 14:52:01 2026
