IQ-TREE version 3.1.1 for MacOS ARM 64-bit built Apr  8 2026
Developed by Bui Quang Minh, Thomas Wong, Nhan Ly-Trong, Huaiyan Ren
Contributed by Lam-Tung Nguyen, Dominik Schrempf, Chris Bielow,
Olga Chernomor, Michael Woodhams, Diep Thi Hoang, Heiko Schmidt

Host:    Noutbuk-maria.local (SSE4.2, 16 GB RAM)
Command: iqtree -s exp_baseline/m10_sel50_rep4/combined.fasta -m JC -nt AUTO -pre exp_baseline/m10_sel50_rep4/iqtree_out -seed 51442 -redo
Seed:    51442 (Using SPRNG - Scalable Parallel Random Number Generator)
Time:    Tue May 12 14:29:14 2026
Kernel:  SSE2 - auto-detect threads (8 CPU cores detected)

Reading alignment file exp_baseline/m10_sel50_rep4/combined.fasta ... Fasta format detected
Reading fasta file: done in 0.000491858 secs using 90.27% CPU
Alignment most likely contains DNA/RNA sequences
Constructing alignment: done in 0.000968933 secs using 58.21% CPU
Alignment has 30 sequences with 2050 columns, 2015 distinct patterns
2044 parsimony-informative, 0 singleton sites, 6 constant sites
          Gap/Ambiguity  Composition  p-value
Analyzing sequences: done in 4.69685e-05 secs using 272.5% CPU
   1  taxon_1     0.00%    passed      6.07%
   2  taxon_2     0.00%    passed     26.51%
   3  taxon_3     0.00%    passed     60.71%
   4  taxon_4     0.00%    passed     97.59%
   5  taxon_5     0.00%    passed     77.36%
   6  taxon_6     0.00%    passed      5.80%
   7  taxon_7     0.00%    passed     65.66%
   8  taxon_8     0.00%    passed     65.29%
   9  taxon_9     0.00%    passed     24.74%
  10  taxon_10    0.00%    passed     56.90%
  11  taxon_11    0.00%    passed     38.80%
  12  taxon_12    0.00%    passed     46.49%
  13  taxon_13    0.00%    passed     33.98%
  14  taxon_14    0.00%    passed     84.63%
  15  taxon_15    0.00%    passed     71.08%
  16  taxon_16    0.00%    passed     72.82%
  17  taxon_17    0.00%    passed     10.67%
  18  taxon_18    0.00%    passed     34.59%
  19  taxon_19    0.00%    passed     57.48%
  20  taxon_20    0.00%    passed     48.76%
  21  taxon_21    0.00%    failed      3.65%
  22  taxon_22    0.00%    passed     40.99%
  23  taxon_23    0.00%    passed     46.90%
  24  taxon_24    0.00%    passed     34.28%
  25  taxon_25    0.00%    passed     84.09%
  26  taxon_26    0.00%    passed     72.20%
  27  taxon_27    0.00%    passed     81.43%
  28  taxon_28    0.00%    passed      5.05%
  29  taxon_29    0.00%    passed      9.25%
  30  taxon_30    0.00%    passed     12.39%
****  TOTAL       0.00%  1 sequences failed composition chi2 test (p-value<5%; df=3)
Checking for duplicate sequences: done in 0.000133038 secs using 91.7% CPU

Create initial parsimony tree by phylogenetic likelihood library (PLL)... 0.002 seconds

NOTE: 1 MB RAM (0 GB) is required!
Measuring multi-threading efficiency up to 8 CPU cores
Increase to 10 rounds for branch lengths
376 trees examined
Threads: 1 / Time: 8.009 sec / Speedup: 1.000 / Efficiency: 100% / LogL: -80829
Threads: 2 / Time: 8.846 sec / Speedup: 0.905 / Efficiency: 45% / LogL: -80829
Determining AUTO threadcount: done in 16.8548 secs using 107.3% CPU
BEST NUMBER OF THREADS: 1

Estimate model parameters (epsilon = 0.100)
1. Initial log-likelihood: -74746.449
Optimal log-likelihood: -74121.871
Rate parameters:  A-C: 1.00000  A-G: 1.00000  A-T: 1.00000  C-G: 1.00000  C-T: 1.00000  G-T: 1.00000
Base frequencies:  A: 0.250  C: 0.250  G: 0.250  T: 0.250
Parameters optimization took 1 rounds (0.016 sec)
Wrote distance file to... 
Computing ML distances based on estimated model parameters...
Calculating distance matrix: done in 0.00140905 secs using 99.07% CPU
Computing ML distances took 0.001550 sec (of wall-clock time) 0.001528 sec (of CPU time)
WARNING: Some pairwise ML distances are too long (saturated)
Setting up auxiliary I and S matrices: done in 2.28882e-05 secs using 83.01% CPU
Constructing RapidNJ tree: done in 5.19753e-05 secs using 169.3% CPU
Computing RapidNJ tree took 0.000100 sec (of wall-clock time) 0.000129 sec (of CPU time)
Log-likelihood of RapidNJ tree: -74320.484
--------------------------------------------------------------------
|             INITIALIZING CANDIDATE TREE SET                      |
--------------------------------------------------------------------
Generating 98 parsimony trees... 0.288 second
Computing log-likelihood of 98 initial trees ... 0.255 seconds
Current best score: -74121.871

Do NNI search on 20 best initial trees
Estimate model parameters (epsilon = 0.100)
BETTER TREE FOUND at iteration 1: -74083.398
Estimate model parameters (epsilon = 0.100)
BETTER TREE FOUND at iteration 2: -74079.729
Estimate model parameters (epsilon = 0.100)
BETTER TREE FOUND at iteration 3: -74079.258
Iteration 10 / LogL: -74085.688 / Time: 0h:0m:18s
Estimate model parameters (epsilon = 0.100)
BETTER TREE FOUND at iteration 13: -74078.663
Iteration 20 / LogL: -74084.921 / Time: 0h:0m:18s
Finish initializing candidate tree set (13)
Current best tree score: -74078.663 / CPU time: 1.790
Number of iterations: 20
--------------------------------------------------------------------
|               OPTIMIZING CANDIDATE TREE SET                      |
--------------------------------------------------------------------
Estimate model parameters (epsilon = 0.100)
BETTER TREE FOUND at iteration 22: -74077.820
Estimate model parameters (epsilon = 0.100)
UPDATE BEST LOG-LIKELIHOOD: -74077.432
Iteration 30 / LogL: -74083.571 / Time: 0h:0m:19s (0h:1m:1s left)
Iteration 40 / LogL: -74081.955 / Time: 0h:0m:19s (0h:0m:42s left)
Iteration 50 / LogL: -74079.346 / Time: 0h:0m:20s (0h:0m:30s left)
Iteration 60 / LogL: -74077.772 / Time: 0h:0m:21s (0h:0m:22s left)
Iteration 70 / LogL: -74077.444 / Time: 0h:0m:21s (0h:0m:16s left)
Iteration 80 / LogL: -74077.582 / Time: 0h:0m:22s (0h:0m:11s left)
Iteration 90 / LogL: -74080.296 / Time: 0h:0m:23s (0h:0m:8s left)
Iteration 100 / LogL: -74085.718 / Time: 0h:0m:23s (0h:0m:5s left)
Iteration 110 / LogL: -74082.829 / Time: 0h:0m:24s (0h:0m:2s left)
Iteration 120 / LogL: -74077.498 / Time: 0h:0m:24s (0h:0m:0s left)
TREE SEARCH COMPLETED AFTER 123 ITERATIONS / Time: 0h:0m:24s

--------------------------------------------------------------------
|                    FINALIZING TREE SEARCH                        |
--------------------------------------------------------------------
Performs final model parameters optimization
Estimate model parameters (epsilon = 0.010)
1. Initial log-likelihood: -74077.432
Optimal log-likelihood: -74077.429
Rate parameters:  A-C: 1.00000  A-G: 1.00000  A-T: 1.00000  C-G: 1.00000  C-T: 1.00000  G-T: 1.00000
Base frequencies:  A: 0.250  C: 0.250  G: 0.250  T: 0.250
Parameters optimization took 1 rounds (0.003 sec)
BEST SCORE FOUND : -74077.429
Total tree length: 22.670

Total number of iterations: 123
CPU time used for tree search: 7.930 sec (0h:0m:7s)
Wall-clock time used for tree search: 7.966 sec (0h:0m:7s)
Total CPU time used: 26.137 sec (0h:0m:26s)
Total wall-clock time used: 24.948 sec (0h:0m:24s)

Analysis results written to: 
  IQ-TREE report:                exp_baseline/m10_sel50_rep4/iqtree_out.iqtree
  Maximum-likelihood tree:       exp_baseline/m10_sel50_rep4/iqtree_out.treefile
  Likelihood distances:          exp_baseline/m10_sel50_rep4/iqtree_out.mldist
  Screen log file:               exp_baseline/m10_sel50_rep4/iqtree_out.log

Date and Time: Tue May 12 14:29:39 2026
