IQ-TREE version 3.1.1 for MacOS ARM 64-bit built Apr  8 2026
Developed by Bui Quang Minh, Thomas Wong, Nhan Ly-Trong, Huaiyan Ren
Contributed by Lam-Tung Nguyen, Dominik Schrempf, Chris Bielow,
Olga Chernomor, Michael Woodhams, Diep Thi Hoang, Heiko Schmidt

Host:    Noutbuk-maria.local (SSE4.2, 16 GB RAM)
Command: iqtree -s exp_stable_0.001/m0_sel2_rep6/neutral.fasta -m JC -nt AUTO -pre exp_stable_0.001/m0_sel2_rep6/iqtree_out -seed 3342 -redo
Seed:    3342 (Using SPRNG - Scalable Parallel Random Number Generator)
Time:    Mon May 18 23:21:43 2026
Kernel:  SSE2 - auto-detect threads (8 CPU cores detected)

Reading alignment file exp_stable_0.001/m0_sel2_rep6/neutral.fasta ... Fasta format detected
Reading fasta file: done in 0.00120997 secs using 89.09% CPU
Alignment most likely contains DNA/RNA sequences
Constructing alignment: done in 0.00159001 secs using 62.7% CPU
Alignment has 50 sequences with 3000 columns, 2965 distinct patterns
2726 parsimony-informative, 247 singleton sites, 26 constant sites
          Gap/Ambiguity  Composition  p-value
Analyzing sequences: done in 0.000121832 secs using 287.3% CPU
   1  taxon_1     0.00%    passed     78.94%
   2  taxon_2     0.00%    passed     92.36%
   3  taxon_3     0.00%    passed     58.23%
   4  taxon_4     0.00%    passed     72.26%
   5  taxon_5     0.00%    passed     30.71%
   6  taxon_6     0.00%    passed     93.16%
   7  taxon_7     0.00%    passed     51.34%
   8  taxon_8     0.00%    passed     79.18%
   9  taxon_9     0.00%    passed     87.44%
  10  taxon_10    0.00%    passed     87.89%
  11  taxon_11    0.00%    passed     95.60%
  12  taxon_12    0.00%    passed     74.26%
  13  taxon_13    0.00%    passed     74.75%
  14  taxon_14    0.00%    passed     59.82%
  15  taxon_15    0.00%    passed     86.85%
  16  taxon_16    0.00%    passed     70.52%
  17  taxon_17    0.00%    passed     87.78%
  18  taxon_18    0.00%    passed     72.92%
  19  taxon_19    0.00%    passed     30.85%
  20  taxon_20    0.00%    passed      6.61%
  21  taxon_21    0.00%    passed     17.04%
  22  taxon_22    0.00%    passed     79.82%
  23  taxon_23    0.00%    passed     93.29%
  24  taxon_24    0.00%    passed     77.15%
  25  taxon_25    0.00%    passed     96.97%
  26  taxon_26    0.00%    passed     44.17%
  27  taxon_27    0.00%    passed     60.78%
  28  taxon_28    0.00%    passed     86.52%
  29  taxon_29    0.00%    passed     74.62%
  30  taxon_30    0.00%    passed     85.34%
  31  taxon_31    0.00%    passed     92.10%
  32  taxon_32    0.00%    passed     99.32%
  33  taxon_33    0.00%    passed     93.58%
  34  taxon_34    0.00%    passed     96.51%
  35  taxon_35    0.00%    passed     84.48%
  36  taxon_36    0.00%    passed     86.83%
  37  taxon_37    0.00%    passed     79.93%
  38  taxon_38    0.00%    passed     66.01%
  39  taxon_39    0.00%    passed     54.46%
  40  taxon_40    0.00%    passed     77.85%
  41  taxon_41    0.00%    passed     92.88%
  42  taxon_42    0.00%    passed     81.98%
  43  taxon_43    0.00%    passed     88.82%
  44  taxon_44    0.00%    passed     91.79%
  45  taxon_45    0.00%    passed     72.83%
  46  taxon_46    0.00%    passed     98.63%
  47  taxon_47    0.00%    passed     31.06%
  48  taxon_48    0.00%    passed     43.43%
  49  taxon_49    0.00%    passed     19.17%
  50  taxon_50    0.00%    passed     57.13%
****  TOTAL       0.00%  0 sequences failed composition chi2 test (p-value<5%; df=3)
Checking for duplicate sequences: done in 0.000288963 secs using 93.09% CPU

Create initial parsimony tree by phylogenetic likelihood library (PLL)... 0.004 seconds

NOTE: 4 MB RAM (0 GB) is required!
Measuring multi-threading efficiency up to 8 CPU cores
Increase to 10 rounds for branch lengths
190 trees examined
Threads: 1 / Time: 8.011 sec / Speedup: 1.000 / Efficiency: 100% / LogL: -109068
Threads: 2 / Time: 7.244 sec / Speedup: 1.106 / Efficiency: 55% / LogL: -109068
Threads: 3 / Time: 6.758 sec / Speedup: 1.185 / Efficiency: 40% / LogL: -109068
Determining AUTO threadcount: done in 22.0128 secs using 124.8% CPU
BEST NUMBER OF THREADS: 2

Estimate model parameters (epsilon = 0.100)
1. Initial log-likelihood: -67192.474
Optimal log-likelihood: -67147.421
Rate parameters:  A-C: 1.00000  A-G: 1.00000  A-T: 1.00000  C-G: 1.00000  C-T: 1.00000  G-T: 1.00000
Base frequencies:  A: 0.250  C: 0.250  G: 0.250  T: 0.250
Parameters optimization took 1 rounds (0.012 sec)
Wrote distance file to... 
Computing ML distances based on estimated model parameters...
Calculating distance matrix: done in 0.00333405 secs using 177.7% CPU
Computing ML distances took 0.003589 sec (of wall-clock time) 0.006320 sec (of CPU time)
Setting up auxiliary I and S matrices: done in 4.1008e-05 secs using 151.2% CPU
Constructing RapidNJ tree: done in 0.000805855 secs using 82.65% CPU
Computing RapidNJ tree took 0.000869 sec (of wall-clock time) 0.000746 sec (of CPU time)
Log-likelihood of RapidNJ tree: -67168.021
--------------------------------------------------------------------
|             INITIALIZING CANDIDATE TREE SET                      |
--------------------------------------------------------------------
Generating 98 parsimony trees... 0.426 second
Computing log-likelihood of 98 initial trees ... 0.599 seconds
Current best score: -67147.421

Do NNI search on 20 best initial trees
Estimate model parameters (epsilon = 0.100)
BETTER TREE FOUND at iteration 1: -67147.402
UPDATE BEST LOG-LIKELIHOOD: -67147.400
Iteration 10 / LogL: -67147.662 / Time: 0h:0m:23s
Iteration 20 / LogL: -67148.656 / Time: 0h:0m:24s
Finish initializing candidate tree set (1)
Current best tree score: -67147.400 / CPU time: 2.331
Number of iterations: 20
--------------------------------------------------------------------
|               OPTIMIZING CANDIDATE TREE SET                      |
--------------------------------------------------------------------
Iteration 30 / LogL: -67147.412 / Time: 0h:0m:25s (0h:1m:2s left)
Iteration 40 / LogL: -67147.480 / Time: 0h:0m:26s (0h:0m:41s left)
UPDATE BEST LOG-LIKELIHOOD: -67147.400
Iteration 50 / LogL: -67147.414 / Time: 0h:0m:27s (0h:0m:28s left)
UPDATE BEST LOG-LIKELIHOOD: -67147.400
Iteration 60 / LogL: -67147.589 / Time: 0h:0m:28s (0h:0m:19s left)
Iteration 70 / LogL: -67148.040 / Time: 0h:0m:29s (0h:0m:13s left)
Iteration 80 / LogL: -67147.400 / Time: 0h:0m:30s (0h:0m:8s left)
Iteration 90 / LogL: -67147.405 / Time: 0h:0m:31s (0h:0m:3s left)
Iteration 100 / LogL: -67147.400 / Time: 0h:0m:32s (0h:0m:0s left)
TREE SEARCH COMPLETED AFTER 102 ITERATIONS / Time: 0h:0m:32s

--------------------------------------------------------------------
|                    FINALIZING TREE SEARCH                        |
--------------------------------------------------------------------
Performs final model parameters optimization
Estimate model parameters (epsilon = 0.010)
1. Initial log-likelihood: -67147.400
Optimal log-likelihood: -67147.400
Rate parameters:  A-C: 1.00000  A-G: 1.00000  A-T: 1.00000  C-G: 1.00000  C-T: 1.00000  G-T: 1.00000
Base frequencies:  A: 0.250  C: 0.250  G: 0.250  T: 0.250
Parameters optimization took 1 rounds (0.006 sec)
BEST SCORE FOUND : -67147.400
Total tree length: 4.600

Total number of iterations: 102
CPU time used for tree search: 12.511 sec (0h:0m:12s)
Wall-clock time used for tree search: 10.322 sec (0h:0m:10s)
Total CPU time used: 40.043 sec (0h:0m:40s)
Total wall-clock time used: 32.386 sec (0h:0m:32s)

Analysis results written to: 
  IQ-TREE report:                exp_stable_0.001/m0_sel2_rep6/iqtree_out.iqtree
  Maximum-likelihood tree:       exp_stable_0.001/m0_sel2_rep6/iqtree_out.treefile
  Likelihood distances:          exp_stable_0.001/m0_sel2_rep6/iqtree_out.mldist
  Screen log file:               exp_stable_0.001/m0_sel2_rep6/iqtree_out.log

Date and Time: Mon May 18 23:22:15 2026
