IQ-TREE version 3.1.1 for MacOS ARM 64-bit built Apr  8 2026
Developed by Bui Quang Minh, Thomas Wong, Nhan Ly-Trong, Huaiyan Ren
Contributed by Lam-Tung Nguyen, Dominik Schrempf, Chris Bielow,
Olga Chernomor, Michael Woodhams, Diep Thi Hoang, Heiko Schmidt

Host:    Noutbuk-maria.local (SSE4.2, 16 GB RAM)
Command: iqtree -s exp_baseline/m1_sel0_rep4/combined.fasta -m JC -nt AUTO -pre exp_baseline/m1_sel0_rep4/iqtree_out -seed 542 -redo
Seed:    542 (Using SPRNG - Scalable Parallel Random Number Generator)
Time:    Tue May 12 13:50:21 2026
Kernel:  SSE2 - auto-detect threads (8 CPU cores detected)

Reading alignment file exp_baseline/m1_sel0_rep4/combined.fasta ... Fasta format detected
Reading fasta file: done in 0.000488997 secs using 90.8% CPU
NOTE: Change sequence name 'taxon 1' -> taxon_1
NOTE: Change sequence name 'taxon 2' -> taxon_2
NOTE: Change sequence name 'taxon 3' -> taxon_3
NOTE: Change sequence name 'taxon 4' -> taxon_4
NOTE: Change sequence name 'taxon 5' -> taxon_5
NOTE: Change sequence name 'taxon 6' -> taxon_6
NOTE: Change sequence name 'taxon 7' -> taxon_7
NOTE: Change sequence name 'taxon 8' -> taxon_8
NOTE: Change sequence name 'taxon 9' -> taxon_9
NOTE: Change sequence name 'taxon 10' -> taxon_10
NOTE: Change sequence name 'taxon 11' -> taxon_11
NOTE: Change sequence name 'taxon 12' -> taxon_12
NOTE: Change sequence name 'taxon 13' -> taxon_13
NOTE: Change sequence name 'taxon 14' -> taxon_14
NOTE: Change sequence name 'taxon 15' -> taxon_15
NOTE: Change sequence name 'taxon 16' -> taxon_16
NOTE: Change sequence name 'taxon 17' -> taxon_17
NOTE: Change sequence name 'taxon 18' -> taxon_18
NOTE: Change sequence name 'taxon 19' -> taxon_19
NOTE: Change sequence name 'taxon 20' -> taxon_20
NOTE: Change sequence name 'taxon 21' -> taxon_21
NOTE: Change sequence name 'taxon 22' -> taxon_22
NOTE: Change sequence name 'taxon 23' -> taxon_23
NOTE: Change sequence name 'taxon 24' -> taxon_24
NOTE: Change sequence name 'taxon 25' -> taxon_25
NOTE: Change sequence name 'taxon 26' -> taxon_26
NOTE: Change sequence name 'taxon 27' -> taxon_27
NOTE: Change sequence name 'taxon 28' -> taxon_28
NOTE: Change sequence name 'taxon 29' -> taxon_29
NOTE: Change sequence name 'taxon 30' -> taxon_30
Alignment most likely contains DNA/RNA sequences
Constructing alignment: done in 0.000939846 secs using 57.99% CPU
Alignment has 30 sequences with 2000 columns, 2000 distinct patterns
2000 parsimony-informative, 0 singleton sites, 0 constant sites
          Gap/Ambiguity  Composition  p-value
Analyzing sequences: done in 4.1008e-05 secs using 290.2% CPU
   1  taxon_1     0.00%    passed     12.03%
   2  taxon_2     0.00%    passed     76.38%
   3  taxon_3     0.00%    passed     18.14%
   4  taxon_4     0.00%    passed     43.00%
   5  taxon_5     0.00%    passed     13.07%
   6  taxon_6     0.00%    passed     75.99%
   7  taxon_7     0.00%    passed     39.19%
   8  taxon_8     0.00%    passed     99.52%
   9  taxon_9     0.00%    passed     64.74%
  10  taxon_10    0.00%    passed     87.84%
  11  taxon_11    0.00%    passed     17.21%
  12  taxon_12    0.00%    passed     77.05%
  13  taxon_13    0.00%    passed     82.76%
  14  taxon_14    0.00%    passed     24.69%
  15  taxon_15    0.00%    passed     68.78%
  16  taxon_16    0.00%    passed     96.57%
  17  taxon_17    0.00%    passed     93.14%
  18  taxon_18    0.00%    passed     94.41%
  19  taxon_19    0.00%    passed     91.73%
  20  taxon_20    0.00%    passed     76.20%
  21  taxon_21    0.00%    passed     97.05%
  22  taxon_22    0.00%    passed     86.36%
  23  taxon_23    0.00%    passed     23.32%
  24  taxon_24    0.00%    passed     80.39%
  25  taxon_25    0.00%    passed     11.42%
  26  taxon_26    0.00%    passed     38.90%
  27  taxon_27    0.00%    passed     91.14%
  28  taxon_28    0.00%    passed     55.50%
  29  taxon_29    0.00%    passed     21.59%
  30  taxon_30    0.00%    passed     62.27%
****  TOTAL       0.00%  0 sequences failed composition chi2 test (p-value<5%; df=3)
Checking for duplicate sequences: done in 0.000128984 secs using 90.71% CPU

Create initial parsimony tree by phylogenetic likelihood library (PLL)... 0.002 seconds

NOTE: 1 MB RAM (0 GB) is required!
Measuring multi-threading efficiency up to 8 CPU cores
Increase to 10 rounds for branch lengths
378 trees examined
Threads: 1 / Time: 8.014 sec / Speedup: 1.000 / Efficiency: 100% / LogL: -80681
Threads: 2 / Time: 8.877 sec / Speedup: 0.903 / Efficiency: 45% / LogL: -80681
Determining AUTO threadcount: done in 16.8914 secs using 107.3% CPU
BEST NUMBER OF THREADS: 1

Estimate model parameters (epsilon = 0.100)
1. Initial log-likelihood: -75873.405
Optimal log-likelihood: -75211.559
Rate parameters:  A-C: 1.00000  A-G: 1.00000  A-T: 1.00000  C-G: 1.00000  C-T: 1.00000  G-T: 1.00000
Base frequencies:  A: 0.250  C: 0.250  G: 0.250  T: 0.250
Parameters optimization took 1 rounds (0.022 sec)
Wrote distance file to... 
Computing ML distances based on estimated model parameters...
Calculating distance matrix: done in 0.00120997 secs using 99.26% CPU
Computing ML distances took 0.001343 sec (of wall-clock time) 0.001328 sec (of CPU time)
WARNING: Some pairwise ML distances are too long (saturated)
Setting up auxiliary I and S matrices: done in 2.38419e-05 secs using 75.5% CPU
Constructing RapidNJ tree: done in 5.07832e-05 secs using 163.4% CPU
Computing RapidNJ tree took 0.000102 sec (of wall-clock time) 0.000126 sec (of CPU time)
Log-likelihood of RapidNJ tree: -75318.004
--------------------------------------------------------------------
|             INITIALIZING CANDIDATE TREE SET                      |
--------------------------------------------------------------------
Generating 98 parsimony trees... 0.277 second
Computing log-likelihood of 98 initial trees ... 0.259 seconds
Current best score: -75211.559

Do NNI search on 20 best initial trees
Estimate model parameters (epsilon = 0.100)
BETTER TREE FOUND at iteration 1: -75164.415
Estimate model parameters (epsilon = 0.100)
BETTER TREE FOUND at iteration 4: -75164.020
Iteration 10 / LogL: -75180.787 / Time: 0h:0m:18s
Estimate model parameters (epsilon = 0.100)
BETTER TREE FOUND at iteration 14: -75163.729
Iteration 20 / LogL: -75167.119 / Time: 0h:0m:20s
Finish initializing candidate tree set (20)
Current best tree score: -75163.729 / CPU time: 3.053
Number of iterations: 20
--------------------------------------------------------------------
|               OPTIMIZING CANDIDATE TREE SET                      |
--------------------------------------------------------------------
Estimate model parameters (epsilon = 0.100)
BETTER TREE FOUND at iteration 22: -75163.105
Iteration 30 / LogL: -75170.928 / Time: 0h:0m:21s (0h:1m:7s left)
Iteration 40 / LogL: -75208.942 / Time: 0h:0m:22s (0h:0m:47s left)
Iteration 50 / LogL: -75166.660 / Time: 0h:0m:23s (0h:0m:34s left)
Iteration 60 / LogL: -75164.195 / Time: 0h:0m:24s (0h:0m:26s left)
Iteration 70 / LogL: -75163.655 / Time: 0h:0m:26s (0h:0m:19s left)
Iteration 80 / LogL: -75163.952 / Time: 0h:0m:26s (0h:0m:14s left)
Iteration 90 / LogL: -75211.139 / Time: 0h:0m:28s (0h:0m:10s left)
Estimate model parameters (epsilon = 0.100)
BETTER TREE FOUND at iteration 91: -75162.860
Iteration 100 / LogL: -75166.764 / Time: 0h:0m:29s (0h:0m:26s left)
Estimate model parameters (epsilon = 0.100)
UPDATE BEST LOG-LIKELIHOOD: -75162.637
Iteration 110 / LogL: -75371.515 / Time: 0h:0m:30s (0h:0m:22s left)
Iteration 120 / LogL: -75165.571 / Time: 0h:0m:31s (0h:0m:18s left)
Iteration 130 / LogL: -75162.998 / Time: 0h:0m:32s (0h:0m:15s left)
Iteration 140 / LogL: -75163.116 / Time: 0h:0m:33s (0h:0m:12s left)
Iteration 150 / LogL: -75164.479 / Time: 0h:0m:34s (0h:0m:9s left)
Iteration 160 / LogL: -75402.423 / Time: 0h:0m:35s (0h:0m:6s left)
Iteration 170 / LogL: -75164.928 / Time: 0h:0m:36s (0h:0m:4s left)
Estimate model parameters (epsilon = 0.100)
UPDATE BEST LOG-LIKELIHOOD: -75162.340
Iteration 180 / LogL: -75172.305 / Time: 0h:0m:37s (0h:0m:2s left)
Iteration 190 / LogL: -75162.725 / Time: 0h:0m:38s (0h:0m:0s left)
TREE SEARCH COMPLETED AFTER 192 ITERATIONS / Time: 0h:0m:38s

--------------------------------------------------------------------
|                    FINALIZING TREE SEARCH                        |
--------------------------------------------------------------------
Performs final model parameters optimization
Estimate model parameters (epsilon = 0.010)
1. Initial log-likelihood: -75162.340
Optimal log-likelihood: -75162.122
Rate parameters:  A-C: 1.00000  A-G: 1.00000  A-T: 1.00000  C-G: 1.00000  C-T: 1.00000  G-T: 1.00000
Base frequencies:  A: 0.250  C: 0.250  G: 0.250  T: 0.250
Parameters optimization took 1 rounds (0.018 sec)
BEST SCORE FOUND : -75162.122
Total tree length: 27.741

Total number of iterations: 192
CPU time used for tree search: 21.460 sec (0h:0m:21s)
Wall-clock time used for tree search: 21.563 sec (0h:0m:21s)
Total CPU time used: 39.804 sec (0h:0m:39s)
Total wall-clock time used: 38.668 sec (0h:0m:38s)

Analysis results written to: 
  IQ-TREE report:                exp_baseline/m1_sel0_rep4/iqtree_out.iqtree
  Maximum-likelihood tree:       exp_baseline/m1_sel0_rep4/iqtree_out.treefile
  Likelihood distances:          exp_baseline/m1_sel0_rep4/iqtree_out.mldist
  Screen log file:               exp_baseline/m1_sel0_rep4/iqtree_out.log

Date and Time: Tue May 12 13:51:00 2026
