IQ-TREE version 3.1.1 for MacOS ARM 64-bit built Apr  8 2026
Developed by Bui Quang Minh, Thomas Wong, Nhan Ly-Trong, Huaiyan Ren
Contributed by Lam-Tung Nguyen, Dominik Schrempf, Chris Bielow,
Olga Chernomor, Michael Woodhams, Diep Thi Hoang, Heiko Schmidt

Host:    Noutbuk-maria.local (SSE4.2, 16 GB RAM)
Command: iqtree -s exp_baseline/m20_sel50_rep3/combined.fasta -m JC -nt AUTO -pre exp_baseline/m20_sel50_rep3/iqtree_out -seed 52342 -redo
Seed:    52342 (Using SPRNG - Scalable Parallel Random Number Generator)
Time:    Tue May 12 14:40:42 2026
Kernel:  SSE2 - auto-detect threads (8 CPU cores detected)

Reading alignment file exp_baseline/m20_sel50_rep3/combined.fasta ... Fasta format detected
Reading fasta file: done in 0.000488043 secs using 91.18% CPU
Alignment most likely contains DNA/RNA sequences
Constructing alignment: done in 0.000954866 secs using 58.12% CPU
Alignment has 30 sequences with 2050 columns, 2014 distinct patterns
2048 parsimony-informative, 0 singleton sites, 2 constant sites
          Gap/Ambiguity  Composition  p-value
Analyzing sequences: done in 4.79221e-05 secs using 242.1% CPU
   1  taxon_1     0.00%    passed     56.94%
   2  taxon_2     0.00%    passed     91.47%
   3  taxon_3     0.00%    passed     46.21%
   4  taxon_4     0.00%    passed      5.84%
   5  taxon_5     0.00%    passed     71.95%
   6  taxon_6     0.00%    passed     23.36%
   7  taxon_7     0.00%    passed     11.25%
   8  taxon_8     0.00%    passed     56.01%
   9  taxon_9     0.00%    passed     81.88%
  10  taxon_10    0.00%    passed     34.47%
  11  taxon_11    0.00%    passed     67.83%
  12  taxon_12    0.00%    passed     16.05%
  13  taxon_13    0.00%    failed      0.70%
  14  taxon_14    0.00%    passed     39.66%
  15  taxon_15    0.00%    passed     46.45%
  16  taxon_16    0.00%    passed     65.87%
  17  taxon_17    0.00%    passed     69.59%
  18  taxon_18    0.00%    passed     68.54%
  19  taxon_19    0.00%    passed     98.70%
  20  taxon_20    0.00%    passed     93.48%
  21  taxon_21    0.00%    passed     75.68%
  22  taxon_22    0.00%    passed     67.74%
  23  taxon_23    0.00%    passed     30.16%
  24  taxon_24    0.00%    passed     73.58%
  25  taxon_25    0.00%    passed     96.20%
  26  taxon_26    0.00%    passed     64.62%
  27  taxon_27    0.00%    passed     81.41%
  28  taxon_28    0.00%    passed     97.29%
  29  taxon_29    0.00%    passed     45.48%
  30  taxon_30    0.00%    passed     29.74%
****  TOTAL       0.00%  1 sequences failed composition chi2 test (p-value<5%; df=3)
Checking for duplicate sequences: done in 0.000132084 secs using 90.85% CPU

Create initial parsimony tree by phylogenetic likelihood library (PLL)... 0.002 seconds

NOTE: 1 MB RAM (0 GB) is required!
Measuring multi-threading efficiency up to 8 CPU cores
Increase to 10 rounds for branch lengths
374 trees examined
Threads: 1 / Time: 8.006 sec / Speedup: 1.000 / Efficiency: 100% / LogL: -82413
Threads: 2 / Time: 8.850 sec / Speedup: 0.905 / Efficiency: 45% / LogL: -82413
Determining AUTO threadcount: done in 16.857 secs using 107.8% CPU
BEST NUMBER OF THREADS: 1

Estimate model parameters (epsilon = 0.100)
1. Initial log-likelihood: -76447.414
Optimal log-likelihood: -75778.264
Rate parameters:  A-C: 1.00000  A-G: 1.00000  A-T: 1.00000  C-G: 1.00000  C-T: 1.00000  G-T: 1.00000
Base frequencies:  A: 0.250  C: 0.250  G: 0.250  T: 0.250
Parameters optimization took 1 rounds (0.019 sec)
Wrote distance file to... 
Computing ML distances based on estimated model parameters...
Calculating distance matrix: done in 0.00138998 secs using 99.35% CPU
Computing ML distances took 0.001528 sec (of wall-clock time) 0.001508 sec (of CPU time)
WARNING: Some pairwise ML distances are too long (saturated)
Setting up auxiliary I and S matrices: done in 2.40803e-05 secs using 74.75% CPU
Constructing RapidNJ tree: done in 4.98295e-05 secs using 170.6% CPU
Computing RapidNJ tree took 0.000100 sec (of wall-clock time) 0.000122 sec (of CPU time)
Log-likelihood of RapidNJ tree: -76386.703
--------------------------------------------------------------------
|             INITIALIZING CANDIDATE TREE SET                      |
--------------------------------------------------------------------
Generating 98 parsimony trees... 0.291 second
Computing log-likelihood of 98 initial trees ... 0.262 seconds
Current best score: -75778.264

Do NNI search on 20 best initial trees
Estimate model parameters (epsilon = 0.100)
BETTER TREE FOUND at iteration 1: -75741.070
Estimate model parameters (epsilon = 0.100)
BETTER TREE FOUND at iteration 6: -75730.705
Iteration 10 / LogL: -75777.588 / Time: 0h:0m:18s
Iteration 20 / LogL: -75760.533 / Time: 0h:0m:18s
Finish initializing candidate tree set (18)
Current best tree score: -75730.705 / CPU time: 1.925
Number of iterations: 20
--------------------------------------------------------------------
|               OPTIMIZING CANDIDATE TREE SET                      |
--------------------------------------------------------------------
Iteration 30 / LogL: -75749.502 / Time: 0h:0m:19s (0h:0m:51s left)
WARNING: NNI search needs unusual large number of steps (30) to converge!
Iteration 40 / LogL: -75745.145 / Time: 0h:0m:20s (0h:0m:34s left)
Iteration 50 / LogL: -75765.318 / Time: 0h:0m:21s (0h:0m:24s left)
Iteration 60 / LogL: -75746.110 / Time: 0h:0m:21s (0h:0m:17s left)
Iteration 70 / LogL: -75784.915 / Time: 0h:0m:22s (0h:0m:11s left)
Iteration 80 / LogL: -75751.261 / Time: 0h:0m:23s (0h:0m:7s left)
Iteration 90 / LogL: -77097.973 / Time: 0h:0m:24s (0h:0m:4s left)
Iteration 100 / LogL: -75731.855 / Time: 0h:0m:25s (0h:0m:1s left)
TREE SEARCH COMPLETED AFTER 107 ITERATIONS / Time: 0h:0m:25s

--------------------------------------------------------------------
|                    FINALIZING TREE SEARCH                        |
--------------------------------------------------------------------
Performs final model parameters optimization
Estimate model parameters (epsilon = 0.010)
1. Initial log-likelihood: -75730.705
Optimal log-likelihood: -75730.491
Rate parameters:  A-C: 1.00000  A-G: 1.00000  A-T: 1.00000  C-G: 1.00000  C-T: 1.00000  G-T: 1.00000
Base frequencies:  A: 0.250  C: 0.250  G: 0.250  T: 0.250
Parameters optimization took 1 rounds (0.011 sec)
BEST SCORE FOUND : -75730.491
Total tree length: 24.599

Total number of iterations: 107
CPU time used for tree search: 8.624 sec (0h:0m:8s)
Wall-clock time used for tree search: 8.665 sec (0h:0m:8s)
Total CPU time used: 26.867 sec (0h:0m:26s)
Total wall-clock time used: 25.603 sec (0h:0m:25s)

Analysis results written to: 
  IQ-TREE report:                exp_baseline/m20_sel50_rep3/iqtree_out.iqtree
  Maximum-likelihood tree:       exp_baseline/m20_sel50_rep3/iqtree_out.treefile
  Likelihood distances:          exp_baseline/m20_sel50_rep3/iqtree_out.mldist
  Screen log file:               exp_baseline/m20_sel50_rep3/iqtree_out.log

Date and Time: Tue May 12 14:41:08 2026
