IQ-TREE version 3.1.1 for MacOS ARM 64-bit built Apr  8 2026
Developed by Bui Quang Minh, Thomas Wong, Nhan Ly-Trong, Huaiyan Ren
Contributed by Lam-Tung Nguyen, Dominik Schrempf, Chris Bielow,
Olga Chernomor, Michael Woodhams, Diep Thi Hoang, Heiko Schmidt

Host:    Noutbuk-maria.local (SSE4.2, 16 GB RAM)
Command: iqtree -s exp_stable_0.0001/m1_sel1_rep4/neutral.fasta -m JC -nt AUTO -pre exp_stable_0.0001/m1_sel1_rep4/iqtree_out -seed 1542 -redo
Seed:    1542 (Using SPRNG - Scalable Parallel Random Number Generator)
Time:    Mon May 18 16:07:22 2026
Kernel:  SSE2 - auto-detect threads (8 CPU cores detected)

Reading alignment file exp_stable_0.0001/m1_sel1_rep4/neutral.fasta ... Fasta format detected
Reading fasta file: done in 0.00123096 secs using 88.55% CPU
Alignment most likely contains DNA/RNA sequences
Constructing alignment: done in 0.00126314 secs using 55.65% CPU
Alignment has 50 sequences with 3000 columns, 375 distinct patterns
119 parsimony-informative, 388 singleton sites, 2493 constant sites
          Gap/Ambiguity  Composition  p-value
Analyzing sequences: done in 3.60012e-05 secs using 72.22% CPU
   1  taxon_1     0.00%    passed     99.92%
   2  taxon_2     0.00%    passed     99.83%
   3  taxon_3     0.00%    passed     99.80%
   4  taxon_4     0.00%    passed     98.06%
   5  taxon_5     0.00%    passed     99.99%
   6  taxon_6     0.00%    passed     99.73%
   7  taxon_7     0.00%    passed     99.79%
   8  taxon_8     0.00%    passed     99.90%
   9  taxon_9     0.00%    passed     99.67%
  10  taxon_10    0.00%    passed     99.57%
  11  taxon_11    0.00%    passed     99.63%
  12  taxon_12    0.00%    passed     99.91%
  13  taxon_13    0.00%    passed     99.22%
  14  taxon_14    0.00%    passed     98.78%
  15  taxon_15    0.00%    passed     99.81%
  16  taxon_16    0.00%    passed     99.56%
  17  taxon_17    0.00%    passed     99.98%
  18  taxon_18    0.00%    passed     99.84%
  19  taxon_19    0.00%    passed     99.82%
  20  taxon_20    0.00%    passed     99.91%
  21  taxon_21    0.00%    passed     99.96%
  22  taxon_22    0.00%    passed     99.99%
  23  taxon_23    0.00%    passed     99.92%
  24  taxon_24    0.00%    passed     99.75%
  25  taxon_25    0.00%    passed     99.96%
  26  taxon_26    0.00%    passed     99.99%
  27  taxon_27    0.00%    passed    100.00%
  28  taxon_28    0.00%    passed     99.85%
  29  taxon_29    0.00%    passed     99.75%
  30  taxon_30    0.00%    passed     99.60%
  31  taxon_31    0.00%    passed     99.83%
  32  taxon_32    0.00%    passed     99.25%
  33  taxon_33    0.00%    passed     99.90%
  34  taxon_34    0.00%    passed     99.87%
  35  taxon_35    0.00%    passed     99.97%
  36  taxon_36    0.00%    passed     98.93%
  37  taxon_37    0.00%    passed     99.95%
  38  taxon_38    0.00%    passed     99.30%
  39  taxon_39    0.00%    passed     99.45%
  40  taxon_40    0.00%    passed     97.72%
  41  taxon_41    0.00%    passed     98.85%
  42  taxon_42    0.00%    passed     98.96%
  43  taxon_43    0.00%    passed     99.91%
  44  taxon_44    0.00%    passed     99.87%
  45  taxon_45    0.00%    passed     99.86%
  46  taxon_46    0.00%    passed     99.19%
  47  taxon_47    0.00%    passed     99.45%
  48  taxon_48    0.00%    passed     99.28%
  49  taxon_49    0.00%    passed     99.64%
  50  taxon_50    0.00%    passed     99.93%
****  TOTAL       0.00%  0 sequences failed composition chi2 test (p-value<5%; df=3)
Checking for duplicate sequences: done in 7.70092e-05 secs using 74.02% CPU

Create initial parsimony tree by phylogenetic likelihood library (PLL)... 0.001 seconds

NOTE: 0 MB RAM (0 GB) is required!
Measuring multi-threading efficiency up to 8 CPU cores
Increase to 10 rounds for branch lengths
2679 trees examined
Threads: 1 / Time: 8.002 sec / Speedup: 1.000 / Efficiency: 100% / LogL: -10356
Threads: 2 / Time: 13.527 sec / Speedup: 0.592 / Efficiency: 30% / LogL: -10356
Determining AUTO threadcount: done in 21.5298 secs using 91.65% CPU
BEST NUMBER OF THREADS: 1

Estimate model parameters (epsilon = 0.100)
1. Initial log-likelihood: -8516.665
Optimal log-likelihood: -8515.261
Rate parameters:  A-C: 1.00000  A-G: 1.00000  A-T: 1.00000  C-G: 1.00000  C-T: 1.00000  G-T: 1.00000
Base frequencies:  A: 0.250  C: 0.250  G: 0.250  T: 0.250
Parameters optimization took 1 rounds (0.002 sec)
Wrote distance file to... 
Computing ML distances based on estimated model parameters...
Calculating distance matrix: done in 0.00263619 secs using 91.27% CPU
Computing ML distances took 0.002692 sec (of wall-clock time) 0.002451 sec (of CPU time)
Setting up auxiliary I and S matrices: done in 4.88758e-05 secs using 79.79% CPU
Constructing RapidNJ tree: done in 0.000123978 secs using 175% CPU
Computing RapidNJ tree took 0.000191 sec (of wall-clock time) 0.000274 sec (of CPU time)
Log-likelihood of RapidNJ tree: -8521.968
--------------------------------------------------------------------
|             INITIALIZING CANDIDATE TREE SET                      |
--------------------------------------------------------------------
Generating 98 parsimony trees... 0.104 second
Computing log-likelihood of 98 initial trees ... 0.085 seconds
Current best score: -8515.257

Do NNI search on 20 best initial trees
Estimate model parameters (epsilon = 0.100)
BETTER TREE FOUND at iteration 1: -8515.257
Iteration 10 / LogL: -8515.257 / Time: 0h:0m:21s
BETTER TREE FOUND at iteration 16: -8515.257
Iteration 20 / LogL: -8515.257 / Time: 0h:0m:21s
Finish initializing candidate tree set (20)
Current best tree score: -8515.257 / CPU time: 0.280
Number of iterations: 20
--------------------------------------------------------------------
|               OPTIMIZING CANDIDATE TREE SET                      |
--------------------------------------------------------------------
Iteration 30 / LogL: -8515.277 / Time: 0h:0m:22s (0h:1m:5s left)
Iteration 40 / LogL: -8515.273 / Time: 0h:0m:22s (0h:0m:43s left)
Iteration 50 / LogL: -8515.282 / Time: 0h:0m:22s (0h:0m:30s left)
Iteration 60 / LogL: -8515.271 / Time: 0h:0m:22s (0h:0m:21s left)
Iteration 70 / LogL: -8515.858 / Time: 0h:0m:22s (0h:0m:15s left)
Iteration 80 / LogL: -8515.281 / Time: 0h:0m:22s (0h:0m:10s left)
Iteration 90 / LogL: -8515.287 / Time: 0h:0m:23s (0h:0m:6s left)
Iteration 100 / LogL: -8515.285 / Time: 0h:0m:23s (0h:0m:3s left)
Iteration 110 / LogL: -8515.275 / Time: 0h:0m:23s (0h:0m:1s left)
TREE SEARCH COMPLETED AFTER 117 ITERATIONS / Time: 0h:0m:23s

--------------------------------------------------------------------
|                    FINALIZING TREE SEARCH                        |
--------------------------------------------------------------------
Performs final model parameters optimization
Estimate model parameters (epsilon = 0.010)
1. Initial log-likelihood: -8515.257
Optimal log-likelihood: -8515.257
Rate parameters:  A-C: 1.00000  A-G: 1.00000  A-T: 1.00000  C-G: 1.00000  C-T: 1.00000  G-T: 1.00000
Base frequencies:  A: 0.250  C: 0.250  G: 0.250  T: 0.250
Parameters optimization took 1 rounds (0.001 sec)
BEST SCORE FOUND : -8515.257
Total tree length: 0.184

Total number of iterations: 117
CPU time used for tree search: 1.945 sec (0h:0m:1s)
Wall-clock time used for tree search: 2.077 sec (0h:0m:2s)
Total CPU time used: 21.690 sec (0h:0m:21s)
Total wall-clock time used: 23.625 sec (0h:0m:23s)

Analysis results written to: 
  IQ-TREE report:                exp_stable_0.0001/m1_sel1_rep4/iqtree_out.iqtree
  Maximum-likelihood tree:       exp_stable_0.0001/m1_sel1_rep4/iqtree_out.treefile
  Likelihood distances:          exp_stable_0.0001/m1_sel1_rep4/iqtree_out.mldist
  Screen log file:               exp_stable_0.0001/m1_sel1_rep4/iqtree_out.log

Date and Time: Mon May 18 16:07:46 2026
