IQ-TREE version 3.1.1 for MacOS ARM 64-bit built Apr  8 2026
Developed by Bui Quang Minh, Thomas Wong, Nhan Ly-Trong, Huaiyan Ren
Contributed by Lam-Tung Nguyen, Dominik Schrempf, Chris Bielow,
Olga Chernomor, Michael Woodhams, Diep Thi Hoang, Heiko Schmidt

Host:    Noutbuk-maria.local (SSE4.2, 16 GB RAM)
Command: iqtree -s exp_baseline/m200_sel0_rep3/combined.fasta -m JC -nt AUTO -pre exp_baseline/m200_sel0_rep3/iqtree_out -seed 20342 -redo
Seed:    20342 (Using SPRNG - Scalable Parallel Random Number Generator)
Time:    Tue May 12 15:14:55 2026
Kernel:  SSE2 - auto-detect threads (8 CPU cores detected)

Reading alignment file exp_baseline/m200_sel0_rep3/combined.fasta ... Fasta format detected
Reading fasta file: done in 0.000480175 secs using 90.8% CPU
NOTE: Change sequence name 'taxon 1' -> taxon_1
NOTE: Change sequence name 'taxon 2' -> taxon_2
NOTE: Change sequence name 'taxon 3' -> taxon_3
NOTE: Change sequence name 'taxon 4' -> taxon_4
NOTE: Change sequence name 'taxon 5' -> taxon_5
NOTE: Change sequence name 'taxon 6' -> taxon_6
NOTE: Change sequence name 'taxon 7' -> taxon_7
NOTE: Change sequence name 'taxon 8' -> taxon_8
NOTE: Change sequence name 'taxon 9' -> taxon_9
NOTE: Change sequence name 'taxon 10' -> taxon_10
NOTE: Change sequence name 'taxon 11' -> taxon_11
NOTE: Change sequence name 'taxon 12' -> taxon_12
NOTE: Change sequence name 'taxon 13' -> taxon_13
NOTE: Change sequence name 'taxon 14' -> taxon_14
NOTE: Change sequence name 'taxon 15' -> taxon_15
NOTE: Change sequence name 'taxon 16' -> taxon_16
NOTE: Change sequence name 'taxon 17' -> taxon_17
NOTE: Change sequence name 'taxon 18' -> taxon_18
NOTE: Change sequence name 'taxon 19' -> taxon_19
NOTE: Change sequence name 'taxon 20' -> taxon_20
NOTE: Change sequence name 'taxon 21' -> taxon_21
NOTE: Change sequence name 'taxon 22' -> taxon_22
NOTE: Change sequence name 'taxon 23' -> taxon_23
NOTE: Change sequence name 'taxon 24' -> taxon_24
NOTE: Change sequence name 'taxon 25' -> taxon_25
NOTE: Change sequence name 'taxon 26' -> taxon_26
NOTE: Change sequence name 'taxon 27' -> taxon_27
NOTE: Change sequence name 'taxon 28' -> taxon_28
NOTE: Change sequence name 'taxon 29' -> taxon_29
NOTE: Change sequence name 'taxon 30' -> taxon_30
Alignment most likely contains DNA/RNA sequences
Constructing alignment: done in 0.000931978 secs using 57.94% CPU
Alignment has 30 sequences with 2000 columns, 2000 distinct patterns
2000 parsimony-informative, 0 singleton sites, 0 constant sites
          Gap/Ambiguity  Composition  p-value
Analyzing sequences: done in 5.50747e-05 secs using 203.4% CPU
   1  taxon_1     0.00%    passed     79.01%
   2  taxon_2     0.00%    passed      6.08%
   3  taxon_3     0.00%    passed     41.66%
   4  taxon_4     0.00%    passed     94.80%
   5  taxon_5     0.00%    passed     81.07%
   6  taxon_6     0.00%    passed     55.53%
   7  taxon_7     0.00%    passed     65.48%
   8  taxon_8     0.00%    passed     49.55%
   9  taxon_9     0.00%    passed     94.19%
  10  taxon_10    0.00%    passed     95.91%
  11  taxon_11    0.00%    passed     80.70%
  12  taxon_12    0.00%    passed     97.06%
  13  taxon_13    0.00%    passed     52.76%
  14  taxon_14    0.00%    failed      1.44%
  15  taxon_15    0.00%    passed     25.80%
  16  taxon_16    0.00%    passed     62.85%
  17  taxon_17    0.00%    passed     41.34%
  18  taxon_18    0.00%    passed     45.04%
  19  taxon_19    0.00%    passed     13.79%
  20  taxon_20    0.00%    passed     54.76%
  21  taxon_21    0.00%    passed     51.26%
  22  taxon_22    0.00%    passed     65.72%
  23  taxon_23    0.00%    passed     49.87%
  24  taxon_24    0.00%    passed     90.22%
  25  taxon_25    0.00%    passed     60.89%
  26  taxon_26    0.00%    passed     88.03%
  27  taxon_27    0.00%    passed     42.62%
  28  taxon_28    0.00%    passed     39.42%
  29  taxon_29    0.00%    passed     68.75%
  30  taxon_30    0.00%    passed     63.44%
****  TOTAL       0.00%  1 sequences failed composition chi2 test (p-value<5%; df=3)
Checking for duplicate sequences: done in 0.000126839 secs using 91.45% CPU

Create initial parsimony tree by phylogenetic likelihood library (PLL)... 0.002 seconds

NOTE: 1 MB RAM (0 GB) is required!
Measuring multi-threading efficiency up to 8 CPU cores
Increase to 10 rounds for branch lengths
375 trees examined
Threads: 1 / Time: 8.007 sec / Speedup: 1.000 / Efficiency: 100% / LogL: -80024
Threads: 2 / Time: 8.843 sec / Speedup: 0.905 / Efficiency: 45% / LogL: -80024
Determining AUTO threadcount: done in 16.8507 secs using 107.2% CPU
BEST NUMBER OF THREADS: 1

Estimate model parameters (epsilon = 0.100)
1. Initial log-likelihood: -76193.579
Optimal log-likelihood: -75507.303
Rate parameters:  A-C: 1.00000  A-G: 1.00000  A-T: 1.00000  C-G: 1.00000  C-T: 1.00000  G-T: 1.00000
Base frequencies:  A: 0.250  C: 0.250  G: 0.250  T: 0.250
Parameters optimization took 1 rounds (0.022 sec)
Wrote distance file to... 
Computing ML distances based on estimated model parameters...
Calculating distance matrix: done in 0.00129819 secs using 98.68% CPU
Computing ML distances took 0.001436 sec (of wall-clock time) 0.001413 sec (of CPU time)
WARNING: Some pairwise ML distances are too long (saturated)
Setting up auxiliary I and S matrices: done in 2.40803e-05 secs using 78.9% CPU
Constructing RapidNJ tree: done in 5.10216e-05 secs using 162.7% CPU
Computing RapidNJ tree took 0.000102 sec (of wall-clock time) 0.000128 sec (of CPU time)
Log-likelihood of RapidNJ tree: -75587.413
--------------------------------------------------------------------
|             INITIALIZING CANDIDATE TREE SET                      |
--------------------------------------------------------------------
Generating 98 parsimony trees... 0.322 second
Computing log-likelihood of 98 initial trees ... 0.256 seconds
Current best score: -75507.303

Do NNI search on 20 best initial trees
Estimate model parameters (epsilon = 0.100)
BETTER TREE FOUND at iteration 1: -75490.147
Estimate model parameters (epsilon = 0.100)
BETTER TREE FOUND at iteration 2: -75489.827
Iteration 10 / LogL: -75515.984 / Time: 0h:0m:18s
Iteration 20 / LogL: -75519.756 / Time: 0h:0m:19s
Finish initializing candidate tree set (20)
Current best tree score: -75489.827 / CPU time: 2.386
Number of iterations: 20
--------------------------------------------------------------------
|               OPTIMIZING CANDIDATE TREE SET                      |
--------------------------------------------------------------------
Iteration 30 / LogL: -75494.928 / Time: 0h:0m:20s (0h:0m:49s left)
Iteration 40 / LogL: -75491.496 / Time: 0h:0m:20s (0h:0m:33s left)
Iteration 50 / LogL: -75564.068 / Time: 0h:0m:21s (0h:0m:23s left)
Iteration 60 / LogL: -75517.198 / Time: 0h:0m:22s (0h:0m:16s left)
Iteration 70 / LogL: -75568.451 / Time: 0h:0m:23s (0h:0m:10s left)
Iteration 80 / LogL: -75490.562 / Time: 0h:0m:24s (0h:0m:6s left)
Iteration 90 / LogL: -75491.545 / Time: 0h:0m:25s (0h:0m:3s left)
Iteration 100 / LogL: -75520.779 / Time: 0h:0m:25s (0h:0m:0s left)
TREE SEARCH COMPLETED AFTER 103 ITERATIONS / Time: 0h:0m:26s

--------------------------------------------------------------------
|                    FINALIZING TREE SEARCH                        |
--------------------------------------------------------------------
Performs final model parameters optimization
Estimate model parameters (epsilon = 0.010)
1. Initial log-likelihood: -75489.827
Optimal log-likelihood: -75489.761
Rate parameters:  A-C: 1.00000  A-G: 1.00000  A-T: 1.00000  C-G: 1.00000  C-T: 1.00000  G-T: 1.00000
Base frequencies:  A: 0.250  C: 0.250  G: 0.250  T: 0.250
Parameters optimization took 1 rounds (0.006 sec)
BEST SCORE FOUND : -75489.761
Total tree length: 26.541

Total number of iterations: 103
CPU time used for tree search: 9.260 sec (0h:0m:9s)
Wall-clock time used for tree search: 9.292 sec (0h:0m:9s)
Total CPU time used: 27.402 sec (0h:0m:27s)
Total wall-clock time used: 26.227 sec (0h:0m:26s)

Analysis results written to: 
  IQ-TREE report:                exp_baseline/m200_sel0_rep3/iqtree_out.iqtree
  Maximum-likelihood tree:       exp_baseline/m200_sel0_rep3/iqtree_out.treefile
  Likelihood distances:          exp_baseline/m200_sel0_rep3/iqtree_out.mldist
  Screen log file:               exp_baseline/m200_sel0_rep3/iqtree_out.log

Date and Time: Tue May 12 15:15:21 2026
