IQ-TREE version 3.1.1 for MacOS ARM 64-bit built Apr  8 2026
Developed by Bui Quang Minh, Thomas Wong, Nhan Ly-Trong, Huaiyan Ren
Contributed by Lam-Tung Nguyen, Dominik Schrempf, Chris Bielow,
Olga Chernomor, Michael Woodhams, Diep Thi Hoang, Heiko Schmidt

Host:    Noutbuk-maria.local (SSE4.2, 16 GB RAM)
Command: iqtree -s exp_stable_0.0001/m0_sel1_rep2/neutral.fasta -m JC -nt AUTO -pre exp_stable_0.0001/m0_sel1_rep2/iqtree_out -seed 1242 -redo
Seed:    1242 (Using SPRNG - Scalable Parallel Random Number Generator)
Time:    Sat May 16 17:16:07 2026
Kernel:  SSE2 - auto-detect threads (8 CPU cores detected)

Reading alignment file exp_stable_0.0001/m0_sel1_rep2/neutral.fasta ... Fasta format detected
Reading fasta file: done in 0.00169587 secs using 81.49% CPU
Alignment most likely contains DNA/RNA sequences
Constructing alignment: done in 0.00244498 secs using 42.78% CPU
Alignment has 50 sequences with 3000 columns, 835 distinct patterns
432 parsimony-informative, 797 singleton sites, 1771 constant sites
          Gap/Ambiguity  Composition  p-value
Analyzing sequences: done in 9.98974e-05 secs using 74.08% CPU
   1  taxon_1     0.00%    passed     96.42%
   2  taxon_2     0.00%    passed     96.82%
   3  taxon_3     0.00%    passed     98.38%
   4  taxon_4     0.00%    passed     88.80%
   5  taxon_5     0.00%    passed     99.05%
   6  taxon_6     0.00%    passed     99.42%
   7  taxon_7     0.00%    passed     98.26%
   8  taxon_8     0.00%    passed     99.60%
   9  taxon_9     0.00%    passed     96.28%
  10  taxon_10    0.00%    passed     99.72%
  11  taxon_11    0.00%    passed     98.98%
  12  taxon_12    0.00%    passed     99.85%
  13  taxon_13    0.00%    passed     99.38%
  14  taxon_14    0.00%    passed     99.60%
  15  taxon_15    0.00%    passed     99.87%
  16  taxon_16    0.00%    passed     99.50%
  17  taxon_17    0.00%    passed     98.76%
  18  taxon_18    0.00%    passed     99.94%
  19  taxon_19    0.00%    passed     99.75%
  20  taxon_20    0.00%    passed     99.97%
  21  taxon_21    0.00%    passed     99.42%
  22  taxon_22    0.00%    passed     99.44%
  23  taxon_23    0.00%    passed     99.72%
  24  taxon_24    0.00%    passed     99.84%
  25  taxon_25    0.00%    passed     97.59%
  26  taxon_26    0.00%    passed     98.60%
  27  taxon_27    0.00%    passed     99.86%
  28  taxon_28    0.00%    passed     96.60%
  29  taxon_29    0.00%    passed     99.50%
  30  taxon_30    0.00%    passed     99.04%
  31  taxon_31    0.00%    passed     99.96%
  32  taxon_32    0.00%    passed     99.26%
  33  taxon_33    0.00%    passed     99.90%
  34  taxon_34    0.00%    passed     99.01%
  35  taxon_35    0.00%    passed     99.27%
  36  taxon_36    0.00%    passed     97.49%
  37  taxon_37    0.00%    passed     99.21%
  38  taxon_38    0.00%    passed     98.71%
  39  taxon_39    0.00%    passed     99.35%
  40  taxon_40    0.00%    passed     99.25%
  41  taxon_41    0.00%    passed     90.05%
  42  taxon_42    0.00%    passed     95.47%
  43  taxon_43    0.00%    passed     99.14%
  44  taxon_44    0.00%    passed     98.41%
  45  taxon_45    0.00%    passed     99.21%
  46  taxon_46    0.00%    passed     97.13%
  47  taxon_47    0.00%    passed     98.70%
  48  taxon_48    0.00%    passed     99.93%
  49  taxon_49    0.00%    passed     99.97%
  50  taxon_50    0.00%    passed     98.76%
****  TOTAL       0.00%  0 sequences failed composition chi2 test (p-value<5%; df=3)
Checking for duplicate sequences: done in 0.000304937 secs using 56.73% CPU

Create initial parsimony tree by phylogenetic likelihood library (PLL)... 0.003 seconds

NOTE: 1 MB RAM (0 GB) is required!
Measuring multi-threading efficiency up to 8 CPU cores
Increase to 10 rounds for branch lengths
390 trees examined
Threads: 1 / Time: 8.032 sec / Speedup: 1.000 / Efficiency: 100% / LogL: -24007
Threads: 2 / Time: 9.809 sec / Speedup: 0.819 / Efficiency: 41% / LogL: -24007
Determining AUTO threadcount: done in 17.8413 secs using 60.97% CPU
BEST NUMBER OF THREADS: 1

Estimate model parameters (epsilon = 0.100)
1. Initial log-likelihood: -15087.887
Optimal log-likelihood: -15085.575
Rate parameters:  A-C: 1.00000  A-G: 1.00000  A-T: 1.00000  C-G: 1.00000  C-T: 1.00000  G-T: 1.00000
Base frequencies:  A: 0.250  C: 0.250  G: 0.250  T: 0.250
Parameters optimization took 1 rounds (0.006 sec)
Wrote distance file to... 
Computing ML distances based on estimated model parameters...
Calculating distance matrix: done in 0.00628185 secs using 76.35% CPU
Computing ML distances took 0.006543 sec (of wall-clock time) 0.004953 sec (of CPU time)
Setting up auxiliary I and S matrices: done in 7.10487e-05 secs using 97.12% CPU
Constructing RapidNJ tree: done in 0.000204086 secs using 122% CPU
Computing RapidNJ tree took 0.000383 sec (of wall-clock time) 0.000374 sec (of CPU time)
Log-likelihood of RapidNJ tree: -15135.578
--------------------------------------------------------------------
|             INITIALIZING CANDIDATE TREE SET                      |
--------------------------------------------------------------------
Generating 98 parsimony trees... 0.502 second
Computing log-likelihood of 98 initial trees ... 0.447 seconds
Current best score: -15085.572

Do NNI search on 20 best initial trees
Estimate model parameters (epsilon = 0.100)
BETTER TREE FOUND at iteration 1: -15085.572
BETTER TREE FOUND at iteration 2: -15085.572
UPDATE BEST LOG-LIKELIHOOD: -15085.572
Iteration 10 / LogL: -15085.575 / Time: 0h:0m:19s
Iteration 20 / LogL: -15085.575 / Time: 0h:0m:19s
Finish initializing candidate tree set (2)
Current best tree score: -15085.572 / CPU time: 1.403
Number of iterations: 20
--------------------------------------------------------------------
|               OPTIMIZING CANDIDATE TREE SET                      |
--------------------------------------------------------------------
UPDATE BEST LOG-LIKELIHOOD: -15085.572
Iteration 30 / LogL: -15085.572 / Time: 0h:0m:20s (0h:0m:50s left)
Iteration 40 / LogL: -15085.575 / Time: 0h:0m:21s (0h:0m:33s left)
Iteration 50 / LogL: -15085.575 / Time: 0h:0m:22s (0h:0m:23s left)
Iteration 60 / LogL: -15085.572 / Time: 0h:0m:22s (0h:0m:16s left)
Iteration 70 / LogL: -15085.580 / Time: 0h:0m:23s (0h:0m:10s left)
Iteration 80 / LogL: -15085.572 / Time: 0h:0m:24s (0h:0m:6s left)
Iteration 90 / LogL: -15085.580 / Time: 0h:0m:25s (0h:0m:3s left)
Iteration 100 / LogL: -15085.572 / Time: 0h:0m:25s (0h:0m:0s left)
TREE SEARCH COMPLETED AFTER 103 ITERATIONS / Time: 0h:0m:26s

--------------------------------------------------------------------
|                    FINALIZING TREE SEARCH                        |
--------------------------------------------------------------------
Performs final model parameters optimization
Estimate model parameters (epsilon = 0.010)
1. Initial log-likelihood: -15085.572
Optimal log-likelihood: -15085.572
Rate parameters:  A-C: 1.00000  A-G: 1.00000  A-T: 1.00000  C-G: 1.00000  C-T: 1.00000  G-T: 1.00000
Base frequencies:  A: 0.250  C: 0.250  G: 0.250  T: 0.250
Parameters optimization took 1 rounds (0.003 sec)
BEST SCORE FOUND : -15085.572
Total tree length: 0.528

Total number of iterations: 103
CPU time used for tree search: 4.392 sec (0h:0m:4s)
Wall-clock time used for tree search: 8.226 sec (0h:0m:8s)
Total CPU time used: 15.300 sec (0h:0m:15s)
Total wall-clock time used: 26.106 sec (0h:0m:26s)

Analysis results written to: 
  IQ-TREE report:                exp_stable_0.0001/m0_sel1_rep2/iqtree_out.iqtree
  Maximum-likelihood tree:       exp_stable_0.0001/m0_sel1_rep2/iqtree_out.treefile
  Likelihood distances:          exp_stable_0.0001/m0_sel1_rep2/iqtree_out.mldist
  Screen log file:               exp_stable_0.0001/m0_sel1_rep2/iqtree_out.log

Date and Time: Sat May 16 17:16:33 2026
