IQ-TREE version 3.1.1 for MacOS ARM 64-bit built Apr  8 2026
Developed by Bui Quang Minh, Thomas Wong, Nhan Ly-Trong, Huaiyan Ren
Contributed by Lam-Tung Nguyen, Dominik Schrempf, Chris Bielow,
Olga Chernomor, Michael Woodhams, Diep Thi Hoang, Heiko Schmidt

Host:    Noutbuk-maria.local (SSE4.2, 16 GB RAM)
Command: iqtree -s exp_baseline/m50_sel0_rep5/combined.fasta -m JC -nt AUTO -pre exp_baseline/m50_sel0_rep5/iqtree_out -seed 5542 -redo
Seed:    5542 (Using SPRNG - Scalable Parallel Random Number Generator)
Time:    Tue May 12 14:51:07 2026
Kernel:  SSE2 - auto-detect threads (8 CPU cores detected)

Reading alignment file exp_baseline/m50_sel0_rep5/combined.fasta ... Fasta format detected
Reading fasta file: done in 0.000488043 secs using 89.13% CPU
NOTE: Change sequence name 'taxon 1' -> taxon_1
NOTE: Change sequence name 'taxon 2' -> taxon_2
NOTE: Change sequence name 'taxon 3' -> taxon_3
NOTE: Change sequence name 'taxon 4' -> taxon_4
NOTE: Change sequence name 'taxon 5' -> taxon_5
NOTE: Change sequence name 'taxon 6' -> taxon_6
NOTE: Change sequence name 'taxon 7' -> taxon_7
NOTE: Change sequence name 'taxon 8' -> taxon_8
NOTE: Change sequence name 'taxon 9' -> taxon_9
NOTE: Change sequence name 'taxon 10' -> taxon_10
NOTE: Change sequence name 'taxon 11' -> taxon_11
NOTE: Change sequence name 'taxon 12' -> taxon_12
NOTE: Change sequence name 'taxon 13' -> taxon_13
NOTE: Change sequence name 'taxon 14' -> taxon_14
NOTE: Change sequence name 'taxon 15' -> taxon_15
NOTE: Change sequence name 'taxon 16' -> taxon_16
NOTE: Change sequence name 'taxon 17' -> taxon_17
NOTE: Change sequence name 'taxon 18' -> taxon_18
NOTE: Change sequence name 'taxon 19' -> taxon_19
NOTE: Change sequence name 'taxon 20' -> taxon_20
NOTE: Change sequence name 'taxon 21' -> taxon_21
NOTE: Change sequence name 'taxon 22' -> taxon_22
NOTE: Change sequence name 'taxon 23' -> taxon_23
NOTE: Change sequence name 'taxon 24' -> taxon_24
NOTE: Change sequence name 'taxon 25' -> taxon_25
NOTE: Change sequence name 'taxon 26' -> taxon_26
NOTE: Change sequence name 'taxon 27' -> taxon_27
NOTE: Change sequence name 'taxon 28' -> taxon_28
NOTE: Change sequence name 'taxon 29' -> taxon_29
NOTE: Change sequence name 'taxon 30' -> taxon_30
Alignment most likely contains DNA/RNA sequences
Constructing alignment: done in 0.000957966 secs using 56.89% CPU
Alignment has 30 sequences with 2000 columns, 2000 distinct patterns
2000 parsimony-informative, 0 singleton sites, 0 constant sites
          Gap/Ambiguity  Composition  p-value
Analyzing sequences: done in 4.1008e-05 secs using 246.3% CPU
   1  taxon_1     0.00%    passed     55.72%
   2  taxon_2     0.00%    passed     78.32%
   3  taxon_3     0.00%    passed     34.66%
   4  taxon_4     0.00%    passed     48.07%
   5  taxon_5     0.00%    passed     92.89%
   6  taxon_6     0.00%    passed     92.52%
   7  taxon_7     0.00%    passed     95.55%
   8  taxon_8     0.00%    passed     17.30%
   9  taxon_9     0.00%    passed     75.23%
  10  taxon_10    0.00%    passed     43.42%
  11  taxon_11    0.00%    passed     37.72%
  12  taxon_12    0.00%    passed     55.94%
  13  taxon_13    0.00%    passed     84.81%
  14  taxon_14    0.00%    passed     51.88%
  15  taxon_15    0.00%    passed     29.86%
  16  taxon_16    0.00%    passed     30.50%
  17  taxon_17    0.00%    passed     60.58%
  18  taxon_18    0.00%    passed      7.69%
  19  taxon_19    0.00%    passed     51.53%
  20  taxon_20    0.00%    passed     61.18%
  21  taxon_21    0.00%    passed     46.83%
  22  taxon_22    0.00%    passed     17.98%
  23  taxon_23    0.00%    failed      0.90%
  24  taxon_24    0.00%    passed     31.75%
  25  taxon_25    0.00%    passed     13.25%
  26  taxon_26    0.00%    passed     28.48%
  27  taxon_27    0.00%    passed      8.02%
  28  taxon_28    0.00%    passed     65.27%
  29  taxon_29    0.00%    passed     58.13%
  30  taxon_30    0.00%    passed      8.92%
****  TOTAL       0.00%  1 sequences failed composition chi2 test (p-value<5%; df=3)
Checking for duplicate sequences: done in 0.000128031 secs using 91.38% CPU

Create initial parsimony tree by phylogenetic likelihood library (PLL)... 0.002 seconds

NOTE: 1 MB RAM (0 GB) is required!
Measuring multi-threading efficiency up to 8 CPU cores
Increase to 10 rounds for branch lengths
370 trees examined
Threads: 1 / Time: 8.005 sec / Speedup: 1.000 / Efficiency: 100% / LogL: -80835
Threads: 2 / Time: 8.666 sec / Speedup: 0.924 / Efficiency: 46% / LogL: -80835
Determining AUTO threadcount: done in 16.6713 secs using 107.3% CPU
BEST NUMBER OF THREADS: 1

Estimate model parameters (epsilon = 0.100)
1. Initial log-likelihood: -78185.248
Optimal log-likelihood: -77619.175
Rate parameters:  A-C: 1.00000  A-G: 1.00000  A-T: 1.00000  C-G: 1.00000  C-T: 1.00000  G-T: 1.00000
Base frequencies:  A: 0.250  C: 0.250  G: 0.250  T: 0.250
Parameters optimization took 1 rounds (0.017 sec)
Wrote distance file to... 
Computing ML distances based on estimated model parameters...
Calculating distance matrix: done in 0.00121689 secs using 99.11% CPU
Computing ML distances took 0.001354 sec (of wall-clock time) 0.001335 sec (of CPU time)
WARNING: Some pairwise ML distances are too long (saturated)
Setting up auxiliary I and S matrices: done in 2.59876e-05 secs using 69.26% CPU
Constructing RapidNJ tree: done in 5.19753e-05 secs using 165.5% CPU
Computing RapidNJ tree took 0.000097 sec (of wall-clock time) 0.000117 sec (of CPU time)
Log-likelihood of RapidNJ tree: -77639.600
--------------------------------------------------------------------
|             INITIALIZING CANDIDATE TREE SET                      |
--------------------------------------------------------------------
Generating 98 parsimony trees... 0.303 second
Computing log-likelihood of 98 initial trees ... 0.255 seconds
Current best score: -77619.175

Do NNI search on 20 best initial trees
Estimate model parameters (epsilon = 0.100)
BETTER TREE FOUND at iteration 1: -77600.456
Iteration 10 / LogL: -77600.816 / Time: 0h:0m:17s
Iteration 20 / LogL: -77603.016 / Time: 0h:0m:18s
Finish initializing candidate tree set (7)
Current best tree score: -77600.456 / CPU time: 1.647
Number of iterations: 20
--------------------------------------------------------------------
|               OPTIMIZING CANDIDATE TREE SET                      |
--------------------------------------------------------------------
Iteration 30 / LogL: -77615.012 / Time: 0h:0m:19s (0h:0m:46s left)
Iteration 40 / LogL: -77603.843 / Time: 0h:0m:19s (0h:0m:30s left)
Iteration 50 / LogL: -77601.542 / Time: 0h:0m:20s (0h:0m:21s left)
Iteration 60 / LogL: -77603.398 / Time: 0h:0m:21s (0h:0m:14s left)
Iteration 70 / LogL: -77602.520 / Time: 0h:0m:21s (0h:0m:9s left)
Iteration 80 / LogL: -77625.313 / Time: 0h:0m:22s (0h:0m:5s left)
Iteration 90 / LogL: -77607.524 / Time: 0h:0m:23s (0h:0m:2s left)
Iteration 100 / LogL: -77601.443 / Time: 0h:0m:23s (0h:0m:0s left)
TREE SEARCH COMPLETED AFTER 102 ITERATIONS / Time: 0h:0m:23s

--------------------------------------------------------------------
|                    FINALIZING TREE SEARCH                        |
--------------------------------------------------------------------
Performs final model parameters optimization
Estimate model parameters (epsilon = 0.010)
1. Initial log-likelihood: -77600.456
Optimal log-likelihood: -77600.419
Rate parameters:  A-C: 1.00000  A-G: 1.00000  A-T: 1.00000  C-G: 1.00000  C-T: 1.00000  G-T: 1.00000
Base frequencies:  A: 0.250  C: 0.250  G: 0.250  T: 0.250
Parameters optimization took 1 rounds (0.005 sec)
BEST SCORE FOUND : -77600.419
Total tree length: 25.564

Total number of iterations: 102
CPU time used for tree search: 7.050 sec (0h:0m:7s)
Wall-clock time used for tree search: 7.076 sec (0h:0m:7s)
Total CPU time used: 25.104 sec (0h:0m:25s)
Total wall-clock time used: 23.909 sec (0h:0m:23s)

Analysis results written to: 
  IQ-TREE report:                exp_baseline/m50_sel0_rep5/iqtree_out.iqtree
  Maximum-likelihood tree:       exp_baseline/m50_sel0_rep5/iqtree_out.treefile
  Likelihood distances:          exp_baseline/m50_sel0_rep5/iqtree_out.mldist
  Screen log file:               exp_baseline/m50_sel0_rep5/iqtree_out.log

Date and Time: Tue May 12 14:51:31 2026
