IQ-TREE version 3.1.1 for MacOS ARM 64-bit built Apr  8 2026
Developed by Bui Quang Minh, Thomas Wong, Nhan Ly-Trong, Huaiyan Ren
Contributed by Lam-Tung Nguyen, Dominik Schrempf, Chris Bielow,
Olga Chernomor, Michael Woodhams, Diep Thi Hoang, Heiko Schmidt

Host:    Noutbuk-maria.local (SSE4.2, 16 GB RAM)
Command: iqtree -s exp_baseline/m1_sel1000_rep1/combined.fasta -m JC -nt AUTO -pre exp_baseline/m1_sel1000_rep1/iqtree_out -seed 1000242 -redo
Seed:    1000242 (Using SPRNG - Scalable Parallel Random Number Generator)
Time:    Tue May 12 13:58:45 2026
Kernel:  SSE2 - auto-detect threads (8 CPU cores detected)

Reading alignment file exp_baseline/m1_sel1000_rep1/combined.fasta ... Fasta format detected
Reading fasta file: done in 0.000716925 secs using 91.36% CPU
Alignment most likely contains DNA/RNA sequences
Constructing alignment: done in 0.00133204 secs using 55.1% CPU
Alignment has 30 sequences with 3000 columns, 2016 distinct patterns
2546 parsimony-informative, 0 singleton sites, 453 constant sites
          Gap/Ambiguity  Composition  p-value
Analyzing sequences: done in 5.4121e-05 secs using 208.8% CPU
   1  taxon_1     0.00%    passed     28.57%
   2  taxon_2     0.00%    passed     96.26%
   3  taxon_3     0.00%    passed     22.72%
   4  taxon_4     0.00%    passed     50.81%
   5  taxon_5     0.00%    passed     36.48%
   6  taxon_6     0.00%    passed     28.67%
   7  taxon_7     0.00%    passed     27.42%
   8  taxon_8     0.00%    passed     92.34%
   9  taxon_9     0.00%    passed     66.30%
  10  taxon_10    0.00%    passed     85.20%
  11  taxon_11    0.00%    passed     76.33%
  12  taxon_12    0.00%    passed     96.69%
  13  taxon_13    0.00%    passed     79.25%
  14  taxon_14    0.00%    passed      5.10%
  15  taxon_15    0.00%    passed      7.51%
  16  taxon_16    0.00%    passed     43.90%
  17  taxon_17    0.00%    passed     17.88%
  18  taxon_18    0.00%    passed     25.29%
  19  taxon_19    0.00%    passed     28.57%
  20  taxon_20    0.00%    passed     84.34%
  21  taxon_21    0.00%    passed     61.43%
  22  taxon_22    0.00%    passed     53.05%
  23  taxon_23    0.00%    passed     30.04%
  24  taxon_24    0.00%    passed     72.85%
  25  taxon_25    0.00%    passed     92.57%
  26  taxon_26    0.00%    passed     60.09%
  27  taxon_27    0.00%    passed     85.89%
  28  taxon_28    0.00%    failed      3.41%
  29  taxon_29    0.00%    passed     65.40%
  30  taxon_30    0.00%    passed     56.99%
****  TOTAL       0.00%  1 sequences failed composition chi2 test (p-value<5%; df=3)
Checking for duplicate sequences: done in 0.000127077 secs using 91.28% CPU

Create initial parsimony tree by phylogenetic likelihood library (PLL)... 0.002 seconds

NOTE: 1 MB RAM (0 GB) is required!
Measuring multi-threading efficiency up to 8 CPU cores
Increase to 10 rounds for branch lengths
407 trees examined
Threads: 1 / Time: 8.015 sec / Speedup: 1.000 / Efficiency: 100% / LogL: -107687
Threads: 2 / Time: 8.615 sec / Speedup: 0.930 / Efficiency: 47% / LogL: -107687
Determining AUTO threadcount: done in 16.6302 secs using 108.3% CPU
BEST NUMBER OF THREADS: 1

Estimate model parameters (epsilon = 0.100)
1. Initial log-likelihood: -96105.382
Optimal log-likelihood: -95707.640
Rate parameters:  A-C: 1.00000  A-G: 1.00000  A-T: 1.00000  C-G: 1.00000  C-T: 1.00000  G-T: 1.00000
Base frequencies:  A: 0.250  C: 0.250  G: 0.250  T: 0.250
Parameters optimization took 1 rounds (0.009 sec)
Wrote distance file to... 
Computing ML distances based on estimated model parameters...
Calculating distance matrix: done in 0.00169301 secs using 99.41% CPU
Computing ML distances took 0.001832 sec (of wall-clock time) 0.001815 sec (of CPU time)
Setting up auxiliary I and S matrices: done in 2.59876e-05 secs using 69.26% CPU
Constructing RapidNJ tree: done in 5.00679e-05 secs using 163.8% CPU
Computing RapidNJ tree took 0.000100 sec (of wall-clock time) 0.000120 sec (of CPU time)
Log-likelihood of RapidNJ tree: -96454.084
--------------------------------------------------------------------
|             INITIALIZING CANDIDATE TREE SET                      |
--------------------------------------------------------------------
Generating 98 parsimony trees... 0.295 second
Computing log-likelihood of 98 initial trees ... 0.240 seconds
Current best score: -95612.209

Do NNI search on 20 best initial trees
Estimate model parameters (epsilon = 0.100)
BETTER TREE FOUND at iteration 1: -95568.228
Iteration 10 / LogL: -95699.083 / Time: 0h:0m:17s
Iteration 20 / LogL: -95911.677 / Time: 0h:0m:17s
Finish initializing candidate tree set (13)
Current best tree score: -95568.228 / CPU time: 1.026
Number of iterations: 20
--------------------------------------------------------------------
|               OPTIMIZING CANDIDATE TREE SET                      |
--------------------------------------------------------------------
Iteration 30 / LogL: -95629.552 / Time: 0h:0m:18s (0h:0m:44s left)
Iteration 40 / LogL: -95629.572 / Time: 0h:0m:18s (0h:0m:28s left)
Iteration 50 / LogL: -95597.745 / Time: 0h:0m:18s (0h:0m:19s left)
Iteration 60 / LogL: -95596.215 / Time: 0h:0m:19s (0h:0m:13s left)
Iteration 70 / LogL: -96303.108 / Time: 0h:0m:19s (0h:0m:8s left)
Iteration 80 / LogL: -95626.626 / Time: 0h:0m:19s (0h:0m:5s left)
Iteration 90 / LogL: -95626.892 / Time: 0h:0m:20s (0h:0m:2s left)
Iteration 100 / LogL: -95595.899 / Time: 0h:0m:20s (0h:0m:0s left)
TREE SEARCH COMPLETED AFTER 102 ITERATIONS / Time: 0h:0m:20s

--------------------------------------------------------------------
|                    FINALIZING TREE SEARCH                        |
--------------------------------------------------------------------
Performs final model parameters optimization
Estimate model parameters (epsilon = 0.010)
1. Initial log-likelihood: -95568.228
Optimal log-likelihood: -95568.228
Rate parameters:  A-C: 1.00000  A-G: 1.00000  A-T: 1.00000  C-G: 1.00000  C-T: 1.00000  G-T: 1.00000
Base frequencies:  A: 0.250  C: 0.250  G: 0.250  T: 0.250
Parameters optimization took 1 rounds (0.003 sec)
BEST SCORE FOUND : -95568.228
Total tree length: 12.252

Total number of iterations: 102
CPU time used for tree search: 3.955 sec (0h:0m:3s)
Wall-clock time used for tree search: 3.964 sec (0h:0m:3s)
Total CPU time used: 22.008 sec (0h:0m:22s)
Total wall-clock time used: 20.629 sec (0h:0m:20s)

Analysis results written to: 
  IQ-TREE report:                exp_baseline/m1_sel1000_rep1/iqtree_out.iqtree
  Maximum-likelihood tree:       exp_baseline/m1_sel1000_rep1/iqtree_out.treefile
  Likelihood distances:          exp_baseline/m1_sel1000_rep1/iqtree_out.mldist
  Screen log file:               exp_baseline/m1_sel1000_rep1/iqtree_out.log

Date and Time: Tue May 12 13:59:06 2026
