IQ-TREE version 3.1.1 for MacOS ARM 64-bit built Apr  8 2026
Developed by Bui Quang Minh, Thomas Wong, Nhan Ly-Trong, Huaiyan Ren
Contributed by Lam-Tung Nguyen, Dominik Schrempf, Chris Bielow,
Olga Chernomor, Michael Woodhams, Diep Thi Hoang, Heiko Schmidt

Host:    Noutbuk-maria.local (SSE4.2, 16 GB RAM)
Command: iqtree -s exp_baseline/m5_sel500_rep4/combined.fasta -m JC -nt AUTO -pre exp_baseline/m5_sel500_rep4/iqtree_out -seed 500942 -redo
Seed:    500942 (Using SPRNG - Scalable Parallel Random Number Generator)
Time:    Tue May 12 14:21:45 2026
Kernel:  SSE2 - auto-detect threads (8 CPU cores detected)

Reading alignment file exp_baseline/m5_sel500_rep4/combined.fasta ... Fasta format detected
Reading fasta file: done in 0.000588179 secs using 91.13% CPU
Alignment most likely contains DNA/RNA sequences
Constructing alignment: done in 0.00114799 secs using 56.27% CPU
Alignment has 30 sequences with 2500 columns, 2016 distinct patterns
2412 parsimony-informative, 0 singleton sites, 88 constant sites
          Gap/Ambiguity  Composition  p-value
Analyzing sequences: done in 5.29289e-05 secs using 205.9% CPU
   1  taxon_1     0.00%    passed     89.48%
   2  taxon_2     0.00%    passed     43.80%
   3  taxon_3     0.00%    passed     37.12%
   4  taxon_4     0.00%    passed     59.00%
   5  taxon_5     0.00%    passed     56.46%
   6  taxon_6     0.00%    passed     40.83%
   7  taxon_7     0.00%    passed     13.79%
   8  taxon_8     0.00%    passed     11.35%
   9  taxon_9     0.00%    passed     41.97%
  10  taxon_10    0.00%    passed     13.10%
  11  taxon_11    0.00%    passed     87.97%
  12  taxon_12    0.00%    passed     37.53%
  13  taxon_13    0.00%    passed     99.21%
  14  taxon_14    0.00%    passed     34.09%
  15  taxon_15    0.00%    passed     52.48%
  16  taxon_16    0.00%    passed     94.96%
  17  taxon_17    0.00%    passed     73.53%
  18  taxon_18    0.00%    passed     90.25%
  19  taxon_19    0.00%    passed     78.74%
  20  taxon_20    0.00%    passed      8.55%
  21  taxon_21    0.00%    passed     33.07%
  22  taxon_22    0.00%    passed     71.15%
  23  taxon_23    0.00%    passed     91.29%
  24  taxon_24    0.00%    passed     23.23%
  25  taxon_25    0.00%    passed     16.38%
  26  taxon_26    0.00%    failed      0.80%
  27  taxon_27    0.00%    passed     68.44%
  28  taxon_28    0.00%    passed     97.09%
  29  taxon_29    0.00%    passed     35.01%
  30  taxon_30    0.00%    passed     38.51%
****  TOTAL       0.00%  1 sequences failed composition chi2 test (p-value<5%; df=3)
Checking for duplicate sequences: done in 0.000133038 secs using 87.95% CPU

Create initial parsimony tree by phylogenetic likelihood library (PLL)... 0.002 seconds

NOTE: 1 MB RAM (0 GB) is required!
Measuring multi-threading efficiency up to 8 CPU cores
Increase to 10 rounds for branch lengths
398 trees examined
Threads: 1 / Time: 8.007 sec / Speedup: 1.000 / Efficiency: 100% / LogL: -97400
Threads: 2 / Time: 8.812 sec / Speedup: 0.909 / Efficiency: 45% / LogL: -97400
Determining AUTO threadcount: done in 16.8185 secs using 107.9% CPU
BEST NUMBER OF THREADS: 1

Estimate model parameters (epsilon = 0.100)
1. Initial log-likelihood: -90019.997
Optimal log-likelihood: -89509.874
Rate parameters:  A-C: 1.00000  A-G: 1.00000  A-T: 1.00000  C-G: 1.00000  C-T: 1.00000  G-T: 1.00000
Base frequencies:  A: 0.250  C: 0.250  G: 0.250  T: 0.250
Parameters optimization took 1 rounds (0.014 sec)
Wrote distance file to... 
Computing ML distances based on estimated model parameters...
Calculating distance matrix: done in 0.001436 secs using 99.23% CPU
Computing ML distances took 0.001580 sec (of wall-clock time) 0.001553 sec (of CPU time)
WARNING: Some pairwise ML distances are too long (saturated)
Setting up auxiliary I and S matrices: done in 2.28882e-05 secs using 69.91% CPU
Constructing RapidNJ tree: done in 4.60148e-05 secs using 156.5% CPU
Computing RapidNJ tree took 0.000086 sec (of wall-clock time) 0.000102 sec (of CPU time)
Log-likelihood of RapidNJ tree: -90119.623
--------------------------------------------------------------------
|             INITIALIZING CANDIDATE TREE SET                      |
--------------------------------------------------------------------
Generating 98 parsimony trees... 0.300 second
Computing log-likelihood of 98 initial trees ... 0.232 seconds
Current best score: -89224.562

Do NNI search on 20 best initial trees
Estimate model parameters (epsilon = 0.100)
BETTER TREE FOUND at iteration 1: -89098.393
Iteration 10 / LogL: -89119.398 / Time: 0h:0m:17s
Iteration 20 / LogL: -89103.984 / Time: 0h:0m:18s
Finish initializing candidate tree set (12)
Current best tree score: -89098.393 / CPU time: 1.281
Number of iterations: 20
--------------------------------------------------------------------
|               OPTIMIZING CANDIDATE TREE SET                      |
--------------------------------------------------------------------
Iteration 30 / LogL: -89102.021 / Time: 0h:0m:18s (0h:0m:45s left)
Iteration 40 / LogL: -89098.801 / Time: 0h:0m:18s (0h:0m:29s left)
Estimate model parameters (epsilon = 0.100)
BETTER TREE FOUND at iteration 45: -89092.593
Iteration 50 / LogL: -89099.725 / Time: 0h:0m:19s (0h:0m:37s left)
Iteration 60 / LogL: -89102.156 / Time: 0h:0m:19s (0h:0m:28s left)
Estimate model parameters (epsilon = 0.100)
BETTER TREE FOUND at iteration 61: -89091.425
Iteration 70 / LogL: -89093.215 / Time: 0h:0m:20s (0h:0m:26s left)
Iteration 80 / LogL: -89105.097 / Time: 0h:0m:20s (0h:0m:21s left)
Iteration 90 / LogL: -89091.679 / Time: 0h:0m:21s (0h:0m:16s left)
Iteration 100 / LogL: -89092.015 / Time: 0h:0m:21s (0h:0m:13s left)
Iteration 110 / LogL: -89091.632 / Time: 0h:0m:22s (0h:0m:10s left)
Iteration 120 / LogL: -89093.661 / Time: 0h:0m:22s (0h:0m:7s left)
Iteration 130 / LogL: -89105.860 / Time: 0h:0m:22s (0h:0m:5s left)
Iteration 140 / LogL: -89108.158 / Time: 0h:0m:23s (0h:0m:3s left)
Iteration 150 / LogL: -89093.354 / Time: 0h:0m:23s (0h:0m:1s left)
Iteration 160 / LogL: -89091.696 / Time: 0h:0m:24s (0h:0m:0s left)
TREE SEARCH COMPLETED AFTER 162 ITERATIONS / Time: 0h:0m:24s

--------------------------------------------------------------------
|                    FINALIZING TREE SEARCH                        |
--------------------------------------------------------------------
Performs final model parameters optimization
Estimate model parameters (epsilon = 0.010)
1. Initial log-likelihood: -89091.425
Optimal log-likelihood: -89091.424
Rate parameters:  A-C: 1.00000  A-G: 1.00000  A-T: 1.00000  C-G: 1.00000  C-T: 1.00000  G-T: 1.00000
Base frequencies:  A: 0.250  C: 0.250  G: 0.250  T: 0.250
Parameters optimization took 1 rounds (0.003 sec)
BEST SCORE FOUND : -89091.424
Total tree length: 16.978

Total number of iterations: 162
CPU time used for tree search: 7.275 sec (0h:0m:7s)
Wall-clock time used for tree search: 7.317 sec (0h:0m:7s)
Total CPU time used: 25.477 sec (0h:0m:25s)
Total wall-clock time used: 24.185 sec (0h:0m:24s)

Analysis results written to: 
  IQ-TREE report:                exp_baseline/m5_sel500_rep4/iqtree_out.iqtree
  Maximum-likelihood tree:       exp_baseline/m5_sel500_rep4/iqtree_out.treefile
  Likelihood distances:          exp_baseline/m5_sel500_rep4/iqtree_out.mldist
  Screen log file:               exp_baseline/m5_sel500_rep4/iqtree_out.log

Date and Time: Tue May 12 14:22:09 2026
