IQ-TREE version 3.1.1 for MacOS ARM 64-bit built Apr  8 2026
Developed by Bui Quang Minh, Thomas Wong, Nhan Ly-Trong, Huaiyan Ren
Contributed by Lam-Tung Nguyen, Dominik Schrempf, Chris Bielow,
Olga Chernomor, Michael Woodhams, Diep Thi Hoang, Heiko Schmidt

Host:    Noutbuk-maria.local (SSE4.2, 16 GB RAM)
Command: iqtree -s exp_stable_0.0001/m0_sel1_rep4/neutral.fasta -m JC -nt AUTO -pre exp_stable_0.0001/m0_sel1_rep4/iqtree_out -seed 1442 -redo
Seed:    1442 (Using SPRNG - Scalable Parallel Random Number Generator)
Time:    Mon May 18 14:17:18 2026
Kernel:  SSE2 - auto-detect threads (8 CPU cores detected)

Reading alignment file exp_stable_0.0001/m0_sel1_rep4/neutral.fasta ... Fasta format detected
Reading fasta file: done in 0.00116992 secs using 90.01% CPU
Alignment most likely contains DNA/RNA sequences
Constructing alignment: done in 0.00126386 secs using 59.18% CPU
Alignment has 50 sequences with 3000 columns, 740 distinct patterns
446 parsimony-informative, 651 singleton sites, 1903 constant sites
          Gap/Ambiguity  Composition  p-value
Analyzing sequences: done in 4.72069e-05 secs using 146.2% CPU
   1  taxon_1     0.00%    passed     99.31%
   2  taxon_2     0.00%    passed     98.61%
   3  taxon_3     0.00%    passed     97.02%
   4  taxon_4     0.00%    passed     99.14%
   5  taxon_5     0.00%    passed     99.96%
   6  taxon_6     0.00%    passed     95.98%
   7  taxon_7     0.00%    passed     98.49%
   8  taxon_8     0.00%    passed     99.29%
   9  taxon_9     0.00%    passed     97.74%
  10  taxon_10    0.00%    passed     98.37%
  11  taxon_11    0.00%    passed     97.54%
  12  taxon_12    0.00%    passed     96.60%
  13  taxon_13    0.00%    passed     97.77%
  14  taxon_14    0.00%    passed     98.83%
  15  taxon_15    0.00%    passed     99.92%
  16  taxon_16    0.00%    passed     95.27%
  17  taxon_17    0.00%    passed     96.79%
  18  taxon_18    0.00%    passed     96.14%
  19  taxon_19    0.00%    passed     99.90%
  20  taxon_20    0.00%    passed     99.92%
  21  taxon_21    0.00%    passed     99.78%
  22  taxon_22    0.00%    passed     99.88%
  23  taxon_23    0.00%    passed     99.71%
  24  taxon_24    0.00%    passed     99.62%
  25  taxon_25    0.00%    passed     91.82%
  26  taxon_26    0.00%    passed     96.86%
  27  taxon_27    0.00%    passed     99.44%
  28  taxon_28    0.00%    passed     98.74%
  29  taxon_29    0.00%    passed     99.41%
  30  taxon_30    0.00%    passed     98.64%
  31  taxon_31    0.00%    passed     99.93%
  32  taxon_32    0.00%    passed     97.48%
  33  taxon_33    0.00%    passed     98.04%
  34  taxon_34    0.00%    passed     99.49%
  35  taxon_35    0.00%    passed     99.50%
  36  taxon_36    0.00%    passed     95.85%
  37  taxon_37    0.00%    passed     97.92%
  38  taxon_38    0.00%    passed     97.30%
  39  taxon_39    0.00%    passed     99.46%
  40  taxon_40    0.00%    passed     97.09%
  41  taxon_41    0.00%    passed     99.98%
  42  taxon_42    0.00%    passed     94.84%
  43  taxon_43    0.00%    passed     97.33%
  44  taxon_44    0.00%    passed     97.85%
  45  taxon_45    0.00%    passed     99.22%
  46  taxon_46    0.00%    passed     97.56%
  47  taxon_47    0.00%    passed     96.99%
  48  taxon_48    0.00%    passed     99.58%
  49  taxon_49    0.00%    passed     99.46%
  50  taxon_50    0.00%    passed     97.81%
****  TOTAL       0.00%  0 sequences failed composition chi2 test (p-value<5%; df=3)
Checking for duplicate sequences: done in 0.000102043 secs using 86.24% CPU

Create initial parsimony tree by phylogenetic likelihood library (PLL)... 0.002 seconds

NOTE: 1 MB RAM (0 GB) is required!
Measuring multi-threading efficiency up to 8 CPU cores
Increase to 10 rounds for branch lengths
1081 trees examined
Threads: 1 / Time: 8.004 sec / Speedup: 1.000 / Efficiency: 100% / LogL: -20346
Threads: 2 / Time: 10.569 sec / Speedup: 0.757 / Efficiency: 38% / LogL: -20346
Determining AUTO threadcount: done in 18.573 secs using 102.2% CPU
BEST NUMBER OF THREADS: 1

Estimate model parameters (epsilon = 0.100)
1. Initial log-likelihood: -13802.633
Optimal log-likelihood: -13800.286
Rate parameters:  A-C: 1.00000  A-G: 1.00000  A-T: 1.00000  C-G: 1.00000  C-T: 1.00000  G-T: 1.00000
Base frequencies:  A: 0.250  C: 0.250  G: 0.250  T: 0.250
Parameters optimization took 1 rounds (0.003 sec)
Wrote distance file to... 
Computing ML distances based on estimated model parameters...
Calculating distance matrix: done in 0.00253081 secs using 99.14% CPU
Computing ML distances took 0.002612 sec (of wall-clock time) 0.002585 sec (of CPU time)
Setting up auxiliary I and S matrices: done in 4.72069e-05 secs using 78.38% CPU
Constructing RapidNJ tree: done in 0.000102043 secs using 173.5% CPU
Computing RapidNJ tree took 0.000167 sec (of wall-clock time) 0.000239 sec (of CPU time)
Log-likelihood of RapidNJ tree: -13813.483
--------------------------------------------------------------------
|             INITIALIZING CANDIDATE TREE SET                      |
--------------------------------------------------------------------
Generating 98 parsimony trees... 0.165 second
Computing log-likelihood of 98 initial trees ... 0.154 seconds
Current best score: -13800.284

Do NNI search on 20 best initial trees
Estimate model parameters (epsilon = 0.100)
BETTER TREE FOUND at iteration 1: -13800.282
UPDATE BEST LOG-LIKELIHOOD: -13800.282
Iteration 10 / LogL: -13800.282 / Time: 0h:0m:19s
Iteration 20 / LogL: -13800.286 / Time: 0h:0m:19s
Finish initializing candidate tree set (1)
Current best tree score: -13800.282 / CPU time: 0.513
Number of iterations: 20
--------------------------------------------------------------------
|               OPTIMIZING CANDIDATE TREE SET                      |
--------------------------------------------------------------------
Iteration 30 / LogL: -13800.288 / Time: 0h:0m:19s (0h:0m:47s left)
Iteration 40 / LogL: -13800.288 / Time: 0h:0m:19s (0h:0m:30s left)
Iteration 50 / LogL: -13800.290 / Time: 0h:0m:19s (0h:0m:20s left)
Iteration 60 / LogL: -13800.286 / Time: 0h:0m:20s (0h:0m:13s left)
Iteration 70 / LogL: -13800.290 / Time: 0h:0m:20s (0h:0m:9s left)
Iteration 80 / LogL: -13800.287 / Time: 0h:0m:20s (0h:0m:5s left)
Iteration 90 / LogL: -13800.285 / Time: 0h:0m:20s (0h:0m:2s left)
Iteration 100 / LogL: -13800.294 / Time: 0h:0m:21s (0h:0m:0s left)
TREE SEARCH COMPLETED AFTER 102 ITERATIONS / Time: 0h:0m:21s

--------------------------------------------------------------------
|                    FINALIZING TREE SEARCH                        |
--------------------------------------------------------------------
Performs final model parameters optimization
Estimate model parameters (epsilon = 0.010)
1. Initial log-likelihood: -13800.282
Optimal log-likelihood: -13800.282
Rate parameters:  A-C: 1.00000  A-G: 1.00000  A-T: 1.00000  C-G: 1.00000  C-T: 1.00000  G-T: 1.00000
Base frequencies:  A: 0.250  C: 0.250  G: 0.250  T: 0.250
Parameters optimization took 1 rounds (0.002 sec)
BEST SCORE FOUND : -13800.282
Total tree length: 0.456

Total number of iterations: 102
CPU time used for tree search: 2.503 sec (0h:0m:2s)
Wall-clock time used for tree search: 2.540 sec (0h:0m:2s)
Total CPU time used: 21.493 sec (0h:0m:21s)
Total wall-clock time used: 21.135 sec (0h:0m:21s)

Analysis results written to: 
  IQ-TREE report:                exp_stable_0.0001/m0_sel1_rep4/iqtree_out.iqtree
  Maximum-likelihood tree:       exp_stable_0.0001/m0_sel1_rep4/iqtree_out.treefile
  Likelihood distances:          exp_stable_0.0001/m0_sel1_rep4/iqtree_out.mldist
  Screen log file:               exp_stable_0.0001/m0_sel1_rep4/iqtree_out.log

Date and Time: Mon May 18 14:17:39 2026
