IQ-TREE version 3.1.1 for MacOS ARM 64-bit built Apr  8 2026
Developed by Bui Quang Minh, Thomas Wong, Nhan Ly-Trong, Huaiyan Ren
Contributed by Lam-Tung Nguyen, Dominik Schrempf, Chris Bielow,
Olga Chernomor, Michael Woodhams, Diep Thi Hoang, Heiko Schmidt

Host:    Noutbuk-maria.local (SSE4.2, 16 GB RAM)
Command: iqtree -s exp_baseline/m200_sel50_rep5/combined.fasta -m JC -nt AUTO -pre exp_baseline/m200_sel50_rep5/iqtree_out -seed 70542 -redo
Seed:    70542 (Using SPRNG - Scalable Parallel Random Number Generator)
Time:    Tue May 12 15:18:27 2026
Kernel:  SSE2 - auto-detect threads (8 CPU cores detected)

Reading alignment file exp_baseline/m200_sel50_rep5/combined.fasta ... Fasta format detected
Reading fasta file: done in 0.00050211 secs using 91.02% CPU
Alignment most likely contains DNA/RNA sequences
Constructing alignment: done in 0.000948906 secs using 57.86% CPU
Alignment has 30 sequences with 2050 columns, 2011 distinct patterns
2050 parsimony-informative, 0 singleton sites, 0 constant sites
          Gap/Ambiguity  Composition  p-value
Analyzing sequences: done in 5.10216e-05 secs using 245% CPU
   1  taxon_1     0.00%    passed     95.05%
   2  taxon_2     0.00%    passed     26.83%
   3  taxon_3     0.00%    passed     74.37%
   4  taxon_4     0.00%    failed      4.82%
   5  taxon_5     0.00%    passed     69.22%
   6  taxon_6     0.00%    passed     42.75%
   7  taxon_7     0.00%    passed     38.98%
   8  taxon_8     0.00%    passed     43.60%
   9  taxon_9     0.00%    passed     33.89%
  10  taxon_10    0.00%    passed     30.79%
  11  taxon_11    0.00%    passed     82.47%
  12  taxon_12    0.00%    passed     26.45%
  13  taxon_13    0.00%    passed     26.52%
  14  taxon_14    0.00%    passed     76.59%
  15  taxon_15    0.00%    passed     78.82%
  16  taxon_16    0.00%    failed      3.80%
  17  taxon_17    0.00%    passed     54.46%
  18  taxon_18    0.00%    passed     19.71%
  19  taxon_19    0.00%    passed     65.45%
  20  taxon_20    0.00%    passed     15.88%
  21  taxon_21    0.00%    passed     83.95%
  22  taxon_22    0.00%    passed     86.99%
  23  taxon_23    0.00%    passed     71.00%
  24  taxon_24    0.00%    passed     38.41%
  25  taxon_25    0.00%    passed     15.37%
  26  taxon_26    0.00%    passed     95.78%
  27  taxon_27    0.00%    passed     93.05%
  28  taxon_28    0.00%    passed     31.47%
  29  taxon_29    0.00%    passed     38.74%
  30  taxon_30    0.00%    passed     53.27%
****  TOTAL       0.00%  2 sequences failed composition chi2 test (p-value<5%; df=3)
Checking for duplicate sequences: done in 0.000128031 secs using 91.38% CPU

Create initial parsimony tree by phylogenetic likelihood library (PLL)... 0.002 seconds

NOTE: 1 MB RAM (0 GB) is required!
Measuring multi-threading efficiency up to 8 CPU cores
Increase to 10 rounds for branch lengths
371 trees examined
Threads: 1 / Time: 8.013 sec / Speedup: 1.000 / Efficiency: 100% / LogL: -83343
Threads: 2 / Time: 8.724 sec / Speedup: 0.919 / Efficiency: 46% / LogL: -83343
Determining AUTO threadcount: done in 16.7379 secs using 107.6% CPU
BEST NUMBER OF THREADS: 1

Estimate model parameters (epsilon = 0.100)
1. Initial log-likelihood: -78216.944
Optimal log-likelihood: -77649.669
Rate parameters:  A-C: 1.00000  A-G: 1.00000  A-T: 1.00000  C-G: 1.00000  C-T: 1.00000  G-T: 1.00000
Base frequencies:  A: 0.250  C: 0.250  G: 0.250  T: 0.250
Parameters optimization took 1 rounds (0.022 sec)
Wrote distance file to... 
Computing ML distances based on estimated model parameters...
Calculating distance matrix: done in 0.00126386 secs using 99.38% CPU
Computing ML distances took 0.001404 sec (of wall-clock time) 0.001387 sec (of CPU time)
WARNING: Some pairwise ML distances are too long (saturated)
Setting up auxiliary I and S matrices: done in 2.40803e-05 secs using 74.75% CPU
Constructing RapidNJ tree: done in 4.91142e-05 secs using 167% CPU
Computing RapidNJ tree took 0.000096 sec (of wall-clock time) 0.000115 sec (of CPU time)
Log-likelihood of RapidNJ tree: -77662.985
--------------------------------------------------------------------
|             INITIALIZING CANDIDATE TREE SET                      |
--------------------------------------------------------------------
Generating 98 parsimony trees... 0.316 second
Computing log-likelihood of 98 initial trees ... 0.249 seconds
Current best score: -77649.669

Do NNI search on 20 best initial trees
Estimate model parameters (epsilon = 0.100)
BETTER TREE FOUND at iteration 1: -77646.219
Estimate model parameters (epsilon = 0.100)
BETTER TREE FOUND at iteration 2: -77638.079
Estimate model parameters (epsilon = 0.100)
BETTER TREE FOUND at iteration 5: -77632.457
Iteration 10 / LogL: -77653.218 / Time: 0h:0m:17s
Iteration 20 / LogL: -77634.361 / Time: 0h:0m:18s
Finish initializing candidate tree set (16)
Current best tree score: -77632.457 / CPU time: 1.918
Number of iterations: 20
--------------------------------------------------------------------
|               OPTIMIZING CANDIDATE TREE SET                      |
--------------------------------------------------------------------
Iteration 30 / LogL: -77633.296 / Time: 0h:0m:19s (0h:0m:50s left)
Iteration 40 / LogL: -77660.825 / Time: 0h:0m:20s (0h:0m:33s left)
Estimate model parameters (epsilon = 0.100)
UPDATE BEST LOG-LIKELIHOOD: -77631.465
Iteration 50 / LogL: -77633.408 / Time: 0h:0m:20s (0h:0m:23s left)
Iteration 60 / LogL: -77635.046 / Time: 0h:0m:21s (0h:0m:16s left)
Iteration 70 / LogL: -77747.677 / Time: 0h:0m:22s (0h:0m:11s left)
Iteration 80 / LogL: -77632.230 / Time: 0h:0m:23s (0h:0m:7s left)
Iteration 90 / LogL: -77632.335 / Time: 0h:0m:23s (0h:0m:4s left)
Iteration 100 / LogL: -77642.223 / Time: 0h:0m:24s (0h:0m:1s left)
TREE SEARCH COMPLETED AFTER 106 ITERATIONS / Time: 0h:0m:24s

--------------------------------------------------------------------
|                    FINALIZING TREE SEARCH                        |
--------------------------------------------------------------------
Performs final model parameters optimization
Estimate model parameters (epsilon = 0.010)
1. Initial log-likelihood: -77631.465
Optimal log-likelihood: -77631.422
Rate parameters:  A-C: 1.00000  A-G: 1.00000  A-T: 1.00000  C-G: 1.00000  C-T: 1.00000  G-T: 1.00000
Base frequencies:  A: 0.250  C: 0.250  G: 0.250  T: 0.250
Parameters optimization took 1 rounds (0.005 sec)
BEST SCORE FOUND : -77631.422
Total tree length: 24.437

Total number of iterations: 106
CPU time used for tree search: 8.135 sec (0h:0m:8s)
Wall-clock time used for tree search: 8.150 sec (0h:0m:8s)
Total CPU time used: 26.248 sec (0h:0m:26s)
Total wall-clock time used: 24.989 sec (0h:0m:24s)

Analysis results written to: 
  IQ-TREE report:                exp_baseline/m200_sel50_rep5/iqtree_out.iqtree
  Maximum-likelihood tree:       exp_baseline/m200_sel50_rep5/iqtree_out.treefile
  Likelihood distances:          exp_baseline/m200_sel50_rep5/iqtree_out.mldist
  Screen log file:               exp_baseline/m200_sel50_rep5/iqtree_out.log

Date and Time: Tue May 12 15:18:52 2026
