IQ-TREE version 3.1.1 for MacOS ARM 64-bit built Apr  8 2026
Developed by Bui Quang Minh, Thomas Wong, Nhan Ly-Trong, Huaiyan Ren
Contributed by Lam-Tung Nguyen, Dominik Schrempf, Chris Bielow,
Olga Chernomor, Michael Woodhams, Diep Thi Hoang, Heiko Schmidt

Host:    Noutbuk-maria.local (SSE4.2, 16 GB RAM)
Command: iqtree -s exp_baseline/m100_sel0_rep1/combined.fasta -m JC -nt AUTO -pre exp_baseline/m100_sel0_rep1/iqtree_out -seed 10142 -redo
Seed:    10142 (Using SPRNG - Scalable Parallel Random Number Generator)
Time:    Tue May 12 15:01:25 2026
Kernel:  SSE2 - auto-detect threads (8 CPU cores detected)

Reading alignment file exp_baseline/m100_sel0_rep1/combined.fasta ... Fasta format detected
Reading fasta file: done in 0.000478029 secs using 91% CPU
NOTE: Change sequence name 'taxon 1' -> taxon_1
NOTE: Change sequence name 'taxon 2' -> taxon_2
NOTE: Change sequence name 'taxon 3' -> taxon_3
NOTE: Change sequence name 'taxon 4' -> taxon_4
NOTE: Change sequence name 'taxon 5' -> taxon_5
NOTE: Change sequence name 'taxon 6' -> taxon_6
NOTE: Change sequence name 'taxon 7' -> taxon_7
NOTE: Change sequence name 'taxon 8' -> taxon_8
NOTE: Change sequence name 'taxon 9' -> taxon_9
NOTE: Change sequence name 'taxon 10' -> taxon_10
NOTE: Change sequence name 'taxon 11' -> taxon_11
NOTE: Change sequence name 'taxon 12' -> taxon_12
NOTE: Change sequence name 'taxon 13' -> taxon_13
NOTE: Change sequence name 'taxon 14' -> taxon_14
NOTE: Change sequence name 'taxon 15' -> taxon_15
NOTE: Change sequence name 'taxon 16' -> taxon_16
NOTE: Change sequence name 'taxon 17' -> taxon_17
NOTE: Change sequence name 'taxon 18' -> taxon_18
NOTE: Change sequence name 'taxon 19' -> taxon_19
NOTE: Change sequence name 'taxon 20' -> taxon_20
NOTE: Change sequence name 'taxon 21' -> taxon_21
NOTE: Change sequence name 'taxon 22' -> taxon_22
NOTE: Change sequence name 'taxon 23' -> taxon_23
NOTE: Change sequence name 'taxon 24' -> taxon_24
NOTE: Change sequence name 'taxon 25' -> taxon_25
NOTE: Change sequence name 'taxon 26' -> taxon_26
NOTE: Change sequence name 'taxon 27' -> taxon_27
NOTE: Change sequence name 'taxon 28' -> taxon_28
NOTE: Change sequence name 'taxon 29' -> taxon_29
NOTE: Change sequence name 'taxon 30' -> taxon_30
Alignment most likely contains DNA/RNA sequences
Constructing alignment: done in 0.000987053 secs using 57.04% CPU
Alignment has 30 sequences with 2000 columns, 2000 distinct patterns
2000 parsimony-informative, 0 singleton sites, 0 constant sites
          Gap/Ambiguity  Composition  p-value
Analyzing sequences: done in 5.4121e-05 secs using 223.6% CPU
   1  taxon_1     0.00%    passed     99.39%
   2  taxon_2     0.00%    passed     16.59%
   3  taxon_3     0.00%    passed     37.16%
   4  taxon_4     0.00%    passed     98.87%
   5  taxon_5     0.00%    passed     99.64%
   6  taxon_6     0.00%    passed     17.92%
   7  taxon_7     0.00%    passed     79.02%
   8  taxon_8     0.00%    passed     75.42%
   9  taxon_9     0.00%    passed     93.18%
  10  taxon_10    0.00%    passed     10.66%
  11  taxon_11    0.00%    passed     36.34%
  12  taxon_12    0.00%    passed     56.51%
  13  taxon_13    0.00%    passed     18.02%
  14  taxon_14    0.00%    passed     25.92%
  15  taxon_15    0.00%    failed      3.13%
  16  taxon_16    0.00%    passed     20.01%
  17  taxon_17    0.00%    passed     50.09%
  18  taxon_18    0.00%    passed     56.63%
  19  taxon_19    0.00%    passed     25.29%
  20  taxon_20    0.00%    passed     62.73%
  21  taxon_21    0.00%    passed     27.11%
  22  taxon_22    0.00%    passed     48.91%
  23  taxon_23    0.00%    passed     69.81%
  24  taxon_24    0.00%    passed     94.68%
  25  taxon_25    0.00%    passed     56.19%
  26  taxon_26    0.00%    passed     92.03%
  27  taxon_27    0.00%    passed     46.06%
  28  taxon_28    0.00%    passed     21.59%
  29  taxon_29    0.00%    passed     92.45%
  30  taxon_30    0.00%    passed     60.45%
****  TOTAL       0.00%  1 sequences failed composition chi2 test (p-value<5%; df=3)
Checking for duplicate sequences: done in 0.000129938 secs using 90.04% CPU

Create initial parsimony tree by phylogenetic likelihood library (PLL)... 0.002 seconds

NOTE: 1 MB RAM (0 GB) is required!
Measuring multi-threading efficiency up to 8 CPU cores
Increase to 10 rounds for branch lengths
374 trees examined
Threads: 1 / Time: 8.004 sec / Speedup: 1.000 / Efficiency: 100% / LogL: -81153
Threads: 2 / Time: 8.666 sec / Speedup: 0.924 / Efficiency: 46% / LogL: -81153
Determining AUTO threadcount: done in 16.6703 secs using 107.5% CPU
BEST NUMBER OF THREADS: 1

Estimate model parameters (epsilon = 0.100)
1. Initial log-likelihood: -75706.268
Optimal log-likelihood: -75122.183
Rate parameters:  A-C: 1.00000  A-G: 1.00000  A-T: 1.00000  C-G: 1.00000  C-T: 1.00000  G-T: 1.00000
Base frequencies:  A: 0.250  C: 0.250  G: 0.250  T: 0.250
Parameters optimization took 1 rounds (0.019 sec)
Wrote distance file to... 
Computing ML distances based on estimated model parameters...
Calculating distance matrix: done in 0.00125194 secs using 98.73% CPU
Computing ML distances took 0.001410 sec (of wall-clock time) 0.001374 sec (of CPU time)
WARNING: Some pairwise ML distances are too long (saturated)
Setting up auxiliary I and S matrices: done in 2.40803e-05 secs using 74.75% CPU
Constructing RapidNJ tree: done in 4.91142e-05 secs using 164.9% CPU
Computing RapidNJ tree took 0.000099 sec (of wall-clock time) 0.000122 sec (of CPU time)
Log-likelihood of RapidNJ tree: -75208.370
--------------------------------------------------------------------
|             INITIALIZING CANDIDATE TREE SET                      |
--------------------------------------------------------------------
Generating 98 parsimony trees... 0.274 second
Computing log-likelihood of 98 initial trees ... 0.251 seconds
Current best score: -75122.183

Do NNI search on 20 best initial trees
Estimate model parameters (epsilon = 0.100)
BETTER TREE FOUND at iteration 1: -75106.397
Iteration 10 / LogL: -75128.602 / Time: 0h:0m:17s
Iteration 20 / LogL: -75156.054 / Time: 0h:0m:18s
Finish initializing candidate tree set (9)
Current best tree score: -75106.397 / CPU time: 1.925
Number of iterations: 20
--------------------------------------------------------------------
|               OPTIMIZING CANDIDATE TREE SET                      |
--------------------------------------------------------------------
Iteration 30 / LogL: -75430.861 / Time: 0h:0m:19s (0h:0m:47s left)
Iteration 40 / LogL: -75111.374 / Time: 0h:0m:20s (0h:0m:31s left)
Iteration 50 / LogL: -75108.593 / Time: 0h:0m:20s (0h:0m:21s left)
Iteration 60 / LogL: -75108.010 / Time: 0h:0m:21s (0h:0m:15s left)
Iteration 70 / LogL: -75108.157 / Time: 0h:0m:22s (0h:0m:10s left)
Iteration 80 / LogL: -75114.056 / Time: 0h:0m:23s (0h:0m:6s left)
Iteration 90 / LogL: -75108.402 / Time: 0h:0m:24s (0h:0m:2s left)
Iteration 100 / LogL: -75139.495 / Time: 0h:0m:24s (0h:0m:0s left)
TREE SEARCH COMPLETED AFTER 102 ITERATIONS / Time: 0h:0m:24s

--------------------------------------------------------------------
|                    FINALIZING TREE SEARCH                        |
--------------------------------------------------------------------
Performs final model parameters optimization
Estimate model parameters (epsilon = 0.010)
1. Initial log-likelihood: -75106.397
Optimal log-likelihood: -75106.184
Rate parameters:  A-C: 1.00000  A-G: 1.00000  A-T: 1.00000  C-G: 1.00000  C-T: 1.00000  G-T: 1.00000
Base frequencies:  A: 0.250  C: 0.250  G: 0.250  T: 0.250
Parameters optimization took 1 rounds (0.012 sec)
BEST SCORE FOUND : -75106.184
Total tree length: 24.987

Total number of iterations: 102
CPU time used for tree search: 8.172 sec (0h:0m:8s)
Wall-clock time used for tree search: 8.201 sec (0h:0m:8s)
Total CPU time used: 26.198 sec (0h:0m:26s)
Total wall-clock time used: 24.981 sec (0h:0m:24s)

Analysis results written to: 
  IQ-TREE report:                exp_baseline/m100_sel0_rep1/iqtree_out.iqtree
  Maximum-likelihood tree:       exp_baseline/m100_sel0_rep1/iqtree_out.treefile
  Likelihood distances:          exp_baseline/m100_sel0_rep1/iqtree_out.mldist
  Screen log file:               exp_baseline/m100_sel0_rep1/iqtree_out.log

Date and Time: Tue May 12 15:01:50 2026
