IQ-TREE version 3.1.1 for MacOS ARM 64-bit built Apr  8 2026
Developed by Bui Quang Minh, Thomas Wong, Nhan Ly-Trong, Huaiyan Ren
Contributed by Lam-Tung Nguyen, Dominik Schrempf, Chris Bielow,
Olga Chernomor, Michael Woodhams, Diep Thi Hoang, Heiko Schmidt

Host:    Noutbuk-maria.local (SSE4.2, 16 GB RAM)
Command: iqtree -s exp_baseline/m5_sel500_rep5/combined.fasta -m JC -nt AUTO -pre exp_baseline/m5_sel500_rep5/iqtree_out -seed 501042 -redo
Seed:    501042 (Using SPRNG - Scalable Parallel Random Number Generator)
Time:    Tue May 12 14:22:22 2026
Kernel:  SSE2 - auto-detect threads (8 CPU cores detected)

Reading alignment file exp_baseline/m5_sel500_rep5/combined.fasta ... Fasta format detected
Reading fasta file: done in 0.000588894 secs using 91.02% CPU
Alignment most likely contains DNA/RNA sequences
Constructing alignment: done in 0.00116301 secs using 55.63% CPU
Alignment has 30 sequences with 2500 columns, 2016 distinct patterns
2430 parsimony-informative, 0 singleton sites, 70 constant sites
          Gap/Ambiguity  Composition  p-value
Analyzing sequences: done in 7.39098e-05 secs using 159.7% CPU
   1  taxon_1     0.00%    passed     41.08%
   2  taxon_2     0.00%    passed     15.57%
   3  taxon_3     0.00%    passed     83.33%
   4  taxon_4     0.00%    passed     54.15%
   5  taxon_5     0.00%    passed     65.53%
   6  taxon_6     0.00%    passed     10.28%
   7  taxon_7     0.00%    passed     83.63%
   8  taxon_8     0.00%    passed     67.76%
   9  taxon_9     0.00%    passed     60.46%
  10  taxon_10    0.00%    passed     70.68%
  11  taxon_11    0.00%    passed     82.38%
  12  taxon_12    0.00%    passed     16.48%
  13  taxon_13    0.00%    passed     63.56%
  14  taxon_14    0.00%    passed     71.70%
  15  taxon_15    0.00%    passed     59.56%
  16  taxon_16    0.00%    passed     38.97%
  17  taxon_17    0.00%    passed     72.27%
  18  taxon_18    0.00%    passed     18.76%
  19  taxon_19    0.00%    passed     85.49%
  20  taxon_20    0.00%    passed     69.83%
  21  taxon_21    0.00%    passed     12.99%
  22  taxon_22    0.00%    passed     31.70%
  23  taxon_23    0.00%    passed     41.17%
  24  taxon_24    0.00%    passed     32.35%
  25  taxon_25    0.00%    passed     35.16%
  26  taxon_26    0.00%    passed     81.53%
  27  taxon_27    0.00%    passed     26.00%
  28  taxon_28    0.00%    passed     40.67%
  29  taxon_29    0.00%    passed     96.15%
  30  taxon_30    0.00%    failed      1.93%
****  TOTAL       0.00%  1 sequences failed composition chi2 test (p-value<5%; df=3)
Checking for duplicate sequences: done in 0.000130892 secs using 88.62% CPU

Create initial parsimony tree by phylogenetic likelihood library (PLL)... 0.002 seconds

NOTE: 1 MB RAM (0 GB) is required!
Measuring multi-threading efficiency up to 8 CPU cores
Increase to 10 rounds for branch lengths
385 trees examined
Threads: 1 / Time: 8.009 sec / Speedup: 1.000 / Efficiency: 100% / LogL: -97035
Threads: 2 / Time: 8.532 sec / Speedup: 0.939 / Efficiency: 47% / LogL: -97035
Determining AUTO threadcount: done in 16.5408 secs using 108.2% CPU
BEST NUMBER OF THREADS: 1

Estimate model parameters (epsilon = 0.100)
1. Initial log-likelihood: -90382.775
Optimal log-likelihood: -89907.233
Rate parameters:  A-C: 1.00000  A-G: 1.00000  A-T: 1.00000  C-G: 1.00000  C-T: 1.00000  G-T: 1.00000
Base frequencies:  A: 0.250  C: 0.250  G: 0.250  T: 0.250
Parameters optimization took 1 rounds (0.010 sec)
Wrote distance file to... 
Computing ML distances based on estimated model parameters...
Calculating distance matrix: done in 0.00142097 secs using 98.95% CPU
Computing ML distances took 0.001560 sec (of wall-clock time) 0.001534 sec (of CPU time)
WARNING: Some pairwise ML distances are too long (saturated)
Setting up auxiliary I and S matrices: done in 2.40803e-05 secs using 66.44% CPU
Constructing RapidNJ tree: done in 4.41074e-05 secs using 161% CPU
Computing RapidNJ tree took 0.000091 sec (of wall-clock time) 0.000107 sec (of CPU time)
Log-likelihood of RapidNJ tree: -91029.483
--------------------------------------------------------------------
|             INITIALIZING CANDIDATE TREE SET                      |
--------------------------------------------------------------------
Generating 98 parsimony trees... 0.279 second
Computing log-likelihood of 98 initial trees ... 0.230 seconds
Current best score: -89634.503

Do NNI search on 20 best initial trees
Estimate model parameters (epsilon = 0.100)
BETTER TREE FOUND at iteration 1: -89514.121
Estimate model parameters (epsilon = 0.100)
BETTER TREE FOUND at iteration 4: -89479.149
Iteration 10 / LogL: -89484.282 / Time: 0h:0m:17s
Iteration 20 / LogL: -89551.590 / Time: 0h:0m:17s
Finish initializing candidate tree set (15)
Current best tree score: -89479.149 / CPU time: 1.061
Number of iterations: 20
--------------------------------------------------------------------
|               OPTIMIZING CANDIDATE TREE SET                      |
--------------------------------------------------------------------
Estimate model parameters (epsilon = 0.100)
BETTER TREE FOUND at iteration 24: -89475.994
Iteration 30 / LogL: -89942.052 / Time: 0h:0m:18s (0h:0m:58s left)
Iteration 40 / LogL: -89517.142 / Time: 0h:0m:18s (0h:0m:39s left)
Iteration 50 / LogL: -89494.848 / Time: 0h:0m:18s (0h:0m:28s left)
Iteration 60 / LogL: -89495.445 / Time: 0h:0m:19s (0h:0m:21s left)
Iteration 70 / LogL: -89749.533 / Time: 0h:0m:19s (0h:0m:15s left)
Iteration 80 / LogL: -89477.759 / Time: 0h:0m:20s (0h:0m:11s left)
Iteration 90 / LogL: -89479.918 / Time: 0h:0m:20s (0h:0m:7s left)
Iteration 100 / LogL: -89497.724 / Time: 0h:0m:21s (0h:0m:5s left)
Iteration 110 / LogL: -89476.638 / Time: 0h:0m:21s (0h:0m:2s left)
Iteration 120 / LogL: -89483.958 / Time: 0h:0m:22s (0h:0m:0s left)
TREE SEARCH COMPLETED AFTER 125 ITERATIONS / Time: 0h:0m:22s

--------------------------------------------------------------------
|                    FINALIZING TREE SEARCH                        |
--------------------------------------------------------------------
Performs final model parameters optimization
Estimate model parameters (epsilon = 0.010)
1. Initial log-likelihood: -89475.994
Optimal log-likelihood: -89475.992
Rate parameters:  A-C: 1.00000  A-G: 1.00000  A-T: 1.00000  C-G: 1.00000  C-T: 1.00000  G-T: 1.00000
Base frequencies:  A: 0.250  C: 0.250  G: 0.250  T: 0.250
Parameters optimization took 1 rounds (0.003 sec)
BEST SCORE FOUND : -89475.992
Total tree length: 17.034

Total number of iterations: 125
CPU time used for tree search: 5.824 sec (0h:0m:5s)
Wall-clock time used for tree search: 5.836 sec (0h:0m:5s)
Total CPU time used: 23.759 sec (0h:0m:23s)
Total wall-clock time used: 22.418 sec (0h:0m:22s)

Analysis results written to: 
  IQ-TREE report:                exp_baseline/m5_sel500_rep5/iqtree_out.iqtree
  Maximum-likelihood tree:       exp_baseline/m5_sel500_rep5/iqtree_out.treefile
  Likelihood distances:          exp_baseline/m5_sel500_rep5/iqtree_out.mldist
  Screen log file:               exp_baseline/m5_sel500_rep5/iqtree_out.log

Date and Time: Tue May 12 14:22:45 2026
