IQ-TREE version 3.1.1 for MacOS ARM 64-bit built Apr  8 2026
Developed by Bui Quang Minh, Thomas Wong, Nhan Ly-Trong, Huaiyan Ren
Contributed by Lam-Tung Nguyen, Dominik Schrempf, Chris Bielow,
Olga Chernomor, Michael Woodhams, Diep Thi Hoang, Heiko Schmidt

Host:    Noutbuk-maria.local (SSE4.2, 16 GB RAM)
Command: iqtree -s exp_baseline/m10_sel1000_rep3/combined.fasta -m JC -nt AUTO -pre exp_baseline/m10_sel1000_rep3/iqtree_out -seed 1001342 -redo
Seed:    1001342 (Using SPRNG - Scalable Parallel Random Number Generator)
Time:    Tue May 12 14:35:49 2026
Kernel:  SSE2 - auto-detect threads (8 CPU cores detected)

Reading alignment file exp_baseline/m10_sel1000_rep3/combined.fasta ... Fasta format detected
Reading fasta file: done in 0.000703096 secs using 91.17% CPU
Alignment most likely contains DNA/RNA sequences
Constructing alignment: done in 0.00132608 secs using 54.97% CPU
Alignment has 30 sequences with 3000 columns, 2016 distinct patterns
2905 parsimony-informative, 0 singleton sites, 95 constant sites
          Gap/Ambiguity  Composition  p-value
Analyzing sequences: done in 5.91278e-05 secs using 194.5% CPU
   1  taxon_1     0.00%    passed     44.62%
   2  taxon_2     0.00%    passed     60.26%
   3  taxon_3     0.00%    passed     62.64%
   4  taxon_4     0.00%    passed     87.98%
   5  taxon_5     0.00%    passed     76.42%
   6  taxon_6     0.00%    passed     32.42%
   7  taxon_7     0.00%    passed     44.42%
   8  taxon_8     0.00%    passed     75.69%
   9  taxon_9     0.00%    passed     58.36%
  10  taxon_10    0.00%    passed     68.69%
  11  taxon_11    0.00%    passed     99.37%
  12  taxon_12    0.00%    passed     64.28%
  13  taxon_13    0.00%    passed     49.29%
  14  taxon_14    0.00%    passed     92.98%
  15  taxon_15    0.00%    passed     48.32%
  16  taxon_16    0.00%    passed     97.66%
  17  taxon_17    0.00%    passed     33.30%
  18  taxon_18    0.00%    passed     52.45%
  19  taxon_19    0.00%    passed     74.27%
  20  taxon_20    0.00%    passed     23.65%
  21  taxon_21    0.00%    passed     48.42%
  22  taxon_22    0.00%    passed     93.40%
  23  taxon_23    0.00%    passed     37.21%
  24  taxon_24    0.00%    passed     62.45%
  25  taxon_25    0.00%    passed     38.51%
  26  taxon_26    0.00%    passed     35.37%
  27  taxon_27    0.00%    passed     62.74%
  28  taxon_28    0.00%    passed     79.50%
  29  taxon_29    0.00%    passed     97.89%
  30  taxon_30    0.00%    passed     78.49%
****  TOTAL       0.00%  0 sequences failed composition chi2 test (p-value<5%; df=3)
Checking for duplicate sequences: done in 0.00013113 secs using 88.46% CPU

Create initial parsimony tree by phylogenetic likelihood library (PLL)... 0.002 seconds

NOTE: 1 MB RAM (0 GB) is required!
Measuring multi-threading efficiency up to 8 CPU cores
Increase to 10 rounds for branch lengths
409 trees examined
Threads: 1 / Time: 8.001 sec / Speedup: 1.000 / Efficiency: 100% / LogL: -110066
Threads: 2 / Time: 8.593 sec / Speedup: 0.931 / Efficiency: 47% / LogL: -110066
Determining AUTO threadcount: done in 16.5944 secs using 108.6% CPU
BEST NUMBER OF THREADS: 1

Estimate model parameters (epsilon = 0.100)
1. Initial log-likelihood: -95499.593
Optimal log-likelihood: -95147.686
Rate parameters:  A-C: 1.00000  A-G: 1.00000  A-T: 1.00000  C-G: 1.00000  C-T: 1.00000  G-T: 1.00000
Base frequencies:  A: 0.250  C: 0.250  G: 0.250  T: 0.250
Parameters optimization took 1 rounds (0.009 sec)
Wrote distance file to... 
Computing ML distances based on estimated model parameters...
Calculating distance matrix: done in 0.00135398 secs using 99.19% CPU
Computing ML distances took 0.001494 sec (of wall-clock time) 0.001476 sec (of CPU time)
WARNING: Some pairwise ML distances are too long (saturated)
Setting up auxiliary I and S matrices: done in 2.69413e-05 secs using 77.95% CPU
Constructing RapidNJ tree: done in 4.69685e-05 secs using 168.2% CPU
Computing RapidNJ tree took 0.000099 sec (of wall-clock time) 0.000122 sec (of CPU time)
Log-likelihood of RapidNJ tree: -96403.366
--------------------------------------------------------------------
|             INITIALIZING CANDIDATE TREE SET                      |
--------------------------------------------------------------------
Generating 98 parsimony trees... 0.342 second
Computing log-likelihood of 98 initial trees ... 0.230 seconds
Current best score: -95147.686

Do NNI search on 20 best initial trees
Estimate model parameters (epsilon = 0.100)
BETTER TREE FOUND at iteration 1: -95133.261
Iteration 10 / LogL: -95142.384 / Time: 0h:0m:17s
Iteration 20 / LogL: -95133.312 / Time: 0h:0m:17s
Finish initializing candidate tree set (8)
Current best tree score: -95133.261 / CPU time: 1.311
Number of iterations: 20
--------------------------------------------------------------------
|               OPTIMIZING CANDIDATE TREE SET                      |
--------------------------------------------------------------------
Iteration 30 / LogL: -95371.270 / Time: 0h:0m:18s (0h:0m:45s left)
Iteration 40 / LogL: -95137.309 / Time: 0h:0m:18s (0h:0m:29s left)
Iteration 50 / LogL: -95136.082 / Time: 0h:0m:19s (0h:0m:20s left)
Iteration 60 / LogL: -95145.434 / Time: 0h:0m:19s (0h:0m:13s left)
Iteration 70 / LogL: -95136.022 / Time: 0h:0m:20s (0h:0m:9s left)
Iteration 80 / LogL: -95136.707 / Time: 0h:0m:20s (0h:0m:5s left)
Iteration 90 / LogL: -95136.318 / Time: 0h:0m:21s (0h:0m:2s left)
Iteration 100 / LogL: -95133.333 / Time: 0h:0m:21s (0h:0m:0s left)
TREE SEARCH COMPLETED AFTER 102 ITERATIONS / Time: 0h:0m:21s

--------------------------------------------------------------------
|                    FINALIZING TREE SEARCH                        |
--------------------------------------------------------------------
Performs final model parameters optimization
Estimate model parameters (epsilon = 0.010)
1. Initial log-likelihood: -95133.261
Optimal log-likelihood: -95133.260
Rate parameters:  A-C: 1.00000  A-G: 1.00000  A-T: 1.00000  C-G: 1.00000  C-T: 1.00000  G-T: 1.00000
Base frequencies:  A: 0.250  C: 0.250  G: 0.250  T: 0.250
Parameters optimization took 1 rounds (0.003 sec)
BEST SCORE FOUND : -95133.260
Total tree length: 12.329

Total number of iterations: 102
CPU time used for tree search: 4.969 sec (0h:0m:4s)
Wall-clock time used for tree search: 4.979 sec (0h:0m:4s)
Total CPU time used: 23.040 sec (0h:0m:23s)
Total wall-clock time used: 21.617 sec (0h:0m:21s)

Analysis results written to: 
  IQ-TREE report:                exp_baseline/m10_sel1000_rep3/iqtree_out.iqtree
  Maximum-likelihood tree:       exp_baseline/m10_sel1000_rep3/iqtree_out.treefile
  Likelihood distances:          exp_baseline/m10_sel1000_rep3/iqtree_out.mldist
  Screen log file:               exp_baseline/m10_sel1000_rep3/iqtree_out.log

Date and Time: Tue May 12 14:36:10 2026
