IQ-TREE version 3.1.1 for MacOS ARM 64-bit built Apr  8 2026
Developed by Bui Quang Minh, Thomas Wong, Nhan Ly-Trong, Huaiyan Ren
Contributed by Lam-Tung Nguyen, Dominik Schrempf, Chris Bielow,
Olga Chernomor, Michael Woodhams, Diep Thi Hoang, Heiko Schmidt

Host:    Noutbuk-maria.local (SSE4.2, 16 GB RAM)
Command: iqtree -s exp_stable_0.001/m10_sel2_rep3/neutral.fasta -m JC -nt AUTO -pre exp_stable_0.001/m10_sel2_rep3/iqtree_out -seed 3342 -redo
Seed:    3342 (Using SPRNG - Scalable Parallel Random Number Generator)
Time:    Sat May 16 02:24:31 2026
Kernel:  SSE2 - auto-detect threads (8 CPU cores detected)

Reading alignment file exp_stable_0.001/m10_sel2_rep3/neutral.fasta ... Fasta format detected
Reading fasta file: done in 0.00117993 secs using 89.33% CPU
Alignment most likely contains DNA/RNA sequences
Constructing alignment: done in 0.00127792 secs using 56.81% CPU
Alignment has 50 sequences with 3000 columns, 577 distinct patterns
140 parsimony-informative, 663 singleton sites, 2197 constant sites
          Gap/Ambiguity  Composition  p-value
Analyzing sequences: done in 4.60148e-05 secs using 113% CPU
   1  taxon_1     0.00%    passed     99.79%
   2  taxon_2     0.00%    passed     99.73%
   3  taxon_3     0.00%    passed     99.66%
   4  taxon_4     0.00%    passed     99.81%
   5  taxon_5     0.00%    passed     99.97%
   6  taxon_6     0.00%    passed     99.70%
   7  taxon_7     0.00%    passed     98.97%
   8  taxon_8     0.00%    passed     99.25%
   9  taxon_9     0.00%    passed     99.03%
  10  taxon_10    0.00%    passed     98.97%
  11  taxon_11    0.00%    passed     99.98%
  12  taxon_12    0.00%    passed     99.99%
  13  taxon_13    0.00%    passed     99.93%
  14  taxon_14    0.00%    passed     99.93%
  15  taxon_15    0.00%    passed     99.99%
  16  taxon_16    0.00%    passed     99.93%
  17  taxon_17    0.00%    passed     99.63%
  18  taxon_18    0.00%    passed     99.74%
  19  taxon_19    0.00%    passed     99.73%
  20  taxon_20    0.00%    passed     99.66%
  21  taxon_21    0.00%    passed     99.97%
  22  taxon_22    0.00%    passed     99.84%
  23  taxon_23    0.00%    passed     99.37%
  24  taxon_24    0.00%    passed    100.00%
  25  taxon_25    0.00%    passed     99.72%
  26  taxon_26    0.00%    passed     99.89%
  27  taxon_27    0.00%    passed     99.79%
  28  taxon_28    0.00%    passed     99.96%
  29  taxon_29    0.00%    passed     99.97%
  30  taxon_30    0.00%    passed     99.92%
  31  taxon_31    0.00%    passed     99.98%
  32  taxon_32    0.00%    passed     99.61%
  33  taxon_33    0.00%    passed     99.24%
  34  taxon_34    0.00%    passed     97.52%
  35  taxon_35    0.00%    passed     98.86%
  36  taxon_36    0.00%    passed     99.84%
  37  taxon_37    0.00%    passed     99.38%
  38  taxon_38    0.00%    passed     99.41%
  39  taxon_39    0.00%    passed     99.44%
  40  taxon_40    0.00%    passed     99.89%
  41  taxon_41    0.00%    passed     99.78%
  42  taxon_42    0.00%    passed     99.75%
  43  taxon_43    0.00%    passed     99.08%
  44  taxon_44    0.00%    passed     99.96%
  45  taxon_45    0.00%    passed     99.09%
  46  taxon_46    0.00%    passed     99.39%
  47  taxon_47    0.00%    passed     99.97%
  48  taxon_48    0.00%    passed     99.39%
  49  taxon_49    0.00%    passed     99.74%
  50  taxon_50    0.00%    passed     99.92%
****  TOTAL       0.00%  0 sequences failed composition chi2 test (p-value<5%; df=3)
Checking for duplicate sequences: done in 9.10759e-05 secs using 79.05% CPU

Create initial parsimony tree by phylogenetic likelihood library (PLL)... 0.002 seconds

NOTE: 0 MB RAM (0 GB) is required!
Measuring multi-threading efficiency up to 8 CPU cores
Increase to 10 rounds for branch lengths
1883 trees examined
Threads: 1 / Time: 8.000 sec / Speedup: 1.000 / Efficiency: 100% / LogL: -13077
Threads: 2 / Time: 10.884 sec / Speedup: 0.735 / Efficiency: 37% / LogL: -13077
Determining AUTO threadcount: done in 18.8843 secs using 100.9% CPU
BEST NUMBER OF THREADS: 1

Estimate model parameters (epsilon = 0.100)
1. Initial log-likelihood: -11125.250
Optimal log-likelihood: -11124.828
Rate parameters:  A-C: 1.00000  A-G: 1.00000  A-T: 1.00000  C-G: 1.00000  C-T: 1.00000  G-T: 1.00000
Base frequencies:  A: 0.250  C: 0.250  G: 0.250  T: 0.250
Parameters optimization took 1 rounds (0.002 sec)
Wrote distance file to... 
Computing ML distances based on estimated model parameters...
Calculating distance matrix: done in 0.00340605 secs using 85% CPU
Computing ML distances took 0.003480 sec (of wall-clock time) 0.002959 sec (of CPU time)
Setting up auxiliary I and S matrices: done in 4.98295e-05 secs using 72.25% CPU
Constructing RapidNJ tree: done in 0.000118971 secs using 89.94% CPU
Computing RapidNJ tree took 0.000189 sec (of wall-clock time) 0.000152 sec (of CPU time)
Log-likelihood of RapidNJ tree: -11173.485
--------------------------------------------------------------------
|             INITIALIZING CANDIDATE TREE SET                      |
--------------------------------------------------------------------
Generating 98 parsimony trees... 0.122 second
Computing log-likelihood of 98 initial trees ... 0.116 seconds
Current best score: -11124.828

Do NNI search on 20 best initial trees
Estimate model parameters (epsilon = 0.100)
BETTER TREE FOUND at iteration 1: -11124.828
Iteration 10 / LogL: -11124.828 / Time: 0h:0m:19s
BETTER TREE FOUND at iteration 11: -11124.828
BETTER TREE FOUND at iteration 16: -11124.827
Iteration 20 / LogL: -11124.828 / Time: 0h:0m:19s
Finish initializing candidate tree set (15)
Current best tree score: -11124.827 / CPU time: 0.349
Number of iterations: 20
--------------------------------------------------------------------
|               OPTIMIZING CANDIDATE TREE SET                      |
--------------------------------------------------------------------
BETTER TREE FOUND at iteration 30: -11124.827
Iteration 30 / LogL: -11124.827 / Time: 0h:0m:19s (0h:1m:6s left)
Iteration 40 / LogL: -11124.841 / Time: 0h:0m:19s (0h:0m:45s left)
Iteration 50 / LogL: -11124.849 / Time: 0h:0m:19s (0h:0m:32s left)
Iteration 60 / LogL: -11124.840 / Time: 0h:0m:19s (0h:0m:23s left)
Iteration 70 / LogL: -11124.843 / Time: 0h:0m:20s (0h:0m:17s left)
Iteration 80 / LogL: -11124.849 / Time: 0h:0m:20s (0h:0m:12s left)
Iteration 90 / LogL: -11124.843 / Time: 0h:0m:20s (0h:0m:9s left)
BETTER TREE FOUND at iteration 94: -11124.827
Iteration 100 / LogL: -11124.850 / Time: 0h:0m:20s (0h:0m:19s left)
Iteration 110 / LogL: -11124.831 / Time: 0h:0m:20s (0h:0m:16s left)
Iteration 120 / LogL: -11177.096 / Time: 0h:0m:21s (0h:0m:13s left)
Iteration 130 / LogL: -11143.797 / Time: 0h:0m:21s (0h:0m:10s left)
Iteration 140 / LogL: -11124.838 / Time: 0h:0m:21s (0h:0m:8s left)
BETTER TREE FOUND at iteration 147: -11124.827
Iteration 150 / LogL: -11124.839 / Time: 0h:0m:21s (0h:0m:14s left)
Iteration 160 / LogL: -11124.847 / Time: 0h:0m:21s (0h:0m:11s left)
Iteration 170 / LogL: -11124.848 / Time: 0h:0m:21s (0h:0m:9s left)
Iteration 180 / LogL: -11124.849 / Time: 0h:0m:22s (0h:0m:8s left)
Iteration 190 / LogL: -11126.447 / Time: 0h:0m:22s (0h:0m:6s left)
Iteration 200 / LogL: -11124.863 / Time: 0h:0m:22s (0h:0m:5s left)
Iteration 210 / LogL: -11124.842 / Time: 0h:0m:22s (0h:0m:4s left)
Iteration 220 / LogL: -11124.844 / Time: 0h:0m:22s (0h:0m:2s left)
Iteration 230 / LogL: -11124.855 / Time: 0h:0m:23s (0h:0m:1s left)
Iteration 240 / LogL: -11126.432 / Time: 0h:0m:23s (0h:0m:0s left)
TREE SEARCH COMPLETED AFTER 248 ITERATIONS / Time: 0h:0m:23s

--------------------------------------------------------------------
|                    FINALIZING TREE SEARCH                        |
--------------------------------------------------------------------
Performs final model parameters optimization
Estimate model parameters (epsilon = 0.010)
1. Initial log-likelihood: -11124.827
Optimal log-likelihood: -11124.827
Rate parameters:  A-C: 1.00000  A-G: 1.00000  A-T: 1.00000  C-G: 1.00000  C-T: 1.00000  G-T: 1.00000
Base frequencies:  A: 0.250  C: 0.250  G: 0.250  T: 0.250
Parameters optimization took 1 rounds (0.003 sec)
BEST SCORE FOUND : -11124.827
Total tree length: 0.316

Total number of iterations: 248
CPU time used for tree search: 4.473 sec (0h:0m:4s)
Wall-clock time used for tree search: 4.480 sec (0h:0m:4s)
Total CPU time used: 23.545 sec (0h:0m:23s)
Total wall-clock time used: 23.386 sec (0h:0m:23s)

Analysis results written to: 
  IQ-TREE report:                exp_stable_0.001/m10_sel2_rep3/iqtree_out.iqtree
  Maximum-likelihood tree:       exp_stable_0.001/m10_sel2_rep3/iqtree_out.treefile
  Likelihood distances:          exp_stable_0.001/m10_sel2_rep3/iqtree_out.mldist
  Screen log file:               exp_stable_0.001/m10_sel2_rep3/iqtree_out.log

Date and Time: Sat May 16 02:24:55 2026
