IQ-TREE version 3.1.1 for MacOS ARM 64-bit built Apr  8 2026
Developed by Bui Quang Minh, Thomas Wong, Nhan Ly-Trong, Huaiyan Ren
Contributed by Lam-Tung Nguyen, Dominik Schrempf, Chris Bielow,
Olga Chernomor, Michael Woodhams, Diep Thi Hoang, Heiko Schmidt

Host:    Noutbuk-maria.local (SSE4.2, 16 GB RAM)
Command: iqtree -s exp_stable_0.0005/m0_sel2_rep3/neutral.fasta -m JC -nt AUTO -pre exp_stable_0.0005/m0_sel2_rep3/iqtree_out -seed 2342 -redo
Seed:    2342 (Using SPRNG - Scalable Parallel Random Number Generator)
Time:    Fri May 15 20:10:06 2026
Kernel:  SSE2 - auto-detect threads (8 CPU cores detected)

Reading alignment file exp_stable_0.0005/m0_sel2_rep3/neutral.fasta ... Fasta format detected
Reading fasta file: done in 0.00116897 secs using 89.91% CPU
Alignment most likely contains DNA/RNA sequences
Constructing alignment: done in 0.00159812 secs using 61.32% CPU
Alignment has 50 sequences with 3000 columns, 2545 distinct patterns
1918 parsimony-informative, 826 singleton sites, 256 constant sites
          Gap/Ambiguity  Composition  p-value
Analyzing sequences: done in 8.60691e-05 secs using 323% CPU
   1  taxon_1     0.00%    passed     99.58%
   2  taxon_2     0.00%    passed     71.45%
   3  taxon_3     0.00%    passed     79.43%
   4  taxon_4     0.00%    passed     66.92%
   5  taxon_5     0.00%    passed     94.44%
   6  taxon_6     0.00%    passed     90.26%
   7  taxon_7     0.00%    passed     99.91%
   8  taxon_8     0.00%    passed     90.69%
   9  taxon_9     0.00%    passed     94.72%
  10  taxon_10    0.00%    passed     94.77%
  11  taxon_11    0.00%    passed     84.64%
  12  taxon_12    0.00%    passed     96.44%
  13  taxon_13    0.00%    passed     95.62%
  14  taxon_14    0.00%    passed     74.63%
  15  taxon_15    0.00%    passed     78.51%
  16  taxon_16    0.00%    passed     99.20%
  17  taxon_17    0.00%    passed     96.76%
  18  taxon_18    0.00%    passed     99.21%
  19  taxon_19    0.00%    passed     83.95%
  20  taxon_20    0.00%    passed     85.54%
  21  taxon_21    0.00%    passed     91.69%
  22  taxon_22    0.00%    passed     50.80%
  23  taxon_23    0.00%    passed     79.45%
  24  taxon_24    0.00%    passed     86.51%
  25  taxon_25    0.00%    passed     37.54%
  26  taxon_26    0.00%    passed     98.87%
  27  taxon_27    0.00%    passed     79.56%
  28  taxon_28    0.00%    passed     85.28%
  29  taxon_29    0.00%    passed     86.56%
  30  taxon_30    0.00%    passed     97.88%
  31  taxon_31    0.00%    passed     70.77%
  32  taxon_32    0.00%    passed     92.40%
  33  taxon_33    0.00%    passed     99.90%
  34  taxon_34    0.00%    passed     96.11%
  35  taxon_35    0.00%    passed     92.67%
  36  taxon_36    0.00%    passed     95.04%
  37  taxon_37    0.00%    passed     80.88%
  38  taxon_38    0.00%    passed     93.61%
  39  taxon_39    0.00%    passed     76.50%
  40  taxon_40    0.00%    passed     94.35%
  41  taxon_41    0.00%    passed     90.16%
  42  taxon_42    0.00%    passed     85.00%
  43  taxon_43    0.00%    passed     74.00%
  44  taxon_44    0.00%    passed     83.45%
  45  taxon_45    0.00%    passed     86.58%
  46  taxon_46    0.00%    passed     88.05%
  47  taxon_47    0.00%    passed     72.04%
  48  taxon_48    0.00%    passed     96.82%
  49  taxon_49    0.00%    passed     81.04%
  50  taxon_50    0.00%    passed     83.13%
****  TOTAL       0.00%  0 sequences failed composition chi2 test (p-value<5%; df=3)
Checking for duplicate sequences: done in 0.000259876 secs using 92.35% CPU

Create initial parsimony tree by phylogenetic likelihood library (PLL)... 0.004 seconds

NOTE: 4 MB RAM (0 GB) is required!
Measuring multi-threading efficiency up to 8 CPU cores
Increase to 10 rounds for branch lengths
256 trees examined
Threads: 1 / Time: 8.020 sec / Speedup: 1.000 / Efficiency: 100% / LogL: -66565
Threads: 2 / Time: 7.855 sec / Speedup: 1.021 / Efficiency: 51% / LogL: -66565
Threads: 3 / Time: 7.216 sec / Speedup: 1.111 / Efficiency: 37% / LogL: -66565
Determining AUTO threadcount: done in 23.0917 secs using 123.4% CPU
BEST NUMBER OF THREADS: 1

Estimate model parameters (epsilon = 0.100)
1. Initial log-likelihood: -43212.493
Optimal log-likelihood: -43183.691
Rate parameters:  A-C: 1.00000  A-G: 1.00000  A-T: 1.00000  C-G: 1.00000  C-T: 1.00000  G-T: 1.00000
Base frequencies:  A: 0.250  C: 0.250  G: 0.250  T: 0.250
Parameters optimization took 1 rounds (0.010 sec)
Wrote distance file to... 
Computing ML distances based on estimated model parameters...
Calculating distance matrix: done in 0.00571585 secs using 94.68% CPU
Computing ML distances took 0.005993 sec (of wall-clock time) 0.005680 sec (of CPU time)
Setting up auxiliary I and S matrices: done in 4.69685e-05 secs using 76.65% CPU
Constructing RapidNJ tree: done in 9.98974e-05 secs using 160.2% CPU
Computing RapidNJ tree took 0.000172 sec (of wall-clock time) 0.000232 sec (of CPU time)
Log-likelihood of RapidNJ tree: -43244.112
--------------------------------------------------------------------
|             INITIALIZING CANDIDATE TREE SET                      |
--------------------------------------------------------------------
Generating 98 parsimony trees... 0.411 second
Computing log-likelihood of 98 initial trees ... 0.523 seconds
Current best score: -43183.691

Do NNI search on 20 best initial trees
Estimate model parameters (epsilon = 0.100)
BETTER TREE FOUND at iteration 1: -43183.689
UPDATE BEST LOG-LIKELIHOOD: -43183.689
UPDATE BEST LOG-LIKELIHOOD: -43183.689
Iteration 10 / LogL: -43183.689 / Time: 0h:0m:24s
UPDATE BEST LOG-LIKELIHOOD: -43183.689
UPDATE BEST LOG-LIKELIHOOD: -43183.689
Iteration 20 / LogL: -43183.689 / Time: 0h:0m:24s
Finish initializing candidate tree set (1)
Current best tree score: -43183.689 / CPU time: 1.617
Number of iterations: 20
--------------------------------------------------------------------
|               OPTIMIZING CANDIDATE TREE SET                      |
--------------------------------------------------------------------
Iteration 30 / LogL: -43183.692 / Time: 0h:0m:25s (0h:1m:2s left)
Iteration 40 / LogL: -43183.706 / Time: 0h:0m:26s (0h:0m:41s left)
Iteration 50 / LogL: -43183.689 / Time: 0h:0m:27s (0h:0m:28s left)
UPDATE BEST LOG-LIKELIHOOD: -43183.689
Iteration 60 / LogL: -43183.689 / Time: 0h:0m:27s (0h:0m:19s left)
Iteration 70 / LogL: -43183.689 / Time: 0h:0m:28s (0h:0m:12s left)
Iteration 80 / LogL: -43183.689 / Time: 0h:0m:29s (0h:0m:7s left)
Iteration 90 / LogL: -43183.701 / Time: 0h:0m:30s (0h:0m:3s left)
Iteration 100 / LogL: -43183.692 / Time: 0h:0m:31s (0h:0m:0s left)
TREE SEARCH COMPLETED AFTER 102 ITERATIONS / Time: 0h:0m:31s

--------------------------------------------------------------------
|                    FINALIZING TREE SEARCH                        |
--------------------------------------------------------------------
Performs final model parameters optimization
Estimate model parameters (epsilon = 0.010)
1. Initial log-likelihood: -43183.689
Optimal log-likelihood: -43183.689
Rate parameters:  A-C: 1.00000  A-G: 1.00000  A-T: 1.00000  C-G: 1.00000  C-T: 1.00000  G-T: 1.00000
Base frequencies:  A: 0.250  C: 0.250  G: 0.250  T: 0.250
Parameters optimization took 1 rounds (0.009 sec)
BEST SCORE FOUND : -43183.689
Total tree length: 2.470

Total number of iterations: 102
CPU time used for tree search: 8.204 sec (0h:0m:8s)
Wall-clock time used for tree search: 8.217 sec (0h:0m:8s)
Total CPU time used: 36.745 sec (0h:0m:36s)
Total wall-clock time used: 31.359 sec (0h:0m:31s)

Analysis results written to: 
  IQ-TREE report:                exp_stable_0.0005/m0_sel2_rep3/iqtree_out.iqtree
  Maximum-likelihood tree:       exp_stable_0.0005/m0_sel2_rep3/iqtree_out.treefile
  Likelihood distances:          exp_stable_0.0005/m0_sel2_rep3/iqtree_out.mldist
  Screen log file:               exp_stable_0.0005/m0_sel2_rep3/iqtree_out.log

Date and Time: Fri May 15 20:10:37 2026
