IQ-TREE version 3.1.1 for MacOS ARM 64-bit built Apr  8 2026
Developed by Bui Quang Minh, Thomas Wong, Nhan Ly-Trong, Huaiyan Ren
Contributed by Lam-Tung Nguyen, Dominik Schrempf, Chris Bielow,
Olga Chernomor, Michael Woodhams, Diep Thi Hoang, Heiko Schmidt

Host:    Noutbuk-maria.local (SSE4.2, 16 GB RAM)
Command: iqtree -s exp_baseline/m1_sel1000_rep3/combined.fasta -m JC -nt AUTO -pre exp_baseline/m1_sel1000_rep3/iqtree_out -seed 1000442 -redo
Seed:    1000442 (Using SPRNG - Scalable Parallel Random Number Generator)
Time:    Tue May 12 13:59:31 2026
Kernel:  SSE2 - auto-detect threads (8 CPU cores detected)

Reading alignment file exp_baseline/m1_sel1000_rep3/combined.fasta ... Fasta format detected
Reading fasta file: done in 0.000696898 secs using 91.41% CPU
Alignment most likely contains DNA/RNA sequences
Constructing alignment: done in 0.00124788 secs using 57.94% CPU
Alignment has 30 sequences with 3000 columns, 2016 distinct patterns
2482 parsimony-informative, 0 singleton sites, 518 constant sites
          Gap/Ambiguity  Composition  p-value
Analyzing sequences: done in 4.50611e-05 secs using 270.7% CPU
   1  taxon_1     0.00%    passed     57.70%
   2  taxon_2     0.00%    passed      9.90%
   3  taxon_3     0.00%    passed     91.53%
   4  taxon_4     0.00%    passed     93.00%
   5  taxon_5     0.00%    passed     83.14%
   6  taxon_6     0.00%    passed     26.82%
   7  taxon_7     0.00%    passed     90.29%
   8  taxon_8     0.00%    passed     57.69%
   9  taxon_9     0.00%    passed     49.13%
  10  taxon_10    0.00%    passed     18.08%
  11  taxon_11    0.00%    passed     68.32%
  12  taxon_12    0.00%    passed     94.46%
  13  taxon_13    0.00%    passed     41.45%
  14  taxon_14    0.00%    passed     48.69%
  15  taxon_15    0.00%    passed     31.47%
  16  taxon_16    0.00%    passed     14.31%
  17  taxon_17    0.00%    passed     55.83%
  18  taxon_18    0.00%    passed     87.06%
  19  taxon_19    0.00%    passed     82.08%
  20  taxon_20    0.00%    passed     21.72%
  21  taxon_21    0.00%    passed     98.86%
  22  taxon_22    0.00%    passed     64.13%
  23  taxon_23    0.00%    passed     81.16%
  24  taxon_24    0.00%    passed     51.99%
  25  taxon_25    0.00%    passed     80.66%
  26  taxon_26    0.00%    passed     60.46%
  27  taxon_27    0.00%    passed     39.54%
  28  taxon_28    0.00%    passed     91.01%
  29  taxon_29    0.00%    passed     46.91%
  30  taxon_30    0.00%    passed     82.84%
****  TOTAL       0.00%  0 sequences failed composition chi2 test (p-value<5%; df=3)
Checking for duplicate sequences: done in 0.000133038 secs using 89.45% CPU

Create initial parsimony tree by phylogenetic likelihood library (PLL)... 0.002 seconds

NOTE: 1 MB RAM (0 GB) is required!
Measuring multi-threading efficiency up to 8 CPU cores
Increase to 10 rounds for branch lengths
412 trees examined
Threads: 1 / Time: 8.015 sec / Speedup: 1.000 / Efficiency: 100% / LogL: -108563
Threads: 2 / Time: 8.753 sec / Speedup: 0.916 / Efficiency: 46% / LogL: -108563
Determining AUTO threadcount: done in 16.7691 secs using 107.8% CPU
BEST NUMBER OF THREADS: 1

Estimate model parameters (epsilon = 0.100)
1. Initial log-likelihood: -97080.640
Optimal log-likelihood: -96606.240
Rate parameters:  A-C: 1.00000  A-G: 1.00000  A-T: 1.00000  C-G: 1.00000  C-T: 1.00000  G-T: 1.00000
Base frequencies:  A: 0.250  C: 0.250  G: 0.250  T: 0.250
Parameters optimization took 1 rounds (0.010 sec)
Wrote distance file to... 
Computing ML distances based on estimated model parameters...
Calculating distance matrix: done in 0.00164795 secs using 99.52% CPU
Computing ML distances took 0.001787 sec (of wall-clock time) 0.001771 sec (of CPU time)
Setting up auxiliary I and S matrices: done in 2.28882e-05 secs using 74.27% CPU
Constructing RapidNJ tree: done in 5.10216e-05 secs using 160.7% CPU
Computing RapidNJ tree took 0.000101 sec (of wall-clock time) 0.000120 sec (of CPU time)
Log-likelihood of RapidNJ tree: -97619.113
--------------------------------------------------------------------
|             INITIALIZING CANDIDATE TREE SET                      |
--------------------------------------------------------------------
Generating 98 parsimony trees... 0.284 second
Computing log-likelihood of 98 initial trees ... 0.235 seconds
Current best score: -96606.240

Do NNI search on 20 best initial trees
Estimate model parameters (epsilon = 0.100)
BETTER TREE FOUND at iteration 1: -96597.423
Iteration 10 / LogL: -96688.028 / Time: 0h:0m:17s
Iteration 20 / LogL: -96795.882 / Time: 0h:0m:17s
Finish initializing candidate tree set (14)
Current best tree score: -96597.423 / CPU time: 1.011
Number of iterations: 20
--------------------------------------------------------------------
|               OPTIMIZING CANDIDATE TREE SET                      |
--------------------------------------------------------------------
Iteration 30 / LogL: -96604.309 / Time: 0h:0m:18s (0h:0m:44s left)
UPDATE BEST LOG-LIKELIHOOD: -96597.421
Estimate model parameters (epsilon = 0.100)
UPDATE BEST LOG-LIKELIHOOD: -96595.968
Iteration 40 / LogL: -96617.177 / Time: 0h:0m:18s (0h:0m:29s left)
Iteration 50 / LogL: -97293.411 / Time: 0h:0m:19s (0h:0m:19s left)
Iteration 60 / LogL: -96597.826 / Time: 0h:0m:19s (0h:0m:13s left)
Iteration 70 / LogL: -96604.884 / Time: 0h:0m:19s (0h:0m:8s left)
Iteration 80 / LogL: -96980.583 / Time: 0h:0m:20s (0h:0m:5s left)
Iteration 90 / LogL: -96603.231 / Time: 0h:0m:20s (0h:0m:2s left)
Iteration 100 / LogL: -96598.551 / Time: 0h:0m:20s (0h:0m:0s left)
TREE SEARCH COMPLETED AFTER 102 ITERATIONS / Time: 0h:0m:21s

--------------------------------------------------------------------
|                    FINALIZING TREE SEARCH                        |
--------------------------------------------------------------------
Performs final model parameters optimization
Estimate model parameters (epsilon = 0.010)
1. Initial log-likelihood: -96595.968
Optimal log-likelihood: -96595.967
Rate parameters:  A-C: 1.00000  A-G: 1.00000  A-T: 1.00000  C-G: 1.00000  C-T: 1.00000  G-T: 1.00000
Base frequencies:  A: 0.250  C: 0.250  G: 0.250  T: 0.250
Parameters optimization took 1 rounds (0.003 sec)
BEST SCORE FOUND : -96595.967
Total tree length: 12.693

Total number of iterations: 102
CPU time used for tree search: 4.217 sec (0h:0m:4s)
Wall-clock time used for tree search: 4.232 sec (0h:0m:4s)
Total CPU time used: 22.333 sec (0h:0m:22s)
Total wall-clock time used: 21.039 sec (0h:0m:21s)

Analysis results written to: 
  IQ-TREE report:                exp_baseline/m1_sel1000_rep3/iqtree_out.iqtree
  Maximum-likelihood tree:       exp_baseline/m1_sel1000_rep3/iqtree_out.treefile
  Likelihood distances:          exp_baseline/m1_sel1000_rep3/iqtree_out.mldist
  Screen log file:               exp_baseline/m1_sel1000_rep3/iqtree_out.log

Date and Time: Tue May 12 13:59:52 2026
