IQ-TREE version 3.1.1 for MacOS ARM 64-bit built Apr  8 2026
Developed by Bui Quang Minh, Thomas Wong, Nhan Ly-Trong, Huaiyan Ren
Contributed by Lam-Tung Nguyen, Dominik Schrempf, Chris Bielow,
Olga Chernomor, Michael Woodhams, Diep Thi Hoang, Heiko Schmidt

Host:    Noutbuk-maria.local (SSE4.2, 16 GB RAM)
Command: iqtree -s exp_baseline/m2_sel1000_rep2/combined.fasta -m JC -nt AUTO -pre exp_baseline/m2_sel1000_rep2/iqtree_out -seed 1000442 -redo
Seed:    1000442 (Using SPRNG - Scalable Parallel Random Number Generator)
Time:    Tue May 12 14:11:14 2026
Kernel:  SSE2 - auto-detect threads (8 CPU cores detected)

Reading alignment file exp_baseline/m2_sel1000_rep2/combined.fasta ... Fasta format detected
Reading fasta file: done in 0.000691891 secs using 91.34% CPU
Alignment most likely contains DNA/RNA sequences
Constructing alignment: done in 0.00127316 secs using 57.34% CPU
Alignment has 30 sequences with 3000 columns, 2016 distinct patterns
2677 parsimony-informative, 0 singleton sites, 323 constant sites
          Gap/Ambiguity  Composition  p-value
Analyzing sequences: done in 4.31538e-05 secs using 273.4% CPU
   1  taxon_1     0.00%    passed     73.64%
   2  taxon_2     0.00%    passed      5.31%
   3  taxon_3     0.00%    passed     96.60%
   4  taxon_4     0.00%    passed     93.67%
   5  taxon_5     0.00%    passed     90.60%
   6  taxon_6     0.00%    passed     30.86%
   7  taxon_7     0.00%    passed     99.49%
   8  taxon_8     0.00%    passed     43.86%
   9  taxon_9     0.00%    passed     36.95%
  10  taxon_10    0.00%    passed     18.82%
  11  taxon_11    0.00%    passed     63.52%
  12  taxon_12    0.00%    passed     96.07%
  13  taxon_13    0.00%    passed     41.64%
  14  taxon_14    0.00%    passed     49.41%
  15  taxon_15    0.00%    passed     38.82%
  16  taxon_16    0.00%    passed     29.48%
  17  taxon_17    0.00%    passed     72.99%
  18  taxon_18    0.00%    passed     76.60%
  19  taxon_19    0.00%    passed     91.97%
  20  taxon_20    0.00%    passed     23.94%
  21  taxon_21    0.00%    passed     97.67%
  22  taxon_22    0.00%    passed     64.56%
  23  taxon_23    0.00%    passed     90.24%
  24  taxon_24    0.00%    passed     61.30%
  25  taxon_25    0.00%    passed     76.36%
  26  taxon_26    0.00%    passed     55.09%
  27  taxon_27    0.00%    passed     59.71%
  28  taxon_28    0.00%    passed     97.29%
  29  taxon_29    0.00%    passed     51.93%
  30  taxon_30    0.00%    passed     66.75%
****  TOTAL       0.00%  0 sequences failed composition chi2 test (p-value<5%; df=3)
Checking for duplicate sequences: done in 0.000128031 secs using 94.51% CPU

Create initial parsimony tree by phylogenetic likelihood library (PLL)... 0.002 seconds

NOTE: 1 MB RAM (0 GB) is required!
Measuring multi-threading efficiency up to 8 CPU cores
Increase to 10 rounds for branch lengths
413 trees examined
Threads: 1 / Time: 8.010 sec / Speedup: 1.000 / Efficiency: 100% / LogL: -108137
Threads: 2 / Time: 8.766 sec / Speedup: 0.914 / Efficiency: 46% / LogL: -108137
Determining AUTO threadcount: done in 16.7767 secs using 107.9% CPU
BEST NUMBER OF THREADS: 1

Estimate model parameters (epsilon = 0.100)
1. Initial log-likelihood: -98097.124
Optimal log-likelihood: -97597.537
Rate parameters:  A-C: 1.00000  A-G: 1.00000  A-T: 1.00000  C-G: 1.00000  C-T: 1.00000  G-T: 1.00000
Base frequencies:  A: 0.250  C: 0.250  G: 0.250  T: 0.250
Parameters optimization took 1 rounds (0.009 sec)
Wrote distance file to... 
Computing ML distances based on estimated model parameters...
Calculating distance matrix: done in 0.00159383 secs using 99.13% CPU
Computing ML distances took 0.001735 sec (of wall-clock time) 0.001709 sec (of CPU time)
Setting up auxiliary I and S matrices: done in 2.81334e-05 secs using 67.54% CPU
Constructing RapidNJ tree: done in 5.00679e-05 secs using 169.8% CPU
Computing RapidNJ tree took 0.000100 sec (of wall-clock time) 0.000127 sec (of CPU time)
Log-likelihood of RapidNJ tree: -97810.800
--------------------------------------------------------------------
|             INITIALIZING CANDIDATE TREE SET                      |
--------------------------------------------------------------------
Generating 98 parsimony trees... 0.293 second
Computing log-likelihood of 98 initial trees ... 0.226 seconds
Current best score: -97567.202

Do NNI search on 20 best initial trees
Estimate model parameters (epsilon = 0.100)
BETTER TREE FOUND at iteration 1: -97482.639
Iteration 10 / LogL: -97548.480 / Time: 0h:0m:17s
Iteration 20 / LogL: -97572.978 / Time: 0h:0m:17s
Finish initializing candidate tree set (16)
Current best tree score: -97482.639 / CPU time: 1.019
Number of iterations: 20
--------------------------------------------------------------------
|               OPTIMIZING CANDIDATE TREE SET                      |
--------------------------------------------------------------------
Estimate model parameters (epsilon = 0.100)
BETTER TREE FOUND at iteration 21: -97482.236
Iteration 30 / LogL: -97483.945 / Time: 0h:0m:18s (0h:0m:57s left)
Iteration 40 / LogL: -98244.830 / Time: 0h:0m:18s (0h:0m:38s left)
Iteration 50 / LogL: -97486.760 / Time: 0h:0m:19s (0h:0m:27s left)
Iteration 60 / LogL: -97484.442 / Time: 0h:0m:19s (0h:0m:20s left)
Iteration 70 / LogL: -97482.585 / Time: 0h:0m:20s (0h:0m:14s left)
Iteration 80 / LogL: -97482.674 / Time: 0h:0m:20s (0h:0m:10s left)
Iteration 90 / LogL: -97483.822 / Time: 0h:0m:20s (0h:0m:7s left)
Iteration 100 / LogL: -97482.480 / Time: 0h:0m:21s (0h:0m:4s left)
Iteration 110 / LogL: -97482.797 / Time: 0h:0m:21s (0h:0m:2s left)
Iteration 120 / LogL: -97485.862 / Time: 0h:0m:22s (0h:0m:0s left)
TREE SEARCH COMPLETED AFTER 122 ITERATIONS / Time: 0h:0m:22s

--------------------------------------------------------------------
|                    FINALIZING TREE SEARCH                        |
--------------------------------------------------------------------
Performs final model parameters optimization
Estimate model parameters (epsilon = 0.010)
1. Initial log-likelihood: -97482.236
Optimal log-likelihood: -97482.236
Rate parameters:  A-C: 1.00000  A-G: 1.00000  A-T: 1.00000  C-G: 1.00000  C-T: 1.00000  G-T: 1.00000
Base frequencies:  A: 0.250  C: 0.250  G: 0.250  T: 0.250
Parameters optimization took 1 rounds (0.003 sec)
BEST SCORE FOUND : -97482.236
Total tree length: 12.938

Total number of iterations: 122
CPU time used for tree search: 5.385 sec (0h:0m:5s)
Wall-clock time used for tree search: 5.406 sec (0h:0m:5s)
Total CPU time used: 23.516 sec (0h:0m:23s)
Total wall-clock time used: 22.219 sec (0h:0m:22s)

Analysis results written to: 
  IQ-TREE report:                exp_baseline/m2_sel1000_rep2/iqtree_out.iqtree
  Maximum-likelihood tree:       exp_baseline/m2_sel1000_rep2/iqtree_out.treefile
  Likelihood distances:          exp_baseline/m2_sel1000_rep2/iqtree_out.mldist
  Screen log file:               exp_baseline/m2_sel1000_rep2/iqtree_out.log

Date and Time: Tue May 12 14:11:36 2026
