IQ-TREE version 3.1.1 for MacOS ARM 64-bit built Apr  8 2026
Developed by Bui Quang Minh, Thomas Wong, Nhan Ly-Trong, Huaiyan Ren
Contributed by Lam-Tung Nguyen, Dominik Schrempf, Chris Bielow,
Olga Chernomor, Michael Woodhams, Diep Thi Hoang, Heiko Schmidt

Host:    Noutbuk-maria.local (SSE4.2, 16 GB RAM)
Command: iqtree -s exp_baseline/m100_sel500_rep2/combined.fasta -m JC -nt AUTO -pre exp_baseline/m100_sel500_rep2/iqtree_out -seed 510242 -redo
Seed:    510242 (Using SPRNG - Scalable Parallel Random Number Generator)
Time:    Tue May 12 15:09:33 2026
Kernel:  SSE2 - auto-detect threads (8 CPU cores detected)

Reading alignment file exp_baseline/m100_sel500_rep2/combined.fasta ... Fasta format detected
Reading fasta file: done in 0.000599861 secs using 91.19% CPU
Alignment most likely contains DNA/RNA sequences
Constructing alignment: done in 0.00113797 secs using 55.8% CPU
Alignment has 30 sequences with 2500 columns, 2015 distinct patterns
2497 parsimony-informative, 0 singleton sites, 2 constant sites
          Gap/Ambiguity  Composition  p-value
Analyzing sequences: done in 4.60148e-05 secs using 249.9% CPU
   1  taxon_1     0.00%    passed     35.59%
   2  taxon_2     0.00%    passed     49.22%
   3  taxon_3     0.00%    passed     47.62%
   4  taxon_4     0.00%    passed     29.37%
   5  taxon_5     0.00%    passed      9.41%
   6  taxon_6     0.00%    passed     75.98%
   7  taxon_7     0.00%    passed     20.37%
   8  taxon_8     0.00%    passed     91.56%
   9  taxon_9     0.00%    passed      8.23%
  10  taxon_10    0.00%    passed     24.48%
  11  taxon_11    0.00%    passed     30.84%
  12  taxon_12    0.00%    passed     90.51%
  13  taxon_13    0.00%    passed     24.20%
  14  taxon_14    0.00%    passed     17.38%
  15  taxon_15    0.00%    passed     13.71%
  16  taxon_16    0.00%    passed     61.52%
  17  taxon_17    0.00%    passed     97.27%
  18  taxon_18    0.00%    passed     78.33%
  19  taxon_19    0.00%    passed     10.82%
  20  taxon_20    0.00%    passed      6.16%
  21  taxon_21    0.00%    passed     31.17%
  22  taxon_22    0.00%    passed     81.11%
  23  taxon_23    0.00%    passed     20.52%
  24  taxon_24    0.00%    passed     18.61%
  25  taxon_25    0.00%    passed     37.70%
  26  taxon_26    0.00%    passed     88.29%
  27  taxon_27    0.00%    passed     77.78%
  28  taxon_28    0.00%    passed     75.63%
  29  taxon_29    0.00%    passed     78.24%
  30  taxon_30    0.00%    passed     19.97%
****  TOTAL       0.00%  0 sequences failed composition chi2 test (p-value<5%; df=3)
Checking for duplicate sequences: done in 0.000127077 secs using 92.86% CPU

Create initial parsimony tree by phylogenetic likelihood library (PLL)... 0.003 seconds

NOTE: 1 MB RAM (0 GB) is required!
Measuring multi-threading efficiency up to 8 CPU cores
Increase to 10 rounds for branch lengths
391 trees examined
Threads: 1 / Time: 8.007 sec / Speedup: 1.000 / Efficiency: 100% / LogL: -98187
Threads: 2 / Time: 8.631 sec / Speedup: 0.928 / Efficiency: 46% / LogL: -98187
Determining AUTO threadcount: done in 16.638 secs using 108.3% CPU
BEST NUMBER OF THREADS: 1

Estimate model parameters (epsilon = 0.100)
1. Initial log-likelihood: -89269.271
Optimal log-likelihood: -88837.311
Rate parameters:  A-C: 1.00000  A-G: 1.00000  A-T: 1.00000  C-G: 1.00000  C-T: 1.00000  G-T: 1.00000
Base frequencies:  A: 0.250  C: 0.250  G: 0.250  T: 0.250
Parameters optimization took 1 rounds (0.012 sec)
Wrote distance file to... 
Computing ML distances based on estimated model parameters...
Calculating distance matrix: done in 0.00130606 secs using 99.31% CPU
Computing ML distances took 0.001450 sec (of wall-clock time) 0.001427 sec (of CPU time)
WARNING: Some pairwise ML distances are too long (saturated)
Setting up auxiliary I and S matrices: done in 2.38419e-05 secs using 71.3% CPU
Constructing RapidNJ tree: done in 4.79221e-05 secs using 87.64% CPU
Computing RapidNJ tree took 0.000095 sec (of wall-clock time) 0.000067 sec (of CPU time)
Log-likelihood of RapidNJ tree: -89948.721
--------------------------------------------------------------------
|             INITIALIZING CANDIDATE TREE SET                      |
--------------------------------------------------------------------
Generating 98 parsimony trees... 0.308 second
Computing log-likelihood of 98 initial trees ... 0.238 seconds
Current best score: -88837.311

Do NNI search on 20 best initial trees
Estimate model parameters (epsilon = 0.100)
BETTER TREE FOUND at iteration 1: -88777.516
Estimate model parameters (epsilon = 0.100)
BETTER TREE FOUND at iteration 2: -88731.300
Iteration 10 / LogL: -88808.038 / Time: 0h:0m:17s
Iteration 20 / LogL: -88779.316 / Time: 0h:0m:17s
Finish initializing candidate tree set (5)
Current best tree score: -88731.300 / CPU time: 1.194
Number of iterations: 20
--------------------------------------------------------------------
|               OPTIMIZING CANDIDATE TREE SET                      |
--------------------------------------------------------------------
Iteration 30 / LogL: -88823.809 / Time: 0h:0m:18s (0h:0m:45s left)
Iteration 40 / LogL: -89062.572 / Time: 0h:0m:18s (0h:0m:30s left)
Iteration 50 / LogL: -88880.773 / Time: 0h:0m:19s (0h:0m:20s left)
Iteration 60 / LogL: -88819.525 / Time: 0h:0m:19s (0h:0m:14s left)
Iteration 70 / LogL: -88843.292 / Time: 0h:0m:20s (0h:0m:9s left)
Iteration 80 / LogL: -88749.877 / Time: 0h:0m:20s (0h:0m:5s left)
Iteration 90 / LogL: -88826.571 / Time: 0h:0m:21s (0h:0m:2s left)
Iteration 100 / LogL: -88731.573 / Time: 0h:0m:22s (0h:0m:0s left)
TREE SEARCH COMPLETED AFTER 103 ITERATIONS / Time: 0h:0m:22s

--------------------------------------------------------------------
|                    FINALIZING TREE SEARCH                        |
--------------------------------------------------------------------
Performs final model parameters optimization
Estimate model parameters (epsilon = 0.010)
1. Initial log-likelihood: -88731.300
Optimal log-likelihood: -88731.300
Rate parameters:  A-C: 1.00000  A-G: 1.00000  A-T: 1.00000  C-G: 1.00000  C-T: 1.00000  G-T: 1.00000
Base frequencies:  A: 0.250  C: 0.250  G: 0.250  T: 0.250
Parameters optimization took 1 rounds (0.003 sec)
BEST SCORE FOUND : -88731.300
Total tree length: 16.865

Total number of iterations: 103
CPU time used for tree search: 5.456 sec (0h:0m:5s)
Wall-clock time used for tree search: 5.477 sec (0h:0m:5s)
Total CPU time used: 23.549 sec (0h:0m:23s)
Total wall-clock time used: 22.197 sec (0h:0m:22s)

Analysis results written to: 
  IQ-TREE report:                exp_baseline/m100_sel500_rep2/iqtree_out.iqtree
  Maximum-likelihood tree:       exp_baseline/m100_sel500_rep2/iqtree_out.treefile
  Likelihood distances:          exp_baseline/m100_sel500_rep2/iqtree_out.mldist
  Screen log file:               exp_baseline/m100_sel500_rep2/iqtree_out.log

Date and Time: Tue May 12 15:09:56 2026
