IQ-TREE version 3.1.1 for MacOS ARM 64-bit built Apr  8 2026
Developed by Bui Quang Minh, Thomas Wong, Nhan Ly-Trong, Huaiyan Ren
Contributed by Lam-Tung Nguyen, Dominik Schrempf, Chris Bielow,
Olga Chernomor, Michael Woodhams, Diep Thi Hoang, Heiko Schmidt

Host:    Noutbuk-maria.local (SSE4.2, 16 GB RAM)
Command: iqtree -s exp_baseline/m5_sel200_rep5/combined.fasta -m JC -nt AUTO -pre exp_baseline/m5_sel200_rep5/iqtree_out -seed 201042 -redo
Seed:    201042 (Using SPRNG - Scalable Parallel Random Number Generator)
Time:    Tue May 12 14:19:59 2026
Kernel:  SSE2 - auto-detect threads (8 CPU cores detected)

Reading alignment file exp_baseline/m5_sel200_rep5/combined.fasta ... Fasta format detected
Reading fasta file: done in 0.000520945 secs using 90.8% CPU
Alignment most likely contains DNA/RNA sequences
Constructing alignment: done in 0.000988007 secs using 58.1% CPU
Alignment has 30 sequences with 2200 columns, 2016 distinct patterns
2166 parsimony-informative, 0 singleton sites, 34 constant sites
          Gap/Ambiguity  Composition  p-value
Analyzing sequences: done in 4.50611e-05 secs using 253% CPU
   1  taxon_1     0.00%    passed     72.18%
   2  taxon_2     0.00%    passed     49.15%
   3  taxon_3     0.00%    passed     39.99%
   4  taxon_4     0.00%    passed     31.38%
   5  taxon_5     0.00%    passed     63.70%
   6  taxon_6     0.00%    passed      9.77%
   7  taxon_7     0.00%    passed     60.80%
   8  taxon_8     0.00%    passed     37.92%
   9  taxon_9     0.00%    passed     40.47%
  10  taxon_10    0.00%    passed     65.93%
  11  taxon_11    0.00%    passed     95.49%
  12  taxon_12    0.00%    passed     68.21%
  13  taxon_13    0.00%    passed     87.53%
  14  taxon_14    0.00%    passed     17.86%
  15  taxon_15    0.00%    passed     69.67%
  16  taxon_16    0.00%    passed     72.19%
  17  taxon_17    0.00%    passed     76.90%
  18  taxon_18    0.00%    passed     62.30%
  19  taxon_19    0.00%    passed     75.42%
  20  taxon_20    0.00%    passed     24.63%
  21  taxon_21    0.00%    passed     69.13%
  22  taxon_22    0.00%    passed     77.41%
  23  taxon_23    0.00%    passed     44.33%
  24  taxon_24    0.00%    passed      7.33%
  25  taxon_25    0.00%    passed     40.55%
  26  taxon_26    0.00%    failed      2.39%
  27  taxon_27    0.00%    failed      0.83%
  28  taxon_28    0.00%    passed     58.28%
  29  taxon_29    0.00%    passed     75.76%
  30  taxon_30    0.00%    passed     24.40%
****  TOTAL       0.00%  2 sequences failed composition chi2 test (p-value<5%; df=3)
Checking for duplicate sequences: done in 0.000126123 secs using 90.39% CPU

Create initial parsimony tree by phylogenetic likelihood library (PLL)... 0.002 seconds

NOTE: 1 MB RAM (0 GB) is required!
Measuring multi-threading efficiency up to 8 CPU cores
Increase to 10 rounds for branch lengths
389 trees examined
Threads: 1 / Time: 8.015 sec / Speedup: 1.000 / Efficiency: 100% / LogL: -86260
Threads: 2 / Time: 8.925 sec / Speedup: 0.898 / Efficiency: 45% / LogL: -86260
Determining AUTO threadcount: done in 16.9412 secs using 107.9% CPU
BEST NUMBER OF THREADS: 1

Estimate model parameters (epsilon = 0.100)
1. Initial log-likelihood: -82331.272
Optimal log-likelihood: -81745.284
Rate parameters:  A-C: 1.00000  A-G: 1.00000  A-T: 1.00000  C-G: 1.00000  C-T: 1.00000  G-T: 1.00000
Base frequencies:  A: 0.250  C: 0.250  G: 0.250  T: 0.250
Parameters optimization took 1 rounds (0.011 sec)
Wrote distance file to... 
Computing ML distances based on estimated model parameters...
Calculating distance matrix: done in 0.00142908 secs using 99.36% CPU
Computing ML distances took 0.001569 sec (of wall-clock time) 0.001547 sec (of CPU time)
WARNING: Some pairwise ML distances are too long (saturated)
Setting up auxiliary I and S matrices: done in 2.38419e-05 secs using 71.3% CPU
Constructing RapidNJ tree: done in 4.69685e-05 secs using 163.9% CPU
Computing RapidNJ tree took 0.000096 sec (of wall-clock time) 0.000112 sec (of CPU time)
Log-likelihood of RapidNJ tree: -82995.647
--------------------------------------------------------------------
|             INITIALIZING CANDIDATE TREE SET                      |
--------------------------------------------------------------------
Generating 98 parsimony trees... 0.279 second
Computing log-likelihood of 98 initial trees ... 0.239 seconds
Current best score: -81745.284

Do NNI search on 20 best initial trees
Estimate model parameters (epsilon = 0.100)
BETTER TREE FOUND at iteration 1: -81729.710
Estimate model parameters (epsilon = 0.100)
BETTER TREE FOUND at iteration 2: -81678.238
Iteration 10 / LogL: -81681.801 / Time: 0h:0m:17s
Iteration 20 / LogL: -81679.238 / Time: 0h:0m:18s
Finish initializing candidate tree set (11)
Current best tree score: -81678.238 / CPU time: 1.303
Number of iterations: 20
--------------------------------------------------------------------
|               OPTIMIZING CANDIDATE TREE SET                      |
--------------------------------------------------------------------
Iteration 30 / LogL: -81682.803 / Time: 0h:0m:18s (0h:0m:46s left)
Iteration 40 / LogL: -81678.734 / Time: 0h:0m:19s (0h:0m:30s left)
Iteration 50 / LogL: -81679.073 / Time: 0h:0m:19s (0h:0m:20s left)
Iteration 60 / LogL: -81679.267 / Time: 0h:0m:20s (0h:0m:14s left)
Iteration 70 / LogL: -81678.885 / Time: 0h:0m:20s (0h:0m:9s left)
Iteration 80 / LogL: -81696.478 / Time: 0h:0m:21s (0h:0m:5s left)
Iteration 90 / LogL: -81683.445 / Time: 0h:0m:21s (0h:0m:2s left)
Iteration 100 / LogL: -81680.739 / Time: 0h:0m:21s (0h:0m:0s left)
TREE SEARCH COMPLETED AFTER 103 ITERATIONS / Time: 0h:0m:21s

--------------------------------------------------------------------
|                    FINALIZING TREE SEARCH                        |
--------------------------------------------------------------------
Performs final model parameters optimization
Estimate model parameters (epsilon = 0.010)
1. Initial log-likelihood: -81678.238
Optimal log-likelihood: -81678.220
Rate parameters:  A-C: 1.00000  A-G: 1.00000  A-T: 1.00000  C-G: 1.00000  C-T: 1.00000  G-T: 1.00000
Base frequencies:  A: 0.250  C: 0.250  G: 0.250  T: 0.250
Parameters optimization took 1 rounds (0.005 sec)
BEST SCORE FOUND : -81678.220
Total tree length: 20.254

Total number of iterations: 103
CPU time used for tree search: 4.965 sec (0h:0m:4s)
Wall-clock time used for tree search: 4.974 sec (0h:0m:4s)
Total CPU time used: 23.295 sec (0h:0m:23s)
Total wall-clock time used: 21.964 sec (0h:0m:21s)

Analysis results written to: 
  IQ-TREE report:                exp_baseline/m5_sel200_rep5/iqtree_out.iqtree
  Maximum-likelihood tree:       exp_baseline/m5_sel200_rep5/iqtree_out.treefile
  Likelihood distances:          exp_baseline/m5_sel200_rep5/iqtree_out.mldist
  Screen log file:               exp_baseline/m5_sel200_rep5/iqtree_out.log

Date and Time: Tue May 12 14:20:21 2026
