IQ-TREE version 3.1.1 for MacOS ARM 64-bit built Apr  8 2026
Developed by Bui Quang Minh, Thomas Wong, Nhan Ly-Trong, Huaiyan Ren
Contributed by Lam-Tung Nguyen, Dominik Schrempf, Chris Bielow,
Olga Chernomor, Michael Woodhams, Diep Thi Hoang, Heiko Schmidt

Host:    Noutbuk-maria.local (SSE4.2, 16 GB RAM)
Command: iqtree -s exp_baseline/m10_sel50_rep1/combined.fasta -m JC -nt AUTO -pre exp_baseline/m10_sel50_rep1/iqtree_out -seed 51142 -redo
Seed:    51142 (Using SPRNG - Scalable Parallel Random Number Generator)
Time:    Tue May 12 14:27:24 2026
Kernel:  SSE2 - auto-detect threads (8 CPU cores detected)

Reading alignment file exp_baseline/m10_sel50_rep1/combined.fasta ... Fasta format detected
Reading fasta file: done in 0.000488997 secs using 91% CPU
Alignment most likely contains DNA/RNA sequences
Constructing alignment: done in 0.000953913 secs using 59.23% CPU
Alignment has 30 sequences with 2050 columns, 2015 distinct patterns
2042 parsimony-informative, 0 singleton sites, 8 constant sites
          Gap/Ambiguity  Composition  p-value
Analyzing sequences: done in 4.69685e-05 secs using 268.3% CPU
   1  taxon_1     0.00%    passed     58.53%
   2  taxon_2     0.00%    passed     32.24%
   3  taxon_3     0.00%    passed     78.64%
   4  taxon_4     0.00%    passed     74.80%
   5  taxon_5     0.00%    passed     54.01%
   6  taxon_6     0.00%    passed     21.61%
   7  taxon_7     0.00%    passed     90.44%
   8  taxon_8     0.00%    passed     47.03%
   9  taxon_9     0.00%    passed     95.13%
  10  taxon_10    0.00%    passed     50.90%
  11  taxon_11    0.00%    passed     62.98%
  12  taxon_12    0.00%    passed     71.92%
  13  taxon_13    0.00%    passed     26.01%
  14  taxon_14    0.00%    passed     11.37%
  15  taxon_15    0.00%    passed     18.61%
  16  taxon_16    0.00%    passed     31.43%
  17  taxon_17    0.00%    failed      4.18%
  18  taxon_18    0.00%    passed     32.17%
  19  taxon_19    0.00%    passed     95.91%
  20  taxon_20    0.00%    passed     20.97%
  21  taxon_21    0.00%    passed      5.74%
  22  taxon_22    0.00%    passed     34.27%
  23  taxon_23    0.00%    passed     59.57%
  24  taxon_24    0.00%    passed     97.64%
  25  taxon_25    0.00%    passed     16.45%
  26  taxon_26    0.00%    passed     93.60%
  27  taxon_27    0.00%    passed     96.39%
  28  taxon_28    0.00%    passed     14.76%
  29  taxon_29    0.00%    passed     80.95%
  30  taxon_30    0.00%    passed     62.25%
****  TOTAL       0.00%  1 sequences failed composition chi2 test (p-value<5%; df=3)
Checking for duplicate sequences: done in 0.000133991 secs using 88.81% CPU

Create initial parsimony tree by phylogenetic likelihood library (PLL)... 0.002 seconds

NOTE: 1 MB RAM (0 GB) is required!
Measuring multi-threading efficiency up to 8 CPU cores
Increase to 10 rounds for branch lengths
388 trees examined
Threads: 1 / Time: 8.018 sec / Speedup: 1.000 / Efficiency: 100% / LogL: -81954
Threads: 2 / Time: 8.734 sec / Speedup: 0.918 / Efficiency: 46% / LogL: -81954
Determining AUTO threadcount: done in 16.7527 secs using 107.6% CPU
BEST NUMBER OF THREADS: 1

Estimate model parameters (epsilon = 0.100)
1. Initial log-likelihood: -78799.229
Optimal log-likelihood: -78243.867
Rate parameters:  A-C: 1.00000  A-G: 1.00000  A-T: 1.00000  C-G: 1.00000  C-T: 1.00000  G-T: 1.00000
Base frequencies:  A: 0.250  C: 0.250  G: 0.250  T: 0.250
Parameters optimization took 1 rounds (0.014 sec)
Wrote distance file to... 
Computing ML distances based on estimated model parameters...
Calculating distance matrix: done in 0.00144792 secs using 98.76% CPU
Computing ML distances took 0.001599 sec (of wall-clock time) 0.001560 sec (of CPU time)
WARNING: Some pairwise ML distances are too long (saturated)
Setting up auxiliary I and S matrices: done in 2.19345e-05 secs using 72.94% CPU
Constructing RapidNJ tree: done in 5.10216e-05 secs using 160.7% CPU
Computing RapidNJ tree took 0.000091 sec (of wall-clock time) 0.000111 sec (of CPU time)
Log-likelihood of RapidNJ tree: -78274.188
--------------------------------------------------------------------
|             INITIALIZING CANDIDATE TREE SET                      |
--------------------------------------------------------------------
Generating 98 parsimony trees... 0.277 second
Computing log-likelihood of 98 initial trees ... 0.246 seconds
Current best score: -78243.867

Do NNI search on 20 best initial trees
Estimate model parameters (epsilon = 0.100)
BETTER TREE FOUND at iteration 1: -78239.808
Estimate model parameters (epsilon = 0.100)
BETTER TREE FOUND at iteration 2: -78226.641
Iteration 10 / LogL: -78243.387 / Time: 0h:0m:17s
Iteration 20 / LogL: -78228.080 / Time: 0h:0m:18s
Finish initializing candidate tree set (6)
Current best tree score: -78226.641 / CPU time: 1.518
Number of iterations: 20
--------------------------------------------------------------------
|               OPTIMIZING CANDIDATE TREE SET                      |
--------------------------------------------------------------------
Iteration 30 / LogL: -78230.186 / Time: 0h:0m:18s (0h:0m:46s left)
Iteration 40 / LogL: -78244.941 / Time: 0h:0m:19s (0h:0m:30s left)
Iteration 50 / LogL: -78234.808 / Time: 0h:0m:19s (0h:0m:21s left)
Iteration 60 / LogL: -78237.520 / Time: 0h:0m:20s (0h:0m:14s left)
Iteration 70 / LogL: -78270.413 / Time: 0h:0m:20s (0h:0m:9s left)
Iteration 80 / LogL: -78241.269 / Time: 0h:0m:21s (0h:0m:5s left)
Iteration 90 / LogL: -78227.312 / Time: 0h:0m:22s (0h:0m:2s left)
Estimate model parameters (epsilon = 0.100)
UPDATE BEST LOG-LIKELIHOOD: -78226.469
Iteration 100 / LogL: -78239.886 / Time: 0h:0m:22s (0h:0m:0s left)
TREE SEARCH COMPLETED AFTER 103 ITERATIONS / Time: 0h:0m:22s

--------------------------------------------------------------------
|                    FINALIZING TREE SEARCH                        |
--------------------------------------------------------------------
Performs final model parameters optimization
Estimate model parameters (epsilon = 0.010)
1. Initial log-likelihood: -78226.469
Optimal log-likelihood: -78226.398
Rate parameters:  A-C: 1.00000  A-G: 1.00000  A-T: 1.00000  C-G: 1.00000  C-T: 1.00000  G-T: 1.00000
Base frequencies:  A: 0.250  C: 0.250  G: 0.250  T: 0.250
Parameters optimization took 1 rounds (0.006 sec)
BEST SCORE FOUND : -78226.398
Total tree length: 23.272

Total number of iterations: 103
CPU time used for tree search: 5.859 sec (0h:0m:5s)
Wall-clock time used for tree search: 5.880 sec (0h:0m:5s)
Total CPU time used: 23.933 sec (0h:0m:23s)
Total wall-clock time used: 22.687 sec (0h:0m:22s)

Analysis results written to: 
  IQ-TREE report:                exp_baseline/m10_sel50_rep1/iqtree_out.iqtree
  Maximum-likelihood tree:       exp_baseline/m10_sel50_rep1/iqtree_out.treefile
  Likelihood distances:          exp_baseline/m10_sel50_rep1/iqtree_out.mldist
  Screen log file:               exp_baseline/m10_sel50_rep1/iqtree_out.log

Date and Time: Tue May 12 14:27:47 2026
