IQ-TREE version 3.1.1 for MacOS ARM 64-bit built Apr  8 2026
Developed by Bui Quang Minh, Thomas Wong, Nhan Ly-Trong, Huaiyan Ren
Contributed by Lam-Tung Nguyen, Dominik Schrempf, Chris Bielow,
Olga Chernomor, Michael Woodhams, Diep Thi Hoang, Heiko Schmidt

Host:    Noutbuk-maria.local (SSE4.2, 16 GB RAM)
Command: iqtree -s exp_baseline/m50_sel0_rep1/combined.fasta -m JC -nt AUTO -pre exp_baseline/m50_sel0_rep1/iqtree_out -seed 5142 -redo
Seed:    5142 (Using SPRNG - Scalable Parallel Random Number Generator)
Time:    Tue May 12 14:49:06 2026
Kernel:  SSE2 - auto-detect threads (8 CPU cores detected)

Reading alignment file exp_baseline/m50_sel0_rep1/combined.fasta ... Fasta format detected
Reading fasta file: done in 0.000473976 secs using 90.72% CPU
NOTE: Change sequence name 'taxon 1' -> taxon_1
NOTE: Change sequence name 'taxon 2' -> taxon_2
NOTE: Change sequence name 'taxon 3' -> taxon_3
NOTE: Change sequence name 'taxon 4' -> taxon_4
NOTE: Change sequence name 'taxon 5' -> taxon_5
NOTE: Change sequence name 'taxon 6' -> taxon_6
NOTE: Change sequence name 'taxon 7' -> taxon_7
NOTE: Change sequence name 'taxon 8' -> taxon_8
NOTE: Change sequence name 'taxon 9' -> taxon_9
NOTE: Change sequence name 'taxon 10' -> taxon_10
NOTE: Change sequence name 'taxon 11' -> taxon_11
NOTE: Change sequence name 'taxon 12' -> taxon_12
NOTE: Change sequence name 'taxon 13' -> taxon_13
NOTE: Change sequence name 'taxon 14' -> taxon_14
NOTE: Change sequence name 'taxon 15' -> taxon_15
NOTE: Change sequence name 'taxon 16' -> taxon_16
NOTE: Change sequence name 'taxon 17' -> taxon_17
NOTE: Change sequence name 'taxon 18' -> taxon_18
NOTE: Change sequence name 'taxon 19' -> taxon_19
NOTE: Change sequence name 'taxon 20' -> taxon_20
NOTE: Change sequence name 'taxon 21' -> taxon_21
NOTE: Change sequence name 'taxon 22' -> taxon_22
NOTE: Change sequence name 'taxon 23' -> taxon_23
NOTE: Change sequence name 'taxon 24' -> taxon_24
NOTE: Change sequence name 'taxon 25' -> taxon_25
NOTE: Change sequence name 'taxon 26' -> taxon_26
NOTE: Change sequence name 'taxon 27' -> taxon_27
NOTE: Change sequence name 'taxon 28' -> taxon_28
NOTE: Change sequence name 'taxon 29' -> taxon_29
NOTE: Change sequence name 'taxon 30' -> taxon_30
Alignment most likely contains DNA/RNA sequences
Constructing alignment: done in 0.000944853 secs using 57.47% CPU
Alignment has 30 sequences with 2000 columns, 2000 distinct patterns
2000 parsimony-informative, 0 singleton sites, 0 constant sites
          Gap/Ambiguity  Composition  p-value
Analyzing sequences: done in 5.19753e-05 secs using 219.3% CPU
   1  taxon_1     0.00%    passed     54.32%
   2  taxon_2     0.00%    passed     17.79%
   3  taxon_3     0.00%    passed     77.01%
   4  taxon_4     0.00%    passed     15.86%
   5  taxon_5     0.00%    passed     85.45%
   6  taxon_6     0.00%    passed     78.42%
   7  taxon_7     0.00%    passed     88.54%
   8  taxon_8     0.00%    passed     16.10%
   9  taxon_9     0.00%    passed     80.87%
  10  taxon_10    0.00%    passed     10.68%
  11  taxon_11    0.00%    passed     45.88%
  12  taxon_12    0.00%    passed     61.13%
  13  taxon_13    0.00%    passed      7.65%
  14  taxon_14    0.00%    passed     64.54%
  15  taxon_15    0.00%    passed     72.69%
  16  taxon_16    0.00%    passed     86.55%
  17  taxon_17    0.00%    passed     99.72%
  18  taxon_18    0.00%    passed     37.13%
  19  taxon_19    0.00%    passed     22.29%
  20  taxon_20    0.00%    passed     48.78%
  21  taxon_21    0.00%    passed     43.35%
  22  taxon_22    0.00%    passed     66.65%
  23  taxon_23    0.00%    passed     74.82%
  24  taxon_24    0.00%    passed     25.77%
  25  taxon_25    0.00%    passed     11.54%
  26  taxon_26    0.00%    passed     69.86%
  27  taxon_27    0.00%    passed     16.63%
  28  taxon_28    0.00%    passed     57.97%
  29  taxon_29    0.00%    passed     11.86%
  30  taxon_30    0.00%    passed     55.74%
****  TOTAL       0.00%  0 sequences failed composition chi2 test (p-value<5%; df=3)
Checking for duplicate sequences: done in 0.000128031 secs using 95.29% CPU

Create initial parsimony tree by phylogenetic likelihood library (PLL)... 0.002 seconds

NOTE: 1 MB RAM (0 GB) is required!
Measuring multi-threading efficiency up to 8 CPU cores
Increase to 10 rounds for branch lengths
387 trees examined
Threads: 1 / Time: 8.003 sec / Speedup: 1.000 / Efficiency: 100% / LogL: -79682
Threads: 2 / Time: 8.826 sec / Speedup: 0.907 / Efficiency: 45% / LogL: -79682
Determining AUTO threadcount: done in 16.8296 secs using 107.9% CPU
BEST NUMBER OF THREADS: 1

Estimate model parameters (epsilon = 0.100)
1. Initial log-likelihood: -74953.038
Optimal log-likelihood: -74497.111
Rate parameters:  A-C: 1.00000  A-G: 1.00000  A-T: 1.00000  C-G: 1.00000  C-T: 1.00000  G-T: 1.00000
Base frequencies:  A: 0.250  C: 0.250  G: 0.250  T: 0.250
Parameters optimization took 1 rounds (0.014 sec)
Wrote distance file to... 
Computing ML distances based on estimated model parameters...
Calculating distance matrix: done in 0.00122285 secs using 98.79% CPU
Computing ML distances took 0.001365 sec (of wall-clock time) 0.001336 sec (of CPU time)
WARNING: Some pairwise ML distances are too long (saturated)
Setting up auxiliary I and S matrices: done in 2.5034e-05 secs using 71.9% CPU
Constructing RapidNJ tree: done in 4.91142e-05 secs using 89.59% CPU
Computing RapidNJ tree took 0.000094 sec (of wall-clock time) 0.000070 sec (of CPU time)
Log-likelihood of RapidNJ tree: -74495.683
--------------------------------------------------------------------
|             INITIALIZING CANDIDATE TREE SET                      |
--------------------------------------------------------------------
Generating 98 parsimony trees... 0.264 second
Computing log-likelihood of 98 initial trees ... 0.249 seconds
Current best score: -74495.683

Do NNI search on 20 best initial trees
Estimate model parameters (epsilon = 0.100)
BETTER TREE FOUND at iteration 1: -74430.887
Iteration 10 / LogL: -74430.968 / Time: 0h:0m:18s
Iteration 20 / LogL: -74434.891 / Time: 0h:0m:18s
Finish initializing candidate tree set (13)
Current best tree score: -74430.887 / CPU time: 1.991
Number of iterations: 20
--------------------------------------------------------------------
|               OPTIMIZING CANDIDATE TREE SET                      |
--------------------------------------------------------------------
Iteration 30 / LogL: -74431.398 / Time: 0h:0m:19s (0h:0m:48s left)
Iteration 40 / LogL: -74447.345 / Time: 0h:0m:20s (0h:0m:32s left)
Iteration 50 / LogL: -74437.879 / Time: 0h:0m:21s (0h:0m:22s left)
Iteration 60 / LogL: -74432.712 / Time: 0h:0m:22s (0h:0m:15s left)
Iteration 70 / LogL: -74432.210 / Time: 0h:0m:23s (0h:0m:10s left)
Estimate model parameters (epsilon = 0.100)
UPDATE BEST LOG-LIKELIHOOD: -74430.713
Iteration 80 / LogL: -74451.460 / Time: 0h:0m:23s (0h:0m:6s left)
Iteration 90 / LogL: -74432.219 / Time: 0h:0m:24s (0h:0m:3s left)
Iteration 100 / LogL: -74441.797 / Time: 0h:0m:25s (0h:0m:0s left)
TREE SEARCH COMPLETED AFTER 102 ITERATIONS / Time: 0h:0m:25s

--------------------------------------------------------------------
|                    FINALIZING TREE SEARCH                        |
--------------------------------------------------------------------
Performs final model parameters optimization
Estimate model parameters (epsilon = 0.010)
1. Initial log-likelihood: -74430.713
Optimal log-likelihood: -74430.635
Rate parameters:  A-C: 1.00000  A-G: 1.00000  A-T: 1.00000  C-G: 1.00000  C-T: 1.00000  G-T: 1.00000
Base frequencies:  A: 0.250  C: 0.250  G: 0.250  T: 0.250
Parameters optimization took 1 rounds (0.008 sec)
BEST SCORE FOUND : -74430.635
Total tree length: 23.094

Total number of iterations: 102
CPU time used for tree search: 8.486 sec (0h:0m:8s)
Wall-clock time used for tree search: 8.521 sec (0h:0m:8s)
Total CPU time used: 26.747 sec (0h:0m:26s)
Total wall-clock time used: 25.453 sec (0h:0m:25s)

Analysis results written to: 
  IQ-TREE report:                exp_baseline/m50_sel0_rep1/iqtree_out.iqtree
  Maximum-likelihood tree:       exp_baseline/m50_sel0_rep1/iqtree_out.treefile
  Likelihood distances:          exp_baseline/m50_sel0_rep1/iqtree_out.mldist
  Screen log file:               exp_baseline/m50_sel0_rep1/iqtree_out.log

Date and Time: Tue May 12 14:49:31 2026
