IQ-TREE version 3.1.1 for MacOS ARM 64-bit built Apr  8 2026
Developed by Bui Quang Minh, Thomas Wong, Nhan Ly-Trong, Huaiyan Ren
Contributed by Lam-Tung Nguyen, Dominik Schrempf, Chris Bielow,
Olga Chernomor, Michael Woodhams, Diep Thi Hoang, Heiko Schmidt

Host:    Noutbuk-maria.local (SSE4.2, 16 GB RAM)
Command: iqtree -s exp_stable_0.0005/m10_sel1_rep3/neutral.fasta -m JC -nt AUTO -pre exp_stable_0.0005/m10_sel1_rep3/iqtree_out -seed 2342 -redo
Seed:    2342 (Using SPRNG - Scalable Parallel Random Number Generator)
Time:    Sun May 17 01:19:37 2026
Kernel:  SSE2 - auto-detect threads (8 CPU cores detected)

Reading alignment file exp_stable_0.0005/m10_sel1_rep3/neutral.fasta ... Fasta format detected
Reading fasta file: done in 0.00117302 secs using 90.02% CPU
Alignment most likely contains DNA/RNA sequences
Constructing alignment: done in 0.00120592 secs using 58.88% CPU
Alignment has 50 sequences with 3000 columns, 357 distinct patterns
89 parsimony-informative, 371 singleton sites, 2540 constant sites
          Gap/Ambiguity  Composition  p-value
Analyzing sequences: done in 3.69549e-05 secs using 89.3% CPU
   1  taxon_1     0.00%    passed     99.25%
   2  taxon_2     0.00%    passed     99.54%
   3  taxon_3     0.00%    passed     99.37%
   4  taxon_4     0.00%    passed     99.84%
   5  taxon_5     0.00%    passed     99.88%
   6  taxon_6     0.00%    passed     99.37%
   7  taxon_7     0.00%    passed     99.99%
   8  taxon_8     0.00%    passed     99.70%
   9  taxon_9     0.00%    passed     99.52%
  10  taxon_10    0.00%    passed     99.11%
  11  taxon_11    0.00%    passed     99.61%
  12  taxon_12    0.00%    passed     99.69%
  13  taxon_13    0.00%    passed     99.60%
  14  taxon_14    0.00%    passed     99.95%
  15  taxon_15    0.00%    passed     99.76%
  16  taxon_16    0.00%    passed     99.80%
  17  taxon_17    0.00%    passed     99.53%
  18  taxon_18    0.00%    passed     99.65%
  19  taxon_19    0.00%    passed     99.26%
  20  taxon_20    0.00%    passed    100.00%
  21  taxon_21    0.00%    passed     99.77%
  22  taxon_22    0.00%    passed     99.54%
  23  taxon_23    0.00%    passed     99.72%
  24  taxon_24    0.00%    passed     99.90%
  25  taxon_25    0.00%    passed     99.93%
  26  taxon_26    0.00%    passed     99.89%
  27  taxon_27    0.00%    passed     99.99%
  28  taxon_28    0.00%    passed     99.47%
  29  taxon_29    0.00%    passed     99.95%
  30  taxon_30    0.00%    passed     99.99%
  31  taxon_31    0.00%    passed     99.90%
  32  taxon_32    0.00%    passed     99.90%
  33  taxon_33    0.00%    passed     99.98%
  34  taxon_34    0.00%    passed     99.81%
  35  taxon_35    0.00%    passed     99.98%
  36  taxon_36    0.00%    passed     99.98%
  37  taxon_37    0.00%    passed     99.99%
  38  taxon_38    0.00%    passed     99.88%
  39  taxon_39    0.00%    passed     99.54%
  40  taxon_40    0.00%    passed     99.87%
  41  taxon_41    0.00%    passed     99.79%
  42  taxon_42    0.00%    passed     98.26%
  43  taxon_43    0.00%    passed     99.92%
  44  taxon_44    0.00%    passed     99.86%
  45  taxon_45    0.00%    passed     99.28%
  46  taxon_46    0.00%    passed     99.92%
  47  taxon_47    0.00%    passed     99.96%
  48  taxon_48    0.00%    passed     99.98%
  49  taxon_49    0.00%    passed     99.95%
  50  taxon_50    0.00%    passed     99.54%
****  TOTAL       0.00%  0 sequences failed composition chi2 test (p-value<5%; df=3)
Checking for duplicate sequences: done in 7.29561e-05 secs using 72.65% CPU

Create initial parsimony tree by phylogenetic likelihood library (PLL)... 0.001 seconds

NOTE: 0 MB RAM (0 GB) is required!
Measuring multi-threading efficiency up to 8 CPU cores
Increase to 10 rounds for branch lengths
3174 trees examined
Threads: 1 / Time: 8.001 sec / Speedup: 1.000 / Efficiency: 100% / LogL: -9799
Threads: 2 / Time: 13.402 sec / Speedup: 0.597 / Efficiency: 30% / LogL: -9799
Determining AUTO threadcount: done in 21.4037 secs using 92.98% CPU
BEST NUMBER OF THREADS: 1

Estimate model parameters (epsilon = 0.100)
1. Initial log-likelihood: -8104.956
Optimal log-likelihood: -8104.954
Rate parameters:  A-C: 1.00000  A-G: 1.00000  A-T: 1.00000  C-G: 1.00000  C-T: 1.00000  G-T: 1.00000
Base frequencies:  A: 0.250  C: 0.250  G: 0.250  T: 0.250
Parameters optimization took 1 rounds (0.001 sec)
Wrote distance file to... 
Computing ML distances based on estimated model parameters...
Calculating distance matrix: done in 0.0027442 secs using 79.88% CPU
Computing ML distances took 0.002790 sec (of wall-clock time) 0.002232 sec (of CPU time)
Setting up auxiliary I and S matrices: done in 4.60148e-05 secs using 80.41% CPU
Constructing RapidNJ tree: done in 0.000108004 secs using 169.4% CPU
Computing RapidNJ tree took 0.000174 sec (of wall-clock time) 0.000252 sec (of CPU time)
Log-likelihood of RapidNJ tree: -8121.769
--------------------------------------------------------------------
|             INITIALIZING CANDIDATE TREE SET                      |
--------------------------------------------------------------------
Generating 98 parsimony trees... 0.088 second
Computing log-likelihood of 98 initial trees ... 0.072 seconds
Current best score: -8104.954

Do NNI search on 20 best initial trees
Estimate model parameters (epsilon = 0.100)
BETTER TREE FOUND at iteration 1: -8104.954
BETTER TREE FOUND at iteration 2: -8104.953
BETTER TREE FOUND at iteration 6: -8104.953
Iteration 10 / LogL: -8104.953 / Time: 0h:0m:21s
Iteration 20 / LogL: -8104.954 / Time: 0h:0m:21s
Finish initializing candidate tree set (20)
Current best tree score: -8104.953 / CPU time: 0.245
Number of iterations: 20
--------------------------------------------------------------------
|               OPTIMIZING CANDIDATE TREE SET                      |
--------------------------------------------------------------------
Iteration 30 / LogL: -8104.986 / Time: 0h:0m:21s (0h:0m:57s left)
Iteration 40 / LogL: -8104.986 / Time: 0h:0m:21s (0h:0m:37s left)
Iteration 50 / LogL: -8104.988 / Time: 0h:0m:22s (0h:0m:25s left)
Iteration 60 / LogL: -8104.972 / Time: 0h:0m:22s (0h:0m:17s left)
Iteration 70 / LogL: -8104.991 / Time: 0h:0m:22s (0h:0m:11s left)
Iteration 80 / LogL: -8104.978 / Time: 0h:0m:22s (0h:0m:7s left)
Iteration 90 / LogL: -8104.976 / Time: 0h:0m:22s (0h:0m:4s left)
Iteration 100 / LogL: -8104.971 / Time: 0h:0m:22s (0h:0m:1s left)
TREE SEARCH COMPLETED AFTER 107 ITERATIONS / Time: 0h:0m:22s

--------------------------------------------------------------------
|                    FINALIZING TREE SEARCH                        |
--------------------------------------------------------------------
Performs final model parameters optimization
Estimate model parameters (epsilon = 0.010)
1. Initial log-likelihood: -8104.953
Optimal log-likelihood: -8104.953
Rate parameters:  A-C: 1.00000  A-G: 1.00000  A-T: 1.00000  C-G: 1.00000  C-T: 1.00000  G-T: 1.00000
Base frequencies:  A: 0.250  C: 0.250  G: 0.250  T: 0.250
Parameters optimization took 1 rounds (0.001 sec)
BEST SCORE FOUND : -8104.953
Total tree length: 0.164

Total number of iterations: 107
CPU time used for tree search: 1.300 sec (0h:0m:1s)
Wall-clock time used for tree search: 1.303 sec (0h:0m:1s)
Total CPU time used: 21.212 sec (0h:0m:21s)
Total wall-clock time used: 22.722 sec (0h:0m:22s)

Analysis results written to: 
  IQ-TREE report:                exp_stable_0.0005/m10_sel1_rep3/iqtree_out.iqtree
  Maximum-likelihood tree:       exp_stable_0.0005/m10_sel1_rep3/iqtree_out.treefile
  Likelihood distances:          exp_stable_0.0005/m10_sel1_rep3/iqtree_out.mldist
  Screen log file:               exp_stable_0.0005/m10_sel1_rep3/iqtree_out.log

Date and Time: Sun May 17 01:19:59 2026
