IQ-TREE version 3.1.1 for MacOS ARM 64-bit built Apr  8 2026
Developed by Bui Quang Minh, Thomas Wong, Nhan Ly-Trong, Huaiyan Ren
Contributed by Lam-Tung Nguyen, Dominik Schrempf, Chris Bielow,
Olga Chernomor, Michael Woodhams, Diep Thi Hoang, Heiko Schmidt

Host:    Noutbuk-maria.local (SSE4.2, 16 GB RAM)
Command: iqtree -s exp_baseline/m100_sel500_rep4/combined.fasta -m JC -nt AUTO -pre exp_baseline/m100_sel500_rep4/iqtree_out -seed 510442 -redo
Seed:    510442 (Using SPRNG - Scalable Parallel Random Number Generator)
Time:    Tue May 12 15:10:28 2026
Kernel:  SSE2 - auto-detect threads (8 CPU cores detected)

Reading alignment file exp_baseline/m100_sel500_rep4/combined.fasta ... Fasta format detected
Reading fasta file: done in 0.000591993 secs using 90.71% CPU
Alignment most likely contains DNA/RNA sequences
Constructing alignment: done in 0.00114298 secs using 55.73% CPU
Alignment has 30 sequences with 2500 columns, 2016 distinct patterns
2493 parsimony-informative, 0 singleton sites, 7 constant sites
          Gap/Ambiguity  Composition  p-value
Analyzing sequences: done in 5.38826e-05 secs using 209.7% CPU
   1  taxon_1     0.00%    passed     32.24%
   2  taxon_2     0.00%    passed     48.07%
   3  taxon_3     0.00%    passed     67.91%
   4  taxon_4     0.00%    passed     78.24%
   5  taxon_5     0.00%    passed     22.86%
   6  taxon_6     0.00%    passed     66.63%
   7  taxon_7     0.00%    passed     83.38%
   8  taxon_8     0.00%    passed     72.99%
   9  taxon_9     0.00%    passed     72.08%
  10  taxon_10    0.00%    passed     36.54%
  11  taxon_11    0.00%    passed     23.91%
  12  taxon_12    0.00%    passed     31.64%
  13  taxon_13    0.00%    passed     21.93%
  14  taxon_14    0.00%    passed     48.86%
  15  taxon_15    0.00%    passed     28.11%
  16  taxon_16    0.00%    passed     87.39%
  17  taxon_17    0.00%    passed     64.35%
  18  taxon_18    0.00%    passed     72.61%
  19  taxon_19    0.00%    passed     92.46%
  20  taxon_20    0.00%    passed     90.80%
  21  taxon_21    0.00%    passed     85.66%
  22  taxon_22    0.00%    passed     70.88%
  23  taxon_23    0.00%    passed     76.27%
  24  taxon_24    0.00%    passed     54.50%
  25  taxon_25    0.00%    passed     54.98%
  26  taxon_26    0.00%    passed     88.54%
  27  taxon_27    0.00%    passed     93.67%
  28  taxon_28    0.00%    passed     61.85%
  29  taxon_29    0.00%    passed     37.36%
  30  taxon_30    0.00%    passed     35.51%
****  TOTAL       0.00%  0 sequences failed composition chi2 test (p-value<5%; df=3)
Checking for duplicate sequences: done in 0.000127077 secs using 91.28% CPU

Create initial parsimony tree by phylogenetic likelihood library (PLL)... 0.002 seconds

NOTE: 1 MB RAM (0 GB) is required!
Measuring multi-threading efficiency up to 8 CPU cores
Increase to 10 rounds for branch lengths
390 trees examined
Threads: 1 / Time: 8.011 sec / Speedup: 1.000 / Efficiency: 100% / LogL: -97358
Threads: 2 / Time: 8.682 sec / Speedup: 0.923 / Efficiency: 46% / LogL: -97358
Determining AUTO threadcount: done in 16.6932 secs using 107.6% CPU
BEST NUMBER OF THREADS: 1

Estimate model parameters (epsilon = 0.100)
1. Initial log-likelihood: -89532.142
Optimal log-likelihood: -89054.339
Rate parameters:  A-C: 1.00000  A-G: 1.00000  A-T: 1.00000  C-G: 1.00000  C-T: 1.00000  G-T: 1.00000
Base frequencies:  A: 0.250  C: 0.250  G: 0.250  T: 0.250
Parameters optimization took 1 rounds (0.009 sec)
Wrote distance file to... 
Computing ML distances based on estimated model parameters...
Calculating distance matrix: done in 0.00131989 secs using 98.72% CPU
Computing ML distances took 0.001455 sec (of wall-clock time) 0.001433 sec (of CPU time)
WARNING: Some pairwise ML distances are too long (saturated)
Setting up auxiliary I and S matrices: done in 2.40803e-05 secs using 74.75% CPU
Constructing RapidNJ tree: done in 4.69685e-05 secs using 170.3% CPU
Computing RapidNJ tree took 0.000095 sec (of wall-clock time) 0.000111 sec (of CPU time)
Log-likelihood of RapidNJ tree: -90451.436
--------------------------------------------------------------------
|             INITIALIZING CANDIDATE TREE SET                      |
--------------------------------------------------------------------
Generating 98 parsimony trees... 0.268 second
Computing log-likelihood of 98 initial trees ... 0.239 seconds
Current best score: -88872.956

Do NNI search on 20 best initial trees
Estimate model parameters (epsilon = 0.100)
BETTER TREE FOUND at iteration 1: -88766.329
Iteration 10 / LogL: -89051.581 / Time: 0h:0m:17s
Iteration 20 / LogL: -89047.792 / Time: 0h:0m:17s
Finish initializing candidate tree set (14)
Current best tree score: -88766.329 / CPU time: 1.043
Number of iterations: 20
--------------------------------------------------------------------
|               OPTIMIZING CANDIDATE TREE SET                      |
--------------------------------------------------------------------
Iteration 30 / LogL: -88798.220 / Time: 0h:0m:18s (0h:0m:44s left)
Iteration 40 / LogL: -88822.592 / Time: 0h:0m:18s (0h:0m:29s left)
Iteration 50 / LogL: -88823.874 / Time: 0h:0m:18s (0h:0m:19s left)
Iteration 60 / LogL: -88798.572 / Time: 0h:0m:19s (0h:0m:13s left)
Iteration 70 / LogL: -88798.804 / Time: 0h:0m:19s (0h:0m:8s left)
Iteration 80 / LogL: -88822.297 / Time: 0h:0m:20s (0h:0m:5s left)
Iteration 90 / LogL: -88821.572 / Time: 0h:0m:20s (0h:0m:2s left)
Iteration 100 / LogL: -89592.908 / Time: 0h:0m:21s (0h:0m:0s left)
TREE SEARCH COMPLETED AFTER 102 ITERATIONS / Time: 0h:0m:21s

--------------------------------------------------------------------
|                    FINALIZING TREE SEARCH                        |
--------------------------------------------------------------------
Performs final model parameters optimization
Estimate model parameters (epsilon = 0.010)
1. Initial log-likelihood: -88766.329
Optimal log-likelihood: -88766.328
Rate parameters:  A-C: 1.00000  A-G: 1.00000  A-T: 1.00000  C-G: 1.00000  C-T: 1.00000  G-T: 1.00000
Base frequencies:  A: 0.250  C: 0.250  G: 0.250  T: 0.250
Parameters optimization took 1 rounds (0.003 sec)
BEST SCORE FOUND : -88766.328
Total tree length: 16.015

Total number of iterations: 102
CPU time used for tree search: 4.489 sec (0h:0m:4s)
Wall-clock time used for tree search: 4.510 sec (0h:0m:4s)
Total CPU time used: 22.493 sec (0h:0m:22s)
Total wall-clock time used: 21.240 sec (0h:0m:21s)

Analysis results written to: 
  IQ-TREE report:                exp_baseline/m100_sel500_rep4/iqtree_out.iqtree
  Maximum-likelihood tree:       exp_baseline/m100_sel500_rep4/iqtree_out.treefile
  Likelihood distances:          exp_baseline/m100_sel500_rep4/iqtree_out.mldist
  Screen log file:               exp_baseline/m100_sel500_rep4/iqtree_out.log

Date and Time: Tue May 12 15:10:50 2026
