IQ-TREE version 3.1.1 for MacOS ARM 64-bit built Apr  8 2026
Developed by Bui Quang Minh, Thomas Wong, Nhan Ly-Trong, Huaiyan Ren
Contributed by Lam-Tung Nguyen, Dominik Schrempf, Chris Bielow,
Olga Chernomor, Michael Woodhams, Diep Thi Hoang, Heiko Schmidt

Host:    Noutbuk-maria.local (SSE4.2, 16 GB RAM)
Command: iqtree -s exp_stable_0.0005/m5_sel2_rep1/neutral.fasta -m JC -nt AUTO -pre exp_stable_0.0005/m5_sel2_rep1/iqtree_out -seed 2642 -redo
Seed:    2642 (Using SPRNG - Scalable Parallel Random Number Generator)
Time:    Fri May 15 21:23:26 2026
Kernel:  SSE2 - auto-detect threads (8 CPU cores detected)

Reading alignment file exp_stable_0.0005/m5_sel2_rep1/neutral.fasta ... Fasta format detected
Reading fasta file: done in 0.00117397 secs using 89.78% CPU
Alignment most likely contains DNA/RNA sequences
Constructing alignment: done in 0.00120091 secs using 58.79% CPU
Alignment has 50 sequences with 3000 columns, 505 distinct patterns
138 parsimony-informative, 533 singleton sites, 2329 constant sites
          Gap/Ambiguity  Composition  p-value
Analyzing sequences: done in 4.3869e-05 secs using 86.62% CPU
   1  taxon_1     0.00%    passed     99.52%
   2  taxon_2     0.00%    passed     99.72%
   3  taxon_3     0.00%    passed     99.63%
   4  taxon_4     0.00%    passed     99.94%
   5  taxon_5     0.00%    passed     99.80%
   6  taxon_6     0.00%    passed     99.65%
   7  taxon_7     0.00%    passed     99.11%
   8  taxon_8     0.00%    passed     98.65%
   9  taxon_9     0.00%    passed     99.90%
  10  taxon_10    0.00%    passed     99.08%
  11  taxon_11    0.00%    passed     99.57%
  12  taxon_12    0.00%    passed     99.66%
  13  taxon_13    0.00%    passed     99.41%
  14  taxon_14    0.00%    passed     99.36%
  15  taxon_15    0.00%    passed     99.74%
  16  taxon_16    0.00%    passed     99.65%
  17  taxon_17    0.00%    passed     98.07%
  18  taxon_18    0.00%    passed     99.96%
  19  taxon_19    0.00%    passed     99.97%
  20  taxon_20    0.00%    passed     99.46%
  21  taxon_21    0.00%    passed     99.98%
  22  taxon_22    0.00%    passed     99.85%
  23  taxon_23    0.00%    passed     99.30%
  24  taxon_24    0.00%    passed     99.99%
  25  taxon_25    0.00%    passed     99.56%
  26  taxon_26    0.00%    passed     99.74%
  27  taxon_27    0.00%    passed     99.20%
  28  taxon_28    0.00%    passed     99.91%
  29  taxon_29    0.00%    passed     99.63%
  30  taxon_30    0.00%    passed     99.86%
  31  taxon_31    0.00%    passed     99.90%
  32  taxon_32    0.00%    passed     99.78%
  33  taxon_33    0.00%    passed     99.42%
  34  taxon_34    0.00%    passed     99.98%
  35  taxon_35    0.00%    passed    100.00%
  36  taxon_36    0.00%    passed     99.82%
  37  taxon_37    0.00%    passed     99.88%
  38  taxon_38    0.00%    passed     99.90%
  39  taxon_39    0.00%    passed     97.99%
  40  taxon_40    0.00%    passed     99.82%
  41  taxon_41    0.00%    passed     99.80%
  42  taxon_42    0.00%    passed     99.86%
  43  taxon_43    0.00%    passed     99.99%
  44  taxon_44    0.00%    passed     99.88%
  45  taxon_45    0.00%    passed     99.66%
  46  taxon_46    0.00%    passed     99.99%
  47  taxon_47    0.00%    passed     99.80%
  48  taxon_48    0.00%    passed     99.95%
  49  taxon_49    0.00%    passed     99.89%
  50  taxon_50    0.00%    passed     99.74%
****  TOTAL       0.00%  0 sequences failed composition chi2 test (p-value<5%; df=3)
Checking for duplicate sequences: done in 8.70228e-05 secs using 76.99% CPU

Create initial parsimony tree by phylogenetic likelihood library (PLL)... 0.002 seconds

NOTE: 0 MB RAM (0 GB) is required!
Measuring multi-threading efficiency up to 8 CPU cores
Increase to 10 rounds for branch lengths
2587 trees examined
Threads: 1 / Time: 8.006 sec / Speedup: 1.000 / Efficiency: 100% / LogL: -11499
Threads: 2 / Time: 11.108 sec / Speedup: 0.721 / Efficiency: 36% / LogL: -11499
Determining AUTO threadcount: done in 19.1145 secs using 99.04% CPU
BEST NUMBER OF THREADS: 1

Estimate model parameters (epsilon = 0.100)
1. Initial log-likelihood: -10042.725
Optimal log-likelihood: -10042.435
Rate parameters:  A-C: 1.00000  A-G: 1.00000  A-T: 1.00000  C-G: 1.00000  C-T: 1.00000  G-T: 1.00000
Base frequencies:  A: 0.250  C: 0.250  G: 0.250  T: 0.250
Parameters optimization took 1 rounds (0.003 sec)
Wrote distance file to... 
Computing ML distances based on estimated model parameters...
Calculating distance matrix: done in 0.00264907 secs using 81.42% CPU
Computing ML distances took 0.002707 sec (of wall-clock time) 0.002209 sec (of CPU time)
Setting up auxiliary I and S matrices: done in 4.48227e-05 secs using 95.93% CPU
Constructing RapidNJ tree: done in 0.000118971 secs using 174.8% CPU
Computing RapidNJ tree took 0.000184 sec (of wall-clock time) 0.000276 sec (of CPU time)
Log-likelihood of RapidNJ tree: -10069.810
--------------------------------------------------------------------
|             INITIALIZING CANDIDATE TREE SET                      |
--------------------------------------------------------------------
Generating 98 parsimony trees... 0.136 second
Computing log-likelihood of 98 initial trees ... 0.104 seconds
Current best score: -10042.435

Do NNI search on 20 best initial trees
Estimate model parameters (epsilon = 0.100)
BETTER TREE FOUND at iteration 1: -10042.435
BETTER TREE FOUND at iteration 6: -10042.435
Iteration 10 / LogL: -10042.435 / Time: 0h:0m:19s
Iteration 20 / LogL: -10042.435 / Time: 0h:0m:19s
Finish initializing candidate tree set (20)
Current best tree score: -10042.435 / CPU time: 0.336
Number of iterations: 20
--------------------------------------------------------------------
|               OPTIMIZING CANDIDATE TREE SET                      |
--------------------------------------------------------------------
Iteration 30 / LogL: -10042.455 / Time: 0h:0m:19s (0h:0m:51s left)
Iteration 40 / LogL: -10042.438 / Time: 0h:0m:19s (0h:0m:33s left)
Iteration 50 / LogL: -10042.442 / Time: 0h:0m:19s (0h:0m:22s left)
BETTER TREE FOUND at iteration 58: -10042.435
Iteration 60 / LogL: -10042.452 / Time: 0h:0m:20s (0h:0m:33s left)
Iteration 70 / LogL: -10042.450 / Time: 0h:0m:20s (0h:0m:25s left)
Iteration 80 / LogL: -10042.438 / Time: 0h:0m:20s (0h:0m:20s left)
Iteration 90 / LogL: -10042.461 / Time: 0h:0m:20s (0h:0m:15s left)
Iteration 100 / LogL: -10042.452 / Time: 0h:0m:20s (0h:0m:12s left)
Iteration 110 / LogL: -10042.452 / Time: 0h:0m:20s (0h:0m:9s left)
Iteration 120 / LogL: -10042.443 / Time: 0h:0m:21s (0h:0m:6s left)
Iteration 130 / LogL: -10042.460 / Time: 0h:0m:21s (0h:0m:4s left)
Iteration 140 / LogL: -10042.452 / Time: 0h:0m:21s (0h:0m:2s left)
Iteration 150 / LogL: -10042.439 / Time: 0h:0m:21s (0h:0m:1s left)
TREE SEARCH COMPLETED AFTER 159 ITERATIONS / Time: 0h:0m:21s

--------------------------------------------------------------------
|                    FINALIZING TREE SEARCH                        |
--------------------------------------------------------------------
Performs final model parameters optimization
Estimate model parameters (epsilon = 0.010)
1. Initial log-likelihood: -10042.435
Optimal log-likelihood: -10042.435
Rate parameters:  A-C: 1.00000  A-G: 1.00000  A-T: 1.00000  C-G: 1.00000  C-T: 1.00000  G-T: 1.00000
Base frequencies:  A: 0.250  C: 0.250  G: 0.250  T: 0.250
Parameters optimization took 1 rounds (0.001 sec)
BEST SCORE FOUND : -10042.435
Total tree length: 0.259

Total number of iterations: 159
CPU time used for tree search: 2.536 sec (0h:0m:2s)
Wall-clock time used for tree search: 2.580 sec (0h:0m:2s)
Total CPU time used: 21.480 sec (0h:0m:21s)
Total wall-clock time used: 21.712 sec (0h:0m:21s)

Analysis results written to: 
  IQ-TREE report:                exp_stable_0.0005/m5_sel2_rep1/iqtree_out.iqtree
  Maximum-likelihood tree:       exp_stable_0.0005/m5_sel2_rep1/iqtree_out.treefile
  Likelihood distances:          exp_stable_0.0005/m5_sel2_rep1/iqtree_out.mldist
  Screen log file:               exp_stable_0.0005/m5_sel2_rep1/iqtree_out.log

Date and Time: Fri May 15 21:23:48 2026
