IQ-TREE version 3.1.1 for MacOS ARM 64-bit built Apr  8 2026
Developed by Bui Quang Minh, Thomas Wong, Nhan Ly-Trong, Huaiyan Ren
Contributed by Lam-Tung Nguyen, Dominik Schrempf, Chris Bielow,
Olga Chernomor, Michael Woodhams, Diep Thi Hoang, Heiko Schmidt

Host:    Noutbuk-maria.local (SSE4.2, 16 GB RAM)
Command: iqtree -s exp_stable_0.0005/m5_sel2_rep5/neutral.fasta -m JC -nt AUTO -pre exp_stable_0.0005/m5_sel2_rep5/iqtree_out -seed 3042 -redo
Seed:    3042 (Using SPRNG - Scalable Parallel Random Number Generator)
Time:    Mon May 18 20:08:10 2026
Kernel:  SSE2 - auto-detect threads (8 CPU cores detected)

Reading alignment file exp_stable_0.0005/m5_sel2_rep5/neutral.fasta ... Fasta format detected
Reading fasta file: done in 0.00118518 secs using 88.68% CPU
Alignment most likely contains DNA/RNA sequences
Constructing alignment: done in 0.0011971 secs using 55.47% CPU
Alignment has 50 sequences with 3000 columns, 145 distinct patterns
20 parsimony-informative, 136 singleton sites, 2844 constant sites
          Gap/Ambiguity  Composition  p-value
Analyzing sequences: done in 3.19481e-05 secs using 59.47% CPU
   1  taxon_1     0.00%    passed     99.97%
   2  taxon_2     0.00%    passed    100.00%
   3  taxon_3     0.00%    passed    100.00%
   4  taxon_4     0.00%    passed     99.99%
   5  taxon_5     0.00%    passed    100.00%
   6  taxon_6     0.00%    passed     99.99%
   7  taxon_7     0.00%    passed     99.86%
   8  taxon_8     0.00%    passed     99.91%
   9  taxon_9     0.00%    passed     99.93%
  10  taxon_10    0.00%    passed     99.99%
  11  taxon_11    0.00%    passed     99.98%
  12  taxon_12    0.00%    passed    100.00%
  13  taxon_13    0.00%    passed     99.99%
  14  taxon_14    0.00%    passed     99.99%
  15  taxon_15    0.00%    passed     99.99%
  16  taxon_16    0.00%    passed     99.95%
  17  taxon_17    0.00%    passed     99.84%
  18  taxon_18    0.00%    passed     99.94%
  19  taxon_19    0.00%    passed     99.99%
  20  taxon_20    0.00%    passed     99.98%
  21  taxon_21    0.00%    passed     99.95%
  22  taxon_22    0.00%    passed     99.97%
  23  taxon_23    0.00%    passed    100.00%
  24  taxon_24    0.00%    passed     99.91%
  25  taxon_25    0.00%    passed     99.96%
  26  taxon_26    0.00%    passed    100.00%
  27  taxon_27    0.00%    passed    100.00%
  28  taxon_28    0.00%    passed     99.97%
  29  taxon_29    0.00%    passed    100.00%
  30  taxon_30    0.00%    passed     99.99%
  31  taxon_31    0.00%    passed    100.00%
  32  taxon_32    0.00%    passed     99.92%
  33  taxon_33    0.00%    passed     99.99%
  34  taxon_34    0.00%    passed    100.00%
  35  taxon_35    0.00%    passed     99.99%
  36  taxon_36    0.00%    passed     99.98%
  37  taxon_37    0.00%    passed    100.00%
  38  taxon_38    0.00%    passed    100.00%
  39  taxon_39    0.00%    passed     99.99%
  40  taxon_40    0.00%    passed    100.00%
  41  taxon_41    0.00%    passed     99.95%
  42  taxon_42    0.00%    passed    100.00%
  43  taxon_43    0.00%    passed     99.99%
  44  taxon_44    0.00%    passed     99.99%
  45  taxon_45    0.00%    passed     99.99%
  46  taxon_46    0.00%    passed    100.00%
  47  taxon_47    0.00%    passed    100.00%
  48  taxon_48    0.00%    passed     99.99%
  49  taxon_49    0.00%    passed     99.99%
  50  taxon_50    0.00%    passed     99.97%
****  TOTAL       0.00%  0 sequences failed composition chi2 test (p-value<5%; df=3)
NOTE: taxon_27 is identical to taxon_26 but kept for subsequent analysis
Checking for duplicate sequences: done in 6.19888e-05 secs using 61.3% CPU

Create initial parsimony tree by phylogenetic likelihood library (PLL)... 0.001 seconds

NOTE: 0 MB RAM (0 GB) is required!
Measuring multi-threading efficiency up to 8 CPU cores
Increase to 10 rounds for branch lengths
8786 trees examined
Threads: 1 / Time: 8.001 sec / Speedup: 1.000 / Efficiency: 100% / LogL: -6031
Threads: 2 / Time: 20.452 sec / Speedup: 0.391 / Efficiency: 20% / LogL: -6031
Determining AUTO threadcount: done in 28.4526 secs using 78.67% CPU
BEST NUMBER OF THREADS: 1

Estimate model parameters (epsilon = 0.100)
1. Initial log-likelihood: -5583.736
Optimal log-likelihood: -5583.736
Rate parameters:  A-C: 1.00000  A-G: 1.00000  A-T: 1.00000  C-G: 1.00000  C-T: 1.00000  G-T: 1.00000
Base frequencies:  A: 0.250  C: 0.250  G: 0.250  T: 0.250
Parameters optimization took 1 rounds (0.001 sec)
Wrote distance file to... 
Computing ML distances based on estimated model parameters...
Calculating distance matrix: done in 0.00244999 secs using 76.57% CPU
Computing ML distances took 0.002479 sec (of wall-clock time) 0.001899 sec (of CPU time)
Setting up auxiliary I and S matrices: done in 4.3869e-05 secs using 95.74% CPU
Constructing RapidNJ tree: done in 0.000133991 secs using 175.4% CPU
Computing RapidNJ tree took 0.000200 sec (of wall-clock time) 0.000299 sec (of CPU time)
Log-likelihood of RapidNJ tree: -5583.786
--------------------------------------------------------------------
|             INITIALIZING CANDIDATE TREE SET                      |
--------------------------------------------------------------------
Generating 98 parsimony trees... 0.058 second
Computing log-likelihood of 98 initial trees ... 0.036 seconds
Current best score: -5583.736

Do NNI search on 20 best initial trees
Estimate model parameters (epsilon = 0.100)
BETTER TREE FOUND at iteration 1: -5583.736
BETTER TREE FOUND at iteration 2: -5583.736
BETTER TREE FOUND at iteration 6: -5583.736
BETTER TREE FOUND at iteration 9: -5583.736
Iteration 10 / LogL: -5583.736 / Time: 0h:0m:28s
Estimate model parameters (epsilon = 0.100)
BETTER TREE FOUND at iteration 19: -5583.648
Iteration 20 / LogL: -5583.736 / Time: 0h:0m:28s
Finish initializing candidate tree set (20)
Current best tree score: -5583.648 / CPU time: 0.135
Number of iterations: 20
--------------------------------------------------------------------
|               OPTIMIZING CANDIDATE TREE SET                      |
--------------------------------------------------------------------
Iteration 30 / LogL: -5591.294 / Time: 0h:0m:28s (0h:1m:27s left)
Iteration 40 / LogL: -5596.332 / Time: 0h:0m:28s (0h:0m:58s left)
Iteration 50 / LogL: -5583.670 / Time: 0h:0m:28s (0h:0m:40s left)
Iteration 60 / LogL: -5583.666 / Time: 0h:0m:28s (0h:0m:28s left)
Iteration 70 / LogL: -5583.661 / Time: 0h:0m:28s (0h:0m:20s left)
Iteration 80 / LogL: -5583.652 / Time: 0h:0m:28s (0h:0m:14s left)
Iteration 90 / LogL: -5596.767 / Time: 0h:0m:28s (0h:0m:9s left)
Iteration 100 / LogL: -5588.480 / Time: 0h:0m:29s (0h:0m:5s left)
Iteration 110 / LogL: -5592.400 / Time: 0h:0m:29s (0h:0m:2s left)
Iteration 120 / LogL: -5583.676 / Time: 0h:0m:29s (0h:0m:-1s left)
TREE SEARCH COMPLETED AFTER 120 ITERATIONS / Time: 0h:0m:29s

--------------------------------------------------------------------
|                    FINALIZING TREE SEARCH                        |
--------------------------------------------------------------------
Performs final model parameters optimization
Estimate model parameters (epsilon = 0.010)
1. Initial log-likelihood: -5583.648
Optimal log-likelihood: -5583.648
Rate parameters:  A-C: 1.00000  A-G: 1.00000  A-T: 1.00000  C-G: 1.00000  C-T: 1.00000  G-T: 1.00000
Base frequencies:  A: 0.250  C: 0.250  G: 0.250  T: 0.250
Parameters optimization took 1 rounds (0.000 sec)
BEST SCORE FOUND : -5583.648
Total tree length: 0.054

Total number of iterations: 120
CPU time used for tree search: 0.660 sec (0h:0m:0s)
Wall-clock time used for tree search: 0.662 sec (0h:0m:0s)
Total CPU time used: 23.053 sec (0h:0m:23s)
Total wall-clock time used: 29.128 sec (0h:0m:29s)

Analysis results written to: 
  IQ-TREE report:                exp_stable_0.0005/m5_sel2_rep5/iqtree_out.iqtree
  Maximum-likelihood tree:       exp_stable_0.0005/m5_sel2_rep5/iqtree_out.treefile
  Likelihood distances:          exp_stable_0.0005/m5_sel2_rep5/iqtree_out.mldist
  Screen log file:               exp_stable_0.0005/m5_sel2_rep5/iqtree_out.log

Date and Time: Mon May 18 20:08:39 2026
