IQ-TREE version 3.1.1 for MacOS ARM 64-bit built Apr  8 2026
Developed by Bui Quang Minh, Thomas Wong, Nhan Ly-Trong, Huaiyan Ren
Contributed by Lam-Tung Nguyen, Dominik Schrempf, Chris Bielow,
Olga Chernomor, Michael Woodhams, Diep Thi Hoang, Heiko Schmidt

Host:    Noutbuk-maria.local (SSE4.2, 16 GB RAM)
Command: iqtree -s exp_baseline/m5_sel0_rep1/combined.fasta -m JC -nt AUTO -pre exp_baseline/m5_sel0_rep1/iqtree_out -seed 642 -redo
Seed:    642 (Using SPRNG - Scalable Parallel Random Number Generator)
Time:    Tue May 12 14:12:54 2026
Kernel:  SSE2 - auto-detect threads (8 CPU cores detected)

Reading alignment file exp_baseline/m5_sel0_rep1/combined.fasta ... Fasta format detected
Reading fasta file: done in 0.000473976 secs using 90.72% CPU
NOTE: Change sequence name 'taxon 1' -> taxon_1
NOTE: Change sequence name 'taxon 2' -> taxon_2
NOTE: Change sequence name 'taxon 3' -> taxon_3
NOTE: Change sequence name 'taxon 4' -> taxon_4
NOTE: Change sequence name 'taxon 5' -> taxon_5
NOTE: Change sequence name 'taxon 6' -> taxon_6
NOTE: Change sequence name 'taxon 7' -> taxon_7
NOTE: Change sequence name 'taxon 8' -> taxon_8
NOTE: Change sequence name 'taxon 9' -> taxon_9
NOTE: Change sequence name 'taxon 10' -> taxon_10
NOTE: Change sequence name 'taxon 11' -> taxon_11
NOTE: Change sequence name 'taxon 12' -> taxon_12
NOTE: Change sequence name 'taxon 13' -> taxon_13
NOTE: Change sequence name 'taxon 14' -> taxon_14
NOTE: Change sequence name 'taxon 15' -> taxon_15
NOTE: Change sequence name 'taxon 16' -> taxon_16
NOTE: Change sequence name 'taxon 17' -> taxon_17
NOTE: Change sequence name 'taxon 18' -> taxon_18
NOTE: Change sequence name 'taxon 19' -> taxon_19
NOTE: Change sequence name 'taxon 20' -> taxon_20
NOTE: Change sequence name 'taxon 21' -> taxon_21
NOTE: Change sequence name 'taxon 22' -> taxon_22
NOTE: Change sequence name 'taxon 23' -> taxon_23
NOTE: Change sequence name 'taxon 24' -> taxon_24
NOTE: Change sequence name 'taxon 25' -> taxon_25
NOTE: Change sequence name 'taxon 26' -> taxon_26
NOTE: Change sequence name 'taxon 27' -> taxon_27
NOTE: Change sequence name 'taxon 28' -> taxon_28
NOTE: Change sequence name 'taxon 29' -> taxon_29
NOTE: Change sequence name 'taxon 30' -> taxon_30
Alignment most likely contains DNA/RNA sequences
Constructing alignment: done in 0.000921965 secs using 58.03% CPU
Alignment has 30 sequences with 2000 columns, 2000 distinct patterns
2000 parsimony-informative, 0 singleton sites, 0 constant sites
          Gap/Ambiguity  Composition  p-value
Analyzing sequences: done in 4.19617e-05 secs using 266.9% CPU
   1  taxon_1     0.00%    passed     27.06%
   2  taxon_2     0.00%    passed     26.32%
   3  taxon_3     0.00%    passed     98.94%
   4  taxon_4     0.00%    passed     44.08%
   5  taxon_5     0.00%    passed     57.06%
   6  taxon_6     0.00%    passed     41.33%
   7  taxon_7     0.00%    passed     27.27%
   8  taxon_8     0.00%    passed     39.07%
   9  taxon_9     0.00%    passed     64.28%
  10  taxon_10    0.00%    passed     19.96%
  11  taxon_11    0.00%    passed     83.59%
  12  taxon_12    0.00%    passed     83.90%
  13  taxon_13    0.00%    passed     48.99%
  14  taxon_14    0.00%    passed     51.41%
  15  taxon_15    0.00%    passed     55.97%
  16  taxon_16    0.00%    passed     81.79%
  17  taxon_17    0.00%    passed     78.98%
  18  taxon_18    0.00%    passed     88.39%
  19  taxon_19    0.00%    passed     53.95%
  20  taxon_20    0.00%    passed     58.87%
  21  taxon_21    0.00%    passed     71.66%
  22  taxon_22    0.00%    passed     73.95%
  23  taxon_23    0.00%    passed     89.81%
  24  taxon_24    0.00%    passed     21.25%
  25  taxon_25    0.00%    passed     68.44%
  26  taxon_26    0.00%    passed     53.57%
  27  taxon_27    0.00%    passed     95.22%
  28  taxon_28    0.00%    passed     21.56%
  29  taxon_29    0.00%    passed     66.72%
  30  taxon_30    0.00%    passed     25.97%
****  TOTAL       0.00%  0 sequences failed composition chi2 test (p-value<5%; df=3)
Checking for duplicate sequences: done in 0.000129938 secs using 90.81% CPU

Create initial parsimony tree by phylogenetic likelihood library (PLL)... 0.002 seconds

NOTE: 1 MB RAM (0 GB) is required!
Measuring multi-threading efficiency up to 8 CPU cores
Increase to 10 rounds for branch lengths
387 trees examined
Threads: 1 / Time: 8.017 sec / Speedup: 1.000 / Efficiency: 100% / LogL: -77329
Threads: 2 / Time: 8.968 sec / Speedup: 0.894 / Efficiency: 45% / LogL: -77329
Determining AUTO threadcount: done in 16.9845 secs using 107.8% CPU
BEST NUMBER OF THREADS: 1

Estimate model parameters (epsilon = 0.100)
1. Initial log-likelihood: -71741.237
Optimal log-likelihood: -71230.354
Rate parameters:  A-C: 1.00000  A-G: 1.00000  A-T: 1.00000  C-G: 1.00000  C-T: 1.00000  G-T: 1.00000
Base frequencies:  A: 0.250  C: 0.250  G: 0.250  T: 0.250
Parameters optimization took 1 rounds (0.017 sec)
Wrote distance file to... 
Computing ML distances based on estimated model parameters...
Calculating distance matrix: done in 0.00121093 secs using 99.26% CPU
Computing ML distances took 0.001354 sec (of wall-clock time) 0.001329 sec (of CPU time)
WARNING: Some pairwise ML distances are too long (saturated)
Setting up auxiliary I and S matrices: done in 2.7895e-05 secs using 75.28% CPU
Constructing RapidNJ tree: done in 6.50883e-05 secs using 144.4% CPU
Computing RapidNJ tree took 0.000121 sec (of wall-clock time) 0.000135 sec (of CPU time)
Log-likelihood of RapidNJ tree: -71252.536
--------------------------------------------------------------------
|             INITIALIZING CANDIDATE TREE SET                      |
--------------------------------------------------------------------
Generating 98 parsimony trees... 0.276 second
Computing log-likelihood of 98 initial trees ... 0.247 seconds
Current best score: -71230.354

Do NNI search on 20 best initial trees
Estimate model parameters (epsilon = 0.100)
BETTER TREE FOUND at iteration 1: -71213.532
Estimate model parameters (epsilon = 0.100)
BETTER TREE FOUND at iteration 2: -71212.680
Estimate model parameters (epsilon = 0.100)
BETTER TREE FOUND at iteration 3: -71209.314
Estimate model parameters (epsilon = 0.100)
BETTER TREE FOUND at iteration 7: -71207.788
Iteration 10 / LogL: -71245.358 / Time: 0h:0m:18s
Iteration 20 / LogL: -71214.963 / Time: 0h:0m:19s
Finish initializing candidate tree set (18)
Current best tree score: -71207.788 / CPU time: 2.134
Number of iterations: 20
--------------------------------------------------------------------
|               OPTIMIZING CANDIDATE TREE SET                      |
--------------------------------------------------------------------
Iteration 30 / LogL: -71211.227 / Time: 0h:0m:20s (0h:0m:53s left)
Iteration 40 / LogL: -71208.674 / Time: 0h:0m:21s (0h:0m:36s left)
Iteration 50 / LogL: -71307.702 / Time: 0h:0m:22s (0h:0m:25s left)
Iteration 60 / LogL: -71208.168 / Time: 0h:0m:22s (0h:0m:18s left)
Iteration 70 / LogL: -71210.339 / Time: 0h:0m:23s (0h:0m:12s left)
Iteration 80 / LogL: -71210.124 / Time: 0h:0m:24s (0h:0m:8s left)
Iteration 90 / LogL: -71208.371 / Time: 0h:0m:25s (0h:0m:4s left)
Iteration 100 / LogL: -71609.141 / Time: 0h:0m:26s (0h:0m:1s left)
TREE SEARCH COMPLETED AFTER 108 ITERATIONS / Time: 0h:0m:27s

--------------------------------------------------------------------
|                    FINALIZING TREE SEARCH                        |
--------------------------------------------------------------------
Performs final model parameters optimization
Estimate model parameters (epsilon = 0.010)
1. Initial log-likelihood: -71207.788
Optimal log-likelihood: -71207.775
Rate parameters:  A-C: 1.00000  A-G: 1.00000  A-T: 1.00000  C-G: 1.00000  C-T: 1.00000  G-T: 1.00000
Base frequencies:  A: 0.250  C: 0.250  G: 0.250  T: 0.250
Parameters optimization took 1 rounds (0.003 sec)
BEST SCORE FOUND : -71207.775
Total tree length: 24.268

Total number of iterations: 108
CPU time used for tree search: 10.028 sec (0h:0m:10s)
Wall-clock time used for tree search: 10.066 sec (0h:0m:10s)
Total CPU time used: 28.417 sec (0h:0m:28s)
Total wall-clock time used: 27.137 sec (0h:0m:27s)

Analysis results written to: 
  IQ-TREE report:                exp_baseline/m5_sel0_rep1/iqtree_out.iqtree
  Maximum-likelihood tree:       exp_baseline/m5_sel0_rep1/iqtree_out.treefile
  Likelihood distances:          exp_baseline/m5_sel0_rep1/iqtree_out.mldist
  Screen log file:               exp_baseline/m5_sel0_rep1/iqtree_out.log

Date and Time: Tue May 12 14:13:21 2026
