IQ-TREE version 3.1.1 for MacOS ARM 64-bit built Apr  8 2026
Developed by Bui Quang Minh, Thomas Wong, Nhan Ly-Trong, Huaiyan Ren
Contributed by Lam-Tung Nguyen, Dominik Schrempf, Chris Bielow,
Olga Chernomor, Michael Woodhams, Diep Thi Hoang, Heiko Schmidt

Host:    Noutbuk-maria.local (SSE4.2, 16 GB RAM)
Command: iqtree -s exp_stable_0.001/m5_sel1_rep2/neutral.fasta -m JC -nt AUTO -pre exp_stable_0.001/m5_sel1_rep2/iqtree_out -seed 1742 -redo
Seed:    1742 (Using SPRNG - Scalable Parallel Random Number Generator)
Time:    Sun May 17 02:50:36 2026
Kernel:  SSE2 - auto-detect threads (8 CPU cores detected)

Reading alignment file exp_stable_0.001/m5_sel1_rep2/neutral.fasta ... Fasta format detected
Reading fasta file: done in 0.00117207 secs using 90.01% CPU
Alignment most likely contains DNA/RNA sequences
Constructing alignment: done in 0.0013051 secs using 58.54% CPU
Alignment has 50 sequences with 3000 columns, 872 distinct patterns
299 parsimony-informative, 943 singleton sites, 1758 constant sites
          Gap/Ambiguity  Composition  p-value
Analyzing sequences: done in 5.60284e-05 secs using 151.7% CPU
   1  taxon_1     0.00%    passed     99.52%
   2  taxon_2     0.00%    passed     99.10%
   3  taxon_3     0.00%    passed     99.29%
   4  taxon_4     0.00%    passed     98.91%
   5  taxon_5     0.00%    passed     98.20%
   6  taxon_6     0.00%    passed     99.44%
   7  taxon_7     0.00%    passed     99.45%
   8  taxon_8     0.00%    passed     99.40%
   9  taxon_9     0.00%    passed     99.42%
  10  taxon_10    0.00%    passed     99.99%
  11  taxon_11    0.00%    passed     98.89%
  12  taxon_12    0.00%    passed     98.62%
  13  taxon_13    0.00%    passed     99.98%
  14  taxon_14    0.00%    passed     99.41%
  15  taxon_15    0.00%    passed     99.73%
  16  taxon_16    0.00%    passed     99.02%
  17  taxon_17    0.00%    passed     99.53%
  18  taxon_18    0.00%    passed     99.29%
  19  taxon_19    0.00%    passed     99.16%
  20  taxon_20    0.00%    passed     98.23%
  21  taxon_21    0.00%    passed     99.87%
  22  taxon_22    0.00%    passed     99.79%
  23  taxon_23    0.00%    passed     99.95%
  24  taxon_24    0.00%    passed     93.46%
  25  taxon_25    0.00%    passed     98.09%
  26  taxon_26    0.00%    passed     99.39%
  27  taxon_27    0.00%    passed     99.85%
  28  taxon_28    0.00%    passed     99.67%
  29  taxon_29    0.00%    passed     96.92%
  30  taxon_30    0.00%    passed     99.62%
  31  taxon_31    0.00%    passed     98.73%
  32  taxon_32    0.00%    passed     99.14%
  33  taxon_33    0.00%    passed     98.69%
  34  taxon_34    0.00%    passed     99.95%
  35  taxon_35    0.00%    passed     99.80%
  36  taxon_36    0.00%    passed     98.74%
  37  taxon_37    0.00%    passed     95.71%
  38  taxon_38    0.00%    passed     98.23%
  39  taxon_39    0.00%    passed     96.63%
  40  taxon_40    0.00%    passed     99.84%
  41  taxon_41    0.00%    passed     98.06%
  42  taxon_42    0.00%    passed     99.96%
  43  taxon_43    0.00%    passed     97.76%
  44  taxon_44    0.00%    passed     99.26%
  45  taxon_45    0.00%    passed     97.90%
  46  taxon_46    0.00%    passed     99.68%
  47  taxon_47    0.00%    passed     99.55%
  48  taxon_48    0.00%    passed     99.88%
  49  taxon_49    0.00%    passed     99.57%
  50  taxon_50    0.00%    passed     99.92%
****  TOTAL       0.00%  0 sequences failed composition chi2 test (p-value<5%; df=3)
Checking for duplicate sequences: done in 0.000123024 secs using 78.85% CPU

Create initial parsimony tree by phylogenetic likelihood library (PLL)... 0.002 seconds

NOTE: 1 MB RAM (0 GB) is required!
Measuring multi-threading efficiency up to 8 CPU cores
Increase to 10 rounds for branch lengths
1057 trees examined
Threads: 1 / Time: 8.004 sec / Speedup: 1.000 / Efficiency: 100% / LogL: -19872
Threads: 2 / Time: 9.604 sec / Speedup: 0.833 / Efficiency: 42% / LogL: -19872
Determining AUTO threadcount: done in 17.6078 secs using 105.4% CPU
BEST NUMBER OF THREADS: 1

Estimate model parameters (epsilon = 0.100)
1. Initial log-likelihood: -15270.866
Optimal log-likelihood: -15268.212
Rate parameters:  A-C: 1.00000  A-G: 1.00000  A-T: 1.00000  C-G: 1.00000  C-T: 1.00000  G-T: 1.00000
Base frequencies:  A: 0.250  C: 0.250  G: 0.250  T: 0.250
Parameters optimization took 1 rounds (0.005 sec)
Wrote distance file to... 
Computing ML distances based on estimated model parameters...
Calculating distance matrix: done in 0.00311708 secs using 84.63% CPU
Computing ML distances took 0.003206 sec (of wall-clock time) 0.002721 sec (of CPU time)
Setting up auxiliary I and S matrices: done in 4.29153e-05 secs using 81.56% CPU
Constructing RapidNJ tree: done in 0.000100851 secs using 168.6% CPU
Computing RapidNJ tree took 0.000167 sec (of wall-clock time) 0.000235 sec (of CPU time)
Log-likelihood of RapidNJ tree: -15305.414
--------------------------------------------------------------------
|             INITIALIZING CANDIDATE TREE SET                      |
--------------------------------------------------------------------
Generating 98 parsimony trees... 0.176 second
Computing log-likelihood of 98 initial trees ... 0.177 seconds
Current best score: -15268.207

Do NNI search on 20 best initial trees
Estimate model parameters (epsilon = 0.100)
BETTER TREE FOUND at iteration 1: -15268.207
BETTER TREE FOUND at iteration 2: -15268.207
BETTER TREE FOUND at iteration 5: -15268.207
BETTER TREE FOUND at iteration 9: -15268.207
UPDATE BEST LOG-LIKELIHOOD: -15268.207
Iteration 10 / LogL: -15268.207 / Time: 0h:0m:18s
BETTER TREE FOUND at iteration 11: -15268.207
Iteration 20 / LogL: -15268.207 / Time: 0h:0m:18s
Finish initializing candidate tree set (9)
Current best tree score: -15268.207 / CPU time: 0.541
Number of iterations: 20
--------------------------------------------------------------------
|               OPTIMIZING CANDIDATE TREE SET                      |
--------------------------------------------------------------------
Iteration 30 / LogL: -15268.212 / Time: 0h:0m:18s (0h:0m:51s left)
Iteration 40 / LogL: -15268.207 / Time: 0h:0m:18s (0h:0m:34s left)
Iteration 50 / LogL: -15268.207 / Time: 0h:0m:18s (0h:0m:23s left)
Iteration 60 / LogL: -15268.207 / Time: 0h:0m:19s (0h:0m:16s left)
UPDATE BEST LOG-LIKELIHOOD: -15268.207
Iteration 70 / LogL: -15268.211 / Time: 0h:0m:19s (0h:0m:11s left)
Iteration 80 / LogL: -15268.213 / Time: 0h:0m:19s (0h:0m:7s left)
Iteration 90 / LogL: -15268.207 / Time: 0h:0m:20s (0h:0m:4s left)
Iteration 100 / LogL: -15268.218 / Time: 0h:0m:20s (0h:0m:2s left)
Iteration 110 / LogL: -15268.219 / Time: 0h:0m:20s (0h:0m:0s left)
TREE SEARCH COMPLETED AFTER 112 ITERATIONS / Time: 0h:0m:20s

--------------------------------------------------------------------
|                    FINALIZING TREE SEARCH                        |
--------------------------------------------------------------------
Performs final model parameters optimization
Estimate model parameters (epsilon = 0.010)
1. Initial log-likelihood: -15268.207
Optimal log-likelihood: -15268.207
Rate parameters:  A-C: 1.00000  A-G: 1.00000  A-T: 1.00000  C-G: 1.00000  C-T: 1.00000  G-T: 1.00000
Base frequencies:  A: 0.250  C: 0.250  G: 0.250  T: 0.250
Parameters optimization took 1 rounds (0.002 sec)
BEST SCORE FOUND : -15268.207
Total tree length: 0.539

Total number of iterations: 112
CPU time used for tree search: 3.031 sec (0h:0m:3s)
Wall-clock time used for tree search: 3.065 sec (0h:0m:3s)
Total CPU time used: 21.609 sec (0h:0m:21s)
Total wall-clock time used: 20.697 sec (0h:0m:20s)

Analysis results written to: 
  IQ-TREE report:                exp_stable_0.001/m5_sel1_rep2/iqtree_out.iqtree
  Maximum-likelihood tree:       exp_stable_0.001/m5_sel1_rep2/iqtree_out.treefile
  Likelihood distances:          exp_stable_0.001/m5_sel1_rep2/iqtree_out.mldist
  Screen log file:               exp_stable_0.001/m5_sel1_rep2/iqtree_out.log

Date and Time: Sun May 17 02:50:57 2026
