IQ-TREE version 3.1.1 for MacOS ARM 64-bit built Apr  8 2026
Developed by Bui Quang Minh, Thomas Wong, Nhan Ly-Trong, Huaiyan Ren
Contributed by Lam-Tung Nguyen, Dominik Schrempf, Chris Bielow,
Olga Chernomor, Michael Woodhams, Diep Thi Hoang, Heiko Schmidt

Host:    Noutbuk-maria.local (SSE4.2, 16 GB RAM)
Command: iqtree -s exp_stable_0.0001/m5_sel2_rep2/neutral.fasta -m JC -nt AUTO -pre exp_stable_0.0001/m5_sel2_rep2/iqtree_out -seed 2742 -redo
Seed:    2742 (Using SPRNG - Scalable Parallel Random Number Generator)
Time:    Fri May 15 16:49:33 2026
Kernel:  SSE2 - auto-detect threads (8 CPU cores detected)

Reading alignment file exp_stable_0.0001/m5_sel2_rep2/neutral.fasta ... Fasta format detected
Reading fasta file: done in 0.00124407 secs using 89.14% CPU
Alignment most likely contains DNA/RNA sequences
Constructing alignment: done in 0.00134397 secs using 57.59% CPU
Alignment has 50 sequences with 3000 columns, 799 distinct patterns
432 parsimony-informative, 730 singleton sites, 1838 constant sites
          Gap/Ambiguity  Composition  p-value
Analyzing sequences: done in 5.07832e-05 secs using 139.8% CPU
   1  taxon_1     0.00%    passed     99.31%
   2  taxon_2     0.00%    passed     98.62%
   3  taxon_3     0.00%    passed     96.68%
   4  taxon_4     0.00%    passed     97.23%
   5  taxon_5     0.00%    passed     99.56%
   6  taxon_6     0.00%    passed     99.54%
   7  taxon_7     0.00%    passed     96.73%
   8  taxon_8     0.00%    passed     99.67%
   9  taxon_9     0.00%    passed     99.43%
  10  taxon_10    0.00%    passed     99.16%
  11  taxon_11    0.00%    passed     99.20%
  12  taxon_12    0.00%    passed     98.02%
  13  taxon_13    0.00%    passed     99.64%
  14  taxon_14    0.00%    passed     98.72%
  15  taxon_15    0.00%    passed     99.10%
  16  taxon_16    0.00%    passed     99.14%
  17  taxon_17    0.00%    passed     99.60%
  18  taxon_18    0.00%    passed     99.76%
  19  taxon_19    0.00%    passed     99.63%
  20  taxon_20    0.00%    passed    100.00%
  21  taxon_21    0.00%    passed     97.79%
  22  taxon_22    0.00%    passed     99.44%
  23  taxon_23    0.00%    passed     99.77%
  24  taxon_24    0.00%    passed     99.92%
  25  taxon_25    0.00%    passed     97.34%
  26  taxon_26    0.00%    passed     99.53%
  27  taxon_27    0.00%    passed     97.86%
  28  taxon_28    0.00%    passed     99.78%
  29  taxon_29    0.00%    passed     99.65%
  30  taxon_30    0.00%    passed     99.61%
  31  taxon_31    0.00%    passed     99.84%
  32  taxon_32    0.00%    passed     99.70%
  33  taxon_33    0.00%    passed     98.96%
  34  taxon_34    0.00%    passed     99.63%
  35  taxon_35    0.00%    passed     99.90%
  36  taxon_36    0.00%    passed     99.91%
  37  taxon_37    0.00%    passed     98.29%
  38  taxon_38    0.00%    passed     99.94%
  39  taxon_39    0.00%    passed     98.71%
  40  taxon_40    0.00%    passed     99.76%
  41  taxon_41    0.00%    passed     99.72%
  42  taxon_42    0.00%    passed     98.88%
  43  taxon_43    0.00%    passed     99.87%
  44  taxon_44    0.00%    passed     98.94%
  45  taxon_45    0.00%    passed     99.41%
  46  taxon_46    0.00%    passed     95.86%
  47  taxon_47    0.00%    passed     99.48%
  48  taxon_48    0.00%    passed     97.38%
  49  taxon_49    0.00%    passed     98.60%
  50  taxon_50    0.00%    passed     96.09%
****  TOTAL       0.00%  0 sequences failed composition chi2 test (p-value<5%; df=3)
Checking for duplicate sequences: done in 0.000108004 secs using 81.48% CPU

Create initial parsimony tree by phylogenetic likelihood library (PLL)... 0.002 seconds

NOTE: 1 MB RAM (0 GB) is required!
Measuring multi-threading efficiency up to 8 CPU cores
Increase to 10 rounds for branch lengths
912 trees examined
Threads: 1 / Time: 8.001 sec / Speedup: 1.000 / Efficiency: 100% / LogL: -20227
Threads: 2 / Time: 8.879 sec / Speedup: 0.901 / Efficiency: 45% / LogL: -20227
Determining AUTO threadcount: done in 16.88 secs using 102.8% CPU
BEST NUMBER OF THREADS: 1

Estimate model parameters (epsilon = 0.100)
1. Initial log-likelihood: -14571.521
Optimal log-likelihood: -14571.113
Rate parameters:  A-C: 1.00000  A-G: 1.00000  A-T: 1.00000  C-G: 1.00000  C-T: 1.00000  G-T: 1.00000
Base frequencies:  A: 0.250  C: 0.250  G: 0.250  T: 0.250
Parameters optimization took 1 rounds (0.005 sec)
Wrote distance file to... 
Computing ML distances based on estimated model parameters...
Calculating distance matrix: done in 0.00361109 secs using 86.95% CPU
Computing ML distances took 0.003731 sec (of wall-clock time) 0.003246 sec (of CPU time)
Setting up auxiliary I and S matrices: done in 5.19753e-05 secs using 78.88% CPU
Constructing RapidNJ tree: done in 0.000118971 secs using 166.4% CPU
Computing RapidNJ tree took 0.000196 sec (of wall-clock time) 0.000268 sec (of CPU time)
Log-likelihood of RapidNJ tree: -14589.880
--------------------------------------------------------------------
|             INITIALIZING CANDIDATE TREE SET                      |
--------------------------------------------------------------------
Generating 98 parsimony trees... 0.201 second
Computing log-likelihood of 98 initial trees ... 0.177 seconds
Current best score: -14571.043

Do NNI search on 20 best initial trees
Estimate model parameters (epsilon = 0.100)
BETTER TREE FOUND at iteration 1: -14571.043
BETTER TREE FOUND at iteration 4: -14571.043
Iteration 10 / LogL: -14571.043 / Time: 0h:0m:17s
Iteration 20 / LogL: -14571.043 / Time: 0h:0m:17s
Finish initializing candidate tree set (6)
Current best tree score: -14571.043 / CPU time: 0.548
Number of iterations: 20
--------------------------------------------------------------------
|               OPTIMIZING CANDIDATE TREE SET                      |
--------------------------------------------------------------------
Iteration 30 / LogL: -14571.054 / Time: 0h:0m:17s (0h:0m:45s left)
Iteration 40 / LogL: -14571.053 / Time: 0h:0m:18s (0h:0m:29s left)
Iteration 50 / LogL: -14571.047 / Time: 0h:0m:18s (0h:0m:20s left)
Iteration 60 / LogL: -14571.053 / Time: 0h:0m:18s (0h:0m:13s left)
Iteration 70 / LogL: -14596.258 / Time: 0h:0m:18s (0h:0m:9s left)
Iteration 80 / LogL: -14571.049 / Time: 0h:0m:19s (0h:0m:5s left)
Iteration 90 / LogL: -14571.053 / Time: 0h:0m:19s (0h:0m:3s left)
Iteration 100 / LogL: -14571.050 / Time: 0h:0m:19s (0h:0m:0s left)
TREE SEARCH COMPLETED AFTER 105 ITERATIONS / Time: 0h:0m:20s

--------------------------------------------------------------------
|                    FINALIZING TREE SEARCH                        |
--------------------------------------------------------------------
Performs final model parameters optimization
Estimate model parameters (epsilon = 0.010)
1. Initial log-likelihood: -14571.043
Optimal log-likelihood: -14571.043
Rate parameters:  A-C: 1.00000  A-G: 1.00000  A-T: 1.00000  C-G: 1.00000  C-T: 1.00000  G-T: 1.00000
Base frequencies:  A: 0.250  C: 0.250  G: 0.250  T: 0.250
Parameters optimization took 1 rounds (0.002 sec)
BEST SCORE FOUND : -14571.043
Total tree length: 0.498

Total number of iterations: 105
CPU time used for tree search: 3.095 sec (0h:0m:3s)
Wall-clock time used for tree search: 3.103 sec (0h:0m:3s)
Total CPU time used: 20.472 sec (0h:0m:20s)
Total wall-clock time used: 20.011 sec (0h:0m:20s)

Analysis results written to: 
  IQ-TREE report:                exp_stable_0.0001/m5_sel2_rep2/iqtree_out.iqtree
  Maximum-likelihood tree:       exp_stable_0.0001/m5_sel2_rep2/iqtree_out.treefile
  Likelihood distances:          exp_stable_0.0001/m5_sel2_rep2/iqtree_out.mldist
  Screen log file:               exp_stable_0.0001/m5_sel2_rep2/iqtree_out.log

Date and Time: Fri May 15 16:49:53 2026
