IQ-TREE version 3.1.1 for MacOS ARM 64-bit built Apr  8 2026
Developed by Bui Quang Minh, Thomas Wong, Nhan Ly-Trong, Huaiyan Ren
Contributed by Lam-Tung Nguyen, Dominik Schrempf, Chris Bielow,
Olga Chernomor, Michael Woodhams, Diep Thi Hoang, Heiko Schmidt

Host:    Noutbuk-maria.local (SSE4.2, 16 GB RAM)
Command: iqtree -s exp_baseline/m5_sel50_rep5/combined.fasta -m JC -nt AUTO -pre exp_baseline/m5_sel50_rep5/iqtree_out -seed 51042 -redo
Seed:    51042 (Using SPRNG - Scalable Parallel Random Number Generator)
Time:    Tue May 12 14:17:36 2026
Kernel:  SSE2 - auto-detect threads (8 CPU cores detected)

Reading alignment file exp_baseline/m5_sel50_rep5/combined.fasta ... Fasta format detected
Reading fasta file: done in 0.000484943 secs using 91.14% CPU
Alignment most likely contains DNA/RNA sequences
Constructing alignment: done in 0.000923157 secs using 58.82% CPU
Alignment has 30 sequences with 2050 columns, 2015 distinct patterns
2042 parsimony-informative, 0 singleton sites, 8 constant sites
          Gap/Ambiguity  Composition  p-value
Analyzing sequences: done in 4.60148e-05 secs using 263% CPU
   1  taxon_1     0.00%    passed     68.27%
   2  taxon_2     0.00%    passed     74.39%
   3  taxon_3     0.00%    passed     62.58%
   4  taxon_4     0.00%    passed     39.28%
   5  taxon_5     0.00%    passed     48.17%
   6  taxon_6     0.00%    passed     89.88%
   7  taxon_7     0.00%    passed     97.16%
   8  taxon_8     0.00%    passed     76.21%
   9  taxon_9     0.00%    passed     32.14%
  10  taxon_10    0.00%    passed     54.98%
  11  taxon_11    0.00%    passed     69.26%
  12  taxon_12    0.00%    passed     69.20%
  13  taxon_13    0.00%    passed     51.10%
  14  taxon_14    0.00%    failed      2.95%
  15  taxon_15    0.00%    passed     55.08%
  16  taxon_16    0.00%    passed     37.93%
  17  taxon_17    0.00%    passed     84.99%
  18  taxon_18    0.00%    passed     68.86%
  19  taxon_19    0.00%    passed      6.14%
  20  taxon_20    0.00%    passed     90.86%
  21  taxon_21    0.00%    passed     68.51%
  22  taxon_22    0.00%    passed     38.45%
  23  taxon_23    0.00%    failed      4.41%
  24  taxon_24    0.00%    passed     61.00%
  25  taxon_25    0.00%    passed     88.44%
  26  taxon_26    0.00%    passed     60.20%
  27  taxon_27    0.00%    passed     90.30%
  28  taxon_28    0.00%    passed     95.65%
  29  taxon_29    0.00%    passed     48.55%
  30  taxon_30    0.00%    passed     80.97%
****  TOTAL       0.00%  2 sequences failed composition chi2 test (p-value<5%; df=3)
Checking for duplicate sequences: done in 0.000130892 secs using 90.91% CPU

Create initial parsimony tree by phylogenetic likelihood library (PLL)... 0.002 seconds

NOTE: 1 MB RAM (0 GB) is required!
Measuring multi-threading efficiency up to 8 CPU cores
Increase to 10 rounds for branch lengths
388 trees examined
Threads: 1 / Time: 8.010 sec / Speedup: 1.000 / Efficiency: 100% / LogL: -81823
Threads: 2 / Time: 8.857 sec / Speedup: 0.904 / Efficiency: 45% / LogL: -81823
Determining AUTO threadcount: done in 16.8666 secs using 107.6% CPU
BEST NUMBER OF THREADS: 1

Estimate model parameters (epsilon = 0.100)
1. Initial log-likelihood: -77688.943
Optimal log-likelihood: -77129.569
Rate parameters:  A-C: 1.00000  A-G: 1.00000  A-T: 1.00000  C-G: 1.00000  C-T: 1.00000  G-T: 1.00000
Base frequencies:  A: 0.250  C: 0.250  G: 0.250  T: 0.250
Parameters optimization took 1 rounds (0.017 sec)
Wrote distance file to... 
Computing ML distances based on estimated model parameters...
Calculating distance matrix: done in 0.00142503 secs using 99.44% CPU
Computing ML distances took 0.001567 sec (of wall-clock time) 0.001546 sec (of CPU time)
WARNING: Some pairwise ML distances are too long (saturated)
Setting up auxiliary I and S matrices: done in 2.28882e-05 secs using 74.27% CPU
Constructing RapidNJ tree: done in 5.07832e-05 secs using 169.3% CPU
Computing RapidNJ tree took 0.000105 sec (of wall-clock time) 0.000121 sec (of CPU time)
Log-likelihood of RapidNJ tree: -77160.356
--------------------------------------------------------------------
|             INITIALIZING CANDIDATE TREE SET                      |
--------------------------------------------------------------------
Generating 98 parsimony trees... 0.295 second
Computing log-likelihood of 98 initial trees ... 0.244 seconds
Current best score: -77129.569

Do NNI search on 20 best initial trees
Estimate model parameters (epsilon = 0.100)
BETTER TREE FOUND at iteration 1: -77082.200
Iteration 10 / LogL: -77101.114 / Time: 0h:0m:17s
Iteration 20 / LogL: -77083.537 / Time: 0h:0m:18s
Finish initializing candidate tree set (15)
Current best tree score: -77082.200 / CPU time: 1.559
Number of iterations: 20
--------------------------------------------------------------------
|               OPTIMIZING CANDIDATE TREE SET                      |
--------------------------------------------------------------------
Iteration 30 / LogL: -77094.952 / Time: 0h:0m:19s (0h:0m:46s left)
Iteration 40 / LogL: -77083.257 / Time: 0h:0m:19s (0h:0m:30s left)
Iteration 50 / LogL: -77083.023 / Time: 0h:0m:20s (0h:0m:21s left)
Iteration 60 / LogL: -77088.839 / Time: 0h:0m:20s (0h:0m:14s left)
Iteration 70 / LogL: -77086.140 / Time: 0h:0m:21s (0h:0m:9s left)
Iteration 80 / LogL: -77083.038 / Time: 0h:0m:22s (0h:0m:5s left)
Iteration 90 / LogL: -77093.674 / Time: 0h:0m:22s (0h:0m:2s left)
Iteration 100 / LogL: -77089.751 / Time: 0h:0m:23s (0h:0m:0s left)
TREE SEARCH COMPLETED AFTER 102 ITERATIONS / Time: 0h:0m:23s

--------------------------------------------------------------------
|                    FINALIZING TREE SEARCH                        |
--------------------------------------------------------------------
Performs final model parameters optimization
Estimate model parameters (epsilon = 0.010)
1. Initial log-likelihood: -77082.200
Optimal log-likelihood: -77082.045
Rate parameters:  A-C: 1.00000  A-G: 1.00000  A-T: 1.00000  C-G: 1.00000  C-T: 1.00000  G-T: 1.00000
Base frequencies:  A: 0.250  C: 0.250  G: 0.250  T: 0.250
Parameters optimization took 1 rounds (0.009 sec)
BEST SCORE FOUND : -77082.045
Total tree length: 23.395

Total number of iterations: 102
CPU time used for tree search: 6.463 sec (0h:0m:6s)
Wall-clock time used for tree search: 6.482 sec (0h:0m:6s)
Total CPU time used: 24.678 sec (0h:0m:24s)
Total wall-clock time used: 23.414 sec (0h:0m:23s)

Analysis results written to: 
  IQ-TREE report:                exp_baseline/m5_sel50_rep5/iqtree_out.iqtree
  Maximum-likelihood tree:       exp_baseline/m5_sel50_rep5/iqtree_out.treefile
  Likelihood distances:          exp_baseline/m5_sel50_rep5/iqtree_out.mldist
  Screen log file:               exp_baseline/m5_sel50_rep5/iqtree_out.log

Date and Time: Tue May 12 14:18:00 2026
