IQ-TREE version 3.1.1 for MacOS ARM 64-bit built Apr  8 2026
Developed by Bui Quang Minh, Thomas Wong, Nhan Ly-Trong, Huaiyan Ren
Contributed by Lam-Tung Nguyen, Dominik Schrempf, Chris Bielow,
Olga Chernomor, Michael Woodhams, Diep Thi Hoang, Heiko Schmidt

Host:    Noutbuk-maria.local (SSE4.2, 16 GB RAM)
Command: iqtree -s exp_stable_0.001/m1_sel2_rep3/neutral.fasta -m JC -nt AUTO -pre exp_stable_0.001/m1_sel2_rep3/iqtree_out -seed 2442 -redo
Seed:    2442 (Using SPRNG - Scalable Parallel Random Number Generator)
Time:    Sat May 16 00:19:31 2026
Kernel:  SSE2 - auto-detect threads (8 CPU cores detected)

Reading alignment file exp_stable_0.001/m1_sel2_rep3/neutral.fasta ... Fasta format detected
Reading fasta file: done in 0.00117493 secs using 89.79% CPU
Alignment most likely contains DNA/RNA sequences
Constructing alignment: done in 0.00158191 secs using 60.56% CPU
Alignment has 50 sequences with 3000 columns, 2106 distinct patterns
1282 parsimony-informative, 1213 singleton sites, 505 constant sites
          Gap/Ambiguity  Composition  p-value
Analyzing sequences: done in 6.98566e-05 secs using 313.5% CPU
   1  taxon_1     0.00%    passed     96.74%
   2  taxon_2     0.00%    passed     98.61%
   3  taxon_3     0.00%    passed     94.28%
   4  taxon_4     0.00%    passed     99.68%
   5  taxon_5     0.00%    passed     82.20%
   6  taxon_6     0.00%    passed     75.02%
   7  taxon_7     0.00%    passed     99.15%
   8  taxon_8     0.00%    passed     97.79%
   9  taxon_9     0.00%    passed     97.64%
  10  taxon_10    0.00%    passed     91.69%
  11  taxon_11    0.00%    passed     91.94%
  12  taxon_12    0.00%    passed     91.16%
  13  taxon_13    0.00%    passed     92.89%
  14  taxon_14    0.00%    passed     98.82%
  15  taxon_15    0.00%    passed     90.88%
  16  taxon_16    0.00%    passed     98.41%
  17  taxon_17    0.00%    passed     97.20%
  18  taxon_18    0.00%    passed     99.43%
  19  taxon_19    0.00%    passed     98.77%
  20  taxon_20    0.00%    passed     95.93%
  21  taxon_21    0.00%    passed     99.91%
  22  taxon_22    0.00%    passed     99.85%
  23  taxon_23    0.00%    passed     90.62%
  24  taxon_24    0.00%    passed     96.27%
  25  taxon_25    0.00%    passed     89.16%
  26  taxon_26    0.00%    passed     98.08%
  27  taxon_27    0.00%    passed     99.27%
  28  taxon_28    0.00%    passed     99.09%
  29  taxon_29    0.00%    passed     97.16%
  30  taxon_30    0.00%    passed     97.15%
  31  taxon_31    0.00%    passed     99.69%
  32  taxon_32    0.00%    passed     98.41%
  33  taxon_33    0.00%    passed     98.72%
  34  taxon_34    0.00%    passed     92.76%
  35  taxon_35    0.00%    passed     98.13%
  36  taxon_36    0.00%    passed     89.83%
  37  taxon_37    0.00%    passed     97.67%
  38  taxon_38    0.00%    passed     95.95%
  39  taxon_39    0.00%    passed     97.51%
  40  taxon_40    0.00%    passed     99.44%
  41  taxon_41    0.00%    passed     94.26%
  42  taxon_42    0.00%    passed     93.60%
  43  taxon_43    0.00%    passed     93.25%
  44  taxon_44    0.00%    passed     94.36%
  45  taxon_45    0.00%    passed     99.21%
  46  taxon_46    0.00%    passed     89.72%
  47  taxon_47    0.00%    passed     99.09%
  48  taxon_48    0.00%    passed     99.80%
  49  taxon_49    0.00%    passed     97.28%
  50  taxon_50    0.00%    passed     88.96%
****  TOTAL       0.00%  0 sequences failed composition chi2 test (p-value<5%; df=3)
Checking for duplicate sequences: done in 0.00022006 secs using 92.7% CPU

Create initial parsimony tree by phylogenetic likelihood library (PLL)... 0.004 seconds

NOTE: 3 MB RAM (0 GB) is required!
Measuring multi-threading efficiency up to 8 CPU cores
Increase to 10 rounds for branch lengths
409 trees examined
Threads: 1 / Time: 8.005 sec / Speedup: 1.000 / Efficiency: 100% / LogL: -42200
Threads: 2 / Time: 7.841 sec / Speedup: 1.021 / Efficiency: 51% / LogL: -42200
Threads: 3 / Time: 7.140 sec / Speedup: 1.121 / Efficiency: 37% / LogL: -42200
Determining AUTO threadcount: done in 22.986 secs using 120.9% CPU
BEST NUMBER OF THREADS: 1

Estimate model parameters (epsilon = 0.100)
1. Initial log-likelihood: -33732.431
Optimal log-likelihood: -33718.764
Rate parameters:  A-C: 1.00000  A-G: 1.00000  A-T: 1.00000  C-G: 1.00000  C-T: 1.00000  G-T: 1.00000
Base frequencies:  A: 0.250  C: 0.250  G: 0.250  T: 0.250
Parameters optimization took 1 rounds (0.009 sec)
Wrote distance file to... 
Computing ML distances based on estimated model parameters...
Calculating distance matrix: done in 0.00545788 secs using 93.72% CPU
Computing ML distances took 0.005689 sec (of wall-clock time) 0.005341 sec (of CPU time)
Setting up auxiliary I and S matrices: done in 4.60148e-05 secs using 80.41% CPU
Constructing RapidNJ tree: done in 0.000128031 secs using 180.4% CPU
Computing RapidNJ tree took 0.000199 sec (of wall-clock time) 0.000294 sec (of CPU time)
Log-likelihood of RapidNJ tree: -33809.055
--------------------------------------------------------------------
|             INITIALIZING CANDIDATE TREE SET                      |
--------------------------------------------------------------------
Generating 98 parsimony trees... 0.372 second
Computing log-likelihood of 98 initial trees ... 0.451 seconds
Current best score: -33718.355

Do NNI search on 20 best initial trees
Estimate model parameters (epsilon = 0.100)
BETTER TREE FOUND at iteration 1: -33718.343
UPDATE BEST LOG-LIKELIHOOD: -33718.343
Iteration 10 / LogL: -33718.344 / Time: 0h:0m:24s
Iteration 20 / LogL: -33718.344 / Time: 0h:0m:24s
Finish initializing candidate tree set (1)
Current best tree score: -33718.343 / CPU time: 1.736
Number of iterations: 20
--------------------------------------------------------------------
|               OPTIMIZING CANDIDATE TREE SET                      |
--------------------------------------------------------------------
Iteration 30 / LogL: -33718.344 / Time: 0h:0m:25s (0h:1m:2s left)
UPDATE BEST LOG-LIKELIHOOD: -33718.343
Iteration 40 / LogL: -33718.343 / Time: 0h:0m:26s (0h:0m:40s left)
Iteration 50 / LogL: -33718.343 / Time: 0h:0m:26s (0h:0m:27s left)
Iteration 60 / LogL: -33718.356 / Time: 0h:0m:27s (0h:0m:19s left)
Iteration 70 / LogL: -33718.343 / Time: 0h:0m:28s (0h:0m:12s left)
Iteration 80 / LogL: -33718.353 / Time: 0h:0m:28s (0h:0m:7s left)
Iteration 90 / LogL: -33718.343 / Time: 0h:0m:29s (0h:0m:3s left)
Iteration 100 / LogL: -33718.344 / Time: 0h:0m:29s (0h:0m:0s left)
TREE SEARCH COMPLETED AFTER 102 ITERATIONS / Time: 0h:0m:30s

--------------------------------------------------------------------
|                    FINALIZING TREE SEARCH                        |
--------------------------------------------------------------------
Performs final model parameters optimization
Estimate model parameters (epsilon = 0.010)
1. Initial log-likelihood: -33718.343
Optimal log-likelihood: -33718.343
Rate parameters:  A-C: 1.00000  A-G: 1.00000  A-T: 1.00000  C-G: 1.00000  C-T: 1.00000  G-T: 1.00000
Base frequencies:  A: 0.250  C: 0.250  G: 0.250  T: 0.250
Parameters optimization took 1 rounds (0.005 sec)
BEST SCORE FOUND : -33718.343
Total tree length: 1.790

Total number of iterations: 102
CPU time used for tree search: 6.979 sec (0h:0m:6s)
Wall-clock time used for tree search: 6.998 sec (0h:0m:6s)
Total CPU time used: 34.828 sec (0h:0m:34s)
Total wall-clock time used: 30.037 sec (0h:0m:30s)

Analysis results written to: 
  IQ-TREE report:                exp_stable_0.001/m1_sel2_rep3/iqtree_out.iqtree
  Maximum-likelihood tree:       exp_stable_0.001/m1_sel2_rep3/iqtree_out.treefile
  Likelihood distances:          exp_stable_0.001/m1_sel2_rep3/iqtree_out.mldist
  Screen log file:               exp_stable_0.001/m1_sel2_rep3/iqtree_out.log

Date and Time: Sat May 16 00:20:01 2026
