IQ-TREE version 3.1.1 for MacOS ARM 64-bit built Apr  8 2026
Developed by Bui Quang Minh, Thomas Wong, Nhan Ly-Trong, Huaiyan Ren
Contributed by Lam-Tung Nguyen, Dominik Schrempf, Chris Bielow,
Olga Chernomor, Michael Woodhams, Diep Thi Hoang, Heiko Schmidt

Host:    Noutbuk-maria.local (SSE4.2, 16 GB RAM)
Command: iqtree -s exp_stable_0.0005/m0_sel2_rep4/neutral.fasta -m JC -nt AUTO -pre exp_stable_0.0005/m0_sel2_rep4/iqtree_out -seed 3042 -redo
Seed:    3042 (Using SPRNG - Scalable Parallel Random Number Generator)
Time:    Mon May 18 18:27:44 2026
Kernel:  SSE2 - auto-detect threads (8 CPU cores detected)

Reading alignment file exp_stable_0.0005/m0_sel2_rep4/neutral.fasta ... Fasta format detected
Reading fasta file: done in 0.00117993 secs using 90.01% CPU
Alignment most likely contains DNA/RNA sequences
Constructing alignment: done in 0.00161815 secs using 61.18% CPU
Alignment has 50 sequences with 3000 columns, 2524 distinct patterns
1871 parsimony-informative, 860 singleton sites, 269 constant sites
          Gap/Ambiguity  Composition  p-value
Analyzing sequences: done in 7.70092e-05 secs using 374% CPU
   1  taxon_1     0.00%    passed     86.13%
   2  taxon_2     0.00%    passed     93.04%
   3  taxon_3     0.00%    passed     90.74%
   4  taxon_4     0.00%    passed     90.91%
   5  taxon_5     0.00%    passed     99.88%
   6  taxon_6     0.00%    passed     98.86%
   7  taxon_7     0.00%    passed     91.30%
   8  taxon_8     0.00%    passed     99.04%
   9  taxon_9     0.00%    passed     99.94%
  10  taxon_10    0.00%    passed     94.32%
  11  taxon_11    0.00%    passed     90.56%
  12  taxon_12    0.00%    passed     95.78%
  13  taxon_13    0.00%    passed     41.50%
  14  taxon_14    0.00%    passed     77.56%
  15  taxon_15    0.00%    passed     73.95%
  16  taxon_16    0.00%    passed     83.58%
  17  taxon_17    0.00%    passed     73.16%
  18  taxon_18    0.00%    passed     98.57%
  19  taxon_19    0.00%    passed     94.15%
  20  taxon_20    0.00%    passed     97.75%
  21  taxon_21    0.00%    passed     90.25%
  22  taxon_22    0.00%    passed     79.35%
  23  taxon_23    0.00%    passed     88.48%
  24  taxon_24    0.00%    passed     98.37%
  25  taxon_25    0.00%    passed     94.45%
  26  taxon_26    0.00%    passed     98.56%
  27  taxon_27    0.00%    passed     88.09%
  28  taxon_28    0.00%    passed     39.39%
  29  taxon_29    0.00%    passed     96.88%
  30  taxon_30    0.00%    passed     89.11%
  31  taxon_31    0.00%    passed     88.20%
  32  taxon_32    0.00%    passed     98.77%
  33  taxon_33    0.00%    passed     82.69%
  34  taxon_34    0.00%    passed     91.69%
  35  taxon_35    0.00%    passed     70.14%
  36  taxon_36    0.00%    passed     75.78%
  37  taxon_37    0.00%    passed     64.24%
  38  taxon_38    0.00%    passed     82.62%
  39  taxon_39    0.00%    passed     85.93%
  40  taxon_40    0.00%    passed     93.06%
  41  taxon_41    0.00%    passed     94.06%
  42  taxon_42    0.00%    passed     99.39%
  43  taxon_43    0.00%    passed     98.62%
  44  taxon_44    0.00%    passed     94.66%
  45  taxon_45    0.00%    passed     97.92%
  46  taxon_46    0.00%    passed     98.31%
  47  taxon_47    0.00%    passed     96.53%
  48  taxon_48    0.00%    passed     93.78%
  49  taxon_49    0.00%    passed     95.80%
  50  taxon_50    0.00%    passed     97.41%
****  TOTAL       0.00%  0 sequences failed composition chi2 test (p-value<5%; df=3)
Checking for duplicate sequences: done in 0.000252008 secs using 93.65% CPU

Create initial parsimony tree by phylogenetic likelihood library (PLL)... 0.005 seconds

NOTE: 4 MB RAM (0 GB) is required!
Measuring multi-threading efficiency up to 8 CPU cores
Increase to 10 rounds for branch lengths
319 trees examined
Threads: 1 / Time: 8.009 sec / Speedup: 1.000 / Efficiency: 100% / LogL: -57378
Threads: 2 / Time: 7.927 sec / Speedup: 1.010 / Efficiency: 51% / LogL: -57378
Threads: 3 / Time: 7.071 sec / Speedup: 1.133 / Efficiency: 38% / LogL: -57378
Determining AUTO threadcount: done in 23.0077 secs using 123.1% CPU
BEST NUMBER OF THREADS: 1

Estimate model parameters (epsilon = 0.100)
1. Initial log-likelihood: -43034.180
Optimal log-likelihood: -43018.727
Rate parameters:  A-C: 1.00000  A-G: 1.00000  A-T: 1.00000  C-G: 1.00000  C-T: 1.00000  G-T: 1.00000
Base frequencies:  A: 0.250  C: 0.250  G: 0.250  T: 0.250
Parameters optimization took 1 rounds (0.010 sec)
Wrote distance file to... 
Computing ML distances based on estimated model parameters...
Calculating distance matrix: done in 0.0057869 secs using 94.64% CPU
Computing ML distances took 0.006053 sec (of wall-clock time) 0.005736 sec (of CPU time)
Setting up auxiliary I and S matrices: done in 5.00679e-05 secs using 77.89% CPU
Constructing RapidNJ tree: done in 0.000110865 secs using 165.1% CPU
Computing RapidNJ tree took 0.000187 sec (of wall-clock time) 0.000242 sec (of CPU time)
Log-likelihood of RapidNJ tree: -43167.426
--------------------------------------------------------------------
|             INITIALIZING CANDIDATE TREE SET                      |
--------------------------------------------------------------------
Generating 98 parsimony trees... 0.435 second
Computing log-likelihood of 98 initial trees ... 0.517 seconds
Current best score: -43015.761

Do NNI search on 20 best initial trees
Estimate model parameters (epsilon = 0.100)
BETTER TREE FOUND at iteration 1: -43015.743
UPDATE BEST LOG-LIKELIHOOD: -43015.743
Iteration 10 / LogL: -43018.737 / Time: 0h:0m:24s
Iteration 20 / LogL: -43015.773 / Time: 0h:0m:25s
Finish initializing candidate tree set (2)
Current best tree score: -43015.743 / CPU time: 2.168
Number of iterations: 20
--------------------------------------------------------------------
|               OPTIMIZING CANDIDATE TREE SET                      |
--------------------------------------------------------------------
Iteration 30 / LogL: -43018.736 / Time: 0h:0m:25s (0h:1m:3s left)
UPDATE BEST LOG-LIKELIHOOD: -43015.743
Iteration 40 / LogL: -43015.743 / Time: 0h:0m:26s (0h:0m:41s left)
Iteration 50 / LogL: -43018.727 / Time: 0h:0m:27s (0h:0m:28s left)
Iteration 60 / LogL: -43018.736 / Time: 0h:0m:28s (0h:0m:19s left)
Iteration 70 / LogL: -43015.743 / Time: 0h:0m:28s (0h:0m:12s left)
UPDATE BEST LOG-LIKELIHOOD: -43015.743
Iteration 80 / LogL: -43018.727 / Time: 0h:0m:29s (0h:0m:7s left)
Iteration 90 / LogL: -43015.744 / Time: 0h:0m:30s (0h:0m:3s left)
Iteration 100 / LogL: -43015.785 / Time: 0h:0m:31s (0h:0m:0s left)
TREE SEARCH COMPLETED AFTER 102 ITERATIONS / Time: 0h:0m:31s

--------------------------------------------------------------------
|                    FINALIZING TREE SEARCH                        |
--------------------------------------------------------------------
Performs final model parameters optimization
Estimate model parameters (epsilon = 0.010)
1. Initial log-likelihood: -43015.743
Optimal log-likelihood: -43015.743
Rate parameters:  A-C: 1.00000  A-G: 1.00000  A-T: 1.00000  C-G: 1.00000  C-T: 1.00000  G-T: 1.00000
Base frequencies:  A: 0.250  C: 0.250  G: 0.250  T: 0.250
Parameters optimization took 1 rounds (0.006 sec)
BEST SCORE FOUND : -43015.743
Total tree length: 2.466

Total number of iterations: 102
CPU time used for tree search: 8.216 sec (0h:0m:8s)
Wall-clock time used for tree search: 8.226 sec (0h:0m:8s)
Total CPU time used: 36.589 sec (0h:0m:36s)
Total wall-clock time used: 31.286 sec (0h:0m:31s)

Analysis results written to: 
  IQ-TREE report:                exp_stable_0.0005/m0_sel2_rep4/iqtree_out.iqtree
  Maximum-likelihood tree:       exp_stable_0.0005/m0_sel2_rep4/iqtree_out.treefile
  Likelihood distances:          exp_stable_0.0005/m0_sel2_rep4/iqtree_out.mldist
  Screen log file:               exp_stable_0.0005/m0_sel2_rep4/iqtree_out.log

Date and Time: Mon May 18 18:28:16 2026
