IQ-TREE version 3.1.1 for MacOS ARM 64-bit built Apr  8 2026
Developed by Bui Quang Minh, Thomas Wong, Nhan Ly-Trong, Huaiyan Ren
Contributed by Lam-Tung Nguyen, Dominik Schrempf, Chris Bielow,
Olga Chernomor, Michael Woodhams, Diep Thi Hoang, Heiko Schmidt

Host:    Noutbuk-maria.local (SSE4.2, 16 GB RAM)
Command: iqtree -s exp_baseline/m100_sel50_rep5/combined.fasta -m JC -nt AUTO -pre exp_baseline/m100_sel50_rep5/iqtree_out -seed 60542 -redo
Seed:    60542 (Using SPRNG - Scalable Parallel Random Number Generator)
Time:    Tue May 12 15:06:20 2026
Kernel:  SSE2 - auto-detect threads (8 CPU cores detected)

Reading alignment file exp_baseline/m100_sel50_rep5/combined.fasta ... Fasta format detected
Reading fasta file: done in 0.00048995 secs using 90.83% CPU
Alignment most likely contains DNA/RNA sequences
Constructing alignment: done in 0.000988007 secs using 56.68% CPU
Alignment has 30 sequences with 2050 columns, 2012 distinct patterns
2050 parsimony-informative, 0 singleton sites, 0 constant sites
          Gap/Ambiguity  Composition  p-value
Analyzing sequences: done in 5.60284e-05 secs using 208.8% CPU
   1  taxon_1     0.00%    passed     99.71%
   2  taxon_2     0.00%    passed     23.64%
   3  taxon_3     0.00%    passed     83.42%
   4  taxon_4     0.00%    passed     42.23%
   5  taxon_5     0.00%    passed     53.59%
   6  taxon_6     0.00%    passed     33.29%
   7  taxon_7     0.00%    passed     44.81%
   8  taxon_8     0.00%    passed     41.86%
   9  taxon_9     0.00%    passed     33.76%
  10  taxon_10    0.00%    passed     23.30%
  11  taxon_11    0.00%    passed     46.89%
  12  taxon_12    0.00%    passed     32.29%
  13  taxon_13    0.00%    passed     69.26%
  14  taxon_14    0.00%    passed     12.59%
  15  taxon_15    0.00%    passed     88.41%
  16  taxon_16    0.00%    passed     32.04%
  17  taxon_17    0.00%    failed      2.37%
  18  taxon_18    0.00%    passed     31.98%
  19  taxon_19    0.00%    passed     56.48%
  20  taxon_20    0.00%    passed     16.28%
  21  taxon_21    0.00%    passed      9.97%
  22  taxon_22    0.00%    passed     27.63%
  23  taxon_23    0.00%    passed     16.85%
  24  taxon_24    0.00%    passed     30.63%
  25  taxon_25    0.00%    passed     60.87%
  26  taxon_26    0.00%    passed     48.14%
  27  taxon_27    0.00%    passed     63.11%
  28  taxon_28    0.00%    passed     19.56%
  29  taxon_29    0.00%    passed     26.33%
  30  taxon_30    0.00%    passed     29.13%
****  TOTAL       0.00%  1 sequences failed composition chi2 test (p-value<5%; df=3)
Checking for duplicate sequences: done in 0.000132084 secs using 88.58% CPU

Create initial parsimony tree by phylogenetic likelihood library (PLL)... 0.002 seconds

NOTE: 1 MB RAM (0 GB) is required!
Measuring multi-threading efficiency up to 8 CPU cores
Increase to 10 rounds for branch lengths
373 trees examined
Threads: 1 / Time: 8.007 sec / Speedup: 1.000 / Efficiency: 100% / LogL: -81996
Threads: 2 / Time: 8.637 sec / Speedup: 0.927 / Efficiency: 46% / LogL: -81996
Determining AUTO threadcount: done in 16.6446 secs using 107.4% CPU
BEST NUMBER OF THREADS: 1

Estimate model parameters (epsilon = 0.100)
1. Initial log-likelihood: -77197.323
Optimal log-likelihood: -76633.639
Rate parameters:  A-C: 1.00000  A-G: 1.00000  A-T: 1.00000  C-G: 1.00000  C-T: 1.00000  G-T: 1.00000
Base frequencies:  A: 0.250  C: 0.250  G: 0.250  T: 0.250
Parameters optimization took 1 rounds (0.014 sec)
Wrote distance file to... 
Computing ML distances based on estimated model parameters...
Calculating distance matrix: done in 0.0012362 secs using 99.26% CPU
Computing ML distances took 0.001375 sec (of wall-clock time) 0.001354 sec (of CPU time)
WARNING: Some pairwise ML distances are too long (saturated)
Setting up auxiliary I and S matrices: done in 2.59876e-05 secs using 69.26% CPU
Constructing RapidNJ tree: done in 4.60148e-05 secs using 165.2% CPU
Computing RapidNJ tree took 0.000095 sec (of wall-clock time) 0.000108 sec (of CPU time)
Log-likelihood of RapidNJ tree: -76752.292
--------------------------------------------------------------------
|             INITIALIZING CANDIDATE TREE SET                      |
--------------------------------------------------------------------
Generating 98 parsimony trees... 0.289 second
Computing log-likelihood of 98 initial trees ... 0.249 seconds
Current best score: -76633.639

Do NNI search on 20 best initial trees
Estimate model parameters (epsilon = 0.100)
BETTER TREE FOUND at iteration 1: -76632.810
Estimate model parameters (epsilon = 0.100)
BETTER TREE FOUND at iteration 3: -76603.980
UPDATE BEST LOG-LIKELIHOOD: -76603.974
Iteration 10 / LogL: -76603.974 / Time: 0h:0m:17s
UPDATE BEST LOG-LIKELIHOOD: -76603.973
Iteration 20 / LogL: -76603.984 / Time: 0h:0m:18s
Finish initializing candidate tree set (14)
Current best tree score: -76603.973 / CPU time: 2.254
Number of iterations: 20
--------------------------------------------------------------------
|               OPTIMIZING CANDIDATE TREE SET                      |
--------------------------------------------------------------------
Iteration 30 / LogL: -76604.863 / Time: 0h:0m:19s (0h:0m:49s left)
Iteration 40 / LogL: -76606.383 / Time: 0h:0m:20s (0h:0m:33s left)
UPDATE BEST LOG-LIKELIHOOD: -76603.972
Iteration 50 / LogL: -76604.500 / Time: 0h:0m:21s (0h:0m:23s left)
Iteration 60 / LogL: -76604.387 / Time: 0h:0m:22s (0h:0m:16s left)
Iteration 70 / LogL: -76617.303 / Time: 0h:0m:23s (0h:0m:11s left)
Iteration 80 / LogL: -76606.086 / Time: 0h:0m:24s (0h:0m:7s left)
Iteration 90 / LogL: -76604.392 / Time: 0h:0m:25s (0h:0m:3s left)
Iteration 100 / LogL: -76607.212 / Time: 0h:0m:26s (0h:0m:0s left)
TREE SEARCH COMPLETED AFTER 104 ITERATIONS / Time: 0h:0m:26s

--------------------------------------------------------------------
|                    FINALIZING TREE SEARCH                        |
--------------------------------------------------------------------
Performs final model parameters optimization
Estimate model parameters (epsilon = 0.010)
1. Initial log-likelihood: -76603.972
Optimal log-likelihood: -76603.972
Rate parameters:  A-C: 1.00000  A-G: 1.00000  A-T: 1.00000  C-G: 1.00000  C-T: 1.00000  G-T: 1.00000
Base frequencies:  A: 0.250  C: 0.250  G: 0.250  T: 0.250
Parameters optimization took 1 rounds (0.003 sec)
BEST SCORE FOUND : -76603.972
Total tree length: 22.709

Total number of iterations: 104
CPU time used for tree search: 9.782 sec (0h:0m:9s)
Wall-clock time used for tree search: 9.823 sec (0h:0m:9s)
Total CPU time used: 27.727 sec (0h:0m:27s)
Total wall-clock time used: 26.544 sec (0h:0m:26s)

Analysis results written to: 
  IQ-TREE report:                exp_baseline/m100_sel50_rep5/iqtree_out.iqtree
  Maximum-likelihood tree:       exp_baseline/m100_sel50_rep5/iqtree_out.treefile
  Likelihood distances:          exp_baseline/m100_sel50_rep5/iqtree_out.mldist
  Screen log file:               exp_baseline/m100_sel50_rep5/iqtree_out.log

Date and Time: Tue May 12 15:06:46 2026
