IQ-TREE version 3.1.1 for MacOS ARM 64-bit built Apr  8 2026
Developed by Bui Quang Minh, Thomas Wong, Nhan Ly-Trong, Huaiyan Ren
Contributed by Lam-Tung Nguyen, Dominik Schrempf, Chris Bielow,
Olga Chernomor, Michael Woodhams, Diep Thi Hoang, Heiko Schmidt

Host:    Noutbuk-maria.local (SSE4.2, 16 GB RAM)
Command: iqtree -s exp_baseline/m20_sel500_rep2/combined.fasta -m JC -nt AUTO -pre exp_baseline/m20_sel500_rep2/iqtree_out -seed 502242 -redo
Seed:    502242 (Using SPRNG - Scalable Parallel Random Number Generator)
Time:    Tue May 12 14:45:18 2026
Kernel:  SSE2 - auto-detect threads (8 CPU cores detected)

Reading alignment file exp_baseline/m20_sel500_rep2/combined.fasta ... Fasta format detected
Reading fasta file: done in 0.000597 secs using 90.62% CPU
Alignment most likely contains DNA/RNA sequences
Constructing alignment: done in 0.00113606 secs using 55.98% CPU
Alignment has 30 sequences with 2500 columns, 2016 distinct patterns
2478 parsimony-informative, 0 singleton sites, 22 constant sites
          Gap/Ambiguity  Composition  p-value
Analyzing sequences: done in 4.60148e-05 secs using 236.9% CPU
   1  taxon_1     0.00%    passed     93.73%
   2  taxon_2     0.00%    passed     88.20%
   3  taxon_3     0.00%    passed     45.52%
   4  taxon_4     0.00%    passed     78.52%
   5  taxon_5     0.00%    passed     79.81%
   6  taxon_6     0.00%    passed     60.96%
   7  taxon_7     0.00%    passed     62.92%
   8  taxon_8     0.00%    passed     78.07%
   9  taxon_9     0.00%    passed     86.07%
  10  taxon_10    0.00%    passed     67.28%
  11  taxon_11    0.00%    passed     33.16%
  12  taxon_12    0.00%    passed     97.70%
  13  taxon_13    0.00%    passed     98.55%
  14  taxon_14    0.00%    passed     87.12%
  15  taxon_15    0.00%    passed     67.83%
  16  taxon_16    0.00%    passed     27.26%
  17  taxon_17    0.00%    passed     72.31%
  18  taxon_18    0.00%    passed     90.73%
  19  taxon_19    0.00%    passed     87.55%
  20  taxon_20    0.00%    passed     65.50%
  21  taxon_21    0.00%    passed     93.49%
  22  taxon_22    0.00%    passed     84.11%
  23  taxon_23    0.00%    passed     72.40%
  24  taxon_24    0.00%    passed     57.89%
  25  taxon_25    0.00%    passed     87.88%
  26  taxon_26    0.00%    passed     59.97%
  27  taxon_27    0.00%    passed     67.20%
  28  taxon_28    0.00%    passed     65.22%
  29  taxon_29    0.00%    passed     86.58%
  30  taxon_30    0.00%    passed     13.44%
****  TOTAL       0.00%  0 sequences failed composition chi2 test (p-value<5%; df=3)
Checking for duplicate sequences: done in 0.000133991 secs using 88.07% CPU

Create initial parsimony tree by phylogenetic likelihood library (PLL)... 0.002 seconds

NOTE: 1 MB RAM (0 GB) is required!
Measuring multi-threading efficiency up to 8 CPU cores
Increase to 10 rounds for branch lengths
391 trees examined
Threads: 1 / Time: 8.018 sec / Speedup: 1.000 / Efficiency: 100% / LogL: -97657
Threads: 2 / Time: 8.662 sec / Speedup: 0.926 / Efficiency: 46% / LogL: -97657
Determining AUTO threadcount: done in 16.6803 secs using 108.1% CPU
BEST NUMBER OF THREADS: 1

Estimate model parameters (epsilon = 0.100)
1. Initial log-likelihood: -86892.338
Optimal log-likelihood: -86438.075
Rate parameters:  A-C: 1.00000  A-G: 1.00000  A-T: 1.00000  C-G: 1.00000  C-T: 1.00000  G-T: 1.00000
Base frequencies:  A: 0.250  C: 0.250  G: 0.250  T: 0.250
Parameters optimization took 1 rounds (0.009 sec)
Wrote distance file to... 
Computing ML distances based on estimated model parameters...
Calculating distance matrix: done in 0.00137401 secs using 99.13% CPU
Computing ML distances took 0.001516 sec (of wall-clock time) 0.001497 sec (of CPU time)
WARNING: Some pairwise ML distances are too long (saturated)
Setting up auxiliary I and S matrices: done in 2.59876e-05 secs using 73.11% CPU
Constructing RapidNJ tree: done in 4.60148e-05 secs using 173.9% CPU
Computing RapidNJ tree took 0.000095 sec (of wall-clock time) 0.000116 sec (of CPU time)
Log-likelihood of RapidNJ tree: -87345.860
--------------------------------------------------------------------
|             INITIALIZING CANDIDATE TREE SET                      |
--------------------------------------------------------------------
Generating 98 parsimony trees... 0.300 second
Computing log-likelihood of 98 initial trees ... 0.229 seconds
Current best score: -86438.075

Do NNI search on 20 best initial trees
Estimate model parameters (epsilon = 0.100)
BETTER TREE FOUND at iteration 1: -86414.706
Estimate model parameters (epsilon = 0.100)
BETTER TREE FOUND at iteration 4: -86413.489
Iteration 10 / LogL: -86421.796 / Time: 0h:0m:17s
Estimate model parameters (epsilon = 0.100)
BETTER TREE FOUND at iteration 19: -86409.245
Iteration 20 / LogL: -86416.110 / Time: 0h:0m:17s
Finish initializing candidate tree set (8)
Current best tree score: -86409.245 / CPU time: 1.163
Number of iterations: 20
--------------------------------------------------------------------
|               OPTIMIZING CANDIDATE TREE SET                      |
--------------------------------------------------------------------
Iteration 30 / LogL: -86415.617 / Time: 0h:0m:18s (0h:0m:56s left)
Iteration 40 / LogL: -86415.911 / Time: 0h:0m:18s (0h:0m:38s left)
Iteration 50 / LogL: -86415.645 / Time: 0h:0m:19s (0h:0m:27s left)
Iteration 60 / LogL: -86416.445 / Time: 0h:0m:19s (0h:0m:19s left)
Iteration 70 / LogL: -86419.481 / Time: 0h:0m:20s (0h:0m:14s left)
Iteration 80 / LogL: -86409.585 / Time: 0h:0m:20s (0h:0m:10s left)
Iteration 90 / LogL: -86410.376 / Time: 0h:0m:21s (0h:0m:6s left)
Iteration 100 / LogL: -86409.545 / Time: 0h:0m:21s (0h:0m:4s left)
Iteration 110 / LogL: -86409.879 / Time: 0h:0m:21s (0h:0m:1s left)
Iteration 120 / LogL: -86425.050 / Time: 0h:0m:22s (0h:0m:-1s left)
TREE SEARCH COMPLETED AFTER 120 ITERATIONS / Time: 0h:0m:22s

--------------------------------------------------------------------
|                    FINALIZING TREE SEARCH                        |
--------------------------------------------------------------------
Performs final model parameters optimization
Estimate model parameters (epsilon = 0.010)
1. Initial log-likelihood: -86409.245
Optimal log-likelihood: -86409.244
Rate parameters:  A-C: 1.00000  A-G: 1.00000  A-T: 1.00000  C-G: 1.00000  C-T: 1.00000  G-T: 1.00000
Base frequencies:  A: 0.250  C: 0.250  G: 0.250  T: 0.250
Parameters optimization took 1 rounds (0.003 sec)
BEST SCORE FOUND : -86409.244
Total tree length: 15.563

Total number of iterations: 120
CPU time used for tree search: 5.552 sec (0h:0m:5s)
Wall-clock time used for tree search: 5.566 sec (0h:0m:5s)
Total CPU time used: 23.615 sec (0h:0m:23s)
Total wall-clock time used: 22.285 sec (0h:0m:22s)

Analysis results written to: 
  IQ-TREE report:                exp_baseline/m20_sel500_rep2/iqtree_out.iqtree
  Maximum-likelihood tree:       exp_baseline/m20_sel500_rep2/iqtree_out.treefile
  Likelihood distances:          exp_baseline/m20_sel500_rep2/iqtree_out.mldist
  Screen log file:               exp_baseline/m20_sel500_rep2/iqtree_out.log

Date and Time: Tue May 12 14:45:41 2026
