IQ-TREE version 3.1.1 for MacOS ARM 64-bit built Apr  8 2026
Developed by Bui Quang Minh, Thomas Wong, Nhan Ly-Trong, Huaiyan Ren
Contributed by Lam-Tung Nguyen, Dominik Schrempf, Chris Bielow,
Olga Chernomor, Michael Woodhams, Diep Thi Hoang, Heiko Schmidt

Host:    Noutbuk-maria.local (SSE4.2, 16 GB RAM)
Command: iqtree -s exp_stable_0.0001/m5_sel2_rep1/neutral.fasta -m JC -nt AUTO -pre exp_stable_0.0001/m5_sel2_rep1/iqtree_out -seed 2642 -redo
Seed:    2642 (Using SPRNG - Scalable Parallel Random Number Generator)
Time:    Fri May 15 16:45:02 2026
Kernel:  SSE2 - auto-detect threads (8 CPU cores detected)

Reading alignment file exp_stable_0.0001/m5_sel2_rep1/neutral.fasta ... Fasta format detected
Reading fasta file: done in 0.00117707 secs using 89.88% CPU
Alignment most likely contains DNA/RNA sequences
Constructing alignment: done in 0.00120306 secs using 55.44% CPU
Alignment has 50 sequences with 3000 columns, 130 distinct patterns
28 parsimony-informative, 110 singleton sites, 2862 constant sites
          Gap/Ambiguity  Composition  p-value
Analyzing sequences: done in 3.19481e-05 secs using 50.08% CPU
   1  taxon_1     0.00%    passed     99.97%
   2  taxon_2     0.00%    passed     99.95%
   3  taxon_3     0.00%    passed     99.90%
   4  taxon_4     0.00%    passed     99.98%
   5  taxon_5     0.00%    passed     99.93%
   6  taxon_6     0.00%    passed     99.98%
   7  taxon_7     0.00%    passed     99.96%
   8  taxon_8     0.00%    passed     99.95%
   9  taxon_9     0.00%    passed     99.97%
  10  taxon_10    0.00%    passed     99.94%
  11  taxon_11    0.00%    passed     99.98%
  12  taxon_12    0.00%    passed     99.89%
  13  taxon_13    0.00%    passed     99.79%
  14  taxon_14    0.00%    passed     99.94%
  15  taxon_15    0.00%    passed    100.00%
  16  taxon_16    0.00%    passed    100.00%
  17  taxon_17    0.00%    passed     99.97%
  18  taxon_18    0.00%    passed     99.94%
  19  taxon_19    0.00%    passed    100.00%
  20  taxon_20    0.00%    passed    100.00%
  21  taxon_21    0.00%    passed     99.89%
  22  taxon_22    0.00%    passed     99.87%
  23  taxon_23    0.00%    passed     99.95%
  24  taxon_24    0.00%    passed     99.99%
  25  taxon_25    0.00%    passed     99.99%
  26  taxon_26    0.00%    passed    100.00%
  27  taxon_27    0.00%    passed    100.00%
  28  taxon_28    0.00%    passed     99.98%
  29  taxon_29    0.00%    passed     99.98%
  30  taxon_30    0.00%    passed    100.00%
  31  taxon_31    0.00%    passed     99.99%
  32  taxon_32    0.00%    passed    100.00%
  33  taxon_33    0.00%    passed    100.00%
  34  taxon_34    0.00%    passed     99.99%
  35  taxon_35    0.00%    passed     99.71%
  36  taxon_36    0.00%    passed     99.94%
  37  taxon_37    0.00%    passed     99.97%
  38  taxon_38    0.00%    passed     99.98%
  39  taxon_39    0.00%    passed     99.99%
  40  taxon_40    0.00%    passed     99.94%
  41  taxon_41    0.00%    passed     99.93%
  42  taxon_42    0.00%    passed     99.97%
  43  taxon_43    0.00%    passed    100.00%
  44  taxon_44    0.00%    passed    100.00%
  45  taxon_45    0.00%    passed     99.98%
  46  taxon_46    0.00%    passed     99.99%
  47  taxon_47    0.00%    passed    100.00%
  48  taxon_48    0.00%    passed    100.00%
  49  taxon_49    0.00%    passed     99.99%
  50  taxon_50    0.00%    passed     99.98%
****  TOTAL       0.00%  0 sequences failed composition chi2 test (p-value<5%; df=3)
NOTE: taxon_16 is identical to taxon_15 but kept for subsequent analysis
NOTE: taxon_33 is identical to taxon_32 but kept for subsequent analysis
Checking for duplicate sequences: done in 0.000103951 secs using 47.14% CPU

Create initial parsimony tree by phylogenetic likelihood library (PLL)... 0.001 seconds

NOTE: 0 MB RAM (0 GB) is required!
Measuring multi-threading efficiency up to 8 CPU cores
Increase to 10 rounds for branch lengths
11360 trees examined
Threads: 1 / Time: 8.000 sec / Speedup: 1.000 / Efficiency: 100% / LogL: -5795
Threads: 2 / Time: 19.479 sec / Speedup: 0.411 / Efficiency: 21% / LogL: -5795
Determining AUTO threadcount: done in 27.4791 secs using 78.22% CPU
BEST NUMBER OF THREADS: 1

Estimate model parameters (epsilon = 0.100)
1. Initial log-likelihood: -5443.279
Optimal log-likelihood: -5442.747
Rate parameters:  A-C: 1.00000  A-G: 1.00000  A-T: 1.00000  C-G: 1.00000  C-T: 1.00000  G-T: 1.00000
Base frequencies:  A: 0.250  C: 0.250  G: 0.250  T: 0.250
Parameters optimization took 1 rounds (0.001 sec)
Wrote distance file to... 
Computing ML distances based on estimated model parameters...
Calculating distance matrix: done in 0.00257897 secs using 78.05% CPU
Computing ML distances took 0.002610 sec (of wall-clock time) 0.002035 sec (of CPU time)
Setting up auxiliary I and S matrices: done in 4.41074e-05 secs using 95.22% CPU
Constructing RapidNJ tree: done in 0.000128984 secs using 175.2% CPU
Computing RapidNJ tree took 0.000196 sec (of wall-clock time) 0.000293 sec (of CPU time)
Log-likelihood of RapidNJ tree: -5442.879
--------------------------------------------------------------------
|             INITIALIZING CANDIDATE TREE SET                      |
--------------------------------------------------------------------
Generating 98 parsimony trees... 0.060 second
Computing log-likelihood of 98 initial trees ... 0.036 seconds
Current best score: -5442.747

Do NNI search on 20 best initial trees
Estimate model parameters (epsilon = 0.100)
BETTER TREE FOUND at iteration 1: -5442.747
Iteration 10 / LogL: -5442.747 / Time: 0h:0m:27s
Iteration 20 / LogL: -5442.747 / Time: 0h:0m:27s
Finish initializing candidate tree set (20)
Current best tree score: -5442.747 / CPU time: 0.154
Number of iterations: 20
--------------------------------------------------------------------
|               OPTIMIZING CANDIDATE TREE SET                      |
--------------------------------------------------------------------
Iteration 30 / LogL: -5442.751 / Time: 0h:0m:27s (0h:1m:7s left)
Iteration 40 / LogL: -5442.757 / Time: 0h:0m:27s (0h:0m:43s left)
Iteration 50 / LogL: -5442.771 / Time: 0h:0m:27s (0h:0m:28s left)
Iteration 60 / LogL: -5442.765 / Time: 0h:0m:27s (0h:0m:19s left)
Iteration 70 / LogL: -5448.724 / Time: 0h:0m:27s (0h:0m:12s left)
Iteration 80 / LogL: -5456.909 / Time: 0h:0m:27s (0h:0m:7s left)
Iteration 90 / LogL: -5447.584 / Time: 0h:0m:27s (0h:0m:3s left)
Iteration 100 / LogL: -5447.306 / Time: 0h:0m:28s (0h:0m:0s left)
TREE SEARCH COMPLETED AFTER 102 ITERATIONS / Time: 0h:0m:28s

--------------------------------------------------------------------
|                    FINALIZING TREE SEARCH                        |
--------------------------------------------------------------------
Performs final model parameters optimization
Estimate model parameters (epsilon = 0.010)
1. Initial log-likelihood: -5442.747
Optimal log-likelihood: -5442.747
Rate parameters:  A-C: 1.00000  A-G: 1.00000  A-T: 1.00000  C-G: 1.00000  C-T: 1.00000  G-T: 1.00000
Base frequencies:  A: 0.250  C: 0.250  G: 0.250  T: 0.250
Parameters optimization took 1 rounds (0.000 sec)
BEST SCORE FOUND : -5442.747
Total tree length: 0.047

Total number of iterations: 102
CPU time used for tree search: 0.555 sec (0h:0m:0s)
Wall-clock time used for tree search: 0.556 sec (0h:0m:0s)
Total CPU time used: 22.058 sec (0h:0m:22s)
Total wall-clock time used: 28.049 sec (0h:0m:28s)

Analysis results written to: 
  IQ-TREE report:                exp_stable_0.0001/m5_sel2_rep1/iqtree_out.iqtree
  Maximum-likelihood tree:       exp_stable_0.0001/m5_sel2_rep1/iqtree_out.treefile
  Likelihood distances:          exp_stable_0.0001/m5_sel2_rep1/iqtree_out.mldist
  Screen log file:               exp_stable_0.0001/m5_sel2_rep1/iqtree_out.log

Date and Time: Fri May 15 16:45:30 2026
