IQ-TREE version 3.1.1 for MacOS ARM 64-bit built Apr  8 2026
Developed by Bui Quang Minh, Thomas Wong, Nhan Ly-Trong, Huaiyan Ren
Contributed by Lam-Tung Nguyen, Dominik Schrempf, Chris Bielow,
Olga Chernomor, Michael Woodhams, Diep Thi Hoang, Heiko Schmidt

Host:    Noutbuk-maria.local (SSE4.2, 16 GB RAM)
Command: iqtree -s exp_baseline/m20_sel500_rep3/combined.fasta -m JC -nt AUTO -pre exp_baseline/m20_sel500_rep3/iqtree_out -seed 502342 -redo
Seed:    502342 (Using SPRNG - Scalable Parallel Random Number Generator)
Time:    Tue May 12 14:45:46 2026
Kernel:  SSE2 - auto-detect threads (8 CPU cores detected)

Reading alignment file exp_baseline/m20_sel500_rep3/combined.fasta ... Fasta format detected
Reading fasta file: done in 0.00059104 secs using 91.2% CPU
Alignment most likely contains DNA/RNA sequences
Constructing alignment: done in 0.00108099 secs using 58.56% CPU
Alignment has 30 sequences with 2500 columns, 2016 distinct patterns
2469 parsimony-informative, 0 singleton sites, 31 constant sites
          Gap/Ambiguity  Composition  p-value
Analyzing sequences: done in 4.60148e-05 secs using 267.3% CPU
   1  taxon_1     0.00%    passed     69.50%
   2  taxon_2     0.00%    passed     70.99%
   3  taxon_3     0.00%    passed     63.48%
   4  taxon_4     0.00%    passed     57.47%
   5  taxon_5     0.00%    passed     35.03%
   6  taxon_6     0.00%    passed     14.71%
   7  taxon_7     0.00%    passed     85.88%
   8  taxon_8     0.00%    passed     70.33%
   9  taxon_9     0.00%    passed     40.85%
  10  taxon_10    0.00%    passed      8.53%
  11  taxon_11    0.00%    passed     93.07%
  12  taxon_12    0.00%    passed     17.99%
  13  taxon_13    0.00%    passed     68.47%
  14  taxon_14    0.00%    passed     30.42%
  15  taxon_15    0.00%    passed     81.33%
  16  taxon_16    0.00%    passed     78.03%
  17  taxon_17    0.00%    passed     17.26%
  18  taxon_18    0.00%    passed     24.89%
  19  taxon_19    0.00%    passed     26.73%
  20  taxon_20    0.00%    passed     90.92%
  21  taxon_21    0.00%    passed      9.76%
  22  taxon_22    0.00%    passed     95.38%
  23  taxon_23    0.00%    passed     21.11%
  24  taxon_24    0.00%    passed     41.11%
  25  taxon_25    0.00%    passed     42.02%
  26  taxon_26    0.00%    passed     53.78%
  27  taxon_27    0.00%    passed     23.86%
  28  taxon_28    0.00%    passed     63.76%
  29  taxon_29    0.00%    passed     92.88%
  30  taxon_30    0.00%    passed     17.26%
****  TOTAL       0.00%  0 sequences failed composition chi2 test (p-value<5%; df=3)
Checking for duplicate sequences: done in 0.000133038 secs using 90.95% CPU

Create initial parsimony tree by phylogenetic likelihood library (PLL)... 0.002 seconds

NOTE: 1 MB RAM (0 GB) is required!
Measuring multi-threading efficiency up to 8 CPU cores
Increase to 10 rounds for branch lengths
393 trees examined
Threads: 1 / Time: 8.002 sec / Speedup: 1.000 / Efficiency: 100% / LogL: -97247
Threads: 2 / Time: 8.643 sec / Speedup: 0.926 / Efficiency: 46% / LogL: -97247
Determining AUTO threadcount: done in 16.6449 secs using 108.1% CPU
BEST NUMBER OF THREADS: 1

Estimate model parameters (epsilon = 0.100)
1. Initial log-likelihood: -90632.735
Optimal log-likelihood: -90047.697
Rate parameters:  A-C: 1.00000  A-G: 1.00000  A-T: 1.00000  C-G: 1.00000  C-T: 1.00000  G-T: 1.00000
Base frequencies:  A: 0.250  C: 0.250  G: 0.250  T: 0.250
Parameters optimization took 1 rounds (0.012 sec)
Wrote distance file to... 
Computing ML distances based on estimated model parameters...
Calculating distance matrix: done in 0.00133109 secs using 99.39% CPU
Computing ML distances took 0.001476 sec (of wall-clock time) 0.001453 sec (of CPU time)
WARNING: Some pairwise ML distances are too long (saturated)
Setting up auxiliary I and S matrices: done in 2.40803e-05 secs using 74.75% CPU
Constructing RapidNJ tree: done in 4.41074e-05 secs using 158.7% CPU
Computing RapidNJ tree took 0.000093 sec (of wall-clock time) 0.000107 sec (of CPU time)
Log-likelihood of RapidNJ tree: -90092.465
--------------------------------------------------------------------
|             INITIALIZING CANDIDATE TREE SET                      |
--------------------------------------------------------------------
Generating 98 parsimony trees... 0.310 second
Computing log-likelihood of 98 initial trees ... 0.241 seconds
Current best score: -89898.413

Do NNI search on 20 best initial trees
Estimate model parameters (epsilon = 0.100)
BETTER TREE FOUND at iteration 1: -89717.269
Iteration 10 / LogL: -89719.171 / Time: 0h:0m:17s
Iteration 20 / LogL: -89717.296 / Time: 0h:0m:18s
Finish initializing candidate tree set (5)
Current best tree score: -89717.269 / CPU time: 1.415
Number of iterations: 20
--------------------------------------------------------------------
|               OPTIMIZING CANDIDATE TREE SET                      |
--------------------------------------------------------------------
Iteration 30 / LogL: -89722.609 / Time: 0h:0m:18s (0h:0m:45s left)
Iteration 40 / LogL: -89719.949 / Time: 0h:0m:18s (0h:0m:29s left)
Iteration 50 / LogL: -89722.670 / Time: 0h:0m:19s (0h:0m:20s left)
Iteration 60 / LogL: -89728.924 / Time: 0h:0m:19s (0h:0m:13s left)
Iteration 70 / LogL: -89717.414 / Time: 0h:0m:20s (0h:0m:9s left)
Iteration 80 / LogL: -89717.657 / Time: 0h:0m:20s (0h:0m:5s left)
Iteration 90 / LogL: -89717.327 / Time: 0h:0m:21s (0h:0m:2s left)
Iteration 100 / LogL: -90168.378 / Time: 0h:0m:21s (0h:0m:0s left)
TREE SEARCH COMPLETED AFTER 102 ITERATIONS / Time: 0h:0m:21s

--------------------------------------------------------------------
|                    FINALIZING TREE SEARCH                        |
--------------------------------------------------------------------
Performs final model parameters optimization
Estimate model parameters (epsilon = 0.010)
1. Initial log-likelihood: -89717.269
Optimal log-likelihood: -89717.267
Rate parameters:  A-C: 1.00000  A-G: 1.00000  A-T: 1.00000  C-G: 1.00000  C-T: 1.00000  G-T: 1.00000
Base frequencies:  A: 0.250  C: 0.250  G: 0.250  T: 0.250
Parameters optimization took 1 rounds (0.003 sec)
BEST SCORE FOUND : -89717.267
Total tree length: 17.391

Total number of iterations: 102
CPU time used for tree search: 4.846 sec (0h:0m:4s)
Wall-clock time used for tree search: 4.871 sec (0h:0m:4s)
Total CPU time used: 22.884 sec (0h:0m:22s)
Total wall-clock time used: 21.559 sec (0h:0m:21s)

Analysis results written to: 
  IQ-TREE report:                exp_baseline/m20_sel500_rep3/iqtree_out.iqtree
  Maximum-likelihood tree:       exp_baseline/m20_sel500_rep3/iqtree_out.treefile
  Likelihood distances:          exp_baseline/m20_sel500_rep3/iqtree_out.mldist
  Screen log file:               exp_baseline/m20_sel500_rep3/iqtree_out.log

Date and Time: Tue May 12 14:46:07 2026
