IQ-TREE version 3.1.1 for MacOS ARM 64-bit built Apr  8 2026
Developed by Bui Quang Minh, Thomas Wong, Nhan Ly-Trong, Huaiyan Ren
Contributed by Lam-Tung Nguyen, Dominik Schrempf, Chris Bielow,
Olga Chernomor, Michael Woodhams, Diep Thi Hoang, Heiko Schmidt

Host:    Noutbuk-maria.local (SSE4.2, 16 GB RAM)
Command: iqtree -s exp_baseline/m5_sel1000_rep3/combined.fasta -m JC -nt AUTO -pre exp_baseline/m5_sel1000_rep3/iqtree_out -seed 1000842 -redo
Seed:    1000842 (Using SPRNG - Scalable Parallel Random Number Generator)
Time:    Tue May 12 14:23:40 2026
Kernel:  SSE2 - auto-detect threads (8 CPU cores detected)

Reading alignment file exp_baseline/m5_sel1000_rep3/combined.fasta ... Fasta format detected
Reading fasta file: done in 0.000708818 secs using 91% CPU
Alignment most likely contains DNA/RNA sequences
Constructing alignment: done in 0.00130296 secs using 55.8% CPU
Alignment has 30 sequences with 3000 columns, 2016 distinct patterns
2842 parsimony-informative, 0 singleton sites, 158 constant sites
          Gap/Ambiguity  Composition  p-value
Analyzing sequences: done in 4.3869e-05 secs using 284.9% CPU
   1  taxon_1     0.00%    passed     85.12%
   2  taxon_2     0.00%    passed      9.00%
   3  taxon_3     0.00%    passed     65.91%
   4  taxon_4     0.00%    passed     29.58%
   5  taxon_5     0.00%    passed     64.47%
   6  taxon_6     0.00%    passed      6.16%
   7  taxon_7     0.00%    passed     29.82%
   8  taxon_8     0.00%    passed     43.27%
   9  taxon_9     0.00%    failed      0.49%
  10  taxon_10    0.00%    passed     65.46%
  11  taxon_11    0.00%    passed     78.95%
  12  taxon_12    0.00%    passed      5.90%
  13  taxon_13    0.00%    passed     52.17%
  14  taxon_14    0.00%    passed     93.74%
  15  taxon_15    0.00%    passed     56.35%
  16  taxon_16    0.00%    passed     84.06%
  17  taxon_17    0.00%    passed     43.75%
  18  taxon_18    0.00%    passed     85.90%
  19  taxon_19    0.00%    passed     49.54%
  20  taxon_20    0.00%    passed     58.62%
  21  taxon_21    0.00%    passed     89.55%
  22  taxon_22    0.00%    passed     90.91%
  23  taxon_23    0.00%    passed     86.07%
  24  taxon_24    0.00%    passed     30.33%
  25  taxon_25    0.00%    passed     94.17%
  26  taxon_26    0.00%    passed     74.09%
  27  taxon_27    0.00%    passed     83.37%
  28  taxon_28    0.00%    passed     27.50%
  29  taxon_29    0.00%    passed     78.29%
  30  taxon_30    0.00%    passed     19.44%
****  TOTAL       0.00%  1 sequences failed composition chi2 test (p-value<5%; df=3)
Checking for duplicate sequences: done in 0.000128031 secs using 92.17% CPU

Create initial parsimony tree by phylogenetic likelihood library (PLL)... 0.002 seconds

NOTE: 1 MB RAM (0 GB) is required!
Measuring multi-threading efficiency up to 8 CPU cores
Increase to 10 rounds for branch lengths
403 trees examined
Threads: 1 / Time: 8.003 sec / Speedup: 1.000 / Efficiency: 100% / LogL: -111323
Threads: 2 / Time: 8.715 sec / Speedup: 0.918 / Efficiency: 46% / LogL: -111323
Determining AUTO threadcount: done in 16.7183 secs using 108% CPU
BEST NUMBER OF THREADS: 1

Estimate model parameters (epsilon = 0.100)
1. Initial log-likelihood: -99896.258
Optimal log-likelihood: -99449.448
Rate parameters:  A-C: 1.00000  A-G: 1.00000  A-T: 1.00000  C-G: 1.00000  C-T: 1.00000  G-T: 1.00000
Base frequencies:  A: 0.250  C: 0.250  G: 0.250  T: 0.250
Parameters optimization took 1 rounds (0.009 sec)
Wrote distance file to... 
Computing ML distances based on estimated model parameters...
Calculating distance matrix: done in 0.00139117 secs using 98.62% CPU
Computing ML distances took 0.001522 sec (of wall-clock time) 0.001497 sec (of CPU time)
WARNING: Some pairwise ML distances are too long (saturated)
Setting up auxiliary I and S matrices: done in 2.5034e-05 secs using 71.9% CPU
Constructing RapidNJ tree: done in 4.3869e-05 secs using 164.1% CPU
Computing RapidNJ tree took 0.000093 sec (of wall-clock time) 0.000108 sec (of CPU time)
Log-likelihood of RapidNJ tree: -100690.622
--------------------------------------------------------------------
|             INITIALIZING CANDIDATE TREE SET                      |
--------------------------------------------------------------------
Generating 98 parsimony trees... 0.359 second
Computing log-likelihood of 98 initial trees ... 0.229 seconds
Current best score: -99337.509

Do NNI search on 20 best initial trees
Estimate model parameters (epsilon = 0.100)
BETTER TREE FOUND at iteration 1: -99289.823
Estimate model parameters (epsilon = 0.100)
BETTER TREE FOUND at iteration 6: -99268.881
Iteration 10 / LogL: -99316.951 / Time: 0h:0m:17s
Iteration 20 / LogL: -99293.573 / Time: 0h:0m:17s
Finish initializing candidate tree set (15)
Current best tree score: -99268.881 / CPU time: 1.185
Number of iterations: 20
--------------------------------------------------------------------
|               OPTIMIZING CANDIDATE TREE SET                      |
--------------------------------------------------------------------
Estimate model parameters (epsilon = 0.100)
UPDATE BEST LOG-LIKELIHOOD: -99268.613
Estimate model parameters (epsilon = 0.100)
UPDATE BEST LOG-LIKELIHOOD: -99267.874
Iteration 30 / LogL: -99268.718 / Time: 0h:0m:18s (0h:0m:48s left)
Iteration 40 / LogL: -99268.290 / Time: 0h:0m:18s (0h:0m:31s left)
Iteration 50 / LogL: -99267.990 / Time: 0h:0m:19s (0h:0m:21s left)
Estimate model parameters (epsilon = 0.100)
BETTER TREE FOUND at iteration 59: -99267.216
Iteration 60 / LogL: -99269.062 / Time: 0h:0m:19s (0h:0m:32s left)
Estimate model parameters (epsilon = 0.100)
BETTER TREE FOUND at iteration 69: -99263.236
Iteration 70 / LogL: -99268.659 / Time: 0h:0m:19s (0h:0m:28s left)
Iteration 80 / LogL: -99904.215 / Time: 0h:0m:20s (0h:0m:22s left)
Iteration 90 / LogL: -99266.488 / Time: 0h:0m:20s (0h:0m:18s left)
Iteration 100 / LogL: -99362.053 / Time: 0h:0m:21s (0h:0m:14s left)
Iteration 110 / LogL: -100090.928 / Time: 0h:0m:21s (0h:0m:11s left)
Iteration 120 / LogL: -99267.753 / Time: 0h:0m:21s (0h:0m:9s left)
Iteration 130 / LogL: -99267.724 / Time: 0h:0m:22s (0h:0m:6s left)
Iteration 140 / LogL: -99362.053 / Time: 0h:0m:22s (0h:0m:4s left)
Iteration 150 / LogL: -99351.315 / Time: 0h:0m:23s (0h:0m:2s left)
Iteration 160 / LogL: -99270.101 / Time: 0h:0m:23s (0h:0m:1s left)
Iteration 170 / LogL: -99270.644 / Time: 0h:0m:23s (0h:0m:-1s left)
TREE SEARCH COMPLETED AFTER 170 ITERATIONS / Time: 0h:0m:23s

--------------------------------------------------------------------
|                    FINALIZING TREE SEARCH                        |
--------------------------------------------------------------------
Performs final model parameters optimization
Estimate model parameters (epsilon = 0.010)
1. Initial log-likelihood: -99263.236
Optimal log-likelihood: -99263.233
Rate parameters:  A-C: 1.00000  A-G: 1.00000  A-T: 1.00000  C-G: 1.00000  C-T: 1.00000  G-T: 1.00000
Base frequencies:  A: 0.250  C: 0.250  G: 0.250  T: 0.250
Parameters optimization took 1 rounds (0.003 sec)
BEST SCORE FOUND : -99263.233
Total tree length: 13.382

Total number of iterations: 170
CPU time used for tree search: 7.012 sec (0h:0m:7s)
Wall-clock time used for tree search: 7.033 sec (0h:0m:7s)
Total CPU time used: 25.106 sec (0h:0m:25s)
Total wall-clock time used: 23.790 sec (0h:0m:23s)

Analysis results written to: 
  IQ-TREE report:                exp_baseline/m5_sel1000_rep3/iqtree_out.iqtree
  Maximum-likelihood tree:       exp_baseline/m5_sel1000_rep3/iqtree_out.treefile
  Likelihood distances:          exp_baseline/m5_sel1000_rep3/iqtree_out.mldist
  Screen log file:               exp_baseline/m5_sel1000_rep3/iqtree_out.log

Date and Time: Tue May 12 14:24:04 2026
