IQ-TREE version 3.1.1 for MacOS ARM 64-bit built Apr  8 2026
Developed by Bui Quang Minh, Thomas Wong, Nhan Ly-Trong, Huaiyan Ren
Contributed by Lam-Tung Nguyen, Dominik Schrempf, Chris Bielow,
Olga Chernomor, Michael Woodhams, Diep Thi Hoang, Heiko Schmidt

Host:    Noutbuk-maria.local (SSE4.2, 16 GB RAM)
Command: iqtree -s exp_stable_0.0005/m0_sel1_rep6/neutral.fasta -m JC -nt AUTO -pre exp_stable_0.0005/m0_sel1_rep6/iqtree_out -seed 1642 -redo
Seed:    1642 (Using SPRNG - Scalable Parallel Random Number Generator)
Time:    Mon May 18 18:03:45 2026
Kernel:  SSE2 - auto-detect threads (8 CPU cores detected)

Reading alignment file exp_stable_0.0005/m0_sel1_rep6/neutral.fasta ... Fasta format detected
Reading fasta file: done in 0.00118303 secs using 89.52% CPU
Alignment most likely contains DNA/RNA sequences
Constructing alignment: done in 0.00168014 secs using 59.4% CPU
Alignment has 50 sequences with 3000 columns, 2648 distinct patterns
2015 parsimony-informative, 780 singleton sites, 205 constant sites
          Gap/Ambiguity  Composition  p-value
Analyzing sequences: done in 9.91821e-05 secs using 276.3% CPU
   1  taxon_1     0.00%    passed     87.60%
   2  taxon_2     0.00%    passed     86.02%
   3  taxon_3     0.00%    passed     97.53%
   4  taxon_4     0.00%    passed     89.09%
   5  taxon_5     0.00%    passed     78.64%
   6  taxon_6     0.00%    passed     98.41%
   7  taxon_7     0.00%    passed     99.46%
   8  taxon_8     0.00%    passed     86.91%
   9  taxon_9     0.00%    passed     85.03%
  10  taxon_10    0.00%    passed     98.30%
  11  taxon_11    0.00%    passed     99.31%
  12  taxon_12    0.00%    passed     98.06%
  13  taxon_13    0.00%    passed     91.15%
  14  taxon_14    0.00%    passed     94.08%
  15  taxon_15    0.00%    passed     97.53%
  16  taxon_16    0.00%    passed     98.39%
  17  taxon_17    0.00%    passed     94.72%
  18  taxon_18    0.00%    passed     81.92%
  19  taxon_19    0.00%    passed     86.65%
  20  taxon_20    0.00%    passed     94.64%
  21  taxon_21    0.00%    passed     93.71%
  22  taxon_22    0.00%    passed     99.16%
  23  taxon_23    0.00%    passed     98.48%
  24  taxon_24    0.00%    passed     98.63%
  25  taxon_25    0.00%    passed     74.53%
  26  taxon_26    0.00%    passed     80.12%
  27  taxon_27    0.00%    passed     89.07%
  28  taxon_28    0.00%    passed     80.87%
  29  taxon_29    0.00%    passed     92.20%
  30  taxon_30    0.00%    passed     92.20%
  31  taxon_31    0.00%    passed     84.66%
  32  taxon_32    0.00%    passed     94.92%
  33  taxon_33    0.00%    passed     95.92%
  34  taxon_34    0.00%    passed     90.01%
  35  taxon_35    0.00%    passed     91.60%
  36  taxon_36    0.00%    passed     91.25%
  37  taxon_37    0.00%    passed     86.78%
  38  taxon_38    0.00%    passed     95.32%
  39  taxon_39    0.00%    passed     90.55%
  40  taxon_40    0.00%    passed     98.80%
  41  taxon_41    0.00%    passed     89.39%
  42  taxon_42    0.00%    passed     87.86%
  43  taxon_43    0.00%    passed     65.07%
  44  taxon_44    0.00%    passed     82.73%
  45  taxon_45    0.00%    passed     85.61%
  46  taxon_46    0.00%    passed     85.53%
  47  taxon_47    0.00%    passed     60.31%
  48  taxon_48    0.00%    passed     71.04%
  49  taxon_49    0.00%    passed     92.62%
  50  taxon_50    0.00%    passed     96.82%
****  TOTAL       0.00%  0 sequences failed composition chi2 test (p-value<5%; df=3)
Checking for duplicate sequences: done in 0.000272036 secs using 95.94% CPU

Create initial parsimony tree by phylogenetic likelihood library (PLL)... 0.004 seconds

NOTE: 4 MB RAM (0 GB) is required!
Measuring multi-threading efficiency up to 8 CPU cores
Increase to 10 rounds for branch lengths
234 trees examined
Threads: 1 / Time: 8.011 sec / Speedup: 1.000 / Efficiency: 100% / LogL: -65968
Threads: 2 / Time: 7.740 sec / Speedup: 1.035 / Efficiency: 52% / LogL: -65968
Threads: 3 / Time: 6.978 sec / Speedup: 1.148 / Efficiency: 38% / LogL: -65968
Determining AUTO threadcount: done in 22.7288 secs using 123.8% CPU
BEST NUMBER OF THREADS: 1

Estimate model parameters (epsilon = 0.100)
1. Initial log-likelihood: -46031.572
Optimal log-likelihood: -46006.207
Rate parameters:  A-C: 1.00000  A-G: 1.00000  A-T: 1.00000  C-G: 1.00000  C-T: 1.00000  G-T: 1.00000
Base frequencies:  A: 0.250  C: 0.250  G: 0.250  T: 0.250
Parameters optimization took 1 rounds (0.011 sec)
Wrote distance file to... 
Computing ML distances based on estimated model parameters...
Calculating distance matrix: done in 0.00590205 secs using 95.12% CPU
Computing ML distances took 0.006188 sec (of wall-clock time) 0.005893 sec (of CPU time)
Setting up auxiliary I and S matrices: done in 4.60148e-05 secs using 82.58% CPU
Constructing RapidNJ tree: done in 9.70364e-05 secs using 178.3% CPU
Computing RapidNJ tree took 0.000166 sec (of wall-clock time) 0.000226 sec (of CPU time)
Log-likelihood of RapidNJ tree: -46167.900
--------------------------------------------------------------------
|             INITIALIZING CANDIDATE TREE SET                      |
--------------------------------------------------------------------
Generating 98 parsimony trees... 0.426 second
Computing log-likelihood of 98 initial trees ... 0.565 seconds
Current best score: -46006.207

Do NNI search on 20 best initial trees
Estimate model parameters (epsilon = 0.100)
BETTER TREE FOUND at iteration 1: -46006.207
Iteration 10 / LogL: -46006.208 / Time: 0h:0m:24s
UPDATE BEST LOG-LIKELIHOOD: -46006.207
Iteration 20 / LogL: -46006.257 / Time: 0h:0m:25s
Finish initializing candidate tree set (1)
Current best tree score: -46006.207 / CPU time: 2.239
Number of iterations: 20
--------------------------------------------------------------------
|               OPTIMIZING CANDIDATE TREE SET                      |
--------------------------------------------------------------------
Iteration 30 / LogL: -46006.225 / Time: 0h:0m:25s (0h:1m:3s left)
Iteration 40 / LogL: -46006.340 / Time: 0h:0m:26s (0h:0m:41s left)
Iteration 50 / LogL: -46006.209 / Time: 0h:0m:27s (0h:0m:28s left)
Iteration 60 / LogL: -46006.227 / Time: 0h:0m:28s (0h:0m:19s left)
Iteration 70 / LogL: -46006.210 / Time: 0h:0m:29s (0h:0m:13s left)
Iteration 80 / LogL: -46006.215 / Time: 0h:0m:29s (0h:0m:7s left)
Iteration 90 / LogL: -46006.210 / Time: 0h:0m:30s (0h:0m:3s left)
Iteration 100 / LogL: -46006.216 / Time: 0h:0m:31s (0h:0m:0s left)
TREE SEARCH COMPLETED AFTER 102 ITERATIONS / Time: 0h:0m:31s

--------------------------------------------------------------------
|                    FINALIZING TREE SEARCH                        |
--------------------------------------------------------------------
Performs final model parameters optimization
Estimate model parameters (epsilon = 0.010)
1. Initial log-likelihood: -46006.207
Optimal log-likelihood: -46006.207
Rate parameters:  A-C: 1.00000  A-G: 1.00000  A-T: 1.00000  C-G: 1.00000  C-T: 1.00000  G-T: 1.00000
Base frequencies:  A: 0.250  C: 0.250  G: 0.250  T: 0.250
Parameters optimization took 1 rounds (0.009 sec)
BEST SCORE FOUND : -46006.207
Total tree length: 2.729

Total number of iterations: 102
CPU time used for tree search: 8.756 sec (0h:0m:8s)
Wall-clock time used for tree search: 8.759 sec (0h:0m:8s)
Total CPU time used: 36.950 sec (0h:0m:36s)
Total wall-clock time used: 31.545 sec (0h:0m:31s)

Analysis results written to: 
  IQ-TREE report:                exp_stable_0.0005/m0_sel1_rep6/iqtree_out.iqtree
  Maximum-likelihood tree:       exp_stable_0.0005/m0_sel1_rep6/iqtree_out.treefile
  Likelihood distances:          exp_stable_0.0005/m0_sel1_rep6/iqtree_out.mldist
  Screen log file:               exp_stable_0.0005/m0_sel1_rep6/iqtree_out.log

Date and Time: Mon May 18 18:04:17 2026
