IQ-TREE version 3.1.1 for MacOS ARM 64-bit built Apr  8 2026
Developed by Bui Quang Minh, Thomas Wong, Nhan Ly-Trong, Huaiyan Ren
Contributed by Lam-Tung Nguyen, Dominik Schrempf, Chris Bielow,
Olga Chernomor, Michael Woodhams, Diep Thi Hoang, Heiko Schmidt

Host:    Noutbuk-maria.local (SSE4.2, 16 GB RAM)
Command: iqtree -s exp_stable_0.0001/m0_sel2_rep1/neutral.fasta -m JC -nt AUTO -pre exp_stable_0.0001/m0_sel2_rep1/iqtree_out -seed 2142 -redo
Seed:    2142 (Using SPRNG - Scalable Parallel Random Number Generator)
Time:    Sat May 16 17:32:53 2026
Kernel:  SSE2 - auto-detect threads (8 CPU cores detected)

Reading alignment file exp_stable_0.0001/m0_sel2_rep1/neutral.fasta ... Fasta format detected
Reading fasta file: done in 0.00117493 secs using 89.79% CPU
Alignment most likely contains DNA/RNA sequences
Constructing alignment: done in 0.00124311 secs using 60.49% CPU
Alignment has 50 sequences with 3000 columns, 850 distinct patterns
448 parsimony-informative, 708 singleton sites, 1844 constant sites
          Gap/Ambiguity  Composition  p-value
Analyzing sequences: done in 4.69685e-05 secs using 146.9% CPU
   1  taxon_1     0.00%    passed     99.88%
   2  taxon_2     0.00%    passed     99.39%
   3  taxon_3     0.00%    passed     99.63%
   4  taxon_4     0.00%    passed     99.41%
   5  taxon_5     0.00%    passed     99.83%
   6  taxon_6     0.00%    passed     98.55%
   7  taxon_7     0.00%    passed     99.92%
   8  taxon_8     0.00%    passed     97.71%
   9  taxon_9     0.00%    passed     98.70%
  10  taxon_10    0.00%    passed     99.76%
  11  taxon_11    0.00%    passed     99.65%
  12  taxon_12    0.00%    passed     99.47%
  13  taxon_13    0.00%    passed     99.94%
  14  taxon_14    0.00%    passed     97.34%
  15  taxon_15    0.00%    passed     99.31%
  16  taxon_16    0.00%    passed     99.97%
  17  taxon_17    0.00%    passed     99.91%
  18  taxon_18    0.00%    passed     99.72%
  19  taxon_19    0.00%    passed     99.37%
  20  taxon_20    0.00%    passed     99.27%
  21  taxon_21    0.00%    passed     99.35%
  22  taxon_22    0.00%    passed     98.29%
  23  taxon_23    0.00%    passed     99.21%
  24  taxon_24    0.00%    passed     99.50%
  25  taxon_25    0.00%    passed     97.88%
  26  taxon_26    0.00%    passed     99.70%
  27  taxon_27    0.00%    passed     99.36%
  28  taxon_28    0.00%    passed     98.37%
  29  taxon_29    0.00%    passed     98.43%
  30  taxon_30    0.00%    passed     98.69%
  31  taxon_31    0.00%    passed     99.95%
  32  taxon_32    0.00%    passed     99.06%
  33  taxon_33    0.00%    passed     99.47%
  34  taxon_34    0.00%    passed     99.53%
  35  taxon_35    0.00%    passed     98.17%
  36  taxon_36    0.00%    passed     99.69%
  37  taxon_37    0.00%    passed     99.96%
  38  taxon_38    0.00%    passed     99.89%
  39  taxon_39    0.00%    passed     99.93%
  40  taxon_40    0.00%    passed     99.74%
  41  taxon_41    0.00%    passed     99.93%
  42  taxon_42    0.00%    passed     99.13%
  43  taxon_43    0.00%    passed     99.89%
  44  taxon_44    0.00%    passed     99.43%
  45  taxon_45    0.00%    passed     98.43%
  46  taxon_46    0.00%    passed     99.45%
  47  taxon_47    0.00%    passed     98.96%
  48  taxon_48    0.00%    passed     98.84%
  49  taxon_49    0.00%    passed     99.91%
  50  taxon_50    0.00%    passed     99.85%
****  TOTAL       0.00%  0 sequences failed composition chi2 test (p-value<5%; df=3)
Checking for duplicate sequences: done in 0.000112057 secs using 83.89% CPU

Create initial parsimony tree by phylogenetic likelihood library (PLL)... 0.003 seconds

NOTE: 1 MB RAM (0 GB) is required!
Measuring multi-threading efficiency up to 8 CPU cores
Increase to 10 rounds for branch lengths
981 trees examined
Threads: 1 / Time: 8.005 sec / Speedup: 1.000 / Efficiency: 100% / LogL: -19907
Threads: 2 / Time: 9.547 sec / Speedup: 0.839 / Efficiency: 42% / LogL: -19907
Determining AUTO threadcount: done in 17.5522 secs using 106.5% CPU
BEST NUMBER OF THREADS: 1

Estimate model parameters (epsilon = 0.100)
1. Initial log-likelihood: -14612.099
Optimal log-likelihood: -14611.671
Rate parameters:  A-C: 1.00000  A-G: 1.00000  A-T: 1.00000  C-G: 1.00000  C-T: 1.00000  G-T: 1.00000
Base frequencies:  A: 0.250  C: 0.250  G: 0.250  T: 0.250
Parameters optimization took 1 rounds (0.003 sec)
Wrote distance file to... 
Computing ML distances based on estimated model parameters...
Calculating distance matrix: done in 0.00318909 secs using 84.95% CPU
Computing ML distances took 0.003281 sec (of wall-clock time) 0.002797 sec (of CPU time)
Setting up auxiliary I and S matrices: done in 4.60148e-05 secs using 78.24% CPU
Constructing RapidNJ tree: done in 0.000100136 secs using 172.8% CPU
Computing RapidNJ tree took 0.000168 sec (of wall-clock time) 0.000241 sec (of CPU time)
Log-likelihood of RapidNJ tree: -14647.057
--------------------------------------------------------------------
|             INITIALIZING CANDIDATE TREE SET                      |
--------------------------------------------------------------------
Generating 98 parsimony trees... 0.201 second
Computing log-likelihood of 98 initial trees ... 0.170 seconds
Current best score: -14611.671

Do NNI search on 20 best initial trees
Estimate model parameters (epsilon = 0.100)
BETTER TREE FOUND at iteration 1: -14611.671
BETTER TREE FOUND at iteration 2: -14611.671
UPDATE BEST LOG-LIKELIHOOD: -14611.671
UPDATE BEST LOG-LIKELIHOOD: -14611.671
Iteration 10 / LogL: -14611.671 / Time: 0h:0m:18s
Iteration 20 / LogL: -14611.678 / Time: 0h:0m:18s
Finish initializing candidate tree set (2)
Current best tree score: -14611.671 / CPU time: 0.529
Number of iterations: 20
--------------------------------------------------------------------
|               OPTIMIZING CANDIDATE TREE SET                      |
--------------------------------------------------------------------
Iteration 30 / LogL: -14611.675 / Time: 0h:0m:18s (0h:0m:45s left)
Iteration 40 / LogL: -14611.682 / Time: 0h:0m:18s (0h:0m:29s left)
Iteration 50 / LogL: -14611.682 / Time: 0h:0m:18s (0h:0m:19s left)
Iteration 60 / LogL: -14611.684 / Time: 0h:0m:19s (0h:0m:13s left)
Iteration 70 / LogL: -14611.671 / Time: 0h:0m:19s (0h:0m:8s left)
Iteration 80 / LogL: -14611.686 / Time: 0h:0m:19s (0h:0m:5s left)
Iteration 90 / LogL: -14611.683 / Time: 0h:0m:19s (0h:0m:2s left)
Iteration 100 / LogL: -14611.684 / Time: 0h:0m:20s (0h:0m:0s left)
TREE SEARCH COMPLETED AFTER 103 ITERATIONS / Time: 0h:0m:20s

--------------------------------------------------------------------
|                    FINALIZING TREE SEARCH                        |
--------------------------------------------------------------------
Performs final model parameters optimization
Estimate model parameters (epsilon = 0.010)
1. Initial log-likelihood: -14611.671
Optimal log-likelihood: -14611.671
Rate parameters:  A-C: 1.00000  A-G: 1.00000  A-T: 1.00000  C-G: 1.00000  C-T: 1.00000  G-T: 1.00000
Base frequencies:  A: 0.250  C: 0.250  G: 0.250  T: 0.250
Parameters optimization took 1 rounds (0.004 sec)
BEST SCORE FOUND : -14611.671
Total tree length: 0.493

Total number of iterations: 103
CPU time used for tree search: 2.695 sec (0h:0m:2s)
Wall-clock time used for tree search: 2.700 sec (0h:0m:2s)
Total CPU time used: 21.408 sec (0h:0m:21s)
Total wall-clock time used: 20.278 sec (0h:0m:20s)

Analysis results written to: 
  IQ-TREE report:                exp_stable_0.0001/m0_sel2_rep1/iqtree_out.iqtree
  Maximum-likelihood tree:       exp_stable_0.0001/m0_sel2_rep1/iqtree_out.treefile
  Likelihood distances:          exp_stable_0.0001/m0_sel2_rep1/iqtree_out.mldist
  Screen log file:               exp_stable_0.0001/m0_sel2_rep1/iqtree_out.log

Date and Time: Sat May 16 17:33:13 2026
