IQ-TREE version 3.1.1 for MacOS ARM 64-bit built Apr  8 2026
Developed by Bui Quang Minh, Thomas Wong, Nhan Ly-Trong, Huaiyan Ren
Contributed by Lam-Tung Nguyen, Dominik Schrempf, Chris Bielow,
Olga Chernomor, Michael Woodhams, Diep Thi Hoang, Heiko Schmidt

Host:    Noutbuk-maria.local (SSE4.2, 16 GB RAM)
Command: iqtree -s exp_baseline/m100_sel50_rep4/combined.fasta -m JC -nt AUTO -pre exp_baseline/m100_sel50_rep4/iqtree_out -seed 60442 -redo
Seed:    60442 (Using SPRNG - Scalable Parallel Random Number Generator)
Time:    Tue May 12 15:05:43 2026
Kernel:  SSE2 - auto-detect threads (8 CPU cores detected)

Reading alignment file exp_baseline/m100_sel50_rep4/combined.fasta ... Fasta format detected
Reading fasta file: done in 0.000504017 secs using 90.27% CPU
Alignment most likely contains DNA/RNA sequences
Constructing alignment: done in 0.000971079 secs using 56.64% CPU
Alignment has 30 sequences with 2050 columns, 2012 distinct patterns
2050 parsimony-informative, 0 singleton sites, 0 constant sites
          Gap/Ambiguity  Composition  p-value
Analyzing sequences: done in 4.69685e-05 secs using 236.3% CPU
   1  taxon_1     0.00%    passed     89.96%
   2  taxon_2     0.00%    passed     81.51%
   3  taxon_3     0.00%    passed     71.60%
   4  taxon_4     0.00%    passed     19.25%
   5  taxon_5     0.00%    passed     53.76%
   6  taxon_6     0.00%    passed     54.78%
   7  taxon_7     0.00%    passed     97.56%
   8  taxon_8     0.00%    passed     18.54%
   9  taxon_9     0.00%    passed     31.83%
  10  taxon_10    0.00%    passed     56.21%
  11  taxon_11    0.00%    passed     66.97%
  12  taxon_12    0.00%    passed     58.17%
  13  taxon_13    0.00%    passed     84.59%
  14  taxon_14    0.00%    passed     79.97%
  15  taxon_15    0.00%    passed     79.53%
  16  taxon_16    0.00%    passed     46.95%
  17  taxon_17    0.00%    passed     72.96%
  18  taxon_18    0.00%    passed     10.51%
  19  taxon_19    0.00%    passed     51.05%
  20  taxon_20    0.00%    passed     39.84%
  21  taxon_21    0.00%    passed     32.96%
  22  taxon_22    0.00%    passed     30.35%
  23  taxon_23    0.00%    passed     92.66%
  24  taxon_24    0.00%    passed     29.52%
  25  taxon_25    0.00%    passed     17.92%
  26  taxon_26    0.00%    passed     26.33%
  27  taxon_27    0.00%    passed     75.86%
  28  taxon_28    0.00%    passed     65.30%
  29  taxon_29    0.00%    passed     21.04%
  30  taxon_30    0.00%    passed     85.35%
****  TOTAL       0.00%  0 sequences failed composition chi2 test (p-value<5%; df=3)
Checking for duplicate sequences: done in 0.000132084 secs using 94.64% CPU

Create initial parsimony tree by phylogenetic likelihood library (PLL)... 0.002 seconds

NOTE: 1 MB RAM (0 GB) is required!
Measuring multi-threading efficiency up to 8 CPU cores
Increase to 10 rounds for branch lengths
388 trees examined
Threads: 1 / Time: 8.013 sec / Speedup: 1.000 / Efficiency: 100% / LogL: -81956
Threads: 2 / Time: 8.799 sec / Speedup: 0.911 / Efficiency: 46% / LogL: -81956
Determining AUTO threadcount: done in 16.8122 secs using 107.8% CPU
BEST NUMBER OF THREADS: 1

Estimate model parameters (epsilon = 0.100)
1. Initial log-likelihood: -78231.911
Optimal log-likelihood: -77734.227
Rate parameters:  A-C: 1.00000  A-G: 1.00000  A-T: 1.00000  C-G: 1.00000  C-T: 1.00000  G-T: 1.00000
Base frequencies:  A: 0.250  C: 0.250  G: 0.250  T: 0.250
Parameters optimization took 1 rounds (0.014 sec)
Wrote distance file to... 
Computing ML distances based on estimated model parameters...
Calculating distance matrix: done in 0.00121808 secs using 99.09% CPU
Computing ML distances took 0.001367 sec (of wall-clock time) 0.001335 sec (of CPU time)
WARNING: Some pairwise ML distances are too long (saturated)
Setting up auxiliary I and S matrices: done in 2.59876e-05 secs using 73.11% CPU
Constructing RapidNJ tree: done in 4.88758e-05 secs using 87.98% CPU
Computing RapidNJ tree took 0.000096 sec (of wall-clock time) 0.000070 sec (of CPU time)
Log-likelihood of RapidNJ tree: -77773.271
--------------------------------------------------------------------
|             INITIALIZING CANDIDATE TREE SET                      |
--------------------------------------------------------------------
Generating 98 parsimony trees... 0.297 second
Computing log-likelihood of 98 initial trees ... 0.249 seconds
Current best score: -77734.227

Do NNI search on 20 best initial trees
Estimate model parameters (epsilon = 0.100)
BETTER TREE FOUND at iteration 1: -77725.732
Estimate model parameters (epsilon = 0.100)
BETTER TREE FOUND at iteration 3: -77705.297
Iteration 10 / LogL: -77746.784 / Time: 0h:0m:17s
Iteration 20 / LogL: -77738.431 / Time: 0h:0m:18s
Finish initializing candidate tree set (15)
Current best tree score: -77705.297 / CPU time: 1.639
Number of iterations: 20
--------------------------------------------------------------------
|               OPTIMIZING CANDIDATE TREE SET                      |
--------------------------------------------------------------------
Iteration 30 / LogL: -77707.005 / Time: 0h:0m:19s (0h:0m:48s left)
Iteration 40 / LogL: -77716.756 / Time: 0h:0m:19s (0h:0m:31s left)
Iteration 50 / LogL: -77707.747 / Time: 0h:0m:20s (0h:0m:22s left)
Iteration 60 / LogL: -77714.499 / Time: 0h:0m:20s (0h:0m:15s left)
Iteration 70 / LogL: -77817.830 / Time: 0h:0m:21s (0h:0m:10s left)
Iteration 80 / LogL: -77724.150 / Time: 0h:0m:22s (0h:0m:6s left)
Iteration 90 / LogL: -77706.133 / Time: 0h:0m:22s (0h:0m:3s left)
Estimate model parameters (epsilon = 0.100)
UPDATE BEST LOG-LIKELIHOOD: -77705.139
Iteration 100 / LogL: -77706.886 / Time: 0h:0m:23s (0h:0m:0s left)
TREE SEARCH COMPLETED AFTER 104 ITERATIONS / Time: 0h:0m:23s

--------------------------------------------------------------------
|                    FINALIZING TREE SEARCH                        |
--------------------------------------------------------------------
Performs final model parameters optimization
Estimate model parameters (epsilon = 0.010)
1. Initial log-likelihood: -77705.139
Optimal log-likelihood: -77705.131
Rate parameters:  A-C: 1.00000  A-G: 1.00000  A-T: 1.00000  C-G: 1.00000  C-T: 1.00000  G-T: 1.00000
Base frequencies:  A: 0.250  C: 0.250  G: 0.250  T: 0.250
Parameters optimization took 1 rounds (0.003 sec)
BEST SCORE FOUND : -77705.131
Total tree length: 22.618

Total number of iterations: 104
CPU time used for tree search: 6.806 sec (0h:0m:6s)
Wall-clock time used for tree search: 6.832 sec (0h:0m:6s)
Total CPU time used: 24.989 sec (0h:0m:24s)
Total wall-clock time used: 23.710 sec (0h:0m:23s)

Analysis results written to: 
  IQ-TREE report:                exp_baseline/m100_sel50_rep4/iqtree_out.iqtree
  Maximum-likelihood tree:       exp_baseline/m100_sel50_rep4/iqtree_out.treefile
  Likelihood distances:          exp_baseline/m100_sel50_rep4/iqtree_out.mldist
  Screen log file:               exp_baseline/m100_sel50_rep4/iqtree_out.log

Date and Time: Tue May 12 15:06:07 2026
