IQ-TREE version 3.1.1 for MacOS ARM 64-bit built Apr  8 2026
Developed by Bui Quang Minh, Thomas Wong, Nhan Ly-Trong, Huaiyan Ren
Contributed by Lam-Tung Nguyen, Dominik Schrempf, Chris Bielow,
Olga Chernomor, Michael Woodhams, Diep Thi Hoang, Heiko Schmidt

Host:    Noutbuk-maria.local (SSE4.2, 16 GB RAM)
Command: iqtree -s exp_baseline/m20_sel0_rep4/combined.fasta -m JC -nt AUTO -pre exp_baseline/m20_sel0_rep4/iqtree_out -seed 2442 -redo
Seed:    2442 (Using SPRNG - Scalable Parallel Random Number Generator)
Time:    Tue May 12 14:38:42 2026
Kernel:  SSE2 - auto-detect threads (8 CPU cores detected)

Reading alignment file exp_baseline/m20_sel0_rep4/combined.fasta ... Fasta format detected
Reading fasta file: done in 0.000478983 secs using 91.03% CPU
NOTE: Change sequence name 'taxon 1' -> taxon_1
NOTE: Change sequence name 'taxon 2' -> taxon_2
NOTE: Change sequence name 'taxon 3' -> taxon_3
NOTE: Change sequence name 'taxon 4' -> taxon_4
NOTE: Change sequence name 'taxon 5' -> taxon_5
NOTE: Change sequence name 'taxon 6' -> taxon_6
NOTE: Change sequence name 'taxon 7' -> taxon_7
NOTE: Change sequence name 'taxon 8' -> taxon_8
NOTE: Change sequence name 'taxon 9' -> taxon_9
NOTE: Change sequence name 'taxon 10' -> taxon_10
NOTE: Change sequence name 'taxon 11' -> taxon_11
NOTE: Change sequence name 'taxon 12' -> taxon_12
NOTE: Change sequence name 'taxon 13' -> taxon_13
NOTE: Change sequence name 'taxon 14' -> taxon_14
NOTE: Change sequence name 'taxon 15' -> taxon_15
NOTE: Change sequence name 'taxon 16' -> taxon_16
NOTE: Change sequence name 'taxon 17' -> taxon_17
NOTE: Change sequence name 'taxon 18' -> taxon_18
NOTE: Change sequence name 'taxon 19' -> taxon_19
NOTE: Change sequence name 'taxon 20' -> taxon_20
NOTE: Change sequence name 'taxon 21' -> taxon_21
NOTE: Change sequence name 'taxon 22' -> taxon_22
NOTE: Change sequence name 'taxon 23' -> taxon_23
NOTE: Change sequence name 'taxon 24' -> taxon_24
NOTE: Change sequence name 'taxon 25' -> taxon_25
NOTE: Change sequence name 'taxon 26' -> taxon_26
NOTE: Change sequence name 'taxon 27' -> taxon_27
NOTE: Change sequence name 'taxon 28' -> taxon_28
NOTE: Change sequence name 'taxon 29' -> taxon_29
NOTE: Change sequence name 'taxon 30' -> taxon_30
Alignment most likely contains DNA/RNA sequences
Constructing alignment: done in 0.000946999 secs using 57.66% CPU
Alignment has 30 sequences with 2000 columns, 2000 distinct patterns
2000 parsimony-informative, 0 singleton sites, 0 constant sites
          Gap/Ambiguity  Composition  p-value
Analyzing sequences: done in 5.19753e-05 secs using 240.5% CPU
   1  taxon_1     0.00%    passed     92.31%
   2  taxon_2     0.00%    passed     62.82%
   3  taxon_3     0.00%    passed     53.16%
   4  taxon_4     0.00%    passed     48.64%
   5  taxon_5     0.00%    passed     43.42%
   6  taxon_6     0.00%    failed      4.78%
   7  taxon_7     0.00%    passed     72.64%
   8  taxon_8     0.00%    passed     45.82%
   9  taxon_9     0.00%    passed     61.09%
  10  taxon_10    0.00%    passed     84.54%
  11  taxon_11    0.00%    passed     28.68%
  12  taxon_12    0.00%    passed     33.59%
  13  taxon_13    0.00%    passed     86.49%
  14  taxon_14    0.00%    passed     78.96%
  15  taxon_15    0.00%    passed     37.43%
  16  taxon_16    0.00%    passed     10.66%
  17  taxon_17    0.00%    passed     61.13%
  18  taxon_18    0.00%    passed     69.57%
  19  taxon_19    0.00%    passed     31.87%
  20  taxon_20    0.00%    passed     82.14%
  21  taxon_21    0.00%    failed      4.87%
  22  taxon_22    0.00%    passed     98.08%
  23  taxon_23    0.00%    passed     10.92%
  24  taxon_24    0.00%    passed     23.00%
  25  taxon_25    0.00%    passed     24.06%
  26  taxon_26    0.00%    passed     29.56%
  27  taxon_27    0.00%    passed     26.53%
  28  taxon_28    0.00%    failed      4.70%
  29  taxon_29    0.00%    passed     49.53%
  30  taxon_30    0.00%    passed     25.37%
****  TOTAL       0.00%  3 sequences failed composition chi2 test (p-value<5%; df=3)
Checking for duplicate sequences: done in 0.000127077 secs using 89.71% CPU

Create initial parsimony tree by phylogenetic likelihood library (PLL)... 0.002 seconds

NOTE: 1 MB RAM (0 GB) is required!
Measuring multi-threading efficiency up to 8 CPU cores
Increase to 10 rounds for branch lengths
396 trees examined
Threads: 1 / Time: 8.004 sec / Speedup: 1.000 / Efficiency: 100% / LogL: -78022
Threads: 2 / Time: 8.730 sec / Speedup: 0.917 / Efficiency: 46% / LogL: -78022
Determining AUTO threadcount: done in 16.7349 secs using 108% CPU
BEST NUMBER OF THREADS: 1

Estimate model parameters (epsilon = 0.100)
1. Initial log-likelihood: -71599.031
Optimal log-likelihood: -71149.462
Rate parameters:  A-C: 1.00000  A-G: 1.00000  A-T: 1.00000  C-G: 1.00000  C-T: 1.00000  G-T: 1.00000
Base frequencies:  A: 0.250  C: 0.250  G: 0.250  T: 0.250
Parameters optimization took 1 rounds (0.017 sec)
Wrote distance file to... 
Computing ML distances based on estimated model parameters...
Calculating distance matrix: done in 0.0012269 secs using 99.03% CPU
Computing ML distances took 0.001369 sec (of wall-clock time) 0.001348 sec (of CPU time)
WARNING: Some pairwise ML distances are too long (saturated)
Setting up auxiliary I and S matrices: done in 2.6226e-05 secs using 72.45% CPU
Constructing RapidNJ tree: done in 5.50747e-05 secs using 165.2% CPU
Computing RapidNJ tree took 0.000104 sec (of wall-clock time) 0.000124 sec (of CPU time)
Log-likelihood of RapidNJ tree: -71152.783
--------------------------------------------------------------------
|             INITIALIZING CANDIDATE TREE SET                      |
--------------------------------------------------------------------
Generating 98 parsimony trees... 0.272 second
Computing log-likelihood of 98 initial trees ... 0.250 seconds
Current best score: -71149.462

Do NNI search on 20 best initial trees
Estimate model parameters (epsilon = 0.100)
BETTER TREE FOUND at iteration 1: -71121.205
UPDATE BEST LOG-LIKELIHOOD: -71121.203
BETTER TREE FOUND at iteration 7: -71121.203
Iteration 10 / LogL: -71121.212 / Time: 0h:0m:18s
Iteration 20 / LogL: -71121.206 / Time: 0h:0m:19s
Finish initializing candidate tree set (4)
Current best tree score: -71121.203 / CPU time: 2.239
Number of iterations: 20
--------------------------------------------------------------------
|               OPTIMIZING CANDIDATE TREE SET                      |
--------------------------------------------------------------------
Iteration 30 / LogL: -71132.755 / Time: 0h:0m:19s (0h:0m:52s left)
UPDATE BEST LOG-LIKELIHOOD: -71121.203
UPDATE BEST LOG-LIKELIHOOD: -71121.203
Iteration 40 / LogL: -71121.203 / Time: 0h:0m:20s (0h:0m:35s left)
UPDATE BEST LOG-LIKELIHOOD: -71121.202
Iteration 50 / LogL: -71129.311 / Time: 0h:0m:21s (0h:0m:25s left)
UPDATE BEST LOG-LIKELIHOOD: -71121.202
Iteration 60 / LogL: -71121.203 / Time: 0h:0m:22s (0h:0m:18s left)
Iteration 70 / LogL: -71121.205 / Time: 0h:0m:23s (0h:0m:12s left)
Iteration 80 / LogL: -71122.370 / Time: 0h:0m:24s (0h:0m:8s left)
Iteration 90 / LogL: -71129.320 / Time: 0h:0m:25s (0h:0m:4s left)
Iteration 100 / LogL: -71121.203 / Time: 0h:0m:26s (0h:0m:1s left)
TREE SEARCH COMPLETED AFTER 108 ITERATIONS / Time: 0h:0m:27s

--------------------------------------------------------------------
|                    FINALIZING TREE SEARCH                        |
--------------------------------------------------------------------
Performs final model parameters optimization
Estimate model parameters (epsilon = 0.010)
1. Initial log-likelihood: -71121.202
Optimal log-likelihood: -71121.202
Rate parameters:  A-C: 1.00000  A-G: 1.00000  A-T: 1.00000  C-G: 1.00000  C-T: 1.00000  G-T: 1.00000
Base frequencies:  A: 0.250  C: 0.250  G: 0.250  T: 0.250
Parameters optimization took 1 rounds (0.003 sec)
BEST SCORE FOUND : -71121.202
Total tree length: 19.030

Total number of iterations: 108
CPU time used for tree search: 10.283 sec (0h:0m:10s)
Wall-clock time used for tree search: 10.322 sec (0h:0m:10s)
Total CPU time used: 28.405 sec (0h:0m:28s)
Total wall-clock time used: 27.110 sec (0h:0m:27s)

Analysis results written to: 
  IQ-TREE report:                exp_baseline/m20_sel0_rep4/iqtree_out.iqtree
  Maximum-likelihood tree:       exp_baseline/m20_sel0_rep4/iqtree_out.treefile
  Likelihood distances:          exp_baseline/m20_sel0_rep4/iqtree_out.mldist
  Screen log file:               exp_baseline/m20_sel0_rep4/iqtree_out.log

Date and Time: Tue May 12 14:39:09 2026
