IQ-TREE version 3.1.1 for MacOS ARM 64-bit built Apr  8 2026
Developed by Bui Quang Minh, Thomas Wong, Nhan Ly-Trong, Huaiyan Ren
Contributed by Lam-Tung Nguyen, Dominik Schrempf, Chris Bielow,
Olga Chernomor, Michael Woodhams, Diep Thi Hoang, Heiko Schmidt

Host:    Noutbuk-maria.local (SSE4.2, 16 GB RAM)
Command: iqtree -s exp_stable_0.001/m0_sel2_rep4/neutral.fasta -m JC -nt AUTO -pre exp_stable_0.001/m0_sel2_rep4/iqtree_out -seed 2442 -redo
Seed:    2442 (Using SPRNG - Scalable Parallel Random Number Generator)
Time:    Mon May 18 23:03:50 2026
Kernel:  SSE2 - auto-detect threads (8 CPU cores detected)

Reading alignment file exp_stable_0.001/m0_sel2_rep4/neutral.fasta ... Fasta format detected
Reading fasta file: done in 0.00117707 secs using 89.88% CPU
Alignment most likely contains DNA/RNA sequences
Constructing alignment: done in 0.00162005 secs using 61.48% CPU
Alignment has 50 sequences with 3000 columns, 2966 distinct patterns
2722 parsimony-informative, 256 singleton sites, 22 constant sites
          Gap/Ambiguity  Composition  p-value
Analyzing sequences: done in 8.39233e-05 secs using 365.8% CPU
   1  taxon_1     0.00%    passed     99.30%
   2  taxon_2     0.00%    passed     77.39%
   3  taxon_3     0.00%    passed     61.17%
   4  taxon_4     0.00%    passed     80.96%
   5  taxon_5     0.00%    passed     36.75%
   6  taxon_6     0.00%    passed     87.59%
   7  taxon_7     0.00%    passed     98.38%
   8  taxon_8     0.00%    passed     27.51%
   9  taxon_9     0.00%    passed     76.78%
  10  taxon_10    0.00%    passed     89.60%
  11  taxon_11    0.00%    passed     65.39%
  12  taxon_12    0.00%    passed     59.66%
  13  taxon_13    0.00%    passed     85.71%
  14  taxon_14    0.00%    passed     89.98%
  15  taxon_15    0.00%    passed     95.34%
  16  taxon_16    0.00%    passed     95.11%
  17  taxon_17    0.00%    passed     60.75%
  18  taxon_18    0.00%    passed     85.71%
  19  taxon_19    0.00%    passed     73.16%
  20  taxon_20    0.00%    passed     77.54%
  21  taxon_21    0.00%    passed     33.87%
  22  taxon_22    0.00%    passed     89.19%
  23  taxon_23    0.00%    passed     86.50%
  24  taxon_24    0.00%    passed     95.29%
  25  taxon_25    0.00%    passed     93.47%
  26  taxon_26    0.00%    passed     97.58%
  27  taxon_27    0.00%    passed     78.90%
  28  taxon_28    0.00%    passed     87.31%
  29  taxon_29    0.00%    passed     53.27%
  30  taxon_30    0.00%    passed     96.51%
  31  taxon_31    0.00%    passed     87.31%
  32  taxon_32    0.00%    passed     79.32%
  33  taxon_33    0.00%    passed     83.86%
  34  taxon_34    0.00%    passed     78.40%
  35  taxon_35    0.00%    passed     82.51%
  36  taxon_36    0.00%    passed     59.20%
  37  taxon_37    0.00%    passed     84.37%
  38  taxon_38    0.00%    passed     79.00%
  39  taxon_39    0.00%    passed     50.01%
  40  taxon_40    0.00%    passed     42.91%
  41  taxon_41    0.00%    passed     29.36%
  42  taxon_42    0.00%    passed     86.28%
  43  taxon_43    0.00%    passed     86.14%
  44  taxon_44    0.00%    passed     14.54%
  45  taxon_45    0.00%    passed     88.16%
  46  taxon_46    0.00%    passed     92.42%
  47  taxon_47    0.00%    passed     39.19%
  48  taxon_48    0.00%    passed     50.72%
  49  taxon_49    0.00%    passed     67.73%
  50  taxon_50    0.00%    passed     92.46%
****  TOTAL       0.00%  0 sequences failed composition chi2 test (p-value<5%; df=3)
Checking for duplicate sequences: done in 0.000288963 secs using 94.13% CPU

Create initial parsimony tree by phylogenetic likelihood library (PLL)... 0.005 seconds

NOTE: 4 MB RAM (0 GB) is required!
Measuring multi-threading efficiency up to 8 CPU cores
Increase to 10 rounds for branch lengths
248 trees examined
Threads: 1 / Time: 8.023 sec / Speedup: 1.000 / Efficiency: 100% / LogL: -92472
Threads: 2 / Time: 7.482 sec / Speedup: 1.072 / Efficiency: 54% / LogL: -92472
Threads: 3 / Time: 6.841 sec / Speedup: 1.173 / Efficiency: 39% / LogL: -92472
Determining AUTO threadcount: done in 22.3464 secs using 124.5% CPU
BEST NUMBER OF THREADS: 2

Estimate model parameters (epsilon = 0.100)
1. Initial log-likelihood: -69348.026
Optimal log-likelihood: -69242.994
Rate parameters:  A-C: 1.00000  A-G: 1.00000  A-T: 1.00000  C-G: 1.00000  C-T: 1.00000  G-T: 1.00000
Base frequencies:  A: 0.250  C: 0.250  G: 0.250  T: 0.250
Parameters optimization took 1 rounds (0.012 sec)
Wrote distance file to... 
Computing ML distances based on estimated model parameters...
Calculating distance matrix: done in 0.00359106 secs using 170% CPU
Computing ML distances took 0.003911 sec (of wall-clock time) 0.006502 sec (of CPU time)
Setting up auxiliary I and S matrices: done in 4.00543e-05 secs using 134.8% CPU
Constructing RapidNJ tree: done in 0.000830889 secs using 83.65% CPU
Computing RapidNJ tree took 0.000888 sec (of wall-clock time) 0.000767 sec (of CPU time)
Log-likelihood of RapidNJ tree: -69243.679
--------------------------------------------------------------------
|             INITIALIZING CANDIDATE TREE SET                      |
--------------------------------------------------------------------
Generating 98 parsimony trees... 0.487 second
Computing log-likelihood of 98 initial trees ... 0.676 seconds
Current best score: -69242.917

Do NNI search on 20 best initial trees
Estimate model parameters (epsilon = 0.100)
BETTER TREE FOUND at iteration 1: -69237.272
Iteration 10 / LogL: -69237.298 / Time: 0h:0m:24s
Iteration 20 / LogL: -69237.280 / Time: 0h:0m:25s
Finish initializing candidate tree set (1)
Current best tree score: -69237.272 / CPU time: 2.749
Number of iterations: 20
--------------------------------------------------------------------
|               OPTIMIZING CANDIDATE TREE SET                      |
--------------------------------------------------------------------
Iteration 30 / LogL: -69237.383 / Time: 0h:0m:26s (0h:1m:3s left)
Iteration 40 / LogL: -69237.359 / Time: 0h:0m:27s (0h:0m:42s left)
Iteration 50 / LogL: -69237.273 / Time: 0h:0m:28s (0h:0m:29s left)
Iteration 60 / LogL: -69237.502 / Time: 0h:0m:29s (0h:0m:20s left)
Iteration 70 / LogL: -69237.279 / Time: 0h:0m:30s (0h:0m:13s left)
Iteration 80 / LogL: -69237.273 / Time: 0h:0m:31s (0h:0m:8s left)
Iteration 90 / LogL: -69237.273 / Time: 0h:0m:32s (0h:0m:3s left)
Iteration 100 / LogL: -69237.273 / Time: 0h:0m:33s (0h:0m:0s left)
TREE SEARCH COMPLETED AFTER 102 ITERATIONS / Time: 0h:0m:33s

--------------------------------------------------------------------
|                    FINALIZING TREE SEARCH                        |
--------------------------------------------------------------------
Performs final model parameters optimization
Estimate model parameters (epsilon = 0.010)
1. Initial log-likelihood: -69237.272
Optimal log-likelihood: -69237.272
Rate parameters:  A-C: 1.00000  A-G: 1.00000  A-T: 1.00000  C-G: 1.00000  C-T: 1.00000  G-T: 1.00000
Base frequencies:  A: 0.250  C: 0.250  G: 0.250  T: 0.250
Parameters optimization took 1 rounds (0.006 sec)
BEST SCORE FOUND : -69237.272
Total tree length: 4.870

Total number of iterations: 102
CPU time used for tree search: 13.154 sec (0h:0m:13s)
Wall-clock time used for tree search: 10.956 sec (0h:0m:10s)
Total CPU time used: 41.045 sec (0h:0m:41s)
Total wall-clock time used: 33.356 sec (0h:0m:33s)

Analysis results written to: 
  IQ-TREE report:                exp_stable_0.001/m0_sel2_rep4/iqtree_out.iqtree
  Maximum-likelihood tree:       exp_stable_0.001/m0_sel2_rep4/iqtree_out.treefile
  Likelihood distances:          exp_stable_0.001/m0_sel2_rep4/iqtree_out.mldist
  Screen log file:               exp_stable_0.001/m0_sel2_rep4/iqtree_out.log

Date and Time: Mon May 18 23:04:23 2026
