IQ-TREE version 3.1.1 for MacOS ARM 64-bit built Apr  8 2026
Developed by Bui Quang Minh, Thomas Wong, Nhan Ly-Trong, Huaiyan Ren
Contributed by Lam-Tung Nguyen, Dominik Schrempf, Chris Bielow,
Olga Chernomor, Michael Woodhams, Diep Thi Hoang, Heiko Schmidt

Host:    Noutbuk-maria.local (SSE4.2, 16 GB RAM)
Command: iqtree -s exp_stable_0.0005/m1_sel1_rep2/neutral.fasta -m JC -nt AUTO -pre exp_stable_0.0005/m1_sel1_rep2/iqtree_out -seed 1342 -redo
Seed:    1342 (Using SPRNG - Scalable Parallel Random Number Generator)
Time:    Sat May 16 20:17:47 2026
Kernel:  SSE2 - auto-detect threads (8 CPU cores detected)

Reading alignment file exp_stable_0.0005/m1_sel1_rep2/neutral.fasta ... Fasta format detected
Reading fasta file: done in 0.00118399 secs using 89.7% CPU
Alignment most likely contains DNA/RNA sequences
Constructing alignment: done in 0.00143194 secs using 57.82% CPU
Alignment has 50 sequences with 3000 columns, 1267 distinct patterns
679 parsimony-informative, 1109 singleton sites, 1212 constant sites
          Gap/Ambiguity  Composition  p-value
Analyzing sequences: done in 5.19753e-05 secs using 229% CPU
   1  taxon_1     0.00%    passed     88.78%
   2  taxon_2     0.00%    passed     95.86%
   3  taxon_3     0.00%    passed     97.69%
   4  taxon_4     0.00%    passed     98.73%
   5  taxon_5     0.00%    passed     99.30%
   6  taxon_6     0.00%    passed     98.27%
   7  taxon_7     0.00%    passed     92.15%
   8  taxon_8     0.00%    passed     98.87%
   9  taxon_9     0.00%    passed     95.12%
  10  taxon_10    0.00%    passed     87.70%
  11  taxon_11    0.00%    passed     97.61%
  12  taxon_12    0.00%    passed     98.86%
  13  taxon_13    0.00%    passed     94.00%
  14  taxon_14    0.00%    passed     98.92%
  15  taxon_15    0.00%    passed     99.26%
  16  taxon_16    0.00%    passed     99.56%
  17  taxon_17    0.00%    passed     99.72%
  18  taxon_18    0.00%    passed     99.88%
  19  taxon_19    0.00%    passed     97.77%
  20  taxon_20    0.00%    passed     98.34%
  21  taxon_21    0.00%    passed     96.94%
  22  taxon_22    0.00%    passed     92.86%
  23  taxon_23    0.00%    passed     89.25%
  24  taxon_24    0.00%    passed     97.86%
  25  taxon_25    0.00%    passed     97.51%
  26  taxon_26    0.00%    passed     96.42%
  27  taxon_27    0.00%    passed     97.92%
  28  taxon_28    0.00%    passed     99.27%
  29  taxon_29    0.00%    passed     99.59%
  30  taxon_30    0.00%    passed     96.20%
  31  taxon_31    0.00%    passed     99.52%
  32  taxon_32    0.00%    passed     99.03%
  33  taxon_33    0.00%    passed     92.89%
  34  taxon_34    0.00%    passed     95.92%
  35  taxon_35    0.00%    passed     94.48%
  36  taxon_36    0.00%    passed     96.85%
  37  taxon_37    0.00%    passed     98.74%
  38  taxon_38    0.00%    passed     95.09%
  39  taxon_39    0.00%    passed     96.87%
  40  taxon_40    0.00%    passed     99.09%
  41  taxon_41    0.00%    passed     96.32%
  42  taxon_42    0.00%    passed     86.77%
  43  taxon_43    0.00%    passed     88.35%
  44  taxon_44    0.00%    passed     96.32%
  45  taxon_45    0.00%    passed     95.23%
  46  taxon_46    0.00%    passed     95.26%
  47  taxon_47    0.00%    passed     97.25%
  48  taxon_48    0.00%    passed     99.84%
  49  taxon_49    0.00%    passed     88.29%
  50  taxon_50    0.00%    passed     94.77%
****  TOTAL       0.00%  0 sequences failed composition chi2 test (p-value<5%; df=3)
Checking for duplicate sequences: done in 0.000149012 secs using 87.91% CPU

Create initial parsimony tree by phylogenetic likelihood library (PLL)... 0.002 seconds

NOTE: 2 MB RAM (0 GB) is required!
Measuring multi-threading efficiency up to 8 CPU cores
Increase to 10 rounds for branch lengths
609 trees examined
Threads: 1 / Time: 8.005 sec / Speedup: 1.000 / Efficiency: 100% / LogL: -31082
Threads: 2 / Time: 8.980 sec / Speedup: 0.891 / Efficiency: 45% / LogL: -31082
Determining AUTO threadcount: done in 16.985 secs using 107.1% CPU
BEST NUMBER OF THREADS: 1

Estimate model parameters (epsilon = 0.100)
1. Initial log-likelihood: -21120.541
Optimal log-likelihood: -21118.591
Rate parameters:  A-C: 1.00000  A-G: 1.00000  A-T: 1.00000  C-G: 1.00000  C-T: 1.00000  G-T: 1.00000
Base frequencies:  A: 0.250  C: 0.250  G: 0.250  T: 0.250
Parameters optimization took 1 rounds (0.005 sec)
Wrote distance file to... 
Computing ML distances based on estimated model parameters...
Calculating distance matrix: done in 0.00411296 secs using 88.77% CPU
Computing ML distances took 0.004246 sec (of wall-clock time) 0.003774 sec (of CPU time)
Setting up auxiliary I and S matrices: done in 4.50611e-05 secs using 77.67% CPU
Constructing RapidNJ tree: done in 9.70364e-05 secs using 170% CPU
Computing RapidNJ tree took 0.000164 sec (of wall-clock time) 0.000224 sec (of CPU time)
Log-likelihood of RapidNJ tree: -21324.814
--------------------------------------------------------------------
|             INITIALIZING CANDIDATE TREE SET                      |
--------------------------------------------------------------------
Generating 98 parsimony trees... 0.279 second
Computing log-likelihood of 98 initial trees ... 0.257 seconds
Current best score: -21118.070

Do NNI search on 20 best initial trees
Estimate model parameters (epsilon = 0.100)
BETTER TREE FOUND at iteration 1: -21118.070
UPDATE BEST LOG-LIKELIHOOD: -21118.070
BETTER TREE FOUND at iteration 3: -21118.069
UPDATE BEST LOG-LIKELIHOOD: -21118.069
Iteration 10 / LogL: -21118.069 / Time: 0h:0m:17s
Iteration 20 / LogL: -21118.069 / Time: 0h:0m:17s
Finish initializing candidate tree set (2)
Current best tree score: -21118.069 / CPU time: 0.854
Number of iterations: 20
--------------------------------------------------------------------
|               OPTIMIZING CANDIDATE TREE SET                      |
--------------------------------------------------------------------
Iteration 30 / LogL: -21118.069 / Time: 0h:0m:18s (0h:0m:45s left)
UPDATE BEST LOG-LIKELIHOOD: -21118.069
UPDATE BEST LOG-LIKELIHOOD: -21118.069
Iteration 40 / LogL: -21118.069 / Time: 0h:0m:18s (0h:0m:30s left)
UPDATE BEST LOG-LIKELIHOOD: -21118.069
UPDATE BEST LOG-LIKELIHOOD: -21118.068
Iteration 50 / LogL: -21118.069 / Time: 0h:0m:19s (0h:0m:20s left)
UPDATE BEST LOG-LIKELIHOOD: -21118.068
Iteration 60 / LogL: -21118.069 / Time: 0h:0m:19s (0h:0m:14s left)
Iteration 70 / LogL: -21118.068 / Time: 0h:0m:19s (0h:0m:9s left)
Iteration 80 / LogL: -21118.069 / Time: 0h:0m:20s (0h:0m:5s left)
Iteration 90 / LogL: -21149.911 / Time: 0h:0m:20s (0h:0m:3s left)
Iteration 100 / LogL: -21118.069 / Time: 0h:0m:21s (0h:0m:0s left)
TREE SEARCH COMPLETED AFTER 104 ITERATIONS / Time: 0h:0m:21s

--------------------------------------------------------------------
|                    FINALIZING TREE SEARCH                        |
--------------------------------------------------------------------
Performs final model parameters optimization
Estimate model parameters (epsilon = 0.010)
1. Initial log-likelihood: -21118.068
Optimal log-likelihood: -21118.068
Rate parameters:  A-C: 1.00000  A-G: 1.00000  A-T: 1.00000  C-G: 1.00000  C-T: 1.00000  G-T: 1.00000
Base frequencies:  A: 0.250  C: 0.250  G: 0.250  T: 0.250
Parameters optimization took 1 rounds (0.003 sec)
BEST SCORE FOUND : -21118.068
Total tree length: 0.892

Total number of iterations: 104
CPU time used for tree search: 4.130 sec (0h:0m:4s)
Wall-clock time used for tree search: 4.164 sec (0h:0m:4s)
Total CPU time used: 22.351 sec (0h:0m:22s)
Total wall-clock time used: 21.191 sec (0h:0m:21s)

Analysis results written to: 
  IQ-TREE report:                exp_stable_0.0005/m1_sel1_rep2/iqtree_out.iqtree
  Maximum-likelihood tree:       exp_stable_0.0005/m1_sel1_rep2/iqtree_out.treefile
  Likelihood distances:          exp_stable_0.0005/m1_sel1_rep2/iqtree_out.mldist
  Screen log file:               exp_stable_0.0005/m1_sel1_rep2/iqtree_out.log

Date and Time: Sat May 16 20:18:09 2026
