IQ-TREE version 3.1.1 for MacOS ARM 64-bit built Apr  8 2026
Developed by Bui Quang Minh, Thomas Wong, Nhan Ly-Trong, Huaiyan Ren
Contributed by Lam-Tung Nguyen, Dominik Schrempf, Chris Bielow,
Olga Chernomor, Michael Woodhams, Diep Thi Hoang, Heiko Schmidt

Host:    Noutbuk-maria.local (SSE4.2, 16 GB RAM)
Command: iqtree -s exp_baseline/m10_sel1000_rep2/combined.fasta -m JC -nt AUTO -pre exp_baseline/m10_sel1000_rep2/iqtree_out -seed 1001242 -redo
Seed:    1001242 (Using SPRNG - Scalable Parallel Random Number Generator)
Time:    Tue May 12 14:35:18 2026
Kernel:  SSE2 - auto-detect threads (8 CPU cores detected)

Reading alignment file exp_baseline/m10_sel1000_rep2/combined.fasta ... Fasta format detected
Reading fasta file: done in 0.000710964 secs using 90.72% CPU
Alignment most likely contains DNA/RNA sequences
Constructing alignment: done in 0.00131798 secs using 55.01% CPU
Alignment has 30 sequences with 3000 columns, 2016 distinct patterns
2916 parsimony-informative, 0 singleton sites, 84 constant sites
          Gap/Ambiguity  Composition  p-value
Analyzing sequences: done in 4.91142e-05 secs using 244.3% CPU
   1  taxon_1     0.00%    passed     14.35%
   2  taxon_2     0.00%    passed     50.09%
   3  taxon_3     0.00%    passed     34.34%
   4  taxon_4     0.00%    passed     86.64%
   5  taxon_5     0.00%    passed     86.61%
   6  taxon_6     0.00%    passed     20.92%
   7  taxon_7     0.00%    passed     10.14%
   8  taxon_8     0.00%    failed      4.03%
   9  taxon_9     0.00%    passed     28.70%
  10  taxon_10    0.00%    passed     57.02%
  11  taxon_11    0.00%    passed     68.90%
  12  taxon_12    0.00%    passed     67.05%
  13  taxon_13    0.00%    passed     44.90%
  14  taxon_14    0.00%    passed     53.60%
  15  taxon_15    0.00%    passed     50.04%
  16  taxon_16    0.00%    failed      4.15%
  17  taxon_17    0.00%    passed     61.14%
  18  taxon_18    0.00%    passed     95.28%
  19  taxon_19    0.00%    passed     24.86%
  20  taxon_20    0.00%    passed     89.65%
  21  taxon_21    0.00%    passed     71.66%
  22  taxon_22    0.00%    passed     95.80%
  23  taxon_23    0.00%    passed     10.36%
  24  taxon_24    0.00%    passed     62.47%
  25  taxon_25    0.00%    passed     39.06%
  26  taxon_26    0.00%    passed     14.16%
  27  taxon_27    0.00%    passed     85.12%
  28  taxon_28    0.00%    passed     21.40%
  29  taxon_29    0.00%    passed     81.96%
  30  taxon_30    0.00%    passed     87.39%
****  TOTAL       0.00%  2 sequences failed composition chi2 test (p-value<5%; df=3)
Checking for duplicate sequences: done in 0.000129938 secs using 91.58% CPU

Create initial parsimony tree by phylogenetic likelihood library (PLL)... 0.002 seconds

NOTE: 1 MB RAM (0 GB) is required!
Measuring multi-threading efficiency up to 8 CPU cores
Increase to 10 rounds for branch lengths
404 trees examined
Threads: 1 / Time: 8.010 sec / Speedup: 1.000 / Efficiency: 100% / LogL: -109706
Threads: 2 / Time: 8.591 sec / Speedup: 0.932 / Efficiency: 47% / LogL: -109706
Determining AUTO threadcount: done in 16.6014 secs using 108.9% CPU
BEST NUMBER OF THREADS: 1

Estimate model parameters (epsilon = 0.100)
1. Initial log-likelihood: -96363.940
Optimal log-likelihood: -95891.826
Rate parameters:  A-C: 1.00000  A-G: 1.00000  A-T: 1.00000  C-G: 1.00000  C-T: 1.00000  G-T: 1.00000
Base frequencies:  A: 0.250  C: 0.250  G: 0.250  T: 0.250
Parameters optimization took 1 rounds (0.012 sec)
Wrote distance file to... 
Computing ML distances based on estimated model parameters...
Calculating distance matrix: done in 0.00134587 secs using 99.34% CPU
Computing ML distances took 0.001488 sec (of wall-clock time) 0.001463 sec (of CPU time)
WARNING: Some pairwise ML distances are too long (saturated)
Setting up auxiliary I and S matrices: done in 2.5034e-05 secs using 67.91% CPU
Constructing RapidNJ tree: done in 4.60148e-05 secs using 167.3% CPU
Computing RapidNJ tree took 0.000095 sec (of wall-clock time) 0.000113 sec (of CPU time)
Log-likelihood of RapidNJ tree: -97282.564
--------------------------------------------------------------------
|             INITIALIZING CANDIDATE TREE SET                      |
--------------------------------------------------------------------
Generating 98 parsimony trees... 0.313 second
Computing log-likelihood of 98 initial trees ... 0.231 seconds
Current best score: -95715.122

Do NNI search on 20 best initial trees
Estimate model parameters (epsilon = 0.100)
BETTER TREE FOUND at iteration 1: -95636.668
Iteration 10 / LogL: -95687.575 / Time: 0h:0m:17s
Iteration 20 / LogL: -95796.556 / Time: 0h:0m:17s
Finish initializing candidate tree set (12)
Current best tree score: -95636.668 / CPU time: 1.166
Number of iterations: 20
--------------------------------------------------------------------
|               OPTIMIZING CANDIDATE TREE SET                      |
--------------------------------------------------------------------
Iteration 30 / LogL: -95643.852 / Time: 0h:0m:18s (0h:0m:44s left)
Iteration 40 / LogL: -95644.114 / Time: 0h:0m:18s (0h:0m:29s left)
Iteration 50 / LogL: -95651.838 / Time: 0h:0m:19s (0h:0m:19s left)
Iteration 60 / LogL: -96227.186 / Time: 0h:0m:19s (0h:0m:13s left)
Iteration 70 / LogL: -95696.841 / Time: 0h:0m:19s (0h:0m:8s left)
Iteration 80 / LogL: -96461.505 / Time: 0h:0m:20s (0h:0m:5s left)
Iteration 90 / LogL: -95636.905 / Time: 0h:0m:20s (0h:0m:2s left)
Iteration 100 / LogL: -95636.786 / Time: 0h:0m:21s (0h:0m:0s left)
TREE SEARCH COMPLETED AFTER 102 ITERATIONS / Time: 0h:0m:21s

--------------------------------------------------------------------
|                    FINALIZING TREE SEARCH                        |
--------------------------------------------------------------------
Performs final model parameters optimization
Estimate model parameters (epsilon = 0.010)
1. Initial log-likelihood: -95636.668
Optimal log-likelihood: -95636.667
Rate parameters:  A-C: 1.00000  A-G: 1.00000  A-T: 1.00000  C-G: 1.00000  C-T: 1.00000  G-T: 1.00000
Base frequencies:  A: 0.250  C: 0.250  G: 0.250  T: 0.250
Parameters optimization took 1 rounds (0.003 sec)
BEST SCORE FOUND : -95636.667
Total tree length: 12.673

Total number of iterations: 102
CPU time used for tree search: 4.600 sec (0h:0m:4s)
Wall-clock time used for tree search: 4.609 sec (0h:0m:4s)
Total CPU time used: 22.734 sec (0h:0m:22s)
Total wall-clock time used: 21.270 sec (0h:0m:21s)

Analysis results written to: 
  IQ-TREE report:                exp_baseline/m10_sel1000_rep2/iqtree_out.iqtree
  Maximum-likelihood tree:       exp_baseline/m10_sel1000_rep2/iqtree_out.treefile
  Likelihood distances:          exp_baseline/m10_sel1000_rep2/iqtree_out.mldist
  Screen log file:               exp_baseline/m10_sel1000_rep2/iqtree_out.log

Date and Time: Tue May 12 14:35:39 2026
