IQ-TREE version 3.1.1 for MacOS ARM 64-bit built Apr  8 2026
Developed by Bui Quang Minh, Thomas Wong, Nhan Ly-Trong, Huaiyan Ren
Contributed by Lam-Tung Nguyen, Dominik Schrempf, Chris Bielow,
Olga Chernomor, Michael Woodhams, Diep Thi Hoang, Heiko Schmidt

Host:    Noutbuk-maria.local (SSE4.2, 16 GB RAM)
Command: iqtree -s exp_stable_0.001/m5_sel2_rep2/neutral.fasta -m JC -nt AUTO -pre exp_stable_0.001/m5_sel2_rep2/iqtree_out -seed 2742 -redo
Seed:    2742 (Using SPRNG - Scalable Parallel Random Number Generator)
Time:    Sat May 16 01:25:18 2026
Kernel:  SSE2 - auto-detect threads (8 CPU cores detected)

Reading alignment file exp_stable_0.001/m5_sel2_rep2/neutral.fasta ... Fasta format detected
Reading fasta file: done in 0.00117397 secs using 89.61% CPU
Alignment most likely contains DNA/RNA sequences
Constructing alignment: done in 0.00136185 secs using 58.74% CPU
Alignment has 50 sequences with 3000 columns, 1016 distinct patterns
910 parsimony-informative, 735 singleton sites, 1355 constant sites
          Gap/Ambiguity  Composition  p-value
Analyzing sequences: done in 6.00815e-05 secs using 148.1% CPU
   1  taxon_1     0.00%    passed     98.98%
   2  taxon_2     0.00%    passed     98.86%
   3  taxon_3     0.00%    passed     81.84%
   4  taxon_4     0.00%    passed     97.13%
   5  taxon_5     0.00%    passed     98.63%
   6  taxon_6     0.00%    passed     95.85%
   7  taxon_7     0.00%    passed     93.91%
   8  taxon_8     0.00%    passed     97.44%
   9  taxon_9     0.00%    passed     92.33%
  10  taxon_10    0.00%    passed     98.72%
  11  taxon_11    0.00%    passed     97.89%
  12  taxon_12    0.00%    passed     95.60%
  13  taxon_13    0.00%    passed     90.21%
  14  taxon_14    0.00%    passed     92.49%
  15  taxon_15    0.00%    passed     95.26%
  16  taxon_16    0.00%    passed     93.81%
  17  taxon_17    0.00%    passed     95.67%
  18  taxon_18    0.00%    passed     99.12%
  19  taxon_19    0.00%    passed     93.89%
  20  taxon_20    0.00%    passed     94.88%
  21  taxon_21    0.00%    passed     99.69%
  22  taxon_22    0.00%    passed     94.73%
  23  taxon_23    0.00%    passed     98.77%
  24  taxon_24    0.00%    passed     96.75%
  25  taxon_25    0.00%    passed     99.95%
  26  taxon_26    0.00%    passed     92.49%
  27  taxon_27    0.00%    passed     98.53%
  28  taxon_28    0.00%    passed     98.61%
  29  taxon_29    0.00%    passed     98.61%
  30  taxon_30    0.00%    passed     95.70%
  31  taxon_31    0.00%    passed     98.88%
  32  taxon_32    0.00%    passed     93.59%
  33  taxon_33    0.00%    passed     99.10%
  34  taxon_34    0.00%    passed     96.50%
  35  taxon_35    0.00%    passed     98.04%
  36  taxon_36    0.00%    passed     99.57%
  37  taxon_37    0.00%    passed     81.57%
  38  taxon_38    0.00%    passed     78.69%
  39  taxon_39    0.00%    passed     58.78%
  40  taxon_40    0.00%    passed     65.50%
  41  taxon_41    0.00%    passed     68.99%
  42  taxon_42    0.00%    passed     62.90%
  43  taxon_43    0.00%    passed     84.03%
  44  taxon_44    0.00%    passed     71.13%
  45  taxon_45    0.00%    passed     84.68%
  46  taxon_46    0.00%    passed     71.71%
  47  taxon_47    0.00%    passed     65.21%
  48  taxon_48    0.00%    passed     69.36%
  49  taxon_49    0.00%    passed     72.70%
  50  taxon_50    0.00%    passed     76.42%
****  TOTAL       0.00%  0 sequences failed composition chi2 test (p-value<5%; df=3)
Checking for duplicate sequences: done in 0.000127077 secs using 86.56% CPU

Create initial parsimony tree by phylogenetic likelihood library (PLL)... 0.003 seconds

NOTE: 1 MB RAM (0 GB) is required!
Measuring multi-threading efficiency up to 8 CPU cores
Increase to 10 rounds for branch lengths
911 trees examined
Threads: 1 / Time: 8.009 sec / Speedup: 1.000 / Efficiency: 100% / LogL: -42158
Threads: 2 / Time: 9.724 sec / Speedup: 0.824 / Efficiency: 41% / LogL: -42158
Determining AUTO threadcount: done in 17.7332 secs using 105.9% CPU
BEST NUMBER OF THREADS: 1

Estimate model parameters (epsilon = 0.100)
1. Initial log-likelihood: -17829.434
Optimal log-likelihood: -17821.587
Rate parameters:  A-C: 1.00000  A-G: 1.00000  A-T: 1.00000  C-G: 1.00000  C-T: 1.00000  G-T: 1.00000
Base frequencies:  A: 0.250  C: 0.250  G: 0.250  T: 0.250
Parameters optimization took 1 rounds (0.004 sec)
Wrote distance file to... 
Computing ML distances based on estimated model parameters...
Calculating distance matrix: done in 0.003618 secs using 86.1% CPU
Computing ML distances took 0.003730 sec (of wall-clock time) 0.003213 sec (of CPU time)
Setting up auxiliary I and S matrices: done in 4.41074e-05 secs using 77.08% CPU
Constructing RapidNJ tree: done in 0.000110149 secs using 88.97% CPU
Computing RapidNJ tree took 0.000177 sec (of wall-clock time) 0.000141 sec (of CPU time)
Log-likelihood of RapidNJ tree: -17886.296
--------------------------------------------------------------------
|             INITIALIZING CANDIDATE TREE SET                      |
--------------------------------------------------------------------
Generating 98 parsimony trees... 0.245 second
Computing log-likelihood of 98 initial trees ... 0.204 seconds
Current best score: -17821.587

Do NNI search on 20 best initial trees
Estimate model parameters (epsilon = 0.100)
BETTER TREE FOUND at iteration 1: -17821.585
BETTER TREE FOUND at iteration 2: -17821.584
UPDATE BEST LOG-LIKELIHOOD: -17821.582
Iteration 10 / LogL: -17821.585 / Time: 0h:0m:18s
Iteration 20 / LogL: -17821.586 / Time: 0h:0m:18s
Finish initializing candidate tree set (2)
Current best tree score: -17821.582 / CPU time: 0.705
Number of iterations: 20
--------------------------------------------------------------------
|               OPTIMIZING CANDIDATE TREE SET                      |
--------------------------------------------------------------------
Iteration 30 / LogL: -17821.596 / Time: 0h:0m:18s (0h:0m:46s left)
Iteration 40 / LogL: -17835.366 / Time: 0h:0m:19s (0h:0m:30s left)
Iteration 50 / LogL: -17821.593 / Time: 0h:0m:19s (0h:0m:20s left)
Iteration 60 / LogL: -17835.359 / Time: 0h:0m:19s (0h:0m:14s left)
Iteration 70 / LogL: -17835.369 / Time: 0h:0m:20s (0h:0m:9s left)
Iteration 80 / LogL: -17821.596 / Time: 0h:0m:20s (0h:0m:5s left)
Iteration 90 / LogL: -17821.598 / Time: 0h:0m:20s (0h:0m:2s left)
Iteration 100 / LogL: -17821.591 / Time: 0h:0m:21s (0h:0m:0s left)
TREE SEARCH COMPLETED AFTER 103 ITERATIONS / Time: 0h:0m:21s

--------------------------------------------------------------------
|                    FINALIZING TREE SEARCH                        |
--------------------------------------------------------------------
Performs final model parameters optimization
Estimate model parameters (epsilon = 0.010)
1. Initial log-likelihood: -17821.582
Optimal log-likelihood: -17821.582
Rate parameters:  A-C: 1.00000  A-G: 1.00000  A-T: 1.00000  C-G: 1.00000  C-T: 1.00000  G-T: 1.00000
Base frequencies:  A: 0.250  C: 0.250  G: 0.250  T: 0.250
Parameters optimization took 1 rounds (0.005 sec)
BEST SCORE FOUND : -17821.582
Total tree length: 0.800

Total number of iterations: 103
CPU time used for tree search: 3.546 sec (0h:0m:3s)
Wall-clock time used for tree search: 3.552 sec (0h:0m:3s)
Total CPU time used: 22.343 sec (0h:0m:22s)
Total wall-clock time used: 21.315 sec (0h:0m:21s)

Analysis results written to: 
  IQ-TREE report:                exp_stable_0.001/m5_sel2_rep2/iqtree_out.iqtree
  Maximum-likelihood tree:       exp_stable_0.001/m5_sel2_rep2/iqtree_out.treefile
  Likelihood distances:          exp_stable_0.001/m5_sel2_rep2/iqtree_out.mldist
  Screen log file:               exp_stable_0.001/m5_sel2_rep2/iqtree_out.log

Date and Time: Sat May 16 01:25:40 2026
