IQ-TREE version 3.1.1 for MacOS ARM 64-bit built Apr  8 2026
Developed by Bui Quang Minh, Thomas Wong, Nhan Ly-Trong, Huaiyan Ren
Contributed by Lam-Tung Nguyen, Dominik Schrempf, Chris Bielow,
Olga Chernomor, Michael Woodhams, Diep Thi Hoang, Heiko Schmidt

Host:    Noutbuk-maria.local (SSE4.2, 16 GB RAM)
Command: iqtree -s exp_baseline/m1_sel200_rep4/combined.fasta -m JC -nt AUTO -pre exp_baseline/m1_sel200_rep4/iqtree_out -seed 200542 -redo
Seed:    200542 (Using SPRNG - Scalable Parallel Random Number Generator)
Time:    Tue May 12 13:55:22 2026
Kernel:  SSE2 - auto-detect threads (8 CPU cores detected)

Reading alignment file exp_baseline/m1_sel200_rep4/combined.fasta ... Fasta format detected
Reading fasta file: done in 0.000519991 secs using 90.39% CPU
Alignment most likely contains DNA/RNA sequences
Constructing alignment: done in 0.000977039 secs using 58.75% CPU
Alignment has 30 sequences with 2200 columns, 2016 distinct patterns
2100 parsimony-informative, 0 singleton sites, 100 constant sites
          Gap/Ambiguity  Composition  p-value
Analyzing sequences: done in 4.50611e-05 secs using 248.6% CPU
   1  taxon_1     0.00%    passed     12.09%
   2  taxon_2     0.00%    passed     29.30%
   3  taxon_3     0.00%    passed     10.88%
   4  taxon_4     0.00%    passed     58.23%
   5  taxon_5     0.00%    passed     33.98%
   6  taxon_6     0.00%    passed      8.52%
   7  taxon_7     0.00%    passed     10.63%
   8  taxon_8     0.00%    passed     30.14%
   9  taxon_9     0.00%    passed     15.08%
  10  taxon_10    0.00%    passed     99.11%
  11  taxon_11    0.00%    passed     18.88%
  12  taxon_12    0.00%    passed     69.11%
  13  taxon_13    0.00%    passed     87.11%
  14  taxon_14    0.00%    passed     29.13%
  15  taxon_15    0.00%    passed     31.73%
  16  taxon_16    0.00%    passed     46.67%
  17  taxon_17    0.00%    passed     21.11%
  18  taxon_18    0.00%    failed      2.84%
  19  taxon_19    0.00%    passed     94.05%
  20  taxon_20    0.00%    passed     78.61%
  21  taxon_21    0.00%    passed     14.90%
  22  taxon_22    0.00%    passed     20.57%
  23  taxon_23    0.00%    passed     74.50%
  24  taxon_24    0.00%    passed     91.16%
  25  taxon_25    0.00%    passed     38.07%
  26  taxon_26    0.00%    passed     88.68%
  27  taxon_27    0.00%    passed     87.07%
  28  taxon_28    0.00%    passed     62.91%
  29  taxon_29    0.00%    passed     73.47%
  30  taxon_30    0.00%    passed     52.70%
****  TOTAL       0.00%  1 sequences failed composition chi2 test (p-value<5%; df=3)
Checking for duplicate sequences: done in 0.000129938 secs using 92.35% CPU

Create initial parsimony tree by phylogenetic likelihood library (PLL)... 0.003 seconds

NOTE: 1 MB RAM (0 GB) is required!
Measuring multi-threading efficiency up to 8 CPU cores
Increase to 10 rounds for branch lengths
383 trees examined
Threads: 1 / Time: 8.018 sec / Speedup: 1.000 / Efficiency: 100% / LogL: -87642
Threads: 2 / Time: 8.664 sec / Speedup: 0.925 / Efficiency: 46% / LogL: -87642
Determining AUTO threadcount: done in 16.6833 secs using 106.6% CPU
BEST NUMBER OF THREADS: 1

Estimate model parameters (epsilon = 0.100)
1. Initial log-likelihood: -81998.875
Optimal log-likelihood: -81561.507
Rate parameters:  A-C: 1.00000  A-G: 1.00000  A-T: 1.00000  C-G: 1.00000  C-T: 1.00000  G-T: 1.00000
Base frequencies:  A: 0.250  C: 0.250  G: 0.250  T: 0.250
Parameters optimization took 1 rounds (0.019 sec)
Wrote distance file to... 
Computing ML distances based on estimated model parameters...
Calculating distance matrix: done in 0.00170708 secs using 99.47% CPU
Computing ML distances took 0.001856 sec (of wall-clock time) 0.001835 sec (of CPU time)
Setting up auxiliary I and S matrices: done in 2.81334e-05 secs using 67.54% CPU
Constructing RapidNJ tree: done in 5.00679e-05 secs using 167.8% CPU
Computing RapidNJ tree took 0.000105 sec (of wall-clock time) 0.000122 sec (of CPU time)
Log-likelihood of RapidNJ tree: -81625.349
--------------------------------------------------------------------
|             INITIALIZING CANDIDATE TREE SET                      |
--------------------------------------------------------------------
Generating 98 parsimony trees... 0.321 second
Computing log-likelihood of 98 initial trees ... 0.248 seconds
Current best score: -81561.507

Do NNI search on 20 best initial trees
Estimate model parameters (epsilon = 0.100)
BETTER TREE FOUND at iteration 1: -81556.721
Estimate model parameters (epsilon = 0.100)
BETTER TREE FOUND at iteration 6: -81547.174
Iteration 10 / LogL: -81572.349 / Time: 0h:0m:17s
Iteration 20 / LogL: -81591.563 / Time: 0h:0m:18s
Finish initializing candidate tree set (13)
Current best tree score: -81547.174 / CPU time: 1.423
Number of iterations: 20
--------------------------------------------------------------------
|               OPTIMIZING CANDIDATE TREE SET                      |
--------------------------------------------------------------------
Estimate model parameters (epsilon = 0.100)
BETTER TREE FOUND at iteration 25: -81543.867
Iteration 30 / LogL: -81588.864 / Time: 0h:0m:18s (0h:1m:1s left)
Iteration 40 / LogL: -81556.807 / Time: 0h:0m:19s (0h:0m:42s left)
Iteration 50 / LogL: -81561.207 / Time: 0h:0m:19s (0h:0m:30s left)
Iteration 60 / LogL: -81561.694 / Time: 0h:0m:20s (0h:0m:22s left)
Iteration 70 / LogL: -81547.423 / Time: 0h:0m:20s (0h:0m:16s left)
Iteration 80 / LogL: -81561.663 / Time: 0h:0m:21s (0h:0m:12s left)
Iteration 90 / LogL: -81544.581 / Time: 0h:0m:21s (0h:0m:8s left)
Iteration 100 / LogL: -81559.268 / Time: 0h:0m:22s (0h:0m:5s left)
Iteration 110 / LogL: -81567.158 / Time: 0h:0m:22s (0h:0m:3s left)
Iteration 120 / LogL: -81545.005 / Time: 0h:0m:23s (0h:0m:0s left)
TREE SEARCH COMPLETED AFTER 126 ITERATIONS / Time: 0h:0m:23s

--------------------------------------------------------------------
|                    FINALIZING TREE SEARCH                        |
--------------------------------------------------------------------
Performs final model parameters optimization
Estimate model parameters (epsilon = 0.010)
1. Initial log-likelihood: -81543.867
Optimal log-likelihood: -81543.850
Rate parameters:  A-C: 1.00000  A-G: 1.00000  A-T: 1.00000  C-G: 1.00000  C-T: 1.00000  G-T: 1.00000
Base frequencies:  A: 0.250  C: 0.250  G: 0.250  T: 0.250
Parameters optimization took 1 rounds (0.005 sec)
BEST SCORE FOUND : -81543.850
Total tree length: 19.481

Total number of iterations: 126
CPU time used for tree search: 6.710 sec (0h:0m:6s)
Wall-clock time used for tree search: 6.817 sec (0h:0m:6s)
Total CPU time used: 24.580 sec (0h:0m:24s)
Total wall-clock time used: 23.578 sec (0h:0m:23s)

Analysis results written to: 
  IQ-TREE report:                exp_baseline/m1_sel200_rep4/iqtree_out.iqtree
  Maximum-likelihood tree:       exp_baseline/m1_sel200_rep4/iqtree_out.treefile
  Likelihood distances:          exp_baseline/m1_sel200_rep4/iqtree_out.mldist
  Screen log file:               exp_baseline/m1_sel200_rep4/iqtree_out.log

Date and Time: Tue May 12 13:55:45 2026
