IQ-TREE version 3.1.1 for MacOS ARM 64-bit built Apr  8 2026
Developed by Bui Quang Minh, Thomas Wong, Nhan Ly-Trong, Huaiyan Ren
Contributed by Lam-Tung Nguyen, Dominik Schrempf, Chris Bielow,
Olga Chernomor, Michael Woodhams, Diep Thi Hoang, Heiko Schmidt

Host:    Noutbuk-maria.local (SSE4.2, 16 GB RAM)
Command: iqtree -s exp_baseline/m2_sel500_rep3/combined.fasta -m JC -nt AUTO -pre exp_baseline/m2_sel500_rep3/iqtree_out -seed 500542 -redo
Seed:    500542 (Using SPRNG - Scalable Parallel Random Number Generator)
Time:    Tue May 12 14:09:32 2026
Kernel:  SSE2 - auto-detect threads (8 CPU cores detected)

Reading alignment file exp_baseline/m2_sel500_rep3/combined.fasta ... Fasta format detected
Reading fasta file: done in 0.00058198 secs using 91.24% CPU
Alignment most likely contains DNA/RNA sequences
Constructing alignment: done in 0.00107694 secs using 57.66% CPU
Alignment has 30 sequences with 2500 columns, 2016 distinct patterns
2336 parsimony-informative, 0 singleton sites, 164 constant sites
          Gap/Ambiguity  Composition  p-value
Analyzing sequences: done in 6.29425e-05 secs using 211.3% CPU
   1  taxon_1     0.00%    passed     85.99%
   2  taxon_2     0.00%    passed     98.25%
   3  taxon_3     0.00%    passed     24.45%
   4  taxon_4     0.00%    passed     91.64%
   5  taxon_5     0.00%    passed     99.67%
   6  taxon_6     0.00%    passed     24.20%
   7  taxon_7     0.00%    passed     83.58%
   8  taxon_8     0.00%    passed     83.68%
   9  taxon_9     0.00%    passed     71.15%
  10  taxon_10    0.00%    passed     86.11%
  11  taxon_11    0.00%    passed     38.73%
  12  taxon_12    0.00%    passed     88.01%
  13  taxon_13    0.00%    passed     41.46%
  14  taxon_14    0.00%    passed     72.15%
  15  taxon_15    0.00%    failed      0.22%
  16  taxon_16    0.00%    passed     34.06%
  17  taxon_17    0.00%    passed      8.12%
  18  taxon_18    0.00%    passed     85.41%
  19  taxon_19    0.00%    passed     18.33%
  20  taxon_20    0.00%    passed     51.67%
  21  taxon_21    0.00%    passed     31.52%
  22  taxon_22    0.00%    passed     23.45%
  23  taxon_23    0.00%    failed      2.51%
  24  taxon_24    0.00%    passed     13.34%
  25  taxon_25    0.00%    passed     30.45%
  26  taxon_26    0.00%    passed     20.00%
  27  taxon_27    0.00%    passed     38.02%
  28  taxon_28    0.00%    passed     77.47%
  29  taxon_29    0.00%    passed     69.85%
  30  taxon_30    0.00%    passed     93.39%
****  TOTAL       0.00%  2 sequences failed composition chi2 test (p-value<5%; df=3)
Checking for duplicate sequences: done in 0.000129938 secs using 94.66% CPU

Create initial parsimony tree by phylogenetic likelihood library (PLL)... 0.002 seconds

NOTE: 1 MB RAM (0 GB) is required!
Measuring multi-threading efficiency up to 8 CPU cores
Increase to 10 rounds for branch lengths
404 trees examined
Threads: 1 / Time: 8.013 sec / Speedup: 1.000 / Efficiency: 100% / LogL: -95204
Threads: 2 / Time: 8.814 sec / Speedup: 0.909 / Efficiency: 45% / LogL: -95204
Determining AUTO threadcount: done in 16.8274 secs using 108.4% CPU
BEST NUMBER OF THREADS: 1

Estimate model parameters (epsilon = 0.100)
1. Initial log-likelihood: -87081.484
Optimal log-likelihood: -86688.879
Rate parameters:  A-C: 1.00000  A-G: 1.00000  A-T: 1.00000  C-G: 1.00000  C-T: 1.00000  G-T: 1.00000
Base frequencies:  A: 0.250  C: 0.250  G: 0.250  T: 0.250
Parameters optimization took 1 rounds (0.011 sec)
Wrote distance file to... 
Computing ML distances based on estimated model parameters...
Calculating distance matrix: done in 0.00159597 secs using 98.25% CPU
Computing ML distances took 0.001735 sec (of wall-clock time) 0.001697 sec (of CPU time)
WARNING: Some pairwise ML distances are too long (saturated)
Setting up auxiliary I and S matrices: done in 2.47955e-05 secs using 72.59% CPU
Constructing RapidNJ tree: done in 4.81606e-05 secs using 162% CPU
Computing RapidNJ tree took 0.000096 sec (of wall-clock time) 0.000121 sec (of CPU time)
Log-likelihood of RapidNJ tree: -86905.631
--------------------------------------------------------------------
|             INITIALIZING CANDIDATE TREE SET                      |
--------------------------------------------------------------------
Generating 98 parsimony trees... 0.286 second
Computing log-likelihood of 98 initial trees ... 0.232 seconds
Current best score: -86602.059

Do NNI search on 20 best initial trees
Estimate model parameters (epsilon = 0.100)
BETTER TREE FOUND at iteration 1: -86493.835
Estimate model parameters (epsilon = 0.100)
BETTER TREE FOUND at iteration 2: -86482.120
Iteration 10 / LogL: -86573.031 / Time: 0h:0m:17s
Iteration 20 / LogL: -86591.429 / Time: 0h:0m:17s
Finish initializing candidate tree set (14)
Current best tree score: -86482.120 / CPU time: 1.106
Number of iterations: 20
--------------------------------------------------------------------
|               OPTIMIZING CANDIDATE TREE SET                      |
--------------------------------------------------------------------
Iteration 30 / LogL: -86515.438 / Time: 0h:0m:18s (0h:0m:45s left)
Iteration 40 / LogL: -86495.281 / Time: 0h:0m:18s (0h:0m:29s left)
Iteration 50 / LogL: -86483.461 / Time: 0h:0m:19s (0h:0m:20s left)
Iteration 60 / LogL: -86490.924 / Time: 0h:0m:19s (0h:0m:14s left)
Iteration 70 / LogL: -86482.568 / Time: 0h:0m:20s (0h:0m:9s left)
Iteration 80 / LogL: -86486.243 / Time: 0h:0m:20s (0h:0m:5s left)
Iteration 90 / LogL: -86485.563 / Time: 0h:0m:21s (0h:0m:2s left)
Iteration 100 / LogL: -86484.537 / Time: 0h:0m:21s (0h:0m:0s left)
TREE SEARCH COMPLETED AFTER 103 ITERATIONS / Time: 0h:0m:21s

--------------------------------------------------------------------
|                    FINALIZING TREE SEARCH                        |
--------------------------------------------------------------------
Performs final model parameters optimization
Estimate model parameters (epsilon = 0.010)
1. Initial log-likelihood: -86482.120
Optimal log-likelihood: -86482.103
Rate parameters:  A-C: 1.00000  A-G: 1.00000  A-T: 1.00000  C-G: 1.00000  C-T: 1.00000  G-T: 1.00000
Base frequencies:  A: 0.250  C: 0.250  G: 0.250  T: 0.250
Parameters optimization took 1 rounds (0.005 sec)
BEST SCORE FOUND : -86482.103
Total tree length: 16.127

Total number of iterations: 103
CPU time used for tree search: 4.838 sec (0h:0m:4s)
Wall-clock time used for tree search: 4.845 sec (0h:0m:4s)
Total CPU time used: 23.113 sec (0h:0m:23s)
Total wall-clock time used: 21.714 sec (0h:0m:21s)

Analysis results written to: 
  IQ-TREE report:                exp_baseline/m2_sel500_rep3/iqtree_out.iqtree
  Maximum-likelihood tree:       exp_baseline/m2_sel500_rep3/iqtree_out.treefile
  Likelihood distances:          exp_baseline/m2_sel500_rep3/iqtree_out.mldist
  Screen log file:               exp_baseline/m2_sel500_rep3/iqtree_out.log

Date and Time: Tue May 12 14:09:54 2026
