IQ-TREE version 3.1.1 for MacOS ARM 64-bit built Apr  8 2026
Developed by Bui Quang Minh, Thomas Wong, Nhan Ly-Trong, Huaiyan Ren
Contributed by Lam-Tung Nguyen, Dominik Schrempf, Chris Bielow,
Olga Chernomor, Michael Woodhams, Diep Thi Hoang, Heiko Schmidt

Host:    Noutbuk-maria.local (SSE4.2, 16 GB RAM)
Command: iqtree -s exp_stable_0.0001/m5_sel2_rep5/neutral.fasta -m JC -nt AUTO -pre exp_stable_0.0001/m5_sel2_rep5/iqtree_out -seed 3042 -redo
Seed:    3042 (Using SPRNG - Scalable Parallel Random Number Generator)
Time:    Mon May 18 17:13:06 2026
Kernel:  SSE2 - auto-detect threads (8 CPU cores detected)

Reading alignment file exp_stable_0.0001/m5_sel2_rep5/neutral.fasta ... Fasta format detected
Reading fasta file: done in 0.0011692 secs using 89.98% CPU
Alignment most likely contains DNA/RNA sequences
Constructing alignment: done in 0.00107694 secs using 58.59% CPU
Alignment has 50 sequences with 3000 columns, 33 distinct patterns
3 parsimony-informative, 26 singleton sites, 2971 constant sites
          Gap/Ambiguity  Composition  p-value
Analyzing sequences: done in 3.19481e-05 secs using 50.08% CPU
   1  taxon_1     0.00%    passed     99.98%
   2  taxon_2     0.00%    passed    100.00%
   3  taxon_3     0.00%    passed    100.00%
   4  taxon_4     0.00%    passed    100.00%
   5  taxon_5     0.00%    passed    100.00%
   6  taxon_6     0.00%    passed    100.00%
   7  taxon_7     0.00%    passed    100.00%
   8  taxon_8     0.00%    passed    100.00%
   9  taxon_9     0.00%    passed    100.00%
  10  taxon_10    0.00%    passed    100.00%
  11  taxon_11    0.00%    passed     99.99%
  12  taxon_12    0.00%    passed    100.00%
  13  taxon_13    0.00%    passed    100.00%
  14  taxon_14    0.00%    passed    100.00%
  15  taxon_15    0.00%    passed     99.98%
  16  taxon_16    0.00%    passed    100.00%
  17  taxon_17    0.00%    passed    100.00%
  18  taxon_18    0.00%    passed    100.00%
  19  taxon_19    0.00%    passed    100.00%
  20  taxon_20    0.00%    passed    100.00%
  21  taxon_21    0.00%    passed    100.00%
  22  taxon_22    0.00%    passed    100.00%
  23  taxon_23    0.00%    passed    100.00%
  24  taxon_24    0.00%    passed    100.00%
  25  taxon_25    0.00%    passed    100.00%
  26  taxon_26    0.00%    passed    100.00%
  27  taxon_27    0.00%    passed    100.00%
  28  taxon_28    0.00%    passed    100.00%
  29  taxon_29    0.00%    passed     99.99%
  30  taxon_30    0.00%    passed    100.00%
  31  taxon_31    0.00%    passed    100.00%
  32  taxon_32    0.00%    passed    100.00%
  33  taxon_33    0.00%    passed    100.00%
  34  taxon_34    0.00%    passed    100.00%
  35  taxon_35    0.00%    passed    100.00%
  36  taxon_36    0.00%    passed     99.99%
  37  taxon_37    0.00%    passed    100.00%
  38  taxon_38    0.00%    passed    100.00%
  39  taxon_39    0.00%    passed    100.00%
  40  taxon_40    0.00%    passed    100.00%
  41  taxon_41    0.00%    passed     99.99%
  42  taxon_42    0.00%    passed    100.00%
  43  taxon_43    0.00%    passed    100.00%
  44  taxon_44    0.00%    passed     99.98%
  45  taxon_45    0.00%    passed    100.00%
  46  taxon_46    0.00%    passed    100.00%
  47  taxon_47    0.00%    passed    100.00%
  48  taxon_48    0.00%    passed    100.00%
  49  taxon_49    0.00%    passed    100.00%
  50  taxon_50    0.00%    passed    100.00%
****  TOTAL       0.00%  0 sequences failed composition chi2 test (p-value<5%; df=3)
NOTE: taxon_4 is identical to taxon_2 but kept for subsequent analysis
NOTE: taxon_8 is identical to taxon_7 but kept for subsequent analysis
NOTE: taxon_25 is identical to taxon_24 but kept for subsequent analysis
Checking for duplicate sequences: done in 6.19888e-05 secs using 53.24% CPU
Identifying sites to remove: done in 0.000522852 secs using 99.07% CPU
NOTE: 24 identical sequences (see below) will be ignored for subsequent analysis
NOTE: taxon_6 (identical to taxon_2) is ignored but added at the end
NOTE: taxon_10 (identical to taxon_2) is ignored but added at the end
NOTE: taxon_13 (identical to taxon_2) is ignored but added at the end
NOTE: taxon_16 (identical to taxon_2) is ignored but added at the end
NOTE: taxon_18 (identical to taxon_2) is ignored but added at the end
NOTE: taxon_19 (identical to taxon_2) is ignored but added at the end
NOTE: taxon_23 (identical to taxon_2) is ignored but added at the end
NOTE: taxon_30 (identical to taxon_2) is ignored but added at the end
NOTE: taxon_31 (identical to taxon_2) is ignored but added at the end
NOTE: taxon_32 (identical to taxon_2) is ignored but added at the end
NOTE: taxon_33 (identical to taxon_2) is ignored but added at the end
NOTE: taxon_34 (identical to taxon_2) is ignored but added at the end
NOTE: taxon_35 (identical to taxon_2) is ignored but added at the end
NOTE: taxon_37 (identical to taxon_2) is ignored but added at the end
NOTE: taxon_38 (identical to taxon_2) is ignored but added at the end
NOTE: taxon_39 (identical to taxon_2) is ignored but added at the end
NOTE: taxon_40 (identical to taxon_2) is ignored but added at the end
NOTE: taxon_42 (identical to taxon_2) is ignored but added at the end
NOTE: taxon_43 (identical to taxon_2) is ignored but added at the end
NOTE: taxon_46 (identical to taxon_2) is ignored but added at the end
NOTE: taxon_47 (identical to taxon_2) is ignored but added at the end
NOTE: taxon_50 (identical to taxon_2) is ignored but added at the end
NOTE: taxon_26 (identical to taxon_24) is ignored but added at the end
NOTE: taxon_27 (identical to taxon_24) is ignored but added at the end
Alignment was printed to exp_stable_0.0001/m5_sel2_rep5/iqtree_out.uniqueseq.phy

For your convenience alignment with unique sequences printed to exp_stable_0.0001/m5_sel2_rep5/iqtree_out.uniqueseq.phy

Create initial parsimony tree by phylogenetic likelihood library (PLL)... 0.001 seconds

NOTE: 0 MB RAM (0 GB) is required!
Measuring multi-threading efficiency up to 8 CPU cores
Increase to 10 rounds for branch lengths
46251 trees examined
Threads: 1 / Time: 8.000 sec / Speedup: 1.000 / Efficiency: 100% / LogL: -4488
Threads: 2 / Time: 21.514 sec / Speedup: 0.372 / Efficiency: 19% / LogL: -4488
Determining AUTO threadcount: done in 29.5138 secs using 68.99% CPU
BEST NUMBER OF THREADS: 1

Estimate model parameters (epsilon = 0.100)
1. Initial log-likelihood: -4442.297
Optimal log-likelihood: -4442.297
Rate parameters:  A-C: 1.00000  A-G: 1.00000  A-T: 1.00000  C-G: 1.00000  C-T: 1.00000  G-T: 1.00000
Base frequencies:  A: 0.250  C: 0.250  G: 0.250  T: 0.250
Parameters optimization took 1 rounds (0.000 sec)
Wrote distance file to... 
Computing ML distances based on estimated model parameters...
Calculating distance matrix: done in 0.0013051 secs using 49.34% CPU
Computing ML distances took 0.001326 sec (of wall-clock time) 0.000657 sec (of CPU time)
Setting up auxiliary I and S matrices: done in 1.88351e-05 secs using 74.33% CPU
Constructing RapidNJ tree: done in 4.31538e-05 secs using 162.2% CPU
Computing RapidNJ tree took 0.000089 sec (of wall-clock time) 0.000104 sec (of CPU time)
Log-likelihood of RapidNJ tree: -4442.369
--------------------------------------------------------------------
|             INITIALIZING CANDIDATE TREE SET                      |
--------------------------------------------------------------------
Generating 98 parsimony trees... 0.020 second
Computing log-likelihood of 98 initial trees ... 0.011 seconds
Current best score: -4442.297

Do NNI search on 20 best initial trees
Estimate model parameters (epsilon = 0.100)
BETTER TREE FOUND at iteration 1: -4442.297
BETTER TREE FOUND at iteration 2: -4442.297
BETTER TREE FOUND at iteration 7: -4442.297
Iteration 10 / LogL: -4442.297 / Time: 0h:0m:29s
Iteration 20 / LogL: -4442.297 / Time: 0h:0m:29s
Finish initializing candidate tree set (20)
Current best tree score: -4442.297 / CPU time: 0.039
Number of iterations: 20
--------------------------------------------------------------------
|               OPTIMIZING CANDIDATE TREE SET                      |
--------------------------------------------------------------------
Iteration 30 / LogL: -4442.297 / Time: 0h:0m:29s (0h:1m:18s left)
Iteration 40 / LogL: -4442.297 / Time: 0h:0m:29s (0h:0m:50s left)
Iteration 50 / LogL: -4442.297 / Time: 0h:0m:29s (0h:0m:34s left)
Iteration 60 / LogL: -4442.305 / Time: 0h:0m:29s (0h:0m:23s left)
BETTER TREE FOUND at iteration 66: -4442.297
Iteration 70 / LogL: -4442.297 / Time: 0h:0m:29s (0h:0m:41s left)
Iteration 80 / LogL: -4442.308 / Time: 0h:0m:29s (0h:0m:32s left)
Iteration 90 / LogL: -4442.297 / Time: 0h:0m:29s (0h:0m:25s left)
Iteration 100 / LogL: -4442.301 / Time: 0h:0m:29s (0h:0m:19s left)
Iteration 110 / LogL: -4442.297 / Time: 0h:0m:29s (0h:0m:15s left)
Iteration 120 / LogL: -4442.301 / Time: 0h:0m:29s (0h:0m:11s left)
Iteration 130 / LogL: -4442.297 / Time: 0h:0m:29s (0h:0m:8s left)
Iteration 140 / LogL: -4442.297 / Time: 0h:0m:29s (0h:0m:5s left)
BETTER TREE FOUND at iteration 145: -4442.297
Iteration 150 / LogL: -4442.297 / Time: 0h:0m:29s (0h:0m:18s left)
Iteration 160 / LogL: -4442.297 / Time: 0h:0m:29s (0h:0m:15s left)
Iteration 170 / LogL: -4442.310 / Time: 0h:0m:29s (0h:0m:13s left)
BETTER TREE FOUND at iteration 178: -4442.297
Iteration 180 / LogL: -4442.297 / Time: 0h:0m:29s (0h:0m:16s left)
Iteration 190 / LogL: -4442.297 / Time: 0h:0m:29s (0h:0m:13s left)
Iteration 200 / LogL: -4442.297 / Time: 0h:0m:29s (0h:0m:11s left)
Iteration 210 / LogL: -4442.307 / Time: 0h:0m:29s (0h:0m:9s left)
Iteration 220 / LogL: -4442.297 / Time: 0h:0m:29s (0h:0m:7s left)
Iteration 230 / LogL: -4442.297 / Time: 0h:0m:29s (0h:0m:6s left)
Iteration 240 / LogL: -4451.019 / Time: 0h:0m:29s (0h:0m:4s left)
Iteration 250 / LogL: -4442.297 / Time: 0h:0m:29s (0h:0m:3s left)
Iteration 260 / LogL: -4442.301 / Time: 0h:0m:29s (0h:0m:2s left)
Iteration 270 / LogL: -4442.307 / Time: 0h:0m:29s (0h:0m:0s left)
TREE SEARCH COMPLETED AFTER 279 ITERATIONS / Time: 0h:0m:29s

--------------------------------------------------------------------
|                    FINALIZING TREE SEARCH                        |
--------------------------------------------------------------------
Performs final model parameters optimization
Estimate model parameters (epsilon = 0.010)
1. Initial log-likelihood: -4442.297
Optimal log-likelihood: -4442.297
Rate parameters:  A-C: 1.00000  A-G: 1.00000  A-T: 1.00000  C-G: 1.00000  C-T: 1.00000  G-T: 1.00000
Base frequencies:  A: 0.250  C: 0.250  G: 0.250  T: 0.250
Parameters optimization took 1 rounds (0.000 sec)
BEST SCORE FOUND : -4442.297
Total tree length: 0.010

Total number of iterations: 279
CPU time used for tree search: 0.239 sec (0h:0m:0s)
Wall-clock time used for tree search: 0.240 sec (0h:0m:0s)
Total CPU time used: 20.606 sec (0h:0m:20s)
Total wall-clock time used: 29.765 sec (0h:0m:29s)

Analysis results written to: 
  IQ-TREE report:                exp_stable_0.0001/m5_sel2_rep5/iqtree_out.iqtree
  Maximum-likelihood tree:       exp_stable_0.0001/m5_sel2_rep5/iqtree_out.treefile
  Likelihood distances:          exp_stable_0.0001/m5_sel2_rep5/iqtree_out.mldist
  Screen log file:               exp_stable_0.0001/m5_sel2_rep5/iqtree_out.log

Date and Time: Mon May 18 17:13:36 2026
