IQ-TREE version 3.1.1 for MacOS ARM 64-bit built Apr  8 2026
Developed by Bui Quang Minh, Thomas Wong, Nhan Ly-Trong, Huaiyan Ren
Contributed by Lam-Tung Nguyen, Dominik Schrempf, Chris Bielow,
Olga Chernomor, Michael Woodhams, Diep Thi Hoang, Heiko Schmidt

Host:    Noutbuk-maria.local (SSE4.2, 16 GB RAM)
Command: iqtree -s exp_stable_0.001/m10_sel1_rep4/neutral.fasta -m JC -nt AUTO -pre exp_stable_0.001/m10_sel1_rep4/iqtree_out -seed 2442 -redo
Seed:    2442 (Using SPRNG - Scalable Parallel Random Number Generator)
Time:    Mon May 18 22:08:22 2026
Kernel:  SSE2 - auto-detect threads (8 CPU cores detected)

Reading alignment file exp_stable_0.001/m10_sel1_rep4/neutral.fasta ... Fasta format detected
Reading fasta file: done in 0.00133514 secs using 89.8% CPU
Alignment most likely contains DNA/RNA sequences
Constructing alignment: done in 0.00142217 secs using 57.52% CPU
Alignment has 50 sequences with 3000 columns, 558 distinct patterns
137 parsimony-informative, 639 singleton sites, 2224 constant sites
          Gap/Ambiguity  Composition  p-value
Analyzing sequences: done in 5.6982e-05 secs using 96.52% CPU
   1  taxon_1     0.00%    passed     99.10%
   2  taxon_2     0.00%    passed     99.68%
   3  taxon_3     0.00%    passed     99.76%
   4  taxon_4     0.00%    passed     99.74%
   5  taxon_5     0.00%    passed     99.52%
   6  taxon_6     0.00%    passed     99.85%
   7  taxon_7     0.00%    passed     99.56%
   8  taxon_8     0.00%    passed     99.97%
   9  taxon_9     0.00%    passed     99.96%
  10  taxon_10    0.00%    passed     99.95%
  11  taxon_11    0.00%    passed     99.50%
  12  taxon_12    0.00%    passed     99.73%
  13  taxon_13    0.00%    passed     99.88%
  14  taxon_14    0.00%    passed     99.86%
  15  taxon_15    0.00%    passed     99.69%
  16  taxon_16    0.00%    passed     99.30%
  17  taxon_17    0.00%    passed     99.91%
  18  taxon_18    0.00%    passed     98.90%
  19  taxon_19    0.00%    passed     98.61%
  20  taxon_20    0.00%    passed     98.31%
  21  taxon_21    0.00%    passed     98.41%
  22  taxon_22    0.00%    passed     98.65%
  23  taxon_23    0.00%    passed     99.60%
  24  taxon_24    0.00%    passed     99.98%
  25  taxon_25    0.00%    passed     99.40%
  26  taxon_26    0.00%    passed     99.79%
  27  taxon_27    0.00%    passed     99.80%
  28  taxon_28    0.00%    passed     99.86%
  29  taxon_29    0.00%    passed     99.08%
  30  taxon_30    0.00%    passed     99.56%
  31  taxon_31    0.00%    passed     99.84%
  32  taxon_32    0.00%    passed     99.77%
  33  taxon_33    0.00%    passed     99.86%
  34  taxon_34    0.00%    passed     99.72%
  35  taxon_35    0.00%    passed     99.79%
  36  taxon_36    0.00%    passed     99.65%
  37  taxon_37    0.00%    passed     99.55%
  38  taxon_38    0.00%    passed     99.87%
  39  taxon_39    0.00%    passed     99.99%
  40  taxon_40    0.00%    passed     99.50%
  41  taxon_41    0.00%    passed     99.86%
  42  taxon_42    0.00%    passed     98.99%
  43  taxon_43    0.00%    passed     99.70%
  44  taxon_44    0.00%    passed     99.51%
  45  taxon_45    0.00%    passed     99.75%
  46  taxon_46    0.00%    passed     99.73%
  47  taxon_47    0.00%    passed     99.52%
  48  taxon_48    0.00%    passed     99.89%
  49  taxon_49    0.00%    passed     98.93%
  50  taxon_50    0.00%    passed     99.99%
****  TOTAL       0.00%  0 sequences failed composition chi2 test (p-value<5%; df=3)
Checking for duplicate sequences: done in 0.000101089 secs using 79.14% CPU

Create initial parsimony tree by phylogenetic likelihood library (PLL)... 0.002 seconds

NOTE: 0 MB RAM (0 GB) is required!
Measuring multi-threading efficiency up to 8 CPU cores
Increase to 10 rounds for branch lengths
1631 trees examined
Threads: 1 / Time: 8.003 sec / Speedup: 1.000 / Efficiency: 100% / LogL: -12461
Threads: 2 / Time: 10.433 sec / Speedup: 0.767 / Efficiency: 38% / LogL: -12461
Determining AUTO threadcount: done in 18.4367 secs using 100.2% CPU
BEST NUMBER OF THREADS: 1

Estimate model parameters (epsilon = 0.100)
1. Initial log-likelihood: -10923.611
Optimal log-likelihood: -10923.327
Rate parameters:  A-C: 1.00000  A-G: 1.00000  A-T: 1.00000  C-G: 1.00000  C-T: 1.00000  G-T: 1.00000
Base frequencies:  A: 0.250  C: 0.250  G: 0.250  T: 0.250
Parameters optimization took 1 rounds (0.003 sec)
Wrote distance file to... 
Computing ML distances based on estimated model parameters...
Calculating distance matrix: done in 0.00326395 secs using 84.71% CPU
Computing ML distances took 0.003331 sec (of wall-clock time) 0.002825 sec (of CPU time)
Setting up auxiliary I and S matrices: done in 5.00679e-05 secs using 97.87% CPU
Constructing RapidNJ tree: done in 0.000123024 secs using 173.1% CPU
Computing RapidNJ tree took 0.000196 sec (of wall-clock time) 0.000287 sec (of CPU time)
Log-likelihood of RapidNJ tree: -10951.019
--------------------------------------------------------------------
|             INITIALIZING CANDIDATE TREE SET                      |
--------------------------------------------------------------------
Generating 98 parsimony trees... 0.149 second
Computing log-likelihood of 98 initial trees ... 0.122 seconds
Current best score: -10923.327

Do NNI search on 20 best initial trees
Estimate model parameters (epsilon = 0.100)
BETTER TREE FOUND at iteration 1: -10923.327
BETTER TREE FOUND at iteration 2: -10923.327
BETTER TREE FOUND at iteration 5: -10923.327
Iteration 10 / LogL: -10923.327 / Time: 0h:0m:18s
BETTER TREE FOUND at iteration 13: -10923.327
Iteration 20 / LogL: -10923.327 / Time: 0h:0m:18s
Finish initializing candidate tree set (18)
Current best tree score: -10923.327 / CPU time: 0.385
Number of iterations: 20
--------------------------------------------------------------------
|               OPTIMIZING CANDIDATE TREE SET                      |
--------------------------------------------------------------------
Iteration 30 / LogL: -10923.346 / Time: 0h:0m:19s (0h:0m:54s left)
BETTER TREE FOUND at iteration 40: -10923.327
Iteration 40 / LogL: -10923.327 / Time: 0h:0m:19s (0h:0m:49s left)
Iteration 50 / LogL: -10923.339 / Time: 0h:0m:19s (0h:0m:35s left)
BETTER TREE FOUND at iteration 55: -10923.327
Iteration 60 / LogL: -10923.346 / Time: 0h:0m:19s (0h:0m:31s left)
Iteration 70 / LogL: -10926.845 / Time: 0h:0m:19s (0h:0m:24s left)
Iteration 80 / LogL: -10923.351 / Time: 0h:0m:20s (0h:0m:18s left)
Iteration 90 / LogL: -10923.336 / Time: 0h:0m:20s (0h:0m:14s left)
Iteration 100 / LogL: -10923.346 / Time: 0h:0m:20s (0h:0m:11s left)
Iteration 110 / LogL: -10923.350 / Time: 0h:0m:20s (0h:0m:8s left)
Iteration 120 / LogL: -10923.344 / Time: 0h:0m:20s (0h:0m:6s left)
Iteration 130 / LogL: -10923.334 / Time: 0h:0m:21s (0h:0m:4s left)
Iteration 140 / LogL: -10923.342 / Time: 0h:0m:21s (0h:0m:2s left)
BETTER TREE FOUND at iteration 142: -10923.327
Iteration 150 / LogL: -10923.351 / Time: 0h:0m:21s (0h:0m:13s left)
Iteration 160 / LogL: -10923.351 / Time: 0h:0m:21s (0h:0m:11s left)
Iteration 170 / LogL: -10923.336 / Time: 0h:0m:21s (0h:0m:9s left)
Iteration 180 / LogL: -10923.340 / Time: 0h:0m:22s (0h:0m:7s left)
Iteration 190 / LogL: -10923.338 / Time: 0h:0m:22s (0h:0m:6s left)
Iteration 200 / LogL: -10923.339 / Time: 0h:0m:22s (0h:0m:4s left)
Iteration 210 / LogL: -10923.351 / Time: 0h:0m:22s (0h:0m:3s left)
Iteration 220 / LogL: -10923.334 / Time: 0h:0m:22s (0h:0m:2s left)
Iteration 230 / LogL: -10923.334 / Time: 0h:0m:23s (0h:0m:1s left)
Iteration 240 / LogL: -10923.343 / Time: 0h:0m:23s (0h:0m:0s left)
TREE SEARCH COMPLETED AFTER 243 ITERATIONS / Time: 0h:0m:23s

--------------------------------------------------------------------
|                    FINALIZING TREE SEARCH                        |
--------------------------------------------------------------------
Performs final model parameters optimization
Estimate model parameters (epsilon = 0.010)
1. Initial log-likelihood: -10923.327
Optimal log-likelihood: -10923.327
Rate parameters:  A-C: 1.00000  A-G: 1.00000  A-T: 1.00000  C-G: 1.00000  C-T: 1.00000  G-T: 1.00000
Base frequencies:  A: 0.250  C: 0.250  G: 0.250  T: 0.250
Parameters optimization took 1 rounds (0.003 sec)
BEST SCORE FOUND : -10923.327
Total tree length: 0.304

Total number of iterations: 243
CPU time used for tree search: 4.809 sec (0h:0m:4s)
Wall-clock time used for tree search: 4.812 sec (0h:0m:4s)
Total CPU time used: 23.302 sec (0h:0m:23s)
Total wall-clock time used: 23.272 sec (0h:0m:23s)

Analysis results written to: 
  IQ-TREE report:                exp_stable_0.001/m10_sel1_rep4/iqtree_out.iqtree
  Maximum-likelihood tree:       exp_stable_0.001/m10_sel1_rep4/iqtree_out.treefile
  Likelihood distances:          exp_stable_0.001/m10_sel1_rep4/iqtree_out.mldist
  Screen log file:               exp_stable_0.001/m10_sel1_rep4/iqtree_out.log

Date and Time: Mon May 18 22:08:45 2026
