IQ-TREE version 3.1.1 for MacOS ARM 64-bit built Apr  8 2026
Developed by Bui Quang Minh, Thomas Wong, Nhan Ly-Trong, Huaiyan Ren
Contributed by Lam-Tung Nguyen, Dominik Schrempf, Chris Bielow,
Olga Chernomor, Michael Woodhams, Diep Thi Hoang, Heiko Schmidt

Host:    Noutbuk-maria.local (SSE4.2, 16 GB RAM)
Command: iqtree -s exp_baseline/m20_sel50_rep5/combined.fasta -m JC -nt AUTO -pre exp_baseline/m20_sel50_rep5/iqtree_out -seed 52542 -redo
Seed:    52542 (Using SPRNG - Scalable Parallel Random Number Generator)
Time:    Tue May 12 14:41:49 2026
Kernel:  SSE2 - auto-detect threads (8 CPU cores detected)

Reading alignment file exp_baseline/m20_sel50_rep5/combined.fasta ... Fasta format detected
Reading fasta file: done in 0.00048995 secs using 90.83% CPU
Alignment most likely contains DNA/RNA sequences
Constructing alignment: done in 0.000993013 secs using 57.3% CPU
Alignment has 30 sequences with 2050 columns, 2013 distinct patterns
2049 parsimony-informative, 0 singleton sites, 1 constant sites
          Gap/Ambiguity  Composition  p-value
Analyzing sequences: done in 5.00679e-05 secs using 243.7% CPU
   1  taxon_1     0.00%    passed      5.03%
   2  taxon_2     0.00%    passed     63.69%
   3  taxon_3     0.00%    passed     62.12%
   4  taxon_4     0.00%    passed     72.32%
   5  taxon_5     0.00%    passed     63.12%
   6  taxon_6     0.00%    passed     38.88%
   7  taxon_7     0.00%    passed     27.99%
   8  taxon_8     0.00%    passed     88.06%
   9  taxon_9     0.00%    passed     55.19%
  10  taxon_10    0.00%    passed      7.28%
  11  taxon_11    0.00%    passed     66.47%
  12  taxon_12    0.00%    passed     75.29%
  13  taxon_13    0.00%    passed     45.88%
  14  taxon_14    0.00%    passed     53.86%
  15  taxon_15    0.00%    passed     23.14%
  16  taxon_16    0.00%    passed     41.85%
  17  taxon_17    0.00%    passed     84.45%
  18  taxon_18    0.00%    passed     91.80%
  19  taxon_19    0.00%    passed     95.47%
  20  taxon_20    0.00%    passed     70.06%
  21  taxon_21    0.00%    passed     17.19%
  22  taxon_22    0.00%    passed      9.40%
  23  taxon_23    0.00%    passed     65.90%
  24  taxon_24    0.00%    passed     71.52%
  25  taxon_25    0.00%    passed      5.64%
  26  taxon_26    0.00%    passed     49.19%
  27  taxon_27    0.00%    passed     75.65%
  28  taxon_28    0.00%    passed     24.05%
  29  taxon_29    0.00%    passed     76.68%
  30  taxon_30    0.00%    passed     81.13%
****  TOTAL       0.00%  0 sequences failed composition chi2 test (p-value<5%; df=3)
Checking for duplicate sequences: done in 0.000128984 secs using 89.93% CPU

Create initial parsimony tree by phylogenetic likelihood library (PLL)... 0.002 seconds

NOTE: 1 MB RAM (0 GB) is required!
Measuring multi-threading efficiency up to 8 CPU cores
Increase to 10 rounds for branch lengths
393 trees examined
Threads: 1 / Time: 8.010 sec / Speedup: 1.000 / Efficiency: 100% / LogL: -80990
Threads: 2 / Time: 8.937 sec / Speedup: 0.896 / Efficiency: 45% / LogL: -80990
Determining AUTO threadcount: done in 16.9466 secs using 107.3% CPU
BEST NUMBER OF THREADS: 1

Estimate model parameters (epsilon = 0.100)
1. Initial log-likelihood: -76199.129
Optimal log-likelihood: -75773.768
Rate parameters:  A-C: 1.00000  A-G: 1.00000  A-T: 1.00000  C-G: 1.00000  C-T: 1.00000  G-T: 1.00000
Base frequencies:  A: 0.250  C: 0.250  G: 0.250  T: 0.250
Parameters optimization took 1 rounds (0.017 sec)
Wrote distance file to... 
Computing ML distances based on estimated model parameters...
Calculating distance matrix: done in 0.00135899 secs using 98.6% CPU
Computing ML distances took 0.001499 sec (of wall-clock time) 0.001467 sec (of CPU time)
WARNING: Some pairwise ML distances are too long (saturated)
Setting up auxiliary I and S matrices: done in 2.69413e-05 secs using 70.52% CPU
Constructing RapidNJ tree: done in 5.29289e-05 secs using 168.2% CPU
Computing RapidNJ tree took 0.000107 sec (of wall-clock time) 0.000132 sec (of CPU time)
Log-likelihood of RapidNJ tree: -75847.940
--------------------------------------------------------------------
|             INITIALIZING CANDIDATE TREE SET                      |
--------------------------------------------------------------------
Generating 98 parsimony trees... 0.288 second
Computing log-likelihood of 98 initial trees ... 0.248 seconds
Current best score: -75773.768

Do NNI search on 20 best initial trees
Estimate model parameters (epsilon = 0.100)
BETTER TREE FOUND at iteration 1: -75745.821
Iteration 10 / LogL: -75748.146 / Time: 0h:0m:18s
Iteration 20 / LogL: -75749.834 / Time: 0h:0m:18s
Finish initializing candidate tree set (7)
Current best tree score: -75745.821 / CPU time: 1.681
Number of iterations: 20
--------------------------------------------------------------------
|               OPTIMIZING CANDIDATE TREE SET                      |
--------------------------------------------------------------------
Iteration 30 / LogL: -75746.976 / Time: 0h:0m:19s (0h:0m:47s left)
Iteration 40 / LogL: -75777.026 / Time: 0h:0m:19s (0h:0m:31s left)
Iteration 50 / LogL: -75751.157 / Time: 0h:0m:20s (0h:0m:21s left)
Iteration 60 / LogL: -75748.786 / Time: 0h:0m:21s (0h:0m:14s left)
Iteration 70 / LogL: -75758.404 / Time: 0h:0m:21s (0h:0m:9s left)
Iteration 80 / LogL: -75746.641 / Time: 0h:0m:22s (0h:0m:5s left)
Iteration 90 / LogL: -75746.846 / Time: 0h:0m:23s (0h:0m:2s left)
Iteration 100 / LogL: -75804.735 / Time: 0h:0m:23s (0h:0m:0s left)
TREE SEARCH COMPLETED AFTER 102 ITERATIONS / Time: 0h:0m:24s

--------------------------------------------------------------------
|                    FINALIZING TREE SEARCH                        |
--------------------------------------------------------------------
Performs final model parameters optimization
Estimate model parameters (epsilon = 0.010)
1. Initial log-likelihood: -75745.821
Optimal log-likelihood: -75745.760
Rate parameters:  A-C: 1.00000  A-G: 1.00000  A-T: 1.00000  C-G: 1.00000  C-T: 1.00000  G-T: 1.00000
Base frequencies:  A: 0.250  C: 0.250  G: 0.250  T: 0.250
Parameters optimization took 1 rounds (0.006 sec)
BEST SCORE FOUND : -75745.760
Total tree length: 21.141

Total number of iterations: 102
CPU time used for tree search: 6.990 sec (0h:0m:6s)
Wall-clock time used for tree search: 7.018 sec (0h:0m:7s)
Total CPU time used: 25.256 sec (0h:0m:25s)
Total wall-clock time used: 24.055 sec (0h:0m:24s)

Analysis results written to: 
  IQ-TREE report:                exp_baseline/m20_sel50_rep5/iqtree_out.iqtree
  Maximum-likelihood tree:       exp_baseline/m20_sel50_rep5/iqtree_out.treefile
  Likelihood distances:          exp_baseline/m20_sel50_rep5/iqtree_out.mldist
  Screen log file:               exp_baseline/m20_sel50_rep5/iqtree_out.log

Date and Time: Tue May 12 14:42:13 2026
