IQ-TREE version 3.1.1 for MacOS ARM 64-bit built Apr  8 2026
Developed by Bui Quang Minh, Thomas Wong, Nhan Ly-Trong, Huaiyan Ren
Contributed by Lam-Tung Nguyen, Dominik Schrempf, Chris Bielow,
Olga Chernomor, Michael Woodhams, Diep Thi Hoang, Heiko Schmidt

Host:    Noutbuk-maria.local (SSE4.2, 16 GB RAM)
Command: iqtree -s exp_baseline/m50_sel1000_rep3/combined.fasta -m JC -nt AUTO -pre exp_baseline/m50_sel1000_rep3/iqtree_out -seed 1005342 -redo
Seed:    1005342 (Using SPRNG - Scalable Parallel Random Number Generator)
Time:    Tue May 12 14:59:55 2026
Kernel:  SSE2 - auto-detect threads (8 CPU cores detected)

Reading alignment file exp_baseline/m50_sel1000_rep3/combined.fasta ... Fasta format detected
Reading fasta file: done in 0.000700951 secs using 91.02% CPU
Alignment most likely contains DNA/RNA sequences
Constructing alignment: done in 0.0012989 secs using 55.43% CPU
Alignment has 30 sequences with 3000 columns, 2016 distinct patterns
2984 parsimony-informative, 0 singleton sites, 16 constant sites
          Gap/Ambiguity  Composition  p-value
Analyzing sequences: done in 4.3869e-05 secs using 262.1% CPU
   1  taxon_1     0.00%    passed     14.41%
   2  taxon_2     0.00%    passed      8.29%
   3  taxon_3     0.00%    passed      8.54%
   4  taxon_4     0.00%    passed     27.99%
   5  taxon_5     0.00%    failed      3.92%
   6  taxon_6     0.00%    passed     18.63%
   7  taxon_7     0.00%    passed     38.51%
   8  taxon_8     0.00%    passed     69.83%
   9  taxon_9     0.00%    passed     58.51%
  10  taxon_10    0.00%    passed     59.13%
  11  taxon_11    0.00%    passed     55.52%
  12  taxon_12    0.00%    passed     56.39%
  13  taxon_13    0.00%    failed      0.50%
  14  taxon_14    0.00%    passed     58.20%
  15  taxon_15    0.00%    passed     22.89%
  16  taxon_16    0.00%    passed     73.28%
  17  taxon_17    0.00%    passed     37.93%
  18  taxon_18    0.00%    passed     57.67%
  19  taxon_19    0.00%    passed     20.83%
  20  taxon_20    0.00%    passed     58.92%
  21  taxon_21    0.00%    passed     25.62%
  22  taxon_22    0.00%    passed     22.33%
  23  taxon_23    0.00%    passed     21.98%
  24  taxon_24    0.00%    passed     80.98%
  25  taxon_25    0.00%    passed     36.72%
  26  taxon_26    0.00%    passed     23.27%
  27  taxon_27    0.00%    passed     43.34%
  28  taxon_28    0.00%    passed     83.21%
  29  taxon_29    0.00%    passed     73.21%
  30  taxon_30    0.00%    passed     53.84%
****  TOTAL       0.00%  2 sequences failed composition chi2 test (p-value<5%; df=3)
Checking for duplicate sequences: done in 0.000133038 secs using 87.95% CPU

Create initial parsimony tree by phylogenetic likelihood library (PLL)... 0.003 seconds

NOTE: 1 MB RAM (0 GB) is required!
Measuring multi-threading efficiency up to 8 CPU cores
Increase to 10 rounds for branch lengths
423 trees examined
Threads: 1 / Time: 8.016 sec / Speedup: 1.000 / Efficiency: 100% / LogL: -111038
Threads: 2 / Time: 8.447 sec / Speedup: 0.949 / Efficiency: 47% / LogL: -111038
Determining AUTO threadcount: done in 16.4631 secs using 108.3% CPU
BEST NUMBER OF THREADS: 1

Estimate model parameters (epsilon = 0.100)
1. Initial log-likelihood: -99429.481
Optimal log-likelihood: -98917.723
Rate parameters:  A-C: 1.00000  A-G: 1.00000  A-T: 1.00000  C-G: 1.00000  C-T: 1.00000  G-T: 1.00000
Base frequencies:  A: 0.250  C: 0.250  G: 0.250  T: 0.250
Parameters optimization took 1 rounds (0.007 sec)
Wrote distance file to... 
Computing ML distances based on estimated model parameters...
Calculating distance matrix: done in 0.00130582 secs using 98.71% CPU
Computing ML distances took 0.001446 sec (of wall-clock time) 0.001416 sec (of CPU time)
WARNING: Some pairwise ML distances are too long (saturated)
Setting up auxiliary I and S matrices: done in 2.38419e-05 secs using 75.5% CPU
Constructing RapidNJ tree: done in 4.69685e-05 secs using 163.9% CPU
Computing RapidNJ tree took 0.000100 sec (of wall-clock time) 0.000122 sec (of CPU time)
Log-likelihood of RapidNJ tree: -100631.430
--------------------------------------------------------------------
|             INITIALIZING CANDIDATE TREE SET                      |
--------------------------------------------------------------------
Generating 98 parsimony trees... 0.351 second
Computing log-likelihood of 98 initial trees ... 0.235 seconds
Current best score: -98917.723

Do NNI search on 20 best initial trees
Estimate model parameters (epsilon = 0.100)
BETTER TREE FOUND at iteration 1: -98827.652
Estimate model parameters (epsilon = 0.100)
BETTER TREE FOUND at iteration 2: -98812.771
Estimate model parameters (epsilon = 0.100)
BETTER TREE FOUND at iteration 3: -98799.504
Iteration 10 / LogL: -98844.538 / Time: 0h:0m:17s
Iteration 20 / LogL: -98826.479 / Time: 0h:0m:17s
Finish initializing candidate tree set (11)
Current best tree score: -98799.504 / CPU time: 1.239
Number of iterations: 20
--------------------------------------------------------------------
|               OPTIMIZING CANDIDATE TREE SET                      |
--------------------------------------------------------------------
Iteration 30 / LogL: -98800.248 / Time: 0h:0m:18s (0h:0m:45s left)
Iteration 40 / LogL: -98854.573 / Time: 0h:0m:18s (0h:0m:30s left)
Iteration 50 / LogL: -98814.693 / Time: 0h:0m:18s (0h:0m:20s left)
Iteration 60 / LogL: -98801.393 / Time: 0h:0m:19s (0h:0m:14s left)
Iteration 70 / LogL: -98823.161 / Time: 0h:0m:19s (0h:0m:9s left)
Iteration 80 / LogL: -98818.494 / Time: 0h:0m:20s (0h:0m:5s left)
Estimate model parameters (epsilon = 0.100)
UPDATE BEST LOG-LIKELIHOOD: -98799.396
Iteration 90 / LogL: -98802.361 / Time: 0h:0m:20s (0h:0m:3s left)
Iteration 100 / LogL: -98851.960 / Time: 0h:0m:21s (0h:0m:0s left)
TREE SEARCH COMPLETED AFTER 104 ITERATIONS / Time: 0h:0m:21s

--------------------------------------------------------------------
|                    FINALIZING TREE SEARCH                        |
--------------------------------------------------------------------
Performs final model parameters optimization
Estimate model parameters (epsilon = 0.010)
1. Initial log-likelihood: -98799.396
Optimal log-likelihood: -98799.373
Rate parameters:  A-C: 1.00000  A-G: 1.00000  A-T: 1.00000  C-G: 1.00000  C-T: 1.00000  G-T: 1.00000
Base frequencies:  A: 0.250  C: 0.250  G: 0.250  T: 0.250
Parameters optimization took 1 rounds (0.005 sec)
BEST SCORE FOUND : -98799.373
Total tree length: 13.550

Total number of iterations: 104
CPU time used for tree search: 4.816 sec (0h:0m:4s)
Wall-clock time used for tree search: 4.828 sec (0h:0m:4s)
Total CPU time used: 22.704 sec (0h:0m:22s)
Total wall-clock time used: 21.352 sec (0h:0m:21s)

Analysis results written to: 
  IQ-TREE report:                exp_baseline/m50_sel1000_rep3/iqtree_out.iqtree
  Maximum-likelihood tree:       exp_baseline/m50_sel1000_rep3/iqtree_out.treefile
  Likelihood distances:          exp_baseline/m50_sel1000_rep3/iqtree_out.mldist
  Screen log file:               exp_baseline/m50_sel1000_rep3/iqtree_out.log

Date and Time: Tue May 12 15:00:17 2026
