IQ-TREE version 3.1.1 for MacOS ARM 64-bit built Apr  8 2026
Developed by Bui Quang Minh, Thomas Wong, Nhan Ly-Trong, Huaiyan Ren
Contributed by Lam-Tung Nguyen, Dominik Schrempf, Chris Bielow,
Olga Chernomor, Michael Woodhams, Diep Thi Hoang, Heiko Schmidt

Host:    Noutbuk-maria.local (SSE4.2, 16 GB RAM)
Command: iqtree -s exp_stable_0.0005/m10_sel1_rep1/neutral.fasta -m JC -nt AUTO -pre exp_stable_0.0005/m10_sel1_rep1/iqtree_out -seed 2142 -redo
Seed:    2142 (Using SPRNG - Scalable Parallel Random Number Generator)
Time:    Sun May 17 01:05:44 2026
Kernel:  SSE2 - auto-detect threads (8 CPU cores detected)

Reading alignment file exp_stable_0.0005/m10_sel1_rep1/neutral.fasta ... Fasta format detected
Reading fasta file: done in 0.00117993 secs using 89.84% CPU
Alignment most likely contains DNA/RNA sequences
Constructing alignment: done in 0.00124693 secs using 56.3% CPU
Alignment has 50 sequences with 3000 columns, 337 distinct patterns
59 parsimony-informative, 368 singleton sites, 2573 constant sites
          Gap/Ambiguity  Composition  p-value
Analyzing sequences: done in 2.81334e-05 secs using 85.31% CPU
   1  taxon_1     0.00%    passed     99.96%
   2  taxon_2     0.00%    passed     99.89%
   3  taxon_3     0.00%    passed     99.86%
   4  taxon_4     0.00%    passed     99.68%
   5  taxon_5     0.00%    passed     99.88%
   6  taxon_6     0.00%    passed     99.88%
   7  taxon_7     0.00%    passed     99.97%
   8  taxon_8     0.00%    passed     99.98%
   9  taxon_9     0.00%    passed     99.92%
  10  taxon_10    0.00%    passed     99.42%
  11  taxon_11    0.00%    passed     99.96%
  12  taxon_12    0.00%    passed     99.93%
  13  taxon_13    0.00%    passed     99.96%
  14  taxon_14    0.00%    passed     99.89%
  15  taxon_15    0.00%    passed     99.91%
  16  taxon_16    0.00%    passed     99.84%
  17  taxon_17    0.00%    passed     99.90%
  18  taxon_18    0.00%    passed     99.99%
  19  taxon_19    0.00%    passed     99.66%
  20  taxon_20    0.00%    passed     99.91%
  21  taxon_21    0.00%    passed     99.91%
  22  taxon_22    0.00%    passed     98.65%
  23  taxon_23    0.00%    passed     99.76%
  24  taxon_24    0.00%    passed     99.79%
  25  taxon_25    0.00%    passed     99.73%
  26  taxon_26    0.00%    passed     99.95%
  27  taxon_27    0.00%    passed     99.94%
  28  taxon_28    0.00%    passed     99.95%
  29  taxon_29    0.00%    passed     99.96%
  30  taxon_30    0.00%    passed     99.96%
  31  taxon_31    0.00%    passed     99.92%
  32  taxon_32    0.00%    passed     99.97%
  33  taxon_33    0.00%    passed     99.89%
  34  taxon_34    0.00%    passed     99.95%
  35  taxon_35    0.00%    passed     99.89%
  36  taxon_36    0.00%    passed     99.50%
  37  taxon_37    0.00%    passed     99.94%
  38  taxon_38    0.00%    passed     99.96%
  39  taxon_39    0.00%    passed     99.71%
  40  taxon_40    0.00%    passed     99.82%
  41  taxon_41    0.00%    passed     99.72%
  42  taxon_42    0.00%    passed     99.81%
  43  taxon_43    0.00%    passed     99.96%
  44  taxon_44    0.00%    passed     99.99%
  45  taxon_45    0.00%    passed     99.91%
  46  taxon_46    0.00%    passed     99.87%
  47  taxon_47    0.00%    passed     99.96%
  48  taxon_48    0.00%    passed     99.90%
  49  taxon_49    0.00%    passed     99.62%
  50  taxon_50    0.00%    passed     99.72%
****  TOTAL       0.00%  0 sequences failed composition chi2 test (p-value<5%; df=3)
Checking for duplicate sequences: done in 6.8903e-05 secs using 74.02% CPU

Create initial parsimony tree by phylogenetic likelihood library (PLL)... 0.001 seconds

NOTE: 0 MB RAM (0 GB) is required!
Measuring multi-threading efficiency up to 8 CPU cores
Increase to 10 rounds for branch lengths
3827 trees examined
Threads: 1 / Time: 8.001 sec / Speedup: 1.000 / Efficiency: 100% / LogL: -8695
Threads: 2 / Time: 14.293 sec / Speedup: 0.560 / Efficiency: 28% / LogL: -8695
Determining AUTO threadcount: done in 22.2944 secs using 89.43% CPU
BEST NUMBER OF THREADS: 1

Estimate model parameters (epsilon = 0.100)
1. Initial log-likelihood: -7879.883
Optimal log-likelihood: -7879.808
Rate parameters:  A-C: 1.00000  A-G: 1.00000  A-T: 1.00000  C-G: 1.00000  C-T: 1.00000  G-T: 1.00000
Base frequencies:  A: 0.250  C: 0.250  G: 0.250  T: 0.250
Parameters optimization took 1 rounds (0.001 sec)
Wrote distance file to... 
Computing ML distances based on estimated model parameters...
Calculating distance matrix: done in 0.00303602 secs using 79.12% CPU
Computing ML distances took 0.003080 sec (of wall-clock time) 0.002439 sec (of CPU time)
Setting up auxiliary I and S matrices: done in 4.72069e-05 secs using 76.26% CPU
Constructing RapidNJ tree: done in 0.000121832 secs using 91.93% CPU
Computing RapidNJ tree took 0.000189 sec (of wall-clock time) 0.000157 sec (of CPU time)
Log-likelihood of RapidNJ tree: -7897.847
--------------------------------------------------------------------
|             INITIALIZING CANDIDATE TREE SET                      |
--------------------------------------------------------------------
Generating 98 parsimony trees... 0.091 second
Computing log-likelihood of 98 initial trees ... 0.069 seconds
Current best score: -7879.808

Do NNI search on 20 best initial trees
Estimate model parameters (epsilon = 0.100)
BETTER TREE FOUND at iteration 1: -7879.807
BETTER TREE FOUND at iteration 2: -7879.807
BETTER TREE FOUND at iteration 6: -7879.807
Iteration 10 / LogL: -7879.807 / Time: 0h:0m:22s
BETTER TREE FOUND at iteration 13: -7879.807
BETTER TREE FOUND at iteration 18: -7879.807
BETTER TREE FOUND at iteration 20: -7879.807
Iteration 20 / LogL: -7879.807 / Time: 0h:0m:22s
Finish initializing candidate tree set (20)
Current best tree score: -7879.807 / CPU time: 0.225
Number of iterations: 20
--------------------------------------------------------------------
|               OPTIMIZING CANDIDATE TREE SET                      |
--------------------------------------------------------------------
Iteration 30 / LogL: -7879.833 / Time: 0h:0m:22s (0h:1m:10s left)
Iteration 40 / LogL: -7879.830 / Time: 0h:0m:22s (0h:0m:46s left)
Iteration 50 / LogL: -7879.822 / Time: 0h:0m:22s (0h:0m:32s left)
Iteration 60 / LogL: -7905.404 / Time: 0h:0m:22s (0h:0m:23s left)
Iteration 70 / LogL: -7891.389 / Time: 0h:0m:23s (0h:0m:16s left)
Iteration 80 / LogL: -7884.647 / Time: 0h:0m:23s (0h:0m:11s left)
BETTER TREE FOUND at iteration 82: -7879.807
Iteration 90 / LogL: -7879.835 / Time: 0h:0m:23s (0h:0m:24s left)
Iteration 100 / LogL: -7879.854 / Time: 0h:0m:23s (0h:0m:19s left)
Iteration 110 / LogL: -7905.391 / Time: 0h:0m:23s (0h:0m:15s left)
Iteration 120 / LogL: -7879.846 / Time: 0h:0m:23s (0h:0m:12s left)
Iteration 130 / LogL: -7879.819 / Time: 0h:0m:23s (0h:0m:9s left)
Iteration 140 / LogL: -7879.839 / Time: 0h:0m:23s (0h:0m:7s left)
Iteration 150 / LogL: -7879.830 / Time: 0h:0m:23s (0h:0m:5s left)
Iteration 160 / LogL: -7879.818 / Time: 0h:0m:24s (0h:0m:3s left)
Iteration 170 / LogL: -7900.002 / Time: 0h:0m:24s (0h:0m:1s left)
Iteration 180 / LogL: -7879.823 / Time: 0h:0m:24s (0h:0m:0s left)
TREE SEARCH COMPLETED AFTER 183 ITERATIONS / Time: 0h:0m:24s

--------------------------------------------------------------------
|                    FINALIZING TREE SEARCH                        |
--------------------------------------------------------------------
Performs final model parameters optimization
Estimate model parameters (epsilon = 0.010)
1. Initial log-likelihood: -7879.807
Optimal log-likelihood: -7879.807
Rate parameters:  A-C: 1.00000  A-G: 1.00000  A-T: 1.00000  C-G: 1.00000  C-T: 1.00000  G-T: 1.00000
Base frequencies:  A: 0.250  C: 0.250  G: 0.250  T: 0.250
Parameters optimization took 1 rounds (0.001 sec)
BEST SCORE FOUND : -7879.807
Total tree length: 0.156

Total number of iterations: 183
CPU time used for tree search: 1.997 sec (0h:0m:1s)
Wall-clock time used for tree search: 2.049 sec (0h:0m:2s)
Total CPU time used: 21.946 sec (0h:0m:21s)
Total wall-clock time used: 24.361 sec (0h:0m:24s)

Analysis results written to: 
  IQ-TREE report:                exp_stable_0.0005/m10_sel1_rep1/iqtree_out.iqtree
  Maximum-likelihood tree:       exp_stable_0.0005/m10_sel1_rep1/iqtree_out.treefile
  Likelihood distances:          exp_stable_0.0005/m10_sel1_rep1/iqtree_out.mldist
  Screen log file:               exp_stable_0.0005/m10_sel1_rep1/iqtree_out.log

Date and Time: Sun May 17 01:06:09 2026
