IQ-TREE version 3.1.1 for MacOS ARM 64-bit built Apr  8 2026
Developed by Bui Quang Minh, Thomas Wong, Nhan Ly-Trong, Huaiyan Ren
Contributed by Lam-Tung Nguyen, Dominik Schrempf, Chris Bielow,
Olga Chernomor, Michael Woodhams, Diep Thi Hoang, Heiko Schmidt

Host:    Noutbuk-maria.local (SSE4.2, 16 GB RAM)
Command: iqtree -s exp_baseline/m1_sel200_rep3/combined.fasta -m JC -nt AUTO -pre exp_baseline/m1_sel200_rep3/iqtree_out -seed 200442 -redo
Seed:    200442 (Using SPRNG - Scalable Parallel Random Number Generator)
Time:    Tue May 12 13:54:52 2026
Kernel:  SSE2 - auto-detect threads (8 CPU cores detected)

Reading alignment file exp_baseline/m1_sel200_rep3/combined.fasta ... Fasta format detected
Reading fasta file: done in 0.000517845 secs using 90.57% CPU
Alignment most likely contains DNA/RNA sequences
Constructing alignment: done in 0.000987053 secs using 57.34% CPU
Alignment has 30 sequences with 2200 columns, 2016 distinct patterns
2103 parsimony-informative, 0 singleton sites, 97 constant sites
          Gap/Ambiguity  Composition  p-value
Analyzing sequences: done in 5.31673e-05 secs using 248.3% CPU
   1  taxon_1     0.00%    passed     84.86%
   2  taxon_2     0.00%    passed     59.14%
   3  taxon_3     0.00%    passed     51.95%
   4  taxon_4     0.00%    passed     26.77%
   5  taxon_5     0.00%    passed     85.81%
   6  taxon_6     0.00%    passed     73.47%
   7  taxon_7     0.00%    passed     69.30%
   8  taxon_8     0.00%    passed     90.69%
   9  taxon_9     0.00%    passed     40.56%
  10  taxon_10    0.00%    passed     41.91%
  11  taxon_11    0.00%    passed     80.27%
  12  taxon_12    0.00%    passed     76.46%
  13  taxon_13    0.00%    passed     51.15%
  14  taxon_14    0.00%    passed     83.49%
  15  taxon_15    0.00%    passed     14.79%
  16  taxon_16    0.00%    passed     57.07%
  17  taxon_17    0.00%    passed     68.35%
  18  taxon_18    0.00%    passed     37.44%
  19  taxon_19    0.00%    passed     81.87%
  20  taxon_20    0.00%    passed     51.59%
  21  taxon_21    0.00%    passed     34.73%
  22  taxon_22    0.00%    passed     19.40%
  23  taxon_23    0.00%    passed     61.32%
  24  taxon_24    0.00%    passed     74.60%
  25  taxon_25    0.00%    passed     49.06%
  26  taxon_26    0.00%    passed     33.51%
  27  taxon_27    0.00%    passed     29.08%
  28  taxon_28    0.00%    passed     86.34%
  29  taxon_29    0.00%    passed     76.65%
  30  taxon_30    0.00%    failed      0.62%
****  TOTAL       0.00%  1 sequences failed composition chi2 test (p-value<5%; df=3)
Checking for duplicate sequences: done in 0.000128984 secs using 91.48% CPU

Create initial parsimony tree by phylogenetic likelihood library (PLL)... 0.002 seconds

NOTE: 1 MB RAM (0 GB) is required!
Measuring multi-threading efficiency up to 8 CPU cores
Increase to 10 rounds for branch lengths
393 trees examined
Threads: 1 / Time: 8.016 sec / Speedup: 1.000 / Efficiency: 100% / LogL: -86947
Threads: 2 / Time: 8.857 sec / Speedup: 0.905 / Efficiency: 45% / LogL: -86947
Determining AUTO threadcount: done in 16.8738 secs using 107.4% CPU
BEST NUMBER OF THREADS: 1

Estimate model parameters (epsilon = 0.100)
1. Initial log-likelihood: -83526.062
Optimal log-likelihood: -82934.991
Rate parameters:  A-C: 1.00000  A-G: 1.00000  A-T: 1.00000  C-G: 1.00000  C-T: 1.00000  G-T: 1.00000
Base frequencies:  A: 0.250  C: 0.250  G: 0.250  T: 0.250
Parameters optimization took 1 rounds (0.014 sec)
Wrote distance file to... 
Computing ML distances based on estimated model parameters...
Calculating distance matrix: done in 0.00166488 secs using 99.17% CPU
Computing ML distances took 0.001797 sec (of wall-clock time) 0.001776 sec (of CPU time)
WARNING: Some pairwise ML distances are too long (saturated)
Setting up auxiliary I and S matrices: done in 2.5034e-05 secs using 75.9% CPU
Constructing RapidNJ tree: done in 5.10216e-05 secs using 164.6% CPU
Computing RapidNJ tree took 0.000106 sec (of wall-clock time) 0.000129 sec (of CPU time)
Log-likelihood of RapidNJ tree: -82910.255
--------------------------------------------------------------------
|             INITIALIZING CANDIDATE TREE SET                      |
--------------------------------------------------------------------
Generating 98 parsimony trees... 0.275 second
Computing log-likelihood of 98 initial trees ... 0.249 seconds
Current best score: -82910.255

Do NNI search on 20 best initial trees
Estimate model parameters (epsilon = 0.100)
BETTER TREE FOUND at iteration 1: -82825.164
Estimate model parameters (epsilon = 0.100)
BETTER TREE FOUND at iteration 2: -82663.067
Iteration 10 / LogL: -82727.835 / Time: 0h:0m:18s
Iteration 20 / LogL: -82706.186 / Time: 0h:0m:18s
Finish initializing candidate tree set (17)
Current best tree score: -82663.067 / CPU time: 1.819
Number of iterations: 20
--------------------------------------------------------------------
|               OPTIMIZING CANDIDATE TREE SET                      |
--------------------------------------------------------------------
Estimate model parameters (epsilon = 0.100)
UPDATE BEST LOG-LIKELIHOOD: -82663.031
Estimate model parameters (epsilon = 0.100)
BETTER TREE FOUND at iteration 26: -82662.937
Iteration 30 / LogL: -82666.656 / Time: 0h:0m:19s (0h:1m:3s left)
UPDATE BEST LOG-LIKELIHOOD: -82662.936
Iteration 40 / LogL: -82663.159 / Time: 0h:0m:19s (0h:0m:43s left)
Iteration 50 / LogL: -82666.621 / Time: 0h:0m:20s (0h:0m:31s left)
Iteration 60 / LogL: -82663.497 / Time: 0h:0m:21s (0h:0m:23s left)
Iteration 70 / LogL: -82666.682 / Time: 0h:0m:21s (0h:0m:17s left)
UPDATE BEST LOG-LIKELIHOOD: -82662.935
Iteration 80 / LogL: -82695.567 / Time: 0h:0m:22s (0h:0m:13s left)
Iteration 90 / LogL: -82663.469 / Time: 0h:0m:23s (0h:0m:9s left)
Iteration 100 / LogL: -82663.091 / Time: 0h:0m:23s (0h:0m:6s left)
UPDATE BEST LOG-LIKELIHOOD: -82662.935
Iteration 110 / LogL: -82663.103 / Time: 0h:0m:24s (0h:0m:3s left)
Iteration 120 / LogL: -82663.047 / Time: 0h:0m:25s (0h:0m:1s left)
TREE SEARCH COMPLETED AFTER 127 ITERATIONS / Time: 0h:0m:25s

--------------------------------------------------------------------
|                    FINALIZING TREE SEARCH                        |
--------------------------------------------------------------------
Performs final model parameters optimization
Estimate model parameters (epsilon = 0.010)
1. Initial log-likelihood: -82662.935
Optimal log-likelihood: -82662.934
Rate parameters:  A-C: 1.00000  A-G: 1.00000  A-T: 1.00000  C-G: 1.00000  C-T: 1.00000  G-T: 1.00000
Base frequencies:  A: 0.250  C: 0.250  G: 0.250  T: 0.250
Parameters optimization took 1 rounds (0.003 sec)
BEST SCORE FOUND : -82662.934
Total tree length: 21.174

Total number of iterations: 127
CPU time used for tree search: 8.459 sec (0h:0m:8s)
Wall-clock time used for tree search: 8.559 sec (0h:0m:8s)
Total CPU time used: 26.631 sec (0h:0m:26s)
Total wall-clock time used: 25.477 sec (0h:0m:25s)

Analysis results written to: 
  IQ-TREE report:                exp_baseline/m1_sel200_rep3/iqtree_out.iqtree
  Maximum-likelihood tree:       exp_baseline/m1_sel200_rep3/iqtree_out.treefile
  Likelihood distances:          exp_baseline/m1_sel200_rep3/iqtree_out.mldist
  Screen log file:               exp_baseline/m1_sel200_rep3/iqtree_out.log

Date and Time: Tue May 12 13:55:17 2026
