IQ-TREE version 3.1.1 for MacOS ARM 64-bit built Apr  8 2026
Developed by Bui Quang Minh, Thomas Wong, Nhan Ly-Trong, Huaiyan Ren
Contributed by Lam-Tung Nguyen, Dominik Schrempf, Chris Bielow,
Olga Chernomor, Michael Woodhams, Diep Thi Hoang, Heiko Schmidt

Host:    Noutbuk-maria.local (SSE4.2, 16 GB RAM)
Command: iqtree -s exp_baseline/m2_sel200_rep4/combined.fasta -m JC -nt AUTO -pre exp_baseline/m2_sel200_rep4/iqtree_out -seed 200642 -redo
Seed:    200642 (Using SPRNG - Scalable Parallel Random Number Generator)
Time:    Tue May 12 14:07:37 2026
Kernel:  SSE2 - auto-detect threads (8 CPU cores detected)

Reading alignment file exp_baseline/m2_sel200_rep4/combined.fasta ... Fasta format detected
Reading fasta file: done in 0.000525951 secs using 90.5% CPU
Alignment most likely contains DNA/RNA sequences
Constructing alignment: done in 0.000994921 secs using 57.79% CPU
Alignment has 30 sequences with 2200 columns, 2016 distinct patterns
2134 parsimony-informative, 0 singleton sites, 66 constant sites
          Gap/Ambiguity  Composition  p-value
Analyzing sequences: done in 5.00679e-05 secs using 235.7% CPU
   1  taxon_1     0.00%    passed      7.31%
   2  taxon_2     0.00%    passed     12.28%
   3  taxon_3     0.00%    passed     74.90%
   4  taxon_4     0.00%    passed     38.92%
   5  taxon_5     0.00%    passed     16.92%
   6  taxon_6     0.00%    passed     58.84%
   7  taxon_7     0.00%    passed     57.37%
   8  taxon_8     0.00%    passed     96.69%
   9  taxon_9     0.00%    passed     40.49%
  10  taxon_10    0.00%    passed     67.96%
  11  taxon_11    0.00%    passed     13.85%
  12  taxon_12    0.00%    passed     89.84%
  13  taxon_13    0.00%    passed     98.65%
  14  taxon_14    0.00%    passed     73.67%
  15  taxon_15    0.00%    passed     32.81%
  16  taxon_16    0.00%    passed     69.64%
  17  taxon_17    0.00%    passed     79.24%
  18  taxon_18    0.00%    passed     94.32%
  19  taxon_19    0.00%    passed     24.83%
  20  taxon_20    0.00%    passed     73.96%
  21  taxon_21    0.00%    passed     31.56%
  22  taxon_22    0.00%    passed     52.38%
  23  taxon_23    0.00%    passed     66.46%
  24  taxon_24    0.00%    passed      8.27%
  25  taxon_25    0.00%    failed      4.27%
  26  taxon_26    0.00%    passed     65.87%
  27  taxon_27    0.00%    passed     22.24%
  28  taxon_28    0.00%    passed     94.25%
  29  taxon_29    0.00%    passed     94.74%
  30  taxon_30    0.00%    passed     93.15%
****  TOTAL       0.00%  1 sequences failed composition chi2 test (p-value<5%; df=3)
Checking for duplicate sequences: done in 0.000128031 secs using 92.95% CPU

Create initial parsimony tree by phylogenetic likelihood library (PLL)... 0.002 seconds

NOTE: 1 MB RAM (0 GB) is required!
Measuring multi-threading efficiency up to 8 CPU cores
Increase to 10 rounds for branch lengths
393 trees examined
Threads: 1 / Time: 8.000 sec / Speedup: 1.000 / Efficiency: 100% / LogL: -87913
Threads: 2 / Time: 8.721 sec / Speedup: 0.917 / Efficiency: 46% / LogL: -87913
Determining AUTO threadcount: done in 16.7211 secs using 108.1% CPU
BEST NUMBER OF THREADS: 1

Estimate model parameters (epsilon = 0.100)
1. Initial log-likelihood: -82689.514
Optimal log-likelihood: -82190.943
Rate parameters:  A-C: 1.00000  A-G: 1.00000  A-T: 1.00000  C-G: 1.00000  C-T: 1.00000  G-T: 1.00000
Base frequencies:  A: 0.250  C: 0.250  G: 0.250  T: 0.250
Parameters optimization took 1 rounds (0.014 sec)
Wrote distance file to... 
Computing ML distances based on estimated model parameters...
Calculating distance matrix: done in 0.00157905 secs using 99.36% CPU
Computing ML distances took 0.001715 sec (of wall-clock time) 0.001695 sec (of CPU time)
WARNING: Some pairwise ML distances are too long (saturated)
Setting up auxiliary I and S matrices: done in 2.40803e-05 secs using 70.6% CPU
Constructing RapidNJ tree: done in 5.00679e-05 secs using 159.8% CPU
Computing RapidNJ tree took 0.000097 sec (of wall-clock time) 0.000123 sec (of CPU time)
Log-likelihood of RapidNJ tree: -82373.461
--------------------------------------------------------------------
|             INITIALIZING CANDIDATE TREE SET                      |
--------------------------------------------------------------------
Generating 98 parsimony trees... 0.292 second
Computing log-likelihood of 98 initial trees ... 0.242 seconds
Current best score: -82190.943

Do NNI search on 20 best initial trees
Estimate model parameters (epsilon = 0.100)
BETTER TREE FOUND at iteration 1: -82183.034
Iteration 10 / LogL: -82203.837 / Time: 0h:0m:17s
Iteration 20 / LogL: -82330.236 / Time: 0h:0m:18s
Finish initializing candidate tree set (11)
Current best tree score: -82183.034 / CPU time: 1.297
Number of iterations: 20
--------------------------------------------------------------------
|               OPTIMIZING CANDIDATE TREE SET                      |
--------------------------------------------------------------------
Iteration 30 / LogL: -82184.396 / Time: 0h:0m:18s (0h:0m:45s left)
Iteration 40 / LogL: -82183.745 / Time: 0h:0m:19s (0h:0m:29s left)
Iteration 50 / LogL: -82185.243 / Time: 0h:0m:19s (0h:0m:20s left)
Iteration 60 / LogL: -82184.901 / Time: 0h:0m:19s (0h:0m:13s left)
Iteration 70 / LogL: -82183.718 / Time: 0h:0m:20s (0h:0m:9s left)
Iteration 80 / LogL: -82183.380 / Time: 0h:0m:20s (0h:0m:5s left)
Iteration 90 / LogL: -82184.110 / Time: 0h:0m:21s (0h:0m:2s left)
Iteration 100 / LogL: -82185.272 / Time: 0h:0m:22s (0h:0m:0s left)
TREE SEARCH COMPLETED AFTER 102 ITERATIONS / Time: 0h:0m:22s

--------------------------------------------------------------------
|                    FINALIZING TREE SEARCH                        |
--------------------------------------------------------------------
Performs final model parameters optimization
Estimate model parameters (epsilon = 0.010)
1. Initial log-likelihood: -82183.034
Optimal log-likelihood: -82183.003
Rate parameters:  A-C: 1.00000  A-G: 1.00000  A-T: 1.00000  C-G: 1.00000  C-T: 1.00000  G-T: 1.00000
Base frequencies:  A: 0.250  C: 0.250  G: 0.250  T: 0.250
Parameters optimization took 1 rounds (0.005 sec)
BEST SCORE FOUND : -82183.003
Total tree length: 20.354

Total number of iterations: 102
CPU time used for tree search: 5.333 sec (0h:0m:5s)
Wall-clock time used for tree search: 5.382 sec (0h:0m:5s)
Total CPU time used: 23.451 sec (0h:0m:23s)
Total wall-clock time used: 22.153 sec (0h:0m:22s)

Analysis results written to: 
  IQ-TREE report:                exp_baseline/m2_sel200_rep4/iqtree_out.iqtree
  Maximum-likelihood tree:       exp_baseline/m2_sel200_rep4/iqtree_out.treefile
  Likelihood distances:          exp_baseline/m2_sel200_rep4/iqtree_out.mldist
  Screen log file:               exp_baseline/m2_sel200_rep4/iqtree_out.log

Date and Time: Tue May 12 14:08:00 2026
