IQ-TREE version 3.1.1 for MacOS ARM 64-bit built Apr  8 2026
Developed by Bui Quang Minh, Thomas Wong, Nhan Ly-Trong, Huaiyan Ren
Contributed by Lam-Tung Nguyen, Dominik Schrempf, Chris Bielow,
Olga Chernomor, Michael Woodhams, Diep Thi Hoang, Heiko Schmidt

Host:    Noutbuk-maria.local (SSE4.2, 16 GB RAM)
Command: iqtree -s exp_stable_0.001/m1_sel1_rep2/neutral.fasta -m JC -nt AUTO -pre exp_stable_0.001/m1_sel1_rep2/iqtree_out -seed 1342 -redo
Seed:    1342 (Using SPRNG - Scalable Parallel Random Number Generator)
Time:    Fri May 15 23:56:20 2026
Kernel:  SSE2 - auto-detect threads (8 CPU cores detected)

Reading alignment file exp_stable_0.001/m1_sel1_rep2/neutral.fasta ... Fasta format detected
Reading fasta file: done in 0.00118804 secs using 89.64% CPU
Alignment most likely contains DNA/RNA sequences
Constructing alignment: done in 0.00159693 secs using 60.62% CPU
Alignment has 50 sequences with 3000 columns, 2486 distinct patterns
1986 parsimony-informative, 767 singleton sites, 246 constant sites
          Gap/Ambiguity  Composition  p-value
Analyzing sequences: done in 8.98838e-05 secs using 301.5% CPU
   1  taxon_1     0.00%    passed     94.55%
   2  taxon_2     0.00%    passed     63.96%
   3  taxon_3     0.00%    passed     62.94%
   4  taxon_4     0.00%    passed     84.62%
   5  taxon_5     0.00%    passed     63.30%
   6  taxon_6     0.00%    passed     82.31%
   7  taxon_7     0.00%    passed     79.13%
   8  taxon_8     0.00%    passed     85.58%
   9  taxon_9     0.00%    passed     93.16%
  10  taxon_10    0.00%    passed     65.20%
  11  taxon_11    0.00%    passed     84.44%
  12  taxon_12    0.00%    passed     66.06%
  13  taxon_13    0.00%    passed     64.98%
  14  taxon_14    0.00%    passed     71.05%
  15  taxon_15    0.00%    passed     61.29%
  16  taxon_16    0.00%    passed     70.25%
  17  taxon_17    0.00%    passed     80.76%
  18  taxon_18    0.00%    passed     69.36%
  19  taxon_19    0.00%    passed     92.65%
  20  taxon_20    0.00%    passed     82.14%
  21  taxon_21    0.00%    passed     94.84%
  22  taxon_22    0.00%    passed     95.75%
  23  taxon_23    0.00%    passed     97.28%
  24  taxon_24    0.00%    passed     87.88%
  25  taxon_25    0.00%    passed     96.44%
  26  taxon_26    0.00%    passed     89.02%
  27  taxon_27    0.00%    passed     78.88%
  28  taxon_28    0.00%    passed     70.72%
  29  taxon_29    0.00%    passed     92.42%
  30  taxon_30    0.00%    passed     94.77%
  31  taxon_31    0.00%    passed     92.19%
  32  taxon_32    0.00%    passed     83.22%
  33  taxon_33    0.00%    passed     51.85%
  34  taxon_34    0.00%    passed     77.67%
  35  taxon_35    0.00%    passed     82.25%
  36  taxon_36    0.00%    passed     69.30%
  37  taxon_37    0.00%    passed     81.07%
  38  taxon_38    0.00%    passed     68.13%
  39  taxon_39    0.00%    passed     88.43%
  40  taxon_40    0.00%    passed     82.01%
  41  taxon_41    0.00%    passed     27.93%
  42  taxon_42    0.00%    passed     77.58%
  43  taxon_43    0.00%    passed     93.27%
  44  taxon_44    0.00%    passed     89.66%
  45  taxon_45    0.00%    passed     88.68%
  46  taxon_46    0.00%    passed     57.65%
  47  taxon_47    0.00%    passed     80.98%
  48  taxon_48    0.00%    passed     93.70%
  49  taxon_49    0.00%    passed     85.24%
  50  taxon_50    0.00%    passed     95.66%
****  TOTAL       0.00%  0 sequences failed composition chi2 test (p-value<5%; df=3)
Checking for duplicate sequences: done in 0.000250816 secs using 91.7% CPU

Create initial parsimony tree by phylogenetic likelihood library (PLL)... 0.003 seconds

NOTE: 4 MB RAM (0 GB) is required!
Measuring multi-threading efficiency up to 8 CPU cores
Increase to 10 rounds for branch lengths
260 trees examined
Threads: 1 / Time: 8.018 sec / Speedup: 1.000 / Efficiency: 100% / LogL: -78179
Threads: 2 / Time: 7.812 sec / Speedup: 1.026 / Efficiency: 51% / LogL: -78179
Threads: 3 / Time: 7.228 sec / Speedup: 1.109 / Efficiency: 37% / LogL: -78179
Determining AUTO threadcount: done in 23.059 secs using 121.8% CPU
BEST NUMBER OF THREADS: 1

Estimate model parameters (epsilon = 0.100)
1. Initial log-likelihood: -41324.773
Optimal log-likelihood: -41306.241
Rate parameters:  A-C: 1.00000  A-G: 1.00000  A-T: 1.00000  C-G: 1.00000  C-T: 1.00000  G-T: 1.00000
Base frequencies:  A: 0.250  C: 0.250  G: 0.250  T: 0.250
Parameters optimization took 1 rounds (0.011 sec)
Wrote distance file to... 
Computing ML distances based on estimated model parameters...
Calculating distance matrix: done in 0.00662518 secs using 96.37% CPU
Computing ML distances took 0.006958 sec (of wall-clock time) 0.006711 sec (of CPU time)
Setting up auxiliary I and S matrices: done in 5.00679e-05 secs using 91.88% CPU
Constructing RapidNJ tree: done in 0.00010705 secs using 176.6% CPU
Computing RapidNJ tree took 0.000182 sec (of wall-clock time) 0.000261 sec (of CPU time)
Log-likelihood of RapidNJ tree: -41417.799
--------------------------------------------------------------------
|             INITIALIZING CANDIDATE TREE SET                      |
--------------------------------------------------------------------
Generating 98 parsimony trees... 0.388 second
Computing log-likelihood of 98 initial trees ... 0.525 seconds
Current best score: -41306.241

Do NNI search on 20 best initial trees
Estimate model parameters (epsilon = 0.100)
BETTER TREE FOUND at iteration 1: -41306.241
Iteration 10 / LogL: -41306.241 / Time: 0h:0m:24s
Iteration 20 / LogL: -41306.244 / Time: 0h:0m:25s
Finish initializing candidate tree set (1)
Current best tree score: -41306.241 / CPU time: 2.149
Number of iterations: 20
--------------------------------------------------------------------
|               OPTIMIZING CANDIDATE TREE SET                      |
--------------------------------------------------------------------
Iteration 30 / LogL: -41306.244 / Time: 0h:0m:26s (0h:1m:3s left)
Iteration 40 / LogL: -41306.241 / Time: 0h:0m:26s (0h:0m:41s left)
Iteration 50 / LogL: -41306.242 / Time: 0h:0m:27s (0h:0m:28s left)
Iteration 60 / LogL: -41306.241 / Time: 0h:0m:28s (0h:0m:19s left)
Iteration 70 / LogL: -41306.243 / Time: 0h:0m:28s (0h:0m:13s left)
Iteration 80 / LogL: -41306.342 / Time: 0h:0m:29s (0h:0m:7s left)
Iteration 90 / LogL: -41306.242 / Time: 0h:0m:30s (0h:0m:3s left)
Iteration 100 / LogL: -41306.273 / Time: 0h:0m:31s (0h:0m:0s left)
TREE SEARCH COMPLETED AFTER 102 ITERATIONS / Time: 0h:0m:31s

--------------------------------------------------------------------
|                    FINALIZING TREE SEARCH                        |
--------------------------------------------------------------------
Performs final model parameters optimization
Estimate model parameters (epsilon = 0.010)
1. Initial log-likelihood: -41306.241
Optimal log-likelihood: -41306.241
Rate parameters:  A-C: 1.00000  A-G: 1.00000  A-T: 1.00000  C-G: 1.00000  C-T: 1.00000  G-T: 1.00000
Base frequencies:  A: 0.250  C: 0.250  G: 0.250  T: 0.250
Parameters optimization took 1 rounds (0.012 sec)
BEST SCORE FOUND : -41306.241
Total tree length: 2.405

Total number of iterations: 102
CPU time used for tree search: 8.306 sec (0h:0m:8s)
Wall-clock time used for tree search: 8.355 sec (0h:0m:8s)
Total CPU time used: 36.458 sec (0h:0m:36s)
Total wall-clock time used: 31.478 sec (0h:0m:31s)

Analysis results written to: 
  IQ-TREE report:                exp_stable_0.001/m1_sel1_rep2/iqtree_out.iqtree
  Maximum-likelihood tree:       exp_stable_0.001/m1_sel1_rep2/iqtree_out.treefile
  Likelihood distances:          exp_stable_0.001/m1_sel1_rep2/iqtree_out.mldist
  Screen log file:               exp_stable_0.001/m1_sel1_rep2/iqtree_out.log

Date and Time: Fri May 15 23:56:51 2026
