IQ-TREE version 3.1.1 for MacOS ARM 64-bit built Apr  8 2026
Developed by Bui Quang Minh, Thomas Wong, Nhan Ly-Trong, Huaiyan Ren
Contributed by Lam-Tung Nguyen, Dominik Schrempf, Chris Bielow,
Olga Chernomor, Michael Woodhams, Diep Thi Hoang, Heiko Schmidt

Host:    Noutbuk-maria.local (SSE4.2, 16 GB RAM)
Command: iqtree -s exp_baseline/m10_sel1000_rep5/combined.fasta -m JC -nt AUTO -pre exp_baseline/m10_sel1000_rep5/iqtree_out -seed 1001542 -redo
Seed:    1001542 (Using SPRNG - Scalable Parallel Random Number Generator)
Time:    Tue May 12 14:36:42 2026
Kernel:  SSE2 - auto-detect threads (8 CPU cores detected)

Reading alignment file exp_baseline/m10_sel1000_rep5/combined.fasta ... Fasta format detected
Reading fasta file: done in 0.000699043 secs using 91.41% CPU
Alignment most likely contains DNA/RNA sequences
Constructing alignment: done in 0.001333 secs using 55.66% CPU
Alignment has 30 sequences with 3000 columns, 2016 distinct patterns
2899 parsimony-informative, 0 singleton sites, 100 constant sites
          Gap/Ambiguity  Composition  p-value
Analyzing sequences: done in 4.60148e-05 secs using 260.8% CPU
   1  taxon_1     0.00%    passed      7.85%
   2  taxon_2     0.00%    passed     36.08%
   3  taxon_3     0.00%    passed     59.57%
   4  taxon_4     0.00%    passed     59.69%
   5  taxon_5     0.00%    passed     59.44%
   6  taxon_6     0.00%    passed     86.11%
   7  taxon_7     0.00%    passed     85.54%
   8  taxon_8     0.00%    passed     75.02%
   9  taxon_9     0.00%    passed     90.95%
  10  taxon_10    0.00%    failed      3.82%
  11  taxon_11    0.00%    passed     34.66%
  12  taxon_12    0.00%    passed     65.45%
  13  taxon_13    0.00%    passed      9.96%
  14  taxon_14    0.00%    passed     92.60%
  15  taxon_15    0.00%    passed     24.54%
  16  taxon_16    0.00%    passed     94.74%
  17  taxon_17    0.00%    passed     57.45%
  18  taxon_18    0.00%    passed     24.85%
  19  taxon_19    0.00%    passed     57.18%
  20  taxon_20    0.00%    passed     12.43%
  21  taxon_21    0.00%    passed     40.49%
  22  taxon_22    0.00%    passed     71.04%
  23  taxon_23    0.00%    passed     58.09%
  24  taxon_24    0.00%    passed     24.37%
  25  taxon_25    0.00%    passed     30.23%
  26  taxon_26    0.00%    passed     66.43%
  27  taxon_27    0.00%    passed     64.76%
  28  taxon_28    0.00%    passed     54.57%
  29  taxon_29    0.00%    passed     85.80%
  30  taxon_30    0.00%    passed     88.60%
****  TOTAL       0.00%  1 sequences failed composition chi2 test (p-value<5%; df=3)
Checking for duplicate sequences: done in 0.000130892 secs using 90.15% CPU

Create initial parsimony tree by phylogenetic likelihood library (PLL)... 0.002 seconds

NOTE: 1 MB RAM (0 GB) is required!
Measuring multi-threading efficiency up to 8 CPU cores
Increase to 10 rounds for branch lengths
402 trees examined
Threads: 1 / Time: 8.018 sec / Speedup: 1.000 / Efficiency: 100% / LogL: -109286
Threads: 2 / Time: 8.540 sec / Speedup: 0.939 / Efficiency: 47% / LogL: -109286
Determining AUTO threadcount: done in 16.5583 secs using 108.6% CPU
BEST NUMBER OF THREADS: 1

Estimate model parameters (epsilon = 0.100)
1. Initial log-likelihood: -95808.487
Optimal log-likelihood: -95483.499
Rate parameters:  A-C: 1.00000  A-G: 1.00000  A-T: 1.00000  C-G: 1.00000  C-T: 1.00000  G-T: 1.00000
Base frequencies:  A: 0.250  C: 0.250  G: 0.250  T: 0.250
Parameters optimization took 1 rounds (0.009 sec)
Wrote distance file to... 
Computing ML distances based on estimated model parameters...
Calculating distance matrix: done in 0.00137401 secs using 98.84% CPU
Computing ML distances took 0.001509 sec (of wall-clock time) 0.001486 sec (of CPU time)
WARNING: Some pairwise ML distances are too long (saturated)
Setting up auxiliary I and S matrices: done in 2.5034e-05 secs using 71.9% CPU
Constructing RapidNJ tree: done in 4.60148e-05 secs using 163% CPU
Computing RapidNJ tree took 0.000093 sec (of wall-clock time) 0.000115 sec (of CPU time)
Log-likelihood of RapidNJ tree: -98425.194
--------------------------------------------------------------------
|             INITIALIZING CANDIDATE TREE SET                      |
--------------------------------------------------------------------
Generating 98 parsimony trees... 0.343 second
Computing log-likelihood of 98 initial trees ... 0.231 seconds
Current best score: -95117.564

Do NNI search on 20 best initial trees
Estimate model parameters (epsilon = 0.100)
BETTER TREE FOUND at iteration 1: -95049.744
Iteration 10 / LogL: -95050.178 / Time: 0h:0m:17s
Iteration 20 / LogL: -95052.428 / Time: 0h:0m:17s
Finish initializing candidate tree set (4)
Current best tree score: -95049.744 / CPU time: 1.143
Number of iterations: 20
--------------------------------------------------------------------
|               OPTIMIZING CANDIDATE TREE SET                      |
--------------------------------------------------------------------
Iteration 30 / LogL: -96350.447 / Time: 0h:0m:18s (0h:0m:44s left)
Iteration 40 / LogL: -95060.096 / Time: 0h:0m:18s (0h:0m:28s left)
Iteration 50 / LogL: -96343.376 / Time: 0h:0m:18s (0h:0m:19s left)
Iteration 60 / LogL: -95956.317 / Time: 0h:0m:19s (0h:0m:13s left)
Iteration 70 / LogL: -96074.030 / Time: 0h:0m:19s (0h:0m:8s left)
Iteration 80 / LogL: -95188.325 / Time: 0h:0m:20s (0h:0m:5s left)
Iteration 90 / LogL: -95167.413 / Time: 0h:0m:20s (0h:0m:2s left)
Iteration 100 / LogL: -96846.538 / Time: 0h:0m:20s (0h:0m:0s left)
TREE SEARCH COMPLETED AFTER 102 ITERATIONS / Time: 0h:0m:21s

--------------------------------------------------------------------
|                    FINALIZING TREE SEARCH                        |
--------------------------------------------------------------------
Performs final model parameters optimization
Estimate model parameters (epsilon = 0.010)
1. Initial log-likelihood: -95049.744
Optimal log-likelihood: -95049.708
Rate parameters:  A-C: 1.00000  A-G: 1.00000  A-T: 1.00000  C-G: 1.00000  C-T: 1.00000  G-T: 1.00000
Base frequencies:  A: 0.250  C: 0.250  G: 0.250  T: 0.250
Parameters optimization took 1 rounds (0.005 sec)
BEST SCORE FOUND : -95049.708
Total tree length: 12.217

Total number of iterations: 102
CPU time used for tree search: 4.421 sec (0h:0m:4s)
Wall-clock time used for tree search: 4.438 sec (0h:0m:4s)
Total CPU time used: 22.446 sec (0h:0m:22s)
Total wall-clock time used: 21.042 sec (0h:0m:21s)

Analysis results written to: 
  IQ-TREE report:                exp_baseline/m10_sel1000_rep5/iqtree_out.iqtree
  Maximum-likelihood tree:       exp_baseline/m10_sel1000_rep5/iqtree_out.treefile
  Likelihood distances:          exp_baseline/m10_sel1000_rep5/iqtree_out.mldist
  Screen log file:               exp_baseline/m10_sel1000_rep5/iqtree_out.log

Date and Time: Tue May 12 14:37:03 2026
