IQ-TREE version 3.1.1 for MacOS ARM 64-bit built Apr  8 2026
Developed by Bui Quang Minh, Thomas Wong, Nhan Ly-Trong, Huaiyan Ren
Contributed by Lam-Tung Nguyen, Dominik Schrempf, Chris Bielow,
Olga Chernomor, Michael Woodhams, Diep Thi Hoang, Heiko Schmidt

Host:    Noutbuk-maria.local (SSE4.2, 16 GB RAM)
Command: iqtree -s exp_baseline/m2_sel0_rep3/combined.fasta -m JC -nt AUTO -pre exp_baseline/m2_sel0_rep3/iqtree_out -seed 542 -redo
Seed:    542 (Using SPRNG - Scalable Parallel Random Number Generator)
Time:    Tue May 12 14:01:47 2026
Kernel:  SSE2 - auto-detect threads (8 CPU cores detected)

Reading alignment file exp_baseline/m2_sel0_rep3/combined.fasta ... Fasta format detected
Reading fasta file: done in 0.000488043 secs using 90.77% CPU
NOTE: Change sequence name 'taxon 1' -> taxon_1
NOTE: Change sequence name 'taxon 2' -> taxon_2
NOTE: Change sequence name 'taxon 3' -> taxon_3
NOTE: Change sequence name 'taxon 4' -> taxon_4
NOTE: Change sequence name 'taxon 5' -> taxon_5
NOTE: Change sequence name 'taxon 6' -> taxon_6
NOTE: Change sequence name 'taxon 7' -> taxon_7
NOTE: Change sequence name 'taxon 8' -> taxon_8
NOTE: Change sequence name 'taxon 9' -> taxon_9
NOTE: Change sequence name 'taxon 10' -> taxon_10
NOTE: Change sequence name 'taxon 11' -> taxon_11
NOTE: Change sequence name 'taxon 12' -> taxon_12
NOTE: Change sequence name 'taxon 13' -> taxon_13
NOTE: Change sequence name 'taxon 14' -> taxon_14
NOTE: Change sequence name 'taxon 15' -> taxon_15
NOTE: Change sequence name 'taxon 16' -> taxon_16
NOTE: Change sequence name 'taxon 17' -> taxon_17
NOTE: Change sequence name 'taxon 18' -> taxon_18
NOTE: Change sequence name 'taxon 19' -> taxon_19
NOTE: Change sequence name 'taxon 20' -> taxon_20
NOTE: Change sequence name 'taxon 21' -> taxon_21
NOTE: Change sequence name 'taxon 22' -> taxon_22
NOTE: Change sequence name 'taxon 23' -> taxon_23
NOTE: Change sequence name 'taxon 24' -> taxon_24
NOTE: Change sequence name 'taxon 25' -> taxon_25
NOTE: Change sequence name 'taxon 26' -> taxon_26
NOTE: Change sequence name 'taxon 27' -> taxon_27
NOTE: Change sequence name 'taxon 28' -> taxon_28
NOTE: Change sequence name 'taxon 29' -> taxon_29
NOTE: Change sequence name 'taxon 30' -> taxon_30
Alignment most likely contains DNA/RNA sequences
Constructing alignment: done in 0.000950813 secs using 57.42% CPU
Alignment has 30 sequences with 2000 columns, 2000 distinct patterns
2000 parsimony-informative, 0 singleton sites, 0 constant sites
          Gap/Ambiguity  Composition  p-value
Analyzing sequences: done in 4.88758e-05 secs using 239.4% CPU
   1  taxon_1     0.00%    passed     12.03%
   2  taxon_2     0.00%    passed     76.38%
   3  taxon_3     0.00%    passed     18.14%
   4  taxon_4     0.00%    passed     43.00%
   5  taxon_5     0.00%    passed     13.07%
   6  taxon_6     0.00%    passed     75.99%
   7  taxon_7     0.00%    passed     39.19%
   8  taxon_8     0.00%    passed     99.52%
   9  taxon_9     0.00%    passed     64.74%
  10  taxon_10    0.00%    passed     87.84%
  11  taxon_11    0.00%    passed     17.21%
  12  taxon_12    0.00%    passed     77.05%
  13  taxon_13    0.00%    passed     82.76%
  14  taxon_14    0.00%    passed     24.69%
  15  taxon_15    0.00%    passed     68.78%
  16  taxon_16    0.00%    passed     96.57%
  17  taxon_17    0.00%    passed     93.14%
  18  taxon_18    0.00%    passed     94.41%
  19  taxon_19    0.00%    passed     91.73%
  20  taxon_20    0.00%    passed     76.20%
  21  taxon_21    0.00%    passed     97.05%
  22  taxon_22    0.00%    passed     86.36%
  23  taxon_23    0.00%    passed     23.32%
  24  taxon_24    0.00%    passed     80.39%
  25  taxon_25    0.00%    passed     11.42%
  26  taxon_26    0.00%    passed     38.90%
  27  taxon_27    0.00%    passed     91.14%
  28  taxon_28    0.00%    passed     55.50%
  29  taxon_29    0.00%    passed     21.59%
  30  taxon_30    0.00%    passed     62.27%
****  TOTAL       0.00%  0 sequences failed composition chi2 test (p-value<5%; df=3)
Checking for duplicate sequences: done in 0.000126839 secs using 90.67% CPU

Create initial parsimony tree by phylogenetic likelihood library (PLL)... 0.002 seconds

NOTE: 1 MB RAM (0 GB) is required!
Measuring multi-threading efficiency up to 8 CPU cores
Increase to 10 rounds for branch lengths
385 trees examined
Threads: 1 / Time: 8.012 sec / Speedup: 1.000 / Efficiency: 100% / LogL: -80834
Threads: 2 / Time: 8.949 sec / Speedup: 0.895 / Efficiency: 45% / LogL: -80834
Determining AUTO threadcount: done in 16.9618 secs using 107.9% CPU
BEST NUMBER OF THREADS: 1

Estimate model parameters (epsilon = 0.100)
1. Initial log-likelihood: -75873.405
Optimal log-likelihood: -75211.559
Rate parameters:  A-C: 1.00000  A-G: 1.00000  A-T: 1.00000  C-G: 1.00000  C-T: 1.00000  G-T: 1.00000
Base frequencies:  A: 0.250  C: 0.250  G: 0.250  T: 0.250
Parameters optimization took 1 rounds (0.022 sec)
Wrote distance file to... 
Computing ML distances based on estimated model parameters...
Calculating distance matrix: done in 0.00121498 secs using 99.26% CPU
Computing ML distances took 0.001353 sec (of wall-clock time) 0.001337 sec (of CPU time)
WARNING: Some pairwise ML distances are too long (saturated)
Setting up auxiliary I and S matrices: done in 2.38419e-05 secs using 75.5% CPU
Constructing RapidNJ tree: done in 5.00679e-05 secs using 171.8% CPU
Computing RapidNJ tree took 0.000100 sec (of wall-clock time) 0.000118 sec (of CPU time)
Log-likelihood of RapidNJ tree: -75318.004
--------------------------------------------------------------------
|             INITIALIZING CANDIDATE TREE SET                      |
--------------------------------------------------------------------
Generating 98 parsimony trees... 0.294 second
Computing log-likelihood of 98 initial trees ... 0.259 seconds
Current best score: -75211.559

Do NNI search on 20 best initial trees
Estimate model parameters (epsilon = 0.100)
BETTER TREE FOUND at iteration 1: -75164.415
Estimate model parameters (epsilon = 0.100)
BETTER TREE FOUND at iteration 4: -75164.020
WARNING: NNI search needs unusual large number of steps (30) to converge!
Iteration 10 / LogL: -75165.107 / Time: 0h:0m:18s
Estimate model parameters (epsilon = 0.100)
BETTER TREE FOUND at iteration 16: -75163.729
Iteration 20 / LogL: -75182.711 / Time: 0h:0m:20s
Finish initializing candidate tree set (20)
Current best tree score: -75163.729 / CPU time: 2.930
Number of iterations: 20
--------------------------------------------------------------------
|               OPTIMIZING CANDIDATE TREE SET                      |
--------------------------------------------------------------------
Estimate model parameters (epsilon = 0.100)
BETTER TREE FOUND at iteration 25: -75163.628
Iteration 30 / LogL: -75165.700 / Time: 0h:0m:21s (0h:1m:9s left)
Estimate model parameters (epsilon = 0.100)
BETTER TREE FOUND at iteration 36: -75163.570
Iteration 40 / LogL: -75167.383 / Time: 0h:0m:22s (0h:0m:55s left)
Estimate model parameters (epsilon = 0.100)
BETTER TREE FOUND at iteration 42: -75163.465
Estimate model parameters (epsilon = 0.100)
UPDATE BEST LOG-LIKELIHOOD: -75163.422
Iteration 50 / LogL: -75163.765 / Time: 0h:0m:24s (0h:0m:45s left)
WARNING: NNI search needs unusual large number of steps (30) to converge!
Iteration 60 / LogL: -75167.671 / Time: 0h:0m:25s (0h:0m:35s left)
Estimate model parameters (epsilon = 0.100)
BETTER TREE FOUND at iteration 70: -75163.245
Iteration 70 / LogL: -75163.245 / Time: 0h:0m:27s (0h:0m:39s left)
Iteration 80 / LogL: -75163.439 / Time: 0h:0m:29s (0h:0m:33s left)
Iteration 90 / LogL: -75163.571 / Time: 0h:0m:31s (0h:0m:28s left)
WARNING: NNI search needs unusual large number of steps (30) to converge!
Iteration 100 / LogL: -75164.399 / Time: 0h:0m:32s (0h:0m:22s left)
Iteration 110 / LogL: -75701.377 / Time: 0h:0m:33s (0h:0m:18s left)
Iteration 120 / LogL: -75165.742 / Time: 0h:0m:35s (0h:0m:14s left)
Estimate model parameters (epsilon = 0.100)
BETTER TREE FOUND at iteration 125: -75162.834
Iteration 130 / LogL: -75163.454 / Time: 0h:0m:36s (0h:0m:26s left)
Iteration 140 / LogL: -75164.729 / Time: 0h:0m:37s (0h:0m:23s left)
Estimate model parameters (epsilon = 0.100)
UPDATE BEST LOG-LIKELIHOOD: -75162.539
Iteration 150 / LogL: -75412.245 / Time: 0h:0m:38s (0h:0m:19s left)
Iteration 160 / LogL: -75164.793 / Time: 0h:0m:39s (0h:0m:16s left)
Iteration 170 / LogL: -75162.924 / Time: 0h:0m:41s (0h:0m:13s left)
Iteration 180 / LogL: -75212.073 / Time: 0h:0m:42s (0h:0m:10s left)
Iteration 190 / LogL: -75175.740 / Time: 0h:0m:43s (0h:0m:8s left)
Iteration 200 / LogL: -75163.370 / Time: 0h:0m:44s (0h:0m:5s left)
Estimate model parameters (epsilon = 0.100)
BETTER TREE FOUND at iteration 206: -75162.425
Iteration 210 / LogL: -75168.989 / Time: 0h:0m:45s (0h:0m:20s left)
Iteration 220 / LogL: -75167.047 / Time: 0h:0m:46s (0h:0m:18s left)
Iteration 230 / LogL: -75164.186 / Time: 0h:0m:47s (0h:0m:15s left)
Estimate model parameters (epsilon = 0.100)
UPDATE BEST LOG-LIKELIHOOD: -75161.878
Iteration 240 / LogL: -75163.127 / Time: 0h:0m:48s (0h:0m:13s left)
Iteration 250 / LogL: -75163.406 / Time: 0h:0m:49s (0h:0m:11s left)
Iteration 260 / LogL: -75165.467 / Time: 0h:0m:50s (0h:0m:9s left)
Iteration 270 / LogL: -75172.014 / Time: 0h:0m:51s (0h:0m:6s left)
WARNING: NNI search needs unusual large number of steps (30) to converge!
Iteration 280 / LogL: -75166.263 / Time: 0h:0m:53s (0h:0m:4s left)
Iteration 290 / LogL: -75170.479 / Time: 0h:0m:53s (0h:0m:2s left)
Iteration 300 / LogL: -75298.261 / Time: 0h:0m:55s (0h:0m:1s left)
TREE SEARCH COMPLETED AFTER 307 ITERATIONS / Time: 0h:0m:55s

--------------------------------------------------------------------
|                    FINALIZING TREE SEARCH                        |
--------------------------------------------------------------------
Performs final model parameters optimization
Estimate model parameters (epsilon = 0.010)
1. Initial log-likelihood: -75161.878
Optimal log-likelihood: -75161.486
Rate parameters:  A-C: 1.00000  A-G: 1.00000  A-T: 1.00000  C-G: 1.00000  C-T: 1.00000  G-T: 1.00000
Base frequencies:  A: 0.250  C: 0.250  G: 0.250  T: 0.250
Parameters optimization took 1 rounds (0.026 sec)
BEST SCORE FOUND : -75161.486
Total tree length: 27.431

Total number of iterations: 307
CPU time used for tree search: 38.680 sec (0h:0m:38s)
Wall-clock time used for tree search: 38.774 sec (0h:0m:38s)
Total CPU time used: 57.213 sec (0h:0m:57s)
Total wall-clock time used: 55.959 sec (0h:0m:55s)

Analysis results written to: 
  IQ-TREE report:                exp_baseline/m2_sel0_rep3/iqtree_out.iqtree
  Maximum-likelihood tree:       exp_baseline/m2_sel0_rep3/iqtree_out.treefile
  Likelihood distances:          exp_baseline/m2_sel0_rep3/iqtree_out.mldist
  Screen log file:               exp_baseline/m2_sel0_rep3/iqtree_out.log

Date and Time: Tue May 12 14:02:43 2026
