IQ-TREE version 3.1.1 for MacOS ARM 64-bit built Apr  8 2026
Developed by Bui Quang Minh, Thomas Wong, Nhan Ly-Trong, Huaiyan Ren
Contributed by Lam-Tung Nguyen, Dominik Schrempf, Chris Bielow,
Olga Chernomor, Michael Woodhams, Diep Thi Hoang, Heiko Schmidt

Host:    Noutbuk-maria.local (SSE4.2, 16 GB RAM)
Command: iqtree -s exp_baseline/m50_sel200_rep5/combined.fasta -m JC -nt AUTO -pre exp_baseline/m50_sel200_rep5/iqtree_out -seed 205542 -redo
Seed:    205542 (Using SPRNG - Scalable Parallel Random Number Generator)
Time:    Tue May 12 14:56:03 2026
Kernel:  SSE2 - auto-detect threads (8 CPU cores detected)

Reading alignment file exp_baseline/m50_sel200_rep5/combined.fasta ... Fasta format detected
Reading fasta file: done in 0.000530005 secs using 90.75% CPU
Alignment most likely contains DNA/RNA sequences
Constructing alignment: done in 0.000949144 secs using 60.26% CPU
Alignment has 30 sequences with 2200 columns, 2013 distinct patterns
2197 parsimony-informative, 0 singleton sites, 3 constant sites
          Gap/Ambiguity  Composition  p-value
Analyzing sequences: done in 5.29289e-05 secs using 213.5% CPU
   1  taxon_1     0.00%    passed     11.32%
   2  taxon_2     0.00%    passed     75.08%
   3  taxon_3     0.00%    passed     44.70%
   4  taxon_4     0.00%    passed     52.93%
   5  taxon_5     0.00%    passed     34.76%
   6  taxon_6     0.00%    passed     57.20%
   7  taxon_7     0.00%    passed     13.49%
   8  taxon_8     0.00%    passed     65.43%
   9  taxon_9     0.00%    passed     90.90%
  10  taxon_10    0.00%    passed     71.30%
  11  taxon_11    0.00%    passed     91.50%
  12  taxon_12    0.00%    passed     72.98%
  13  taxon_13    0.00%    passed     43.73%
  14  taxon_14    0.00%    passed     74.99%
  15  taxon_15    0.00%    passed     41.52%
  16  taxon_16    0.00%    passed     39.50%
  17  taxon_17    0.00%    passed     30.24%
  18  taxon_18    0.00%    passed     59.27%
  19  taxon_19    0.00%    passed     16.05%
  20  taxon_20    0.00%    passed     72.24%
  21  taxon_21    0.00%    passed     22.09%
  22  taxon_22    0.00%    passed     33.05%
  23  taxon_23    0.00%    passed     27.40%
  24  taxon_24    0.00%    passed     20.04%
  25  taxon_25    0.00%    passed     75.94%
  26  taxon_26    0.00%    passed     82.23%
  27  taxon_27    0.00%    passed     69.99%
  28  taxon_28    0.00%    passed     63.79%
  29  taxon_29    0.00%    failed      2.15%
  30  taxon_30    0.00%    passed     88.40%
****  TOTAL       0.00%  1 sequences failed composition chi2 test (p-value<5%; df=3)
Checking for duplicate sequences: done in 0.000127077 secs using 90.5% CPU

Create initial parsimony tree by phylogenetic likelihood library (PLL)... 0.002 seconds

NOTE: 1 MB RAM (0 GB) is required!
Measuring multi-threading efficiency up to 8 CPU cores
Increase to 10 rounds for branch lengths
375 trees examined
Threads: 1 / Time: 8.013 sec / Speedup: 1.000 / Efficiency: 100% / LogL: -86889
Threads: 2 / Time: 8.733 sec / Speedup: 0.918 / Efficiency: 46% / LogL: -86889
Determining AUTO threadcount: done in 16.7453 secs using 108% CPU
BEST NUMBER OF THREADS: 1

Estimate model parameters (epsilon = 0.100)
1. Initial log-likelihood: -82474.760
Optimal log-likelihood: -81850.434
Rate parameters:  A-C: 1.00000  A-G: 1.00000  A-T: 1.00000  C-G: 1.00000  C-T: 1.00000  G-T: 1.00000
Base frequencies:  A: 0.250  C: 0.250  G: 0.250  T: 0.250
Parameters optimization took 1 rounds (0.016 sec)
Wrote distance file to... 
Computing ML distances based on estimated model parameters...
Calculating distance matrix: done in 0.00131798 secs using 99.39% CPU
Computing ML distances took 0.001451 sec (of wall-clock time) 0.001436 sec (of CPU time)
WARNING: Some pairwise ML distances are too long (saturated)
Setting up auxiliary I and S matrices: done in 2.59876e-05 secs using 76.96% CPU
Constructing RapidNJ tree: done in 5.29289e-05 secs using 86.91% CPU
Computing RapidNJ tree took 0.000106 sec (of wall-clock time) 0.000074 sec (of CPU time)
Log-likelihood of RapidNJ tree: -82510.521
--------------------------------------------------------------------
|             INITIALIZING CANDIDATE TREE SET                      |
--------------------------------------------------------------------
Generating 98 parsimony trees... 0.298 second
Computing log-likelihood of 98 initial trees ... 0.261 seconds
Current best score: -81757.197

Do NNI search on 20 best initial trees
Estimate model parameters (epsilon = 0.100)
BETTER TREE FOUND at iteration 1: -81561.648
Iteration 10 / LogL: -81609.909 / Time: 0h:0m:17s
Iteration 20 / LogL: -81709.342 / Time: 0h:0m:18s
Finish initializing candidate tree set (18)
Current best tree score: -81561.648 / CPU time: 1.396
Number of iterations: 20
--------------------------------------------------------------------
|               OPTIMIZING CANDIDATE TREE SET                      |
--------------------------------------------------------------------
Iteration 30 / LogL: -81596.533 / Time: 0h:0m:18s (0h:0m:45s left)
Estimate model parameters (epsilon = 0.100)
BETTER TREE FOUND at iteration 39: -81559.982
Iteration 40 / LogL: -81566.388 / Time: 0h:0m:19s (0h:0m:48s left)
Iteration 50 / LogL: -81564.642 / Time: 0h:0m:19s (0h:0m:35s left)
Estimate model parameters (epsilon = 0.100)
UPDATE BEST LOG-LIKELIHOOD: -81559.504
Iteration 60 / LogL: -81562.162 / Time: 0h:0m:20s (0h:0m:27s left)
Iteration 70 / LogL: -81560.945 / Time: 0h:0m:20s (0h:0m:20s left)
Iteration 80 / LogL: -81560.249 / Time: 0h:0m:21s (0h:0m:15s left)
Iteration 90 / LogL: -81622.346 / Time: 0h:0m:21s (0h:0m:12s left)
Iteration 100 / LogL: -81560.124 / Time: 0h:0m:22s (0h:0m:8s left)
Iteration 110 / LogL: -81606.999 / Time: 0h:0m:22s (0h:0m:6s left)
Iteration 120 / LogL: -81825.862 / Time: 0h:0m:23s (0h:0m:3s left)
Iteration 130 / LogL: -81561.071 / Time: 0h:0m:23s (0h:0m:1s left)
Iteration 140 / LogL: -81561.404 / Time: 0h:0m:24s (0h:0m:-1s left)
TREE SEARCH COMPLETED AFTER 140 ITERATIONS / Time: 0h:0m:24s

--------------------------------------------------------------------
|                    FINALIZING TREE SEARCH                        |
--------------------------------------------------------------------
Performs final model parameters optimization
Estimate model parameters (epsilon = 0.010)
1. Initial log-likelihood: -81559.504
Optimal log-likelihood: -81559.490
Rate parameters:  A-C: 1.00000  A-G: 1.00000  A-T: 1.00000  C-G: 1.00000  C-T: 1.00000  G-T: 1.00000
Base frequencies:  A: 0.250  C: 0.250  G: 0.250  T: 0.250
Parameters optimization took 1 rounds (0.003 sec)
BEST SCORE FOUND : -81559.490
Total tree length: 21.367

Total number of iterations: 140
CPU time used for tree search: 7.560 sec (0h:0m:7s)
Wall-clock time used for tree search: 7.605 sec (0h:0m:7s)
Total CPU time used: 25.697 sec (0h:0m:25s)
Total wall-clock time used: 24.410 sec (0h:0m:24s)

Analysis results written to: 
  IQ-TREE report:                exp_baseline/m50_sel200_rep5/iqtree_out.iqtree
  Maximum-likelihood tree:       exp_baseline/m50_sel200_rep5/iqtree_out.treefile
  Likelihood distances:          exp_baseline/m50_sel200_rep5/iqtree_out.mldist
  Screen log file:               exp_baseline/m50_sel200_rep5/iqtree_out.log

Date and Time: Tue May 12 14:56:28 2026
