IQ-TREE version 3.1.1 for MacOS ARM 64-bit built Apr  8 2026
Developed by Bui Quang Minh, Thomas Wong, Nhan Ly-Trong, Huaiyan Ren
Contributed by Lam-Tung Nguyen, Dominik Schrempf, Chris Bielow,
Olga Chernomor, Michael Woodhams, Diep Thi Hoang, Heiko Schmidt

Host:    Noutbuk-maria.local (SSE4.2, 16 GB RAM)
Command: iqtree -s exp_baseline/m100_sel200_rep3/combined.fasta -m JC -nt AUTO -pre exp_baseline/m100_sel200_rep3/iqtree_out -seed 210342 -redo
Seed:    210342 (Using SPRNG - Scalable Parallel Random Number Generator)
Time:    Tue May 12 15:07:47 2026
Kernel:  SSE2 - auto-detect threads (8 CPU cores detected)

Reading alignment file exp_baseline/m100_sel200_rep3/combined.fasta ... Fasta format detected
Reading fasta file: done in 0.000527143 secs using 90.3% CPU
Alignment most likely contains DNA/RNA sequences
Constructing alignment: done in 0.00104117 secs using 56.38% CPU
Alignment has 30 sequences with 2200 columns, 2015 distinct patterns
2196 parsimony-informative, 0 singleton sites, 4 constant sites
          Gap/Ambiguity  Composition  p-value
Analyzing sequences: done in 5.31673e-05 secs using 237% CPU
   1  taxon_1     0.00%    failed      1.85%
   2  taxon_2     0.00%    passed     66.64%
   3  taxon_3     0.00%    passed     30.32%
   4  taxon_4     0.00%    passed     50.13%
   5  taxon_5     0.00%    passed      5.53%
   6  taxon_6     0.00%    passed     78.44%
   7  taxon_7     0.00%    passed     19.92%
   8  taxon_8     0.00%    passed     24.18%
   9  taxon_9     0.00%    passed     44.14%
  10  taxon_10    0.00%    passed     11.38%
  11  taxon_11    0.00%    passed     90.00%
  12  taxon_12    0.00%    passed     44.08%
  13  taxon_13    0.00%    passed     87.06%
  14  taxon_14    0.00%    passed     36.41%
  15  taxon_15    0.00%    passed     37.02%
  16  taxon_16    0.00%    passed     41.11%
  17  taxon_17    0.00%    passed     47.33%
  18  taxon_18    0.00%    passed     35.50%
  19  taxon_19    0.00%    passed     49.55%
  20  taxon_20    0.00%    passed     30.92%
  21  taxon_21    0.00%    passed     56.71%
  22  taxon_22    0.00%    passed     90.86%
  23  taxon_23    0.00%    passed     81.50%
  24  taxon_24    0.00%    passed     44.55%
  25  taxon_25    0.00%    passed     93.30%
  26  taxon_26    0.00%    passed     12.28%
  27  taxon_27    0.00%    passed     66.69%
  28  taxon_28    0.00%    passed     69.38%
  29  taxon_29    0.00%    passed     70.27%
  30  taxon_30    0.00%    passed     31.50%
****  TOTAL       0.00%  1 sequences failed composition chi2 test (p-value<5%; df=3)
Checking for duplicate sequences: done in 0.000132084 secs using 90.09% CPU

Create initial parsimony tree by phylogenetic likelihood library (PLL)... 0.002 seconds

NOTE: 1 MB RAM (0 GB) is required!
Measuring multi-threading efficiency up to 8 CPU cores
Increase to 10 rounds for branch lengths
389 trees examined
Threads: 1 / Time: 8.010 sec / Speedup: 1.000 / Efficiency: 100% / LogL: -86529
Threads: 2 / Time: 8.571 sec / Speedup: 0.935 / Efficiency: 47% / LogL: -86529
Determining AUTO threadcount: done in 16.5812 secs using 108.1% CPU
BEST NUMBER OF THREADS: 1

Estimate model parameters (epsilon = 0.100)
1. Initial log-likelihood: -81760.354
Optimal log-likelihood: -81239.259
Rate parameters:  A-C: 1.00000  A-G: 1.00000  A-T: 1.00000  C-G: 1.00000  C-T: 1.00000  G-T: 1.00000
Base frequencies:  A: 0.250  C: 0.250  G: 0.250  T: 0.250
Parameters optimization took 1 rounds (0.017 sec)
Wrote distance file to... 
Computing ML distances based on estimated model parameters...
Calculating distance matrix: done in 0.00133109 secs using 99.39% CPU
Computing ML distances took 0.001468 sec (of wall-clock time) 0.001452 sec (of CPU time)
WARNING: Some pairwise ML distances are too long (saturated)
Setting up auxiliary I and S matrices: done in 3.50475e-05 secs using 54.21% CPU
Constructing RapidNJ tree: done in 4.88758e-05 secs using 169.8% CPU
Computing RapidNJ tree took 0.000108 sec (of wall-clock time) 0.000116 sec (of CPU time)
Log-likelihood of RapidNJ tree: -81704.177
--------------------------------------------------------------------
|             INITIALIZING CANDIDATE TREE SET                      |
--------------------------------------------------------------------
Generating 98 parsimony trees... 0.247 second
Computing log-likelihood of 98 initial trees ... 0.242 seconds
Current best score: -81239.259

Do NNI search on 20 best initial trees
Estimate model parameters (epsilon = 0.100)
BETTER TREE FOUND at iteration 1: -81238.317
Estimate model parameters (epsilon = 0.100)
BETTER TREE FOUND at iteration 2: -81192.007
Iteration 10 / LogL: -81265.636 / Time: 0h:0m:17s
Iteration 20 / LogL: -81323.671 / Time: 0h:0m:17s
Finish initializing candidate tree set (18)
Current best tree score: -81192.007 / CPU time: 1.297
Number of iterations: 20
--------------------------------------------------------------------
|               OPTIMIZING CANDIDATE TREE SET                      |
--------------------------------------------------------------------
Estimate model parameters (epsilon = 0.100)
BETTER TREE FOUND at iteration 21: -81188.451
Estimate model parameters (epsilon = 0.100)
UPDATE BEST LOG-LIKELIHOOD: -81187.884
Iteration 30 / LogL: -81312.578 / Time: 0h:0m:18s (0h:0m:58s left)
UPDATE BEST LOG-LIKELIHOOD: -81187.882
Iteration 40 / LogL: -81192.014 / Time: 0h:0m:19s (0h:0m:39s left)
Iteration 50 / LogL: -81254.198 / Time: 0h:0m:19s (0h:0m:28s left)
Iteration 60 / LogL: -81188.027 / Time: 0h:0m:20s (0h:0m:21s left)
UPDATE BEST LOG-LIKELIHOOD: -81187.881
Iteration 70 / LogL: -81188.142 / Time: 0h:0m:20s (0h:0m:15s left)
UPDATE BEST LOG-LIKELIHOOD: -81187.881
Iteration 80 / LogL: -81188.101 / Time: 0h:0m:21s (0h:0m:11s left)
Iteration 90 / LogL: -81193.153 / Time: 0h:0m:22s (0h:0m:7s left)
Iteration 100 / LogL: -81192.030 / Time: 0h:0m:22s (0h:0m:4s left)
UPDATE BEST LOG-LIKELIHOOD: -81187.881
Iteration 110 / LogL: -81187.981 / Time: 0h:0m:23s (0h:0m:2s left)
Iteration 120 / LogL: -81395.206 / Time: 0h:0m:23s (0h:0m:0s left)
TREE SEARCH COMPLETED AFTER 122 ITERATIONS / Time: 0h:0m:23s

--------------------------------------------------------------------
|                    FINALIZING TREE SEARCH                        |
--------------------------------------------------------------------
Performs final model parameters optimization
Estimate model parameters (epsilon = 0.010)
1. Initial log-likelihood: -81187.881
Optimal log-likelihood: -81187.880
Rate parameters:  A-C: 1.00000  A-G: 1.00000  A-T: 1.00000  C-G: 1.00000  C-T: 1.00000  G-T: 1.00000
Base frequencies:  A: 0.250  C: 0.250  G: 0.250  T: 0.250
Parameters optimization took 1 rounds (0.003 sec)
BEST SCORE FOUND : -81187.880
Total tree length: 19.574

Total number of iterations: 122
CPU time used for tree search: 7.145 sec (0h:0m:7s)
Wall-clock time used for tree search: 7.177 sec (0h:0m:7s)
Total CPU time used: 25.112 sec (0h:0m:25s)
Total wall-clock time used: 23.806 sec (0h:0m:23s)

Analysis results written to: 
  IQ-TREE report:                exp_baseline/m100_sel200_rep3/iqtree_out.iqtree
  Maximum-likelihood tree:       exp_baseline/m100_sel200_rep3/iqtree_out.treefile
  Likelihood distances:          exp_baseline/m100_sel200_rep3/iqtree_out.mldist
  Screen log file:               exp_baseline/m100_sel200_rep3/iqtree_out.log

Date and Time: Tue May 12 15:08:11 2026
