IQ-TREE version 3.1.1 for MacOS ARM 64-bit built Apr  8 2026
Developed by Bui Quang Minh, Thomas Wong, Nhan Ly-Trong, Huaiyan Ren
Contributed by Lam-Tung Nguyen, Dominik Schrempf, Chris Bielow,
Olga Chernomor, Michael Woodhams, Diep Thi Hoang, Heiko Schmidt

Host:    Noutbuk-maria.local (SSE4.2, 16 GB RAM)
Command: iqtree -s exp_baseline/m10_sel200_rep2/combined.fasta -m JC -nt AUTO -pre exp_baseline/m10_sel200_rep2/iqtree_out -seed 201242 -redo
Seed:    201242 (Using SPRNG - Scalable Parallel Random Number Generator)
Time:    Tue May 12 14:30:41 2026
Kernel:  SSE2 - auto-detect threads (8 CPU cores detected)

Reading alignment file exp_baseline/m10_sel200_rep2/combined.fasta ... Fasta format detected
Reading fasta file: done in 0.000530958 secs using 91.16% CPU
Alignment most likely contains DNA/RNA sequences
Constructing alignment: done in 0.000996113 secs using 57.62% CPU
Alignment has 30 sequences with 2200 columns, 2016 distinct patterns
2180 parsimony-informative, 0 singleton sites, 20 constant sites
          Gap/Ambiguity  Composition  p-value
Analyzing sequences: done in 5.19753e-05 secs using 217.4% CPU
   1  taxon_1     0.00%    passed     41.82%
   2  taxon_2     0.00%    passed     86.83%
   3  taxon_3     0.00%    passed      6.21%
   4  taxon_4     0.00%    passed     77.55%
   5  taxon_5     0.00%    passed     23.37%
   6  taxon_6     0.00%    passed     72.38%
   7  taxon_7     0.00%    passed     80.49%
   8  taxon_8     0.00%    passed     77.15%
   9  taxon_9     0.00%    passed     76.07%
  10  taxon_10    0.00%    passed     54.25%
  11  taxon_11    0.00%    passed     86.89%
  12  taxon_12    0.00%    passed     78.69%
  13  taxon_13    0.00%    failed      2.54%
  14  taxon_14    0.00%    passed     93.68%
  15  taxon_15    0.00%    passed     18.05%
  16  taxon_16    0.00%    passed     91.62%
  17  taxon_17    0.00%    passed     56.35%
  18  taxon_18    0.00%    passed     77.46%
  19  taxon_19    0.00%    passed     30.83%
  20  taxon_20    0.00%    passed     54.40%
  21  taxon_21    0.00%    passed     34.18%
  22  taxon_22    0.00%    passed     59.04%
  23  taxon_23    0.00%    passed      6.55%
  24  taxon_24    0.00%    passed     40.31%
  25  taxon_25    0.00%    passed     20.85%
  26  taxon_26    0.00%    passed     51.90%
  27  taxon_27    0.00%    passed      7.19%
  28  taxon_28    0.00%    passed     69.96%
  29  taxon_29    0.00%    passed     51.36%
  30  taxon_30    0.00%    passed     88.66%
****  TOTAL       0.00%  1 sequences failed composition chi2 test (p-value<5%; df=3)
Checking for duplicate sequences: done in 0.000133038 secs using 88.7% CPU

Create initial parsimony tree by phylogenetic likelihood library (PLL)... 0.003 seconds

NOTE: 1 MB RAM (0 GB) is required!
Measuring multi-threading efficiency up to 8 CPU cores
Increase to 10 rounds for branch lengths
392 trees examined
Threads: 1 / Time: 8.006 sec / Speedup: 1.000 / Efficiency: 100% / LogL: -86795
Threads: 2 / Time: 8.866 sec / Speedup: 0.903 / Efficiency: 45% / LogL: -86795
Determining AUTO threadcount: done in 16.8721 secs using 106.9% CPU
BEST NUMBER OF THREADS: 1

Estimate model parameters (epsilon = 0.100)
1. Initial log-likelihood: -83463.377
Optimal log-likelihood: -83027.823
Rate parameters:  A-C: 1.00000  A-G: 1.00000  A-T: 1.00000  C-G: 1.00000  C-T: 1.00000  G-T: 1.00000
Base frequencies:  A: 0.250  C: 0.250  G: 0.250  T: 0.250
Parameters optimization took 1 rounds (0.012 sec)
Wrote distance file to... 
Computing ML distances based on estimated model parameters...
Calculating distance matrix: done in 0.00142407 secs using 99.36% CPU
Computing ML distances took 0.001560 sec (of wall-clock time) 0.001542 sec (of CPU time)
WARNING: Some pairwise ML distances are too long (saturated)
Setting up auxiliary I and S matrices: done in 2.40803e-05 secs using 70.6% CPU
Constructing RapidNJ tree: done in 4.50611e-05 secs using 86.55% CPU
Computing RapidNJ tree took 0.000091 sec (of wall-clock time) 0.000065 sec (of CPU time)
Log-likelihood of RapidNJ tree: -83591.078
--------------------------------------------------------------------
|             INITIALIZING CANDIDATE TREE SET                      |
--------------------------------------------------------------------
Generating 98 parsimony trees... 0.277 second
Computing log-likelihood of 98 initial trees ... 0.242 seconds
Current best score: -83027.823

Do NNI search on 20 best initial trees
Estimate model parameters (epsilon = 0.100)
BETTER TREE FOUND at iteration 1: -82960.318
Estimate model parameters (epsilon = 0.100)
BETTER TREE FOUND at iteration 2: -82933.402
Iteration 10 / LogL: -83044.014 / Time: 0h:0m:17s
UPDATE BEST LOG-LIKELIHOOD: -82933.398
Iteration 20 / LogL: -83011.072 / Time: 0h:0m:18s
Finish initializing candidate tree set (11)
Current best tree score: -82933.398 / CPU time: 1.527
Number of iterations: 20
--------------------------------------------------------------------
|               OPTIMIZING CANDIDATE TREE SET                      |
--------------------------------------------------------------------
BETTER TREE FOUND at iteration 28: -82933.398
Iteration 30 / LogL: -82933.790 / Time: 0h:0m:19s (0h:1m:4s left)
UPDATE BEST LOG-LIKELIHOOD: -82933.398
UPDATE BEST LOG-LIKELIHOOD: -82933.398
Iteration 40 / LogL: -83177.861 / Time: 0h:0m:19s (0h:0m:44s left)
Iteration 50 / LogL: -82933.400 / Time: 0h:0m:20s (0h:0m:32s left)
Iteration 60 / LogL: -82933.398 / Time: 0h:0m:20s (0h:0m:24s left)
Iteration 70 / LogL: -82933.784 / Time: 0h:0m:21s (0h:0m:18s left)
UPDATE BEST LOG-LIKELIHOOD: -82933.398
Iteration 80 / LogL: -82933.399 / Time: 0h:0m:22s (0h:0m:13s left)
UPDATE BEST LOG-LIKELIHOOD: -82933.398
Iteration 90 / LogL: -82933.401 / Time: 0h:0m:22s (0h:0m:9s left)
Iteration 100 / LogL: -82933.791 / Time: 0h:0m:23s (0h:0m:6s left)
Iteration 110 / LogL: -82933.406 / Time: 0h:0m:24s (0h:0m:4s left)
Iteration 120 / LogL: -82933.777 / Time: 0h:0m:24s (0h:0m:1s left)
TREE SEARCH COMPLETED AFTER 129 ITERATIONS / Time: 0h:0m:25s

--------------------------------------------------------------------
|                    FINALIZING TREE SEARCH                        |
--------------------------------------------------------------------
Performs final model parameters optimization
Estimate model parameters (epsilon = 0.010)
1. Initial log-likelihood: -82933.398
Optimal log-likelihood: -82933.398
Rate parameters:  A-C: 1.00000  A-G: 1.00000  A-T: 1.00000  C-G: 1.00000  C-T: 1.00000  G-T: 1.00000
Base frequencies:  A: 0.250  C: 0.250  G: 0.250  T: 0.250
Parameters optimization took 1 rounds (0.003 sec)
BEST SCORE FOUND : -82933.398
Total tree length: 21.070

Total number of iterations: 129
CPU time used for tree search: 8.586 sec (0h:0m:8s)
Wall-clock time used for tree search: 8.638 sec (0h:0m:8s)
Total CPU time used: 26.669 sec (0h:0m:26s)
Total wall-clock time used: 25.563 sec (0h:0m:25s)

Analysis results written to: 
  IQ-TREE report:                exp_baseline/m10_sel200_rep2/iqtree_out.iqtree
  Maximum-likelihood tree:       exp_baseline/m10_sel200_rep2/iqtree_out.treefile
  Likelihood distances:          exp_baseline/m10_sel200_rep2/iqtree_out.mldist
  Screen log file:               exp_baseline/m10_sel200_rep2/iqtree_out.log

Date and Time: Tue May 12 14:31:07 2026
