IQ-TREE version 3.1.1 for MacOS ARM 64-bit built Apr  8 2026
Developed by Bui Quang Minh, Thomas Wong, Nhan Ly-Trong, Huaiyan Ren
Contributed by Lam-Tung Nguyen, Dominik Schrempf, Chris Bielow,
Olga Chernomor, Michael Woodhams, Diep Thi Hoang, Heiko Schmidt

Host:    Noutbuk-maria.local (SSE4.2, 16 GB RAM)
Command: iqtree -s exp_stable_0.001/m1_sel1_rep3/neutral.fasta -m JC -nt AUTO -pre exp_stable_0.001/m1_sel1_rep3/iqtree_out -seed 1442 -redo
Seed:    1442 (Using SPRNG - Scalable Parallel Random Number Generator)
Time:    Sun May 17 02:23:49 2026
Kernel:  SSE2 - auto-detect threads (8 CPU cores detected)

Reading alignment file exp_stable_0.001/m1_sel1_rep3/neutral.fasta ... Fasta format detected
Reading fasta file: done in 0.00117707 secs using 89.71% CPU
Alignment most likely contains DNA/RNA sequences
Constructing alignment: done in 0.00159287 secs using 60.27% CPU
Alignment has 50 sequences with 3000 columns, 2129 distinct patterns
1403 parsimony-informative, 1118 singleton sites, 479 constant sites
          Gap/Ambiguity  Composition  p-value
Analyzing sequences: done in 6.58035e-05 secs using 349.5% CPU
   1  taxon_1     0.00%    passed     93.63%
   2  taxon_2     0.00%    passed     96.39%
   3  taxon_3     0.00%    passed     99.05%
   4  taxon_4     0.00%    passed     98.30%
   5  taxon_5     0.00%    passed     99.21%
   6  taxon_6     0.00%    passed     99.89%
   7  taxon_7     0.00%    passed     99.82%
   8  taxon_8     0.00%    passed     89.99%
   9  taxon_9     0.00%    passed     99.54%
  10  taxon_10    0.00%    passed     98.86%
  11  taxon_11    0.00%    passed     99.65%
  12  taxon_12    0.00%    passed     92.21%
  13  taxon_13    0.00%    passed     95.79%
  14  taxon_14    0.00%    passed     88.30%
  15  taxon_15    0.00%    passed     99.78%
  16  taxon_16    0.00%    passed     96.41%
  17  taxon_17    0.00%    passed     90.61%
  18  taxon_18    0.00%    passed     99.11%
  19  taxon_19    0.00%    passed     99.22%
  20  taxon_20    0.00%    passed     88.56%
  21  taxon_21    0.00%    passed     99.50%
  22  taxon_22    0.00%    passed     95.36%
  23  taxon_23    0.00%    passed     91.84%
  24  taxon_24    0.00%    passed     98.42%
  25  taxon_25    0.00%    passed     90.95%
  26  taxon_26    0.00%    passed     86.13%
  27  taxon_27    0.00%    passed     95.51%
  28  taxon_28    0.00%    passed     97.17%
  29  taxon_29    0.00%    passed     93.14%
  30  taxon_30    0.00%    passed     99.24%
  31  taxon_31    0.00%    passed     95.54%
  32  taxon_32    0.00%    passed     97.39%
  33  taxon_33    0.00%    passed     99.38%
  34  taxon_34    0.00%    passed     98.01%
  35  taxon_35    0.00%    passed     99.62%
  36  taxon_36    0.00%    passed     95.37%
  37  taxon_37    0.00%    passed     98.75%
  38  taxon_38    0.00%    passed     99.96%
  39  taxon_39    0.00%    passed     90.44%
  40  taxon_40    0.00%    passed     84.79%
  41  taxon_41    0.00%    passed     88.75%
  42  taxon_42    0.00%    passed     87.68%
  43  taxon_43    0.00%    passed     95.29%
  44  taxon_44    0.00%    passed     99.38%
  45  taxon_45    0.00%    passed     98.94%
  46  taxon_46    0.00%    passed     90.42%
  47  taxon_47    0.00%    passed     86.33%
  48  taxon_48    0.00%    passed     96.58%
  49  taxon_49    0.00%    passed     98.66%
  50  taxon_50    0.00%    passed     40.50%
****  TOTAL       0.00%  0 sequences failed composition chi2 test (p-value<5%; df=3)
Checking for duplicate sequences: done in 0.000221014 secs using 92.3% CPU

Create initial parsimony tree by phylogenetic likelihood library (PLL)... 0.004 seconds

NOTE: 3 MB RAM (0 GB) is required!
Measuring multi-threading efficiency up to 8 CPU cores
Increase to 10 rounds for branch lengths
394 trees examined
Threads: 1 / Time: 8.004 sec / Speedup: 1.000 / Efficiency: 100% / LogL: -50928
Threads: 2 / Time: 7.831 sec / Speedup: 1.022 / Efficiency: 51% / LogL: -50928
Threads: 3 / Time: 7.482 sec / Speedup: 1.070 / Efficiency: 36% / LogL: -50928
Determining AUTO threadcount: done in 23.3174 secs using 121.6% CPU
BEST NUMBER OF THREADS: 1

Estimate model parameters (epsilon = 0.100)
1. Initial log-likelihood: -34547.537
Optimal log-likelihood: -34537.420
Rate parameters:  A-C: 1.00000  A-G: 1.00000  A-T: 1.00000  C-G: 1.00000  C-T: 1.00000  G-T: 1.00000
Base frequencies:  A: 0.250  C: 0.250  G: 0.250  T: 0.250
Parameters optimization took 1 rounds (0.009 sec)
Wrote distance file to... 
Computing ML distances based on estimated model parameters...
Calculating distance matrix: done in 0.00514793 secs using 93.57% CPU
Computing ML distances took 0.005385 sec (of wall-clock time) 0.005041 sec (of CPU time)
Setting up auxiliary I and S matrices: done in 4.29153e-05 secs using 79.23% CPU
Constructing RapidNJ tree: done in 9.799e-05 secs using 88.78% CPU
Computing RapidNJ tree took 0.000164 sec (of wall-clock time) 0.000130 sec (of CPU time)
Log-likelihood of RapidNJ tree: -34649.298
--------------------------------------------------------------------
|             INITIALIZING CANDIDATE TREE SET                      |
--------------------------------------------------------------------
Generating 98 parsimony trees... 0.371 second
Computing log-likelihood of 98 initial trees ... 0.444 seconds
Current best score: -34536.417

Do NNI search on 20 best initial trees
Estimate model parameters (epsilon = 0.100)
BETTER TREE FOUND at iteration 1: -34536.396
Iteration 10 / LogL: -34536.396 / Time: 0h:0m:24s
Iteration 20 / LogL: -34536.396 / Time: 0h:0m:25s
Finish initializing candidate tree set (1)
Current best tree score: -34536.396 / CPU time: 1.719
Number of iterations: 20
--------------------------------------------------------------------
|               OPTIMIZING CANDIDATE TREE SET                      |
--------------------------------------------------------------------
Iteration 30 / LogL: -34536.407 / Time: 0h:0m:25s (0h:1m:2s left)
UPDATE BEST LOG-LIKELIHOOD: -34536.395
Iteration 40 / LogL: -34536.398 / Time: 0h:0m:26s (0h:0m:41s left)
Iteration 50 / LogL: -34536.412 / Time: 0h:0m:26s (0h:0m:28s left)
Iteration 60 / LogL: -34536.400 / Time: 0h:0m:27s (0h:0m:19s left)
UPDATE BEST LOG-LIKELIHOOD: -34536.395
Iteration 70 / LogL: -34536.396 / Time: 0h:0m:28s (0h:0m:12s left)
Iteration 80 / LogL: -34536.399 / Time: 0h:0m:28s (0h:0m:7s left)
Iteration 90 / LogL: -34536.404 / Time: 0h:0m:29s (0h:0m:3s left)
Iteration 100 / LogL: -34536.396 / Time: 0h:0m:30s (0h:0m:0s left)
TREE SEARCH COMPLETED AFTER 102 ITERATIONS / Time: 0h:0m:30s

--------------------------------------------------------------------
|                    FINALIZING TREE SEARCH                        |
--------------------------------------------------------------------
Performs final model parameters optimization
Estimate model parameters (epsilon = 0.010)
1. Initial log-likelihood: -34536.395
Optimal log-likelihood: -34536.395
Rate parameters:  A-C: 1.00000  A-G: 1.00000  A-T: 1.00000  C-G: 1.00000  C-T: 1.00000  G-T: 1.00000
Base frequencies:  A: 0.250  C: 0.250  G: 0.250  T: 0.250
Parameters optimization took 1 rounds (0.005 sec)
BEST SCORE FOUND : -34536.395
Total tree length: 1.827

Total number of iterations: 102
CPU time used for tree search: 6.865 sec (0h:0m:6s)
Wall-clock time used for tree search: 6.940 sec (0h:0m:6s)
Total CPU time used: 35.269 sec (0h:0m:35s)
Total wall-clock time used: 30.306 sec (0h:0m:30s)

Analysis results written to: 
  IQ-TREE report:                exp_stable_0.001/m1_sel1_rep3/iqtree_out.iqtree
  Maximum-likelihood tree:       exp_stable_0.001/m1_sel1_rep3/iqtree_out.treefile
  Likelihood distances:          exp_stable_0.001/m1_sel1_rep3/iqtree_out.mldist
  Screen log file:               exp_stable_0.001/m1_sel1_rep3/iqtree_out.log

Date and Time: Sun May 17 02:24:20 2026
