IQ-TREE version 3.1.1 for MacOS ARM 64-bit built Apr  8 2026
Developed by Bui Quang Minh, Thomas Wong, Nhan Ly-Trong, Huaiyan Ren
Contributed by Lam-Tung Nguyen, Dominik Schrempf, Chris Bielow,
Olga Chernomor, Michael Woodhams, Diep Thi Hoang, Heiko Schmidt

Host:    Noutbuk-maria.local (SSE4.2, 16 GB RAM)
Command: iqtree -s exp_baseline/m50_sel1000_rep5/combined.fasta -m JC -nt AUTO -pre exp_baseline/m50_sel1000_rep5/iqtree_out -seed 1005542 -redo
Seed:    1005542 (Using SPRNG - Scalable Parallel Random Number Generator)
Time:    Tue May 12 15:00:56 2026
Kernel:  SSE2 - auto-detect threads (8 CPU cores detected)

Reading alignment file exp_baseline/m50_sel1000_rep5/combined.fasta ... Fasta format detected
Reading fasta file: done in 0.000711203 secs using 90.69% CPU
Alignment most likely contains DNA/RNA sequences
Constructing alignment: done in 0.00131011 secs using 54.8% CPU
Alignment has 30 sequences with 3000 columns, 2016 distinct patterns
2979 parsimony-informative, 0 singleton sites, 21 constant sites
          Gap/Ambiguity  Composition  p-value
Analyzing sequences: done in 4.29153e-05 secs using 270.3% CPU
   1  taxon_1     0.00%    passed     17.66%
   2  taxon_2     0.00%    passed     56.43%
   3  taxon_3     0.00%    passed     10.64%
   4  taxon_4     0.00%    passed     80.85%
   5  taxon_5     0.00%    passed     30.53%
   6  taxon_6     0.00%    passed     50.49%
   7  taxon_7     0.00%    passed      8.02%
   8  taxon_8     0.00%    passed     51.26%
   9  taxon_9     0.00%    passed     90.18%
  10  taxon_10    0.00%    passed     26.06%
  11  taxon_11    0.00%    passed     48.30%
  12  taxon_12    0.00%    passed     14.60%
  13  taxon_13    0.00%    passed     35.07%
  14  taxon_14    0.00%    passed      9.87%
  15  taxon_15    0.00%    failed      1.71%
  16  taxon_16    0.00%    passed     24.64%
  17  taxon_17    0.00%    passed     69.60%
  18  taxon_18    0.00%    passed     29.20%
  19  taxon_19    0.00%    passed      7.69%
  20  taxon_20    0.00%    passed     32.99%
  21  taxon_21    0.00%    passed      9.57%
  22  taxon_22    0.00%    passed     16.13%
  23  taxon_23    0.00%    passed     32.65%
  24  taxon_24    0.00%    passed     41.37%
  25  taxon_25    0.00%    passed     81.87%
  26  taxon_26    0.00%    failed      3.57%
  27  taxon_27    0.00%    passed     22.31%
  28  taxon_28    0.00%    passed     11.73%
  29  taxon_29    0.00%    passed     37.41%
  30  taxon_30    0.00%    passed     90.62%
****  TOTAL       0.00%  2 sequences failed composition chi2 test (p-value<5%; df=3)
Checking for duplicate sequences: done in 0.000128984 secs using 90.71% CPU

Create initial parsimony tree by phylogenetic likelihood library (PLL)... 0.003 seconds

NOTE: 1 MB RAM (0 GB) is required!
Measuring multi-threading efficiency up to 8 CPU cores
Increase to 10 rounds for branch lengths
416 trees examined
Threads: 1 / Time: 8.020 sec / Speedup: 1.000 / Efficiency: 100% / LogL: -111736
Threads: 2 / Time: 8.369 sec / Speedup: 0.958 / Efficiency: 48% / LogL: -111736
Determining AUTO threadcount: done in 16.3893 secs using 108.6% CPU
BEST NUMBER OF THREADS: 1

Estimate model parameters (epsilon = 0.100)
1. Initial log-likelihood: -92269.180
Optimal log-likelihood: -91941.858
Rate parameters:  A-C: 1.00000  A-G: 1.00000  A-T: 1.00000  C-G: 1.00000  C-T: 1.00000  G-T: 1.00000
Base frequencies:  A: 0.250  C: 0.250  G: 0.250  T: 0.250
Parameters optimization took 1 rounds (0.028 sec)
Wrote distance file to... 
Computing ML distances based on estimated model parameters...
Calculating distance matrix: done in 0.00149083 secs using 99.41% CPU
Computing ML distances took 0.001645 sec (of wall-clock time) 0.001625 sec (of CPU time)
WARNING: Some pairwise ML distances are too long (saturated)
Setting up auxiliary I and S matrices: done in 3.09944e-05 secs using 67.75% CPU
Constructing RapidNJ tree: done in 4.50611e-05 secs using 159.8% CPU
Computing RapidNJ tree took 0.000101 sec (of wall-clock time) 0.000124 sec (of CPU time)
Log-likelihood of RapidNJ tree: -92991.233
--------------------------------------------------------------------
|             INITIALIZING CANDIDATE TREE SET                      |
--------------------------------------------------------------------
Generating 98 parsimony trees... 0.361 second
Computing log-likelihood of 98 initial trees ... 0.239 seconds
Current best score: -91941.858

Do NNI search on 20 best initial trees
Estimate model parameters (epsilon = 0.100)
BETTER TREE FOUND at iteration 1: -91890.917
Iteration 10 / LogL: -91904.418 / Time: 0h:0m:17s
Iteration 20 / LogL: -91932.908 / Time: 0h:0m:17s
Finish initializing candidate tree set (9)
Current best tree score: -91890.917 / CPU time: 1.441
Number of iterations: 20
--------------------------------------------------------------------
|               OPTIMIZING CANDIDATE TREE SET                      |
--------------------------------------------------------------------
Iteration 30 / LogL: -93730.038 / Time: 0h:0m:18s (0h:0m:45s left)
Iteration 40 / LogL: -91892.819 / Time: 0h:0m:19s (0h:0m:29s left)
Iteration 50 / LogL: -91922.445 / Time: 0h:0m:19s (0h:0m:20s left)
Iteration 60 / LogL: -91899.113 / Time: 0h:0m:20s (0h:0m:14s left)
Iteration 70 / LogL: -91898.930 / Time: 0h:0m:20s (0h:0m:9s left)
Iteration 80 / LogL: -91902.254 / Time: 0h:0m:21s (0h:0m:5s left)
Iteration 90 / LogL: -91905.548 / Time: 0h:0m:21s (0h:0m:2s left)
Estimate model parameters (epsilon = 0.100)
UPDATE BEST LOG-LIKELIHOOD: -91890.801
Iteration 100 / LogL: -91890.801 / Time: 0h:0m:22s (0h:0m:0s left)
TREE SEARCH COMPLETED AFTER 102 ITERATIONS / Time: 0h:0m:22s

--------------------------------------------------------------------
|                    FINALIZING TREE SEARCH                        |
--------------------------------------------------------------------
Performs final model parameters optimization
Estimate model parameters (epsilon = 0.010)
1. Initial log-likelihood: -91890.801
Optimal log-likelihood: -91890.798
Rate parameters:  A-C: 1.00000  A-G: 1.00000  A-T: 1.00000  C-G: 1.00000  C-T: 1.00000  G-T: 1.00000
Base frequencies:  A: 0.250  C: 0.250  G: 0.250  T: 0.250
Parameters optimization took 1 rounds (0.003 sec)
BEST SCORE FOUND : -91890.798
Total tree length: 12.469

Total number of iterations: 102
CPU time used for tree search: 5.895 sec (0h:0m:5s)
Wall-clock time used for tree search: 5.911 sec (0h:0m:5s)
Total CPU time used: 23.781 sec (0h:0m:23s)
Total wall-clock time used: 22.389 sec (0h:0m:22s)

Analysis results written to: 
  IQ-TREE report:                exp_baseline/m50_sel1000_rep5/iqtree_out.iqtree
  Maximum-likelihood tree:       exp_baseline/m50_sel1000_rep5/iqtree_out.treefile
  Likelihood distances:          exp_baseline/m50_sel1000_rep5/iqtree_out.mldist
  Screen log file:               exp_baseline/m50_sel1000_rep5/iqtree_out.log

Date and Time: Tue May 12 15:01:19 2026
