IQ-TREE version 3.1.1 for MacOS ARM 64-bit built Apr  8 2026
Developed by Bui Quang Minh, Thomas Wong, Nhan Ly-Trong, Huaiyan Ren
Contributed by Lam-Tung Nguyen, Dominik Schrempf, Chris Bielow,
Olga Chernomor, Michael Woodhams, Diep Thi Hoang, Heiko Schmidt

Host:    Noutbuk-maria.local (SSE4.2, 16 GB RAM)
Command: iqtree -s exp_baseline/m2_sel50_rep4/combined.fasta -m JC -nt AUTO -pre exp_baseline/m2_sel50_rep4/iqtree_out -seed 50642 -redo
Seed:    50642 (Using SPRNG - Scalable Parallel Random Number Generator)
Time:    Tue May 12 14:05:22 2026
Kernel:  SSE2 - auto-detect threads (8 CPU cores detected)

Reading alignment file exp_baseline/m2_sel50_rep4/combined.fasta ... Fasta format detected
Reading fasta file: done in 0.000496864 secs using 90.97% CPU
Alignment most likely contains DNA/RNA sequences
Constructing alignment: done in 0.000972033 secs using 57.1% CPU
Alignment has 30 sequences with 2050 columns, 2016 distinct patterns
2031 parsimony-informative, 0 singleton sites, 19 constant sites
          Gap/Ambiguity  Composition  p-value
Analyzing sequences: done in 5.79357e-05 secs using 196.8% CPU
   1  taxon_1     0.00%    passed     82.34%
   2  taxon_2     0.00%    passed     63.67%
   3  taxon_3     0.00%    passed     13.74%
   4  taxon_4     0.00%    passed     57.90%
   5  taxon_5     0.00%    passed     78.34%
   6  taxon_6     0.00%    passed     31.31%
   7  taxon_7     0.00%    passed     15.04%
   8  taxon_8     0.00%    passed      5.12%
   9  taxon_9     0.00%    passed     81.92%
  10  taxon_10    0.00%    passed      7.32%
  11  taxon_11    0.00%    passed     97.73%
  12  taxon_12    0.00%    passed      6.30%
  13  taxon_13    0.00%    passed     46.25%
  14  taxon_14    0.00%    passed     31.68%
  15  taxon_15    0.00%    passed      5.05%
  16  taxon_16    0.00%    passed     88.74%
  17  taxon_17    0.00%    passed     78.11%
  18  taxon_18    0.00%    passed     27.71%
  19  taxon_19    0.00%    passed     98.74%
  20  taxon_20    0.00%    passed     67.55%
  21  taxon_21    0.00%    passed     49.85%
  22  taxon_22    0.00%    passed     62.56%
  23  taxon_23    0.00%    passed     10.67%
  24  taxon_24    0.00%    passed     85.40%
  25  taxon_25    0.00%    passed     69.25%
  26  taxon_26    0.00%    failed      1.99%
  27  taxon_27    0.00%    passed     54.38%
  28  taxon_28    0.00%    passed     86.28%
  29  taxon_29    0.00%    passed     27.15%
  30  taxon_30    0.00%    passed     86.60%
****  TOTAL       0.00%  1 sequences failed composition chi2 test (p-value<5%; df=3)
Checking for duplicate sequences: done in 0.000128031 secs using 92.95% CPU

Create initial parsimony tree by phylogenetic likelihood library (PLL)... 0.002 seconds

NOTE: 1 MB RAM (0 GB) is required!
Measuring multi-threading efficiency up to 8 CPU cores
Increase to 10 rounds for branch lengths
391 trees examined
Threads: 1 / Time: 8.015 sec / Speedup: 1.000 / Efficiency: 100% / LogL: -82258
Threads: 2 / Time: 8.786 sec / Speedup: 0.912 / Efficiency: 46% / LogL: -82258
Determining AUTO threadcount: done in 16.8016 secs using 107.7% CPU
BEST NUMBER OF THREADS: 1

Estimate model parameters (epsilon = 0.100)
1. Initial log-likelihood: -77383.667
Optimal log-likelihood: -76696.258
Rate parameters:  A-C: 1.00000  A-G: 1.00000  A-T: 1.00000  C-G: 1.00000  C-T: 1.00000  G-T: 1.00000
Base frequencies:  A: 0.250  C: 0.250  G: 0.250  T: 0.250
Parameters optimization took 1 rounds (0.017 sec)
Wrote distance file to... 
Computing ML distances based on estimated model parameters...
Calculating distance matrix: done in 0.001508 secs using 99.47% CPU
Computing ML distances took 0.001644 sec (of wall-clock time) 0.001628 sec (of CPU time)
WARNING: Some pairwise ML distances are too long (saturated)
Setting up auxiliary I and S matrices: done in 2.40803e-05 secs using 74.75% CPU
Constructing RapidNJ tree: done in 5.00679e-05 secs using 161.8% CPU
Computing RapidNJ tree took 0.000096 sec (of wall-clock time) 0.000123 sec (of CPU time)
Log-likelihood of RapidNJ tree: -76689.255
--------------------------------------------------------------------
|             INITIALIZING CANDIDATE TREE SET                      |
--------------------------------------------------------------------
Generating 98 parsimony trees... 0.286 second
Computing log-likelihood of 98 initial trees ... 0.245 seconds
Current best score: -76689.255

Do NNI search on 20 best initial trees
Estimate model parameters (epsilon = 0.100)
BETTER TREE FOUND at iteration 1: -76672.730
Iteration 10 / LogL: -76676.221 / Time: 0h:0m:17s
Iteration 20 / LogL: -76702.449 / Time: 0h:0m:18s
Finish initializing candidate tree set (4)
Current best tree score: -76672.730 / CPU time: 1.455
Number of iterations: 20
--------------------------------------------------------------------
|               OPTIMIZING CANDIDATE TREE SET                      |
--------------------------------------------------------------------
Iteration 30 / LogL: -76672.984 / Time: 0h:0m:18s (0h:0m:46s left)
Iteration 40 / LogL: -76676.342 / Time: 0h:0m:19s (0h:0m:30s left)
Iteration 50 / LogL: -76675.553 / Time: 0h:0m:20s (0h:0m:20s left)
Iteration 60 / LogL: -76677.262 / Time: 0h:0m:20s (0h:0m:14s left)
Iteration 70 / LogL: -76674.062 / Time: 0h:0m:21s (0h:0m:9s left)
Iteration 80 / LogL: -76675.500 / Time: 0h:0m:21s (0h:0m:5s left)
Iteration 90 / LogL: -76675.577 / Time: 0h:0m:22s (0h:0m:2s left)
Iteration 100 / LogL: -76673.220 / Time: 0h:0m:22s (0h:0m:0s left)
TREE SEARCH COMPLETED AFTER 102 ITERATIONS / Time: 0h:0m:23s

--------------------------------------------------------------------
|                    FINALIZING TREE SEARCH                        |
--------------------------------------------------------------------
Performs final model parameters optimization
Estimate model parameters (epsilon = 0.010)
1. Initial log-likelihood: -76672.730
Optimal log-likelihood: -76672.660
Rate parameters:  A-C: 1.00000  A-G: 1.00000  A-T: 1.00000  C-G: 1.00000  C-T: 1.00000  G-T: 1.00000
Base frequencies:  A: 0.250  C: 0.250  G: 0.250  T: 0.250
Parameters optimization took 1 rounds (0.005 sec)
BEST SCORE FOUND : -76672.660
Total tree length: 21.294

Total number of iterations: 102
CPU time used for tree search: 6.167 sec (0h:0m:6s)
Wall-clock time used for tree search: 6.191 sec (0h:0m:6s)
Total CPU time used: 24.354 sec (0h:0m:24s)
Total wall-clock time used: 23.078 sec (0h:0m:23s)

Analysis results written to: 
  IQ-TREE report:                exp_baseline/m2_sel50_rep4/iqtree_out.iqtree
  Maximum-likelihood tree:       exp_baseline/m2_sel50_rep4/iqtree_out.treefile
  Likelihood distances:          exp_baseline/m2_sel50_rep4/iqtree_out.mldist
  Screen log file:               exp_baseline/m2_sel50_rep4/iqtree_out.log

Date and Time: Tue May 12 14:05:45 2026
