IQ-TREE version 3.1.1 for MacOS ARM 64-bit built Apr  8 2026
Developed by Bui Quang Minh, Thomas Wong, Nhan Ly-Trong, Huaiyan Ren
Contributed by Lam-Tung Nguyen, Dominik Schrempf, Chris Bielow,
Olga Chernomor, Michael Woodhams, Diep Thi Hoang, Heiko Schmidt

Host:    Noutbuk-maria.local (SSE4.2, 16 GB RAM)
Command: iqtree -s exp_baseline/m10_sel500_rep1/combined.fasta -m JC -nt AUTO -pre exp_baseline/m10_sel500_rep1/iqtree_out -seed 501142 -redo
Seed:    501142 (Using SPRNG - Scalable Parallel Random Number Generator)
Time:    Tue May 12 14:32:40 2026
Kernel:  SSE2 - auto-detect threads (8 CPU cores detected)

Reading alignment file exp_baseline/m10_sel500_rep1/combined.fasta ... Fasta format detected
Reading fasta file: done in 0.000592947 secs using 90.56% CPU
Alignment most likely contains DNA/RNA sequences
Constructing alignment: done in 0.00107288 secs using 58.81% CPU
Alignment has 30 sequences with 2500 columns, 2016 distinct patterns
2455 parsimony-informative, 0 singleton sites, 45 constant sites
          Gap/Ambiguity  Composition  p-value
Analyzing sequences: done in 4.31538e-05 secs using 285% CPU
   1  taxon_1     0.00%    passed     30.84%
   2  taxon_2     0.00%    passed     99.17%
   3  taxon_3     0.00%    passed     97.56%
   4  taxon_4     0.00%    passed     86.47%
   5  taxon_5     0.00%    passed     67.18%
   6  taxon_6     0.00%    passed     58.29%
   7  taxon_7     0.00%    passed     63.99%
   8  taxon_8     0.00%    passed      5.50%
   9  taxon_9     0.00%    passed      8.24%
  10  taxon_10    0.00%    passed     39.00%
  11  taxon_11    0.00%    passed     43.95%
  12  taxon_12    0.00%    passed     93.76%
  13  taxon_13    0.00%    passed     80.04%
  14  taxon_14    0.00%    passed     88.48%
  15  taxon_15    0.00%    passed     58.59%
  16  taxon_16    0.00%    passed     93.30%
  17  taxon_17    0.00%    passed     82.38%
  18  taxon_18    0.00%    passed     48.42%
  19  taxon_19    0.00%    passed     65.53%
  20  taxon_20    0.00%    passed     58.31%
  21  taxon_21    0.00%    passed     62.40%
  22  taxon_22    0.00%    passed     72.41%
  23  taxon_23    0.00%    passed     28.47%
  24  taxon_24    0.00%    passed     18.44%
  25  taxon_25    0.00%    passed     71.84%
  26  taxon_26    0.00%    passed     82.46%
  27  taxon_27    0.00%    passed     82.32%
  28  taxon_28    0.00%    passed     94.38%
  29  taxon_29    0.00%    passed     99.97%
  30  taxon_30    0.00%    passed     77.78%
****  TOTAL       0.00%  0 sequences failed composition chi2 test (p-value<5%; df=3)
Checking for duplicate sequences: done in 0.000133038 secs using 89.45% CPU

Create initial parsimony tree by phylogenetic likelihood library (PLL)... 0.002 seconds

NOTE: 1 MB RAM (0 GB) is required!
Measuring multi-threading efficiency up to 8 CPU cores
Increase to 10 rounds for branch lengths
394 trees examined
Threads: 1 / Time: 8.007 sec / Speedup: 1.000 / Efficiency: 100% / LogL: -95883
Threads: 2 / Time: 8.777 sec / Speedup: 0.912 / Efficiency: 46% / LogL: -95883
Determining AUTO threadcount: done in 16.7849 secs using 108% CPU
BEST NUMBER OF THREADS: 1

Estimate model parameters (epsilon = 0.100)
1. Initial log-likelihood: -89318.087
Optimal log-likelihood: -88911.630
Rate parameters:  A-C: 1.00000  A-G: 1.00000  A-T: 1.00000  C-G: 1.00000  C-T: 1.00000  G-T: 1.00000
Base frequencies:  A: 0.250  C: 0.250  G: 0.250  T: 0.250
Parameters optimization took 1 rounds (0.009 sec)
Wrote distance file to... 
Computing ML distances based on estimated model parameters...
Calculating distance matrix: done in 0.00137091 secs using 98.77% CPU
Computing ML distances took 0.001508 sec (of wall-clock time) 0.001480 sec (of CPU time)
WARNING: Some pairwise ML distances are too long (saturated)
Setting up auxiliary I and S matrices: done in 2.38419e-05 secs using 75.5% CPU
Constructing RapidNJ tree: done in 4.50611e-05 secs using 126.5% CPU
Computing RapidNJ tree took 0.000096 sec (of wall-clock time) 0.000088 sec (of CPU time)
Log-likelihood of RapidNJ tree: -90023.085
--------------------------------------------------------------------
|             INITIALIZING CANDIDATE TREE SET                      |
--------------------------------------------------------------------
Generating 98 parsimony trees... 0.304 second
Computing log-likelihood of 98 initial trees ... 0.234 seconds
Current best score: -88911.630

Do NNI search on 20 best initial trees
Estimate model parameters (epsilon = 0.100)
BETTER TREE FOUND at iteration 1: -88879.381
Estimate model parameters (epsilon = 0.100)
BETTER TREE FOUND at iteration 2: -88839.420
Estimate model parameters (epsilon = 0.100)
BETTER TREE FOUND at iteration 4: -88808.234
Iteration 10 / LogL: -88839.462 / Time: 0h:0m:17s
Iteration 20 / LogL: -88918.163 / Time: 0h:0m:18s
Finish initializing candidate tree set (14)
Current best tree score: -88808.234 / CPU time: 1.201
Number of iterations: 20
--------------------------------------------------------------------
|               OPTIMIZING CANDIDATE TREE SET                      |
--------------------------------------------------------------------
Iteration 30 / LogL: -88844.813 / Time: 0h:0m:18s (0h:0m:46s left)
Iteration 40 / LogL: -88879.724 / Time: 0h:0m:18s (0h:0m:30s left)
Iteration 50 / LogL: -88814.641 / Time: 0h:0m:19s (0h:0m:21s left)
Iteration 60 / LogL: -88833.686 / Time: 0h:0m:19s (0h:0m:14s left)
Iteration 70 / LogL: -88808.361 / Time: 0h:0m:20s (0h:0m:9s left)
Iteration 80 / LogL: -88809.705 / Time: 0h:0m:20s (0h:0m:6s left)
Iteration 90 / LogL: -89213.573 / Time: 0h:0m:20s (0h:0m:3s left)
Iteration 100 / LogL: -88810.361 / Time: 0h:0m:21s (0h:0m:0s left)
TREE SEARCH COMPLETED AFTER 105 ITERATIONS / Time: 0h:0m:21s

--------------------------------------------------------------------
|                    FINALIZING TREE SEARCH                        |
--------------------------------------------------------------------
Performs final model parameters optimization
Estimate model parameters (epsilon = 0.010)
1. Initial log-likelihood: -88808.234
Optimal log-likelihood: -88808.233
Rate parameters:  A-C: 1.00000  A-G: 1.00000  A-T: 1.00000  C-G: 1.00000  C-T: 1.00000  G-T: 1.00000
Base frequencies:  A: 0.250  C: 0.250  G: 0.250  T: 0.250
Parameters optimization took 1 rounds (0.003 sec)
BEST SCORE FOUND : -88808.233
Total tree length: 16.809

Total number of iterations: 105
CPU time used for tree search: 4.686 sec (0h:0m:4s)
Wall-clock time used for tree search: 4.701 sec (0h:0m:4s)
Total CPU time used: 22.853 sec (0h:0m:22s)
Total wall-clock time used: 21.523 sec (0h:0m:21s)

Analysis results written to: 
  IQ-TREE report:                exp_baseline/m10_sel500_rep1/iqtree_out.iqtree
  Maximum-likelihood tree:       exp_baseline/m10_sel500_rep1/iqtree_out.treefile
  Likelihood distances:          exp_baseline/m10_sel500_rep1/iqtree_out.mldist
  Screen log file:               exp_baseline/m10_sel500_rep1/iqtree_out.log

Date and Time: Tue May 12 14:33:01 2026
