IQ-TREE version 3.1.1 for MacOS ARM 64-bit built Apr  8 2026
Developed by Bui Quang Minh, Thomas Wong, Nhan Ly-Trong, Huaiyan Ren
Contributed by Lam-Tung Nguyen, Dominik Schrempf, Chris Bielow,
Olga Chernomor, Michael Woodhams, Diep Thi Hoang, Heiko Schmidt

Host:    Noutbuk-maria.local (SSE4.2, 16 GB RAM)
Command: iqtree -s exp_baseline/m20_sel1000_rep1/combined.fasta -m JC -nt AUTO -pre exp_baseline/m20_sel1000_rep1/iqtree_out -seed 1002142 -redo
Seed:    1002142 (Using SPRNG - Scalable Parallel Random Number Generator)
Time:    Tue May 12 14:46:59 2026
Kernel:  SSE2 - auto-detect threads (8 CPU cores detected)

Reading alignment file exp_baseline/m20_sel1000_rep1/combined.fasta ... Fasta format detected
Reading fasta file: done in 0.000697136 secs using 91.37% CPU
Alignment most likely contains DNA/RNA sequences
Constructing alignment: done in 0.00133395 secs using 54.95% CPU
Alignment has 30 sequences with 3000 columns, 2016 distinct patterns
2952 parsimony-informative, 0 singleton sites, 48 constant sites
          Gap/Ambiguity  Composition  p-value
Analyzing sequences: done in 4.19617e-05 secs using 305% CPU
   1  taxon_1     0.00%    passed     58.18%
   2  taxon_2     0.00%    passed     47.89%
   3  taxon_3     0.00%    passed     45.07%
   4  taxon_4     0.00%    passed     93.71%
   5  taxon_5     0.00%    passed     87.71%
   6  taxon_6     0.00%    passed     57.74%
   7  taxon_7     0.00%    passed      8.01%
   8  taxon_8     0.00%    passed     27.52%
   9  taxon_9     0.00%    passed     40.44%
  10  taxon_10    0.00%    passed     67.45%
  11  taxon_11    0.00%    passed     58.51%
  12  taxon_12    0.00%    passed      5.81%
  13  taxon_13    0.00%    passed     91.64%
  14  taxon_14    0.00%    passed     27.29%
  15  taxon_15    0.00%    passed     28.57%
  16  taxon_16    0.00%    passed     87.74%
  17  taxon_17    0.00%    failed      4.70%
  18  taxon_18    0.00%    passed     33.18%
  19  taxon_19    0.00%    passed     33.26%
  20  taxon_20    0.00%    passed     54.80%
  21  taxon_21    0.00%    passed     20.02%
  22  taxon_22    0.00%    passed     44.57%
  23  taxon_23    0.00%    passed     64.23%
  24  taxon_24    0.00%    passed     52.92%
  25  taxon_25    0.00%    passed     65.71%
  26  taxon_26    0.00%    passed     89.85%
  27  taxon_27    0.00%    passed     22.68%
  28  taxon_28    0.00%    passed     62.36%
  29  taxon_29    0.00%    passed     97.76%
  30  taxon_30    0.00%    passed     13.56%
****  TOTAL       0.00%  1 sequences failed composition chi2 test (p-value<5%; df=3)
Checking for duplicate sequences: done in 0.000134945 secs using 91.89% CPU

Create initial parsimony tree by phylogenetic likelihood library (PLL)... 0.003 seconds

NOTE: 1 MB RAM (0 GB) is required!
Measuring multi-threading efficiency up to 8 CPU cores
Increase to 10 rounds for branch lengths
415 trees examined
Threads: 1 / Time: 8.015 sec / Speedup: 1.000 / Efficiency: 100% / LogL: -111268
Threads: 2 / Time: 8.617 sec / Speedup: 0.930 / Efficiency: 47% / LogL: -111268
Determining AUTO threadcount: done in 16.6323 secs using 108.4% CPU
BEST NUMBER OF THREADS: 1

Estimate model parameters (epsilon = 0.100)
1. Initial log-likelihood: -98864.366
Optimal log-likelihood: -98375.095
Rate parameters:  A-C: 1.00000  A-G: 1.00000  A-T: 1.00000  C-G: 1.00000  C-T: 1.00000  G-T: 1.00000
Base frequencies:  A: 0.250  C: 0.250  G: 0.250  T: 0.250
Parameters optimization took 1 rounds (0.009 sec)
Wrote distance file to... 
Computing ML distances based on estimated model parameters...
Calculating distance matrix: done in 0.00132608 secs using 99.16% CPU
Computing ML distances took 0.001464 sec (of wall-clock time) 0.001443 sec (of CPU time)
WARNING: Some pairwise ML distances are too long (saturated)
Setting up auxiliary I and S matrices: done in 2.5034e-05 secs using 71.9% CPU
Constructing RapidNJ tree: done in 4.57764e-05 secs using 157.3% CPU
Computing RapidNJ tree took 0.000094 sec (of wall-clock time) 0.000113 sec (of CPU time)
Log-likelihood of RapidNJ tree: -99302.189
--------------------------------------------------------------------
|             INITIALIZING CANDIDATE TREE SET                      |
--------------------------------------------------------------------
Generating 98 parsimony trees... 0.325 second
Computing log-likelihood of 98 initial trees ... 0.226 seconds
Current best score: -98375.095

Do NNI search on 20 best initial trees
Estimate model parameters (epsilon = 0.100)
BETTER TREE FOUND at iteration 1: -98320.138
Estimate model parameters (epsilon = 0.100)
BETTER TREE FOUND at iteration 2: -98308.182
Estimate model parameters (epsilon = 0.100)
BETTER TREE FOUND at iteration 5: -98299.459
Iteration 10 / LogL: -98307.284 / Time: 0h:0m:17s
Iteration 20 / LogL: -98456.106 / Time: 0h:0m:18s
Finish initializing candidate tree set (14)
Current best tree score: -98299.459 / CPU time: 1.344
Number of iterations: 20
--------------------------------------------------------------------
|               OPTIMIZING CANDIDATE TREE SET                      |
--------------------------------------------------------------------
Iteration 30 / LogL: -98307.284 / Time: 0h:0m:18s (0h:0m:47s left)
Estimate model parameters (epsilon = 0.100)
BETTER TREE FOUND at iteration 33: -98298.755
UPDATE BEST LOG-LIKELIHOOD: -98298.755
Iteration 40 / LogL: -98308.182 / Time: 0h:0m:19s (0h:0m:45s left)
Iteration 50 / LogL: -98314.919 / Time: 0h:0m:19s (0h:0m:32s left)
Iteration 60 / LogL: -98307.286 / Time: 0h:0m:19s (0h:0m:24s left)
Iteration 70 / LogL: -98314.914 / Time: 0h:0m:20s (0h:0m:18s left)
Iteration 80 / LogL: -98299.459 / Time: 0h:0m:20s (0h:0m:13s left)
Iteration 90 / LogL: -98298.764 / Time: 0h:0m:21s (0h:0m:10s left)
Iteration 100 / LogL: -98299.173 / Time: 0h:0m:21s (0h:0m:7s left)
Iteration 110 / LogL: -98299.582 / Time: 0h:0m:22s (0h:0m:4s left)
Iteration 120 / LogL: -98300.531 / Time: 0h:0m:22s (0h:0m:2s left)
UPDATE BEST LOG-LIKELIHOOD: -98298.755
Iteration 130 / LogL: -98307.284 / Time: 0h:0m:23s (0h:0m:0s left)
TREE SEARCH COMPLETED AFTER 134 ITERATIONS / Time: 0h:0m:23s

--------------------------------------------------------------------
|                    FINALIZING TREE SEARCH                        |
--------------------------------------------------------------------
Performs final model parameters optimization
Estimate model parameters (epsilon = 0.010)
1. Initial log-likelihood: -98298.755
Optimal log-likelihood: -98298.754
Rate parameters:  A-C: 1.00000  A-G: 1.00000  A-T: 1.00000  C-G: 1.00000  C-T: 1.00000  G-T: 1.00000
Base frequencies:  A: 0.250  C: 0.250  G: 0.250  T: 0.250
Parameters optimization took 1 rounds (0.003 sec)
BEST SCORE FOUND : -98298.754
Total tree length: 13.219

Total number of iterations: 134
CPU time used for tree search: 6.541 sec (0h:0m:6s)
Wall-clock time used for tree search: 6.565 sec (0h:0m:6s)
Total CPU time used: 24.638 sec (0h:0m:24s)
Total wall-clock time used: 23.260 sec (0h:0m:23s)

Analysis results written to: 
  IQ-TREE report:                exp_baseline/m20_sel1000_rep1/iqtree_out.iqtree
  Maximum-likelihood tree:       exp_baseline/m20_sel1000_rep1/iqtree_out.treefile
  Likelihood distances:          exp_baseline/m20_sel1000_rep1/iqtree_out.mldist
  Screen log file:               exp_baseline/m20_sel1000_rep1/iqtree_out.log

Date and Time: Tue May 12 14:47:22 2026
