IQ-TREE version 3.1.1 for MacOS ARM 64-bit built Apr  8 2026
Developed by Bui Quang Minh, Thomas Wong, Nhan Ly-Trong, Huaiyan Ren
Contributed by Lam-Tung Nguyen, Dominik Schrempf, Chris Bielow,
Olga Chernomor, Michael Woodhams, Diep Thi Hoang, Heiko Schmidt

Host:    Noutbuk-maria.local (SSE4.2, 16 GB RAM)
Command: iqtree -s exp_baseline/m20_sel200_rep4/combined.fasta -m JC -nt AUTO -pre exp_baseline/m20_sel200_rep4/iqtree_out -seed 202442 -redo
Seed:    202442 (Using SPRNG - Scalable Parallel Random Number Generator)
Time:    Tue May 12 14:44:01 2026
Kernel:  SSE2 - auto-detect threads (8 CPU cores detected)

Reading alignment file exp_baseline/m20_sel200_rep4/combined.fasta ... Fasta format detected
Reading fasta file: done in 0.000535011 secs using 90.84% CPU
Alignment most likely contains DNA/RNA sequences
Constructing alignment: done in 0.001019 secs using 57.7% CPU
Alignment has 30 sequences with 2200 columns, 2016 distinct patterns
2191 parsimony-informative, 0 singleton sites, 9 constant sites
          Gap/Ambiguity  Composition  p-value
Analyzing sequences: done in 4.29153e-05 secs using 291.3% CPU
   1  taxon_1     0.00%    passed     85.34%
   2  taxon_2     0.00%    passed     84.41%
   3  taxon_3     0.00%    passed     46.06%
   4  taxon_4     0.00%    passed     93.67%
   5  taxon_5     0.00%    passed     80.53%
   6  taxon_6     0.00%    passed     83.92%
   7  taxon_7     0.00%    passed     72.71%
   8  taxon_8     0.00%    passed     81.61%
   9  taxon_9     0.00%    passed     58.65%
  10  taxon_10    0.00%    passed     71.46%
  11  taxon_11    0.00%    passed     61.45%
  12  taxon_12    0.00%    passed      9.03%
  13  taxon_13    0.00%    passed     98.41%
  14  taxon_14    0.00%    passed     76.09%
  15  taxon_15    0.00%    passed     92.83%
  16  taxon_16    0.00%    passed     42.58%
  17  taxon_17    0.00%    passed     44.87%
  18  taxon_18    0.00%    passed     82.21%
  19  taxon_19    0.00%    passed     49.45%
  20  taxon_20    0.00%    passed     53.41%
  21  taxon_21    0.00%    passed     94.44%
  22  taxon_22    0.00%    passed      6.87%
  23  taxon_23    0.00%    passed     50.52%
  24  taxon_24    0.00%    passed     87.53%
  25  taxon_25    0.00%    passed     23.02%
  26  taxon_26    0.00%    passed     78.27%
  27  taxon_27    0.00%    passed     39.45%
  28  taxon_28    0.00%    passed     57.33%
  29  taxon_29    0.00%    passed     91.50%
  30  taxon_30    0.00%    passed     38.95%
****  TOTAL       0.00%  0 sequences failed composition chi2 test (p-value<5%; df=3)
Checking for duplicate sequences: done in 0.000129938 secs using 90.04% CPU

Create initial parsimony tree by phylogenetic likelihood library (PLL)... 0.003 seconds

NOTE: 1 MB RAM (0 GB) is required!
Measuring multi-threading efficiency up to 8 CPU cores
Increase to 10 rounds for branch lengths
392 trees examined
Threads: 1 / Time: 8.008 sec / Speedup: 1.000 / Efficiency: 100% / LogL: -87225
Threads: 2 / Time: 8.822 sec / Speedup: 0.908 / Efficiency: 45% / LogL: -87225
Determining AUTO threadcount: done in 16.8296 secs using 107.7% CPU
BEST NUMBER OF THREADS: 1

Estimate model parameters (epsilon = 0.100)
1. Initial log-likelihood: -81973.710
Optimal log-likelihood: -81381.270
Rate parameters:  A-C: 1.00000  A-G: 1.00000  A-T: 1.00000  C-G: 1.00000  C-T: 1.00000  G-T: 1.00000
Base frequencies:  A: 0.250  C: 0.250  G: 0.250  T: 0.250
Parameters optimization took 1 rounds (0.022 sec)
Wrote distance file to... 
Computing ML distances based on estimated model parameters...
Calculating distance matrix: done in 0.00139093 secs using 98.93% CPU
Computing ML distances took 0.001531 sec (of wall-clock time) 0.001503 sec (of CPU time)
WARNING: Some pairwise ML distances are too long (saturated)
Setting up auxiliary I and S matrices: done in 2.59876e-05 secs using 73.11% CPU
Constructing RapidNJ tree: done in 4.98295e-05 secs using 166.6% CPU
Computing RapidNJ tree took 0.000102 sec (of wall-clock time) 0.000126 sec (of CPU time)
Log-likelihood of RapidNJ tree: -82603.021
--------------------------------------------------------------------
|             INITIALIZING CANDIDATE TREE SET                      |
--------------------------------------------------------------------
Generating 98 parsimony trees... 0.275 second
Computing log-likelihood of 98 initial trees ... 0.241 seconds
Current best score: -81231.286

Do NNI search on 20 best initial trees
Estimate model parameters (epsilon = 0.100)
BETTER TREE FOUND at iteration 1: -81032.786
Iteration 10 / LogL: -81101.630 / Time: 0h:0m:17s
Iteration 20 / LogL: -81143.029 / Time: 0h:0m:18s
Finish initializing candidate tree set (17)
Current best tree score: -81032.786 / CPU time: 1.338
Number of iterations: 20
--------------------------------------------------------------------
|               OPTIMIZING CANDIDATE TREE SET                      |
--------------------------------------------------------------------
Iteration 30 / LogL: -81061.917 / Time: 0h:0m:18s (0h:0m:46s left)
Iteration 40 / LogL: -81034.606 / Time: 0h:0m:19s (0h:0m:30s left)
Iteration 50 / LogL: -81063.122 / Time: 0h:0m:19s (0h:0m:20s left)
Iteration 60 / LogL: -81062.583 / Time: 0h:0m:20s (0h:0m:14s left)
Iteration 70 / LogL: -81063.599 / Time: 0h:0m:21s (0h:0m:9s left)
Estimate model parameters (epsilon = 0.100)
BETTER TREE FOUND at iteration 78: -81031.353
Iteration 80 / LogL: -81112.663 / Time: 0h:0m:21s (0h:0m:26s left)
Iteration 90 / LogL: -81038.044 / Time: 0h:0m:22s (0h:0m:21s left)
Iteration 100 / LogL: -81116.309 / Time: 0h:0m:22s (0h:0m:17s left)
Iteration 110 / LogL: -81035.217 / Time: 0h:0m:23s (0h:0m:14s left)
Iteration 120 / LogL: -81036.097 / Time: 0h:0m:23s (0h:0m:11s left)
Iteration 130 / LogL: -81080.650 / Time: 0h:0m:24s (0h:0m:9s left)
Iteration 140 / LogL: -81039.111 / Time: 0h:0m:24s (0h:0m:6s left)
Iteration 150 / LogL: -81043.399 / Time: 0h:0m:25s (0h:0m:4s left)
Iteration 160 / LogL: -81036.688 / Time: 0h:0m:25s (0h:0m:2s left)
Iteration 170 / LogL: -81034.604 / Time: 0h:0m:26s (0h:0m:1s left)
TREE SEARCH COMPLETED AFTER 179 ITERATIONS / Time: 0h:0m:26s

--------------------------------------------------------------------
|                    FINALIZING TREE SEARCH                        |
--------------------------------------------------------------------
Performs final model parameters optimization
Estimate model parameters (epsilon = 0.010)
1. Initial log-likelihood: -81031.353
Optimal log-likelihood: -81031.341
Rate parameters:  A-C: 1.00000  A-G: 1.00000  A-T: 1.00000  C-G: 1.00000  C-T: 1.00000  G-T: 1.00000
Base frequencies:  A: 0.250  C: 0.250  G: 0.250  T: 0.250
Parameters optimization took 1 rounds (0.003 sec)
BEST SCORE FOUND : -81031.341
Total tree length: 20.810

Total number of iterations: 179
CPU time used for tree search: 10.041 sec (0h:0m:10s)
Wall-clock time used for tree search: 10.082 sec (0h:0m:10s)
Total CPU time used: 28.213 sec (0h:0m:28s)
Total wall-clock time used: 26.967 sec (0h:0m:26s)

Analysis results written to: 
  IQ-TREE report:                exp_baseline/m20_sel200_rep4/iqtree_out.iqtree
  Maximum-likelihood tree:       exp_baseline/m20_sel200_rep4/iqtree_out.treefile
  Likelihood distances:          exp_baseline/m20_sel200_rep4/iqtree_out.mldist
  Screen log file:               exp_baseline/m20_sel200_rep4/iqtree_out.log

Date and Time: Tue May 12 14:44:28 2026
