IQ-TREE version 3.1.1 for MacOS ARM 64-bit built Apr  8 2026
Developed by Bui Quang Minh, Thomas Wong, Nhan Ly-Trong, Huaiyan Ren
Contributed by Lam-Tung Nguyen, Dominik Schrempf, Chris Bielow,
Olga Chernomor, Michael Woodhams, Diep Thi Hoang, Heiko Schmidt

Host:    Noutbuk-maria.local (SSE4.2, 16 GB RAM)
Command: iqtree -s exp_baseline/m200_sel1000_rep5/combined.fasta -m JC -nt AUTO -pre exp_baseline/m200_sel1000_rep5/iqtree_out -seed 1020542 -redo
Seed:    1020542 (Using SPRNG - Scalable Parallel Random Number Generator)
Time:    Tue May 12 15:25:34 2026
Kernel:  SSE2 - auto-detect threads (8 CPU cores detected)

Reading alignment file exp_baseline/m200_sel1000_rep5/combined.fasta ... Fasta format detected
Reading fasta file: done in 0.000711203 secs using 91.25% CPU
Alignment most likely contains DNA/RNA sequences
Constructing alignment: done in 0.00131392 secs using 55.25% CPU
Alignment has 30 sequences with 3000 columns, 2014 distinct patterns
2996 parsimony-informative, 0 singleton sites, 4 constant sites
          Gap/Ambiguity  Composition  p-value
Analyzing sequences: done in 7.20024e-05 secs using 155.6% CPU
   1  taxon_1     0.00%    passed     76.32%
   2  taxon_2     0.00%    passed     10.33%
   3  taxon_3     0.00%    passed     74.76%
   4  taxon_4     0.00%    passed     85.37%
   5  taxon_5     0.00%    passed     98.50%
   6  taxon_6     0.00%    passed     32.50%
   7  taxon_7     0.00%    passed     75.74%
   8  taxon_8     0.00%    passed     22.21%
   9  taxon_9     0.00%    passed     56.38%
  10  taxon_10    0.00%    passed     88.29%
  11  taxon_11    0.00%    passed     21.00%
  12  taxon_12    0.00%    passed     43.55%
  13  taxon_13    0.00%    passed     53.76%
  14  taxon_14    0.00%    passed     73.10%
  15  taxon_15    0.00%    passed     78.66%
  16  taxon_16    0.00%    passed      7.56%
  17  taxon_17    0.00%    passed     60.98%
  18  taxon_18    0.00%    passed     90.49%
  19  taxon_19    0.00%    passed     29.86%
  20  taxon_20    0.00%    passed     98.02%
  21  taxon_21    0.00%    passed     86.47%
  22  taxon_22    0.00%    passed     82.99%
  23  taxon_23    0.00%    passed     58.57%
  24  taxon_24    0.00%    passed     78.79%
  25  taxon_25    0.00%    passed     79.08%
  26  taxon_26    0.00%    passed     63.41%
  27  taxon_27    0.00%    passed     76.73%
  28  taxon_28    0.00%    failed      2.08%
  29  taxon_29    0.00%    passed     27.52%
  30  taxon_30    0.00%    passed     98.97%
****  TOTAL       0.00%  1 sequences failed composition chi2 test (p-value<5%; df=3)
Checking for duplicate sequences: done in 0.000133038 secs using 90.95% CPU

Create initial parsimony tree by phylogenetic likelihood library (PLL)... 0.003 seconds

NOTE: 1 MB RAM (0 GB) is required!
Measuring multi-threading efficiency up to 8 CPU cores
Increase to 10 rounds for branch lengths
450 trees examined
Threads: 1 / Time: 8.012 sec / Speedup: 1.000 / Efficiency: 100% / LogL: -112440
Threads: 2 / Time: 8.629 sec / Speedup: 0.928 / Efficiency: 46% / LogL: -112440
Determining AUTO threadcount: done in 16.641 secs using 108.9% CPU
BEST NUMBER OF THREADS: 1

Estimate model parameters (epsilon = 0.100)
1. Initial log-likelihood: -99711.925
Optimal log-likelihood: -99335.825
Rate parameters:  A-C: 1.00000  A-G: 1.00000  A-T: 1.00000  C-G: 1.00000  C-T: 1.00000  G-T: 1.00000
Base frequencies:  A: 0.250  C: 0.250  G: 0.250  T: 0.250
Parameters optimization took 1 rounds (0.021 sec)
Wrote distance file to... 
Computing ML distances based on estimated model parameters...
Calculating distance matrix: done in 0.00131297 secs using 99.39% CPU
Computing ML distances took 0.001468 sec (of wall-clock time) 0.001446 sec (of CPU time)
WARNING: Some pairwise ML distances are too long (saturated)
Setting up auxiliary I and S matrices: done in 2.28882e-05 secs using 74.27% CPU
Constructing RapidNJ tree: done in 4.69685e-05 secs using 157.6% CPU
Computing RapidNJ tree took 0.000094 sec (of wall-clock time) 0.000109 sec (of CPU time)
Log-likelihood of RapidNJ tree: -100201.054
--------------------------------------------------------------------
|             INITIALIZING CANDIDATE TREE SET                      |
--------------------------------------------------------------------
Generating 98 parsimony trees... 0.340 second
Computing log-likelihood of 98 initial trees ... 0.229 seconds
Current best score: -99153.127

Do NNI search on 20 best initial trees
Estimate model parameters (epsilon = 0.100)
BETTER TREE FOUND at iteration 1: -99033.031
Iteration 10 / LogL: -99295.714 / Time: 0h:0m:17s
Iteration 20 / LogL: -99280.049 / Time: 0h:0m:17s
Finish initializing candidate tree set (9)
Current best tree score: -99033.031 / CPU time: 1.122
Number of iterations: 20
--------------------------------------------------------------------
|               OPTIMIZING CANDIDATE TREE SET                      |
--------------------------------------------------------------------
Iteration 30 / LogL: -99033.422 / Time: 0h:0m:18s (0h:0m:44s left)
Iteration 40 / LogL: -99046.380 / Time: 0h:0m:18s (0h:0m:29s left)
Iteration 50 / LogL: -99033.261 / Time: 0h:0m:19s (0h:0m:19s left)
Iteration 60 / LogL: -99278.281 / Time: 0h:0m:19s (0h:0m:13s left)
Iteration 70 / LogL: -99351.454 / Time: 0h:0m:19s (0h:0m:8s left)
Iteration 80 / LogL: -99046.812 / Time: 0h:0m:20s (0h:0m:5s left)
Iteration 90 / LogL: -99846.275 / Time: 0h:0m:20s (0h:0m:2s left)
Iteration 100 / LogL: -99033.143 / Time: 0h:0m:21s (0h:0m:0s left)
TREE SEARCH COMPLETED AFTER 102 ITERATIONS / Time: 0h:0m:21s

--------------------------------------------------------------------
|                    FINALIZING TREE SEARCH                        |
--------------------------------------------------------------------
Performs final model parameters optimization
Estimate model parameters (epsilon = 0.010)
1. Initial log-likelihood: -99033.031
Optimal log-likelihood: -99033.030
Rate parameters:  A-C: 1.00000  A-G: 1.00000  A-T: 1.00000  C-G: 1.00000  C-T: 1.00000  G-T: 1.00000
Base frequencies:  A: 0.250  C: 0.250  G: 0.250  T: 0.250
Parameters optimization took 1 rounds (0.003 sec)
BEST SCORE FOUND : -99033.030
Total tree length: 13.414

Total number of iterations: 102
CPU time used for tree search: 4.491 sec (0h:0m:4s)
Wall-clock time used for tree search: 4.500 sec (0h:0m:4s)
Total CPU time used: 22.689 sec (0h:0m:22s)
Total wall-clock time used: 21.213 sec (0h:0m:21s)

Analysis results written to: 
  IQ-TREE report:                exp_baseline/m200_sel1000_rep5/iqtree_out.iqtree
  Maximum-likelihood tree:       exp_baseline/m200_sel1000_rep5/iqtree_out.treefile
  Likelihood distances:          exp_baseline/m200_sel1000_rep5/iqtree_out.mldist
  Screen log file:               exp_baseline/m200_sel1000_rep5/iqtree_out.log

Date and Time: Tue May 12 15:25:55 2026
