IQ-TREE version 3.1.1 for MacOS ARM 64-bit built Apr  8 2026
Developed by Bui Quang Minh, Thomas Wong, Nhan Ly-Trong, Huaiyan Ren
Contributed by Lam-Tung Nguyen, Dominik Schrempf, Chris Bielow,
Olga Chernomor, Michael Woodhams, Diep Thi Hoang, Heiko Schmidt

Host:    Noutbuk-maria.local (SSE4.2, 16 GB RAM)
Command: iqtree -s exp_stable_0.001/m0_sel1_rep5/neutral.fasta -m JC -nt AUTO -pre exp_stable_0.001/m0_sel1_rep5/iqtree_out -seed 1542 -redo
Seed:    1542 (Using SPRNG - Scalable Parallel Random Number Generator)
Time:    Mon May 18 22:54:49 2026
Kernel:  SSE2 - auto-detect threads (8 CPU cores detected)

Reading alignment file exp_stable_0.001/m0_sel1_rep5/neutral.fasta ... Fasta format detected
Reading fasta file: done in 0.00117898 secs using 89.91% CPU
Alignment most likely contains DNA/RNA sequences
Constructing alignment: done in 0.00159407 secs using 63.23% CPU
Alignment has 50 sequences with 3000 columns, 2957 distinct patterns
2715 parsimony-informative, 259 singleton sites, 26 constant sites
          Gap/Ambiguity  Composition  p-value
Analyzing sequences: done in 8.82149e-05 secs using 386.6% CPU
   1  taxon_1     0.00%    passed     99.17%
   2  taxon_2     0.00%    passed     97.42%
   3  taxon_3     0.00%    passed     91.08%
   4  taxon_4     0.00%    passed     87.76%
   5  taxon_5     0.00%    passed     80.36%
   6  taxon_6     0.00%    passed     97.22%
   7  taxon_7     0.00%    passed     83.29%
   8  taxon_8     0.00%    passed     87.84%
   9  taxon_9     0.00%    passed     88.73%
  10  taxon_10    0.00%    passed     82.84%
  11  taxon_11    0.00%    passed     56.10%
  12  taxon_12    0.00%    passed     92.72%
  13  taxon_13    0.00%    passed     38.93%
  14  taxon_14    0.00%    passed     96.39%
  15  taxon_15    0.00%    passed     89.77%
  16  taxon_16    0.00%    passed     87.86%
  17  taxon_17    0.00%    passed     70.92%
  18  taxon_18    0.00%    passed     41.63%
  19  taxon_19    0.00%    passed     50.24%
  20  taxon_20    0.00%    passed     92.66%
  21  taxon_21    0.00%    passed     89.05%
  22  taxon_22    0.00%    passed     96.45%
  23  taxon_23    0.00%    passed     67.99%
  24  taxon_24    0.00%    passed     85.25%
  25  taxon_25    0.00%    passed     56.73%
  26  taxon_26    0.00%    passed     72.52%
  27  taxon_27    0.00%    passed     60.26%
  28  taxon_28    0.00%    passed     98.08%
  29  taxon_29    0.00%    passed     54.62%
  30  taxon_30    0.00%    passed     90.71%
  31  taxon_31    0.00%    passed     63.81%
  32  taxon_32    0.00%    passed     86.89%
  33  taxon_33    0.00%    passed     89.11%
  34  taxon_34    0.00%    passed     84.34%
  35  taxon_35    0.00%    passed     78.84%
  36  taxon_36    0.00%    passed     96.25%
  37  taxon_37    0.00%    passed     93.40%
  38  taxon_38    0.00%    passed     84.24%
  39  taxon_39    0.00%    passed     83.35%
  40  taxon_40    0.00%    passed     96.44%
  41  taxon_41    0.00%    passed     99.75%
  42  taxon_42    0.00%    passed     99.13%
  43  taxon_43    0.00%    passed     89.37%
  44  taxon_44    0.00%    passed     92.06%
  45  taxon_45    0.00%    passed     84.93%
  46  taxon_46    0.00%    passed     84.23%
  47  taxon_47    0.00%    passed     92.41%
  48  taxon_48    0.00%    passed     88.19%
  49  taxon_49    0.00%    passed     99.97%
  50  taxon_50    0.00%    passed     87.59%
****  TOTAL       0.00%  0 sequences failed composition chi2 test (p-value<5%; df=3)
Checking for duplicate sequences: done in 0.000289917 secs using 93.48% CPU

Create initial parsimony tree by phylogenetic likelihood library (PLL)... 0.004 seconds

NOTE: 4 MB RAM (0 GB) is required!
Measuring multi-threading efficiency up to 8 CPU cores
Increase to 10 rounds for branch lengths
202 trees examined
Threads: 1 / Time: 8.040 sec / Speedup: 1.000 / Efficiency: 100% / LogL: -103295
Threads: 2 / Time: 7.531 sec / Speedup: 1.068 / Efficiency: 53% / LogL: -103295
Threads: 3 / Time: 6.634 sec / Speedup: 1.212 / Efficiency: 40% / LogL: -103295
Determining AUTO threadcount: done in 22.2051 secs using 121.3% CPU
BEST NUMBER OF THREADS: 2

Estimate model parameters (epsilon = 0.100)
1. Initial log-likelihood: -65824.980
Optimal log-likelihood: -65759.780
Rate parameters:  A-C: 1.00000  A-G: 1.00000  A-T: 1.00000  C-G: 1.00000  C-T: 1.00000  G-T: 1.00000
Base frequencies:  A: 0.250  C: 0.250  G: 0.250  T: 0.250
Parameters optimization took 1 rounds (0.012 sec)
Wrote distance file to... 
Computing ML distances based on estimated model parameters...
Calculating distance matrix: done in 0.00327587 secs using 181.7% CPU
Computing ML distances took 0.003514 sec (of wall-clock time) 0.006345 sec (of CPU time)
Setting up auxiliary I and S matrices: done in 4.19617e-05 secs using 109.6% CPU
Constructing RapidNJ tree: done in 0.00079298 secs using 88.15% CPU
Computing RapidNJ tree took 0.000857 sec (of wall-clock time) 0.000753 sec (of CPU time)
Log-likelihood of RapidNJ tree: -65856.561
--------------------------------------------------------------------
|             INITIALIZING CANDIDATE TREE SET                      |
--------------------------------------------------------------------
Generating 98 parsimony trees... 0.473 second
Computing log-likelihood of 98 initial trees ... 0.615 seconds
Current best score: -65759.780

Do NNI search on 20 best initial trees
Estimate model parameters (epsilon = 0.100)
BETTER TREE FOUND at iteration 1: -65759.768
Iteration 10 / LogL: -65759.979 / Time: 0h:0m:24s
UPDATE BEST LOG-LIKELIHOOD: -65759.768
Iteration 20 / LogL: -65759.768 / Time: 0h:0m:24s
Finish initializing candidate tree set (1)
Current best tree score: -65759.768 / CPU time: 2.679
Number of iterations: 20
--------------------------------------------------------------------
|               OPTIMIZING CANDIDATE TREE SET                      |
--------------------------------------------------------------------
Iteration 30 / LogL: -65759.803 / Time: 0h:0m:25s (0h:1m:3s left)
UPDATE BEST LOG-LIKELIHOOD: -65759.768
UPDATE BEST LOG-LIKELIHOOD: -65759.768
UPDATE BEST LOG-LIKELIHOOD: -65759.768
Iteration 40 / LogL: -65759.770 / Time: 0h:0m:26s (0h:0m:42s left)
UPDATE BEST LOG-LIKELIHOOD: -65759.768
Iteration 50 / LogL: -65759.792 / Time: 0h:0m:27s (0h:0m:29s left)
Iteration 60 / LogL: -65759.792 / Time: 0h:0m:28s (0h:0m:20s left)
Iteration 70 / LogL: -65759.879 / Time: 0h:0m:29s (0h:0m:13s left)
Iteration 80 / LogL: -65759.769 / Time: 0h:0m:30s (0h:0m:8s left)
Iteration 90 / LogL: -65759.929 / Time: 0h:0m:31s (0h:0m:3s left)
Iteration 100 / LogL: -65759.771 / Time: 0h:0m:32s (0h:0m:0s left)
TREE SEARCH COMPLETED AFTER 102 ITERATIONS / Time: 0h:0m:33s

--------------------------------------------------------------------
|                    FINALIZING TREE SEARCH                        |
--------------------------------------------------------------------
Performs final model parameters optimization
Estimate model parameters (epsilon = 0.010)
1. Initial log-likelihood: -65759.768
Optimal log-likelihood: -65759.768
Rate parameters:  A-C: 1.00000  A-G: 1.00000  A-T: 1.00000  C-G: 1.00000  C-T: 1.00000  G-T: 1.00000
Base frequencies:  A: 0.250  C: 0.250  G: 0.250  T: 0.250
Parameters optimization took 1 rounds (0.009 sec)
BEST SCORE FOUND : -65759.768
Total tree length: 4.503

Total number of iterations: 102
CPU time used for tree search: 12.898 sec (0h:0m:12s)
Wall-clock time used for tree search: 10.769 sec (0h:0m:10s)
Total CPU time used: 39.885 sec (0h:0m:39s)
Total wall-clock time used: 33.028 sec (0h:0m:33s)

Analysis results written to: 
  IQ-TREE report:                exp_stable_0.001/m0_sel1_rep5/iqtree_out.iqtree
  Maximum-likelihood tree:       exp_stable_0.001/m0_sel1_rep5/iqtree_out.treefile
  Likelihood distances:          exp_stable_0.001/m0_sel1_rep5/iqtree_out.mldist
  Screen log file:               exp_stable_0.001/m0_sel1_rep5/iqtree_out.log

Date and Time: Mon May 18 22:55:22 2026
