IQ-TREE version 3.1.1 for MacOS ARM 64-bit built Apr  8 2026
Developed by Bui Quang Minh, Thomas Wong, Nhan Ly-Trong, Huaiyan Ren
Contributed by Lam-Tung Nguyen, Dominik Schrempf, Chris Bielow,
Olga Chernomor, Michael Woodhams, Diep Thi Hoang, Heiko Schmidt

Host:    Noutbuk-maria.local (SSE4.2, 16 GB RAM)
Command: iqtree -s exp_stable_0.0005/m1_sel1_rep3/neutral.fasta -m JC -nt AUTO -pre exp_stable_0.0005/m1_sel1_rep3/iqtree_out -seed 1442 -redo
Seed:    1442 (Using SPRNG - Scalable Parallel Random Number Generator)
Time:    Fri May 15 20:24:41 2026
Kernel:  SSE2 - auto-detect threads (8 CPU cores detected)

Reading alignment file exp_stable_0.0005/m1_sel1_rep3/neutral.fasta ... Fasta format detected
Reading fasta file: done in 0.00117207 secs using 89.93% CPU
Alignment most likely contains DNA/RNA sequences
Constructing alignment: done in 0.00139213 secs using 60.12% CPU
Alignment has 50 sequences with 3000 columns, 1442 distinct patterns
862 parsimony-informative, 1063 singleton sites, 1075 constant sites
          Gap/Ambiguity  Composition  p-value
Analyzing sequences: done in 6.19888e-05 secs using 222.6% CPU
   1  taxon_1     0.00%    passed     98.45%
   2  taxon_2     0.00%    passed     92.57%
   3  taxon_3     0.00%    passed     97.27%
   4  taxon_4     0.00%    passed     93.62%
   5  taxon_5     0.00%    passed     90.11%
   6  taxon_6     0.00%    passed     88.84%
   7  taxon_7     0.00%    passed     99.56%
   8  taxon_8     0.00%    passed     99.39%
   9  taxon_9     0.00%    passed     91.45%
  10  taxon_10    0.00%    passed     97.98%
  11  taxon_11    0.00%    passed     90.83%
  12  taxon_12    0.00%    passed     99.35%
  13  taxon_13    0.00%    passed     99.65%
  14  taxon_14    0.00%    passed     99.39%
  15  taxon_15    0.00%    passed     98.88%
  16  taxon_16    0.00%    passed     98.61%
  17  taxon_17    0.00%    passed     99.19%
  18  taxon_18    0.00%    passed     99.77%
  19  taxon_19    0.00%    passed     98.99%
  20  taxon_20    0.00%    passed     98.94%
  21  taxon_21    0.00%    passed     88.67%
  22  taxon_22    0.00%    passed     90.53%
  23  taxon_23    0.00%    passed     99.78%
  24  taxon_24    0.00%    passed     99.86%
  25  taxon_25    0.00%    passed     99.06%
  26  taxon_26    0.00%    passed     99.60%
  27  taxon_27    0.00%    passed     98.14%
  28  taxon_28    0.00%    passed     98.45%
  29  taxon_29    0.00%    passed     98.05%
  30  taxon_30    0.00%    passed     99.78%
  31  taxon_31    0.00%    passed     95.94%
  32  taxon_32    0.00%    passed     98.70%
  33  taxon_33    0.00%    passed     98.09%
  34  taxon_34    0.00%    passed     98.57%
  35  taxon_35    0.00%    passed     99.55%
  36  taxon_36    0.00%    passed     99.11%
  37  taxon_37    0.00%    passed     97.46%
  38  taxon_38    0.00%    passed     96.39%
  39  taxon_39    0.00%    passed     97.53%
  40  taxon_40    0.00%    passed     83.63%
  41  taxon_41    0.00%    passed     99.53%
  42  taxon_42    0.00%    passed     97.73%
  43  taxon_43    0.00%    passed     98.10%
  44  taxon_44    0.00%    passed     96.69%
  45  taxon_45    0.00%    passed     98.58%
  46  taxon_46    0.00%    passed     98.24%
  47  taxon_47    0.00%    passed     99.66%
  48  taxon_48    0.00%    passed     99.88%
  49  taxon_49    0.00%    passed     97.69%
  50  taxon_50    0.00%    passed     97.60%
****  TOTAL       0.00%  0 sequences failed composition chi2 test (p-value<5%; df=3)
Checking for duplicate sequences: done in 0.000164032 secs using 90.84% CPU

Create initial parsimony tree by phylogenetic likelihood library (PLL)... 0.003 seconds

NOTE: 2 MB RAM (0 GB) is required!
Measuring multi-threading efficiency up to 8 CPU cores
Increase to 10 rounds for branch lengths
579 trees examined
Threads: 1 / Time: 8.001 sec / Speedup: 1.000 / Efficiency: 100% / LogL: -35112
Threads: 2 / Time: 8.839 sec / Speedup: 0.905 / Efficiency: 45% / LogL: -35112
Determining AUTO threadcount: done in 16.8399 secs using 106.8% CPU
BEST NUMBER OF THREADS: 1

Estimate model parameters (epsilon = 0.100)
1. Initial log-likelihood: -23607.423
Optimal log-likelihood: -23604.782
Rate parameters:  A-C: 1.00000  A-G: 1.00000  A-T: 1.00000  C-G: 1.00000  C-T: 1.00000  G-T: 1.00000
Base frequencies:  A: 0.250  C: 0.250  G: 0.250  T: 0.250
Parameters optimization took 1 rounds (0.008 sec)
Wrote distance file to... 
Computing ML distances based on estimated model parameters...
Calculating distance matrix: done in 0.00434899 secs using 90.11% CPU
Computing ML distances took 0.004495 sec (of wall-clock time) 0.004059 sec (of CPU time)
Setting up auxiliary I and S matrices: done in 4.50611e-05 secs using 79.89% CPU
Constructing RapidNJ tree: done in 9.60827e-05 secs using 169.6% CPU
Computing RapidNJ tree took 0.000162 sec (of wall-clock time) 0.000224 sec (of CPU time)
Log-likelihood of RapidNJ tree: -23714.666
--------------------------------------------------------------------
|             INITIALIZING CANDIDATE TREE SET                      |
--------------------------------------------------------------------
Generating 98 parsimony trees... 0.300 second
Computing log-likelihood of 98 initial trees ... 0.290 seconds
Current best score: -23604.782

Do NNI search on 20 best initial trees
Estimate model parameters (epsilon = 0.100)
BETTER TREE FOUND at iteration 1: -23604.782
UPDATE BEST LOG-LIKELIHOOD: -23604.782
Iteration 10 / LogL: -23604.787 / Time: 0h:0m:17s
UPDATE BEST LOG-LIKELIHOOD: -23604.782
Iteration 20 / LogL: -23604.811 / Time: 0h:0m:18s
Finish initializing candidate tree set (1)
Current best tree score: -23604.782 / CPU time: 1.241
Number of iterations: 20
--------------------------------------------------------------------
|               OPTIMIZING CANDIDATE TREE SET                      |
--------------------------------------------------------------------
Iteration 30 / LogL: -23604.786 / Time: 0h:0m:18s (0h:0m:45s left)
Iteration 40 / LogL: -23604.789 / Time: 0h:0m:19s (0h:0m:29s left)
UPDATE BEST LOG-LIKELIHOOD: -23604.782
Iteration 50 / LogL: -23604.786 / Time: 0h:0m:19s (0h:0m:20s left)
Iteration 60 / LogL: -23604.786 / Time: 0h:0m:19s (0h:0m:13s left)
Iteration 70 / LogL: -23604.782 / Time: 0h:0m:20s (0h:0m:9s left)
Iteration 80 / LogL: -23604.787 / Time: 0h:0m:20s (0h:0m:5s left)
Iteration 90 / LogL: -23604.786 / Time: 0h:0m:21s (0h:0m:2s left)
Iteration 100 / LogL: -23604.787 / Time: 0h:0m:21s (0h:0m:0s left)
TREE SEARCH COMPLETED AFTER 102 ITERATIONS / Time: 0h:0m:21s

--------------------------------------------------------------------
|                    FINALIZING TREE SEARCH                        |
--------------------------------------------------------------------
Performs final model parameters optimization
Estimate model parameters (epsilon = 0.010)
1. Initial log-likelihood: -23604.782
Optimal log-likelihood: -23604.782
Rate parameters:  A-C: 1.00000  A-G: 1.00000  A-T: 1.00000  C-G: 1.00000  C-T: 1.00000  G-T: 1.00000
Base frequencies:  A: 0.250  C: 0.250  G: 0.250  T: 0.250
Parameters optimization took 1 rounds (0.007 sec)
BEST SCORE FOUND : -23604.782
Total tree length: 1.041

Total number of iterations: 102
CPU time used for tree search: 4.658 sec (0h:0m:4s)
Wall-clock time used for tree search: 4.677 sec (0h:0m:4s)
Total CPU time used: 22.670 sec (0h:0m:22s)
Total wall-clock time used: 21.554 sec (0h:0m:21s)

Analysis results written to: 
  IQ-TREE report:                exp_stable_0.0005/m1_sel1_rep3/iqtree_out.iqtree
  Maximum-likelihood tree:       exp_stable_0.0005/m1_sel1_rep3/iqtree_out.treefile
  Likelihood distances:          exp_stable_0.0005/m1_sel1_rep3/iqtree_out.mldist
  Screen log file:               exp_stable_0.0005/m1_sel1_rep3/iqtree_out.log

Date and Time: Fri May 15 20:25:03 2026
