IQ-TREE version 3.1.1 for MacOS ARM 64-bit built Apr  8 2026
Developed by Bui Quang Minh, Thomas Wong, Nhan Ly-Trong, Huaiyan Ren
Contributed by Lam-Tung Nguyen, Dominik Schrempf, Chris Bielow,
Olga Chernomor, Michael Woodhams, Diep Thi Hoang, Heiko Schmidt

Host:    Noutbuk-maria.local (SSE4.2, 16 GB RAM)
Command: iqtree -s exp_stable_0.001/m1_sel1_rep6/neutral.fasta -m JC -nt AUTO -pre exp_stable_0.001/m1_sel1_rep6/iqtree_out -seed 1742 -redo
Seed:    1742 (Using SPRNG - Scalable Parallel Random Number Generator)
Time:    Mon May 18 21:07:58 2026
Kernel:  SSE2 - auto-detect threads (8 CPU cores detected)

Reading alignment file exp_stable_0.001/m1_sel1_rep6/neutral.fasta ... Fasta format detected
Reading fasta file: done in 0.00117898 secs using 89.74% CPU
Alignment most likely contains DNA/RNA sequences
Constructing alignment: done in 0.00161004 secs using 60.68% CPU
Alignment has 50 sequences with 3000 columns, 2120 distinct patterns
1371 parsimony-informative, 1134 singleton sites, 495 constant sites
          Gap/Ambiguity  Composition  p-value
Analyzing sequences: done in 6.69956e-05 secs using 329.9% CPU
   1  taxon_1     0.00%    passed     99.15%
   2  taxon_2     0.00%    passed     99.33%
   3  taxon_3     0.00%    passed     96.18%
   4  taxon_4     0.00%    passed     93.84%
   5  taxon_5     0.00%    passed     82.68%
   6  taxon_6     0.00%    passed     98.13%
   7  taxon_7     0.00%    passed     98.06%
   8  taxon_8     0.00%    passed     99.62%
   9  taxon_9     0.00%    passed     88.73%
  10  taxon_10    0.00%    passed     99.80%
  11  taxon_11    0.00%    passed     92.95%
  12  taxon_12    0.00%    passed     96.35%
  13  taxon_13    0.00%    passed     93.31%
  14  taxon_14    0.00%    passed     98.70%
  15  taxon_15    0.00%    passed     99.96%
  16  taxon_16    0.00%    passed     89.12%
  17  taxon_17    0.00%    passed     94.86%
  18  taxon_18    0.00%    passed     99.85%
  19  taxon_19    0.00%    passed     99.86%
  20  taxon_20    0.00%    passed     93.32%
  21  taxon_21    0.00%    passed     96.91%
  22  taxon_22    0.00%    passed     90.10%
  23  taxon_23    0.00%    passed     96.78%
  24  taxon_24    0.00%    passed     99.98%
  25  taxon_25    0.00%    passed     87.65%
  26  taxon_26    0.00%    passed     98.67%
  27  taxon_27    0.00%    passed     95.58%
  28  taxon_28    0.00%    passed     91.42%
  29  taxon_29    0.00%    passed     94.64%
  30  taxon_30    0.00%    passed     88.64%
  31  taxon_31    0.00%    passed     97.32%
  32  taxon_32    0.00%    passed     99.62%
  33  taxon_33    0.00%    passed     92.24%
  34  taxon_34    0.00%    passed     93.82%
  35  taxon_35    0.00%    passed     92.89%
  36  taxon_36    0.00%    passed     90.78%
  37  taxon_37    0.00%    passed     96.87%
  38  taxon_38    0.00%    passed     97.64%
  39  taxon_39    0.00%    passed     95.76%
  40  taxon_40    0.00%    passed     93.86%
  41  taxon_41    0.00%    passed     83.12%
  42  taxon_42    0.00%    passed     97.89%
  43  taxon_43    0.00%    passed     78.79%
  44  taxon_44    0.00%    passed     92.05%
  45  taxon_45    0.00%    passed     93.66%
  46  taxon_46    0.00%    passed     86.59%
  47  taxon_47    0.00%    passed     92.23%
  48  taxon_48    0.00%    passed     87.47%
  49  taxon_49    0.00%    passed     91.00%
  50  taxon_50    0.00%    passed     78.23%
****  TOTAL       0.00%  0 sequences failed composition chi2 test (p-value<5%; df=3)
Checking for duplicate sequences: done in 0.000223875 secs using 90.23% CPU

Create initial parsimony tree by phylogenetic likelihood library (PLL)... 0.004 seconds

NOTE: 3 MB RAM (0 GB) is required!
Measuring multi-threading efficiency up to 8 CPU cores
Increase to 10 rounds for branch lengths
333 trees examined
Threads: 1 / Time: 8.010 sec / Speedup: 1.000 / Efficiency: 100% / LogL: -46212
Threads: 2 / Time: 7.952 sec / Speedup: 1.007 / Efficiency: 50% / LogL: -46212
Threads: 3 / Time: 7.474 sec / Speedup: 1.072 / Efficiency: 36% / LogL: -46212
Determining AUTO threadcount: done in 23.4365 secs using 122% CPU
BEST NUMBER OF THREADS: 1

Estimate model parameters (epsilon = 0.100)
1. Initial log-likelihood: -34474.234
Optimal log-likelihood: -34465.799
Rate parameters:  A-C: 1.00000  A-G: 1.00000  A-T: 1.00000  C-G: 1.00000  C-T: 1.00000  G-T: 1.00000
Base frequencies:  A: 0.250  C: 0.250  G: 0.250  T: 0.250
Parameters optimization took 1 rounds (0.008 sec)
Wrote distance file to... 
Computing ML distances based on estimated model parameters...
Calculating distance matrix: done in 0.00524497 secs using 92.16% CPU
Computing ML distances took 0.005473 sec (of wall-clock time) 0.005055 sec (of CPU time)
Setting up auxiliary I and S matrices: done in 4.60148e-05 secs using 78.24% CPU
Constructing RapidNJ tree: done in 0.000100136 secs using 170.8% CPU
Computing RapidNJ tree took 0.000169 sec (of wall-clock time) 0.000239 sec (of CPU time)
Log-likelihood of RapidNJ tree: -34534.094
--------------------------------------------------------------------
|             INITIALIZING CANDIDATE TREE SET                      |
--------------------------------------------------------------------
Generating 98 parsimony trees... 0.435 second
Computing log-likelihood of 98 initial trees ... 0.446 seconds
Current best score: -34465.799

Do NNI search on 20 best initial trees
Estimate model parameters (epsilon = 0.100)
BETTER TREE FOUND at iteration 1: -34465.799
Iteration 10 / LogL: -34465.799 / Time: 0h:0m:24s
UPDATE BEST LOG-LIKELIHOOD: -34465.799
Iteration 20 / LogL: -34465.799 / Time: 0h:0m:25s
Finish initializing candidate tree set (1)
Current best tree score: -34465.799 / CPU time: 1.838
Number of iterations: 20
--------------------------------------------------------------------
|               OPTIMIZING CANDIDATE TREE SET                      |
--------------------------------------------------------------------
Iteration 30 / LogL: -34465.806 / Time: 0h:0m:25s (0h:1m:3s left)
Iteration 40 / LogL: -34465.799 / Time: 0h:0m:26s (0h:0m:41s left)
Iteration 50 / LogL: -34465.799 / Time: 0h:0m:27s (0h:0m:28s left)
Iteration 60 / LogL: -34465.806 / Time: 0h:0m:27s (0h:0m:19s left)
Iteration 70 / LogL: -34465.799 / Time: 0h:0m:28s (0h:0m:12s left)
Iteration 80 / LogL: -34465.799 / Time: 0h:0m:29s (0h:0m:7s left)
Iteration 90 / LogL: -34465.799 / Time: 0h:0m:29s (0h:0m:3s left)
Iteration 100 / LogL: -34465.851 / Time: 0h:0m:30s (0h:0m:0s left)
TREE SEARCH COMPLETED AFTER 102 ITERATIONS / Time: 0h:0m:30s

--------------------------------------------------------------------
|                    FINALIZING TREE SEARCH                        |
--------------------------------------------------------------------
Performs final model parameters optimization
Estimate model parameters (epsilon = 0.010)
1. Initial log-likelihood: -34465.799
Optimal log-likelihood: -34465.799
Rate parameters:  A-C: 1.00000  A-G: 1.00000  A-T: 1.00000  C-G: 1.00000  C-T: 1.00000  G-T: 1.00000
Base frequencies:  A: 0.250  C: 0.250  G: 0.250  T: 0.250
Parameters optimization took 1 rounds (0.005 sec)
BEST SCORE FOUND : -34465.799
Total tree length: 1.792

Total number of iterations: 102
CPU time used for tree search: 7.041 sec (0h:0m:7s)
Wall-clock time used for tree search: 7.101 sec (0h:0m:7s)
Total CPU time used: 35.663 sec (0h:0m:35s)
Total wall-clock time used: 30.580 sec (0h:0m:30s)

Analysis results written to: 
  IQ-TREE report:                exp_stable_0.001/m1_sel1_rep6/iqtree_out.iqtree
  Maximum-likelihood tree:       exp_stable_0.001/m1_sel1_rep6/iqtree_out.treefile
  Likelihood distances:          exp_stable_0.001/m1_sel1_rep6/iqtree_out.mldist
  Screen log file:               exp_stable_0.001/m1_sel1_rep6/iqtree_out.log

Date and Time: Mon May 18 21:08:28 2026
