IQ-TREE version 3.1.1 for MacOS ARM 64-bit built Apr  8 2026
Developed by Bui Quang Minh, Thomas Wong, Nhan Ly-Trong, Huaiyan Ren
Contributed by Lam-Tung Nguyen, Dominik Schrempf, Chris Bielow,
Olga Chernomor, Michael Woodhams, Diep Thi Hoang, Heiko Schmidt

Host:    Noutbuk-maria.local (SSE4.2, 16 GB RAM)
Command: iqtree -s exp_baseline/m50_sel200_rep2/combined.fasta -m JC -nt AUTO -pre exp_baseline/m50_sel200_rep2/iqtree_out -seed 205242 -redo
Seed:    205242 (Using SPRNG - Scalable Parallel Random Number Generator)
Time:    Tue May 12 14:54:47 2026
Kernel:  SSE2 - auto-detect threads (8 CPU cores detected)

Reading alignment file exp_baseline/m50_sel200_rep2/combined.fasta ... Fasta format detected
Reading fasta file: done in 0.000524998 secs using 90.48% CPU
Alignment most likely contains DNA/RNA sequences
Constructing alignment: done in 0.00102401 secs using 57.03% CPU
Alignment has 30 sequences with 2200 columns, 2014 distinct patterns
2197 parsimony-informative, 0 singleton sites, 3 constant sites
          Gap/Ambiguity  Composition  p-value
Analyzing sequences: done in 3.91006e-05 secs using 281.3% CPU
   1  taxon_1     0.00%    passed     55.13%
   2  taxon_2     0.00%    passed      8.24%
   3  taxon_3     0.00%    passed     41.99%
   4  taxon_4     0.00%    passed     79.93%
   5  taxon_5     0.00%    passed     27.14%
   6  taxon_6     0.00%    passed     69.69%
   7  taxon_7     0.00%    passed     49.84%
   8  taxon_8     0.00%    passed     75.27%
   9  taxon_9     0.00%    passed     28.04%
  10  taxon_10    0.00%    passed     64.91%
  11  taxon_11    0.00%    passed     66.31%
  12  taxon_12    0.00%    passed     26.02%
  13  taxon_13    0.00%    passed     52.37%
  14  taxon_14    0.00%    passed     36.62%
  15  taxon_15    0.00%    passed     65.12%
  16  taxon_16    0.00%    passed     69.33%
  17  taxon_17    0.00%    passed     86.71%
  18  taxon_18    0.00%    passed     91.06%
  19  taxon_19    0.00%    passed     94.48%
  20  taxon_20    0.00%    passed     57.68%
  21  taxon_21    0.00%    failed      4.41%
  22  taxon_22    0.00%    passed     70.20%
  23  taxon_23    0.00%    passed     31.75%
  24  taxon_24    0.00%    passed     53.32%
  25  taxon_25    0.00%    passed     31.17%
  26  taxon_26    0.00%    passed     19.40%
  27  taxon_27    0.00%    passed     82.43%
  28  taxon_28    0.00%    passed     93.26%
  29  taxon_29    0.00%    passed     46.79%
  30  taxon_30    0.00%    passed     95.93%
****  TOTAL       0.00%  1 sequences failed composition chi2 test (p-value<5%; df=3)
Checking for duplicate sequences: done in 0.000134945 secs using 91.15% CPU

Create initial parsimony tree by phylogenetic likelihood library (PLL)... 0.002 seconds

NOTE: 1 MB RAM (0 GB) is required!
Measuring multi-threading efficiency up to 8 CPU cores
Increase to 10 rounds for branch lengths
374 trees examined
Threads: 1 / Time: 8.020 sec / Speedup: 1.000 / Efficiency: 100% / LogL: -86269
Threads: 2 / Time: 8.598 sec / Speedup: 0.933 / Efficiency: 47% / LogL: -86269
Determining AUTO threadcount: done in 16.6181 secs using 108% CPU
BEST NUMBER OF THREADS: 1

Estimate model parameters (epsilon = 0.100)
1. Initial log-likelihood: -81943.665
Optimal log-likelihood: -81375.968
Rate parameters:  A-C: 1.00000  A-G: 1.00000  A-T: 1.00000  C-G: 1.00000  C-T: 1.00000  G-T: 1.00000
Base frequencies:  A: 0.250  C: 0.250  G: 0.250  T: 0.250
Parameters optimization took 1 rounds (0.012 sec)
Wrote distance file to... 
Computing ML distances based on estimated model parameters...
Calculating distance matrix: done in 0.00131106 secs using 99.31% CPU
Computing ML distances took 0.001457 sec (of wall-clock time) 0.001431 sec (of CPU time)
WARNING: Some pairwise ML distances are too long (saturated)
Setting up auxiliary I and S matrices: done in 2.40803e-05 secs using 70.6% CPU
Constructing RapidNJ tree: done in 4.69685e-05 secs using 166.1% CPU
Computing RapidNJ tree took 0.000098 sec (of wall-clock time) 0.000114 sec (of CPU time)
Log-likelihood of RapidNJ tree: -83128.029
--------------------------------------------------------------------
|             INITIALIZING CANDIDATE TREE SET                      |
--------------------------------------------------------------------
Generating 98 parsimony trees... 0.277 second
Computing log-likelihood of 98 initial trees ... 0.250 seconds
Current best score: -81375.968

Do NNI search on 20 best initial trees
Estimate model parameters (epsilon = 0.100)
BETTER TREE FOUND at iteration 1: -81374.468
Estimate model parameters (epsilon = 0.100)
BETTER TREE FOUND at iteration 2: -81350.061
Estimate model parameters (epsilon = 0.100)
BETTER TREE FOUND at iteration 3: -81342.130
Iteration 10 / LogL: -81444.179 / Time: 0h:0m:17s
Iteration 20 / LogL: -81404.459 / Time: 0h:0m:17s
Finish initializing candidate tree set (15)
Current best tree score: -81342.130 / CPU time: 1.253
Number of iterations: 20
--------------------------------------------------------------------
|               OPTIMIZING CANDIDATE TREE SET                      |
--------------------------------------------------------------------
Iteration 30 / LogL: -81345.721 / Time: 0h:0m:18s (0h:0m:46s left)
Iteration 40 / LogL: -81342.388 / Time: 0h:0m:18s (0h:0m:30s left)
Iteration 50 / LogL: -81343.368 / Time: 0h:0m:19s (0h:0m:21s left)
Iteration 60 / LogL: -81351.114 / Time: 0h:0m:19s (0h:0m:14s left)
Iteration 70 / LogL: -81344.282 / Time: 0h:0m:20s (0h:0m:9s left)
Iteration 80 / LogL: -81342.344 / Time: 0h:0m:20s (0h:0m:6s left)
Iteration 90 / LogL: -81345.668 / Time: 0h:0m:21s (0h:0m:3s left)
Iteration 100 / LogL: -81347.399 / Time: 0h:0m:22s (0h:0m:0s left)
TREE SEARCH COMPLETED AFTER 104 ITERATIONS / Time: 0h:0m:22s

--------------------------------------------------------------------
|                    FINALIZING TREE SEARCH                        |
--------------------------------------------------------------------
Performs final model parameters optimization
Estimate model parameters (epsilon = 0.010)
1. Initial log-likelihood: -81342.130
Optimal log-likelihood: -81342.127
Rate parameters:  A-C: 1.00000  A-G: 1.00000  A-T: 1.00000  C-G: 1.00000  C-T: 1.00000  G-T: 1.00000
Base frequencies:  A: 0.250  C: 0.250  G: 0.250  T: 0.250
Parameters optimization took 1 rounds (0.003 sec)
BEST SCORE FOUND : -81342.127
Total tree length: 21.279

Total number of iterations: 104
CPU time used for tree search: 5.557 sec (0h:0m:5s)
Wall-clock time used for tree search: 5.575 sec (0h:0m:5s)
Total CPU time used: 23.548 sec (0h:0m:23s)
Total wall-clock time used: 22.238 sec (0h:0m:22s)

Analysis results written to: 
  IQ-TREE report:                exp_baseline/m50_sel200_rep2/iqtree_out.iqtree
  Maximum-likelihood tree:       exp_baseline/m50_sel200_rep2/iqtree_out.treefile
  Likelihood distances:          exp_baseline/m50_sel200_rep2/iqtree_out.mldist
  Screen log file:               exp_baseline/m50_sel200_rep2/iqtree_out.log

Date and Time: Tue May 12 14:55:10 2026
