IQ-TREE version 3.1.1 for MacOS ARM 64-bit built Apr  8 2026
Developed by Bui Quang Minh, Thomas Wong, Nhan Ly-Trong, Huaiyan Ren
Contributed by Lam-Tung Nguyen, Dominik Schrempf, Chris Bielow,
Olga Chernomor, Michael Woodhams, Diep Thi Hoang, Heiko Schmidt

Host:    Noutbuk-maria.local (SSE4.2, 16 GB RAM)
Command: iqtree -s exp_baseline/m200_sel1000_rep4/combined.fasta -m JC -nt AUTO -pre exp_baseline/m200_sel1000_rep4/iqtree_out -seed 1020442 -redo
Seed:    1020442 (Using SPRNG - Scalable Parallel Random Number Generator)
Time:    Tue May 12 15:25:03 2026
Kernel:  SSE2 - auto-detect threads (8 CPU cores detected)

Reading alignment file exp_baseline/m200_sel1000_rep4/combined.fasta ... Fasta format detected
Reading fasta file: done in 0.000760078 secs using 85.65% CPU
Alignment most likely contains DNA/RNA sequences
Constructing alignment: done in 0.00131702 secs using 55.58% CPU
Alignment has 30 sequences with 3000 columns, 2015 distinct patterns
2995 parsimony-informative, 0 singleton sites, 5 constant sites
          Gap/Ambiguity  Composition  p-value
Analyzing sequences: done in 5.6982e-05 secs using 210.6% CPU
   1  taxon_1     0.00%    passed     75.96%
   2  taxon_2     0.00%    passed     42.83%
   3  taxon_3     0.00%    passed     38.48%
   4  taxon_4     0.00%    passed     68.55%
   5  taxon_5     0.00%    passed     50.53%
   6  taxon_6     0.00%    passed     43.56%
   7  taxon_7     0.00%    passed     89.61%
   8  taxon_8     0.00%    passed     96.31%
   9  taxon_9     0.00%    passed     87.56%
  10  taxon_10    0.00%    passed     52.93%
  11  taxon_11    0.00%    passed     43.67%
  12  taxon_12    0.00%    passed     94.92%
  13  taxon_13    0.00%    passed     85.10%
  14  taxon_14    0.00%    passed     48.57%
  15  taxon_15    0.00%    passed     51.24%
  16  taxon_16    0.00%    passed     97.24%
  17  taxon_17    0.00%    passed     94.52%
  18  taxon_18    0.00%    passed     94.07%
  19  taxon_19    0.00%    passed     33.82%
  20  taxon_20    0.00%    passed     80.84%
  21  taxon_21    0.00%    passed     97.79%
  22  taxon_22    0.00%    passed     16.15%
  23  taxon_23    0.00%    passed     35.78%
  24  taxon_24    0.00%    passed     74.27%
  25  taxon_25    0.00%    passed     78.62%
  26  taxon_26    0.00%    passed     51.47%
  27  taxon_27    0.00%    passed     62.30%
  28  taxon_28    0.00%    passed     86.01%
  29  taxon_29    0.00%    passed     35.71%
  30  taxon_30    0.00%    passed     95.69%
****  TOTAL       0.00%  0 sequences failed composition chi2 test (p-value<5%; df=3)
Checking for duplicate sequences: done in 0.000128984 secs using 93.03% CPU

Create initial parsimony tree by phylogenetic likelihood library (PLL)... 0.002 seconds

NOTE: 1 MB RAM (0 GB) is required!
Measuring multi-threading efficiency up to 8 CPU cores
Increase to 10 rounds for branch lengths
421 trees examined
Threads: 1 / Time: 8.015 sec / Speedup: 1.000 / Efficiency: 100% / LogL: -111522
Threads: 2 / Time: 8.519 sec / Speedup: 0.941 / Efficiency: 47% / LogL: -111522
Determining AUTO threadcount: done in 16.5347 secs using 108.7% CPU
BEST NUMBER OF THREADS: 1

Estimate model parameters (epsilon = 0.100)
1. Initial log-likelihood: -99803.708
Optimal log-likelihood: -99277.142
Rate parameters:  A-C: 1.00000  A-G: 1.00000  A-T: 1.00000  C-G: 1.00000  C-T: 1.00000  G-T: 1.00000
Base frequencies:  A: 0.250  C: 0.250  G: 0.250  T: 0.250
Parameters optimization took 1 rounds (0.009 sec)
Wrote distance file to... 
Computing ML distances based on estimated model parameters...
Calculating distance matrix: done in 0.001302 secs using 99% CPU
Computing ML distances took 0.001446 sec (of wall-clock time) 0.001419 sec (of CPU time)
WARNING: Some pairwise ML distances are too long (saturated)
Setting up auxiliary I and S matrices: done in 2.7895e-05 secs using 71.7% CPU
Constructing RapidNJ tree: done in 4.88758e-05 secs using 159.6% CPU
Computing RapidNJ tree took 0.000104 sec (of wall-clock time) 0.000128 sec (of CPU time)
Log-likelihood of RapidNJ tree: -101065.272
--------------------------------------------------------------------
|             INITIALIZING CANDIDATE TREE SET                      |
--------------------------------------------------------------------
Generating 98 parsimony trees... 0.335 second
Computing log-likelihood of 98 initial trees ... 0.232 seconds
Current best score: -99277.142

Do NNI search on 20 best initial trees
Estimate model parameters (epsilon = 0.100)
BETTER TREE FOUND at iteration 1: -99225.005
Estimate model parameters (epsilon = 0.100)
BETTER TREE FOUND at iteration 2: -99212.231
Iteration 10 / LogL: -99244.128 / Time: 0h:0m:17s
Estimate model parameters (epsilon = 0.100)
BETTER TREE FOUND at iteration 18: -99210.298
Iteration 20 / LogL: -99241.124 / Time: 0h:0m:17s
Finish initializing candidate tree set (20)
Current best tree score: -99210.298 / CPU time: 1.068
Number of iterations: 20
--------------------------------------------------------------------
|               OPTIMIZING CANDIDATE TREE SET                      |
--------------------------------------------------------------------
Iteration 30 / LogL: -99216.769 / Time: 0h:0m:18s (0h:0m:54s left)
Iteration 40 / LogL: -99212.380 / Time: 0h:0m:18s (0h:0m:36s left)
Iteration 50 / LogL: -99428.179 / Time: 0h:0m:18s (0h:0m:26s left)
Iteration 60 / LogL: -99212.658 / Time: 0h:0m:19s (0h:0m:18s left)
Iteration 70 / LogL: -99219.508 / Time: 0h:0m:19s (0h:0m:13s left)
Iteration 80 / LogL: -99216.563 / Time: 0h:0m:20s (0h:0m:9s left)
Iteration 90 / LogL: -99213.286 / Time: 0h:0m:20s (0h:0m:6s left)
Iteration 100 / LogL: -99212.317 / Time: 0h:0m:20s (0h:0m:3s left)
Iteration 110 / LogL: -99217.512 / Time: 0h:0m:21s (0h:0m:1s left)
TREE SEARCH COMPLETED AFTER 119 ITERATIONS / Time: 0h:0m:21s

--------------------------------------------------------------------
|                    FINALIZING TREE SEARCH                        |
--------------------------------------------------------------------
Performs final model parameters optimization
Estimate model parameters (epsilon = 0.010)
1. Initial log-likelihood: -99210.298
Optimal log-likelihood: -99210.298
Rate parameters:  A-C: 1.00000  A-G: 1.00000  A-T: 1.00000  C-G: 1.00000  C-T: 1.00000  G-T: 1.00000
Base frequencies:  A: 0.250  C: 0.250  G: 0.250  T: 0.250
Parameters optimization took 1 rounds (0.003 sec)
BEST SCORE FOUND : -99210.298
Total tree length: 13.464

Total number of iterations: 119
CPU time used for tree search: 5.060 sec (0h:0m:5s)
Wall-clock time used for tree search: 5.070 sec (0h:0m:5s)
Total CPU time used: 23.072 sec (0h:0m:23s)
Total wall-clock time used: 21.642 sec (0h:0m:21s)

Analysis results written to: 
  IQ-TREE report:                exp_baseline/m200_sel1000_rep4/iqtree_out.iqtree
  Maximum-likelihood tree:       exp_baseline/m200_sel1000_rep4/iqtree_out.treefile
  Likelihood distances:          exp_baseline/m200_sel1000_rep4/iqtree_out.mldist
  Screen log file:               exp_baseline/m200_sel1000_rep4/iqtree_out.log

Date and Time: Tue May 12 15:25:24 2026
