IQ-TREE version 3.1.1 for MacOS ARM 64-bit built Apr  8 2026
Developed by Bui Quang Minh, Thomas Wong, Nhan Ly-Trong, Huaiyan Ren
Contributed by Lam-Tung Nguyen, Dominik Schrempf, Chris Bielow,
Olga Chernomor, Michael Woodhams, Diep Thi Hoang, Heiko Schmidt

Host:    Noutbuk-maria.local (SSE4.2, 16 GB RAM)
Command: iqtree -s exp_stable_0.0005/m1_sel1_rep5/neutral.fasta -m JC -nt AUTO -pre exp_stable_0.0005/m1_sel1_rep5/iqtree_out -seed 1642 -redo
Seed:    1642 (Using SPRNG - Scalable Parallel Random Number Generator)
Time:    Mon May 18 19:20:20 2026
Kernel:  SSE2 - auto-detect threads (8 CPU cores detected)

Reading alignment file exp_stable_0.0005/m1_sel1_rep5/neutral.fasta ... Fasta format detected
Reading fasta file: done in 0.00117493 secs using 89.88% CPU
Alignment most likely contains DNA/RNA sequences
Constructing alignment: done in 0.00138211 secs using 59.62% CPU
Alignment has 50 sequences with 3000 columns, 1153 distinct patterns
547 parsimony-informative, 1083 singleton sites, 1370 constant sites
          Gap/Ambiguity  Composition  p-value
Analyzing sequences: done in 6.8903e-05 secs using 165.5% CPU
   1  taxon_1     0.00%    passed     96.95%
   2  taxon_2     0.00%    passed     96.42%
   3  taxon_3     0.00%    passed     91.80%
   4  taxon_4     0.00%    passed     94.14%
   5  taxon_5     0.00%    passed     94.50%
   6  taxon_6     0.00%    passed     95.05%
   7  taxon_7     0.00%    passed     98.44%
   8  taxon_8     0.00%    passed     99.04%
   9  taxon_9     0.00%    passed     97.89%
  10  taxon_10    0.00%    passed     95.43%
  11  taxon_11    0.00%    passed    100.00%
  12  taxon_12    0.00%    passed     99.84%
  13  taxon_13    0.00%    passed     99.22%
  14  taxon_14    0.00%    passed     99.12%
  15  taxon_15    0.00%    passed     98.88%
  16  taxon_16    0.00%    passed     97.24%
  17  taxon_17    0.00%    passed     97.68%
  18  taxon_18    0.00%    passed     97.62%
  19  taxon_19    0.00%    passed     99.43%
  20  taxon_20    0.00%    passed     99.53%
  21  taxon_21    0.00%    passed     99.19%
  22  taxon_22    0.00%    passed     98.22%
  23  taxon_23    0.00%    passed     97.07%
  24  taxon_24    0.00%    passed     91.35%
  25  taxon_25    0.00%    passed     99.61%
  26  taxon_26    0.00%    passed     99.99%
  27  taxon_27    0.00%    passed     99.48%
  28  taxon_28    0.00%    passed     99.28%
  29  taxon_29    0.00%    passed     99.27%
  30  taxon_30    0.00%    passed     98.66%
  31  taxon_31    0.00%    passed     89.64%
  32  taxon_32    0.00%    passed     99.87%
  33  taxon_33    0.00%    passed     92.23%
  34  taxon_34    0.00%    passed     93.58%
  35  taxon_35    0.00%    passed     99.41%
  36  taxon_36    0.00%    passed     97.67%
  37  taxon_37    0.00%    passed     99.16%
  38  taxon_38    0.00%    passed     98.27%
  39  taxon_39    0.00%    passed     99.14%
  40  taxon_40    0.00%    passed     94.42%
  41  taxon_41    0.00%    passed     98.51%
  42  taxon_42    0.00%    passed     99.48%
  43  taxon_43    0.00%    passed     97.27%
  44  taxon_44    0.00%    passed     97.96%
  45  taxon_45    0.00%    passed     96.89%
  46  taxon_46    0.00%    passed     95.72%
  47  taxon_47    0.00%    passed     96.64%
  48  taxon_48    0.00%    passed     99.93%
  49  taxon_49    0.00%    passed     95.82%
  50  taxon_50    0.00%    passed     98.78%
****  TOTAL       0.00%  0 sequences failed composition chi2 test (p-value<5%; df=3)
Checking for duplicate sequences: done in 0.000138044 secs using 87.65% CPU

Create initial parsimony tree by phylogenetic likelihood library (PLL)... 0.003 seconds

NOTE: 1 MB RAM (0 GB) is required!
Measuring multi-threading efficiency up to 8 CPU cores
Increase to 10 rounds for branch lengths
703 trees examined
Threads: 1 / Time: 8.007 sec / Speedup: 1.000 / Efficiency: 100% / LogL: -25838
Threads: 2 / Time: 9.298 sec / Speedup: 0.861 / Efficiency: 43% / LogL: -25838
Determining AUTO threadcount: done in 17.3045 secs using 107.4% CPU
BEST NUMBER OF THREADS: 1

Estimate model parameters (epsilon = 0.100)
1. Initial log-likelihood: -19852.990
Optimal log-likelihood: -19850.672
Rate parameters:  A-C: 1.00000  A-G: 1.00000  A-T: 1.00000  C-G: 1.00000  C-T: 1.00000  G-T: 1.00000
Base frequencies:  A: 0.250  C: 0.250  G: 0.250  T: 0.250
Parameters optimization took 1 rounds (0.005 sec)
Wrote distance file to... 
Computing ML distances based on estimated model parameters...
Calculating distance matrix: done in 0.00419807 secs using 89.04% CPU
Computing ML distances took 0.004319 sec (of wall-clock time) 0.003853 sec (of CPU time)
Setting up auxiliary I and S matrices: done in 4.50611e-05 secs using 95.43% CPU
Constructing RapidNJ tree: done in 0.000104904 secs using 169.7% CPU
Computing RapidNJ tree took 0.000172 sec (of wall-clock time) 0.000244 sec (of CPU time)
Log-likelihood of RapidNJ tree: -19868.367
--------------------------------------------------------------------
|             INITIALIZING CANDIDATE TREE SET                      |
--------------------------------------------------------------------
Generating 98 parsimony trees... 0.223 second
Computing log-likelihood of 98 initial trees ... 0.227 seconds
Current best score: -19850.482

Do NNI search on 20 best initial trees
Estimate model parameters (epsilon = 0.100)
BETTER TREE FOUND at iteration 1: -19850.480
Iteration 10 / LogL: -19850.484 / Time: 0h:0m:17s
Iteration 20 / LogL: -19850.480 / Time: 0h:0m:18s
Finish initializing candidate tree set (1)
Current best tree score: -19850.480 / CPU time: 0.724
Number of iterations: 20
--------------------------------------------------------------------
|               OPTIMIZING CANDIDATE TREE SET                      |
--------------------------------------------------------------------
UPDATE BEST LOG-LIKELIHOOD: -19850.480
Iteration 30 / LogL: -19850.480 / Time: 0h:0m:18s (0h:0m:44s left)
Iteration 40 / LogL: -19850.493 / Time: 0h:0m:18s (0h:0m:29s left)
Iteration 50 / LogL: -19850.480 / Time: 0h:0m:19s (0h:0m:19s left)
UPDATE BEST LOG-LIKELIHOOD: -19850.480
Iteration 60 / LogL: -19850.487 / Time: 0h:0m:19s (0h:0m:13s left)
Iteration 70 / LogL: -19850.494 / Time: 0h:0m:19s (0h:0m:8s left)
UPDATE BEST LOG-LIKELIHOOD: -19850.480
Iteration 80 / LogL: -19850.489 / Time: 0h:0m:20s (0h:0m:5s left)
Iteration 90 / LogL: -19850.496 / Time: 0h:0m:20s (0h:0m:2s left)
Iteration 100 / LogL: -19877.527 / Time: 0h:0m:20s (0h:0m:0s left)
TREE SEARCH COMPLETED AFTER 102 ITERATIONS / Time: 0h:0m:20s

--------------------------------------------------------------------
|                    FINALIZING TREE SEARCH                        |
--------------------------------------------------------------------
Performs final model parameters optimization
Estimate model parameters (epsilon = 0.010)
1. Initial log-likelihood: -19850.480
Optimal log-likelihood: -19850.480
Rate parameters:  A-C: 1.00000  A-G: 1.00000  A-T: 1.00000  C-G: 1.00000  C-T: 1.00000  G-T: 1.00000
Base frequencies:  A: 0.250  C: 0.250  G: 0.250  T: 0.250
Parameters optimization took 1 rounds (0.003 sec)
BEST SCORE FOUND : -19850.480
Total tree length: 0.809

Total number of iterations: 102
CPU time used for tree search: 3.585 sec (0h:0m:3s)
Wall-clock time used for tree search: 3.592 sec (0h:0m:3s)
Total CPU time used: 22.191 sec (0h:0m:22s)
Total wall-clock time used: 20.925 sec (0h:0m:20s)

Analysis results written to: 
  IQ-TREE report:                exp_stable_0.0005/m1_sel1_rep5/iqtree_out.iqtree
  Maximum-likelihood tree:       exp_stable_0.0005/m1_sel1_rep5/iqtree_out.treefile
  Likelihood distances:          exp_stable_0.0005/m1_sel1_rep5/iqtree_out.mldist
  Screen log file:               exp_stable_0.0005/m1_sel1_rep5/iqtree_out.log

Date and Time: Mon May 18 19:20:41 2026
