IQ-TREE version 3.1.1 for MacOS ARM 64-bit built Apr  8 2026
Developed by Bui Quang Minh, Thomas Wong, Nhan Ly-Trong, Huaiyan Ren
Contributed by Lam-Tung Nguyen, Dominik Schrempf, Chris Bielow,
Olga Chernomor, Michael Woodhams, Diep Thi Hoang, Heiko Schmidt

Host:    Noutbuk-maria.local (SSE4.2, 16 GB RAM)
Command: iqtree -s exp_baseline/m2_sel50_rep5/combined.fasta -m JC -nt AUTO -pre exp_baseline/m2_sel50_rep5/iqtree_out -seed 50742 -redo
Seed:    50742 (Using SPRNG - Scalable Parallel Random Number Generator)
Time:    Tue May 12 14:05:52 2026
Kernel:  SSE2 - auto-detect threads (8 CPU cores detected)

Reading alignment file exp_baseline/m2_sel50_rep5/combined.fasta ... Fasta format detected
Reading fasta file: done in 0.00050211 secs using 91.02% CPU
Alignment most likely contains DNA/RNA sequences
Constructing alignment: done in 0.000971079 secs using 56.95% CPU
Alignment has 30 sequences with 2050 columns, 2016 distinct patterns
2033 parsimony-informative, 0 singleton sites, 17 constant sites
          Gap/Ambiguity  Composition  p-value
Analyzing sequences: done in 4.29153e-05 secs using 307.6% CPU
   1  taxon_1     0.00%    passed     28.78%
   2  taxon_2     0.00%    passed     27.46%
   3  taxon_3     0.00%    failed      3.99%
   4  taxon_4     0.00%    passed     52.38%
   5  taxon_5     0.00%    passed     94.59%
   6  taxon_6     0.00%    passed     78.82%
   7  taxon_7     0.00%    passed     18.61%
   8  taxon_8     0.00%    passed     30.04%
   9  taxon_9     0.00%    passed     10.09%
  10  taxon_10    0.00%    passed     81.27%
  11  taxon_11    0.00%    passed     30.94%
  12  taxon_12    0.00%    passed     30.78%
  13  taxon_13    0.00%    passed     53.96%
  14  taxon_14    0.00%    passed     65.36%
  15  taxon_15    0.00%    failed      3.43%
  16  taxon_16    0.00%    passed     81.24%
  17  taxon_17    0.00%    passed     35.79%
  18  taxon_18    0.00%    passed     77.44%
  19  taxon_19    0.00%    passed     87.85%
  20  taxon_20    0.00%    passed     33.49%
  21  taxon_21    0.00%    passed     88.40%
  22  taxon_22    0.00%    passed      9.20%
  23  taxon_23    0.00%    passed     24.01%
  24  taxon_24    0.00%    passed     34.56%
  25  taxon_25    0.00%    passed     55.71%
  26  taxon_26    0.00%    passed     57.40%
  27  taxon_27    0.00%    passed     91.77%
  28  taxon_28    0.00%    passed     47.01%
  29  taxon_29    0.00%    passed     57.53%
  30  taxon_30    0.00%    passed     66.30%
****  TOTAL       0.00%  2 sequences failed composition chi2 test (p-value<5%; df=3)
Checking for duplicate sequences: done in 0.000135183 secs using 90.99% CPU

Create initial parsimony tree by phylogenetic likelihood library (PLL)... 0.002 seconds

NOTE: 1 MB RAM (0 GB) is required!
Measuring multi-threading efficiency up to 8 CPU cores
Increase to 10 rounds for branch lengths
396 trees examined
Threads: 1 / Time: 8.010 sec / Speedup: 1.000 / Efficiency: 100% / LogL: -83422
Threads: 2 / Time: 8.896 sec / Speedup: 0.900 / Efficiency: 45% / LogL: -83422
Determining AUTO threadcount: done in 16.9065 secs using 108.4% CPU
BEST NUMBER OF THREADS: 1

Estimate model parameters (epsilon = 0.100)
1. Initial log-likelihood: -80492.251
Optimal log-likelihood: -79920.084
Rate parameters:  A-C: 1.00000  A-G: 1.00000  A-T: 1.00000  C-G: 1.00000  C-T: 1.00000  G-T: 1.00000
Base frequencies:  A: 0.250  C: 0.250  G: 0.250  T: 0.250
Parameters optimization took 1 rounds (0.012 sec)
Wrote distance file to... 
Computing ML distances based on estimated model parameters...
Calculating distance matrix: done in 0.001513 secs using 99.54% CPU
Computing ML distances took 0.001656 sec (of wall-clock time) 0.001634 sec (of CPU time)
WARNING: Some pairwise ML distances are too long (saturated)
Setting up auxiliary I and S matrices: done in 2.40803e-05 secs using 74.75% CPU
Constructing RapidNJ tree: done in 4.88758e-05 secs using 173.9% CPU
Computing RapidNJ tree took 0.000095 sec (of wall-clock time) 0.000117 sec (of CPU time)
Log-likelihood of RapidNJ tree: -79932.915
--------------------------------------------------------------------
|             INITIALIZING CANDIDATE TREE SET                      |
--------------------------------------------------------------------
Generating 98 parsimony trees... 0.283 second
Computing log-likelihood of 98 initial trees ... 0.242 seconds
Current best score: -79920.084

Do NNI search on 20 best initial trees
Estimate model parameters (epsilon = 0.100)
BETTER TREE FOUND at iteration 1: -79904.823
Estimate model parameters (epsilon = 0.100)
BETTER TREE FOUND at iteration 2: -79896.254
Iteration 10 / LogL: -79903.791 / Time: 0h:0m:17s
Iteration 20 / LogL: -79903.728 / Time: 0h:0m:18s
Finish initializing candidate tree set (17)
Current best tree score: -79896.254 / CPU time: 1.614
Number of iterations: 20
--------------------------------------------------------------------
|               OPTIMIZING CANDIDATE TREE SET                      |
--------------------------------------------------------------------
Estimate model parameters (epsilon = 0.100)
UPDATE BEST LOG-LIKELIHOOD: -79889.702
Estimate model parameters (epsilon = 0.100)
BETTER TREE FOUND at iteration 29: -79889.598
Iteration 30 / LogL: -79980.121 / Time: 0h:0m:19s (0h:1m:5s left)
Estimate model parameters (epsilon = 0.100)
UPDATE BEST LOG-LIKELIHOOD: -79889.509
Estimate model parameters (epsilon = 0.100)
UPDATE BEST LOG-LIKELIHOOD: -79889.463
Iteration 40 / LogL: -79889.463 / Time: 0h:0m:19s (0h:0m:45s left)
Iteration 50 / LogL: -79925.956 / Time: 0h:0m:20s (0h:0m:33s left)
Iteration 60 / LogL: -79890.619 / Time: 0h:0m:21s (0h:0m:24s left)
Iteration 70 / LogL: -79889.755 / Time: 0h:0m:21s (0h:0m:18s left)
Iteration 80 / LogL: -79889.780 / Time: 0h:0m:22s (0h:0m:13s left)
UPDATE BEST LOG-LIKELIHOOD: -79889.460
Iteration 90 / LogL: -79897.076 / Time: 0h:0m:23s (0h:0m:10s left)
Iteration 100 / LogL: -79889.551 / Time: 0h:0m:23s (0h:0m:7s left)
Iteration 110 / LogL: -79889.872 / Time: 0h:0m:24s (0h:0m:4s left)
Iteration 120 / LogL: -79889.814 / Time: 0h:0m:25s (0h:0m:1s left)
Iteration 130 / LogL: -79889.540 / Time: 0h:0m:26s (0h:0m:-1s left)
TREE SEARCH COMPLETED AFTER 130 ITERATIONS / Time: 0h:0m:26s

--------------------------------------------------------------------
|                    FINALIZING TREE SEARCH                        |
--------------------------------------------------------------------
Performs final model parameters optimization
Estimate model parameters (epsilon = 0.010)
1. Initial log-likelihood: -79889.460
Optimal log-likelihood: -79889.459
Rate parameters:  A-C: 1.00000  A-G: 1.00000  A-T: 1.00000  C-G: 1.00000  C-T: 1.00000  G-T: 1.00000
Base frequencies:  A: 0.250  C: 0.250  G: 0.250  T: 0.250
Parameters optimization took 1 rounds (0.003 sec)
BEST SCORE FOUND : -79889.459
Total tree length: 24.619

Total number of iterations: 130
CPU time used for tree search: 9.040 sec (0h:0m:9s)
Wall-clock time used for tree search: 9.047 sec (0h:0m:9s)
Total CPU time used: 27.453 sec (0h:0m:27s)
Total wall-clock time used: 26.033 sec (0h:0m:26s)

Analysis results written to: 
  IQ-TREE report:                exp_baseline/m2_sel50_rep5/iqtree_out.iqtree
  Maximum-likelihood tree:       exp_baseline/m2_sel50_rep5/iqtree_out.treefile
  Likelihood distances:          exp_baseline/m2_sel50_rep5/iqtree_out.mldist
  Screen log file:               exp_baseline/m2_sel50_rep5/iqtree_out.log

Date and Time: Tue May 12 14:06:18 2026
