IQ-TREE version 3.1.1 for MacOS ARM 64-bit built Apr  8 2026
Developed by Bui Quang Minh, Thomas Wong, Nhan Ly-Trong, Huaiyan Ren
Contributed by Lam-Tung Nguyen, Dominik Schrempf, Chris Bielow,
Olga Chernomor, Michael Woodhams, Diep Thi Hoang, Heiko Schmidt

Host:    Noutbuk-maria.local (SSE4.2, 16 GB RAM)
Command: iqtree -s exp_baseline/m10_sel500_rep4/combined.fasta -m JC -nt AUTO -pre exp_baseline/m10_sel500_rep4/iqtree_out -seed 501442 -redo
Seed:    501442 (Using SPRNG - Scalable Parallel Random Number Generator)
Time:    Tue May 12 14:34:00 2026
Kernel:  SSE2 - auto-detect threads (8 CPU cores detected)

Reading alignment file exp_baseline/m10_sel500_rep4/combined.fasta ... Fasta format detected
Reading fasta file: done in 0.000590086 secs using 91.17% CPU
Alignment most likely contains DNA/RNA sequences
Constructing alignment: done in 0.00114799 secs using 55.92% CPU
Alignment has 30 sequences with 2500 columns, 2016 distinct patterns
2448 parsimony-informative, 0 singleton sites, 52 constant sites
          Gap/Ambiguity  Composition  p-value
Analyzing sequences: done in 4.19617e-05 secs using 269.3% CPU
   1  taxon_1     0.00%    passed     53.75%
   2  taxon_2     0.00%    passed     75.73%
   3  taxon_3     0.00%    passed     65.79%
   4  taxon_4     0.00%    passed     33.68%
   5  taxon_5     0.00%    passed     61.19%
   6  taxon_6     0.00%    passed     34.10%
   7  taxon_7     0.00%    passed     40.91%
   8  taxon_8     0.00%    passed     90.73%
   9  taxon_9     0.00%    passed     38.82%
  10  taxon_10    0.00%    passed     11.66%
  11  taxon_11    0.00%    passed     73.01%
  12  taxon_12    0.00%    passed     10.99%
  13  taxon_13    0.00%    passed     81.40%
  14  taxon_14    0.00%    passed     24.96%
  15  taxon_15    0.00%    passed     95.39%
  16  taxon_16    0.00%    passed     27.22%
  17  taxon_17    0.00%    passed     72.38%
  18  taxon_18    0.00%    passed     13.94%
  19  taxon_19    0.00%    passed     10.23%
  20  taxon_20    0.00%    passed     33.65%
  21  taxon_21    0.00%    passed     43.03%
  22  taxon_22    0.00%    passed     67.08%
  23  taxon_23    0.00%    passed     22.37%
  24  taxon_24    0.00%    passed     83.97%
  25  taxon_25    0.00%    passed     45.02%
  26  taxon_26    0.00%    passed      5.73%
  27  taxon_27    0.00%    passed     54.02%
  28  taxon_28    0.00%    passed     69.82%
  29  taxon_29    0.00%    passed     47.77%
  30  taxon_30    0.00%    passed     71.54%
****  TOTAL       0.00%  0 sequences failed composition chi2 test (p-value<5%; df=3)
Checking for duplicate sequences: done in 0.000131845 secs using 87.98% CPU

Create initial parsimony tree by phylogenetic likelihood library (PLL)... 0.002 seconds

NOTE: 1 MB RAM (0 GB) is required!
Measuring multi-threading efficiency up to 8 CPU cores
Increase to 10 rounds for branch lengths
397 trees examined
Threads: 1 / Time: 8.014 sec / Speedup: 1.000 / Efficiency: 100% / LogL: -96569
Threads: 2 / Time: 8.774 sec / Speedup: 0.913 / Efficiency: 46% / LogL: -96569
Determining AUTO threadcount: done in 16.7884 secs using 108.2% CPU
BEST NUMBER OF THREADS: 1

Estimate model parameters (epsilon = 0.100)
1. Initial log-likelihood: -90719.661
Optimal log-likelihood: -90124.046
Rate parameters:  A-C: 1.00000  A-G: 1.00000  A-T: 1.00000  C-G: 1.00000  C-T: 1.00000  G-T: 1.00000
Base frequencies:  A: 0.250  C: 0.250  G: 0.250  T: 0.250
Parameters optimization took 1 rounds (0.012 sec)
Wrote distance file to... 
Computing ML distances based on estimated model parameters...
Calculating distance matrix: done in 0.00136495 secs using 99.42% CPU
Computing ML distances took 0.001503 sec (of wall-clock time) 0.001487 sec (of CPU time)
WARNING: Some pairwise ML distances are too long (saturated)
Setting up auxiliary I and S matrices: done in 2.38419e-05 secs using 71.3% CPU
Constructing RapidNJ tree: done in 4.60148e-05 secs using 171.7% CPU
Computing RapidNJ tree took 0.000096 sec (of wall-clock time) 0.000114 sec (of CPU time)
Log-likelihood of RapidNJ tree: -91075.851
--------------------------------------------------------------------
|             INITIALIZING CANDIDATE TREE SET                      |
--------------------------------------------------------------------
Generating 98 parsimony trees... 0.264 second
Computing log-likelihood of 98 initial trees ... 0.232 seconds
Current best score: -89935.946

Do NNI search on 20 best initial trees
Estimate model parameters (epsilon = 0.100)
BETTER TREE FOUND at iteration 1: -89760.055
Iteration 10 / LogL: -89779.913 / Time: 0h:0m:17s
Iteration 20 / LogL: -89939.683 / Time: 0h:0m:17s
Finish initializing candidate tree set (16)
Current best tree score: -89760.055 / CPU time: 1.135
Number of iterations: 20
--------------------------------------------------------------------
|               OPTIMIZING CANDIDATE TREE SET                      |
--------------------------------------------------------------------
Iteration 30 / LogL: -89781.824 / Time: 0h:0m:18s (0h:0m:44s left)
Iteration 40 / LogL: -89763.067 / Time: 0h:0m:18s (0h:0m:29s left)
Estimate model parameters (epsilon = 0.100)
BETTER TREE FOUND at iteration 50: -89744.187
Iteration 50 / LogL: -89744.187 / Time: 0h:0m:19s (0h:0m:38s left)
Iteration 60 / LogL: -89764.373 / Time: 0h:0m:19s (0h:0m:29s left)
Iteration 70 / LogL: -89761.254 / Time: 0h:0m:19s (0h:0m:22s left)
Iteration 80 / LogL: -89766.164 / Time: 0h:0m:20s (0h:0m:17s left)
Iteration 90 / LogL: -89765.112 / Time: 0h:0m:20s (0h:0m:13s left)
Iteration 100 / LogL: -89745.162 / Time: 0h:0m:20s (0h:0m:10s left)
Iteration 110 / LogL: -89746.864 / Time: 0h:0m:21s (0h:0m:7s left)
Iteration 120 / LogL: -89745.879 / Time: 0h:0m:21s (0h:0m:5s left)
Iteration 130 / LogL: -89746.222 / Time: 0h:0m:22s (0h:0m:3s left)
Estimate model parameters (epsilon = 0.100)
BETTER TREE FOUND at iteration 132: -89702.872
Iteration 140 / LogL: -89744.276 / Time: 0h:0m:22s (0h:0m:14s left)
Iteration 150 / LogL: -89747.029 / Time: 0h:0m:22s (0h:0m:12s left)
Iteration 160 / LogL: -89748.019 / Time: 0h:0m:23s (0h:0m:10s left)
Iteration 170 / LogL: -89750.567 / Time: 0h:0m:23s (0h:0m:8s left)
Iteration 180 / LogL: -89747.501 / Time: 0h:0m:24s (0h:0m:6s left)
Estimate model parameters (epsilon = 0.100)
BETTER TREE FOUND at iteration 189: -89702.122
Iteration 190 / LogL: -89703.013 / Time: 0h:0m:24s (0h:0m:12s left)
Iteration 200 / LogL: -89745.382 / Time: 0h:0m:24s (0h:0m:11s left)
Iteration 210 / LogL: -89703.542 / Time: 0h:0m:25s (0h:0m:9s left)
Iteration 220 / LogL: -89745.310 / Time: 0h:0m:25s (0h:0m:8s left)
Iteration 230 / LogL: -90008.812 / Time: 0h:0m:26s (0h:0m:6s left)
Iteration 240 / LogL: -89703.539 / Time: 0h:0m:26s (0h:0m:5s left)
Iteration 250 / LogL: -89705.340 / Time: 0h:0m:26s (0h:0m:4s left)
Iteration 260 / LogL: -89702.180 / Time: 0h:0m:27s (0h:0m:3s left)
Iteration 270 / LogL: -89703.265 / Time: 0h:0m:27s (0h:0m:1s left)
Iteration 280 / LogL: -89729.923 / Time: 0h:0m:28s (0h:0m:0s left)
Iteration 290 / LogL: -89719.288 / Time: 0h:0m:28s (0h:0m:-1s left)
TREE SEARCH COMPLETED AFTER 290 ITERATIONS / Time: 0h:0m:28s

--------------------------------------------------------------------
|                    FINALIZING TREE SEARCH                        |
--------------------------------------------------------------------
Performs final model parameters optimization
Estimate model parameters (epsilon = 0.010)
1. Initial log-likelihood: -89702.122
Optimal log-likelihood: -89702.121
Rate parameters:  A-C: 1.00000  A-G: 1.00000  A-T: 1.00000  C-G: 1.00000  C-T: 1.00000  G-T: 1.00000
Base frequencies:  A: 0.250  C: 0.250  G: 0.250  T: 0.250
Parameters optimization took 1 rounds (0.003 sec)
BEST SCORE FOUND : -89702.121
Total tree length: 17.170

Total number of iterations: 290
CPU time used for tree search: 11.698 sec (0h:0m:11s)
Wall-clock time used for tree search: 11.739 sec (0h:0m:11s)
Total CPU time used: 29.902 sec (0h:0m:29s)
Total wall-clock time used: 28.568 sec (0h:0m:28s)

Analysis results written to: 
  IQ-TREE report:                exp_baseline/m10_sel500_rep4/iqtree_out.iqtree
  Maximum-likelihood tree:       exp_baseline/m10_sel500_rep4/iqtree_out.treefile
  Likelihood distances:          exp_baseline/m10_sel500_rep4/iqtree_out.mldist
  Screen log file:               exp_baseline/m10_sel500_rep4/iqtree_out.log

Date and Time: Tue May 12 14:34:29 2026
