IQ-TREE version 3.1.1 for MacOS ARM 64-bit built Apr  8 2026
Developed by Bui Quang Minh, Thomas Wong, Nhan Ly-Trong, Huaiyan Ren
Contributed by Lam-Tung Nguyen, Dominik Schrempf, Chris Bielow,
Olga Chernomor, Michael Woodhams, Diep Thi Hoang, Heiko Schmidt

Host:    Noutbuk-maria.local (SSE4.2, 16 GB RAM)
Command: iqtree -s exp_stable_0.0001/m5_sel1_rep5/neutral.fasta -m JC -nt AUTO -pre exp_stable_0.0001/m5_sel1_rep5/iqtree_out -seed 2042 -redo
Seed:    2042 (Using SPRNG - Scalable Parallel Random Number Generator)
Time:    Mon May 18 16:59:12 2026
Kernel:  SSE2 - auto-detect threads (8 CPU cores detected)

Reading alignment file exp_stable_0.0001/m5_sel1_rep5/neutral.fasta ... Fasta format detected
Reading fasta file: done in 0.00130796 secs using 88.84% CPU
Alignment most likely contains DNA/RNA sequences
Constructing alignment: done in 0.00130796 secs using 55.12% CPU
Alignment has 50 sequences with 3000 columns, 172 distinct patterns
30 parsimony-informative, 159 singleton sites, 2811 constant sites
          Gap/Ambiguity  Composition  p-value
Analyzing sequences: done in 3.31402e-05 secs using 69.4% CPU
   1  taxon_1     0.00%    passed     99.77%
   2  taxon_2     0.00%    passed     99.98%
   3  taxon_3     0.00%    passed     99.83%
   4  taxon_4     0.00%    passed     99.30%
   5  taxon_5     0.00%    passed     99.82%
   6  taxon_6     0.00%    passed     99.68%
   7  taxon_7     0.00%    passed     99.71%
   8  taxon_8     0.00%    passed     99.80%
   9  taxon_9     0.00%    passed     99.69%
  10  taxon_10    0.00%    passed     99.75%
  11  taxon_11    0.00%    passed     99.76%
  12  taxon_12    0.00%    passed     99.98%
  13  taxon_13    0.00%    passed     99.96%
  14  taxon_14    0.00%    passed    100.00%
  15  taxon_15    0.00%    passed     99.98%
  16  taxon_16    0.00%    passed    100.00%
  17  taxon_17    0.00%    passed    100.00%
  18  taxon_18    0.00%    passed     99.94%
  19  taxon_19    0.00%    passed     99.94%
  20  taxon_20    0.00%    passed     99.97%
  21  taxon_21    0.00%    passed     99.98%
  22  taxon_22    0.00%    passed     99.95%
  23  taxon_23    0.00%    passed     99.92%
  24  taxon_24    0.00%    passed     99.97%
  25  taxon_25    0.00%    passed    100.00%
  26  taxon_26    0.00%    passed     99.84%
  27  taxon_27    0.00%    passed     99.86%
  28  taxon_28    0.00%    passed     99.98%
  29  taxon_29    0.00%    passed     99.99%
  30  taxon_30    0.00%    passed     99.95%
  31  taxon_31    0.00%    passed     99.98%
  32  taxon_32    0.00%    passed     99.99%
  33  taxon_33    0.00%    passed     99.99%
  34  taxon_34    0.00%    passed     99.97%
  35  taxon_35    0.00%    passed     99.95%
  36  taxon_36    0.00%    passed    100.00%
  37  taxon_37    0.00%    passed     99.81%
  38  taxon_38    0.00%    passed     99.93%
  39  taxon_39    0.00%    passed     99.89%
  40  taxon_40    0.00%    passed     99.91%
  41  taxon_41    0.00%    passed     99.96%
  42  taxon_42    0.00%    passed     99.94%
  43  taxon_43    0.00%    passed     99.98%
  44  taxon_44    0.00%    passed    100.00%
  45  taxon_45    0.00%    passed     99.98%
  46  taxon_46    0.00%    passed     99.98%
  47  taxon_47    0.00%    passed    100.00%
  48  taxon_48    0.00%    passed     99.90%
  49  taxon_49    0.00%    passed     99.96%
  50  taxon_50    0.00%    passed     99.90%
****  TOTAL       0.00%  0 sequences failed composition chi2 test (p-value<5%; df=3)
NOTE: taxon_17 is identical to taxon_16 but kept for subsequent analysis
Checking for duplicate sequences: done in 6.91414e-05 secs using 63.64% CPU

Create initial parsimony tree by phylogenetic likelihood library (PLL)... 0.001 seconds

NOTE: 0 MB RAM (0 GB) is required!
Measuring multi-threading efficiency up to 8 CPU cores
Increase to 10 rounds for branch lengths
6376 trees examined
Threads: 1 / Time: 8.000 sec / Speedup: 1.000 / Efficiency: 100% / LogL: -7353
Threads: 2 / Time: 17.766 sec / Speedup: 0.450 / Efficiency: 23% / LogL: -7353
Determining AUTO threadcount: done in 25.7666 secs using 81.46% CPU
BEST NUMBER OF THREADS: 1

Estimate model parameters (epsilon = 0.100)
1. Initial log-likelihood: -5833.753
Optimal log-likelihood: -5833.753
Rate parameters:  A-C: 1.00000  A-G: 1.00000  A-T: 1.00000  C-G: 1.00000  C-T: 1.00000  G-T: 1.00000
Base frequencies:  A: 0.250  C: 0.250  G: 0.250  T: 0.250
Parameters optimization took 1 rounds (0.001 sec)
Wrote distance file to... 
Computing ML distances based on estimated model parameters...
Calculating distance matrix: done in 0.0029211 secs using 80.52% CPU
Computing ML distances took 0.002961 sec (of wall-clock time) 0.002383 sec (of CPU time)
Setting up auxiliary I and S matrices: done in 5.50747e-05 secs using 78.08% CPU
Constructing RapidNJ tree: done in 0.000159025 secs using 169.8% CPU
Computing RapidNJ tree took 0.000235 sec (of wall-clock time) 0.000333 sec (of CPU time)
Log-likelihood of RapidNJ tree: -5833.901
--------------------------------------------------------------------
|             INITIALIZING CANDIDATE TREE SET                      |
--------------------------------------------------------------------
Generating 98 parsimony trees... 0.076 second
Computing log-likelihood of 98 initial trees ... 0.048 seconds
Current best score: -5833.753

Do NNI search on 20 best initial trees
Estimate model parameters (epsilon = 0.100)
BETTER TREE FOUND at iteration 1: -5833.751
BETTER TREE FOUND at iteration 2: -5833.751
Iteration 10 / LogL: -5833.753 / Time: 0h:0m:25s
BETTER TREE FOUND at iteration 15: -5833.751
Iteration 20 / LogL: -5833.753 / Time: 0h:0m:25s
Finish initializing candidate tree set (20)
Current best tree score: -5833.751 / CPU time: 0.184
Number of iterations: 20
--------------------------------------------------------------------
|               OPTIMIZING CANDIDATE TREE SET                      |
--------------------------------------------------------------------
Iteration 30 / LogL: -5833.797 / Time: 0h:0m:26s (0h:1m:16s left)
Iteration 40 / LogL: -5833.776 / Time: 0h:0m:26s (0h:0m:50s left)
Iteration 50 / LogL: -5833.766 / Time: 0h:0m:26s (0h:0m:34s left)
Iteration 60 / LogL: -5843.399 / Time: 0h:0m:26s (0h:0m:24s left)
Iteration 70 / LogL: -5833.783 / Time: 0h:0m:26s (0h:0m:17s left)
Iteration 80 / LogL: -5838.614 / Time: 0h:0m:26s (0h:0m:11s left)
Iteration 90 / LogL: -5838.598 / Time: 0h:0m:26s (0h:0m:7s left)
Iteration 100 / LogL: -5855.856 / Time: 0h:0m:26s (0h:0m:4s left)
Iteration 110 / LogL: -5838.591 / Time: 0h:0m:26s (0h:0m:1s left)
TREE SEARCH COMPLETED AFTER 116 ITERATIONS / Time: 0h:0m:26s

--------------------------------------------------------------------
|                    FINALIZING TREE SEARCH                        |
--------------------------------------------------------------------
Performs final model parameters optimization
Estimate model parameters (epsilon = 0.010)
1. Initial log-likelihood: -5833.751
Optimal log-likelihood: -5833.751
Rate parameters:  A-C: 1.00000  A-G: 1.00000  A-T: 1.00000  C-G: 1.00000  C-T: 1.00000  G-T: 1.00000
Base frequencies:  A: 0.250  C: 0.250  G: 0.250  T: 0.250
Parameters optimization took 1 rounds (0.001 sec)
BEST SCORE FOUND : -5833.751
Total tree length: 0.065

Total number of iterations: 116
CPU time used for tree search: 0.856 sec (0h:0m:0s)
Wall-clock time used for tree search: 0.862 sec (0h:0m:0s)
Total CPU time used: 21.857 sec (0h:0m:21s)
Total wall-clock time used: 26.645 sec (0h:0m:26s)

Analysis results written to: 
  IQ-TREE report:                exp_stable_0.0001/m5_sel1_rep5/iqtree_out.iqtree
  Maximum-likelihood tree:       exp_stable_0.0001/m5_sel1_rep5/iqtree_out.treefile
  Likelihood distances:          exp_stable_0.0001/m5_sel1_rep5/iqtree_out.mldist
  Screen log file:               exp_stable_0.0001/m5_sel1_rep5/iqtree_out.log

Date and Time: Mon May 18 16:59:39 2026
