IQ-TREE version 3.1.1 for MacOS ARM 64-bit built Apr  8 2026
Developed by Bui Quang Minh, Thomas Wong, Nhan Ly-Trong, Huaiyan Ren
Contributed by Lam-Tung Nguyen, Dominik Schrempf, Chris Bielow,
Olga Chernomor, Michael Woodhams, Diep Thi Hoang, Heiko Schmidt

Host:    Noutbuk-maria.local (SSE4.2, 16 GB RAM)
Command: iqtree -s exp_baseline/m5_sel50_rep2/combined.fasta -m JC -nt AUTO -pre exp_baseline/m5_sel50_rep2/iqtree_out -seed 50742 -redo
Seed:    50742 (Using SPRNG - Scalable Parallel Random Number Generator)
Time:    Tue May 12 14:16:08 2026
Kernel:  SSE2 - auto-detect threads (8 CPU cores detected)

Reading alignment file exp_baseline/m5_sel50_rep2/combined.fasta ... Fasta format detected
Reading fasta file: done in 0.000500917 secs using 89.24% CPU
Alignment most likely contains DNA/RNA sequences
Constructing alignment: done in 0.000944853 secs using 57.68% CPU
Alignment has 30 sequences with 2050 columns, 2015 distinct patterns
2046 parsimony-informative, 0 singleton sites, 4 constant sites
          Gap/Ambiguity  Composition  p-value
Analyzing sequences: done in 5.50747e-05 secs using 212.4% CPU
   1  taxon_1     0.00%    passed     23.41%
   2  taxon_2     0.00%    passed     33.95%
   3  taxon_3     0.00%    passed      5.55%
   4  taxon_4     0.00%    passed     38.04%
   5  taxon_5     0.00%    passed     89.82%
   6  taxon_6     0.00%    passed     87.87%
   7  taxon_7     0.00%    passed     26.09%
   8  taxon_8     0.00%    passed     33.10%
   9  taxon_9     0.00%    passed     11.06%
  10  taxon_10    0.00%    passed     83.62%
  11  taxon_11    0.00%    passed     21.25%
  12  taxon_12    0.00%    passed     31.58%
  13  taxon_13    0.00%    passed     49.74%
  14  taxon_14    0.00%    passed     74.86%
  15  taxon_15    0.00%    failed      1.73%
  16  taxon_16    0.00%    passed     81.19%
  17  taxon_17    0.00%    passed     45.71%
  18  taxon_18    0.00%    passed     73.99%
  19  taxon_19    0.00%    passed     95.51%
  20  taxon_20    0.00%    passed     30.16%
  21  taxon_21    0.00%    passed     76.56%
  22  taxon_22    0.00%    passed      6.45%
  23  taxon_23    0.00%    passed     31.24%
  24  taxon_24    0.00%    passed     43.68%
  25  taxon_25    0.00%    passed     71.19%
  26  taxon_26    0.00%    passed     55.18%
  27  taxon_27    0.00%    passed     86.15%
  28  taxon_28    0.00%    passed     33.89%
  29  taxon_29    0.00%    passed     66.53%
  30  taxon_30    0.00%    passed     63.67%
****  TOTAL       0.00%  1 sequences failed composition chi2 test (p-value<5%; df=3)
Checking for duplicate sequences: done in 0.000128031 secs using 90.6% CPU

Create initial parsimony tree by phylogenetic likelihood library (PLL)... 0.003 seconds

NOTE: 1 MB RAM (0 GB) is required!
Measuring multi-threading efficiency up to 8 CPU cores
Increase to 10 rounds for branch lengths
391 trees examined
Threads: 1 / Time: 8.004 sec / Speedup: 1.000 / Efficiency: 100% / LogL: -83345
Threads: 2 / Time: 8.861 sec / Speedup: 0.903 / Efficiency: 45% / LogL: -83345
Determining AUTO threadcount: done in 16.8652 secs using 107.9% CPU
BEST NUMBER OF THREADS: 1

Estimate model parameters (epsilon = 0.100)
1. Initial log-likelihood: -80622.460
Optimal log-likelihood: -80073.400
Rate parameters:  A-C: 1.00000  A-G: 1.00000  A-T: 1.00000  C-G: 1.00000  C-T: 1.00000  G-T: 1.00000
Base frequencies:  A: 0.250  C: 0.250  G: 0.250  T: 0.250
Parameters optimization took 1 rounds (0.016 sec)
Wrote distance file to... 
Computing ML distances based on estimated model parameters...
Calculating distance matrix: done in 0.00142121 secs using 99.42% CPU
Computing ML distances took 0.001554 sec (of wall-clock time) 0.001540 sec (of CPU time)
WARNING: Some pairwise ML distances are too long (saturated)
Setting up auxiliary I and S matrices: done in 2.5034e-05 secs using 67.91% CPU
Constructing RapidNJ tree: done in 4.91142e-05 secs using 85.51% CPU
Computing RapidNJ tree took 0.000097 sec (of wall-clock time) 0.000069 sec (of CPU time)
Log-likelihood of RapidNJ tree: -80100.828
--------------------------------------------------------------------
|             INITIALIZING CANDIDATE TREE SET                      |
--------------------------------------------------------------------
Generating 98 parsimony trees... 0.305 second
Computing log-likelihood of 98 initial trees ... 0.246 seconds
Current best score: -80073.400

Do NNI search on 20 best initial trees
Estimate model parameters (epsilon = 0.100)
BETTER TREE FOUND at iteration 1: -80052.414
Estimate model parameters (epsilon = 0.100)
BETTER TREE FOUND at iteration 2: -80049.635
Estimate model parameters (epsilon = 0.100)
BETTER TREE FOUND at iteration 3: -80041.039
Estimate model parameters (epsilon = 0.100)
BETTER TREE FOUND at iteration 8: -80040.766
Estimate model parameters (epsilon = 0.100)
BETTER TREE FOUND at iteration 9: -80039.584
Estimate model parameters (epsilon = 0.100)
BETTER TREE FOUND at iteration 10: -80033.168
Iteration 10 / LogL: -80033.168 / Time: 0h:0m:18s
Estimate model parameters (epsilon = 0.100)
BETTER TREE FOUND at iteration 19: -80025.434
Iteration 20 / LogL: -80063.055 / Time: 0h:0m:19s
Finish initializing candidate tree set (16)
Current best tree score: -80025.434 / CPU time: 2.085
Number of iterations: 20
--------------------------------------------------------------------
|               OPTIMIZING CANDIDATE TREE SET                      |
--------------------------------------------------------------------
Estimate model parameters (epsilon = 0.100)
BETTER TREE FOUND at iteration 21: -80019.113
Estimate model parameters (epsilon = 0.100)
BETTER TREE FOUND at iteration 22: -80018.852
Estimate model parameters (epsilon = 0.100)
BETTER TREE FOUND at iteration 25: -80010.271
Iteration 30 / LogL: -80060.209 / Time: 0h:0m:19s (0h:1m:4s left)
Estimate model parameters (epsilon = 0.100)
UPDATE BEST LOG-LIKELIHOOD: -80010.196
Iteration 40 / LogL: -80025.445 / Time: 0h:0m:20s (0h:0m:44s left)
Iteration 50 / LogL: -80010.269 / Time: 0h:0m:21s (0h:0m:32s left)
Iteration 60 / LogL: -80019.551 / Time: 0h:0m:22s (0h:0m:24s left)
Iteration 70 / LogL: -80010.290 / Time: 0h:0m:23s (0h:0m:18s left)
BETTER TREE FOUND at iteration 78: -80010.196
Iteration 80 / LogL: -80019.107 / Time: 0h:0m:23s (0h:0m:29s left)
Iteration 90 / LogL: -80010.985 / Time: 0h:0m:24s (0h:0m:24s left)
Iteration 100 / LogL: -80024.503 / Time: 0h:0m:25s (0h:0m:20s left)
Iteration 110 / LogL: -80010.567 / Time: 0h:0m:26s (0h:0m:16s left)
Iteration 120 / LogL: -80049.354 / Time: 0h:0m:27s (0h:0m:13s left)
Iteration 130 / LogL: -80010.299 / Time: 0h:0m:27s (0h:0m:10s left)
Iteration 140 / LogL: -80016.788 / Time: 0h:0m:28s (0h:0m:7s left)
Iteration 150 / LogL: -80032.733 / Time: 0h:0m:29s (0h:0m:5s left)
Iteration 160 / LogL: -80029.190 / Time: 0h:0m:30s (0h:0m:3s left)
Iteration 170 / LogL: -80043.413 / Time: 0h:0m:31s (0h:0m:1s left)
TREE SEARCH COMPLETED AFTER 179 ITERATIONS / Time: 0h:0m:32s

--------------------------------------------------------------------
|                    FINALIZING TREE SEARCH                        |
--------------------------------------------------------------------
Performs final model parameters optimization
Estimate model parameters (epsilon = 0.010)
1. Initial log-likelihood: -80010.196
Optimal log-likelihood: -80010.196
Rate parameters:  A-C: 1.00000  A-G: 1.00000  A-T: 1.00000  C-G: 1.00000  C-T: 1.00000  G-T: 1.00000
Base frequencies:  A: 0.250  C: 0.250  G: 0.250  T: 0.250
Parameters optimization took 1 rounds (0.003 sec)
BEST SCORE FOUND : -80010.196
Total tree length: 25.270

Total number of iterations: 179
CPU time used for tree search: 15.098 sec (0h:0m:15s)
Wall-clock time used for tree search: 15.169 sec (0h:0m:15s)
Total CPU time used: 33.369 sec (0h:0m:33s)
Total wall-clock time used: 32.109 sec (0h:0m:32s)

Analysis results written to: 
  IQ-TREE report:                exp_baseline/m5_sel50_rep2/iqtree_out.iqtree
  Maximum-likelihood tree:       exp_baseline/m5_sel50_rep2/iqtree_out.treefile
  Likelihood distances:          exp_baseline/m5_sel50_rep2/iqtree_out.mldist
  Screen log file:               exp_baseline/m5_sel50_rep2/iqtree_out.log

Date and Time: Tue May 12 14:16:40 2026
