IQ-TREE version 3.1.1 for MacOS ARM 64-bit built Apr  8 2026
Developed by Bui Quang Minh, Thomas Wong, Nhan Ly-Trong, Huaiyan Ren
Contributed by Lam-Tung Nguyen, Dominik Schrempf, Chris Bielow,
Olga Chernomor, Michael Woodhams, Diep Thi Hoang, Heiko Schmidt

Host:    Noutbuk-maria.local (SSE4.2, 16 GB RAM)
Command: iqtree -s exp_stable_0.0005/m1_sel2_rep2/neutral.fasta -m JC -nt AUTO -pre exp_stable_0.0005/m1_sel2_rep2/iqtree_out -seed 2342 -redo
Seed:    2342 (Using SPRNG - Scalable Parallel Random Number Generator)
Time:    Sat May 16 20:31:29 2026
Kernel:  SSE2 - auto-detect threads (8 CPU cores detected)

Reading alignment file exp_stable_0.0005/m1_sel2_rep2/neutral.fasta ... Fasta format detected
Reading fasta file: done in 0.00117993 secs using 89.67% CPU
Alignment most likely contains DNA/RNA sequences
Constructing alignment: done in 0.00120687 secs using 61.4% CPU
Alignment has 50 sequences with 3000 columns, 689 distinct patterns
220 parsimony-informative, 803 singleton sites, 1977 constant sites
          Gap/Ambiguity  Composition  p-value
Analyzing sequences: done in 3.69549e-05 secs using 148.8% CPU
   1  taxon_1     0.00%    passed     99.69%
   2  taxon_2     0.00%    passed     99.88%
   3  taxon_3     0.00%    passed     99.59%
   4  taxon_4     0.00%    passed     99.91%
   5  taxon_5     0.00%    passed     99.53%
   6  taxon_6     0.00%    passed     99.85%
   7  taxon_7     0.00%    passed     99.66%
   8  taxon_8     0.00%    passed     99.78%
   9  taxon_9     0.00%    passed     98.35%
  10  taxon_10    0.00%    passed     99.97%
  11  taxon_11    0.00%    passed     97.29%
  12  taxon_12    0.00%    passed     99.36%
  13  taxon_13    0.00%    passed     99.52%
  14  taxon_14    0.00%    passed     96.60%
  15  taxon_15    0.00%    passed     99.88%
  16  taxon_16    0.00%    passed     99.96%
  17  taxon_17    0.00%    passed     99.87%
  18  taxon_18    0.00%    passed     99.91%
  19  taxon_19    0.00%    passed     98.75%
  20  taxon_20    0.00%    passed     99.84%
  21  taxon_21    0.00%    passed     99.61%
  22  taxon_22    0.00%    passed     99.99%
  23  taxon_23    0.00%    passed     99.24%
  24  taxon_24    0.00%    passed     98.22%
  25  taxon_25    0.00%    passed     99.72%
  26  taxon_26    0.00%    passed     99.99%
  27  taxon_27    0.00%    passed     99.12%
  28  taxon_28    0.00%    passed     99.92%
  29  taxon_29    0.00%    passed     99.55%
  30  taxon_30    0.00%    passed     99.88%
  31  taxon_31    0.00%    passed     98.12%
  32  taxon_32    0.00%    passed     99.76%
  33  taxon_33    0.00%    passed     99.95%
  34  taxon_34    0.00%    passed     99.50%
  35  taxon_35    0.00%    passed     99.65%
  36  taxon_36    0.00%    passed     99.52%
  37  taxon_37    0.00%    passed     99.50%
  38  taxon_38    0.00%    passed     99.67%
  39  taxon_39    0.00%    passed     98.95%
  40  taxon_40    0.00%    passed     95.98%
  41  taxon_41    0.00%    passed     98.63%
  42  taxon_42    0.00%    passed     99.75%
  43  taxon_43    0.00%    passed     99.71%
  44  taxon_44    0.00%    passed     95.87%
  45  taxon_45    0.00%    passed     99.74%
  46  taxon_46    0.00%    passed     98.89%
  47  taxon_47    0.00%    passed     99.85%
  48  taxon_48    0.00%    passed     99.80%
  49  taxon_49    0.00%    passed     99.82%
  50  taxon_50    0.00%    passed     95.84%
****  TOTAL       0.00%  0 sequences failed composition chi2 test (p-value<5%; df=3)
Checking for duplicate sequences: done in 9.89437e-05 secs using 83.89% CPU

Create initial parsimony tree by phylogenetic likelihood library (PLL)... 0.002 seconds

NOTE: 1 MB RAM (0 GB) is required!
Measuring multi-threading efficiency up to 8 CPU cores
Increase to 10 rounds for branch lengths
1266 trees examined
Threads: 1 / Time: 8.001 sec / Speedup: 1.000 / Efficiency: 100% / LogL: -17527
Threads: 2 / Time: 10.660 sec / Speedup: 0.751 / Efficiency: 38% / LogL: -17527
Determining AUTO threadcount: done in 18.6615 secs using 101.8% CPU
BEST NUMBER OF THREADS: 1

Estimate model parameters (epsilon = 0.100)
1. Initial log-likelihood: -12943.813
Optimal log-likelihood: -12943.547
Rate parameters:  A-C: 1.00000  A-G: 1.00000  A-T: 1.00000  C-G: 1.00000  C-T: 1.00000  G-T: 1.00000
Base frequencies:  A: 0.250  C: 0.250  G: 0.250  T: 0.250
Parameters optimization took 1 rounds (0.004 sec)
Wrote distance file to... 
Computing ML distances based on estimated model parameters...
Calculating distance matrix: done in 0.00274706 secs using 92.17% CPU
Computing ML distances took 0.002827 sec (of wall-clock time) 0.002602 sec (of CPU time)
Setting up auxiliary I and S matrices: done in 4.3869e-05 secs using 79.78% CPU
Constructing RapidNJ tree: done in 9.89437e-05 secs using 92.98% CPU
Computing RapidNJ tree took 0.000165 sec (of wall-clock time) 0.000144 sec (of CPU time)
Log-likelihood of RapidNJ tree: -12986.377
--------------------------------------------------------------------
|             INITIALIZING CANDIDATE TREE SET                      |
--------------------------------------------------------------------
Generating 98 parsimony trees... 0.134 second
Computing log-likelihood of 98 initial trees ... 0.133 seconds
Current best score: -12941.355

Do NNI search on 20 best initial trees
Estimate model parameters (epsilon = 0.100)
BETTER TREE FOUND at iteration 1: -12941.355
BETTER TREE FOUND at iteration 2: -12941.353
UPDATE BEST LOG-LIKELIHOOD: -12941.353
Iteration 10 / LogL: -12941.353 / Time: 0h:0m:19s
BETTER TREE FOUND at iteration 11: -12941.353
Iteration 20 / LogL: -12941.353 / Time: 0h:0m:19s
Finish initializing candidate tree set (7)
Current best tree score: -12941.353 / CPU time: 0.450
Number of iterations: 20
--------------------------------------------------------------------
|               OPTIMIZING CANDIDATE TREE SET                      |
--------------------------------------------------------------------
Iteration 30 / LogL: -12941.363 / Time: 0h:0m:19s (0h:0m:54s left)
Iteration 40 / LogL: -12941.362 / Time: 0h:0m:19s (0h:0m:35s left)
Iteration 50 / LogL: -12941.363 / Time: 0h:0m:19s (0h:0m:24s left)
Iteration 60 / LogL: -12941.366 / Time: 0h:0m:20s (0h:0m:17s left)
Iteration 70 / LogL: -12941.376 / Time: 0h:0m:20s (0h:0m:12s left)
Iteration 80 / LogL: -12941.367 / Time: 0h:0m:20s (0h:0m:8s left)
Iteration 90 / LogL: -12941.366 / Time: 0h:0m:20s (0h:0m:4s left)
Iteration 100 / LogL: -12941.369 / Time: 0h:0m:20s (0h:0m:2s left)
UPDATE BEST LOG-LIKELIHOOD: -12941.353
Iteration 110 / LogL: -12941.365 / Time: 0h:0m:21s (0h:0m:0s left)
TREE SEARCH COMPLETED AFTER 112 ITERATIONS / Time: 0h:0m:21s

--------------------------------------------------------------------
|                    FINALIZING TREE SEARCH                        |
--------------------------------------------------------------------
Performs final model parameters optimization
Estimate model parameters (epsilon = 0.010)
1. Initial log-likelihood: -12941.353
Optimal log-likelihood: -12941.353
Rate parameters:  A-C: 1.00000  A-G: 1.00000  A-T: 1.00000  C-G: 1.00000  C-T: 1.00000  G-T: 1.00000
Base frequencies:  A: 0.250  C: 0.250  G: 0.250  T: 0.250
Parameters optimization took 1 rounds (0.002 sec)
BEST SCORE FOUND : -12941.353
Total tree length: 0.412

Total number of iterations: 112
CPU time used for tree search: 2.546 sec (0h:0m:2s)
Wall-clock time used for tree search: 2.550 sec (0h:0m:2s)
Total CPU time used: 21.552 sec (0h:0m:21s)
Total wall-clock time used: 21.232 sec (0h:0m:21s)

Analysis results written to: 
  IQ-TREE report:                exp_stable_0.0005/m1_sel2_rep2/iqtree_out.iqtree
  Maximum-likelihood tree:       exp_stable_0.0005/m1_sel2_rep2/iqtree_out.treefile
  Likelihood distances:          exp_stable_0.0005/m1_sel2_rep2/iqtree_out.mldist
  Screen log file:               exp_stable_0.0005/m1_sel2_rep2/iqtree_out.log

Date and Time: Sat May 16 20:31:50 2026
