IQ-TREE version 3.1.1 for MacOS ARM 64-bit built Apr  8 2026
Developed by Bui Quang Minh, Thomas Wong, Nhan Ly-Trong, Huaiyan Ren
Contributed by Lam-Tung Nguyen, Dominik Schrempf, Chris Bielow,
Olga Chernomor, Michael Woodhams, Diep Thi Hoang, Heiko Schmidt

Host:    Noutbuk-maria.local (SSE4.2, 16 GB RAM)
Command: iqtree -s exp_stable_0.001/m0_sel1_rep3/neutral.fasta -m JC -nt AUTO -pre exp_stable_0.001/m0_sel1_rep3/iqtree_out -seed 1342 -redo
Seed:    1342 (Using SPRNG - Scalable Parallel Random Number Generator)
Time:    Sun May 17 01:48:30 2026
Kernel:  SSE2 - auto-detect threads (8 CPU cores detected)

Reading alignment file exp_stable_0.001/m0_sel1_rep3/neutral.fasta ... Fasta format detected
Reading fasta file: done in 0.00120592 secs using 88.81% CPU
Alignment most likely contains DNA/RNA sequences
Constructing alignment: done in 0.00160885 secs using 62.28% CPU
Alignment has 50 sequences with 3000 columns, 2972 distinct patterns
2740 parsimony-informative, 237 singleton sites, 23 constant sites
          Gap/Ambiguity  Composition  p-value
Analyzing sequences: done in 9.41753e-05 secs using 327% CPU
   1  taxon_1     0.00%    passed     93.11%
   2  taxon_2     0.00%    passed     43.80%
   3  taxon_3     0.00%    passed     22.83%
   4  taxon_4     0.00%    passed     96.65%
   5  taxon_5     0.00%    passed     73.87%
   6  taxon_6     0.00%    passed     60.78%
   7  taxon_7     0.00%    passed     49.41%
   8  taxon_8     0.00%    passed     71.68%
   9  taxon_9     0.00%    passed     46.44%
  10  taxon_10    0.00%    passed     63.50%
  11  taxon_11    0.00%    passed     80.22%
  12  taxon_12    0.00%    passed     65.62%
  13  taxon_13    0.00%    passed     99.72%
  14  taxon_14    0.00%    passed     93.79%
  15  taxon_15    0.00%    passed     76.70%
  16  taxon_16    0.00%    passed     93.62%
  17  taxon_17    0.00%    passed     76.22%
  18  taxon_18    0.00%    passed     92.33%
  19  taxon_19    0.00%    passed     36.36%
  20  taxon_20    0.00%    passed     26.29%
  21  taxon_21    0.00%    passed     80.90%
  22  taxon_22    0.00%    passed     99.77%
  23  taxon_23    0.00%    passed     81.22%
  24  taxon_24    0.00%    passed     63.13%
  25  taxon_25    0.00%    passed     98.94%
  26  taxon_26    0.00%    passed     74.19%
  27  taxon_27    0.00%    passed     93.48%
  28  taxon_28    0.00%    passed     95.53%
  29  taxon_29    0.00%    passed     54.09%
  30  taxon_30    0.00%    passed     56.10%
  31  taxon_31    0.00%    passed     77.18%
  32  taxon_32    0.00%    passed     35.51%
  33  taxon_33    0.00%    passed     21.07%
  34  taxon_34    0.00%    passed     71.34%
  35  taxon_35    0.00%    passed     87.31%
  36  taxon_36    0.00%    passed     69.17%
  37  taxon_37    0.00%    passed     76.64%
  38  taxon_38    0.00%    passed     86.04%
  39  taxon_39    0.00%    passed     99.88%
  40  taxon_40    0.00%    passed     39.64%
  41  taxon_41    0.00%    passed     51.47%
  42  taxon_42    0.00%    passed     94.13%
  43  taxon_43    0.00%    passed     85.53%
  44  taxon_44    0.00%    passed     85.30%
  45  taxon_45    0.00%    passed     92.13%
  46  taxon_46    0.00%    passed     98.86%
  47  taxon_47    0.00%    passed     95.66%
  48  taxon_48    0.00%    passed     92.94%
  49  taxon_49    0.00%    passed     89.16%
  50  taxon_50    0.00%    passed     51.17%
****  TOTAL       0.00%  0 sequences failed composition chi2 test (p-value<5%; df=3)
Checking for duplicate sequences: done in 0.00029397 secs using 91.51% CPU

Create initial parsimony tree by phylogenetic likelihood library (PLL)... 0.004 seconds

NOTE: 4 MB RAM (0 GB) is required!
Measuring multi-threading efficiency up to 8 CPU cores
Increase to 10 rounds for branch lengths
233 trees examined
Threads: 1 / Time: 8.009 sec / Speedup: 1.000 / Efficiency: 100% / LogL: -96849
Threads: 2 / Time: 7.471 sec / Speedup: 1.072 / Efficiency: 54% / LogL: -96849
Threads: 3 / Time: 6.891 sec / Speedup: 1.162 / Efficiency: 39% / LogL: -96849
Determining AUTO threadcount: done in 22.3703 secs using 125.7% CPU
BEST NUMBER OF THREADS: 2

Estimate model parameters (epsilon = 0.100)
1. Initial log-likelihood: -69516.670
Optimal log-likelihood: -69461.383
Rate parameters:  A-C: 1.00000  A-G: 1.00000  A-T: 1.00000  C-G: 1.00000  C-T: 1.00000  G-T: 1.00000
Base frequencies:  A: 0.250  C: 0.250  G: 0.250  T: 0.250
Parameters optimization took 1 rounds (0.012 sec)
Wrote distance file to... 
Computing ML distances based on estimated model parameters...
Calculating distance matrix: done in 0.00341201 secs using 177.4% CPU
Computing ML distances took 0.003653 sec (of wall-clock time) 0.006449 sec (of CPU time)
Setting up auxiliary I and S matrices: done in 4.00543e-05 secs using 129.8% CPU
Constructing RapidNJ tree: done in 0.000807047 secs using 83.89% CPU
Computing RapidNJ tree took 0.000875 sec (of wall-clock time) 0.000755 sec (of CPU time)
Log-likelihood of RapidNJ tree: -69510.610
--------------------------------------------------------------------
|             INITIALIZING CANDIDATE TREE SET                      |
--------------------------------------------------------------------
Generating 98 parsimony trees... 0.480 second
Computing log-likelihood of 98 initial trees ... 0.615 seconds
Current best score: -69461.383

Do NNI search on 20 best initial trees
Estimate model parameters (epsilon = 0.100)
BETTER TREE FOUND at iteration 1: -69461.383
Iteration 10 / LogL: -69461.384 / Time: 0h:0m:24s
Iteration 20 / LogL: -69461.389 / Time: 0h:0m:24s
Finish initializing candidate tree set (1)
Current best tree score: -69461.383 / CPU time: 2.536
Number of iterations: 20
--------------------------------------------------------------------
|               OPTIMIZING CANDIDATE TREE SET                      |
--------------------------------------------------------------------
Iteration 30 / LogL: -69461.512 / Time: 0h:0m:25s (0h:1m:3s left)
Iteration 40 / LogL: -69461.385 / Time: 0h:0m:26s (0h:0m:41s left)
Iteration 50 / LogL: -69461.392 / Time: 0h:0m:27s (0h:0m:28s left)
Iteration 60 / LogL: -69461.415 / Time: 0h:0m:28s (0h:0m:19s left)
Iteration 70 / LogL: -69461.426 / Time: 0h:0m:29s (0h:0m:13s left)
Iteration 80 / LogL: -69461.384 / Time: 0h:0m:30s (0h:0m:8s left)
Iteration 90 / LogL: -69461.398 / Time: 0h:0m:31s (0h:0m:3s left)
Iteration 100 / LogL: -69461.786 / Time: 0h:0m:32s (0h:0m:0s left)
TREE SEARCH COMPLETED AFTER 102 ITERATIONS / Time: 0h:0m:32s

--------------------------------------------------------------------
|                    FINALIZING TREE SEARCH                        |
--------------------------------------------------------------------
Performs final model parameters optimization
Estimate model parameters (epsilon = 0.010)
1. Initial log-likelihood: -69461.383
Optimal log-likelihood: -69461.383
Rate parameters:  A-C: 1.00000  A-G: 1.00000  A-T: 1.00000  C-G: 1.00000  C-T: 1.00000  G-T: 1.00000
Base frequencies:  A: 0.250  C: 0.250  G: 0.250  T: 0.250
Parameters optimization took 1 rounds (0.013 sec)
BEST SCORE FOUND : -69461.383
Total tree length: 4.832

Total number of iterations: 102
CPU time used for tree search: 12.027 sec (0h:0m:12s)
Wall-clock time used for tree search: 9.889 sec (0h:0m:9s)
Total CPU time used: 40.226 sec (0h:0m:40s)
Total wall-clock time used: 32.316 sec (0h:0m:32s)

Analysis results written to: 
  IQ-TREE report:                exp_stable_0.001/m0_sel1_rep3/iqtree_out.iqtree
  Maximum-likelihood tree:       exp_stable_0.001/m0_sel1_rep3/iqtree_out.treefile
  Likelihood distances:          exp_stable_0.001/m0_sel1_rep3/iqtree_out.mldist
  Screen log file:               exp_stable_0.001/m0_sel1_rep3/iqtree_out.log

Date and Time: Sun May 17 01:49:03 2026
