IQ-TREE version 3.1.1 for MacOS ARM 64-bit built Apr  8 2026
Developed by Bui Quang Minh, Thomas Wong, Nhan Ly-Trong, Huaiyan Ren
Contributed by Lam-Tung Nguyen, Dominik Schrempf, Chris Bielow,
Olga Chernomor, Michael Woodhams, Diep Thi Hoang, Heiko Schmidt

Host:    Noutbuk-maria.local (SSE4.2, 16 GB RAM)
Command: iqtree -s exp_baseline/m1_sel500_rep5/combined.fasta -m JC -nt AUTO -pre exp_baseline/m1_sel500_rep5/iqtree_out -seed 500642 -redo
Seed:    500642 (Using SPRNG - Scalable Parallel Random Number Generator)
Time:    Tue May 12 13:58:09 2026
Kernel:  SSE2 - auto-detect threads (8 CPU cores detected)

Reading alignment file exp_baseline/m1_sel500_rep5/combined.fasta ... Fasta format detected
Reading fasta file: done in 0.000586987 secs using 91.14% CPU
Alignment most likely contains DNA/RNA sequences
Constructing alignment: done in 0.00110292 secs using 57.39% CPU
Alignment has 30 sequences with 2500 columns, 2016 distinct patterns
2232 parsimony-informative, 0 singleton sites, 268 constant sites
          Gap/Ambiguity  Composition  p-value
Analyzing sequences: done in 4.48227e-05 secs using 258.8% CPU
   1  taxon_1     0.00%    passed     74.42%
   2  taxon_2     0.00%    passed     54.26%
   3  taxon_3     0.00%    passed     67.87%
   4  taxon_4     0.00%    passed     82.15%
   5  taxon_5     0.00%    passed     74.50%
   6  taxon_6     0.00%    passed     80.20%
   7  taxon_7     0.00%    passed     77.01%
   8  taxon_8     0.00%    passed     89.59%
   9  taxon_9     0.00%    passed     93.19%
  10  taxon_10    0.00%    passed     58.84%
  11  taxon_11    0.00%    passed     92.43%
  12  taxon_12    0.00%    passed     37.25%
  13  taxon_13    0.00%    passed     94.75%
  14  taxon_14    0.00%    passed     63.17%
  15  taxon_15    0.00%    passed     29.09%
  16  taxon_16    0.00%    passed     87.06%
  17  taxon_17    0.00%    passed     12.64%
  18  taxon_18    0.00%    passed     22.88%
  19  taxon_19    0.00%    passed     38.03%
  20  taxon_20    0.00%    passed     68.91%
  21  taxon_21    0.00%    passed     57.90%
  22  taxon_22    0.00%    passed     55.30%
  23  taxon_23    0.00%    passed     54.26%
  24  taxon_24    0.00%    passed     71.49%
  25  taxon_25    0.00%    passed     74.41%
  26  taxon_26    0.00%    passed     62.76%
  27  taxon_27    0.00%    passed     10.65%
  28  taxon_28    0.00%    passed     63.19%
  29  taxon_29    0.00%    passed     37.66%
  30  taxon_30    0.00%    passed     53.92%
****  TOTAL       0.00%  0 sequences failed composition chi2 test (p-value<5%; df=3)
Checking for duplicate sequences: done in 0.000128031 secs using 90.6% CPU

Create initial parsimony tree by phylogenetic likelihood library (PLL)... 0.002 seconds

NOTE: 1 MB RAM (0 GB) is required!
Measuring multi-threading efficiency up to 8 CPU cores
Increase to 10 rounds for branch lengths
395 trees examined
Threads: 1 / Time: 8.015 sec / Speedup: 1.000 / Efficiency: 100% / LogL: -93668
Threads: 2 / Time: 8.531 sec / Speedup: 0.939 / Efficiency: 47% / LogL: -93668
Determining AUTO threadcount: done in 16.5458 secs using 107.6% CPU
BEST NUMBER OF THREADS: 1

Estimate model parameters (epsilon = 0.100)
1. Initial log-likelihood: -84926.683
Optimal log-likelihood: -84490.642
Rate parameters:  A-C: 1.00000  A-G: 1.00000  A-T: 1.00000  C-G: 1.00000  C-T: 1.00000  G-T: 1.00000
Base frequencies:  A: 0.250  C: 0.250  G: 0.250  T: 0.250
Parameters optimization took 1 rounds (0.012 sec)
Wrote distance file to... 
Computing ML distances based on estimated model parameters...
Calculating distance matrix: done in 0.00165391 secs using 99.46% CPU
Computing ML distances took 0.001788 sec (of wall-clock time) 0.001772 sec (of CPU time)
Setting up auxiliary I and S matrices: done in 2.40803e-05 secs using 74.75% CPU
Constructing RapidNJ tree: done in 4.91142e-05 secs using 173.1% CPU
Computing RapidNJ tree took 0.000099 sec (of wall-clock time) 0.000123 sec (of CPU time)
Log-likelihood of RapidNJ tree: -84835.979
--------------------------------------------------------------------
|             INITIALIZING CANDIDATE TREE SET                      |
--------------------------------------------------------------------
Generating 98 parsimony trees... 0.261 second
Computing log-likelihood of 98 initial trees ... 0.240 seconds
Current best score: -84412.959

Do NNI search on 20 best initial trees
Estimate model parameters (epsilon = 0.100)
BETTER TREE FOUND at iteration 1: -84302.640
Iteration 10 / LogL: -84374.443 / Time: 0h:0m:17s
Iteration 20 / LogL: -84473.226 / Time: 0h:0m:17s
Finish initializing candidate tree set (17)
Current best tree score: -84302.640 / CPU time: 1.122
Number of iterations: 20
--------------------------------------------------------------------
|               OPTIMIZING CANDIDATE TREE SET                      |
--------------------------------------------------------------------
Iteration 30 / LogL: -84315.009 / Time: 0h:0m:18s (0h:0m:44s left)
Iteration 40 / LogL: -84308.852 / Time: 0h:0m:18s (0h:0m:29s left)
Estimate model parameters (epsilon = 0.100)
BETTER TREE FOUND at iteration 42: -84232.110
Estimate model parameters (epsilon = 0.100)
BETTER TREE FOUND at iteration 49: -84222.961
Iteration 50 / LogL: -84302.667 / Time: 0h:0m:19s (0h:0m:38s left)
Estimate model parameters (epsilon = 0.100)
BETTER TREE FOUND at iteration 52: -84153.013
Iteration 60 / LogL: -84204.657 / Time: 0h:0m:19s (0h:0m:30s left)
Iteration 70 / LogL: -84205.415 / Time: 0h:0m:19s (0h:0m:23s left)
Estimate model parameters (epsilon = 0.100)
BETTER TREE FOUND at iteration 72: -84133.606
Iteration 80 / LogL: -84159.596 / Time: 0h:0m:20s (0h:0m:23s left)
Iteration 90 / LogL: -84133.982 / Time: 0h:0m:20s (0h:0m:19s left)
Iteration 100 / LogL: -84133.704 / Time: 0h:0m:21s (0h:0m:15s left)
Iteration 110 / LogL: -84210.957 / Time: 0h:0m:21s (0h:0m:12s left)
Iteration 120 / LogL: -84153.388 / Time: 0h:0m:21s (0h:0m:9s left)
Iteration 130 / LogL: -84206.044 / Time: 0h:0m:22s (0h:0m:7s left)
UPDATE BEST LOG-LIKELIHOOD: -84133.604
Iteration 140 / LogL: -84135.505 / Time: 0h:0m:22s (0h:0m:5s left)
Iteration 150 / LogL: -84135.093 / Time: 0h:0m:23s (0h:0m:3s left)
Iteration 160 / LogL: -84134.297 / Time: 0h:0m:23s (0h:0m:1s left)
Iteration 170 / LogL: -84156.891 / Time: 0h:0m:23s (0h:0m:0s left)
TREE SEARCH COMPLETED AFTER 173 ITERATIONS / Time: 0h:0m:23s

--------------------------------------------------------------------
|                    FINALIZING TREE SEARCH                        |
--------------------------------------------------------------------
Performs final model parameters optimization
Estimate model parameters (epsilon = 0.010)
1. Initial log-likelihood: -84133.604
Optimal log-likelihood: -84133.544
Rate parameters:  A-C: 1.00000  A-G: 1.00000  A-T: 1.00000  C-G: 1.00000  C-T: 1.00000  G-T: 1.00000
Base frequencies:  A: 0.250  C: 0.250  G: 0.250  T: 0.250
Parameters optimization took 1 rounds (0.005 sec)
BEST SCORE FOUND : -84133.544
Total tree length: 15.445

Total number of iterations: 173
CPU time used for tree search: 7.379 sec (0h:0m:7s)
Wall-clock time used for tree search: 7.409 sec (0h:0m:7s)
Total CPU time used: 25.232 sec (0h:0m:25s)
Total wall-clock time used: 24.000 sec (0h:0m:24s)

Analysis results written to: 
  IQ-TREE report:                exp_baseline/m1_sel500_rep5/iqtree_out.iqtree
  Maximum-likelihood tree:       exp_baseline/m1_sel500_rep5/iqtree_out.treefile
  Likelihood distances:          exp_baseline/m1_sel500_rep5/iqtree_out.mldist
  Screen log file:               exp_baseline/m1_sel500_rep5/iqtree_out.log

Date and Time: Tue May 12 13:58:33 2026
