IQ-TREE version 3.1.1 for MacOS ARM 64-bit built Apr  8 2026
Developed by Bui Quang Minh, Thomas Wong, Nhan Ly-Trong, Huaiyan Ren
Contributed by Lam-Tung Nguyen, Dominik Schrempf, Chris Bielow,
Olga Chernomor, Michael Woodhams, Diep Thi Hoang, Heiko Schmidt

Host:    Noutbuk-maria.local (SSE4.2, 16 GB RAM)
Command: iqtree -s exp_stable_0.001/m5_sel2_rep6/neutral.fasta -m JC -nt AUTO -pre exp_stable_0.001/m5_sel2_rep6/iqtree_out -seed 3142 -redo
Seed:    3142 (Using SPRNG - Scalable Parallel Random Number Generator)
Time:    Mon May 18 21:53:29 2026
Kernel:  SSE2 - auto-detect threads (8 CPU cores detected)

Reading alignment file exp_stable_0.001/m5_sel2_rep6/neutral.fasta ... Fasta format detected
Reading fasta file: done in 0.00117183 secs using 90.03% CPU
Alignment most likely contains DNA/RNA sequences
Constructing alignment: done in 0.00120902 secs using 55.83% CPU
Alignment has 50 sequences with 3000 columns, 232 distinct patterns
41 parsimony-informative, 229 singleton sites, 2730 constant sites
          Gap/Ambiguity  Composition  p-value
Analyzing sequences: done in 3.91006e-05 secs using 66.5% CPU
   1  taxon_1     0.00%    passed     99.80%
   2  taxon_2     0.00%    passed     99.91%
   3  taxon_3     0.00%    passed     99.79%
   4  taxon_4     0.00%    passed     99.94%
   5  taxon_5     0.00%    passed     99.98%
   6  taxon_6     0.00%    passed    100.00%
   7  taxon_7     0.00%    passed     99.99%
   8  taxon_8     0.00%    passed     99.59%
   9  taxon_9     0.00%    passed     99.95%
  10  taxon_10    0.00%    passed     99.81%
  11  taxon_11    0.00%    passed     99.99%
  12  taxon_12    0.00%    passed     99.95%
  13  taxon_13    0.00%    passed     99.84%
  14  taxon_14    0.00%    passed     99.90%
  15  taxon_15    0.00%    passed     99.86%
  16  taxon_16    0.00%    passed     99.95%
  17  taxon_17    0.00%    passed     99.91%
  18  taxon_18    0.00%    passed     99.87%
  19  taxon_19    0.00%    passed     99.86%
  20  taxon_20    0.00%    passed     99.92%
  21  taxon_21    0.00%    passed     99.94%
  22  taxon_22    0.00%    passed     99.98%
  23  taxon_23    0.00%    passed     99.90%
  24  taxon_24    0.00%    passed     99.99%
  25  taxon_25    0.00%    passed    100.00%
  26  taxon_26    0.00%    passed     99.86%
  27  taxon_27    0.00%    passed     99.90%
  28  taxon_28    0.00%    passed     99.65%
  29  taxon_29    0.00%    passed     99.92%
  30  taxon_30    0.00%    passed     99.91%
  31  taxon_31    0.00%    passed     99.98%
  32  taxon_32    0.00%    passed     99.90%
  33  taxon_33    0.00%    passed     99.92%
  34  taxon_34    0.00%    passed    100.00%
  35  taxon_35    0.00%    passed     99.83%
  36  taxon_36    0.00%    passed     99.96%
  37  taxon_37    0.00%    passed     99.89%
  38  taxon_38    0.00%    passed     99.92%
  39  taxon_39    0.00%    passed     99.98%
  40  taxon_40    0.00%    passed    100.00%
  41  taxon_41    0.00%    passed     99.89%
  42  taxon_42    0.00%    passed     99.95%
  43  taxon_43    0.00%    passed    100.00%
  44  taxon_44    0.00%    passed     99.99%
  45  taxon_45    0.00%    passed    100.00%
  46  taxon_46    0.00%    passed     99.87%
  47  taxon_47    0.00%    passed     99.92%
  48  taxon_48    0.00%    passed     99.98%
  49  taxon_49    0.00%    passed     99.99%
  50  taxon_50    0.00%    passed     99.98%
****  TOTAL       0.00%  0 sequences failed composition chi2 test (p-value<5%; df=3)
Checking for duplicate sequences: done in 6.19888e-05 secs using 69.37% CPU

Create initial parsimony tree by phylogenetic likelihood library (PLL)... 0.001 seconds

NOTE: 0 MB RAM (0 GB) is required!
Measuring multi-threading efficiency up to 8 CPU cores
Increase to 10 rounds for branch lengths
5809 trees examined
Threads: 1 / Time: 8.001 sec / Speedup: 1.000 / Efficiency: 100% / LogL: -7141
Threads: 2 / Time: 17.451 sec / Speedup: 0.459 / Efficiency: 23% / LogL: -7141
Determining AUTO threadcount: done in 25.4527 secs using 84.24% CPU
BEST NUMBER OF THREADS: 1

Estimate model parameters (epsilon = 0.100)
1. Initial log-likelihood: -6640.153
Optimal log-likelihood: -6639.953
Rate parameters:  A-C: 1.00000  A-G: 1.00000  A-T: 1.00000  C-G: 1.00000  C-T: 1.00000  G-T: 1.00000
Base frequencies:  A: 0.250  C: 0.250  G: 0.250  T: 0.250
Parameters optimization took 1 rounds (0.001 sec)
Wrote distance file to... 
Computing ML distances based on estimated model parameters...
Calculating distance matrix: done in 0.0026021 secs using 78.21% CPU
Computing ML distances took 0.002642 sec (of wall-clock time) 0.002065 sec (of CPU time)
Setting up auxiliary I and S matrices: done in 4.69685e-05 secs using 76.65% CPU
Constructing RapidNJ tree: done in 0.000118971 secs using 174% CPU
Computing RapidNJ tree took 0.000189 sec (of wall-clock time) 0.000273 sec (of CPU time)
Log-likelihood of RapidNJ tree: -6640.050
--------------------------------------------------------------------
|             INITIALIZING CANDIDATE TREE SET                      |
--------------------------------------------------------------------
Generating 98 parsimony trees... 0.079 second
Computing log-likelihood of 98 initial trees ... 0.051 seconds
Current best score: -6639.953

Do NNI search on 20 best initial trees
Estimate model parameters (epsilon = 0.100)
BETTER TREE FOUND at iteration 1: -6639.953
BETTER TREE FOUND at iteration 2: -6639.953
Iteration 10 / LogL: -6639.953 / Time: 0h:0m:25s
Iteration 20 / LogL: -6639.953 / Time: 0h:0m:25s
Finish initializing candidate tree set (20)
Current best tree score: -6639.953 / CPU time: 0.180
Number of iterations: 20
--------------------------------------------------------------------
|               OPTIMIZING CANDIDATE TREE SET                      |
--------------------------------------------------------------------
Iteration 30 / LogL: -6647.052 / Time: 0h:0m:25s (0h:1m:3s left)
Iteration 40 / LogL: -6639.965 / Time: 0h:0m:25s (0h:0m:41s left)
Iteration 50 / LogL: -6639.986 / Time: 0h:0m:25s (0h:0m:27s left)
Iteration 60 / LogL: -6644.230 / Time: 0h:0m:25s (0h:0m:18s left)
Iteration 70 / LogL: -6666.800 / Time: 0h:0m:26s (0h:0m:12s left)
Iteration 80 / LogL: -6639.973 / Time: 0h:0m:26s (0h:0m:7s left)
Iteration 90 / LogL: -6650.134 / Time: 0h:0m:26s (0h:0m:3s left)
Iteration 100 / LogL: -6644.788 / Time: 0h:0m:26s (0h:0m:0s left)
TREE SEARCH COMPLETED AFTER 103 ITERATIONS / Time: 0h:0m:26s

--------------------------------------------------------------------
|                    FINALIZING TREE SEARCH                        |
--------------------------------------------------------------------
Performs final model parameters optimization
Estimate model parameters (epsilon = 0.010)
1. Initial log-likelihood: -6639.953
Optimal log-likelihood: -6639.953
Rate parameters:  A-C: 1.00000  A-G: 1.00000  A-T: 1.00000  C-G: 1.00000  C-T: 1.00000  G-T: 1.00000
Base frequencies:  A: 0.250  C: 0.250  G: 0.250  T: 0.250
Parameters optimization took 1 rounds (0.001 sec)
BEST SCORE FOUND : -6639.953
Total tree length: 0.097

Total number of iterations: 103
CPU time used for tree search: 0.799 sec (0h:0m:0s)
Wall-clock time used for tree search: 0.800 sec (0h:0m:0s)
Total CPU time used: 22.251 sec (0h:0m:22s)
Total wall-clock time used: 26.268 sec (0h:0m:26s)

Analysis results written to: 
  IQ-TREE report:                exp_stable_0.001/m5_sel2_rep6/iqtree_out.iqtree
  Maximum-likelihood tree:       exp_stable_0.001/m5_sel2_rep6/iqtree_out.treefile
  Likelihood distances:          exp_stable_0.001/m5_sel2_rep6/iqtree_out.mldist
  Screen log file:               exp_stable_0.001/m5_sel2_rep6/iqtree_out.log

Date and Time: Mon May 18 21:53:56 2026
