IQ-TREE version 3.1.1 for MacOS ARM 64-bit built Apr  8 2026
Developed by Bui Quang Minh, Thomas Wong, Nhan Ly-Trong, Huaiyan Ren
Contributed by Lam-Tung Nguyen, Dominik Schrempf, Chris Bielow,
Olga Chernomor, Michael Woodhams, Diep Thi Hoang, Heiko Schmidt

Host:    Noutbuk-maria.local (SSE4.2, 16 GB RAM)
Command: iqtree -s exp_baseline/m5_sel0_rep4/combined.fasta -m JC -nt AUTO -pre exp_baseline/m5_sel0_rep4/iqtree_out -seed 942 -redo
Seed:    942 (Using SPRNG - Scalable Parallel Random Number Generator)
Time:    Tue May 12 14:14:39 2026
Kernel:  SSE2 - auto-detect threads (8 CPU cores detected)

Reading alignment file exp_baseline/m5_sel0_rep4/combined.fasta ... Fasta format detected
Reading fasta file: done in 0.000488997 secs using 91% CPU
NOTE: Change sequence name 'taxon 1' -> taxon_1
NOTE: Change sequence name 'taxon 2' -> taxon_2
NOTE: Change sequence name 'taxon 3' -> taxon_3
NOTE: Change sequence name 'taxon 4' -> taxon_4
NOTE: Change sequence name 'taxon 5' -> taxon_5
NOTE: Change sequence name 'taxon 6' -> taxon_6
NOTE: Change sequence name 'taxon 7' -> taxon_7
NOTE: Change sequence name 'taxon 8' -> taxon_8
NOTE: Change sequence name 'taxon 9' -> taxon_9
NOTE: Change sequence name 'taxon 10' -> taxon_10
NOTE: Change sequence name 'taxon 11' -> taxon_11
NOTE: Change sequence name 'taxon 12' -> taxon_12
NOTE: Change sequence name 'taxon 13' -> taxon_13
NOTE: Change sequence name 'taxon 14' -> taxon_14
NOTE: Change sequence name 'taxon 15' -> taxon_15
NOTE: Change sequence name 'taxon 16' -> taxon_16
NOTE: Change sequence name 'taxon 17' -> taxon_17
NOTE: Change sequence name 'taxon 18' -> taxon_18
NOTE: Change sequence name 'taxon 19' -> taxon_19
NOTE: Change sequence name 'taxon 20' -> taxon_20
NOTE: Change sequence name 'taxon 21' -> taxon_21
NOTE: Change sequence name 'taxon 22' -> taxon_22
NOTE: Change sequence name 'taxon 23' -> taxon_23
NOTE: Change sequence name 'taxon 24' -> taxon_24
NOTE: Change sequence name 'taxon 25' -> taxon_25
NOTE: Change sequence name 'taxon 26' -> taxon_26
NOTE: Change sequence name 'taxon 27' -> taxon_27
NOTE: Change sequence name 'taxon 28' -> taxon_28
NOTE: Change sequence name 'taxon 29' -> taxon_29
NOTE: Change sequence name 'taxon 30' -> taxon_30
Alignment most likely contains DNA/RNA sequences
Constructing alignment: done in 0.000965834 secs using 56.95% CPU
Alignment has 30 sequences with 2000 columns, 2000 distinct patterns
2000 parsimony-informative, 0 singleton sites, 0 constant sites
          Gap/Ambiguity  Composition  p-value
Analyzing sequences: done in 5.10216e-05 secs using 221.5% CPU
   1  taxon_1     0.00%    passed     88.58%
   2  taxon_2     0.00%    failed      4.86%
   3  taxon_3     0.00%    passed     46.35%
   4  taxon_4     0.00%    passed     80.28%
   5  taxon_5     0.00%    failed      2.41%
   6  taxon_6     0.00%    passed     87.07%
   7  taxon_7     0.00%    passed     88.22%
   8  taxon_8     0.00%    passed     12.40%
   9  taxon_9     0.00%    failed      0.01%
  10  taxon_10    0.00%    failed      1.82%
  11  taxon_11    0.00%    passed     51.47%
  12  taxon_12    0.00%    passed     87.55%
  13  taxon_13    0.00%    passed     49.53%
  14  taxon_14    0.00%    passed     64.13%
  15  taxon_15    0.00%    passed     73.93%
  16  taxon_16    0.00%    passed     55.80%
  17  taxon_17    0.00%    passed     68.32%
  18  taxon_18    0.00%    passed     27.62%
  19  taxon_19    0.00%    passed     70.90%
  20  taxon_20    0.00%    passed     38.21%
  21  taxon_21    0.00%    passed     76.90%
  22  taxon_22    0.00%    passed     74.04%
  23  taxon_23    0.00%    passed     49.96%
  24  taxon_24    0.00%    passed     46.59%
  25  taxon_25    0.00%    passed     58.95%
  26  taxon_26    0.00%    passed     80.07%
  27  taxon_27    0.00%    passed     10.59%
  28  taxon_28    0.00%    passed     28.23%
  29  taxon_29    0.00%    passed     43.49%
  30  taxon_30    0.00%    passed     43.22%
****  TOTAL       0.00%  4 sequences failed composition chi2 test (p-value<5%; df=3)
Checking for duplicate sequences: done in 0.000130177 secs using 89.11% CPU

Create initial parsimony tree by phylogenetic likelihood library (PLL)... 0.003 seconds

NOTE: 1 MB RAM (0 GB) is required!
Measuring multi-threading efficiency up to 8 CPU cores
Increase to 10 rounds for branch lengths
388 trees examined
Threads: 1 / Time: 8.001 sec / Speedup: 1.000 / Efficiency: 100% / LogL: -80776
Threads: 2 / Time: 8.854 sec / Speedup: 0.904 / Efficiency: 45% / LogL: -80776
Determining AUTO threadcount: done in 16.8546 secs using 107.8% CPU
BEST NUMBER OF THREADS: 1

Estimate model parameters (epsilon = 0.100)
1. Initial log-likelihood: -77842.925
Optimal log-likelihood: -77080.299
Rate parameters:  A-C: 1.00000  A-G: 1.00000  A-T: 1.00000  C-G: 1.00000  C-T: 1.00000  G-T: 1.00000
Base frequencies:  A: 0.250  C: 0.250  G: 0.250  T: 0.250
Parameters optimization took 1 rounds (0.016 sec)
Wrote distance file to... 
Computing ML distances based on estimated model parameters...
Calculating distance matrix: done in 0.00122809 secs using 99.34% CPU
Computing ML distances took 0.001376 sec (of wall-clock time) 0.001351 sec (of CPU time)
WARNING: Some pairwise ML distances are too long (saturated)
Setting up auxiliary I and S matrices: done in 2.38419e-05 secs using 75.5% CPU
Constructing RapidNJ tree: done in 5.29289e-05 secs using 164.4% CPU
Computing RapidNJ tree took 0.000099 sec (of wall-clock time) 0.000124 sec (of CPU time)
Log-likelihood of RapidNJ tree: -77098.923
--------------------------------------------------------------------
|             INITIALIZING CANDIDATE TREE SET                      |
--------------------------------------------------------------------
Generating 98 parsimony trees... 0.292 second
Computing log-likelihood of 98 initial trees ... 0.256 seconds
Current best score: -77080.299

Do NNI search on 20 best initial trees
Estimate model parameters (epsilon = 0.100)
BETTER TREE FOUND at iteration 1: -77016.364
Iteration 10 / LogL: -77016.980 / Time: 0h:0m:18s
Iteration 20 / LogL: -77028.897 / Time: 0h:0m:18s
Finish initializing candidate tree set (10)
Current best tree score: -77016.364 / CPU time: 1.992
Number of iterations: 20
--------------------------------------------------------------------
|               OPTIMIZING CANDIDATE TREE SET                      |
--------------------------------------------------------------------
Iteration 30 / LogL: -77029.447 / Time: 0h:0m:19s (0h:0m:48s left)
Iteration 40 / LogL: -77018.361 / Time: 0h:0m:20s (0h:0m:32s left)
Iteration 50 / LogL: -77018.768 / Time: 0h:0m:21s (0h:0m:22s left)
Iteration 60 / LogL: -77037.215 / Time: 0h:0m:22s (0h:0m:15s left)
Iteration 70 / LogL: -77017.801 / Time: 0h:0m:22s (0h:0m:10s left)
Estimate model parameters (epsilon = 0.100)
UPDATE BEST LOG-LIKELIHOOD: -77016.262
Iteration 80 / LogL: -77016.262 / Time: 0h:0m:23s (0h:0m:6s left)
Iteration 90 / LogL: -77030.740 / Time: 0h:0m:24s (0h:0m:3s left)
Iteration 100 / LogL: -77017.094 / Time: 0h:0m:25s (0h:0m:0s left)
TREE SEARCH COMPLETED AFTER 102 ITERATIONS / Time: 0h:0m:25s

--------------------------------------------------------------------
|                    FINALIZING TREE SEARCH                        |
--------------------------------------------------------------------
Performs final model parameters optimization
Estimate model parameters (epsilon = 0.010)
1. Initial log-likelihood: -77016.262
Optimal log-likelihood: -77016.253
Rate parameters:  A-C: 1.00000  A-G: 1.00000  A-T: 1.00000  C-G: 1.00000  C-T: 1.00000  G-T: 1.00000
Base frequencies:  A: 0.250  C: 0.250  G: 0.250  T: 0.250
Parameters optimization took 1 rounds (0.003 sec)
BEST SCORE FOUND : -77016.253
Total tree length: 27.396

Total number of iterations: 102
CPU time used for tree search: 8.601 sec (0h:0m:8s)
Wall-clock time used for tree search: 8.635 sec (0h:0m:8s)
Total CPU time used: 26.833 sec (0h:0m:26s)
Total wall-clock time used: 25.553 sec (0h:0m:25s)

Analysis results written to: 
  IQ-TREE report:                exp_baseline/m5_sel0_rep4/iqtree_out.iqtree
  Maximum-likelihood tree:       exp_baseline/m5_sel0_rep4/iqtree_out.treefile
  Likelihood distances:          exp_baseline/m5_sel0_rep4/iqtree_out.mldist
  Screen log file:               exp_baseline/m5_sel0_rep4/iqtree_out.log

Date and Time: Tue May 12 14:15:04 2026
