IQ-TREE version 3.1.1 for MacOS ARM 64-bit built Apr  8 2026
Developed by Bui Quang Minh, Thomas Wong, Nhan Ly-Trong, Huaiyan Ren
Contributed by Lam-Tung Nguyen, Dominik Schrempf, Chris Bielow,
Olga Chernomor, Michael Woodhams, Diep Thi Hoang, Heiko Schmidt

Host:    Noutbuk-maria.local (SSE4.2, 16 GB RAM)
Command: iqtree -s exp_stable_0.0001/m0_sel1_rep3/neutral.fasta -m JC -nt AUTO -pre exp_stable_0.0001/m0_sel1_rep3/iqtree_out -seed 1342 -redo
Seed:    1342 (Using SPRNG - Scalable Parallel Random Number Generator)
Time:    Sat May 16 17:25:39 2026
Kernel:  SSE2 - auto-detect threads (8 CPU cores detected)

Reading alignment file exp_stable_0.0001/m0_sel1_rep3/neutral.fasta ... Fasta format detected
Reading fasta file: done in 0.00119591 secs using 89.56% CPU
Alignment most likely contains DNA/RNA sequences
Constructing alignment: done in 0.00126886 secs using 59.42% CPU
Alignment has 50 sequences with 3000 columns, 752 distinct patterns
336 parsimony-informative, 744 singleton sites, 1920 constant sites
          Gap/Ambiguity  Composition  p-value
Analyzing sequences: done in 3.91006e-05 secs using 158.6% CPU
   1  taxon_1     0.00%    passed     99.75%
   2  taxon_2     0.00%    passed     98.09%
   3  taxon_3     0.00%    passed     99.30%
   4  taxon_4     0.00%    passed     99.33%
   5  taxon_5     0.00%    passed     99.13%
   6  taxon_6     0.00%    passed     99.28%
   7  taxon_7     0.00%    passed     99.80%
   8  taxon_8     0.00%    passed     99.98%
   9  taxon_9     0.00%    passed     98.79%
  10  taxon_10    0.00%    passed     99.99%
  11  taxon_11    0.00%    passed     94.77%
  12  taxon_12    0.00%    passed     99.61%
  13  taxon_13    0.00%    passed     98.40%
  14  taxon_14    0.00%    passed     99.59%
  15  taxon_15    0.00%    passed     99.19%
  16  taxon_16    0.00%    passed     99.19%
  17  taxon_17    0.00%    passed     99.59%
  18  taxon_18    0.00%    passed     99.69%
  19  taxon_19    0.00%    passed     99.07%
  20  taxon_20    0.00%    passed     99.51%
  21  taxon_21    0.00%    passed     98.84%
  22  taxon_22    0.00%    passed     98.62%
  23  taxon_23    0.00%    passed     95.65%
  24  taxon_24    0.00%    passed     97.92%
  25  taxon_25    0.00%    passed     99.51%
  26  taxon_26    0.00%    passed     99.23%
  27  taxon_27    0.00%    passed     98.79%
  28  taxon_28    0.00%    passed     99.29%
  29  taxon_29    0.00%    passed     99.88%
  30  taxon_30    0.00%    passed     97.47%
  31  taxon_31    0.00%    passed     98.14%
  32  taxon_32    0.00%    passed     99.78%
  33  taxon_33    0.00%    passed     97.57%
  34  taxon_34    0.00%    passed     98.55%
  35  taxon_35    0.00%    passed     99.52%
  36  taxon_36    0.00%    passed     99.77%
  37  taxon_37    0.00%    passed     98.72%
  38  taxon_38    0.00%    passed     99.59%
  39  taxon_39    0.00%    passed     98.49%
  40  taxon_40    0.00%    passed     97.93%
  41  taxon_41    0.00%    passed     99.52%
  42  taxon_42    0.00%    passed     98.14%
  43  taxon_43    0.00%    passed     98.52%
  44  taxon_44    0.00%    passed     99.87%
  45  taxon_45    0.00%    passed     95.92%
  46  taxon_46    0.00%    passed     99.29%
  47  taxon_47    0.00%    passed     99.64%
  48  taxon_48    0.00%    passed     99.23%
  49  taxon_49    0.00%    passed     99.42%
  50  taxon_50    0.00%    passed     99.85%
****  TOTAL       0.00%  0 sequences failed composition chi2 test (p-value<5%; df=3)
Checking for duplicate sequences: done in 0.000108957 secs using 82.6% CPU

Create initial parsimony tree by phylogenetic likelihood library (PLL)... 0.002 seconds

NOTE: 1 MB RAM (0 GB) is required!
Measuring multi-threading efficiency up to 8 CPU cores
Increase to 10 rounds for branch lengths
363 trees examined
Threads: 1 / Time: 8.007 sec / Speedup: 1.000 / Efficiency: 100% / LogL: -19633
Threads: 2 / Time: 7.832 sec / Speedup: 1.022 / Efficiency: 51% / LogL: -19633
Threads: 3 / Time: 11.118 sec / Speedup: 0.720 / Efficiency: 24% / LogL: -19633
Determining AUTO threadcount: done in 26.9573 secs using 55.34% CPU
BEST NUMBER OF THREADS: 1

Estimate model parameters (epsilon = 0.100)
1. Initial log-likelihood: -13821.713
Optimal log-likelihood: -13821.004
Rate parameters:  A-C: 1.00000  A-G: 1.00000  A-T: 1.00000  C-G: 1.00000  C-T: 1.00000  G-T: 1.00000
Base frequencies:  A: 0.250  C: 0.250  G: 0.250  T: 0.250
Parameters optimization took 1 rounds (0.009 sec)
Wrote distance file to... 
Computing ML distances based on estimated model parameters...
Calculating distance matrix: done in 0.0048542 secs using 83.19% CPU
Computing ML distances took 0.005062 sec (of wall-clock time) 0.004203 sec (of CPU time)
Setting up auxiliary I and S matrices: done in 6.00815e-05 secs using 79.89% CPU
Constructing RapidNJ tree: done in 0.000144005 secs using 168.7% CPU
Computing RapidNJ tree took 0.000230 sec (of wall-clock time) 0.000315 sec (of CPU time)
Log-likelihood of RapidNJ tree: -13826.914
--------------------------------------------------------------------
|             INITIALIZING CANDIDATE TREE SET                      |
--------------------------------------------------------------------
Generating 98 parsimony trees... 0.591 second
Computing log-likelihood of 98 initial trees ... 0.271 seconds
Current best score: -13819.874

Do NNI search on 20 best initial trees
Estimate model parameters (epsilon = 0.100)
BETTER TREE FOUND at iteration 1: -13819.874
UPDATE BEST LOG-LIKELIHOOD: -13819.874
UPDATE BEST LOG-LIKELIHOOD: -13819.874
UPDATE BEST LOG-LIKELIHOOD: -13819.874
Iteration 10 / LogL: -13819.878 / Time: 0h:0m:28s
Iteration 20 / LogL: -13819.876 / Time: 0h:0m:28s
Finish initializing candidate tree set (1)
Current best tree score: -13819.874 / CPU time: 1.404
Number of iterations: 20
--------------------------------------------------------------------
|               OPTIMIZING CANDIDATE TREE SET                      |
--------------------------------------------------------------------
UPDATE BEST LOG-LIKELIHOOD: -13819.874
Iteration 30 / LogL: -13819.874 / Time: 0h:0m:28s (0h:1m:10s left)
Iteration 40 / LogL: -13819.874 / Time: 0h:0m:29s (0h:0m:45s left)
Iteration 50 / LogL: -13819.874 / Time: 0h:0m:29s (0h:0m:30s left)
UPDATE BEST LOG-LIKELIHOOD: -13819.874
Iteration 60 / LogL: -13819.874 / Time: 0h:0m:29s (0h:0m:20s left)
UPDATE BEST LOG-LIKELIHOOD: -13819.874
Iteration 70 / LogL: -13819.874 / Time: 0h:0m:29s (0h:0m:13s left)
Iteration 80 / LogL: -13819.877 / Time: 0h:0m:30s (0h:0m:8s left)
Iteration 90 / LogL: -13819.881 / Time: 0h:0m:30s (0h:0m:3s left)
Iteration 100 / LogL: -13819.877 / Time: 0h:0m:31s (0h:0m:0s left)
TREE SEARCH COMPLETED AFTER 102 ITERATIONS / Time: 0h:0m:31s

--------------------------------------------------------------------
|                    FINALIZING TREE SEARCH                        |
--------------------------------------------------------------------
Performs final model parameters optimization
Estimate model parameters (epsilon = 0.010)
1. Initial log-likelihood: -13819.874
Optimal log-likelihood: -13819.874
Rate parameters:  A-C: 1.00000  A-G: 1.00000  A-T: 1.00000  C-G: 1.00000  C-T: 1.00000  G-T: 1.00000
Base frequencies:  A: 0.250  C: 0.250  G: 0.250  T: 0.250
Parameters optimization took 1 rounds (0.003 sec)
BEST SCORE FOUND : -13819.874
Total tree length: 0.458

Total number of iterations: 102
CPU time used for tree search: 3.294 sec (0h:0m:3s)
Wall-clock time used for tree search: 4.174 sec (0h:0m:4s)
Total CPU time used: 18.237 sec (0h:0m:18s)
Total wall-clock time used: 31.166 sec (0h:0m:31s)

Analysis results written to: 
  IQ-TREE report:                exp_stable_0.0001/m0_sel1_rep3/iqtree_out.iqtree
  Maximum-likelihood tree:       exp_stable_0.0001/m0_sel1_rep3/iqtree_out.treefile
  Likelihood distances:          exp_stable_0.0001/m0_sel1_rep3/iqtree_out.mldist
  Screen log file:               exp_stable_0.0001/m0_sel1_rep3/iqtree_out.log

Date and Time: Sat May 16 17:26:11 2026
