IQ-TREE version 3.1.1 for MacOS ARM 64-bit built Apr  8 2026
Developed by Bui Quang Minh, Thomas Wong, Nhan Ly-Trong, Huaiyan Ren
Contributed by Lam-Tung Nguyen, Dominik Schrempf, Chris Bielow,
Olga Chernomor, Michael Woodhams, Diep Thi Hoang, Heiko Schmidt

Host:    Noutbuk-maria.local (SSE4.2, 16 GB RAM)
Command: iqtree -s exp_baseline/m200_sel1000_rep1/combined.fasta -m JC -nt AUTO -pre exp_baseline/m200_sel1000_rep1/iqtree_out -seed 1020142 -redo
Seed:    1020142 (Using SPRNG - Scalable Parallel Random Number Generator)
Time:    Tue May 12 15:23:48 2026
Kernel:  SSE2 - auto-detect threads (8 CPU cores detected)

Reading alignment file exp_baseline/m200_sel1000_rep1/combined.fasta ... Fasta format detected
Reading fasta file: done in 0.000706911 secs using 91.24% CPU
Alignment most likely contains DNA/RNA sequences
Constructing alignment: done in 0.00129485 secs using 55.68% CPU
Alignment has 30 sequences with 3000 columns, 2014 distinct patterns
2998 parsimony-informative, 0 singleton sites, 2 constant sites
          Gap/Ambiguity  Composition  p-value
Analyzing sequences: done in 5.60284e-05 secs using 199.9% CPU
   1  taxon_1     0.00%    passed     78.13%
   2  taxon_2     0.00%    passed     48.85%
   3  taxon_3     0.00%    passed     55.20%
   4  taxon_4     0.00%    passed     34.09%
   5  taxon_5     0.00%    passed     17.44%
   6  taxon_6     0.00%    passed     46.87%
   7  taxon_7     0.00%    passed     90.98%
   8  taxon_8     0.00%    passed     68.28%
   9  taxon_9     0.00%    passed      6.38%
  10  taxon_10    0.00%    passed     69.31%
  11  taxon_11    0.00%    passed     64.55%
  12  taxon_12    0.00%    passed     21.92%
  13  taxon_13    0.00%    passed     25.44%
  14  taxon_14    0.00%    passed      5.48%
  15  taxon_15    0.00%    passed     38.52%
  16  taxon_16    0.00%    passed     46.62%
  17  taxon_17    0.00%    passed     31.12%
  18  taxon_18    0.00%    passed     36.07%
  19  taxon_19    0.00%    passed     77.93%
  20  taxon_20    0.00%    passed     84.39%
  21  taxon_21    0.00%    passed     54.60%
  22  taxon_22    0.00%    passed     23.63%
  23  taxon_23    0.00%    passed     18.61%
  24  taxon_24    0.00%    passed     72.70%
  25  taxon_25    0.00%    passed     81.54%
  26  taxon_26    0.00%    passed     34.55%
  27  taxon_27    0.00%    passed     20.78%
  28  taxon_28    0.00%    passed     79.79%
  29  taxon_29    0.00%    passed     32.83%
  30  taxon_30    0.00%    passed     64.54%
****  TOTAL       0.00%  0 sequences failed composition chi2 test (p-value<5%; df=3)
Checking for duplicate sequences: done in 0.000129938 secs using 93.12% CPU

Create initial parsimony tree by phylogenetic likelihood library (PLL)... 0.002 seconds

NOTE: 1 MB RAM (0 GB) is required!
Measuring multi-threading efficiency up to 8 CPU cores
Increase to 10 rounds for branch lengths
432 trees examined
Threads: 1 / Time: 8.009 sec / Speedup: 1.000 / Efficiency: 100% / LogL: -112960
Threads: 2 / Time: 8.643 sec / Speedup: 0.927 / Efficiency: 46% / LogL: -112960
Determining AUTO threadcount: done in 16.6518 secs using 108.4% CPU
BEST NUMBER OF THREADS: 1

Estimate model parameters (epsilon = 0.100)
1. Initial log-likelihood: -101615.349
Optimal log-likelihood: -101183.766
Rate parameters:  A-C: 1.00000  A-G: 1.00000  A-T: 1.00000  C-G: 1.00000  C-T: 1.00000  G-T: 1.00000
Base frequencies:  A: 0.250  C: 0.250  G: 0.250  T: 0.250
Parameters optimization took 1 rounds (0.009 sec)
Wrote distance file to... 
Computing ML distances based on estimated model parameters...
Calculating distance matrix: done in 0.00128698 secs using 99.3% CPU
Computing ML distances took 0.001426 sec (of wall-clock time) 0.001409 sec (of CPU time)
WARNING: Some pairwise ML distances are too long (saturated)
Setting up auxiliary I and S matrices: done in 2.59876e-05 secs using 73.11% CPU
Constructing RapidNJ tree: done in 4.60148e-05 secs using 158.6% CPU
Computing RapidNJ tree took 0.000093 sec (of wall-clock time) 0.000114 sec (of CPU time)
Log-likelihood of RapidNJ tree: -101699.603
--------------------------------------------------------------------
|             INITIALIZING CANDIDATE TREE SET                      |
--------------------------------------------------------------------
Generating 98 parsimony trees... 0.331 second
Computing log-likelihood of 98 initial trees ... 0.231 seconds
Current best score: -100498.859

Do NNI search on 20 best initial trees
Estimate model parameters (epsilon = 0.100)
BETTER TREE FOUND at iteration 1: -100427.695
Iteration 10 / LogL: -100449.021 / Time: 0h:0m:17s
Iteration 20 / LogL: -100754.878 / Time: 0h:0m:17s
Finish initializing candidate tree set (9)
Current best tree score: -100427.695 / CPU time: 1.107
Number of iterations: 20
--------------------------------------------------------------------
|               OPTIMIZING CANDIDATE TREE SET                      |
--------------------------------------------------------------------
Iteration 30 / LogL: -100427.713 / Time: 0h:0m:18s (0h:0m:44s left)
Iteration 40 / LogL: -100427.969 / Time: 0h:0m:18s (0h:0m:29s left)
Iteration 50 / LogL: -100427.950 / Time: 0h:0m:18s (0h:0m:19s left)
Iteration 60 / LogL: -100430.180 / Time: 0h:0m:19s (0h:0m:13s left)
Iteration 70 / LogL: -100428.511 / Time: 0h:0m:19s (0h:0m:8s left)
Iteration 80 / LogL: -100472.156 / Time: 0h:0m:20s (0h:0m:5s left)
Iteration 90 / LogL: -100429.831 / Time: 0h:0m:20s (0h:0m:2s left)
Iteration 100 / LogL: -100428.498 / Time: 0h:0m:20s (0h:0m:0s left)
TREE SEARCH COMPLETED AFTER 102 ITERATIONS / Time: 0h:0m:21s

--------------------------------------------------------------------
|                    FINALIZING TREE SEARCH                        |
--------------------------------------------------------------------
Performs final model parameters optimization
Estimate model parameters (epsilon = 0.010)
1. Initial log-likelihood: -100427.695
Optimal log-likelihood: -100427.694
Rate parameters:  A-C: 1.00000  A-G: 1.00000  A-T: 1.00000  C-G: 1.00000  C-T: 1.00000  G-T: 1.00000
Base frequencies:  A: 0.250  C: 0.250  G: 0.250  T: 0.250
Parameters optimization took 1 rounds (0.003 sec)
BEST SCORE FOUND : -100427.694
Total tree length: 13.739

Total number of iterations: 102
CPU time used for tree search: 4.328 sec (0h:0m:4s)
Wall-clock time used for tree search: 4.336 sec (0h:0m:4s)
Total CPU time used: 22.420 sec (0h:0m:22s)
Total wall-clock time used: 21.025 sec (0h:0m:21s)

Analysis results written to: 
  IQ-TREE report:                exp_baseline/m200_sel1000_rep1/iqtree_out.iqtree
  Maximum-likelihood tree:       exp_baseline/m200_sel1000_rep1/iqtree_out.treefile
  Likelihood distances:          exp_baseline/m200_sel1000_rep1/iqtree_out.mldist
  Screen log file:               exp_baseline/m200_sel1000_rep1/iqtree_out.log

Date and Time: Tue May 12 15:24:09 2026
