IQ-TREE version 3.1.1 for MacOS ARM 64-bit built Apr  8 2026
Developed by Bui Quang Minh, Thomas Wong, Nhan Ly-Trong, Huaiyan Ren
Contributed by Lam-Tung Nguyen, Dominik Schrempf, Chris Bielow,
Olga Chernomor, Michael Woodhams, Diep Thi Hoang, Heiko Schmidt

Host:    Noutbuk-maria.local (SSE4.2, 16 GB RAM)
Command: iqtree -s exp_baseline/m100_sel0_rep2/combined.fasta -m JC -nt AUTO -pre exp_baseline/m100_sel0_rep2/iqtree_out -seed 10242 -redo
Seed:    10242 (Using SPRNG - Scalable Parallel Random Number Generator)
Time:    Tue May 12 15:02:03 2026
Kernel:  SSE2 - auto-detect threads (8 CPU cores detected)

Reading alignment file exp_baseline/m100_sel0_rep2/combined.fasta ... Fasta format detected
Reading fasta file: done in 0.000478983 secs using 90.61% CPU
NOTE: Change sequence name 'taxon 1' -> taxon_1
NOTE: Change sequence name 'taxon 2' -> taxon_2
NOTE: Change sequence name 'taxon 3' -> taxon_3
NOTE: Change sequence name 'taxon 4' -> taxon_4
NOTE: Change sequence name 'taxon 5' -> taxon_5
NOTE: Change sequence name 'taxon 6' -> taxon_6
NOTE: Change sequence name 'taxon 7' -> taxon_7
NOTE: Change sequence name 'taxon 8' -> taxon_8
NOTE: Change sequence name 'taxon 9' -> taxon_9
NOTE: Change sequence name 'taxon 10' -> taxon_10
NOTE: Change sequence name 'taxon 11' -> taxon_11
NOTE: Change sequence name 'taxon 12' -> taxon_12
NOTE: Change sequence name 'taxon 13' -> taxon_13
NOTE: Change sequence name 'taxon 14' -> taxon_14
NOTE: Change sequence name 'taxon 15' -> taxon_15
NOTE: Change sequence name 'taxon 16' -> taxon_16
NOTE: Change sequence name 'taxon 17' -> taxon_17
NOTE: Change sequence name 'taxon 18' -> taxon_18
NOTE: Change sequence name 'taxon 19' -> taxon_19
NOTE: Change sequence name 'taxon 20' -> taxon_20
NOTE: Change sequence name 'taxon 21' -> taxon_21
NOTE: Change sequence name 'taxon 22' -> taxon_22
NOTE: Change sequence name 'taxon 23' -> taxon_23
NOTE: Change sequence name 'taxon 24' -> taxon_24
NOTE: Change sequence name 'taxon 25' -> taxon_25
NOTE: Change sequence name 'taxon 26' -> taxon_26
NOTE: Change sequence name 'taxon 27' -> taxon_27
NOTE: Change sequence name 'taxon 28' -> taxon_28
NOTE: Change sequence name 'taxon 29' -> taxon_29
NOTE: Change sequence name 'taxon 30' -> taxon_30
Alignment most likely contains DNA/RNA sequences
Constructing alignment: done in 0.000942945 secs using 57.59% CPU
Alignment has 30 sequences with 2000 columns, 2000 distinct patterns
2000 parsimony-informative, 0 singleton sites, 0 constant sites
          Gap/Ambiguity  Composition  p-value
Analyzing sequences: done in 5.31673e-05 secs using 225.7% CPU
   1  taxon_1     0.00%    passed     74.94%
   2  taxon_2     0.00%    passed     84.24%
   3  taxon_3     0.00%    passed     97.18%
   4  taxon_4     0.00%    passed     78.61%
   5  taxon_5     0.00%    passed      6.45%
   6  taxon_6     0.00%    passed     75.72%
   7  taxon_7     0.00%    passed     47.81%
   8  taxon_8     0.00%    passed     38.59%
   9  taxon_9     0.00%    passed     61.42%
  10  taxon_10    0.00%    passed     87.09%
  11  taxon_11    0.00%    passed     69.14%
  12  taxon_12    0.00%    passed     57.27%
  13  taxon_13    0.00%    passed     41.93%
  14  taxon_14    0.00%    passed     72.71%
  15  taxon_15    0.00%    passed     81.96%
  16  taxon_16    0.00%    passed     60.13%
  17  taxon_17    0.00%    passed     50.62%
  18  taxon_18    0.00%    passed     66.04%
  19  taxon_19    0.00%    passed     38.11%
  20  taxon_20    0.00%    passed     99.96%
  21  taxon_21    0.00%    passed     75.54%
  22  taxon_22    0.00%    passed     59.18%
  23  taxon_23    0.00%    passed     65.17%
  24  taxon_24    0.00%    passed     70.72%
  25  taxon_25    0.00%    passed     30.10%
  26  taxon_26    0.00%    passed      6.34%
  27  taxon_27    0.00%    passed     77.02%
  28  taxon_28    0.00%    passed     52.28%
  29  taxon_29    0.00%    passed     28.34%
  30  taxon_30    0.00%    passed     93.25%
****  TOTAL       0.00%  0 sequences failed composition chi2 test (p-value<5%; df=3)
Checking for duplicate sequences: done in 0.000127077 secs using 94.43% CPU

Create initial parsimony tree by phylogenetic likelihood library (PLL)... 0.002 seconds

NOTE: 1 MB RAM (0 GB) is required!
Measuring multi-threading efficiency up to 8 CPU cores
Increase to 10 rounds for branch lengths
366 trees examined
Threads: 1 / Time: 8.021 sec / Speedup: 1.000 / Efficiency: 100% / LogL: -80104
Threads: 2 / Time: 8.714 sec / Speedup: 0.920 / Efficiency: 46% / LogL: -80104
Determining AUTO threadcount: done in 16.7349 secs using 107.7% CPU
BEST NUMBER OF THREADS: 1

Estimate model parameters (epsilon = 0.100)
1. Initial log-likelihood: -75309.434
Optimal log-likelihood: -74709.103
Rate parameters:  A-C: 1.00000  A-G: 1.00000  A-T: 1.00000  C-G: 1.00000  C-T: 1.00000  G-T: 1.00000
Base frequencies:  A: 0.250  C: 0.250  G: 0.250  T: 0.250
Parameters optimization took 1 rounds (0.041 sec)
Wrote distance file to... 
Computing ML distances based on estimated model parameters...
Calculating distance matrix: done in 0.0012691 secs using 99.28% CPU
Computing ML distances took 0.001409 sec (of wall-clock time) 0.001389 sec (of CPU time)
WARNING: Some pairwise ML distances are too long (saturated)
Setting up auxiliary I and S matrices: done in 2.90871e-05 secs using 68.76% CPU
Constructing RapidNJ tree: done in 5.10216e-05 secs using 160.7% CPU
Computing RapidNJ tree took 0.000103 sec (of wall-clock time) 0.000123 sec (of CPU time)
Log-likelihood of RapidNJ tree: -74820.389
--------------------------------------------------------------------
|             INITIALIZING CANDIDATE TREE SET                      |
--------------------------------------------------------------------
Generating 98 parsimony trees... 0.281 second
Computing log-likelihood of 98 initial trees ... 0.252 seconds
Current best score: -74709.103

Do NNI search on 20 best initial trees
Estimate model parameters (epsilon = 0.100)
BETTER TREE FOUND at iteration 1: -74697.778
Estimate model parameters (epsilon = 0.100)
BETTER TREE FOUND at iteration 3: -74688.185
Iteration 10 / LogL: -74717.245 / Time: 0h:0m:18s
Estimate model parameters (epsilon = 0.100)
UPDATE BEST LOG-LIKELIHOOD: -74687.982
Iteration 20 / LogL: -74717.836 / Time: 0h:0m:19s
Finish initializing candidate tree set (18)
Current best tree score: -74687.982 / CPU time: 2.379
Number of iterations: 20
--------------------------------------------------------------------
|               OPTIMIZING CANDIDATE TREE SET                      |
--------------------------------------------------------------------
Iteration 30 / LogL: -74690.339 / Time: 0h:0m:20s (0h:0m:50s left)
Iteration 40 / LogL: -74692.676 / Time: 0h:0m:20s (0h:0m:33s left)
Iteration 50 / LogL: -74692.012 / Time: 0h:0m:21s (0h:0m:23s left)
Iteration 60 / LogL: -74704.824 / Time: 0h:0m:22s (0h:0m:16s left)
Iteration 70 / LogL: -74709.025 / Time: 0h:0m:23s (0h:0m:11s left)
Iteration 80 / LogL: -74750.586 / Time: 0h:0m:23s (0h:0m:6s left)
Iteration 90 / LogL: -74705.830 / Time: 0h:0m:24s (0h:0m:3s left)
Iteration 100 / LogL: -74706.204 / Time: 0h:0m:25s (0h:0m:0s left)
TREE SEARCH COMPLETED AFTER 104 ITERATIONS / Time: 0h:0m:25s

--------------------------------------------------------------------
|                    FINALIZING TREE SEARCH                        |
--------------------------------------------------------------------
Performs final model parameters optimization
Estimate model parameters (epsilon = 0.010)
1. Initial log-likelihood: -74687.982
Optimal log-likelihood: -74687.907
Rate parameters:  A-C: 1.00000  A-G: 1.00000  A-T: 1.00000  C-G: 1.00000  C-T: 1.00000  G-T: 1.00000
Base frequencies:  A: 0.250  C: 0.250  G: 0.250  T: 0.250
Parameters optimization took 1 rounds (0.008 sec)
BEST SCORE FOUND : -74687.907
Total tree length: 24.331

Total number of iterations: 104
CPU time used for tree search: 8.954 sec (0h:0m:8s)
Wall-clock time used for tree search: 8.992 sec (0h:0m:8s)
Total CPU time used: 27.112 sec (0h:0m:27s)
Total wall-clock time used: 25.864 sec (0h:0m:25s)

Analysis results written to: 
  IQ-TREE report:                exp_baseline/m100_sel0_rep2/iqtree_out.iqtree
  Maximum-likelihood tree:       exp_baseline/m100_sel0_rep2/iqtree_out.treefile
  Likelihood distances:          exp_baseline/m100_sel0_rep2/iqtree_out.mldist
  Screen log file:               exp_baseline/m100_sel0_rep2/iqtree_out.log

Date and Time: Tue May 12 15:02:29 2026
