IQ-TREE version 3.1.1 for MacOS ARM 64-bit built Apr  8 2026
Developed by Bui Quang Minh, Thomas Wong, Nhan Ly-Trong, Huaiyan Ren
Contributed by Lam-Tung Nguyen, Dominik Schrempf, Chris Bielow,
Olga Chernomor, Michael Woodhams, Diep Thi Hoang, Heiko Schmidt

Host:    Noutbuk-maria.local (SSE4.2, 16 GB RAM)
Command: iqtree -s exp_stable_0.001/m1_sel2_rep6/neutral.fasta -m JC -nt AUTO -pre exp_stable_0.001/m1_sel2_rep6/iqtree_out -seed 2742 -redo
Seed:    2742 (Using SPRNG - Scalable Parallel Random Number Generator)
Time:    Mon May 18 21:21:43 2026
Kernel:  SSE2 - auto-detect threads (8 CPU cores detected)

Reading alignment file exp_stable_0.001/m1_sel2_rep6/neutral.fasta ... Fasta format detected
Reading fasta file: done in 0.0012269 secs using 88.68% CPU
Alignment most likely contains DNA/RNA sequences
Constructing alignment: done in 0.00157809 secs using 57.28% CPU
Alignment has 50 sequences with 3000 columns, 1460 distinct patterns
982 parsimony-informative, 1036 singleton sites, 981 constant sites
          Gap/Ambiguity  Composition  p-value
Analyzing sequences: done in 6.31809e-05 secs using 210.5% CPU
   1  taxon_1     0.00%    passed     98.62%
   2  taxon_2     0.00%    passed     93.81%
   3  taxon_3     0.00%    passed     81.62%
   4  taxon_4     0.00%    passed     99.99%
   5  taxon_5     0.00%    passed     99.99%
   6  taxon_6     0.00%    passed     92.99%
   7  taxon_7     0.00%    passed     92.32%
   8  taxon_8     0.00%    passed     99.35%
   9  taxon_9     0.00%    passed     99.36%
  10  taxon_10    0.00%    passed     99.91%
  11  taxon_11    0.00%    passed     91.35%
  12  taxon_12    0.00%    passed     95.60%
  13  taxon_13    0.00%    passed     96.92%
  14  taxon_14    0.00%    passed     99.84%
  15  taxon_15    0.00%    passed     98.53%
  16  taxon_16    0.00%    passed     99.37%
  17  taxon_17    0.00%    passed     94.96%
  18  taxon_18    0.00%    passed     99.28%
  19  taxon_19    0.00%    passed     99.99%
  20  taxon_20    0.00%    passed     94.99%
  21  taxon_21    0.00%    passed     99.18%
  22  taxon_22    0.00%    passed     96.43%
  23  taxon_23    0.00%    passed     93.22%
  24  taxon_24    0.00%    passed     94.74%
  25  taxon_25    0.00%    passed     99.48%
  26  taxon_26    0.00%    passed     96.16%
  27  taxon_27    0.00%    passed     99.82%
  28  taxon_28    0.00%    passed     99.06%
  29  taxon_29    0.00%    passed     99.50%
  30  taxon_30    0.00%    passed     92.60%
  31  taxon_31    0.00%    passed     99.71%
  32  taxon_32    0.00%    passed     99.23%
  33  taxon_33    0.00%    passed     97.82%
  34  taxon_34    0.00%    passed     99.76%
  35  taxon_35    0.00%    passed     99.75%
  36  taxon_36    0.00%    passed     96.18%
  37  taxon_37    0.00%    passed     98.95%
  38  taxon_38    0.00%    passed     99.12%
  39  taxon_39    0.00%    passed     99.75%
  40  taxon_40    0.00%    passed     98.06%
  41  taxon_41    0.00%    passed     96.78%
  42  taxon_42    0.00%    passed     99.30%
  43  taxon_43    0.00%    passed     99.87%
  44  taxon_44    0.00%    passed     98.40%
  45  taxon_45    0.00%    passed     95.92%
  46  taxon_46    0.00%    passed     95.19%
  47  taxon_47    0.00%    passed     38.72%
  48  taxon_48    0.00%    passed     72.79%
  49  taxon_49    0.00%    passed     63.66%
  50  taxon_50    0.00%    passed     78.01%
****  TOTAL       0.00%  0 sequences failed composition chi2 test (p-value<5%; df=3)
Checking for duplicate sequences: done in 0.000166178 secs using 87.86% CPU

Create initial parsimony tree by phylogenetic likelihood library (PLL)... 0.003 seconds

NOTE: 2 MB RAM (0 GB) is required!
Measuring multi-threading efficiency up to 8 CPU cores
Increase to 10 rounds for branch lengths
683 trees examined
Threads: 1 / Time: 8.004 sec / Speedup: 1.000 / Efficiency: 100% / LogL: -33477
Threads: 2 / Time: 8.466 sec / Speedup: 0.945 / Efficiency: 47% / LogL: -33477
Determining AUTO threadcount: done in 16.4698 secs using 105.9% CPU
BEST NUMBER OF THREADS: 1

Estimate model parameters (epsilon = 0.100)
1. Initial log-likelihood: -24272.257
Optimal log-likelihood: -24269.934
Rate parameters:  A-C: 1.00000  A-G: 1.00000  A-T: 1.00000  C-G: 1.00000  C-T: 1.00000  G-T: 1.00000
Base frequencies:  A: 0.250  C: 0.250  G: 0.250  T: 0.250
Parameters optimization took 1 rounds (0.006 sec)
Wrote distance file to... 
Computing ML distances based on estimated model parameters...
Calculating distance matrix: done in 0.00430989 secs using 89.79% CPU
Computing ML distances took 0.004458 sec (of wall-clock time) 0.004009 sec (of CPU time)
Setting up auxiliary I and S matrices: done in 4.79221e-05 secs using 93.9% CPU
Constructing RapidNJ tree: done in 9.89437e-05 secs using 173.8% CPU
Computing RapidNJ tree took 0.000169 sec (of wall-clock time) 0.000242 sec (of CPU time)
Log-likelihood of RapidNJ tree: -24340.771
--------------------------------------------------------------------
|             INITIALIZING CANDIDATE TREE SET                      |
--------------------------------------------------------------------
Generating 98 parsimony trees... 0.283 second
Computing log-likelihood of 98 initial trees ... 0.281 seconds
Current best score: -24269.934

Do NNI search on 20 best initial trees
Estimate model parameters (epsilon = 0.100)
BETTER TREE FOUND at iteration 1: -24269.934
BETTER TREE FOUND at iteration 8: -24269.934
UPDATE BEST LOG-LIKELIHOOD: -24269.934
Iteration 10 / LogL: -24269.934 / Time: 0h:0m:17s
Iteration 20 / LogL: -24269.934 / Time: 0h:0m:17s
Finish initializing candidate tree set (4)
Current best tree score: -24269.934 / CPU time: 0.907
Number of iterations: 20
--------------------------------------------------------------------
|               OPTIMIZING CANDIDATE TREE SET                      |
--------------------------------------------------------------------
Iteration 30 / LogL: -24269.942 / Time: 0h:0m:17s (0h:0m:48s left)
Iteration 40 / LogL: -24269.948 / Time: 0h:0m:18s (0h:0m:32s left)
Iteration 50 / LogL: -24269.934 / Time: 0h:0m:18s (0h:0m:22s left)
Iteration 60 / LogL: -24269.946 / Time: 0h:0m:19s (0h:0m:15s left)
Iteration 70 / LogL: -24269.938 / Time: 0h:0m:19s (0h:0m:10s left)
UPDATE BEST LOG-LIKELIHOOD: -24269.934
Iteration 80 / LogL: -24269.946 / Time: 0h:0m:20s (0h:0m:7s left)
Iteration 90 / LogL: -24269.943 / Time: 0h:0m:20s (0h:0m:4s left)
Iteration 100 / LogL: -24269.934 / Time: 0h:0m:21s (0h:0m:1s left)
TREE SEARCH COMPLETED AFTER 109 ITERATIONS / Time: 0h:0m:21s

--------------------------------------------------------------------
|                    FINALIZING TREE SEARCH                        |
--------------------------------------------------------------------
Performs final model parameters optimization
Estimate model parameters (epsilon = 0.010)
1. Initial log-likelihood: -24269.934
Optimal log-likelihood: -24269.934
Rate parameters:  A-C: 1.00000  A-G: 1.00000  A-T: 1.00000  C-G: 1.00000  C-T: 1.00000  G-T: 1.00000
Base frequencies:  A: 0.250  C: 0.250  G: 0.250  T: 0.250
Parameters optimization took 1 rounds (0.004 sec)
BEST SCORE FOUND : -24269.934
Total tree length: 1.120

Total number of iterations: 109
CPU time used for tree search: 5.034 sec (0h:0m:5s)
Wall-clock time used for tree search: 5.036 sec (0h:0m:5s)
Total CPU time used: 22.506 sec (0h:0m:22s)
Total wall-clock time used: 21.539 sec (0h:0m:21s)

Analysis results written to: 
  IQ-TREE report:                exp_stable_0.001/m1_sel2_rep6/iqtree_out.iqtree
  Maximum-likelihood tree:       exp_stable_0.001/m1_sel2_rep6/iqtree_out.treefile
  Likelihood distances:          exp_stable_0.001/m1_sel2_rep6/iqtree_out.mldist
  Screen log file:               exp_stable_0.001/m1_sel2_rep6/iqtree_out.log

Date and Time: Mon May 18 21:22:05 2026
