IQ-TREE version 3.1.1 for MacOS ARM 64-bit built Apr  8 2026
Developed by Bui Quang Minh, Thomas Wong, Nhan Ly-Trong, Huaiyan Ren
Contributed by Lam-Tung Nguyen, Dominik Schrempf, Chris Bielow,
Olga Chernomor, Michael Woodhams, Diep Thi Hoang, Heiko Schmidt

Host:    Noutbuk-maria.local (SSE4.2, 16 GB RAM)
Command: iqtree -s exp_baseline/m200_sel500_rep3/combined.fasta -m JC -nt AUTO -pre exp_baseline/m200_sel500_rep3/iqtree_out -seed 520342 -redo
Seed:    520342 (Using SPRNG - Scalable Parallel Random Number Generator)
Time:    Tue May 12 15:22:16 2026
Kernel:  SSE2 - auto-detect threads (8 CPU cores detected)

Reading alignment file exp_baseline/m200_sel500_rep3/combined.fasta ... Fasta format detected
Reading fasta file: done in 0.000593901 secs using 91.09% CPU
Alignment most likely contains DNA/RNA sequences
Constructing alignment: done in 0.00113392 secs using 56.35% CPU
Alignment has 30 sequences with 2500 columns, 2015 distinct patterns
2496 parsimony-informative, 0 singleton sites, 4 constant sites
          Gap/Ambiguity  Composition  p-value
Analyzing sequences: done in 4.41074e-05 secs using 283.4% CPU
   1  taxon_1     0.00%    passed     20.20%
   2  taxon_2     0.00%    passed     38.03%
   3  taxon_3     0.00%    passed     26.72%
   4  taxon_4     0.00%    passed     77.48%
   5  taxon_5     0.00%    passed     70.51%
   6  taxon_6     0.00%    passed     96.06%
   7  taxon_7     0.00%    passed     79.30%
   8  taxon_8     0.00%    passed     89.25%
   9  taxon_9     0.00%    passed     36.93%
  10  taxon_10    0.00%    passed     87.73%
  11  taxon_11    0.00%    passed     81.27%
  12  taxon_12    0.00%    passed     27.74%
  13  taxon_13    0.00%    passed     17.67%
  14  taxon_14    0.00%    passed     95.73%
  15  taxon_15    0.00%    passed     31.06%
  16  taxon_16    0.00%    passed     15.53%
  17  taxon_17    0.00%    passed     81.70%
  18  taxon_18    0.00%    passed     83.59%
  19  taxon_19    0.00%    passed     11.46%
  20  taxon_20    0.00%    passed     52.11%
  21  taxon_21    0.00%    failed      3.35%
  22  taxon_22    0.00%    passed     64.98%
  23  taxon_23    0.00%    passed     12.56%
  24  taxon_24    0.00%    passed     70.93%
  25  taxon_25    0.00%    passed     15.61%
  26  taxon_26    0.00%    passed     71.32%
  27  taxon_27    0.00%    passed     12.74%
  28  taxon_28    0.00%    passed     57.28%
  29  taxon_29    0.00%    passed     26.51%
  30  taxon_30    0.00%    failed      2.36%
****  TOTAL       0.00%  2 sequences failed composition chi2 test (p-value<5%; df=3)
Checking for duplicate sequences: done in 0.00013113 secs using 89.22% CPU

Create initial parsimony tree by phylogenetic likelihood library (PLL)... 0.002 seconds

NOTE: 1 MB RAM (0 GB) is required!
Measuring multi-threading efficiency up to 8 CPU cores
Increase to 10 rounds for branch lengths
395 trees examined
Threads: 1 / Time: 8.008 sec / Speedup: 1.000 / Efficiency: 100% / LogL: -93853
Threads: 2 / Time: 8.826 sec / Speedup: 0.907 / Efficiency: 45% / LogL: -93853
Determining AUTO threadcount: done in 16.8344 secs using 108% CPU
BEST NUMBER OF THREADS: 1

Estimate model parameters (epsilon = 0.100)
1. Initial log-likelihood: -86586.999
Optimal log-likelihood: -86086.075
Rate parameters:  A-C: 1.00000  A-G: 1.00000  A-T: 1.00000  C-G: 1.00000  C-T: 1.00000  G-T: 1.00000
Base frequencies:  A: 0.250  C: 0.250  G: 0.250  T: 0.250
Parameters optimization took 1 rounds (0.015 sec)
Wrote distance file to... 
Computing ML distances based on estimated model parameters...
Calculating distance matrix: done in 0.00130391 secs using 99.32% CPU
Computing ML distances took 0.001442 sec (of wall-clock time) 0.001424 sec (of CPU time)
WARNING: Some pairwise ML distances are too long (saturated)
Setting up auxiliary I and S matrices: done in 2.59876e-05 secs using 73.11% CPU
Constructing RapidNJ tree: done in 4.69685e-05 secs using 163.9% CPU
Computing RapidNJ tree took 0.000098 sec (of wall-clock time) 0.000122 sec (of CPU time)
Log-likelihood of RapidNJ tree: -88277.352
--------------------------------------------------------------------
|             INITIALIZING CANDIDATE TREE SET                      |
--------------------------------------------------------------------
Generating 98 parsimony trees... 0.304 second
Computing log-likelihood of 98 initial trees ... 0.239 seconds
Current best score: -85735.993

Do NNI search on 20 best initial trees
Estimate model parameters (epsilon = 0.100)
BETTER TREE FOUND at iteration 1: -85638.609
Iteration 10 / LogL: -85639.474 / Time: 0h:0m:17s
Iteration 20 / LogL: -85993.455 / Time: 0h:0m:18s
Finish initializing candidate tree set (8)
Current best tree score: -85638.609 / CPU time: 1.177
Number of iterations: 20
--------------------------------------------------------------------
|               OPTIMIZING CANDIDATE TREE SET                      |
--------------------------------------------------------------------
Iteration 30 / LogL: -85670.880 / Time: 0h:0m:18s (0h:0m:45s left)
Iteration 40 / LogL: -85676.362 / Time: 0h:0m:18s (0h:0m:29s left)
Iteration 50 / LogL: -85642.826 / Time: 0h:0m:19s (0h:0m:20s left)
Iteration 60 / LogL: -85668.963 / Time: 0h:0m:19s (0h:0m:13s left)
Iteration 70 / LogL: -85978.711 / Time: 0h:0m:20s (0h:0m:9s left)
Iteration 80 / LogL: -85640.656 / Time: 0h:0m:20s (0h:0m:5s left)
Iteration 90 / LogL: -85639.305 / Time: 0h:0m:21s (0h:0m:2s left)
Iteration 100 / LogL: -85994.723 / Time: 0h:0m:21s (0h:0m:0s left)
TREE SEARCH COMPLETED AFTER 102 ITERATIONS / Time: 0h:0m:21s

--------------------------------------------------------------------
|                    FINALIZING TREE SEARCH                        |
--------------------------------------------------------------------
Performs final model parameters optimization
Estimate model parameters (epsilon = 0.010)
1. Initial log-likelihood: -85638.609
Optimal log-likelihood: -85638.607
Rate parameters:  A-C: 1.00000  A-G: 1.00000  A-T: 1.00000  C-G: 1.00000  C-T: 1.00000  G-T: 1.00000
Base frequencies:  A: 0.250  C: 0.250  G: 0.250  T: 0.250
Parameters optimization took 1 rounds (0.003 sec)
BEST SCORE FOUND : -85638.607
Total tree length: 15.557

Total number of iterations: 102
CPU time used for tree search: 4.792 sec (0h:0m:4s)
Wall-clock time used for tree search: 4.801 sec (0h:0m:4s)
Total CPU time used: 23.019 sec (0h:0m:23s)
Total wall-clock time used: 21.684 sec (0h:0m:21s)

Analysis results written to: 
  IQ-TREE report:                exp_baseline/m200_sel500_rep3/iqtree_out.iqtree
  Maximum-likelihood tree:       exp_baseline/m200_sel500_rep3/iqtree_out.treefile
  Likelihood distances:          exp_baseline/m200_sel500_rep3/iqtree_out.mldist
  Screen log file:               exp_baseline/m200_sel500_rep3/iqtree_out.log

Date and Time: Tue May 12 15:22:38 2026
