IQ-TREE version 3.1.1 for MacOS ARM 64-bit built Apr  8 2026
Developed by Bui Quang Minh, Thomas Wong, Nhan Ly-Trong, Huaiyan Ren
Contributed by Lam-Tung Nguyen, Dominik Schrempf, Chris Bielow,
Olga Chernomor, Michael Woodhams, Diep Thi Hoang, Heiko Schmidt

Host:    Noutbuk-maria.local (SSE4.2, 16 GB RAM)
Command: iqtree -s exp_baseline/m200_sel0_rep4/combined.fasta -m JC -nt AUTO -pre exp_baseline/m200_sel0_rep4/iqtree_out -seed 20442 -redo
Seed:    20442 (Using SPRNG - Scalable Parallel Random Number Generator)
Time:    Tue May 12 15:15:23 2026
Kernel:  SSE2 - auto-detect threads (8 CPU cores detected)

Reading alignment file exp_baseline/m200_sel0_rep4/combined.fasta ... Fasta format detected
Reading fasta file: done in 0.00048399 secs using 91.12% CPU
NOTE: Change sequence name 'taxon 1' -> taxon_1
NOTE: Change sequence name 'taxon 2' -> taxon_2
NOTE: Change sequence name 'taxon 3' -> taxon_3
NOTE: Change sequence name 'taxon 4' -> taxon_4
NOTE: Change sequence name 'taxon 5' -> taxon_5
NOTE: Change sequence name 'taxon 6' -> taxon_6
NOTE: Change sequence name 'taxon 7' -> taxon_7
NOTE: Change sequence name 'taxon 8' -> taxon_8
NOTE: Change sequence name 'taxon 9' -> taxon_9
NOTE: Change sequence name 'taxon 10' -> taxon_10
NOTE: Change sequence name 'taxon 11' -> taxon_11
NOTE: Change sequence name 'taxon 12' -> taxon_12
NOTE: Change sequence name 'taxon 13' -> taxon_13
NOTE: Change sequence name 'taxon 14' -> taxon_14
NOTE: Change sequence name 'taxon 15' -> taxon_15
NOTE: Change sequence name 'taxon 16' -> taxon_16
NOTE: Change sequence name 'taxon 17' -> taxon_17
NOTE: Change sequence name 'taxon 18' -> taxon_18
NOTE: Change sequence name 'taxon 19' -> taxon_19
NOTE: Change sequence name 'taxon 20' -> taxon_20
NOTE: Change sequence name 'taxon 21' -> taxon_21
NOTE: Change sequence name 'taxon 22' -> taxon_22
NOTE: Change sequence name 'taxon 23' -> taxon_23
NOTE: Change sequence name 'taxon 24' -> taxon_24
NOTE: Change sequence name 'taxon 25' -> taxon_25
NOTE: Change sequence name 'taxon 26' -> taxon_26
NOTE: Change sequence name 'taxon 27' -> taxon_27
NOTE: Change sequence name 'taxon 28' -> taxon_28
NOTE: Change sequence name 'taxon 29' -> taxon_29
NOTE: Change sequence name 'taxon 30' -> taxon_30
Alignment most likely contains DNA/RNA sequences
Constructing alignment: done in 0.000957012 secs using 56.84% CPU
Alignment has 30 sequences with 2000 columns, 2000 distinct patterns
2000 parsimony-informative, 0 singleton sites, 0 constant sites
          Gap/Ambiguity  Composition  p-value
Analyzing sequences: done in 4.3869e-05 secs using 278.1% CPU
   1  taxon_1     0.00%    passed     32.64%
   2  taxon_2     0.00%    passed     67.28%
   3  taxon_3     0.00%    passed     12.49%
   4  taxon_4     0.00%    passed     99.93%
   5  taxon_5     0.00%    failed      4.66%
   6  taxon_6     0.00%    passed     77.12%
   7  taxon_7     0.00%    passed     42.07%
   8  taxon_8     0.00%    passed     21.80%
   9  taxon_9     0.00%    passed     64.17%
  10  taxon_10    0.00%    passed     94.11%
  11  taxon_11    0.00%    passed     23.43%
  12  taxon_12    0.00%    passed     48.22%
  13  taxon_13    0.00%    passed     80.72%
  14  taxon_14    0.00%    passed     19.90%
  15  taxon_15    0.00%    passed     68.07%
  16  taxon_16    0.00%    passed     13.25%
  17  taxon_17    0.00%    passed     83.76%
  18  taxon_18    0.00%    passed      6.36%
  19  taxon_19    0.00%    passed     37.49%
  20  taxon_20    0.00%    passed     81.13%
  21  taxon_21    0.00%    passed      8.24%
  22  taxon_22    0.00%    passed     67.32%
  23  taxon_23    0.00%    passed     68.38%
  24  taxon_24    0.00%    passed     94.32%
  25  taxon_25    0.00%    passed     36.65%
  26  taxon_26    0.00%    passed     41.98%
  27  taxon_27    0.00%    passed     61.95%
  28  taxon_28    0.00%    passed     84.28%
  29  taxon_29    0.00%    passed     57.00%
  30  taxon_30    0.00%    passed     17.15%
****  TOTAL       0.00%  1 sequences failed composition chi2 test (p-value<5%; df=3)
Checking for duplicate sequences: done in 0.000133038 secs using 90.95% CPU

Create initial parsimony tree by phylogenetic likelihood library (PLL)... 0.002 seconds

NOTE: 1 MB RAM (0 GB) is required!
Measuring multi-threading efficiency up to 8 CPU cores
Increase to 10 rounds for branch lengths
379 trees examined
Threads: 1 / Time: 8.012 sec / Speedup: 1.000 / Efficiency: 100% / LogL: -78762
Threads: 2 / Time: 8.750 sec / Speedup: 0.916 / Efficiency: 46% / LogL: -78762
Determining AUTO threadcount: done in 16.7618 secs using 107.7% CPU
BEST NUMBER OF THREADS: 1

Estimate model parameters (epsilon = 0.100)
1. Initial log-likelihood: -76092.370
Optimal log-likelihood: -75440.211
Rate parameters:  A-C: 1.00000  A-G: 1.00000  A-T: 1.00000  C-G: 1.00000  C-T: 1.00000  G-T: 1.00000
Base frequencies:  A: 0.250  C: 0.250  G: 0.250  T: 0.250
Parameters optimization took 1 rounds (0.027 sec)
Wrote distance file to... 
Computing ML distances based on estimated model parameters...
Calculating distance matrix: done in 0.00121498 secs using 99.26% CPU
Computing ML distances took 0.001360 sec (of wall-clock time) 0.001335 sec (of CPU time)
WARNING: Some pairwise ML distances are too long (saturated)
Setting up auxiliary I and S matrices: done in 2.28882e-05 secs using 78.64% CPU
Constructing RapidNJ tree: done in 4.91142e-05 secs using 169% CPU
Computing RapidNJ tree took 0.000098 sec (of wall-clock time) 0.000119 sec (of CPU time)
Log-likelihood of RapidNJ tree: -75506.278
--------------------------------------------------------------------
|             INITIALIZING CANDIDATE TREE SET                      |
--------------------------------------------------------------------
Generating 98 parsimony trees... 0.272 second
Computing log-likelihood of 98 initial trees ... 0.253 seconds
Current best score: -75440.211

Do NNI search on 20 best initial trees
Estimate model parameters (epsilon = 0.100)
BETTER TREE FOUND at iteration 1: -75411.179
Iteration 10 / LogL: -75413.410 / Time: 0h:0m:18s
Iteration 20 / LogL: -75421.949 / Time: 0h:0m:19s
Finish initializing candidate tree set (20)
Current best tree score: -75411.179 / CPU time: 2.395
Number of iterations: 20
--------------------------------------------------------------------
|               OPTIMIZING CANDIDATE TREE SET                      |
--------------------------------------------------------------------
Iteration 30 / LogL: -75426.175 / Time: 0h:0m:20s (0h:0m:50s left)
Iteration 40 / LogL: -75450.919 / Time: 0h:0m:21s (0h:0m:33s left)
Iteration 50 / LogL: -75416.028 / Time: 0h:0m:22s (0h:0m:23s left)
Iteration 60 / LogL: -75416.947 / Time: 0h:0m:23s (0h:0m:16s left)
Iteration 70 / LogL: -75434.310 / Time: 0h:0m:24s (0h:0m:10s left)
Iteration 80 / LogL: -75416.266 / Time: 0h:0m:25s (0h:0m:6s left)
Estimate model parameters (epsilon = 0.100)
UPDATE BEST LOG-LIKELIHOOD: -75410.724
Iteration 90 / LogL: -75410.724 / Time: 0h:0m:26s (0h:0m:3s left)
Iteration 100 / LogL: -75436.439 / Time: 0h:0m:27s (0h:0m:0s left)
TREE SEARCH COMPLETED AFTER 102 ITERATIONS / Time: 0h:0m:27s

--------------------------------------------------------------------
|                    FINALIZING TREE SEARCH                        |
--------------------------------------------------------------------
Performs final model parameters optimization
Estimate model parameters (epsilon = 0.010)
1. Initial log-likelihood: -75410.724
Optimal log-likelihood: -75410.286
Rate parameters:  A-C: 1.00000  A-G: 1.00000  A-T: 1.00000  C-G: 1.00000  C-T: 1.00000  G-T: 1.00000
Base frequencies:  A: 0.250  C: 0.250  G: 0.250  T: 0.250
Parameters optimization took 1 rounds (0.030 sec)
BEST SCORE FOUND : -75410.286
Total tree length: 27.484

Total number of iterations: 102
CPU time used for tree search: 10.649 sec (0h:0m:10s)
Wall-clock time used for tree search: 10.693 sec (0h:0m:10s)
Total CPU time used: 28.930 sec (0h:0m:28s)
Total wall-clock time used: 27.689 sec (0h:0m:27s)

Analysis results written to: 
  IQ-TREE report:                exp_baseline/m200_sel0_rep4/iqtree_out.iqtree
  Maximum-likelihood tree:       exp_baseline/m200_sel0_rep4/iqtree_out.treefile
  Likelihood distances:          exp_baseline/m200_sel0_rep4/iqtree_out.mldist
  Screen log file:               exp_baseline/m200_sel0_rep4/iqtree_out.log

Date and Time: Tue May 12 15:15:51 2026
