IQ-TREE version 3.1.1 for MacOS ARM 64-bit built Apr  8 2026
Developed by Bui Quang Minh, Thomas Wong, Nhan Ly-Trong, Huaiyan Ren
Contributed by Lam-Tung Nguyen, Dominik Schrempf, Chris Bielow,
Olga Chernomor, Michael Woodhams, Diep Thi Hoang, Heiko Schmidt

Host:    Noutbuk-maria.local (SSE4.2, 16 GB RAM)
Command: iqtree -s exp_baseline/m100_sel50_rep2/combined.fasta -m JC -nt AUTO -pre exp_baseline/m100_sel50_rep2/iqtree_out -seed 60242 -redo
Seed:    60242 (Using SPRNG - Scalable Parallel Random Number Generator)
Time:    Tue May 12 15:04:44 2026
Kernel:  SSE2 - auto-detect threads (8 CPU cores detected)

Reading alignment file exp_baseline/m100_sel50_rep2/combined.fasta ... Fasta format detected
Reading fasta file: done in 0.000492096 secs using 90.84% CPU
Alignment most likely contains DNA/RNA sequences
Constructing alignment: done in 0.000987053 secs using 56.63% CPU
Alignment has 30 sequences with 2050 columns, 2013 distinct patterns
2049 parsimony-informative, 0 singleton sites, 1 constant sites
          Gap/Ambiguity  Composition  p-value
Analyzing sequences: done in 4.91142e-05 secs using 272.8% CPU
   1  taxon_1     0.00%    passed     44.04%
   2  taxon_2     0.00%    passed     74.10%
   3  taxon_3     0.00%    passed     21.17%
   4  taxon_4     0.00%    passed     62.29%
   5  taxon_5     0.00%    passed     61.55%
   6  taxon_6     0.00%    passed      5.05%
   7  taxon_7     0.00%    passed     17.66%
   8  taxon_8     0.00%    passed     82.57%
   9  taxon_9     0.00%    passed     17.37%
  10  taxon_10    0.00%    passed     38.96%
  11  taxon_11    0.00%    passed     64.82%
  12  taxon_12    0.00%    passed     51.03%
  13  taxon_13    0.00%    passed     27.71%
  14  taxon_14    0.00%    passed     72.21%
  15  taxon_15    0.00%    passed     59.15%
  16  taxon_16    0.00%    passed     12.77%
  17  taxon_17    0.00%    passed      8.55%
  18  taxon_18    0.00%    passed     69.81%
  19  taxon_19    0.00%    passed     82.98%
  20  taxon_20    0.00%    passed     58.21%
  21  taxon_21    0.00%    passed     53.61%
  22  taxon_22    0.00%    passed     20.21%
  23  taxon_23    0.00%    passed     78.54%
  24  taxon_24    0.00%    passed     96.20%
  25  taxon_25    0.00%    passed      7.51%
  26  taxon_26    0.00%    passed     52.88%
  27  taxon_27    0.00%    passed     16.51%
  28  taxon_28    0.00%    passed     38.92%
  29  taxon_29    0.00%    passed     89.72%
  30  taxon_30    0.00%    passed     68.77%
****  TOTAL       0.00%  0 sequences failed composition chi2 test (p-value<5%; df=3)
Checking for duplicate sequences: done in 0.00013113 secs using 93.04% CPU

Create initial parsimony tree by phylogenetic likelihood library (PLL)... 0.002 seconds

NOTE: 1 MB RAM (0 GB) is required!
Measuring multi-threading efficiency up to 8 CPU cores
Increase to 10 rounds for branch lengths
378 trees examined
Threads: 1 / Time: 8.006 sec / Speedup: 1.000 / Efficiency: 100% / LogL: -82176
Threads: 2 / Time: 8.766 sec / Speedup: 0.913 / Efficiency: 46% / LogL: -82176
Determining AUTO threadcount: done in 16.7716 secs using 107.7% CPU
BEST NUMBER OF THREADS: 1

Estimate model parameters (epsilon = 0.100)
1. Initial log-likelihood: -77967.230
Optimal log-likelihood: -77487.582
Rate parameters:  A-C: 1.00000  A-G: 1.00000  A-T: 1.00000  C-G: 1.00000  C-T: 1.00000  G-T: 1.00000
Base frequencies:  A: 0.250  C: 0.250  G: 0.250  T: 0.250
Parameters optimization took 1 rounds (0.015 sec)
Wrote distance file to... 
Computing ML distances based on estimated model parameters...
Calculating distance matrix: done in 0.00134015 secs using 99.39% CPU
Computing ML distances took 0.001478 sec (of wall-clock time) 0.001459 sec (of CPU time)
WARNING: Some pairwise ML distances are too long (saturated)
Setting up auxiliary I and S matrices: done in 2.59876e-05 secs using 69.26% CPU
Constructing RapidNJ tree: done in 4.79221e-05 secs using 171.1% CPU
Computing RapidNJ tree took 0.000099 sec (of wall-clock time) 0.000119 sec (of CPU time)
Log-likelihood of RapidNJ tree: -77459.427
--------------------------------------------------------------------
|             INITIALIZING CANDIDATE TREE SET                      |
--------------------------------------------------------------------
Generating 98 parsimony trees... 0.305 second
Computing log-likelihood of 98 initial trees ... 0.254 seconds
Current best score: -77459.427

Do NNI search on 20 best initial trees
Estimate model parameters (epsilon = 0.100)
BETTER TREE FOUND at iteration 1: -77440.712
Iteration 10 / LogL: -77447.974 / Time: 0h:0m:17s
Iteration 20 / LogL: -77440.867 / Time: 0h:0m:18s
Finish initializing candidate tree set (7)
Current best tree score: -77440.712 / CPU time: 1.747
Number of iterations: 20
--------------------------------------------------------------------
|               OPTIMIZING CANDIDATE TREE SET                      |
--------------------------------------------------------------------
Estimate model parameters (epsilon = 0.100)
UPDATE BEST LOG-LIKELIHOOD: -77440.594
Iteration 30 / LogL: -77442.140 / Time: 0h:0m:19s (0h:0m:47s left)
Iteration 40 / LogL: -77468.151 / Time: 0h:0m:19s (0h:0m:31s left)
Iteration 50 / LogL: -77589.705 / Time: 0h:0m:20s (0h:0m:21s left)
Iteration 60 / LogL: -77441.332 / Time: 0h:0m:21s (0h:0m:14s left)
Iteration 70 / LogL: -77441.054 / Time: 0h:0m:22s (0h:0m:9s left)
Iteration 80 / LogL: -77440.987 / Time: 0h:0m:22s (0h:0m:6s left)
Iteration 90 / LogL: -77441.108 / Time: 0h:0m:23s (0h:0m:2s left)
Iteration 100 / LogL: -77463.151 / Time: 0h:0m:24s (0h:0m:0s left)
TREE SEARCH COMPLETED AFTER 102 ITERATIONS / Time: 0h:0m:24s

--------------------------------------------------------------------
|                    FINALIZING TREE SEARCH                        |
--------------------------------------------------------------------
Performs final model parameters optimization
Estimate model parameters (epsilon = 0.010)
1. Initial log-likelihood: -77440.594
Optimal log-likelihood: -77440.565
Rate parameters:  A-C: 1.00000  A-G: 1.00000  A-T: 1.00000  C-G: 1.00000  C-T: 1.00000  G-T: 1.00000
Base frequencies:  A: 0.250  C: 0.250  G: 0.250  T: 0.250
Parameters optimization took 1 rounds (0.005 sec)
BEST SCORE FOUND : -77440.565
Total tree length: 22.928

Total number of iterations: 102
CPU time used for tree search: 7.534 sec (0h:0m:7s)
Wall-clock time used for tree search: 7.559 sec (0h:0m:7s)
Total CPU time used: 25.659 sec (0h:0m:25s)
Total wall-clock time used: 24.391 sec (0h:0m:24s)

Analysis results written to: 
  IQ-TREE report:                exp_baseline/m100_sel50_rep2/iqtree_out.iqtree
  Maximum-likelihood tree:       exp_baseline/m100_sel50_rep2/iqtree_out.treefile
  Likelihood distances:          exp_baseline/m100_sel50_rep2/iqtree_out.mldist
  Screen log file:               exp_baseline/m100_sel50_rep2/iqtree_out.log

Date and Time: Tue May 12 15:05:08 2026
