IQ-TREE version 3.1.1 for MacOS ARM 64-bit built Apr  8 2026
Developed by Bui Quang Minh, Thomas Wong, Nhan Ly-Trong, Huaiyan Ren
Contributed by Lam-Tung Nguyen, Dominik Schrempf, Chris Bielow,
Olga Chernomor, Michael Woodhams, Diep Thi Hoang, Heiko Schmidt

Host:    Noutbuk-maria.local (SSE4.2, 16 GB RAM)
Command: iqtree -s exp_stable_0.0001/m1_sel1_rep5/neutral.fasta -m JC -nt AUTO -pre exp_stable_0.0001/m1_sel1_rep5/iqtree_out -seed 1642 -redo
Seed:    1642 (Using SPRNG - Scalable Parallel Random Number Generator)
Time:    Mon May 18 16:12:21 2026
Kernel:  SSE2 - auto-detect threads (8 CPU cores detected)

Reading alignment file exp_stable_0.0001/m1_sel1_rep5/neutral.fasta ... Fasta format detected
Reading fasta file: done in 0.0013051 secs using 89.26% CPU
Alignment most likely contains DNA/RNA sequences
Constructing alignment: done in 0.00133109 secs using 57.4% CPU
Alignment has 50 sequences with 3000 columns, 399 distinct patterns
121 parsimony-informative, 380 singleton sites, 2499 constant sites
          Gap/Ambiguity  Composition  p-value
Analyzing sequences: done in 3.69549e-05 secs using 92% CPU
   1  taxon_1     0.00%    passed     98.99%
   2  taxon_2     0.00%    passed     99.40%
   3  taxon_3     0.00%    passed     99.90%
   4  taxon_4     0.00%    passed     99.89%
   5  taxon_5     0.00%    passed     99.60%
   6  taxon_6     0.00%    passed     99.81%
   7  taxon_7     0.00%    passed     99.39%
   8  taxon_8     0.00%    passed     99.74%
   9  taxon_9     0.00%    passed     98.82%
  10  taxon_10    0.00%    passed     99.55%
  11  taxon_11    0.00%    passed     99.01%
  12  taxon_12    0.00%    passed     99.45%
  13  taxon_13    0.00%    passed     99.94%
  14  taxon_14    0.00%    passed     99.75%
  15  taxon_15    0.00%    passed     99.99%
  16  taxon_16    0.00%    passed     99.96%
  17  taxon_17    0.00%    passed     99.90%
  18  taxon_18    0.00%    passed     99.73%
  19  taxon_19    0.00%    passed     99.89%
  20  taxon_20    0.00%    passed     99.98%
  21  taxon_21    0.00%    passed     99.89%
  22  taxon_22    0.00%    passed     99.51%
  23  taxon_23    0.00%    passed     99.74%
  24  taxon_24    0.00%    passed     99.67%
  25  taxon_25    0.00%    passed     99.64%
  26  taxon_26    0.00%    passed     99.96%
  27  taxon_27    0.00%    passed     99.90%
  28  taxon_28    0.00%    passed     99.65%
  29  taxon_29    0.00%    passed     99.81%
  30  taxon_30    0.00%    passed     99.99%
  31  taxon_31    0.00%    passed     99.94%
  32  taxon_32    0.00%    passed     99.90%
  33  taxon_33    0.00%    passed     99.78%
  34  taxon_34    0.00%    passed     98.35%
  35  taxon_35    0.00%    passed     99.51%
  36  taxon_36    0.00%    passed     99.68%
  37  taxon_37    0.00%    passed     99.04%
  38  taxon_38    0.00%    passed     99.81%
  39  taxon_39    0.00%    passed     99.95%
  40  taxon_40    0.00%    passed     99.79%
  41  taxon_41    0.00%    passed     99.76%
  42  taxon_42    0.00%    passed     99.39%
  43  taxon_43    0.00%    passed     99.38%
  44  taxon_44    0.00%    passed     99.91%
  45  taxon_45    0.00%    passed     99.74%
  46  taxon_46    0.00%    passed     99.68%
  47  taxon_47    0.00%    passed     99.99%
  48  taxon_48    0.00%    passed    100.00%
  49  taxon_49    0.00%    passed     99.63%
  50  taxon_50    0.00%    passed     99.96%
****  TOTAL       0.00%  0 sequences failed composition chi2 test (p-value<5%; df=3)
Checking for duplicate sequences: done in 9.20296e-05 secs using 73.89% CPU

Create initial parsimony tree by phylogenetic likelihood library (PLL)... 0.001 seconds

NOTE: 0 MB RAM (0 GB) is required!
Measuring multi-threading efficiency up to 8 CPU cores
Increase to 10 rounds for branch lengths
1737 trees examined
Threads: 1 / Time: 8.006 sec / Speedup: 1.000 / Efficiency: 100% / LogL: -10672
Threads: 2 / Time: 11.972 sec / Speedup: 0.669 / Efficiency: 33% / LogL: -10672
Determining AUTO threadcount: done in 19.978 secs using 92.01% CPU
BEST NUMBER OF THREADS: 1

Estimate model parameters (epsilon = 0.100)
1. Initial log-likelihood: -8543.548
Optimal log-likelihood: -8543.470
Rate parameters:  A-C: 1.00000  A-G: 1.00000  A-T: 1.00000  C-G: 1.00000  C-T: 1.00000  G-T: 1.00000
Base frequencies:  A: 0.250  C: 0.250  G: 0.250  T: 0.250
Parameters optimization took 1 rounds (0.002 sec)
Wrote distance file to... 
Computing ML distances based on estimated model parameters...
Calculating distance matrix: done in 0.00353408 secs using 84.21% CPU
Computing ML distances took 0.003594 sec (of wall-clock time) 0.003029 sec (of CPU time)
Setting up auxiliary I and S matrices: done in 5.19753e-05 secs using 76.96% CPU
Constructing RapidNJ tree: done in 0.000133038 secs using 92.46% CPU
Computing RapidNJ tree took 0.000204 sec (of wall-clock time) 0.000173 sec (of CPU time)
Log-likelihood of RapidNJ tree: -8563.622
--------------------------------------------------------------------
|             INITIALIZING CANDIDATE TREE SET                      |
--------------------------------------------------------------------
Generating 98 parsimony trees... 0.118 second
Computing log-likelihood of 98 initial trees ... 0.133 seconds
Current best score: -8543.470

Do NNI search on 20 best initial trees
Estimate model parameters (epsilon = 0.100)
BETTER TREE FOUND at iteration 1: -8543.469
Iteration 10 / LogL: -8543.469 / Time: 0h:0m:20s
Iteration 20 / LogL: -8543.469 / Time: 0h:0m:20s
Finish initializing candidate tree set (19)
Current best tree score: -8543.469 / CPU time: 0.413
Number of iterations: 20
--------------------------------------------------------------------
|               OPTIMIZING CANDIDATE TREE SET                      |
--------------------------------------------------------------------
Iteration 30 / LogL: -8543.479 / Time: 0h:0m:20s (0h:0m:50s left)
Iteration 40 / LogL: -8543.490 / Time: 0h:0m:20s (0h:0m:32s left)
Iteration 50 / LogL: -8543.502 / Time: 0h:0m:20s (0h:0m:21s left)
Iteration 60 / LogL: -8543.488 / Time: 0h:0m:21s (0h:0m:14s left)
Iteration 70 / LogL: -8564.139 / Time: 0h:0m:21s (0h:0m:9s left)
Iteration 80 / LogL: -8543.497 / Time: 0h:0m:21s (0h:0m:5s left)
Iteration 90 / LogL: -8543.489 / Time: 0h:0m:21s (0h:0m:2s left)
Iteration 100 / LogL: -8543.473 / Time: 0h:0m:21s (0h:0m:0s left)
TREE SEARCH COMPLETED AFTER 102 ITERATIONS / Time: 0h:0m:21s

--------------------------------------------------------------------
|                    FINALIZING TREE SEARCH                        |
--------------------------------------------------------------------
Performs final model parameters optimization
Estimate model parameters (epsilon = 0.010)
1. Initial log-likelihood: -8543.469
Optimal log-likelihood: -8543.469
Rate parameters:  A-C: 1.00000  A-G: 1.00000  A-T: 1.00000  C-G: 1.00000  C-T: 1.00000  G-T: 1.00000
Base frequencies:  A: 0.250  C: 0.250  G: 0.250  T: 0.250
Parameters optimization took 1 rounds (0.001 sec)
BEST SCORE FOUND : -8543.469
Total tree length: 0.184

Total number of iterations: 102
CPU time used for tree search: 1.703 sec (0h:0m:1s)
Wall-clock time used for tree search: 1.730 sec (0h:0m:1s)
Total CPU time used: 20.099 sec (0h:0m:20s)
Total wall-clock time used: 21.727 sec (0h:0m:21s)

Analysis results written to: 
  IQ-TREE report:                exp_stable_0.0001/m1_sel1_rep5/iqtree_out.iqtree
  Maximum-likelihood tree:       exp_stable_0.0001/m1_sel1_rep5/iqtree_out.treefile
  Likelihood distances:          exp_stable_0.0001/m1_sel1_rep5/iqtree_out.mldist
  Screen log file:               exp_stable_0.0001/m1_sel1_rep5/iqtree_out.log

Date and Time: Mon May 18 16:12:43 2026
