IQ-TREE version 3.1.1 for MacOS ARM 64-bit built Apr  8 2026
Developed by Bui Quang Minh, Thomas Wong, Nhan Ly-Trong, Huaiyan Ren
Contributed by Lam-Tung Nguyen, Dominik Schrempf, Chris Bielow,
Olga Chernomor, Michael Woodhams, Diep Thi Hoang, Heiko Schmidt

Host:    Noutbuk-maria.local (SSE4.2, 16 GB RAM)
Command: iqtree -s exp_baseline/m20_sel0_rep1/combined.fasta -m JC -nt AUTO -pre exp_baseline/m20_sel0_rep1/iqtree_out -seed 2142 -redo
Seed:    2142 (Using SPRNG - Scalable Parallel Random Number Generator)
Time:    Tue May 12 14:37:08 2026
Kernel:  SSE2 - auto-detect threads (8 CPU cores detected)

Reading alignment file exp_baseline/m20_sel0_rep1/combined.fasta ... Fasta format detected
Reading fasta file: done in 0.000478029 secs using 90.79% CPU
NOTE: Change sequence name 'taxon 1' -> taxon_1
NOTE: Change sequence name 'taxon 2' -> taxon_2
NOTE: Change sequence name 'taxon 3' -> taxon_3
NOTE: Change sequence name 'taxon 4' -> taxon_4
NOTE: Change sequence name 'taxon 5' -> taxon_5
NOTE: Change sequence name 'taxon 6' -> taxon_6
NOTE: Change sequence name 'taxon 7' -> taxon_7
NOTE: Change sequence name 'taxon 8' -> taxon_8
NOTE: Change sequence name 'taxon 9' -> taxon_9
NOTE: Change sequence name 'taxon 10' -> taxon_10
NOTE: Change sequence name 'taxon 11' -> taxon_11
NOTE: Change sequence name 'taxon 12' -> taxon_12
NOTE: Change sequence name 'taxon 13' -> taxon_13
NOTE: Change sequence name 'taxon 14' -> taxon_14
NOTE: Change sequence name 'taxon 15' -> taxon_15
NOTE: Change sequence name 'taxon 16' -> taxon_16
NOTE: Change sequence name 'taxon 17' -> taxon_17
NOTE: Change sequence name 'taxon 18' -> taxon_18
NOTE: Change sequence name 'taxon 19' -> taxon_19
NOTE: Change sequence name 'taxon 20' -> taxon_20
NOTE: Change sequence name 'taxon 21' -> taxon_21
NOTE: Change sequence name 'taxon 22' -> taxon_22
NOTE: Change sequence name 'taxon 23' -> taxon_23
NOTE: Change sequence name 'taxon 24' -> taxon_24
NOTE: Change sequence name 'taxon 25' -> taxon_25
NOTE: Change sequence name 'taxon 26' -> taxon_26
NOTE: Change sequence name 'taxon 27' -> taxon_27
NOTE: Change sequence name 'taxon 28' -> taxon_28
NOTE: Change sequence name 'taxon 29' -> taxon_29
NOTE: Change sequence name 'taxon 30' -> taxon_30
Alignment most likely contains DNA/RNA sequences
Constructing alignment: done in 0.000957012 secs using 57.05% CPU
Alignment has 30 sequences with 2000 columns, 2000 distinct patterns
2000 parsimony-informative, 0 singleton sites, 0 constant sites
          Gap/Ambiguity  Composition  p-value
Analyzing sequences: done in 5.79357e-05 secs using 238.2% CPU
   1  taxon_1     0.00%    passed      7.09%
   2  taxon_2     0.00%    passed     40.16%
   3  taxon_3     0.00%    passed     95.05%
   4  taxon_4     0.00%    passed     42.88%
   5  taxon_5     0.00%    passed     67.00%
   6  taxon_6     0.00%    passed     75.00%
   7  taxon_7     0.00%    passed     59.33%
   8  taxon_8     0.00%    passed     81.61%
   9  taxon_9     0.00%    passed     32.90%
  10  taxon_10    0.00%    passed     97.04%
  11  taxon_11    0.00%    passed     86.97%
  12  taxon_12    0.00%    passed     43.54%
  13  taxon_13    0.00%    passed     75.17%
  14  taxon_14    0.00%    passed     40.16%
  15  taxon_15    0.00%    passed     90.86%
  16  taxon_16    0.00%    passed     61.06%
  17  taxon_17    0.00%    passed     62.79%
  18  taxon_18    0.00%    passed     20.06%
  19  taxon_19    0.00%    passed     76.56%
  20  taxon_20    0.00%    passed     29.37%
  21  taxon_21    0.00%    passed     61.23%
  22  taxon_22    0.00%    passed     99.16%
  23  taxon_23    0.00%    passed     69.44%
  24  taxon_24    0.00%    passed     79.32%
  25  taxon_25    0.00%    passed     87.81%
  26  taxon_26    0.00%    passed     66.99%
  27  taxon_27    0.00%    passed     98.55%
  28  taxon_28    0.00%    passed     83.46%
  29  taxon_29    0.00%    passed     57.22%
  30  taxon_30    0.00%    passed     31.27%
****  TOTAL       0.00%  0 sequences failed composition chi2 test (p-value<5%; df=3)
Checking for duplicate sequences: done in 0.00014019 secs using 87.74% CPU

Create initial parsimony tree by phylogenetic likelihood library (PLL)... 0.002 seconds

NOTE: 1 MB RAM (0 GB) is required!
Measuring multi-threading efficiency up to 8 CPU cores
Increase to 10 rounds for branch lengths
396 trees examined
Threads: 1 / Time: 8.005 sec / Speedup: 1.000 / Efficiency: 100% / LogL: -79435
Threads: 2 / Time: 8.729 sec / Speedup: 0.917 / Efficiency: 46% / LogL: -79435
Determining AUTO threadcount: done in 16.7339 secs using 108.1% CPU
BEST NUMBER OF THREADS: 1

Estimate model parameters (epsilon = 0.100)
1. Initial log-likelihood: -73974.044
Optimal log-likelihood: -73347.656
Rate parameters:  A-C: 1.00000  A-G: 1.00000  A-T: 1.00000  C-G: 1.00000  C-T: 1.00000  G-T: 1.00000
Base frequencies:  A: 0.250  C: 0.250  G: 0.250  T: 0.250
Parameters optimization took 1 rounds (0.018 sec)
Wrote distance file to... 
Computing ML distances based on estimated model parameters...
Calculating distance matrix: done in 0.001261 secs using 99.29% CPU
Computing ML distances took 0.001411 sec (of wall-clock time) 0.001388 sec (of CPU time)
WARNING: Some pairwise ML distances are too long (saturated)
Setting up auxiliary I and S matrices: done in 2.5034e-05 secs using 71.9% CPU
Constructing RapidNJ tree: done in 5.10216e-05 secs using 160.7% CPU
Computing RapidNJ tree took 0.000099 sec (of wall-clock time) 0.000119 sec (of CPU time)
Log-likelihood of RapidNJ tree: -73408.473
--------------------------------------------------------------------
|             INITIALIZING CANDIDATE TREE SET                      |
--------------------------------------------------------------------
Generating 98 parsimony trees... 0.335 second
Computing log-likelihood of 98 initial trees ... 0.268 seconds
Current best score: -73347.656

Do NNI search on 20 best initial trees
Estimate model parameters (epsilon = 0.100)
BETTER TREE FOUND at iteration 1: -73306.907
Iteration 10 / LogL: -73307.612 / Time: 0h:0m:18s
Iteration 20 / LogL: -73308.038 / Time: 0h:0m:18s
Finish initializing candidate tree set (3)
Current best tree score: -73306.907 / CPU time: 1.905
Number of iterations: 20
--------------------------------------------------------------------
|               OPTIMIZING CANDIDATE TREE SET                      |
--------------------------------------------------------------------
Estimate model parameters (epsilon = 0.100)
UPDATE BEST LOG-LIKELIHOOD: -73306.758
Iteration 30 / LogL: -73311.155 / Time: 0h:0m:19s (0h:0m:47s left)
Iteration 40 / LogL: -73307.574 / Time: 0h:0m:19s (0h:0m:31s left)
Iteration 50 / LogL: -73308.408 / Time: 0h:0m:20s (0h:0m:21s left)
Iteration 60 / LogL: -73308.149 / Time: 0h:0m:21s (0h:0m:14s left)
Iteration 70 / LogL: -73307.489 / Time: 0h:0m:21s (0h:0m:9s left)
Iteration 80 / LogL: -73310.763 / Time: 0h:0m:22s (0h:0m:5s left)
Iteration 90 / LogL: -73308.291 / Time: 0h:0m:23s (0h:0m:2s left)
Iteration 100 / LogL: -73309.049 / Time: 0h:0m:23s (0h:0m:0s left)
TREE SEARCH COMPLETED AFTER 102 ITERATIONS / Time: 0h:0m:23s

--------------------------------------------------------------------
|                    FINALIZING TREE SEARCH                        |
--------------------------------------------------------------------
Performs final model parameters optimization
Estimate model parameters (epsilon = 0.010)
1. Initial log-likelihood: -73306.758
Optimal log-likelihood: -73306.730
Rate parameters:  A-C: 1.00000  A-G: 1.00000  A-T: 1.00000  C-G: 1.00000  C-T: 1.00000  G-T: 1.00000
Base frequencies:  A: 0.250  C: 0.250  G: 0.250  T: 0.250
Parameters optimization took 1 rounds (0.005 sec)
BEST SCORE FOUND : -73306.730
Total tree length: 23.600

Total number of iterations: 102
CPU time used for tree search: 6.907 sec (0h:0m:6s)
Wall-clock time used for tree search: 6.938 sec (0h:0m:6s)
Total CPU time used: 25.091 sec (0h:0m:25s)
Total wall-clock time used: 23.768 sec (0h:0m:23s)

Analysis results written to: 
  IQ-TREE report:                exp_baseline/m20_sel0_rep1/iqtree_out.iqtree
  Maximum-likelihood tree:       exp_baseline/m20_sel0_rep1/iqtree_out.treefile
  Likelihood distances:          exp_baseline/m20_sel0_rep1/iqtree_out.mldist
  Screen log file:               exp_baseline/m20_sel0_rep1/iqtree_out.log

Date and Time: Tue May 12 14:37:32 2026
