IQ-TREE version 3.1.1 for MacOS ARM 64-bit built Apr  8 2026
Developed by Bui Quang Minh, Thomas Wong, Nhan Ly-Trong, Huaiyan Ren
Contributed by Lam-Tung Nguyen, Dominik Schrempf, Chris Bielow,
Olga Chernomor, Michael Woodhams, Diep Thi Hoang, Heiko Schmidt

Host:    Noutbuk-maria.local (SSE4.2, 16 GB RAM)
Command: iqtree -s exp_stable_0.0005/m0_sel2_rep1/neutral.fasta -m JC -nt AUTO -pre exp_stable_0.0005/m0_sel2_rep1/iqtree_out -seed 2142 -redo
Seed:    2142 (Using SPRNG - Scalable Parallel Random Number Generator)
Time:    Sat May 16 19:41:50 2026
Kernel:  SSE2 - auto-detect threads (8 CPU cores detected)

Reading alignment file exp_stable_0.0005/m0_sel2_rep1/neutral.fasta ... Fasta format detected
Reading fasta file: done in 0.00117588 secs using 89.81% CPU
Alignment most likely contains DNA/RNA sequences
Constructing alignment: done in 0.00152206 secs using 63.99% CPU
Alignment has 50 sequences with 3000 columns, 2520 distinct patterns
1812 parsimony-informative, 915 singleton sites, 273 constant sites
          Gap/Ambiguity  Composition  p-value
Analyzing sequences: done in 7.98702e-05 secs using 308% CPU
   1  taxon_1     0.00%    passed     92.69%
   2  taxon_2     0.00%    passed     96.76%
   3  taxon_3     0.00%    passed     75.67%
   4  taxon_4     0.00%    passed     93.00%
   5  taxon_5     0.00%    passed     80.41%
   6  taxon_6     0.00%    passed     85.01%
   7  taxon_7     0.00%    passed     84.93%
   8  taxon_8     0.00%    passed     71.90%
   9  taxon_9     0.00%    passed     38.01%
  10  taxon_10    0.00%    passed     98.17%
  11  taxon_11    0.00%    passed     98.30%
  12  taxon_12    0.00%    passed     95.46%
  13  taxon_13    0.00%    passed     99.83%
  14  taxon_14    0.00%    passed     93.41%
  15  taxon_15    0.00%    passed     70.92%
  16  taxon_16    0.00%    passed     98.67%
  17  taxon_17    0.00%    passed     98.08%
  18  taxon_18    0.00%    passed     99.71%
  19  taxon_19    0.00%    passed     97.77%
  20  taxon_20    0.00%    passed     98.57%
  21  taxon_21    0.00%    passed     99.36%
  22  taxon_22    0.00%    passed     94.34%
  23  taxon_23    0.00%    passed     92.02%
  24  taxon_24    0.00%    passed     93.39%
  25  taxon_25    0.00%    passed     86.14%
  26  taxon_26    0.00%    passed     95.96%
  27  taxon_27    0.00%    passed     83.60%
  28  taxon_28    0.00%    passed     85.64%
  29  taxon_29    0.00%    passed     99.33%
  30  taxon_30    0.00%    passed     86.51%
  31  taxon_31    0.00%    passed     92.66%
  32  taxon_32    0.00%    passed     90.82%
  33  taxon_33    0.00%    passed     99.63%
  34  taxon_34    0.00%    passed     98.93%
  35  taxon_35    0.00%    passed     96.66%
  36  taxon_36    0.00%    passed     97.18%
  37  taxon_37    0.00%    passed     98.77%
  38  taxon_38    0.00%    passed     92.04%
  39  taxon_39    0.00%    passed     85.15%
  40  taxon_40    0.00%    passed     89.98%
  41  taxon_41    0.00%    passed     96.82%
  42  taxon_42    0.00%    passed     82.86%
  43  taxon_43    0.00%    passed     78.56%
  44  taxon_44    0.00%    passed     76.41%
  45  taxon_45    0.00%    passed     94.03%
  46  taxon_46    0.00%    passed     88.47%
  47  taxon_47    0.00%    passed     91.15%
  48  taxon_48    0.00%    passed     96.03%
  49  taxon_49    0.00%    passed     94.11%
  50  taxon_50    0.00%    passed     98.73%
****  TOTAL       0.00%  0 sequences failed composition chi2 test (p-value<5%; df=3)
Checking for duplicate sequences: done in 0.000252008 secs using 94.44% CPU

Create initial parsimony tree by phylogenetic likelihood library (PLL)... 0.004 seconds

NOTE: 4 MB RAM (0 GB) is required!
Measuring multi-threading efficiency up to 8 CPU cores
Increase to 10 rounds for branch lengths
326 trees examined
Threads: 1 / Time: 8.003 sec / Speedup: 1.000 / Efficiency: 100% / LogL: -56864
Threads: 2 / Time: 7.453 sec / Speedup: 1.074 / Efficiency: 54% / LogL: -56864
Threads: 3 / Time: 6.959 sec / Speedup: 1.150 / Efficiency: 38% / LogL: -56864
Determining AUTO threadcount: done in 22.4159 secs using 123.8% CPU
BEST NUMBER OF THREADS: 2

Estimate model parameters (epsilon = 0.100)
1. Initial log-likelihood: -43466.725
Optimal log-likelihood: -43445.755
Rate parameters:  A-C: 1.00000  A-G: 1.00000  A-T: 1.00000  C-G: 1.00000  C-T: 1.00000  G-T: 1.00000
Base frequencies:  A: 0.250  C: 0.250  G: 0.250  T: 0.250
Parameters optimization took 1 rounds (0.010 sec)
Wrote distance file to... 
Computing ML distances based on estimated model parameters...
Calculating distance matrix: done in 0.00317502 secs using 174% CPU
Computing ML distances took 0.003405 sec (of wall-clock time) 0.005870 sec (of CPU time)
Setting up auxiliary I and S matrices: done in 4.1008e-05 secs using 136.6% CPU
Constructing RapidNJ tree: done in 0.000874043 secs using 89.7% CPU
Computing RapidNJ tree took 0.000937 sec (of wall-clock time) 0.000850 sec (of CPU time)
Log-likelihood of RapidNJ tree: -43527.628
--------------------------------------------------------------------
|             INITIALIZING CANDIDATE TREE SET                      |
--------------------------------------------------------------------
Generating 98 parsimony trees... 0.444 second
Computing log-likelihood of 98 initial trees ... 0.538 seconds
Current best score: -43445.755

Do NNI search on 20 best initial trees
Estimate model parameters (epsilon = 0.100)
BETTER TREE FOUND at iteration 1: -43445.755
Iteration 10 / LogL: -43445.784 / Time: 0h:0m:24s
Iteration 20 / LogL: -43445.755 / Time: 0h:0m:24s
Finish initializing candidate tree set (2)
Current best tree score: -43445.755 / CPU time: 2.315
Number of iterations: 20
--------------------------------------------------------------------
|               OPTIMIZING CANDIDATE TREE SET                      |
--------------------------------------------------------------------
Iteration 30 / LogL: -43445.755 / Time: 0h:0m:25s (0h:1m:2s left)
Iteration 40 / LogL: -43445.755 / Time: 0h:0m:26s (0h:0m:41s left)
Iteration 50 / LogL: -43445.755 / Time: 0h:0m:27s (0h:0m:28s left)
Iteration 60 / LogL: -43445.757 / Time: 0h:0m:28s (0h:0m:19s left)
Iteration 70 / LogL: -43445.755 / Time: 0h:0m:28s (0h:0m:12s left)
Iteration 80 / LogL: -43445.809 / Time: 0h:0m:29s (0h:0m:7s left)
UPDATE BEST LOG-LIKELIHOOD: -43445.755
Iteration 90 / LogL: -43445.755 / Time: 0h:0m:30s (0h:0m:3s left)
Iteration 100 / LogL: -43445.755 / Time: 0h:0m:31s (0h:0m:0s left)
TREE SEARCH COMPLETED AFTER 102 ITERATIONS / Time: 0h:0m:31s

--------------------------------------------------------------------
|                    FINALIZING TREE SEARCH                        |
--------------------------------------------------------------------
Performs final model parameters optimization
Estimate model parameters (epsilon = 0.010)
1. Initial log-likelihood: -43445.755
Optimal log-likelihood: -43445.755
Rate parameters:  A-C: 1.00000  A-G: 1.00000  A-T: 1.00000  C-G: 1.00000  C-T: 1.00000  G-T: 1.00000
Base frequencies:  A: 0.250  C: 0.250  G: 0.250  T: 0.250
Parameters optimization took 1 rounds (0.005 sec)
BEST SCORE FOUND : -43445.755
Total tree length: 2.484

Total number of iterations: 102
CPU time used for tree search: 10.529 sec (0h:0m:10s)
Wall-clock time used for tree search: 9.197 sec (0h:0m:9s)
Total CPU time used: 38.340 sec (0h:0m:38s)
Total wall-clock time used: 31.659 sec (0h:0m:31s)

Analysis results written to: 
  IQ-TREE report:                exp_stable_0.0005/m0_sel2_rep1/iqtree_out.iqtree
  Maximum-likelihood tree:       exp_stable_0.0005/m0_sel2_rep1/iqtree_out.treefile
  Likelihood distances:          exp_stable_0.0005/m0_sel2_rep1/iqtree_out.mldist
  Screen log file:               exp_stable_0.0005/m0_sel2_rep1/iqtree_out.log

Date and Time: Sat May 16 19:42:21 2026
