IQ-TREE version 3.1.1 for MacOS ARM 64-bit built Apr  8 2026
Developed by Bui Quang Minh, Thomas Wong, Nhan Ly-Trong, Huaiyan Ren
Contributed by Lam-Tung Nguyen, Dominik Schrempf, Chris Bielow,
Olga Chernomor, Michael Woodhams, Diep Thi Hoang, Heiko Schmidt

Host:    Noutbuk-maria.local (SSE4.2, 16 GB RAM)
Command: iqtree -s exp_stable_0.0005/m5_sel1_rep3/neutral.fasta -m JC -nt AUTO -pre exp_stable_0.0005/m5_sel1_rep3/iqtree_out -seed 1842 -redo
Seed:    1842 (Using SPRNG - Scalable Parallel Random Number Generator)
Time:    Sat May 16 20:58:54 2026
Kernel:  SSE2 - auto-detect threads (8 CPU cores detected)

Reading alignment file exp_stable_0.0005/m5_sel1_rep3/neutral.fasta ... Fasta format detected
Reading fasta file: done in 0.00118399 secs using 89.7% CPU
Alignment most likely contains DNA/RNA sequences
Constructing alignment: done in 0.00116396 secs using 60.83% CPU
Alignment has 50 sequences with 3000 columns, 489 distinct patterns
136 parsimony-informative, 552 singleton sites, 2312 constant sites
          Gap/Ambiguity  Composition  p-value
Analyzing sequences: done in 3.79086e-05 secs using 102.9% CPU
   1  taxon_1     0.00%    passed     99.32%
   2  taxon_2     0.00%    passed     99.75%
   3  taxon_3     0.00%    passed     99.92%
   4  taxon_4     0.00%    passed     99.95%
   5  taxon_5     0.00%    passed     99.98%
   6  taxon_6     0.00%    passed     99.19%
   7  taxon_7     0.00%    passed     99.81%
   8  taxon_8     0.00%    passed     99.72%
   9  taxon_9     0.00%    passed     99.36%
  10  taxon_10    0.00%    passed     98.26%
  11  taxon_11    0.00%    passed     99.82%
  12  taxon_12    0.00%    passed     98.26%
  13  taxon_13    0.00%    passed    100.00%
  14  taxon_14    0.00%    passed     99.79%
  15  taxon_15    0.00%    passed     99.99%
  16  taxon_16    0.00%    passed     99.41%
  17  taxon_17    0.00%    passed     99.88%
  18  taxon_18    0.00%    passed     99.85%
  19  taxon_19    0.00%    passed     99.74%
  20  taxon_20    0.00%    passed     99.74%
  21  taxon_21    0.00%    passed     99.55%
  22  taxon_22    0.00%    passed     99.68%
  23  taxon_23    0.00%    passed     99.89%
  24  taxon_24    0.00%    passed    100.00%
  25  taxon_25    0.00%    passed     99.39%
  26  taxon_26    0.00%    passed     99.94%
  27  taxon_27    0.00%    passed     99.80%
  28  taxon_28    0.00%    passed     99.87%
  29  taxon_29    0.00%    passed     99.91%
  30  taxon_30    0.00%    passed     99.38%
  31  taxon_31    0.00%    passed     99.76%
  32  taxon_32    0.00%    passed     99.48%
  33  taxon_33    0.00%    passed     99.97%
  34  taxon_34    0.00%    passed     99.38%
  35  taxon_35    0.00%    passed     99.86%
  36  taxon_36    0.00%    passed     99.63%
  37  taxon_37    0.00%    passed     99.83%
  38  taxon_38    0.00%    passed     99.88%
  39  taxon_39    0.00%    passed     99.75%
  40  taxon_40    0.00%    passed     99.75%
  41  taxon_41    0.00%    passed     99.81%
  42  taxon_42    0.00%    passed     99.93%
  43  taxon_43    0.00%    passed     99.58%
  44  taxon_44    0.00%    passed     99.62%
  45  taxon_45    0.00%    passed     99.34%
  46  taxon_46    0.00%    passed     99.00%
  47  taxon_47    0.00%    passed     99.87%
  48  taxon_48    0.00%    passed     96.36%
  49  taxon_49    0.00%    passed     99.98%
  50  taxon_50    0.00%    passed    100.00%
****  TOTAL       0.00%  0 sequences failed composition chi2 test (p-value<5%; df=3)
Checking for duplicate sequences: done in 8.01086e-05 secs using 77.39% CPU

Create initial parsimony tree by phylogenetic likelihood library (PLL)... 0.001 seconds

NOTE: 0 MB RAM (0 GB) is required!
Measuring multi-threading efficiency up to 8 CPU cores
Increase to 10 rounds for branch lengths
2379 trees examined
Threads: 1 / Time: 8.001 sec / Speedup: 1.000 / Efficiency: 100% / LogL: -12734
Threads: 2 / Time: 11.583 sec / Speedup: 0.691 / Efficiency: 35% / LogL: -12734
Determining AUTO threadcount: done in 19.5839 secs using 98.28% CPU
BEST NUMBER OF THREADS: 1

Estimate model parameters (epsilon = 0.100)
1. Initial log-likelihood: -9994.606
Optimal log-likelihood: -9992.731
Rate parameters:  A-C: 1.00000  A-G: 1.00000  A-T: 1.00000  C-G: 1.00000  C-T: 1.00000  G-T: 1.00000
Base frequencies:  A: 0.250  C: 0.250  G: 0.250  T: 0.250
Parameters optimization took 1 rounds (0.002 sec)
Wrote distance file to... 
Computing ML distances based on estimated model parameters...
Calculating distance matrix: done in 0.00229001 secs using 91.88% CPU
Computing ML distances took 0.002346 sec (of wall-clock time) 0.002152 sec (of CPU time)
Setting up auxiliary I and S matrices: done in 3.91006e-05 secs using 81.84% CPU
Constructing RapidNJ tree: done in 0.000105858 secs using 176.7% CPU
Computing RapidNJ tree took 0.000160 sec (of wall-clock time) 0.000234 sec (of CPU time)
Log-likelihood of RapidNJ tree: -10044.778
--------------------------------------------------------------------
|             INITIALIZING CANDIDATE TREE SET                      |
--------------------------------------------------------------------
Generating 98 parsimony trees... 0.115 second
Computing log-likelihood of 98 initial trees ... 0.099 seconds
Current best score: -9991.748

Do NNI search on 20 best initial trees
Estimate model parameters (epsilon = 0.100)
BETTER TREE FOUND at iteration 1: -9991.748
Iteration 10 / LogL: -9991.748 / Time: 0h:0m:19s
Iteration 20 / LogL: -9991.749 / Time: 0h:0m:19s
Finish initializing candidate tree set (19)
Current best tree score: -9991.748 / CPU time: 0.303
Number of iterations: 20
--------------------------------------------------------------------
|               OPTIMIZING CANDIDATE TREE SET                      |
--------------------------------------------------------------------
Iteration 30 / LogL: -10161.511 / Time: 0h:0m:20s (0h:0m:49s left)
Iteration 40 / LogL: -10071.398 / Time: 0h:0m:20s (0h:0m:31s left)
Iteration 50 / LogL: -9991.767 / Time: 0h:0m:20s (0h:0m:21s left)
Iteration 60 / LogL: -9992.762 / Time: 0h:0m:20s (0h:0m:14s left)
Iteration 70 / LogL: -9991.764 / Time: 0h:0m:20s (0h:0m:9s left)
Iteration 80 / LogL: -9991.786 / Time: 0h:0m:20s (0h:0m:5s left)
Iteration 90 / LogL: -10222.091 / Time: 0h:0m:21s (0h:0m:2s left)
Iteration 100 / LogL: -9991.771 / Time: 0h:0m:21s (0h:0m:0s left)
TREE SEARCH COMPLETED AFTER 102 ITERATIONS / Time: 0h:0m:21s

--------------------------------------------------------------------
|                    FINALIZING TREE SEARCH                        |
--------------------------------------------------------------------
Performs final model parameters optimization
Estimate model parameters (epsilon = 0.010)
1. Initial log-likelihood: -9991.748
Optimal log-likelihood: -9991.748
Rate parameters:  A-C: 1.00000  A-G: 1.00000  A-T: 1.00000  C-G: 1.00000  C-T: 1.00000  G-T: 1.00000
Base frequencies:  A: 0.250  C: 0.250  G: 0.250  T: 0.250
Parameters optimization took 1 rounds (0.001 sec)
BEST SCORE FOUND : -9991.748
Total tree length: 0.259

Total number of iterations: 102
CPU time used for tree search: 1.631 sec (0h:0m:1s)
Wall-clock time used for tree search: 1.634 sec (0h:0m:1s)
Total CPU time used: 20.894 sec (0h:0m:20s)
Total wall-clock time used: 21.239 sec (0h:0m:21s)

Analysis results written to: 
  IQ-TREE report:                exp_stable_0.0005/m5_sel1_rep3/iqtree_out.iqtree
  Maximum-likelihood tree:       exp_stable_0.0005/m5_sel1_rep3/iqtree_out.treefile
  Likelihood distances:          exp_stable_0.0005/m5_sel1_rep3/iqtree_out.mldist
  Screen log file:               exp_stable_0.0005/m5_sel1_rep3/iqtree_out.log

Date and Time: Sat May 16 20:59:15 2026
