IQ-TREE version 3.1.1 for MacOS ARM 64-bit built Apr  8 2026
Developed by Bui Quang Minh, Thomas Wong, Nhan Ly-Trong, Huaiyan Ren
Contributed by Lam-Tung Nguyen, Dominik Schrempf, Chris Bielow,
Olga Chernomor, Michael Woodhams, Diep Thi Hoang, Heiko Schmidt

Host:    Noutbuk-maria.local (SSE4.2, 16 GB RAM)
Command: iqtree -s exp_stable_0.0001/m1_sel1_rep2/neutral.fasta -m JC -nt AUTO -pre exp_stable_0.0001/m1_sel1_rep2/iqtree_out -seed 1342 -redo
Seed:    1342 (Using SPRNG - Scalable Parallel Random Number Generator)
Time:    Fri May 15 15:30:35 2026
Kernel:  SSE2 - auto-detect threads (8 CPU cores detected)

Reading alignment file exp_stable_0.0001/m1_sel1_rep2/neutral.fasta ... Fasta format detected
Reading fasta file: done in 0.00117016 secs using 89.9% CPU
Alignment most likely contains DNA/RNA sequences
Constructing alignment: done in 0.00112009 secs using 60.8% CPU
Alignment has 50 sequences with 3000 columns, 368 distinct patterns
109 parsimony-informative, 347 singleton sites, 2544 constant sites
          Gap/Ambiguity  Composition  p-value
Analyzing sequences: done in 3.71933e-05 secs using 91.41% CPU
   1  taxon_1     0.00%    passed     99.81%
   2  taxon_2     0.00%    passed     98.21%
   3  taxon_3     0.00%    passed     99.46%
   4  taxon_4     0.00%    passed     99.99%
   5  taxon_5     0.00%    passed     99.56%
   6  taxon_6     0.00%    passed     99.95%
   7  taxon_7     0.00%    passed     99.88%
   8  taxon_8     0.00%    passed     99.97%
   9  taxon_9     0.00%    passed     99.83%
  10  taxon_10    0.00%    passed     99.99%
  11  taxon_11    0.00%    passed     98.67%
  12  taxon_12    0.00%    passed     99.98%
  13  taxon_13    0.00%    passed     99.73%
  14  taxon_14    0.00%    passed     99.64%
  15  taxon_15    0.00%    passed     99.95%
  16  taxon_16    0.00%    passed     99.90%
  17  taxon_17    0.00%    passed     99.88%
  18  taxon_18    0.00%    passed    100.00%
  19  taxon_19    0.00%    passed     99.88%
  20  taxon_20    0.00%    passed     99.80%
  21  taxon_21    0.00%    passed     99.98%
  22  taxon_22    0.00%    passed     99.99%
  23  taxon_23    0.00%    passed     99.94%
  24  taxon_24    0.00%    passed     99.99%
  25  taxon_25    0.00%    passed     99.80%
  26  taxon_26    0.00%    passed     99.63%
  27  taxon_27    0.00%    passed     99.99%
  28  taxon_28    0.00%    passed     99.97%
  29  taxon_29    0.00%    passed     99.25%
  30  taxon_30    0.00%    passed     99.94%
  31  taxon_31    0.00%    passed     99.46%
  32  taxon_32    0.00%    passed     99.76%
  33  taxon_33    0.00%    passed     99.93%
  34  taxon_34    0.00%    passed     99.84%
  35  taxon_35    0.00%    passed    100.00%
  36  taxon_36    0.00%    passed     99.92%
  37  taxon_37    0.00%    passed     99.92%
  38  taxon_38    0.00%    passed     99.91%
  39  taxon_39    0.00%    passed     99.48%
  40  taxon_40    0.00%    passed     99.80%
  41  taxon_41    0.00%    passed     99.71%
  42  taxon_42    0.00%    passed     99.61%
  43  taxon_43    0.00%    passed     99.95%
  44  taxon_44    0.00%    passed     99.86%
  45  taxon_45    0.00%    passed     99.67%
  46  taxon_46    0.00%    passed     99.93%
  47  taxon_47    0.00%    passed     99.96%
  48  taxon_48    0.00%    passed     99.90%
  49  taxon_49    0.00%    passed     99.97%
  50  taxon_50    0.00%    passed     99.93%
****  TOTAL       0.00%  0 sequences failed composition chi2 test (p-value<5%; df=3)
Checking for duplicate sequences: done in 7.51019e-05 secs using 75.9% CPU

Create initial parsimony tree by phylogenetic likelihood library (PLL)... 0.001 seconds

NOTE: 0 MB RAM (0 GB) is required!
Measuring multi-threading efficiency up to 8 CPU cores
Increase to 10 rounds for branch lengths
2635 trees examined
Threads: 1 / Time: 8.001 sec / Speedup: 1.000 / Efficiency: 100% / LogL: -9916
Threads: 2 / Time: 13.232 sec / Speedup: 0.605 / Efficiency: 30% / LogL: -9916
Determining AUTO threadcount: done in 21.2328 secs using 92.96% CPU
BEST NUMBER OF THREADS: 1

Estimate model parameters (epsilon = 0.100)
1. Initial log-likelihood: -8204.760
Optimal log-likelihood: -8203.827
Rate parameters:  A-C: 1.00000  A-G: 1.00000  A-T: 1.00000  C-G: 1.00000  C-T: 1.00000  G-T: 1.00000
Base frequencies:  A: 0.250  C: 0.250  G: 0.250  T: 0.250
Parameters optimization took 1 rounds (0.005 sec)
Wrote distance file to... 
Computing ML distances based on estimated model parameters...
Calculating distance matrix: done in 0.00520515 secs using 95.23% CPU
Computing ML distances took 0.005339 sec (of wall-clock time) 0.005055 sec (of CPU time)
Setting up auxiliary I and S matrices: done in 8.70228e-05 secs using 178.1% CPU
Constructing RapidNJ tree: done in 0.000212193 secs using 181% CPU
Computing RapidNJ tree took 0.000345 sec (of wall-clock time) 0.000570 sec (of CPU time)
Log-likelihood of RapidNJ tree: -8218.862
--------------------------------------------------------------------
|             INITIALIZING CANDIDATE TREE SET                      |
--------------------------------------------------------------------
Generating 98 parsimony trees... 0.226 second
Computing log-likelihood of 98 initial trees ... 0.159 seconds
Current best score: -8203.824

Do NNI search on 20 best initial trees
Estimate model parameters (epsilon = 0.100)
BETTER TREE FOUND at iteration 1: -8203.824
Iteration 10 / LogL: -8203.824 / Time: 0h:0m:21s
Iteration 20 / LogL: -8203.824 / Time: 0h:0m:21s
Finish initializing candidate tree set (14)
Current best tree score: -8203.824 / CPU time: 0.507
Number of iterations: 20
--------------------------------------------------------------------
|               OPTIMIZING CANDIDATE TREE SET                      |
--------------------------------------------------------------------
Iteration 30 / LogL: -8203.852 / Time: 0h:0m:21s (0h:0m:53s left)
Iteration 40 / LogL: -8203.844 / Time: 0h:0m:22s (0h:0m:34s left)
Iteration 50 / LogL: -8203.836 / Time: 0h:0m:22s (0h:0m:23s left)
UPDATE BEST LOG-LIKELIHOOD: -8203.824
Iteration 60 / LogL: -8203.824 / Time: 0h:0m:22s (0h:0m:15s left)
BETTER TREE FOUND at iteration 66: -8203.824
Iteration 70 / LogL: -8203.832 / Time: 0h:0m:22s (0h:0m:31s left)
Iteration 80 / LogL: -8203.856 / Time: 0h:0m:22s (0h:0m:24s left)
Iteration 90 / LogL: -8203.843 / Time: 0h:0m:22s (0h:0m:19s left)
Iteration 100 / LogL: -8203.858 / Time: 0h:0m:23s (0h:0m:15s left)
Iteration 110 / LogL: -8203.837 / Time: 0h:0m:23s (0h:0m:11s left)
Iteration 120 / LogL: -8203.859 / Time: 0h:0m:23s (0h:0m:9s left)
Iteration 130 / LogL: -8203.858 / Time: 0h:0m:23s (0h:0m:6s left)
Iteration 140 / LogL: -8203.849 / Time: 0h:0m:23s (0h:0m:4s left)
Iteration 150 / LogL: -8203.853 / Time: 0h:0m:23s (0h:0m:2s left)
Iteration 160 / LogL: -8203.852 / Time: 0h:0m:24s (0h:0m:0s left)
TREE SEARCH COMPLETED AFTER 167 ITERATIONS / Time: 0h:0m:24s

--------------------------------------------------------------------
|                    FINALIZING TREE SEARCH                        |
--------------------------------------------------------------------
Performs final model parameters optimization
Estimate model parameters (epsilon = 0.010)
1. Initial log-likelihood: -8203.824
Optimal log-likelihood: -8203.824
Rate parameters:  A-C: 1.00000  A-G: 1.00000  A-T: 1.00000  C-G: 1.00000  C-T: 1.00000  G-T: 1.00000
Base frequencies:  A: 0.250  C: 0.250  G: 0.250  T: 0.250
Parameters optimization took 1 rounds (0.001 sec)
BEST SCORE FOUND : -8203.824
Total tree length: 0.168

Total number of iterations: 167
CPU time used for tree search: 2.919 sec (0h:0m:2s)
Wall-clock time used for tree search: 2.992 sec (0h:0m:2s)
Total CPU time used: 22.679 sec (0h:0m:22s)
Total wall-clock time used: 24.251 sec (0h:0m:24s)

Analysis results written to: 
  IQ-TREE report:                exp_stable_0.0001/m1_sel1_rep2/iqtree_out.iqtree
  Maximum-likelihood tree:       exp_stable_0.0001/m1_sel1_rep2/iqtree_out.treefile
  Likelihood distances:          exp_stable_0.0001/m1_sel1_rep2/iqtree_out.mldist
  Screen log file:               exp_stable_0.0001/m1_sel1_rep2/iqtree_out.log

Date and Time: Fri May 15 15:30:59 2026
