IQ-TREE version 3.1.1 for MacOS ARM 64-bit built Apr  8 2026
Developed by Bui Quang Minh, Thomas Wong, Nhan Ly-Trong, Huaiyan Ren
Contributed by Lam-Tung Nguyen, Dominik Schrempf, Chris Bielow,
Olga Chernomor, Michael Woodhams, Diep Thi Hoang, Heiko Schmidt

Host:    Noutbuk-maria.local (SSE4.2, 16 GB RAM)
Command: iqtree -s exp_stable_0.0005/m1_sel2_rep1/neutral.fasta -m JC -nt AUTO -pre exp_stable_0.0005/m1_sel2_rep1/iqtree_out -seed 2242 -redo
Seed:    2242 (Using SPRNG - Scalable Parallel Random Number Generator)
Time:    Sat May 16 20:27:14 2026
Kernel:  SSE2 - auto-detect threads (8 CPU cores detected)

Reading alignment file exp_stable_0.0005/m1_sel2_rep1/neutral.fasta ... Fasta format detected
Reading fasta file: done in 0.00118399 secs using 89.87% CPU
Alignment most likely contains DNA/RNA sequences
Constructing alignment: done in 0.00130701 secs using 58.91% CPU
Alignment has 50 sequences with 3000 columns, 792 distinct patterns
395 parsimony-informative, 783 singleton sites, 1821 constant sites
          Gap/Ambiguity  Composition  p-value
Analyzing sequences: done in 4.48227e-05 secs using 147.2% CPU
   1  taxon_1     0.00%    passed     98.72%
   2  taxon_2     0.00%    passed     99.28%
   3  taxon_3     0.00%    passed     99.19%
   4  taxon_4     0.00%    passed     99.56%
   5  taxon_5     0.00%    passed     99.81%
   6  taxon_6     0.00%    passed     99.36%
   7  taxon_7     0.00%    passed     98.85%
   8  taxon_8     0.00%    passed     99.52%
   9  taxon_9     0.00%    passed     99.75%
  10  taxon_10    0.00%    passed     99.77%
  11  taxon_11    0.00%    passed     99.55%
  12  taxon_12    0.00%    passed     99.25%
  13  taxon_13    0.00%    passed     99.91%
  14  taxon_14    0.00%    passed     99.98%
  15  taxon_15    0.00%    passed     97.32%
  16  taxon_16    0.00%    passed     99.65%
  17  taxon_17    0.00%    passed     99.93%
  18  taxon_18    0.00%    passed     99.56%
  19  taxon_19    0.00%    passed     99.02%
  20  taxon_20    0.00%    passed     99.64%
  21  taxon_21    0.00%    passed     99.02%
  22  taxon_22    0.00%    passed     99.65%
  23  taxon_23    0.00%    passed     98.90%
  24  taxon_24    0.00%    passed     97.99%
  25  taxon_25    0.00%    passed     99.99%
  26  taxon_26    0.00%    passed     98.78%
  27  taxon_27    0.00%    passed     98.90%
  28  taxon_28    0.00%    passed     99.80%
  29  taxon_29    0.00%    passed     99.07%
  30  taxon_30    0.00%    passed     99.46%
  31  taxon_31    0.00%    passed     99.36%
  32  taxon_32    0.00%    passed     99.93%
  33  taxon_33    0.00%    passed     99.75%
  34  taxon_34    0.00%    passed     99.77%
  35  taxon_35    0.00%    passed     99.88%
  36  taxon_36    0.00%    passed     97.59%
  37  taxon_37    0.00%    passed     95.51%
  38  taxon_38    0.00%    passed     99.52%
  39  taxon_39    0.00%    passed     99.15%
  40  taxon_40    0.00%    passed     99.24%
  41  taxon_41    0.00%    passed     95.06%
  42  taxon_42    0.00%    passed     99.26%
  43  taxon_43    0.00%    passed     99.62%
  44  taxon_44    0.00%    passed     97.43%
  45  taxon_45    0.00%    passed     99.19%
  46  taxon_46    0.00%    passed     99.60%
  47  taxon_47    0.00%    passed     95.72%
  48  taxon_48    0.00%    passed     97.56%
  49  taxon_49    0.00%    passed     98.98%
  50  taxon_50    0.00%    passed     98.00%
****  TOTAL       0.00%  0 sequences failed composition chi2 test (p-value<5%; df=3)
Checking for duplicate sequences: done in 0.000104904 secs using 85.79% CPU

Create initial parsimony tree by phylogenetic likelihood library (PLL)... 0.002 seconds

NOTE: 1 MB RAM (0 GB) is required!
Measuring multi-threading efficiency up to 8 CPU cores
Increase to 10 rounds for branch lengths
912 trees examined
Threads: 1 / Time: 8.005 sec / Speedup: 1.000 / Efficiency: 100% / LogL: -22472
Threads: 2 / Time: 10.359 sec / Speedup: 0.773 / Efficiency: 39% / LogL: -22472
Determining AUTO threadcount: done in 18.3647 secs using 103.2% CPU
BEST NUMBER OF THREADS: 1

Estimate model parameters (epsilon = 0.100)
1. Initial log-likelihood: -14382.382
Optimal log-likelihood: -14382.107
Rate parameters:  A-C: 1.00000  A-G: 1.00000  A-T: 1.00000  C-G: 1.00000  C-T: 1.00000  G-T: 1.00000
Base frequencies:  A: 0.250  C: 0.250  G: 0.250  T: 0.250
Parameters optimization took 1 rounds (0.003 sec)
Wrote distance file to... 
Computing ML distances based on estimated model parameters...
Calculating distance matrix: done in 0.00304699 secs using 84.67% CPU
Computing ML distances took 0.003137 sec (of wall-clock time) 0.002660 sec (of CPU time)
Setting up auxiliary I and S matrices: done in 4.79221e-05 secs using 77.21% CPU
Constructing RapidNJ tree: done in 9.799e-05 secs using 171.4% CPU
Computing RapidNJ tree took 0.000169 sec (of wall-clock time) 0.000235 sec (of CPU time)
Log-likelihood of RapidNJ tree: -14396.855
--------------------------------------------------------------------
|             INITIALIZING CANDIDATE TREE SET                      |
--------------------------------------------------------------------
Generating 98 parsimony trees... 0.153 second
Computing log-likelihood of 98 initial trees ... 0.151 seconds
Current best score: -14381.478

Do NNI search on 20 best initial trees
Estimate model parameters (epsilon = 0.100)
BETTER TREE FOUND at iteration 1: -14381.478
BETTER TREE FOUND at iteration 2: -14381.478
Iteration 10 / LogL: -14381.478 / Time: 0h:0m:18s
UPDATE BEST LOG-LIKELIHOOD: -14381.478
Iteration 20 / LogL: -14381.478 / Time: 0h:0m:18s
Finish initializing candidate tree set (5)
Current best tree score: -14381.478 / CPU time: 0.452
Number of iterations: 20
--------------------------------------------------------------------
|               OPTIMIZING CANDIDATE TREE SET                      |
--------------------------------------------------------------------
Iteration 30 / LogL: -14381.496 / Time: 0h:0m:19s (0h:0m:47s left)
Iteration 40 / LogL: -14381.494 / Time: 0h:0m:19s (0h:0m:30s left)
Iteration 50 / LogL: -14381.492 / Time: 0h:0m:19s (0h:0m:20s left)
Iteration 60 / LogL: -14381.486 / Time: 0h:0m:19s (0h:0m:14s left)
Iteration 70 / LogL: -14381.486 / Time: 0h:0m:20s (0h:0m:9s left)
Iteration 80 / LogL: -14381.481 / Time: 0h:0m:20s (0h:0m:5s left)
Iteration 90 / LogL: -14381.485 / Time: 0h:0m:20s (0h:0m:2s left)
Iteration 100 / LogL: -14381.488 / Time: 0h:0m:20s (0h:0m:0s left)
TREE SEARCH COMPLETED AFTER 103 ITERATIONS / Time: 0h:0m:21s

--------------------------------------------------------------------
|                    FINALIZING TREE SEARCH                        |
--------------------------------------------------------------------
Performs final model parameters optimization
Estimate model parameters (epsilon = 0.010)
1. Initial log-likelihood: -14381.478
Optimal log-likelihood: -14381.478
Rate parameters:  A-C: 1.00000  A-G: 1.00000  A-T: 1.00000  C-G: 1.00000  C-T: 1.00000  G-T: 1.00000
Base frequencies:  A: 0.250  C: 0.250  G: 0.250  T: 0.250
Parameters optimization took 1 rounds (0.002 sec)
BEST SCORE FOUND : -14381.478
Total tree length: 0.488

Total number of iterations: 103
CPU time used for tree search: 2.647 sec (0h:0m:2s)
Wall-clock time used for tree search: 2.672 sec (0h:0m:2s)
Total CPU time used: 21.625 sec (0h:0m:21s)
Total wall-clock time used: 21.059 sec (0h:0m:21s)

Analysis results written to: 
  IQ-TREE report:                exp_stable_0.0005/m1_sel2_rep1/iqtree_out.iqtree
  Maximum-likelihood tree:       exp_stable_0.0005/m1_sel2_rep1/iqtree_out.treefile
  Likelihood distances:          exp_stable_0.0005/m1_sel2_rep1/iqtree_out.mldist
  Screen log file:               exp_stable_0.0005/m1_sel2_rep1/iqtree_out.log

Date and Time: Sat May 16 20:27:35 2026
