IQ-TREE version 3.1.1 for MacOS ARM 64-bit built Apr  8 2026
Developed by Bui Quang Minh, Thomas Wong, Nhan Ly-Trong, Huaiyan Ren
Contributed by Lam-Tung Nguyen, Dominik Schrempf, Chris Bielow,
Olga Chernomor, Michael Woodhams, Diep Thi Hoang, Heiko Schmidt

Host:    Noutbuk-maria.local (SSE4.2, 16 GB RAM)
Command: iqtree -s exp_baseline/m100_sel1000_rep1/combined.fasta -m JC -nt AUTO -pre exp_baseline/m100_sel1000_rep1/iqtree_out -seed 1010142 -redo
Seed:    1010142 (Using SPRNG - Scalable Parallel Random Number Generator)
Time:    Tue May 12 15:11:22 2026
Kernel:  SSE2 - auto-detect threads (8 CPU cores detected)

Reading alignment file exp_baseline/m100_sel1000_rep1/combined.fasta ... Fasta format detected
Reading fasta file: done in 0.000717878 secs using 91.24% CPU
Alignment most likely contains DNA/RNA sequences
Constructing alignment: done in 0.00130892 secs using 55.01% CPU
Alignment has 30 sequences with 3000 columns, 2016 distinct patterns
2989 parsimony-informative, 0 singleton sites, 11 constant sites
          Gap/Ambiguity  Composition  p-value
Analyzing sequences: done in 4.72069e-05 secs using 275.4% CPU
   1  taxon_1     0.00%    passed     71.08%
   2  taxon_2     0.00%    passed     93.18%
   3  taxon_3     0.00%    passed     75.21%
   4  taxon_4     0.00%    passed     62.63%
   5  taxon_5     0.00%    passed     65.99%
   6  taxon_6     0.00%    passed     46.24%
   7  taxon_7     0.00%    passed     49.89%
   8  taxon_8     0.00%    passed     89.14%
   9  taxon_9     0.00%    passed     51.19%
  10  taxon_10    0.00%    passed     58.61%
  11  taxon_11    0.00%    passed     52.72%
  12  taxon_12    0.00%    passed     75.49%
  13  taxon_13    0.00%    passed     11.05%
  14  taxon_14    0.00%    passed     24.66%
  15  taxon_15    0.00%    passed     99.83%
  16  taxon_16    0.00%    passed     72.70%
  17  taxon_17    0.00%    passed     46.12%
  18  taxon_18    0.00%    passed     15.61%
  19  taxon_19    0.00%    passed     55.94%
  20  taxon_20    0.00%    passed     40.08%
  21  taxon_21    0.00%    passed     74.99%
  22  taxon_22    0.00%    passed     60.36%
  23  taxon_23    0.00%    passed     74.15%
  24  taxon_24    0.00%    passed     83.52%
  25  taxon_25    0.00%    passed     19.84%
  26  taxon_26    0.00%    passed     75.34%
  27  taxon_27    0.00%    passed     22.82%
  28  taxon_28    0.00%    passed     19.14%
  29  taxon_29    0.00%    passed     42.04%
  30  taxon_30    0.00%    passed     56.06%
****  TOTAL       0.00%  0 sequences failed composition chi2 test (p-value<5%; df=3)
Checking for duplicate sequences: done in 0.00013113 secs using 88.46% CPU

Create initial parsimony tree by phylogenetic likelihood library (PLL)... 0.003 seconds

NOTE: 1 MB RAM (0 GB) is required!
Measuring multi-threading efficiency up to 8 CPU cores
Increase to 10 rounds for branch lengths
423 trees examined
Threads: 1 / Time: 8.011 sec / Speedup: 1.000 / Efficiency: 100% / LogL: -111060
Threads: 2 / Time: 8.352 sec / Speedup: 0.959 / Efficiency: 48% / LogL: -111060
Determining AUTO threadcount: done in 16.3634 secs using 108.6% CPU
BEST NUMBER OF THREADS: 1

Estimate model parameters (epsilon = 0.100)
1. Initial log-likelihood: -96139.620
Optimal log-likelihood: -95602.724
Rate parameters:  A-C: 1.00000  A-G: 1.00000  A-T: 1.00000  C-G: 1.00000  C-T: 1.00000  G-T: 1.00000
Base frequencies:  A: 0.250  C: 0.250  G: 0.250  T: 0.250
Parameters optimization took 1 rounds (0.010 sec)
Wrote distance file to... 
Computing ML distances based on estimated model parameters...
Calculating distance matrix: done in 0.00133395 secs using 99.4% CPU
Computing ML distances took 0.001485 sec (of wall-clock time) 0.001460 sec (of CPU time)
WARNING: Some pairwise ML distances are too long (saturated)
Setting up auxiliary I and S matrices: done in 2.19345e-05 secs using 72.94% CPU
Constructing RapidNJ tree: done in 4.81606e-05 secs using 155.7% CPU
Computing RapidNJ tree took 0.000090 sec (of wall-clock time) 0.000103 sec (of CPU time)
Log-likelihood of RapidNJ tree: -96476.012
--------------------------------------------------------------------
|             INITIALIZING CANDIDATE TREE SET                      |
--------------------------------------------------------------------
Generating 98 parsimony trees... 0.321 second
Computing log-likelihood of 98 initial trees ... 0.234 seconds
Current best score: -94848.857

Do NNI search on 20 best initial trees
Estimate model parameters (epsilon = 0.100)
BETTER TREE FOUND at iteration 1: -94769.452
Estimate model parameters (epsilon = 0.100)
BETTER TREE FOUND at iteration 2: -94768.585
Iteration 10 / LogL: -94770.679 / Time: 0h:0m:17s
Estimate model parameters (epsilon = 0.100)
BETTER TREE FOUND at iteration 19: -94766.511
Iteration 20 / LogL: -94768.992 / Time: 0h:0m:17s
Finish initializing candidate tree set (9)
Current best tree score: -94766.511 / CPU time: 1.139
Number of iterations: 20
--------------------------------------------------------------------
|               OPTIMIZING CANDIDATE TREE SET                      |
--------------------------------------------------------------------
Iteration 30 / LogL: -95067.540 / Time: 0h:0m:18s (0h:0m:55s left)
Iteration 40 / LogL: -94769.413 / Time: 0h:0m:18s (0h:0m:37s left)
Iteration 50 / LogL: -95191.848 / Time: 0h:0m:18s (0h:0m:26s left)
Iteration 60 / LogL: -95536.436 / Time: 0h:0m:19s (0h:0m:19s left)
Iteration 70 / LogL: -94776.125 / Time: 0h:0m:19s (0h:0m:13s left)
Estimate model parameters (epsilon = 0.100)
UPDATE BEST LOG-LIKELIHOOD: -94766.239
Iteration 80 / LogL: -95839.944 / Time: 0h:0m:20s (0h:0m:9s left)
Iteration 90 / LogL: -94766.270 / Time: 0h:0m:20s (0h:0m:6s left)
Iteration 100 / LogL: -94824.712 / Time: 0h:0m:20s (0h:0m:4s left)
Iteration 110 / LogL: -94766.570 / Time: 0h:0m:21s (0h:0m:1s left)
Iteration 120 / LogL: -94769.741 / Time: 0h:0m:21s (0h:0m:-1s left)
TREE SEARCH COMPLETED AFTER 120 ITERATIONS / Time: 0h:0m:21s

--------------------------------------------------------------------
|                    FINALIZING TREE SEARCH                        |
--------------------------------------------------------------------
Performs final model parameters optimization
Estimate model parameters (epsilon = 0.010)
1. Initial log-likelihood: -94766.239
Optimal log-likelihood: -94766.238
Rate parameters:  A-C: 1.00000  A-G: 1.00000  A-T: 1.00000  C-G: 1.00000  C-T: 1.00000  G-T: 1.00000
Base frequencies:  A: 0.250  C: 0.250  G: 0.250  T: 0.250
Parameters optimization took 1 rounds (0.003 sec)
BEST SCORE FOUND : -94766.238
Total tree length: 12.549

Total number of iterations: 120
CPU time used for tree search: 5.335 sec (0h:0m:5s)
Wall-clock time used for tree search: 5.351 sec (0h:0m:5s)
Total CPU time used: 23.193 sec (0h:0m:23s)
Total wall-clock time used: 21.800 sec (0h:0m:21s)

Analysis results written to: 
  IQ-TREE report:                exp_baseline/m100_sel1000_rep1/iqtree_out.iqtree
  Maximum-likelihood tree:       exp_baseline/m100_sel1000_rep1/iqtree_out.treefile
  Likelihood distances:          exp_baseline/m100_sel1000_rep1/iqtree_out.mldist
  Screen log file:               exp_baseline/m100_sel1000_rep1/iqtree_out.log

Date and Time: Tue May 12 15:11:44 2026
