IQ-TREE version 3.1.1 for MacOS ARM 64-bit built Apr  8 2026
Developed by Bui Quang Minh, Thomas Wong, Nhan Ly-Trong, Huaiyan Ren
Contributed by Lam-Tung Nguyen, Dominik Schrempf, Chris Bielow,
Olga Chernomor, Michael Woodhams, Diep Thi Hoang, Heiko Schmidt

Host:    Noutbuk-maria.local (SSE4.2, 16 GB RAM)
Command: iqtree -s exp_stable_0.0001/m5_sel1_rep4/neutral.fasta -m JC -nt AUTO -pre exp_stable_0.0001/m5_sel1_rep4/iqtree_out -seed 1942 -redo
Seed:    1942 (Using SPRNG - Scalable Parallel Random Number Generator)
Time:    Mon May 18 16:54:12 2026
Kernel:  SSE2 - auto-detect threads (8 CPU cores detected)

Reading alignment file exp_stable_0.0001/m5_sel1_rep4/neutral.fasta ... Fasta format detected
Reading fasta file: done in 0.00125813 secs using 89.42% CPU
Alignment most likely contains DNA/RNA sequences
Constructing alignment: done in 0.00122404 secs using 57.35% CPU
Alignment has 50 sequences with 3000 columns, 136 distinct patterns
28 parsimony-informative, 117 singleton sites, 2855 constant sites
          Gap/Ambiguity  Composition  p-value
Analyzing sequences: done in 3.19481e-05 secs using 50.08% CPU
   1  taxon_1     0.00%    passed     99.98%
   2  taxon_2     0.00%    passed     99.86%
   3  taxon_3     0.00%    passed     99.99%
   4  taxon_4     0.00%    passed     99.87%
   5  taxon_5     0.00%    passed     99.97%
   6  taxon_6     0.00%    passed    100.00%
   7  taxon_7     0.00%    passed     99.99%
   8  taxon_8     0.00%    passed    100.00%
   9  taxon_9     0.00%    passed     99.95%
  10  taxon_10    0.00%    passed     99.98%
  11  taxon_11    0.00%    passed     99.97%
  12  taxon_12    0.00%    passed     99.99%
  13  taxon_13    0.00%    passed     99.99%
  14  taxon_14    0.00%    passed     99.98%
  15  taxon_15    0.00%    passed     99.98%
  16  taxon_16    0.00%    passed     99.99%
  17  taxon_17    0.00%    passed     99.98%
  18  taxon_18    0.00%    passed     99.99%
  19  taxon_19    0.00%    passed     99.99%
  20  taxon_20    0.00%    passed     99.92%
  21  taxon_21    0.00%    passed     99.98%
  22  taxon_22    0.00%    passed     99.98%
  23  taxon_23    0.00%    passed     99.95%
  24  taxon_24    0.00%    passed     99.98%
  25  taxon_25    0.00%    passed     99.99%
  26  taxon_26    0.00%    passed     99.98%
  27  taxon_27    0.00%    passed     99.98%
  28  taxon_28    0.00%    passed     99.99%
  29  taxon_29    0.00%    passed     99.98%
  30  taxon_30    0.00%    passed     99.95%
  31  taxon_31    0.00%    passed     99.99%
  32  taxon_32    0.00%    passed    100.00%
  33  taxon_33    0.00%    passed    100.00%
  34  taxon_34    0.00%    passed     99.96%
  35  taxon_35    0.00%    passed     99.97%
  36  taxon_36    0.00%    passed     99.97%
  37  taxon_37    0.00%    passed     99.97%
  38  taxon_38    0.00%    passed     99.99%
  39  taxon_39    0.00%    passed     99.97%
  40  taxon_40    0.00%    passed     99.86%
  41  taxon_41    0.00%    passed     99.81%
  42  taxon_42    0.00%    passed     99.97%
  43  taxon_43    0.00%    passed     99.89%
  44  taxon_44    0.00%    passed     99.96%
  45  taxon_45    0.00%    passed     99.98%
  46  taxon_46    0.00%    passed     99.94%
  47  taxon_47    0.00%    passed     99.94%
  48  taxon_48    0.00%    passed    100.00%
  49  taxon_49    0.00%    passed     99.99%
  50  taxon_50    0.00%    passed    100.00%
****  TOTAL       0.00%  0 sequences failed composition chi2 test (p-value<5%; df=3)
Checking for duplicate sequences: done in 5.91278e-05 secs using 62.58% CPU

Create initial parsimony tree by phylogenetic likelihood library (PLL)... 0.001 seconds

NOTE: 0 MB RAM (0 GB) is required!
Measuring multi-threading efficiency up to 8 CPU cores
Increase to 10 rounds for branch lengths
7740 trees examined
Threads: 1 / Time: 8.000 sec / Speedup: 1.000 / Efficiency: 100% / LogL: -5959
Threads: 2 / Time: 18.478 sec / Speedup: 0.433 / Efficiency: 22% / LogL: -5959
Determining AUTO threadcount: done in 26.4786 secs using 78.08% CPU
BEST NUMBER OF THREADS: 1

Estimate model parameters (epsilon = 0.100)
1. Initial log-likelihood: -5509.805
Optimal log-likelihood: -5509.805
Rate parameters:  A-C: 1.00000  A-G: 1.00000  A-T: 1.00000  C-G: 1.00000  C-T: 1.00000  G-T: 1.00000
Base frequencies:  A: 0.250  C: 0.250  G: 0.250  T: 0.250
Parameters optimization took 1 rounds (0.001 sec)
Wrote distance file to... 
Computing ML distances based on estimated model parameters...
Calculating distance matrix: done in 0.00285983 secs using 79.27% CPU
Computing ML distances took 0.002898 sec (of wall-clock time) 0.002292 sec (of CPU time)
Setting up auxiliary I and S matrices: done in 5.88894e-05 secs using 76.41% CPU
Constructing RapidNJ tree: done in 0.000136852 secs using 176.8% CPU
Computing RapidNJ tree took 0.000223 sec (of wall-clock time) 0.000307 sec (of CPU time)
Log-likelihood of RapidNJ tree: -5509.925
--------------------------------------------------------------------
|             INITIALIZING CANDIDATE TREE SET                      |
--------------------------------------------------------------------
Generating 98 parsimony trees... 0.066 second
Computing log-likelihood of 98 initial trees ... 0.040 seconds
Current best score: -5509.805

Do NNI search on 20 best initial trees
Estimate model parameters (epsilon = 0.100)
BETTER TREE FOUND at iteration 1: -5509.805
BETTER TREE FOUND at iteration 4: -5509.805
BETTER TREE FOUND at iteration 8: -5509.805
Iteration 10 / LogL: -5509.805 / Time: 0h:0m:26s
BETTER TREE FOUND at iteration 13: -5509.802
Iteration 20 / LogL: -5509.805 / Time: 0h:0m:26s
Finish initializing candidate tree set (20)
Current best tree score: -5509.802 / CPU time: 0.147
Number of iterations: 20
--------------------------------------------------------------------
|               OPTIMIZING CANDIDATE TREE SET                      |
--------------------------------------------------------------------
Iteration 30 / LogL: -5509.828 / Time: 0h:0m:26s (0h:1m:16s left)
Iteration 40 / LogL: -5509.816 / Time: 0h:0m:26s (0h:0m:50s left)
Iteration 50 / LogL: -5509.812 / Time: 0h:0m:26s (0h:0m:34s left)
Iteration 60 / LogL: -5509.809 / Time: 0h:0m:26s (0h:0m:24s left)
Iteration 70 / LogL: -5509.817 / Time: 0h:0m:26s (0h:0m:16s left)
Iteration 80 / LogL: -5509.814 / Time: 0h:0m:26s (0h:0m:11s left)
Iteration 90 / LogL: -5509.821 / Time: 0h:0m:27s (0h:0m:6s left)
Iteration 100 / LogL: -5509.806 / Time: 0h:0m:27s (0h:0m:3s left)
Iteration 110 / LogL: -5521.130 / Time: 0h:0m:27s (0h:0m:0s left)
TREE SEARCH COMPLETED AFTER 114 ITERATIONS / Time: 0h:0m:27s

--------------------------------------------------------------------
|                    FINALIZING TREE SEARCH                        |
--------------------------------------------------------------------
Performs final model parameters optimization
Estimate model parameters (epsilon = 0.010)
1. Initial log-likelihood: -5509.802
Optimal log-likelihood: -5509.802
Rate parameters:  A-C: 1.00000  A-G: 1.00000  A-T: 1.00000  C-G: 1.00000  C-T: 1.00000  G-T: 1.00000
Base frequencies:  A: 0.250  C: 0.250  G: 0.250  T: 0.250
Parameters optimization took 1 rounds (0.001 sec)
BEST SCORE FOUND : -5509.802
Total tree length: 0.050

Total number of iterations: 114
CPU time used for tree search: 0.655 sec (0h:0m:0s)
Wall-clock time used for tree search: 0.658 sec (0h:0m:0s)
Total CPU time used: 21.339 sec (0h:0m:21s)
Total wall-clock time used: 27.153 sec (0h:0m:27s)

Analysis results written to: 
  IQ-TREE report:                exp_stable_0.0001/m5_sel1_rep4/iqtree_out.iqtree
  Maximum-likelihood tree:       exp_stable_0.0001/m5_sel1_rep4/iqtree_out.treefile
  Likelihood distances:          exp_stable_0.0001/m5_sel1_rep4/iqtree_out.mldist
  Screen log file:               exp_stable_0.0001/m5_sel1_rep4/iqtree_out.log

Date and Time: Mon May 18 16:54:39 2026
