IQ-TREE version 3.1.1 for MacOS ARM 64-bit built Apr  8 2026
Developed by Bui Quang Minh, Thomas Wong, Nhan Ly-Trong, Huaiyan Ren
Contributed by Lam-Tung Nguyen, Dominik Schrempf, Chris Bielow,
Olga Chernomor, Michael Woodhams, Diep Thi Hoang, Heiko Schmidt

Host:    Noutbuk-maria.local (SSE4.2, 16 GB RAM)
Command: iqtree -s exp_baseline/m50_sel50_rep3/combined.fasta -m JC -nt AUTO -pre exp_baseline/m50_sel50_rep3/iqtree_out -seed 55342 -redo
Seed:    55342 (Using SPRNG - Scalable Parallel Random Number Generator)
Time:    Tue May 12 14:52:40 2026
Kernel:  SSE2 - auto-detect threads (8 CPU cores detected)

Reading alignment file exp_baseline/m50_sel50_rep3/combined.fasta ... Fasta format detected
Reading fasta file: done in 0.000495911 secs using 91.35% CPU
Alignment most likely contains DNA/RNA sequences
Constructing alignment: done in 0.000982046 secs using 56.41% CPU
Alignment has 30 sequences with 2050 columns, 2012 distinct patterns
2050 parsimony-informative, 0 singleton sites, 0 constant sites
          Gap/Ambiguity  Composition  p-value
Analyzing sequences: done in 4.50611e-05 secs using 261.9% CPU
   1  taxon_1     0.00%    passed     74.75%
   2  taxon_2     0.00%    passed     19.15%
   3  taxon_3     0.00%    passed     27.11%
   4  taxon_4     0.00%    passed     12.77%
   5  taxon_5     0.00%    passed     96.31%
   6  taxon_6     0.00%    failed      3.39%
   7  taxon_7     0.00%    passed     50.90%
   8  taxon_8     0.00%    passed     48.51%
   9  taxon_9     0.00%    passed     78.64%
  10  taxon_10    0.00%    passed     11.39%
  11  taxon_11    0.00%    passed     84.23%
  12  taxon_12    0.00%    passed     92.80%
  13  taxon_13    0.00%    passed     84.39%
  14  taxon_14    0.00%    passed     18.92%
  15  taxon_15    0.00%    passed     44.20%
  16  taxon_16    0.00%    passed     81.85%
  17  taxon_17    0.00%    passed     68.80%
  18  taxon_18    0.00%    passed     83.81%
  19  taxon_19    0.00%    passed     51.78%
  20  taxon_20    0.00%    passed     63.26%
  21  taxon_21    0.00%    failed      2.81%
  22  taxon_22    0.00%    passed     54.34%
  23  taxon_23    0.00%    passed     74.89%
  24  taxon_24    0.00%    passed     60.64%
  25  taxon_25    0.00%    passed     86.61%
  26  taxon_26    0.00%    passed     76.88%
  27  taxon_27    0.00%    passed     83.61%
  28  taxon_28    0.00%    passed     37.21%
  29  taxon_29    0.00%    passed     14.70%
  30  taxon_30    0.00%    passed     62.34%
****  TOTAL       0.00%  2 sequences failed composition chi2 test (p-value<5%; df=3)
Checking for duplicate sequences: done in 0.000128031 secs using 91.38% CPU

Create initial parsimony tree by phylogenetic likelihood library (PLL)... 0.002 seconds

NOTE: 1 MB RAM (0 GB) is required!
Measuring multi-threading efficiency up to 8 CPU cores
Increase to 10 rounds for branch lengths
380 trees examined
Threads: 1 / Time: 8.009 sec / Speedup: 1.000 / Efficiency: 100% / LogL: -81982
Threads: 2 / Time: 8.810 sec / Speedup: 0.909 / Efficiency: 45% / LogL: -81982
Determining AUTO threadcount: done in 16.8199 secs using 107.8% CPU
BEST NUMBER OF THREADS: 1

Estimate model parameters (epsilon = 0.100)
1. Initial log-likelihood: -80127.452
Optimal log-likelihood: -79528.139
Rate parameters:  A-C: 1.00000  A-G: 1.00000  A-T: 1.00000  C-G: 1.00000  C-T: 1.00000  G-T: 1.00000
Base frequencies:  A: 0.250  C: 0.250  G: 0.250  T: 0.250
Parameters optimization took 1 rounds (0.014 sec)
Wrote distance file to... 
Computing ML distances based on estimated model parameters...
Calculating distance matrix: done in 0.00122404 secs using 99.34% CPU
Computing ML distances took 0.001366 sec (of wall-clock time) 0.001345 sec (of CPU time)
WARNING: Some pairwise ML distances are too long (saturated)
Setting up auxiliary I and S matrices: done in 2.5034e-05 secs using 75.9% CPU
Constructing RapidNJ tree: done in 5.10216e-05 secs using 160.7% CPU
Computing RapidNJ tree took 0.000100 sec (of wall-clock time) 0.000123 sec (of CPU time)
Log-likelihood of RapidNJ tree: -79518.981
--------------------------------------------------------------------
|             INITIALIZING CANDIDATE TREE SET                      |
--------------------------------------------------------------------
Generating 98 parsimony trees... 0.294 second
Computing log-likelihood of 98 initial trees ... 0.260 seconds
Current best score: -79518.981

Do NNI search on 20 best initial trees
Estimate model parameters (epsilon = 0.100)
BETTER TREE FOUND at iteration 1: -79461.653
Estimate model parameters (epsilon = 0.100)
BETTER TREE FOUND at iteration 2: -79405.080
Estimate model parameters (epsilon = 0.100)
BETTER TREE FOUND at iteration 3: -79388.884
Iteration 10 / LogL: -79442.432 / Time: 0h:0m:18s
Iteration 20 / LogL: -79443.914 / Time: 0h:0m:19s
Finish initializing candidate tree set (13)
Current best tree score: -79388.884 / CPU time: 2.053
Number of iterations: 20
--------------------------------------------------------------------
|               OPTIMIZING CANDIDATE TREE SET                      |
--------------------------------------------------------------------
Iteration 30 / LogL: -79425.883 / Time: 0h:0m:19s (0h:0m:49s left)
Iteration 40 / LogL: -79409.033 / Time: 0h:0m:20s (0h:0m:32s left)
Iteration 50 / LogL: -79390.182 / Time: 0h:0m:20s (0h:0m:22s left)
Iteration 60 / LogL: -79402.844 / Time: 0h:0m:21s (0h:0m:15s left)
Iteration 70 / LogL: -79390.686 / Time: 0h:0m:22s (0h:0m:10s left)
Iteration 80 / LogL: -79390.223 / Time: 0h:0m:22s (0h:0m:6s left)
Iteration 90 / LogL: -79399.440 / Time: 0h:0m:23s (0h:0m:3s left)
Iteration 100 / LogL: -79389.752 / Time: 0h:0m:23s (0h:0m:0s left)
TREE SEARCH COMPLETED AFTER 104 ITERATIONS / Time: 0h:0m:24s

--------------------------------------------------------------------
|                    FINALIZING TREE SEARCH                        |
--------------------------------------------------------------------
Performs final model parameters optimization
Estimate model parameters (epsilon = 0.010)
1. Initial log-likelihood: -79388.884
Optimal log-likelihood: -79388.817
Rate parameters:  A-C: 1.00000  A-G: 1.00000  A-T: 1.00000  C-G: 1.00000  C-T: 1.00000  G-T: 1.00000
Base frequencies:  A: 0.250  C: 0.250  G: 0.250  T: 0.250
Parameters optimization took 1 rounds (0.006 sec)
BEST SCORE FOUND : -79388.817
Total tree length: 25.336

Total number of iterations: 104
CPU time used for tree search: 7.103 sec (0h:0m:7s)
Wall-clock time used for tree search: 7.125 sec (0h:0m:7s)
Total CPU time used: 25.431 sec (0h:0m:25s)
Total wall-clock time used: 24.145 sec (0h:0m:24s)

Analysis results written to: 
  IQ-TREE report:                exp_baseline/m50_sel50_rep3/iqtree_out.iqtree
  Maximum-likelihood tree:       exp_baseline/m50_sel50_rep3/iqtree_out.treefile
  Likelihood distances:          exp_baseline/m50_sel50_rep3/iqtree_out.mldist
  Screen log file:               exp_baseline/m50_sel50_rep3/iqtree_out.log

Date and Time: Tue May 12 14:53:04 2026
