IQ-TREE version 3.1.1 for MacOS ARM 64-bit built Apr  8 2026
Developed by Bui Quang Minh, Thomas Wong, Nhan Ly-Trong, Huaiyan Ren
Contributed by Lam-Tung Nguyen, Dominik Schrempf, Chris Bielow,
Olga Chernomor, Michael Woodhams, Diep Thi Hoang, Heiko Schmidt

Host:    Noutbuk-maria.local (SSE4.2, 16 GB RAM)
Command: iqtree -s exp_stable_0.001/m1_sel2_rep1/neutral.fasta -m JC -nt AUTO -pre exp_stable_0.001/m1_sel2_rep1/iqtree_out -seed 2242 -redo
Seed:    2242 (Using SPRNG - Scalable Parallel Random Number Generator)
Time:    Sat May 16 00:10:25 2026
Kernel:  SSE2 - auto-detect threads (8 CPU cores detected)

Reading alignment file exp_stable_0.001/m1_sel2_rep1/neutral.fasta ... Fasta format detected
Reading fasta file: done in 0.00117493 secs using 90.05% CPU
Alignment most likely contains DNA/RNA sequences
Constructing alignment: done in 0.00157714 secs using 63.28% CPU
Alignment has 50 sequences with 3000 columns, 2747 distinct patterns
2191 parsimony-informative, 678 singleton sites, 131 constant sites
          Gap/Ambiguity  Composition  p-value
Analyzing sequences: done in 9.20296e-05 secs using 331.4% CPU
   1  taxon_1     0.00%    passed     97.87%
   2  taxon_2     0.00%    passed     98.56%
   3  taxon_3     0.00%    passed     98.68%
   4  taxon_4     0.00%    passed     80.50%
   5  taxon_5     0.00%    passed     96.47%
   6  taxon_6     0.00%    passed     98.16%
   7  taxon_7     0.00%    passed     95.24%
   8  taxon_8     0.00%    passed     95.81%
   9  taxon_9     0.00%    passed     90.29%
  10  taxon_10    0.00%    passed     62.25%
  11  taxon_11    0.00%    passed     96.79%
  12  taxon_12    0.00%    passed     99.78%
  13  taxon_13    0.00%    passed     99.66%
  14  taxon_14    0.00%    passed     96.93%
  15  taxon_15    0.00%    passed     95.42%
  16  taxon_16    0.00%    passed     99.82%
  17  taxon_17    0.00%    passed     99.70%
  18  taxon_18    0.00%    passed     85.37%
  19  taxon_19    0.00%    passed     77.04%
  20  taxon_20    0.00%    passed     81.24%
  21  taxon_21    0.00%    passed     90.15%
  22  taxon_22    0.00%    passed     99.86%
  23  taxon_23    0.00%    passed     96.75%
  24  taxon_24    0.00%    passed     95.70%
  25  taxon_25    0.00%    passed     68.40%
  26  taxon_26    0.00%    passed     90.97%
  27  taxon_27    0.00%    passed     94.05%
  28  taxon_28    0.00%    passed     99.11%
  29  taxon_29    0.00%    passed     99.50%
  30  taxon_30    0.00%    passed     97.41%
  31  taxon_31    0.00%    passed     86.32%
  32  taxon_32    0.00%    passed     93.00%
  33  taxon_33    0.00%    passed     82.45%
  34  taxon_34    0.00%    passed     81.00%
  35  taxon_35    0.00%    passed     85.63%
  36  taxon_36    0.00%    passed     94.65%
  37  taxon_37    0.00%    passed     87.84%
  38  taxon_38    0.00%    passed     94.23%
  39  taxon_39    0.00%    passed     95.44%
  40  taxon_40    0.00%    passed     97.65%
  41  taxon_41    0.00%    passed     89.38%
  42  taxon_42    0.00%    passed     84.87%
  43  taxon_43    0.00%    passed     68.76%
  44  taxon_44    0.00%    passed     77.88%
  45  taxon_45    0.00%    passed     86.30%
  46  taxon_46    0.00%    passed     96.10%
  47  taxon_47    0.00%    passed     97.06%
  48  taxon_48    0.00%    passed     51.11%
  49  taxon_49    0.00%    passed     72.01%
  50  taxon_50    0.00%    passed     99.74%
****  TOTAL       0.00%  0 sequences failed composition chi2 test (p-value<5%; df=3)
Checking for duplicate sequences: done in 0.000270844 secs using 92.67% CPU

Create initial parsimony tree by phylogenetic likelihood library (PLL)... 0.005 seconds

NOTE: 4 MB RAM (0 GB) is required!
Measuring multi-threading efficiency up to 8 CPU cores
Increase to 10 rounds for branch lengths
233 trees examined
Threads: 1 / Time: 8.030 sec / Speedup: 1.000 / Efficiency: 100% / LogL: -91957
Threads: 2 / Time: 7.611 sec / Speedup: 1.055 / Efficiency: 53% / LogL: -91957
Threads: 3 / Time: 6.844 sec / Speedup: 1.173 / Efficiency: 39% / LogL: -91957
Determining AUTO threadcount: done in 22.4852 secs using 123.5% CPU
BEST NUMBER OF THREADS: 2

Estimate model parameters (epsilon = 0.100)
1. Initial log-likelihood: -49957.243
Optimal log-likelihood: -49897.140
Rate parameters:  A-C: 1.00000  A-G: 1.00000  A-T: 1.00000  C-G: 1.00000  C-T: 1.00000  G-T: 1.00000
Base frequencies:  A: 0.250  C: 0.250  G: 0.250  T: 0.250
Parameters optimization took 1 rounds (0.012 sec)
Wrote distance file to... 
Computing ML distances based on estimated model parameters...
Calculating distance matrix: done in 0.0032959 secs using 174.5% CPU
Computing ML distances took 0.003514 sec (of wall-clock time) 0.006110 sec (of CPU time)
Setting up auxiliary I and S matrices: done in 4.31538e-05 secs using 141.4% CPU
Constructing RapidNJ tree: done in 0.000844955 secs using 89.12% CPU
Computing RapidNJ tree took 0.000914 sec (of wall-clock time) 0.000842 sec (of CPU time)
Log-likelihood of RapidNJ tree: -49998.270
--------------------------------------------------------------------
|             INITIALIZING CANDIDATE TREE SET                      |
--------------------------------------------------------------------
Generating 98 parsimony trees... 0.462 second
Computing log-likelihood of 98 initial trees ... 0.595 seconds
Current best score: -49890.842

Do NNI search on 20 best initial trees
Estimate model parameters (epsilon = 0.100)
BETTER TREE FOUND at iteration 1: -49884.747
Iteration 10 / LogL: -49884.749 / Time: 0h:0m:24s
Iteration 20 / LogL: -49885.134 / Time: 0h:0m:24s
Finish initializing candidate tree set (3)
Current best tree score: -49884.747 / CPU time: 2.422
Number of iterations: 20
--------------------------------------------------------------------
|               OPTIMIZING CANDIDATE TREE SET                      |
--------------------------------------------------------------------
Iteration 30 / LogL: -49884.880 / Time: 0h:0m:25s (0h:1m:3s left)
Iteration 40 / LogL: -49884.749 / Time: 0h:0m:26s (0h:0m:41s left)
Iteration 50 / LogL: -49884.777 / Time: 0h:0m:27s (0h:0m:28s left)
Iteration 60 / LogL: -49884.757 / Time: 0h:0m:28s (0h:0m:19s left)
Iteration 70 / LogL: -49884.747 / Time: 0h:0m:29s (0h:0m:13s left)
Iteration 80 / LogL: -49884.747 / Time: 0h:0m:30s (0h:0m:8s left)
Iteration 90 / LogL: -49884.765 / Time: 0h:0m:31s (0h:0m:3s left)
Iteration 100 / LogL: -49895.594 / Time: 0h:0m:32s (0h:0m:0s left)
TREE SEARCH COMPLETED AFTER 102 ITERATIONS / Time: 0h:0m:32s

--------------------------------------------------------------------
|                    FINALIZING TREE SEARCH                        |
--------------------------------------------------------------------
Performs final model parameters optimization
Estimate model parameters (epsilon = 0.010)
1. Initial log-likelihood: -49884.747
Optimal log-likelihood: -49884.747
Rate parameters:  A-C: 1.00000  A-G: 1.00000  A-T: 1.00000  C-G: 1.00000  C-T: 1.00000  G-T: 1.00000
Base frequencies:  A: 0.250  C: 0.250  G: 0.250  T: 0.250
Parameters optimization took 1 rounds (0.006 sec)
BEST SCORE FOUND : -49884.747
Total tree length: 3.227

Total number of iterations: 102
CPU time used for tree search: 11.546 sec (0h:0m:11s)
Wall-clock time used for tree search: 10.033 sec (0h:0m:10s)
Total CPU time used: 39.363 sec (0h:0m:39s)
Total wall-clock time used: 32.569 sec (0h:0m:32s)

Analysis results written to: 
  IQ-TREE report:                exp_stable_0.001/m1_sel2_rep1/iqtree_out.iqtree
  Maximum-likelihood tree:       exp_stable_0.001/m1_sel2_rep1/iqtree_out.treefile
  Likelihood distances:          exp_stable_0.001/m1_sel2_rep1/iqtree_out.mldist
  Screen log file:               exp_stable_0.001/m1_sel2_rep1/iqtree_out.log

Date and Time: Sat May 16 00:10:58 2026
