IQ-TREE version 3.1.1 for MacOS ARM 64-bit built Apr  8 2026
Developed by Bui Quang Minh, Thomas Wong, Nhan Ly-Trong, Huaiyan Ren
Contributed by Lam-Tung Nguyen, Dominik Schrempf, Chris Bielow,
Olga Chernomor, Michael Woodhams, Diep Thi Hoang, Heiko Schmidt

Host:    Noutbuk-maria.local (SSE4.2, 16 GB RAM)
Command: iqtree -s exp_stable_0.0001/m1_sel1_rep6/neutral.fasta -m JC -nt AUTO -pre exp_stable_0.0001/m1_sel1_rep6/iqtree_out -seed 1742 -redo
Seed:    1742 (Using SPRNG - Scalable Parallel Random Number Generator)
Time:    Mon May 18 16:17:57 2026
Kernel:  SSE2 - auto-detect threads (8 CPU cores detected)

Reading alignment file exp_stable_0.0001/m1_sel1_rep6/neutral.fasta ... Fasta format detected
Reading fasta file: done in 0.0012579 secs using 89.28% CPU
Alignment most likely contains DNA/RNA sequences
Constructing alignment: done in 0.0013361 secs using 58.15% CPU
Alignment has 50 sequences with 3000 columns, 412 distinct patterns
103 parsimony-informative, 424 singleton sites, 2473 constant sites
          Gap/Ambiguity  Composition  p-value
Analyzing sequences: done in 4.50611e-05 secs using 68.8% CPU
   1  taxon_1     0.00%    passed     99.96%
   2  taxon_2     0.00%    passed     99.66%
   3  taxon_3     0.00%    passed     99.75%
   4  taxon_4     0.00%    passed     99.96%
   5  taxon_5     0.00%    passed     99.97%
   6  taxon_6     0.00%    passed     99.56%
   7  taxon_7     0.00%    passed     99.67%
   8  taxon_8     0.00%    passed     99.14%
   9  taxon_9     0.00%    passed     99.70%
  10  taxon_10    0.00%    passed     99.49%
  11  taxon_11    0.00%    passed     99.93%
  12  taxon_12    0.00%    passed     99.98%
  13  taxon_13    0.00%    passed     99.87%
  14  taxon_14    0.00%    passed     98.99%
  15  taxon_15    0.00%    passed     99.47%
  16  taxon_16    0.00%    passed     99.77%
  17  taxon_17    0.00%    passed     98.38%
  18  taxon_18    0.00%    passed     99.70%
  19  taxon_19    0.00%    passed     99.68%
  20  taxon_20    0.00%    passed     99.86%
  21  taxon_21    0.00%    passed     99.85%
  22  taxon_22    0.00%    passed     99.48%
  23  taxon_23    0.00%    passed     99.98%
  24  taxon_24    0.00%    passed     99.94%
  25  taxon_25    0.00%    passed     99.42%
  26  taxon_26    0.00%    passed     99.78%
  27  taxon_27    0.00%    passed     99.83%
  28  taxon_28    0.00%    passed     99.19%
  29  taxon_29    0.00%    passed     99.81%
  30  taxon_30    0.00%    passed     99.47%
  31  taxon_31    0.00%    passed     99.98%
  32  taxon_32    0.00%    passed     99.97%
  33  taxon_33    0.00%    passed     99.66%
  34  taxon_34    0.00%    passed     99.80%
  35  taxon_35    0.00%    passed     99.95%
  36  taxon_36    0.00%    passed     99.99%
  37  taxon_37    0.00%    passed     99.48%
  38  taxon_38    0.00%    passed     99.66%
  39  taxon_39    0.00%    passed     99.75%
  40  taxon_40    0.00%    passed     99.83%
  41  taxon_41    0.00%    passed     99.79%
  42  taxon_42    0.00%    passed     99.27%
  43  taxon_43    0.00%    passed     98.73%
  44  taxon_44    0.00%    passed     99.77%
  45  taxon_45    0.00%    passed     99.14%
  46  taxon_46    0.00%    passed     99.91%
  47  taxon_47    0.00%    passed     99.13%
  48  taxon_48    0.00%    passed     99.73%
  49  taxon_49    0.00%    passed     99.76%
  50  taxon_50    0.00%    passed     99.93%
****  TOTAL       0.00%  0 sequences failed composition chi2 test (p-value<5%; df=3)
Checking for duplicate sequences: done in 7.89165e-05 secs using 86.17% CPU

Create initial parsimony tree by phylogenetic likelihood library (PLL)... 0.002 seconds

NOTE: 0 MB RAM (0 GB) is required!
Measuring multi-threading efficiency up to 8 CPU cores
Increase to 10 rounds for branch lengths
1948 trees examined
Threads: 1 / Time: 8.003 sec / Speedup: 1.000 / Efficiency: 100% / LogL: -11220
Threads: 2 / Time: 14.291 sec / Speedup: 0.560 / Efficiency: 28% / LogL: -11220
Determining AUTO threadcount: done in 22.2937 secs using 90.61% CPU
BEST NUMBER OF THREADS: 1

Estimate model parameters (epsilon = 0.100)
1. Initial log-likelihood: -8684.648
Optimal log-likelihood: -8684.259
Rate parameters:  A-C: 1.00000  A-G: 1.00000  A-T: 1.00000  C-G: 1.00000  C-T: 1.00000  G-T: 1.00000
Base frequencies:  A: 0.250  C: 0.250  G: 0.250  T: 0.250
Parameters optimization took 1 rounds (0.002 sec)
Wrote distance file to... 
Computing ML distances based on estimated model parameters...
Calculating distance matrix: done in 0.00333381 secs using 85.19% CPU
Computing ML distances took 0.003406 sec (of wall-clock time) 0.002901 sec (of CPU time)
Setting up auxiliary I and S matrices: done in 6.29425e-05 secs using 73.08% CPU
Constructing RapidNJ tree: done in 0.000170946 secs using 78.39% CPU
Computing RapidNJ tree took 0.000259 sec (of wall-clock time) 0.000192 sec (of CPU time)
Log-likelihood of RapidNJ tree: -8689.761
--------------------------------------------------------------------
|             INITIALIZING CANDIDATE TREE SET                      |
--------------------------------------------------------------------
Generating 98 parsimony trees... 0.125 second
Computing log-likelihood of 98 initial trees ... 0.112 seconds
Current best score: -8684.259

Do NNI search on 20 best initial trees
Estimate model parameters (epsilon = 0.100)
BETTER TREE FOUND at iteration 1: -8684.259
BETTER TREE FOUND at iteration 2: -8684.259
BETTER TREE FOUND at iteration 9: -8684.259
Iteration 10 / LogL: -8684.259 / Time: 0h:0m:22s
BETTER TREE FOUND at iteration 11: -8684.259
BETTER TREE FOUND at iteration 14: -8684.259
Iteration 20 / LogL: -8684.259 / Time: 0h:0m:22s
Finish initializing candidate tree set (20)
Current best tree score: -8684.259 / CPU time: 0.348
Number of iterations: 20
--------------------------------------------------------------------
|               OPTIMIZING CANDIDATE TREE SET                      |
--------------------------------------------------------------------
Iteration 30 / LogL: -8684.269 / Time: 0h:0m:22s (0h:1m:6s left)
Iteration 40 / LogL: -8684.259 / Time: 0h:0m:22s (0h:0m:43s left)
Iteration 50 / LogL: -8684.259 / Time: 0h:0m:23s (0h:0m:30s left)
Iteration 60 / LogL: -8684.266 / Time: 0h:0m:23s (0h:0m:21s left)
Iteration 70 / LogL: -8684.267 / Time: 0h:0m:23s (0h:0m:15s left)
Iteration 80 / LogL: -8684.264 / Time: 0h:0m:23s (0h:0m:10s left)
Iteration 90 / LogL: -8684.272 / Time: 0h:0m:23s (0h:0m:6s left)
Iteration 100 / LogL: -8684.266 / Time: 0h:0m:24s (0h:0m:3s left)
Iteration 110 / LogL: -8684.262 / Time: 0h:0m:24s (0h:0m:0s left)
BETTER TREE FOUND at iteration 112: -8684.259
Iteration 120 / LogL: -8684.272 / Time: 0h:0m:24s (0h:0m:18s left)
Iteration 130 / LogL: -8684.280 / Time: 0h:0m:24s (0h:0m:15s left)
Iteration 140 / LogL: -8684.269 / Time: 0h:0m:24s (0h:0m:12s left)
Iteration 150 / LogL: -8684.266 / Time: 0h:0m:24s (0h:0m:10s left)
Iteration 160 / LogL: -8684.267 / Time: 0h:0m:24s (0h:0m:8s left)
Iteration 170 / LogL: -8684.262 / Time: 0h:0m:25s (0h:0m:6s left)
Iteration 180 / LogL: -8684.277 / Time: 0h:0m:25s (0h:0m:4s left)
Iteration 190 / LogL: -8684.276 / Time: 0h:0m:25s (0h:0m:2s left)
Iteration 200 / LogL: -8684.265 / Time: 0h:0m:25s (0h:0m:1s left)
Iteration 210 / LogL: -8689.379 / Time: 0h:0m:25s (0h:0m:0s left)
TREE SEARCH COMPLETED AFTER 213 ITERATIONS / Time: 0h:0m:25s

--------------------------------------------------------------------
|                    FINALIZING TREE SEARCH                        |
--------------------------------------------------------------------
Performs final model parameters optimization
Estimate model parameters (epsilon = 0.010)
1. Initial log-likelihood: -8684.259
Optimal log-likelihood: -8684.259
Rate parameters:  A-C: 1.00000  A-G: 1.00000  A-T: 1.00000  C-G: 1.00000  C-T: 1.00000  G-T: 1.00000
Base frequencies:  A: 0.250  C: 0.250  G: 0.250  T: 0.250
Parameters optimization took 1 rounds (0.003 sec)
BEST SCORE FOUND : -8684.259
Total tree length: 0.190

Total number of iterations: 213
CPU time used for tree search: 3.440 sec (0h:0m:3s)
Wall-clock time used for tree search: 3.534 sec (0h:0m:3s)
Total CPU time used: 23.657 sec (0h:0m:23s)
Total wall-clock time used: 25.853 sec (0h:0m:25s)

Analysis results written to: 
  IQ-TREE report:                exp_stable_0.0001/m1_sel1_rep6/iqtree_out.iqtree
  Maximum-likelihood tree:       exp_stable_0.0001/m1_sel1_rep6/iqtree_out.treefile
  Likelihood distances:          exp_stable_0.0001/m1_sel1_rep6/iqtree_out.mldist
  Screen log file:               exp_stable_0.0001/m1_sel1_rep6/iqtree_out.log

Date and Time: Mon May 18 16:18:23 2026
