IQ-TREE version 3.1.1 for MacOS ARM 64-bit built Apr  8 2026
Developed by Bui Quang Minh, Thomas Wong, Nhan Ly-Trong, Huaiyan Ren
Contributed by Lam-Tung Nguyen, Dominik Schrempf, Chris Bielow,
Olga Chernomor, Michael Woodhams, Diep Thi Hoang, Heiko Schmidt

Host:    Noutbuk-maria.local (SSE4.2, 16 GB RAM)
Command: iqtree -s exp_stable_0.0005/m0_sel2_rep6/neutral.fasta -m JC -nt AUTO -pre exp_stable_0.0005/m0_sel2_rep6/iqtree_out -seed 3342 -redo
Seed:    3342 (Using SPRNG - Scalable Parallel Random Number Generator)
Time:    Mon May 18 18:42:32 2026
Kernel:  SSE2 - auto-detect threads (8 CPU cores detected)

Reading alignment file exp_stable_0.0005/m0_sel2_rep6/neutral.fasta ... Fasta format detected
Reading fasta file: done in 0.00117207 secs using 89.76% CPU
Alignment most likely contains DNA/RNA sequences
Constructing alignment: done in 0.0016129 secs using 60.33% CPU
Alignment has 50 sequences with 3000 columns, 2628 distinct patterns
2009 parsimony-informative, 796 singleton sites, 195 constant sites
          Gap/Ambiguity  Composition  p-value
Analyzing sequences: done in 8.2016e-05 secs using 330.4% CPU
   1  taxon_1     0.00%    passed     75.52%
   2  taxon_2     0.00%    passed     12.05%
   3  taxon_3     0.00%    passed     78.69%
   4  taxon_4     0.00%    passed     72.50%
   5  taxon_5     0.00%    passed     68.77%
   6  taxon_6     0.00%    passed     85.47%
   7  taxon_7     0.00%    passed     85.32%
   8  taxon_8     0.00%    passed     74.47%
   9  taxon_9     0.00%    passed     91.66%
  10  taxon_10    0.00%    passed     75.50%
  11  taxon_11    0.00%    passed     48.92%
  12  taxon_12    0.00%    passed     72.34%
  13  taxon_13    0.00%    passed     95.52%
  14  taxon_14    0.00%    passed     83.60%
  15  taxon_15    0.00%    passed     80.99%
  16  taxon_16    0.00%    passed     85.28%
  17  taxon_17    0.00%    passed     91.65%
  18  taxon_18    0.00%    passed     98.07%
  19  taxon_19    0.00%    passed     81.84%
  20  taxon_20    0.00%    passed     97.14%
  21  taxon_21    0.00%    passed     94.97%
  22  taxon_22    0.00%    passed     98.19%
  23  taxon_23    0.00%    passed     82.40%
  24  taxon_24    0.00%    passed     92.19%
  25  taxon_25    0.00%    passed     97.51%
  26  taxon_26    0.00%    passed     93.17%
  27  taxon_27    0.00%    passed     69.14%
  28  taxon_28    0.00%    passed     69.22%
  29  taxon_29    0.00%    passed     84.38%
  30  taxon_30    0.00%    passed     88.51%
  31  taxon_31    0.00%    passed     88.97%
  32  taxon_32    0.00%    passed     94.76%
  33  taxon_33    0.00%    passed     95.58%
  34  taxon_34    0.00%    passed     85.96%
  35  taxon_35    0.00%    passed     64.84%
  36  taxon_36    0.00%    passed     97.49%
  37  taxon_37    0.00%    passed     67.40%
  38  taxon_38    0.00%    passed     91.86%
  39  taxon_39    0.00%    passed     83.41%
  40  taxon_40    0.00%    passed     97.53%
  41  taxon_41    0.00%    passed     98.89%
  42  taxon_42    0.00%    passed     91.78%
  43  taxon_43    0.00%    passed     80.08%
  44  taxon_44    0.00%    passed     91.56%
  45  taxon_45    0.00%    passed     93.93%
  46  taxon_46    0.00%    passed     98.58%
  47  taxon_47    0.00%    passed     89.73%
  48  taxon_48    0.00%    passed     97.79%
  49  taxon_49    0.00%    passed     85.03%
  50  taxon_50    0.00%    passed     98.59%
****  TOTAL       0.00%  0 sequences failed composition chi2 test (p-value<5%; df=3)
Checking for duplicate sequences: done in 0.000262976 secs using 92.02% CPU

Create initial parsimony tree by phylogenetic likelihood library (PLL)... 0.005 seconds

NOTE: 4 MB RAM (0 GB) is required!
Measuring multi-threading efficiency up to 8 CPU cores
Increase to 10 rounds for branch lengths
272 trees examined
Threads: 1 / Time: 8.021 sec / Speedup: 1.000 / Efficiency: 100% / LogL: -70555
Threads: 2 / Time: 7.872 sec / Speedup: 1.019 / Efficiency: 51% / LogL: -70555
Threads: 3 / Time: 7.162 sec / Speedup: 1.120 / Efficiency: 37% / LogL: -70555
Determining AUTO threadcount: done in 23.0554 secs using 124.2% CPU
BEST NUMBER OF THREADS: 1

Estimate model parameters (epsilon = 0.100)
1. Initial log-likelihood: -46231.678
Optimal log-likelihood: -46203.795
Rate parameters:  A-C: 1.00000  A-G: 1.00000  A-T: 1.00000  C-G: 1.00000  C-T: 1.00000  G-T: 1.00000
Base frequencies:  A: 0.250  C: 0.250  G: 0.250  T: 0.250
Parameters optimization took 1 rounds (0.011 sec)
Wrote distance file to... 
Computing ML distances based on estimated model parameters...
Calculating distance matrix: done in 0.00585794 secs using 94.67% CPU
Computing ML distances took 0.006148 sec (of wall-clock time) 0.005820 sec (of CPU time)
Setting up auxiliary I and S matrices: done in 4.19617e-05 secs using 76.26% CPU
Constructing RapidNJ tree: done in 9.41753e-05 secs using 93.44% CPU
Computing RapidNJ tree took 0.000156 sec (of wall-clock time) 0.000128 sec (of CPU time)
Log-likelihood of RapidNJ tree: -46217.408
--------------------------------------------------------------------
|             INITIALIZING CANDIDATE TREE SET                      |
--------------------------------------------------------------------
Generating 98 parsimony trees... 0.453 second
Computing log-likelihood of 98 initial trees ... 0.652 seconds
Current best score: -46203.795

Do NNI search on 20 best initial trees
Estimate model parameters (epsilon = 0.100)
BETTER TREE FOUND at iteration 1: -46203.794
UPDATE BEST LOG-LIKELIHOOD: -46203.794
UPDATE BEST LOG-LIKELIHOOD: -46203.794
Iteration 10 / LogL: -46203.863 / Time: 0h:0m:24s
Iteration 20 / LogL: -46203.795 / Time: 0h:0m:25s
Finish initializing candidate tree set (1)
Current best tree score: -46203.794 / CPU time: 2.349
Number of iterations: 20
--------------------------------------------------------------------
|               OPTIMIZING CANDIDATE TREE SET                      |
--------------------------------------------------------------------
UPDATE BEST LOG-LIKELIHOOD: -46203.794
Iteration 30 / LogL: -46203.794 / Time: 0h:0m:26s (0h:1m:4s left)
Iteration 40 / LogL: -46203.794 / Time: 0h:0m:27s (0h:0m:42s left)
UPDATE BEST LOG-LIKELIHOOD: -46203.794
Iteration 50 / LogL: -46203.794 / Time: 0h:0m:27s (0h:0m:29s left)
Iteration 60 / LogL: -46203.794 / Time: 0h:0m:28s (0h:0m:19s left)
Iteration 70 / LogL: -46203.795 / Time: 0h:0m:29s (0h:0m:13s left)
Iteration 80 / LogL: -46203.794 / Time: 0h:0m:30s (0h:0m:8s left)
Iteration 90 / LogL: -46203.794 / Time: 0h:0m:31s (0h:0m:3s left)
Iteration 100 / LogL: -46203.794 / Time: 0h:0m:32s (0h:0m:0s left)
TREE SEARCH COMPLETED AFTER 102 ITERATIONS / Time: 0h:0m:32s

--------------------------------------------------------------------
|                    FINALIZING TREE SEARCH                        |
--------------------------------------------------------------------
Performs final model parameters optimization
Estimate model parameters (epsilon = 0.010)
1. Initial log-likelihood: -46203.794
Optimal log-likelihood: -46203.794
Rate parameters:  A-C: 1.00000  A-G: 1.00000  A-T: 1.00000  C-G: 1.00000  C-T: 1.00000  G-T: 1.00000
Base frequencies:  A: 0.250  C: 0.250  G: 0.250  T: 0.250
Parameters optimization took 1 rounds (0.009 sec)
BEST SCORE FOUND : -46203.794
Total tree length: 2.743

Total number of iterations: 102
CPU time used for tree search: 9.123 sec (0h:0m:9s)
Wall-clock time used for tree search: 9.185 sec (0h:0m:9s)
Total CPU time used: 37.809 sec (0h:0m:37s)
Total wall-clock time used: 32.294 sec (0h:0m:32s)

Analysis results written to: 
  IQ-TREE report:                exp_stable_0.0005/m0_sel2_rep6/iqtree_out.iqtree
  Maximum-likelihood tree:       exp_stable_0.0005/m0_sel2_rep6/iqtree_out.treefile
  Likelihood distances:          exp_stable_0.0005/m0_sel2_rep6/iqtree_out.mldist
  Screen log file:               exp_stable_0.0005/m0_sel2_rep6/iqtree_out.log

Date and Time: Mon May 18 18:43:04 2026
