IQ-TREE version 3.1.1 for MacOS ARM 64-bit built Apr  8 2026
Developed by Bui Quang Minh, Thomas Wong, Nhan Ly-Trong, Huaiyan Ren
Contributed by Lam-Tung Nguyen, Dominik Schrempf, Chris Bielow,
Olga Chernomor, Michael Woodhams, Diep Thi Hoang, Heiko Schmidt

Host:    Noutbuk-maria.local (SSE4.2, 16 GB RAM)
Command: iqtree -s exp_baseline/m100_sel200_rep1/combined.fasta -m JC -nt AUTO -pre exp_baseline/m100_sel200_rep1/iqtree_out -seed 210142 -redo
Seed:    210142 (Using SPRNG - Scalable Parallel Random Number Generator)
Time:    Tue May 12 15:06:48 2026
Kernel:  SSE2 - auto-detect threads (8 CPU cores detected)

Reading alignment file exp_baseline/m100_sel200_rep1/combined.fasta ... Fasta format detected
Reading fasta file: done in 0.000516891 secs using 91.12% CPU
Alignment most likely contains DNA/RNA sequences
Constructing alignment: done in 0.00102901 secs using 56.27% CPU
Alignment has 30 sequences with 2200 columns, 2013 distinct patterns
2198 parsimony-informative, 0 singleton sites, 2 constant sites
          Gap/Ambiguity  Composition  p-value
Analyzing sequences: done in 5.79357e-05 secs using 239.9% CPU
   1  taxon_1     0.00%    passed     57.94%
   2  taxon_2     0.00%    passed     18.30%
   3  taxon_3     0.00%    passed     46.85%
   4  taxon_4     0.00%    passed     56.25%
   5  taxon_5     0.00%    passed     72.46%
   6  taxon_6     0.00%    passed     18.89%
   7  taxon_7     0.00%    passed     13.58%
   8  taxon_8     0.00%    passed     38.02%
   9  taxon_9     0.00%    passed     61.59%
  10  taxon_10    0.00%    passed      6.84%
  11  taxon_11    0.00%    passed     96.39%
  12  taxon_12    0.00%    passed     44.40%
  13  taxon_13    0.00%    passed     24.40%
  14  taxon_14    0.00%    passed     82.53%
  15  taxon_15    0.00%    passed     25.05%
  16  taxon_16    0.00%    passed     60.36%
  17  taxon_17    0.00%    passed     93.63%
  18  taxon_18    0.00%    passed     25.21%
  19  taxon_19    0.00%    passed     49.70%
  20  taxon_20    0.00%    passed     82.26%
  21  taxon_21    0.00%    failed      3.12%
  22  taxon_22    0.00%    passed     37.58%
  23  taxon_23    0.00%    passed     36.78%
  24  taxon_24    0.00%    passed     55.91%
  25  taxon_25    0.00%    passed     79.43%
  26  taxon_26    0.00%    passed     10.00%
  27  taxon_27    0.00%    passed     58.35%
  28  taxon_28    0.00%    passed     64.39%
  29  taxon_29    0.00%    passed     88.41%
  30  taxon_30    0.00%    passed     99.32%
****  TOTAL       0.00%  1 sequences failed composition chi2 test (p-value<5%; df=3)
Checking for duplicate sequences: done in 0.000129938 secs using 94.66% CPU

Create initial parsimony tree by phylogenetic likelihood library (PLL)... 0.003 seconds

NOTE: 1 MB RAM (0 GB) is required!
Measuring multi-threading efficiency up to 8 CPU cores
Increase to 10 rounds for branch lengths
387 trees examined
Threads: 1 / Time: 8.005 sec / Speedup: 1.000 / Efficiency: 100% / LogL: -86847
Threads: 2 / Time: 8.753 sec / Speedup: 0.915 / Efficiency: 46% / LogL: -86847
Determining AUTO threadcount: done in 16.7578 secs using 107.9% CPU
BEST NUMBER OF THREADS: 1

Estimate model parameters (epsilon = 0.100)
1. Initial log-likelihood: -78977.084
Optimal log-likelihood: -78243.742
Rate parameters:  A-C: 1.00000  A-G: 1.00000  A-T: 1.00000  C-G: 1.00000  C-T: 1.00000  G-T: 1.00000
Base frequencies:  A: 0.250  C: 0.250  G: 0.250  T: 0.250
Parameters optimization took 1 rounds (0.011 sec)
Wrote distance file to... 
Computing ML distances based on estimated model parameters...
Calculating distance matrix: done in 0.00133896 secs using 97.99% CPU
Computing ML distances took 0.001474 sec (of wall-clock time) 0.001440 sec (of CPU time)
WARNING: Some pairwise ML distances are too long (saturated)
Setting up auxiliary I and S matrices: done in 2.5034e-05 secs using 71.9% CPU
Constructing RapidNJ tree: done in 4.91142e-05 secs using 164.9% CPU
Computing RapidNJ tree took 0.000100 sec (of wall-clock time) 0.000117 sec (of CPU time)
Log-likelihood of RapidNJ tree: -79928.378
--------------------------------------------------------------------
|             INITIALIZING CANDIDATE TREE SET                      |
--------------------------------------------------------------------
Generating 98 parsimony trees... 0.283 second
Computing log-likelihood of 98 initial trees ... 0.247 seconds
Current best score: -78243.742

Do NNI search on 20 best initial trees
Estimate model parameters (epsilon = 0.100)
BETTER TREE FOUND at iteration 1: -78178.126
Estimate model parameters (epsilon = 0.100)
BETTER TREE FOUND at iteration 2: -78088.106
Estimate model parameters (epsilon = 0.100)
BETTER TREE FOUND at iteration 3: -78056.228
Iteration 10 / LogL: -78200.966 / Time: 0h:0m:17s
Iteration 20 / LogL: -78290.470 / Time: 0h:0m:18s
Finish initializing candidate tree set (19)
Current best tree score: -78056.228 / CPU time: 1.284
Number of iterations: 20
--------------------------------------------------------------------
|               OPTIMIZING CANDIDATE TREE SET                      |
--------------------------------------------------------------------
Iteration 30 / LogL: -78089.172 / Time: 0h:0m:18s (0h:0m:46s left)
Estimate model parameters (epsilon = 0.100)
BETTER TREE FOUND at iteration 39: -78030.143
Estimate model parameters (epsilon = 0.100)
BETTER TREE FOUND at iteration 40: -78014.055
Iteration 40 / LogL: -78014.055 / Time: 0h:0m:19s (0h:0m:49s left)
Iteration 50 / LogL: -78042.882 / Time: 0h:0m:19s (0h:0m:36s left)
Estimate model parameters (epsilon = 0.100)
BETTER TREE FOUND at iteration 51: -77995.675
Iteration 60 / LogL: -78011.378 / Time: 0h:0m:20s (0h:0m:31s left)
Iteration 70 / LogL: -78015.021 / Time: 0h:0m:20s (0h:0m:24s left)
Iteration 80 / LogL: -78125.382 / Time: 0h:0m:21s (0h:0m:19s left)
Iteration 90 / LogL: -78000.836 / Time: 0h:0m:21s (0h:0m:14s left)
Estimate model parameters (epsilon = 0.100)
BETTER TREE FOUND at iteration 98: -77978.006
Iteration 100 / LogL: -77998.482 / Time: 0h:0m:22s (0h:0m:22s left)
Iteration 110 / LogL: -78000.884 / Time: 0h:0m:22s (0h:0m:18s left)
Iteration 120 / LogL: -77980.408 / Time: 0h:0m:23s (0h:0m:15s left)
Iteration 130 / LogL: -77979.422 / Time: 0h:0m:23s (0h:0m:12s left)
Iteration 140 / LogL: -77984.702 / Time: 0h:0m:24s (0h:0m:10s left)
Iteration 150 / LogL: -78040.126 / Time: 0h:0m:25s (0h:0m:8s left)
Iteration 160 / LogL: -77984.989 / Time: 0h:0m:25s (0h:0m:6s left)
Iteration 170 / LogL: -77981.877 / Time: 0h:0m:25s (0h:0m:4s left)
Iteration 180 / LogL: -77980.234 / Time: 0h:0m:26s (0h:0m:2s left)
Iteration 190 / LogL: -77986.560 / Time: 0h:0m:26s (0h:0m:1s left)
TREE SEARCH COMPLETED AFTER 199 ITERATIONS / Time: 0h:0m:27s

--------------------------------------------------------------------
|                    FINALIZING TREE SEARCH                        |
--------------------------------------------------------------------
Performs final model parameters optimization
Estimate model parameters (epsilon = 0.010)
1. Initial log-likelihood: -77978.006
Optimal log-likelihood: -77977.960
Rate parameters:  A-C: 1.00000  A-G: 1.00000  A-T: 1.00000  C-G: 1.00000  C-T: 1.00000  G-T: 1.00000
Base frequencies:  A: 0.250  C: 0.250  G: 0.250  T: 0.250
Parameters optimization took 1 rounds (0.005 sec)
BEST SCORE FOUND : -77977.960
Total tree length: 19.672

Total number of iterations: 199
CPU time used for tree search: 10.598 sec (0h:0m:10s)
Wall-clock time used for tree search: 10.629 sec (0h:0m:10s)
Total CPU time used: 28.752 sec (0h:0m:28s)
Total wall-clock time used: 27.460 sec (0h:0m:27s)

Analysis results written to: 
  IQ-TREE report:                exp_baseline/m100_sel200_rep1/iqtree_out.iqtree
  Maximum-likelihood tree:       exp_baseline/m100_sel200_rep1/iqtree_out.treefile
  Likelihood distances:          exp_baseline/m100_sel200_rep1/iqtree_out.mldist
  Screen log file:               exp_baseline/m100_sel200_rep1/iqtree_out.log

Date and Time: Tue May 12 15:07:15 2026
