IQ-TREE version 3.1.1 for MacOS ARM 64-bit built Apr  8 2026
Developed by Bui Quang Minh, Thomas Wong, Nhan Ly-Trong, Huaiyan Ren
Contributed by Lam-Tung Nguyen, Dominik Schrempf, Chris Bielow,
Olga Chernomor, Michael Woodhams, Diep Thi Hoang, Heiko Schmidt

Host:    Noutbuk-maria.local (SSE4.2, 16 GB RAM)
Command: iqtree -s exp_baseline/m10_sel50_rep2/combined.fasta -m JC -nt AUTO -pre exp_baseline/m10_sel50_rep2/iqtree_out -seed 51242 -redo
Seed:    51242 (Using SPRNG - Scalable Parallel Random Number Generator)
Time:    Tue May 12 14:27:58 2026
Kernel:  SSE2 - auto-detect threads (8 CPU cores detected)

Reading alignment file exp_baseline/m10_sel50_rep2/combined.fasta ... Fasta format detected
Reading fasta file: done in 0.000490904 secs using 91.06% CPU
Alignment most likely contains DNA/RNA sequences
Constructing alignment: done in 0.000996113 secs using 57.62% CPU
Alignment has 30 sequences with 2050 columns, 2015 distinct patterns
2044 parsimony-informative, 0 singleton sites, 6 constant sites
          Gap/Ambiguity  Composition  p-value
Analyzing sequences: done in 4.41074e-05 secs using 258.5% CPU
   1  taxon_1     0.00%    passed     42.12%
   2  taxon_2     0.00%    passed     36.23%
   3  taxon_3     0.00%    passed     96.73%
   4  taxon_4     0.00%    passed     46.23%
   5  taxon_5     0.00%    passed     83.26%
   6  taxon_6     0.00%    passed     54.00%
   7  taxon_7     0.00%    passed     93.16%
   8  taxon_8     0.00%    passed     70.79%
   9  taxon_9     0.00%    passed     89.52%
  10  taxon_10    0.00%    passed     50.80%
  11  taxon_11    0.00%    passed     85.42%
  12  taxon_12    0.00%    passed     45.55%
  13  taxon_13    0.00%    passed     36.37%
  14  taxon_14    0.00%    passed     93.95%
  15  taxon_15    0.00%    passed     17.19%
  16  taxon_16    0.00%    passed      9.05%
  17  taxon_17    0.00%    passed     64.28%
  18  taxon_18    0.00%    passed     55.31%
  19  taxon_19    0.00%    passed     52.19%
  20  taxon_20    0.00%    passed     57.91%
  21  taxon_21    0.00%    passed     68.86%
  22  taxon_22    0.00%    passed     74.70%
  23  taxon_23    0.00%    passed     97.05%
  24  taxon_24    0.00%    passed     40.23%
  25  taxon_25    0.00%    passed     59.08%
  26  taxon_26    0.00%    passed      7.99%
  27  taxon_27    0.00%    passed     86.48%
  28  taxon_28    0.00%    passed     84.74%
  29  taxon_29    0.00%    passed     23.33%
  30  taxon_30    0.00%    passed     25.69%
****  TOTAL       0.00%  0 sequences failed composition chi2 test (p-value<5%; df=3)
Checking for duplicate sequences: done in 0.000128984 secs using 92.26% CPU

Create initial parsimony tree by phylogenetic likelihood library (PLL)... 0.002 seconds

NOTE: 1 MB RAM (0 GB) is required!
Measuring multi-threading efficiency up to 8 CPU cores
Increase to 10 rounds for branch lengths
379 trees examined
Threads: 1 / Time: 8.011 sec / Speedup: 1.000 / Efficiency: 100% / LogL: -78402
Threads: 2 / Time: 8.844 sec / Speedup: 0.906 / Efficiency: 45% / LogL: -78402
Determining AUTO threadcount: done in 16.8552 secs using 107.4% CPU
BEST NUMBER OF THREADS: 1

Estimate model parameters (epsilon = 0.100)
1. Initial log-likelihood: -73837.460
Optimal log-likelihood: -73272.728
Rate parameters:  A-C: 1.00000  A-G: 1.00000  A-T: 1.00000  C-G: 1.00000  C-T: 1.00000  G-T: 1.00000
Base frequencies:  A: 0.250  C: 0.250  G: 0.250  T: 0.250
Parameters optimization took 1 rounds (0.019 sec)
Wrote distance file to... 
Computing ML distances based on estimated model parameters...
Calculating distance matrix: done in 0.00142908 secs using 98.38% CPU
Computing ML distances took 0.001564 sec (of wall-clock time) 0.001534 sec (of CPU time)
WARNING: Some pairwise ML distances are too long (saturated)
Setting up auxiliary I and S matrices: done in 2.5034e-05 secs using 71.9% CPU
Constructing RapidNJ tree: done in 4.69685e-05 secs using 163.9% CPU
Computing RapidNJ tree took 0.000092 sec (of wall-clock time) 0.000113 sec (of CPU time)
Log-likelihood of RapidNJ tree: -73328.937
--------------------------------------------------------------------
|             INITIALIZING CANDIDATE TREE SET                      |
--------------------------------------------------------------------
Generating 98 parsimony trees... 0.285 second
Computing log-likelihood of 98 initial trees ... 0.248 seconds
Current best score: -73272.728

Do NNI search on 20 best initial trees
Estimate model parameters (epsilon = 0.100)
BETTER TREE FOUND at iteration 1: -73220.227
Iteration 10 / LogL: -73225.360 / Time: 0h:0m:18s
Iteration 20 / LogL: -73229.464 / Time: 0h:0m:18s
Finish initializing candidate tree set (20)
Current best tree score: -73220.227 / CPU time: 1.754
Number of iterations: 20
--------------------------------------------------------------------
|               OPTIMIZING CANDIDATE TREE SET                      |
--------------------------------------------------------------------
Estimate model parameters (epsilon = 0.100)
BETTER TREE FOUND at iteration 26: -73216.992
Iteration 30 / LogL: -73220.957 / Time: 0h:0m:19s (0h:1m:4s left)
Iteration 40 / LogL: -73236.883 / Time: 0h:0m:20s (0h:0m:44s left)
Iteration 50 / LogL: -73276.538 / Time: 0h:0m:21s (0h:0m:32s left)
Iteration 60 / LogL: -73237.831 / Time: 0h:0m:21s (0h:0m:24s left)
Iteration 70 / LogL: -73342.305 / Time: 0h:0m:22s (0h:0m:18s left)
Iteration 80 / LogL: -73229.728 / Time: 0h:0m:23s (0h:0m:13s left)
Iteration 90 / LogL: -73227.500 / Time: 0h:0m:24s (0h:0m:9s left)
Iteration 100 / LogL: -73244.867 / Time: 0h:0m:24s (0h:0m:6s left)
Iteration 110 / LogL: -73226.513 / Time: 0h:0m:25s (0h:0m:3s left)
Iteration 120 / LogL: -73224.924 / Time: 0h:0m:26s (0h:0m:1s left)
TREE SEARCH COMPLETED AFTER 127 ITERATIONS / Time: 0h:0m:27s

--------------------------------------------------------------------
|                    FINALIZING TREE SEARCH                        |
--------------------------------------------------------------------
Performs final model parameters optimization
Estimate model parameters (epsilon = 0.010)
1. Initial log-likelihood: -73216.992
Optimal log-likelihood: -73216.483
Rate parameters:  A-C: 1.00000  A-G: 1.00000  A-T: 1.00000  C-G: 1.00000  C-T: 1.00000  G-T: 1.00000
Base frequencies:  A: 0.250  C: 0.250  G: 0.250  T: 0.250
Parameters optimization took 1 rounds (0.030 sec)
BEST SCORE FOUND : -73216.483
Total tree length: 22.860

Total number of iterations: 127
CPU time used for tree search: 10.072 sec (0h:0m:10s)
Wall-clock time used for tree search: 10.103 sec (0h:0m:10s)
Total CPU time used: 28.358 sec (0h:0m:28s)
Total wall-clock time used: 27.144 sec (0h:0m:27s)

Analysis results written to: 
  IQ-TREE report:                exp_baseline/m10_sel50_rep2/iqtree_out.iqtree
  Maximum-likelihood tree:       exp_baseline/m10_sel50_rep2/iqtree_out.treefile
  Likelihood distances:          exp_baseline/m10_sel50_rep2/iqtree_out.mldist
  Screen log file:               exp_baseline/m10_sel50_rep2/iqtree_out.log

Date and Time: Tue May 12 14:28:25 2026
