IQ-TREE version 3.1.1 for MacOS ARM 64-bit built Apr  8 2026
Developed by Bui Quang Minh, Thomas Wong, Nhan Ly-Trong, Huaiyan Ren
Contributed by Lam-Tung Nguyen, Dominik Schrempf, Chris Bielow,
Olga Chernomor, Michael Woodhams, Diep Thi Hoang, Heiko Schmidt

Host:    Noutbuk-maria.local (SSE4.2, 16 GB RAM)
Command: iqtree -s exp_baseline/m20_sel1000_rep2/combined.fasta -m JC -nt AUTO -pre exp_baseline/m20_sel1000_rep2/iqtree_out -seed 1002242 -redo
Seed:    1002242 (Using SPRNG - Scalable Parallel Random Number Generator)
Time:    Tue May 12 14:47:23 2026
Kernel:  SSE2 - auto-detect threads (8 CPU cores detected)

Reading alignment file exp_baseline/m20_sel1000_rep2/combined.fasta ... Fasta format detected
Reading fasta file: done in 0.000708103 secs using 90.52% CPU
Alignment most likely contains DNA/RNA sequences
Constructing alignment: done in 0.00131392 secs using 54.49% CPU
Alignment has 30 sequences with 3000 columns, 2016 distinct patterns
2948 parsimony-informative, 0 singleton sites, 52 constant sites
          Gap/Ambiguity  Composition  p-value
Analyzing sequences: done in 7.00951e-05 secs using 162.6% CPU
   1  taxon_1     0.00%    passed     65.83%
   2  taxon_2     0.00%    passed     89.09%
   3  taxon_3     0.00%    passed     91.27%
   4  taxon_4     0.00%    passed     74.60%
   5  taxon_5     0.00%    passed     76.07%
   6  taxon_6     0.00%    passed     99.03%
   7  taxon_7     0.00%    passed      9.25%
   8  taxon_8     0.00%    passed     58.79%
   9  taxon_9     0.00%    passed     87.22%
  10  taxon_10    0.00%    passed     94.83%
  11  taxon_11    0.00%    passed     23.26%
  12  taxon_12    0.00%    passed     70.03%
  13  taxon_13    0.00%    failed      1.42%
  14  taxon_14    0.00%    passed     47.93%
  15  taxon_15    0.00%    passed     52.54%
  16  taxon_16    0.00%    passed     66.70%
  17  taxon_17    0.00%    passed     13.76%
  18  taxon_18    0.00%    passed     87.16%
  19  taxon_19    0.00%    passed     57.41%
  20  taxon_20    0.00%    passed     57.44%
  21  taxon_21    0.00%    passed     41.35%
  22  taxon_22    0.00%    passed     77.67%
  23  taxon_23    0.00%    passed     75.84%
  24  taxon_24    0.00%    passed      7.37%
  25  taxon_25    0.00%    passed     86.81%
  26  taxon_26    0.00%    passed     72.67%
  27  taxon_27    0.00%    passed     17.44%
  28  taxon_28    0.00%    passed     63.54%
  29  taxon_29    0.00%    passed     51.76%
  30  taxon_30    0.00%    failed      1.33%
****  TOTAL       0.00%  2 sequences failed composition chi2 test (p-value<5%; df=3)
Checking for duplicate sequences: done in 0.000128031 secs using 92.17% CPU

Create initial parsimony tree by phylogenetic likelihood library (PLL)... 0.002 seconds

NOTE: 1 MB RAM (0 GB) is required!
Measuring multi-threading efficiency up to 8 CPU cores
Increase to 10 rounds for branch lengths
433 trees examined
Threads: 1 / Time: 8.004 sec / Speedup: 1.000 / Efficiency: 100% / LogL: -112877
Threads: 2 / Time: 8.452 sec / Speedup: 0.947 / Efficiency: 47% / LogL: -112877
Determining AUTO threadcount: done in 16.4556 secs using 108.7% CPU
BEST NUMBER OF THREADS: 1

Estimate model parameters (epsilon = 0.100)
1. Initial log-likelihood: -99701.707
Optimal log-likelihood: -99186.031
Rate parameters:  A-C: 1.00000  A-G: 1.00000  A-T: 1.00000  C-G: 1.00000  C-T: 1.00000  G-T: 1.00000
Base frequencies:  A: 0.250  C: 0.250  G: 0.250  T: 0.250
Parameters optimization took 1 rounds (0.011 sec)
Wrote distance file to... 
Computing ML distances based on estimated model parameters...
Calculating distance matrix: done in 0.00133801 secs using 99.33% CPU
Computing ML distances took 0.001479 sec (of wall-clock time) 0.001460 sec (of CPU time)
WARNING: Some pairwise ML distances are too long (saturated)
Setting up auxiliary I and S matrices: done in 2.38419e-05 secs using 75.5% CPU
Constructing RapidNJ tree: done in 4.3869e-05 secs using 173.2% CPU
Computing RapidNJ tree took 0.000090 sec (of wall-clock time) 0.000112 sec (of CPU time)
Log-likelihood of RapidNJ tree: -99948.626
--------------------------------------------------------------------
|             INITIALIZING CANDIDATE TREE SET                      |
--------------------------------------------------------------------
Generating 98 parsimony trees... 0.316 second
Computing log-likelihood of 98 initial trees ... 0.229 seconds
Current best score: -99186.031

Do NNI search on 20 best initial trees
Estimate model parameters (epsilon = 0.100)
BETTER TREE FOUND at iteration 1: -99163.975
Estimate model parameters (epsilon = 0.100)
BETTER TREE FOUND at iteration 7: -99152.560
Iteration 10 / LogL: -99155.717 / Time: 0h:0m:17s
Iteration 20 / LogL: -99256.207 / Time: 0h:0m:17s
Finish initializing candidate tree set (15)
Current best tree score: -99152.560 / CPU time: 1.227
Number of iterations: 20
--------------------------------------------------------------------
|               OPTIMIZING CANDIDATE TREE SET                      |
--------------------------------------------------------------------
Iteration 30 / LogL: -99155.755 / Time: 0h:0m:18s (0h:0m:48s left)
Iteration 40 / LogL: -99294.728 / Time: 0h:0m:18s (0h:0m:32s left)
Iteration 50 / LogL: -99156.096 / Time: 0h:0m:19s (0h:0m:22s left)
Iteration 60 / LogL: -99155.731 / Time: 0h:0m:19s (0h:0m:15s left)
Iteration 70 / LogL: -99166.731 / Time: 0h:0m:19s (0h:0m:10s left)
Iteration 80 / LogL: -99297.442 / Time: 0h:0m:20s (0h:0m:6s left)
Iteration 90 / LogL: -99298.911 / Time: 0h:0m:20s (0h:0m:3s left)
Iteration 100 / LogL: -99294.728 / Time: 0h:0m:21s (0h:0m:1s left)
TREE SEARCH COMPLETED AFTER 108 ITERATIONS / Time: 0h:0m:21s

--------------------------------------------------------------------
|                    FINALIZING TREE SEARCH                        |
--------------------------------------------------------------------
Performs final model parameters optimization
Estimate model parameters (epsilon = 0.010)
1. Initial log-likelihood: -99152.560
Optimal log-likelihood: -99152.560
Rate parameters:  A-C: 1.00000  A-G: 1.00000  A-T: 1.00000  C-G: 1.00000  C-T: 1.00000  G-T: 1.00000
Base frequencies:  A: 0.250  C: 0.250  G: 0.250  T: 0.250
Parameters optimization took 1 rounds (0.003 sec)
BEST SCORE FOUND : -99152.560
Total tree length: 13.817

Total number of iterations: 108
CPU time used for tree search: 5.089 sec (0h:0m:5s)
Wall-clock time used for tree search: 5.108 sec (0h:0m:5s)
Total CPU time used: 23.010 sec (0h:0m:23s)
Total wall-clock time used: 21.603 sec (0h:0m:21s)

Analysis results written to: 
  IQ-TREE report:                exp_baseline/m20_sel1000_rep2/iqtree_out.iqtree
  Maximum-likelihood tree:       exp_baseline/m20_sel1000_rep2/iqtree_out.treefile
  Likelihood distances:          exp_baseline/m20_sel1000_rep2/iqtree_out.mldist
  Screen log file:               exp_baseline/m20_sel1000_rep2/iqtree_out.log

Date and Time: Tue May 12 14:47:45 2026
