IQ-TREE version 3.1.1 for MacOS ARM 64-bit built Apr  8 2026
Developed by Bui Quang Minh, Thomas Wong, Nhan Ly-Trong, Huaiyan Ren
Contributed by Lam-Tung Nguyen, Dominik Schrempf, Chris Bielow,
Olga Chernomor, Michael Woodhams, Diep Thi Hoang, Heiko Schmidt

Host:    Noutbuk-maria.local (SSE4.2, 16 GB RAM)
Command: iqtree -s exp_baseline/m50_sel50_rep5/combined.fasta -m JC -nt AUTO -pre exp_baseline/m50_sel50_rep5/iqtree_out -seed 55542 -redo
Seed:    55542 (Using SPRNG - Scalable Parallel Random Number Generator)
Time:    Tue May 12 14:53:34 2026
Kernel:  SSE2 - auto-detect threads (8 CPU cores detected)

Reading alignment file exp_baseline/m50_sel50_rep5/combined.fasta ... Fasta format detected
Reading fasta file: done in 0.000487089 secs using 91.15% CPU
Alignment most likely contains DNA/RNA sequences
Constructing alignment: done in 0.000976086 secs using 57.88% CPU
Alignment has 30 sequences with 2050 columns, 2014 distinct patterns
2048 parsimony-informative, 0 singleton sites, 2 constant sites
          Gap/Ambiguity  Composition  p-value
Analyzing sequences: done in 4.60148e-05 secs using 254.3% CPU
   1  taxon_1     0.00%    passed     88.59%
   2  taxon_2     0.00%    passed     30.93%
   3  taxon_3     0.00%    passed     73.67%
   4  taxon_4     0.00%    passed     45.03%
   5  taxon_5     0.00%    passed     91.94%
   6  taxon_6     0.00%    passed     58.07%
   7  taxon_7     0.00%    passed     23.99%
   8  taxon_8     0.00%    passed     74.68%
   9  taxon_9     0.00%    passed     66.16%
  10  taxon_10    0.00%    passed     96.93%
  11  taxon_11    0.00%    passed     12.44%
  12  taxon_12    0.00%    passed     31.69%
  13  taxon_13    0.00%    failed      3.18%
  14  taxon_14    0.00%    passed     74.87%
  15  taxon_15    0.00%    passed     88.90%
  16  taxon_16    0.00%    passed     22.50%
  17  taxon_17    0.00%    passed     36.84%
  18  taxon_18    0.00%    passed     91.71%
  19  taxon_19    0.00%    passed     73.27%
  20  taxon_20    0.00%    passed     74.24%
  21  taxon_21    0.00%    passed     61.53%
  22  taxon_22    0.00%    passed     54.35%
  23  taxon_23    0.00%    passed     29.55%
  24  taxon_24    0.00%    passed     49.51%
  25  taxon_25    0.00%    passed     91.73%
  26  taxon_26    0.00%    failed      3.04%
  27  taxon_27    0.00%    passed     96.23%
  28  taxon_28    0.00%    passed     22.99%
  29  taxon_29    0.00%    passed     23.93%
  30  taxon_30    0.00%    passed     37.23%
****  TOTAL       0.00%  2 sequences failed composition chi2 test (p-value<5%; df=3)
Checking for duplicate sequences: done in 0.000128031 secs using 89.04% CPU

Create initial parsimony tree by phylogenetic likelihood library (PLL)... 0.002 seconds

NOTE: 1 MB RAM (0 GB) is required!
Measuring multi-threading efficiency up to 8 CPU cores
Increase to 10 rounds for branch lengths
365 trees examined
Threads: 1 / Time: 8.021 sec / Speedup: 1.000 / Efficiency: 100% / LogL: -76442
Threads: 2 / Time: 7.984 sec / Speedup: 1.005 / Efficiency: 50% / LogL: -76442
Threads: 3 / Time: 8.384 sec / Speedup: 0.957 / Efficiency: 32% / LogL: -76442
Determining AUTO threadcount: done in 24.3888 secs using 112% CPU
BEST NUMBER OF THREADS: 1

Estimate model parameters (epsilon = 0.100)
1. Initial log-likelihood: -71411.980
Optimal log-likelihood: -70817.852
Rate parameters:  A-C: 1.00000  A-G: 1.00000  A-T: 1.00000  C-G: 1.00000  C-T: 1.00000  G-T: 1.00000
Base frequencies:  A: 0.250  C: 0.250  G: 0.250  T: 0.250
Parameters optimization took 1 rounds (0.016 sec)
Wrote distance file to... 
Computing ML distances based on estimated model parameters...
Calculating distance matrix: done in 0.00155306 secs using 99.16% CPU
Computing ML distances took 0.001709 sec (of wall-clock time) 0.001689 sec (of CPU time)
WARNING: Some pairwise ML distances are too long (saturated)
Setting up auxiliary I and S matrices: done in 2.90871e-05 secs using 65.32% CPU
Constructing RapidNJ tree: done in 5.6982e-05 secs using 80.73% CPU
Computing RapidNJ tree took 0.000111 sec (of wall-clock time) 0.000075 sec (of CPU time)
Log-likelihood of RapidNJ tree: -70925.269
--------------------------------------------------------------------
|             INITIALIZING CANDIDATE TREE SET                      |
--------------------------------------------------------------------
Generating 98 parsimony trees... 0.268 second
Computing log-likelihood of 98 initial trees ... 0.266 seconds
Current best score: -70817.852

Do NNI search on 20 best initial trees
Estimate model parameters (epsilon = 0.100)
BETTER TREE FOUND at iteration 1: -70662.098
Estimate model parameters (epsilon = 0.100)
BETTER TREE FOUND at iteration 3: -70638.196
Iteration 10 / LogL: -70645.131 / Time: 0h:0m:25s
Iteration 20 / LogL: -70643.872 / Time: 0h:0m:26s
Finish initializing candidate tree set (17)
Current best tree score: -70638.196 / CPU time: 1.859
Number of iterations: 20
--------------------------------------------------------------------
|               OPTIMIZING CANDIDATE TREE SET                      |
--------------------------------------------------------------------
Iteration 30 / LogL: -70641.718 / Time: 0h:0m:26s (0h:1m:7s left)
Iteration 40 / LogL: -70641.277 / Time: 0h:0m:27s (0h:0m:44s left)
Iteration 50 / LogL: -70639.052 / Time: 0h:0m:28s (0h:0m:30s left)
Iteration 60 / LogL: -70674.033 / Time: 0h:0m:28s (0h:0m:20s left)
Iteration 70 / LogL: -70639.096 / Time: 0h:0m:29s (0h:0m:13s left)
Iteration 80 / LogL: -70648.633 / Time: 0h:0m:29s (0h:0m:8s left)
Iteration 90 / LogL: -70645.098 / Time: 0h:0m:30s (0h:0m:4s left)
Iteration 100 / LogL: -70643.235 / Time: 0h:0m:31s (0h:0m:0s left)
TREE SEARCH COMPLETED AFTER 104 ITERATIONS / Time: 0h:0m:31s

--------------------------------------------------------------------
|                    FINALIZING TREE SEARCH                        |
--------------------------------------------------------------------
Performs final model parameters optimization
Estimate model parameters (epsilon = 0.010)
1. Initial log-likelihood: -70638.196
Optimal log-likelihood: -70638.060
Rate parameters:  A-C: 1.00000  A-G: 1.00000  A-T: 1.00000  C-G: 1.00000  C-T: 1.00000  G-T: 1.00000
Base frequencies:  A: 0.250  C: 0.250  G: 0.250  T: 0.250
Parameters optimization took 1 rounds (0.010 sec)
BEST SCORE FOUND : -70638.060
Total tree length: 19.041

Total number of iterations: 104
CPU time used for tree search: 6.798 sec (0h:0m:6s)
Wall-clock time used for tree search: 6.819 sec (0h:0m:6s)
Total CPU time used: 34.186 sec (0h:0m:34s)
Total wall-clock time used: 31.291 sec (0h:0m:31s)

Analysis results written to: 
  IQ-TREE report:                exp_baseline/m50_sel50_rep5/iqtree_out.iqtree
  Maximum-likelihood tree:       exp_baseline/m50_sel50_rep5/iqtree_out.treefile
  Likelihood distances:          exp_baseline/m50_sel50_rep5/iqtree_out.mldist
  Screen log file:               exp_baseline/m50_sel50_rep5/iqtree_out.log

Date and Time: Tue May 12 14:54:05 2026
