IQ-TREE version 3.1.1 for MacOS ARM 64-bit built Apr  8 2026
Developed by Bui Quang Minh, Thomas Wong, Nhan Ly-Trong, Huaiyan Ren
Contributed by Lam-Tung Nguyen, Dominik Schrempf, Chris Bielow,
Olga Chernomor, Michael Woodhams, Diep Thi Hoang, Heiko Schmidt

Host:    Noutbuk-maria.local (SSE4.2, 16 GB RAM)
Command: iqtree -s exp_stable_0.0001/m0_sel2_rep3/neutral.fasta -m JC -nt AUTO -pre exp_stable_0.0001/m0_sel2_rep3/iqtree_out -seed 2342 -redo
Seed:    2342 (Using SPRNG - Scalable Parallel Random Number Generator)
Time:    Sat May 16 17:41:26 2026
Kernel:  SSE2 - auto-detect threads (8 CPU cores detected)

Reading alignment file exp_stable_0.0001/m0_sel2_rep3/neutral.fasta ... Fasta format detected
Reading fasta file: done in 0.00117898 secs using 89.48% CPU
Alignment most likely contains DNA/RNA sequences
Constructing alignment: done in 0.00126004 secs using 60.79% CPU
Alignment has 50 sequences with 3000 columns, 825 distinct patterns
380 parsimony-informative, 834 singleton sites, 1786 constant sites
          Gap/Ambiguity  Composition  p-value
Analyzing sequences: done in 4.19617e-05 secs using 159.7% CPU
   1  taxon_1     0.00%    passed     97.43%
   2  taxon_2     0.00%    passed     99.37%
   3  taxon_3     0.00%    passed     98.62%
   4  taxon_4     0.00%    passed     98.90%
   5  taxon_5     0.00%    passed     99.11%
   6  taxon_6     0.00%    passed     99.40%
   7  taxon_7     0.00%    passed     99.92%
   8  taxon_8     0.00%    passed     99.13%
   9  taxon_9     0.00%    passed     99.66%
  10  taxon_10    0.00%    passed     99.73%
  11  taxon_11    0.00%    passed     92.78%
  12  taxon_12    0.00%    passed     99.79%
  13  taxon_13    0.00%    passed     99.44%
  14  taxon_14    0.00%    passed     99.06%
  15  taxon_15    0.00%    passed     98.96%
  16  taxon_16    0.00%    passed     98.85%
  17  taxon_17    0.00%    passed     96.07%
  18  taxon_18    0.00%    passed     96.99%
  19  taxon_19    0.00%    passed     92.84%
  20  taxon_20    0.00%    passed     98.70%
  21  taxon_21    0.00%    passed     98.52%
  22  taxon_22    0.00%    passed     99.73%
  23  taxon_23    0.00%    passed     93.88%
  24  taxon_24    0.00%    passed     99.35%
  25  taxon_25    0.00%    passed     99.99%
  26  taxon_26    0.00%    passed     98.05%
  27  taxon_27    0.00%    passed     98.99%
  28  taxon_28    0.00%    passed     99.01%
  29  taxon_29    0.00%    passed     94.50%
  30  taxon_30    0.00%    passed     95.55%
  31  taxon_31    0.00%    passed    100.00%
  32  taxon_32    0.00%    passed     99.12%
  33  taxon_33    0.00%    passed     99.30%
  34  taxon_34    0.00%    passed     99.21%
  35  taxon_35    0.00%    passed     98.91%
  36  taxon_36    0.00%    passed     99.73%
  37  taxon_37    0.00%    passed     99.16%
  38  taxon_38    0.00%    passed     99.32%
  39  taxon_39    0.00%    passed     97.98%
  40  taxon_40    0.00%    passed     98.30%
  41  taxon_41    0.00%    passed     98.69%
  42  taxon_42    0.00%    passed     99.00%
  43  taxon_43    0.00%    passed     92.55%
  44  taxon_44    0.00%    passed     98.47%
  45  taxon_45    0.00%    passed     97.40%
  46  taxon_46    0.00%    passed     98.86%
  47  taxon_47    0.00%    passed     98.51%
  48  taxon_48    0.00%    passed     99.21%
  49  taxon_49    0.00%    passed     97.74%
  50  taxon_50    0.00%    passed     99.78%
****  TOTAL       0.00%  0 sequences failed composition chi2 test (p-value<5%; df=3)
Checking for duplicate sequences: done in 0.000114918 secs using 83.54% CPU

Create initial parsimony tree by phylogenetic likelihood library (PLL)... 0.002 seconds

NOTE: 1 MB RAM (0 GB) is required!
Measuring multi-threading efficiency up to 8 CPU cores
Increase to 10 rounds for branch lengths
1084 trees examined
Threads: 1 / Time: 8.003 sec / Speedup: 1.000 / Efficiency: 100% / LogL: -20383
Threads: 2 / Time: 9.812 sec / Speedup: 0.816 / Efficiency: 41% / LogL: -20383
Determining AUTO threadcount: done in 17.8153 secs using 105.3% CPU
BEST NUMBER OF THREADS: 1

Estimate model parameters (epsilon = 0.100)
1. Initial log-likelihood: -14764.857
Optimal log-likelihood: -14764.523
Rate parameters:  A-C: 1.00000  A-G: 1.00000  A-T: 1.00000  C-G: 1.00000  C-T: 1.00000  G-T: 1.00000
Base frequencies:  A: 0.250  C: 0.250  G: 0.250  T: 0.250
Parameters optimization took 1 rounds (0.003 sec)
Wrote distance file to... 
Computing ML distances based on estimated model parameters...
Calculating distance matrix: done in 0.00317788 secs using 83.04% CPU
Computing ML distances took 0.003267 sec (of wall-clock time) 0.002723 sec (of CPU time)
Setting up auxiliary I and S matrices: done in 4.41074e-05 secs using 74.82% CPU
Constructing RapidNJ tree: done in 0.000113964 secs using 157.1% CPU
Computing RapidNJ tree took 0.000182 sec (of wall-clock time) 0.000229 sec (of CPU time)
Log-likelihood of RapidNJ tree: -14820.983
--------------------------------------------------------------------
|             INITIALIZING CANDIDATE TREE SET                      |
--------------------------------------------------------------------
Generating 98 parsimony trees... 0.157 second
Computing log-likelihood of 98 initial trees ... 0.158 seconds
Current best score: -14764.523

Do NNI search on 20 best initial trees
Estimate model parameters (epsilon = 0.100)
BETTER TREE FOUND at iteration 1: -14764.522
Iteration 10 / LogL: -14764.522 / Time: 0h:0m:18s
UPDATE BEST LOG-LIKELIHOOD: -14764.522
UPDATE BEST LOG-LIKELIHOOD: -14764.522
UPDATE BEST LOG-LIKELIHOOD: -14764.522
Iteration 20 / LogL: -14764.522 / Time: 0h:0m:18s
Finish initializing candidate tree set (2)
Current best tree score: -14764.522 / CPU time: 0.472
Number of iterations: 20
--------------------------------------------------------------------
|               OPTIMIZING CANDIDATE TREE SET                      |
--------------------------------------------------------------------
Iteration 30 / LogL: -14764.534 / Time: 0h:0m:18s (0h:0m:45s left)
UPDATE BEST LOG-LIKELIHOOD: -14764.522
Iteration 40 / LogL: -14764.540 / Time: 0h:0m:18s (0h:0m:29s left)
Iteration 50 / LogL: -14764.541 / Time: 0h:0m:19s (0h:0m:19s left)
Iteration 60 / LogL: -14800.258 / Time: 0h:0m:19s (0h:0m:13s left)
Iteration 70 / LogL: -14764.536 / Time: 0h:0m:19s (0h:0m:8s left)
Iteration 80 / LogL: -14764.534 / Time: 0h:0m:19s (0h:0m:5s left)
Iteration 90 / LogL: -14764.531 / Time: 0h:0m:20s (0h:0m:2s left)
Iteration 100 / LogL: -14764.526 / Time: 0h:0m:20s (0h:0m:0s left)
TREE SEARCH COMPLETED AFTER 102 ITERATIONS / Time: 0h:0m:20s

--------------------------------------------------------------------
|                    FINALIZING TREE SEARCH                        |
--------------------------------------------------------------------
Performs final model parameters optimization
Estimate model parameters (epsilon = 0.010)
1. Initial log-likelihood: -14764.522
Optimal log-likelihood: -14764.522
Rate parameters:  A-C: 1.00000  A-G: 1.00000  A-T: 1.00000  C-G: 1.00000  C-T: 1.00000  G-T: 1.00000
Base frequencies:  A: 0.250  C: 0.250  G: 0.250  T: 0.250
Parameters optimization took 1 rounds (0.004 sec)
BEST SCORE FOUND : -14764.522
Total tree length: 0.511

Total number of iterations: 102
CPU time used for tree search: 2.615 sec (0h:0m:2s)
Wall-clock time used for tree search: 2.622 sec (0h:0m:2s)
Total CPU time used: 21.392 sec (0h:0m:21s)
Total wall-clock time used: 20.462 sec (0h:0m:20s)

Analysis results written to: 
  IQ-TREE report:                exp_stable_0.0001/m0_sel2_rep3/iqtree_out.iqtree
  Maximum-likelihood tree:       exp_stable_0.0001/m0_sel2_rep3/iqtree_out.treefile
  Likelihood distances:          exp_stable_0.0001/m0_sel2_rep3/iqtree_out.mldist
  Screen log file:               exp_stable_0.0001/m0_sel2_rep3/iqtree_out.log

Date and Time: Sat May 16 17:41:47 2026
