IQ-TREE version 3.1.1 for MacOS ARM 64-bit built Apr  8 2026
Developed by Bui Quang Minh, Thomas Wong, Nhan Ly-Trong, Huaiyan Ren
Contributed by Lam-Tung Nguyen, Dominik Schrempf, Chris Bielow,
Olga Chernomor, Michael Woodhams, Diep Thi Hoang, Heiko Schmidt

Host:    Noutbuk-maria.local (SSE4.2, 16 GB RAM)
Command: iqtree -s exp_stable_0.0005/m0_sel2_rep2/neutral.fasta -m JC -nt AUTO -pre exp_stable_0.0005/m0_sel2_rep2/iqtree_out -seed 2242 -redo
Seed:    2242 (Using SPRNG - Scalable Parallel Random Number Generator)
Time:    Sat May 16 19:46:14 2026
Kernel:  SSE2 - auto-detect threads (8 CPU cores detected)

Reading alignment file exp_stable_0.0005/m0_sel2_rep2/neutral.fasta ... Fasta format detected
Reading fasta file: done in 0.00117683 secs using 89.82% CPU
Alignment most likely contains DNA/RNA sequences
Constructing alignment: done in 0.00156498 secs using 61.41% CPU
Alignment has 50 sequences with 3000 columns, 2298 distinct patterns
1573 parsimony-informative, 1055 singleton sites, 372 constant sites
          Gap/Ambiguity  Composition  p-value
Analyzing sequences: done in 8.60691e-05 secs using 277.7% CPU
   1  taxon_1     0.00%    passed     98.05%
   2  taxon_2     0.00%    passed     94.60%
   3  taxon_3     0.00%    passed     96.45%
   4  taxon_4     0.00%    passed     68.56%
   5  taxon_5     0.00%    passed     87.62%
   6  taxon_6     0.00%    passed     86.99%
   7  taxon_7     0.00%    passed     90.02%
   8  taxon_8     0.00%    passed     95.56%
   9  taxon_9     0.00%    passed     91.12%
  10  taxon_10    0.00%    passed     82.90%
  11  taxon_11    0.00%    passed     88.15%
  12  taxon_12    0.00%    passed     98.63%
  13  taxon_13    0.00%    passed     98.57%
  14  taxon_14    0.00%    passed     90.53%
  15  taxon_15    0.00%    passed     86.19%
  16  taxon_16    0.00%    passed     91.00%
  17  taxon_17    0.00%    passed     92.85%
  18  taxon_18    0.00%    passed     86.25%
  19  taxon_19    0.00%    passed     88.74%
  20  taxon_20    0.00%    passed     99.01%
  21  taxon_21    0.00%    passed     67.40%
  22  taxon_22    0.00%    passed     94.28%
  23  taxon_23    0.00%    passed     88.56%
  24  taxon_24    0.00%    passed     96.10%
  25  taxon_25    0.00%    passed     93.47%
  26  taxon_26    0.00%    passed     83.24%
  27  taxon_27    0.00%    passed     94.73%
  28  taxon_28    0.00%    passed     74.94%
  29  taxon_29    0.00%    passed     99.47%
  30  taxon_30    0.00%    passed     46.99%
  31  taxon_31    0.00%    passed     82.38%
  32  taxon_32    0.00%    passed     93.45%
  33  taxon_33    0.00%    passed     81.01%
  34  taxon_34    0.00%    passed     98.78%
  35  taxon_35    0.00%    passed     87.11%
  36  taxon_36    0.00%    passed     98.10%
  37  taxon_37    0.00%    passed     97.90%
  38  taxon_38    0.00%    passed     97.52%
  39  taxon_39    0.00%    passed     98.50%
  40  taxon_40    0.00%    passed     93.63%
  41  taxon_41    0.00%    passed     98.26%
  42  taxon_42    0.00%    passed     92.13%
  43  taxon_43    0.00%    passed     92.31%
  44  taxon_44    0.00%    passed     78.13%
  45  taxon_45    0.00%    passed     90.38%
  46  taxon_46    0.00%    passed     90.22%
  47  taxon_47    0.00%    passed     92.75%
  48  taxon_48    0.00%    passed     95.46%
  49  taxon_49    0.00%    passed     97.83%
  50  taxon_50    0.00%    passed     96.10%
****  TOTAL       0.00%  0 sequences failed composition chi2 test (p-value<5%; df=3)
Checking for duplicate sequences: done in 0.000235081 secs using 92.31% CPU

Create initial parsimony tree by phylogenetic likelihood library (PLL)... 0.004 seconds

NOTE: 3 MB RAM (0 GB) is required!
Measuring multi-threading efficiency up to 8 CPU cores
Increase to 10 rounds for branch lengths
294 trees examined
Threads: 1 / Time: 8.014 sec / Speedup: 1.000 / Efficiency: 100% / LogL: -54690
Threads: 2 / Time: 8.122 sec / Speedup: 0.987 / Efficiency: 49% / LogL: -54690
Determining AUTO threadcount: done in 16.1359 secs using 111.1% CPU
BEST NUMBER OF THREADS: 1

Estimate model parameters (epsilon = 0.100)
1. Initial log-likelihood: -38271.550
Optimal log-likelihood: -38241.723
Rate parameters:  A-C: 1.00000  A-G: 1.00000  A-T: 1.00000  C-G: 1.00000  C-T: 1.00000  G-T: 1.00000
Base frequencies:  A: 0.250  C: 0.250  G: 0.250  T: 0.250
Parameters optimization took 1 rounds (0.009 sec)
Wrote distance file to... 
Computing ML distances based on estimated model parameters...
Calculating distance matrix: done in 0.00538492 secs using 93.98% CPU
Computing ML distances took 0.005629 sec (of wall-clock time) 0.005297 sec (of CPU time)
Setting up auxiliary I and S matrices: done in 4.50611e-05 secs using 79.89% CPU
Constructing RapidNJ tree: done in 0.000100136 secs using 175.8% CPU
Computing RapidNJ tree took 0.000163 sec (of wall-clock time) 0.000236 sec (of CPU time)
Log-likelihood of RapidNJ tree: -38367.483
--------------------------------------------------------------------
|             INITIALIZING CANDIDATE TREE SET                      |
--------------------------------------------------------------------
Generating 98 parsimony trees... 0.361 second
Computing log-likelihood of 98 initial trees ... 0.462 seconds
Current best score: -38241.723

Do NNI search on 20 best initial trees
Estimate model parameters (epsilon = 0.100)
BETTER TREE FOUND at iteration 1: -38241.615
Iteration 10 / LogL: -38241.615 / Time: 0h:0m:17s
Iteration 20 / LogL: -38241.617 / Time: 0h:0m:18s
Finish initializing candidate tree set (1)
Current best tree score: -38241.615 / CPU time: 1.875
Number of iterations: 20
--------------------------------------------------------------------
|               OPTIMIZING CANDIDATE TREE SET                      |
--------------------------------------------------------------------
Iteration 30 / LogL: -38241.617 / Time: 0h:0m:18s (0h:0m:45s left)
Iteration 40 / LogL: -38241.617 / Time: 0h:0m:19s (0h:0m:30s left)
Iteration 50 / LogL: -38241.620 / Time: 0h:0m:19s (0h:0m:20s left)
Iteration 60 / LogL: -38241.617 / Time: 0h:0m:20s (0h:0m:14s left)
Iteration 70 / LogL: -38241.615 / Time: 0h:0m:21s (0h:0m:9s left)
Iteration 80 / LogL: -38241.624 / Time: 0h:0m:21s (0h:0m:5s left)
Iteration 90 / LogL: -38241.620 / Time: 0h:0m:22s (0h:0m:2s left)
Iteration 100 / LogL: -38241.619 / Time: 0h:0m:23s (0h:0m:0s left)
TREE SEARCH COMPLETED AFTER 102 ITERATIONS / Time: 0h:0m:23s

--------------------------------------------------------------------
|                    FINALIZING TREE SEARCH                        |
--------------------------------------------------------------------
Performs final model parameters optimization
Estimate model parameters (epsilon = 0.010)
1. Initial log-likelihood: -38241.615
Optimal log-likelihood: -38241.615
Rate parameters:  A-C: 1.00000  A-G: 1.00000  A-T: 1.00000  C-G: 1.00000  C-T: 1.00000  G-T: 1.00000
Base frequencies:  A: 0.250  C: 0.250  G: 0.250  T: 0.250
Parameters optimization took 1 rounds (0.010 sec)
BEST SCORE FOUND : -38241.615
Total tree length: 2.142

Total number of iterations: 102
CPU time used for tree search: 7.095 sec (0h:0m:7s)
Wall-clock time used for tree search: 7.120 sec (0h:0m:7s)
Total CPU time used: 25.062 sec (0h:0m:25s)
Total wall-clock time used: 23.304 sec (0h:0m:23s)

Analysis results written to: 
  IQ-TREE report:                exp_stable_0.0005/m0_sel2_rep2/iqtree_out.iqtree
  Maximum-likelihood tree:       exp_stable_0.0005/m0_sel2_rep2/iqtree_out.treefile
  Likelihood distances:          exp_stable_0.0005/m0_sel2_rep2/iqtree_out.mldist
  Screen log file:               exp_stable_0.0005/m0_sel2_rep2/iqtree_out.log

Date and Time: Sat May 16 19:46:37 2026
