IQ-TREE version 3.1.1 for MacOS ARM 64-bit built Apr  8 2026
Developed by Bui Quang Minh, Thomas Wong, Nhan Ly-Trong, Huaiyan Ren
Contributed by Lam-Tung Nguyen, Dominik Schrempf, Chris Bielow,
Olga Chernomor, Michael Woodhams, Diep Thi Hoang, Heiko Schmidt

Host:    Noutbuk-maria.local (SSE4.2, 16 GB RAM)
Command: iqtree -s exp_stable_0.0001/m0_sel2_rep5/neutral.fasta -m JC -nt AUTO -pre exp_stable_0.0001/m0_sel2_rep5/iqtree_out -seed 2742 -redo
Seed:    2742 (Using SPRNG - Scalable Parallel Random Number Generator)
Time:    Mon May 18 15:58:00 2026
Kernel:  SSE2 - auto-detect threads (8 CPU cores detected)

Reading alignment file exp_stable_0.0001/m0_sel2_rep5/neutral.fasta ... Fasta format detected
Reading fasta file: done in 0.00120211 secs using 89.93% CPU
Alignment most likely contains DNA/RNA sequences
Constructing alignment: done in 0.00132394 secs using 60.05% CPU
Alignment has 50 sequences with 3000 columns, 803 distinct patterns
443 parsimony-informative, 719 singleton sites, 1838 constant sites
          Gap/Ambiguity  Composition  p-value
Analyzing sequences: done in 6.50883e-05 secs using 129.1% CPU
   1  taxon_1     0.00%    passed     96.72%
   2  taxon_2     0.00%    passed     99.58%
   3  taxon_3     0.00%    passed     98.64%
   4  taxon_4     0.00%    passed     94.36%
   5  taxon_5     0.00%    passed     99.97%
   6  taxon_6     0.00%    passed     99.92%
   7  taxon_7     0.00%    passed     99.87%
   8  taxon_8     0.00%    passed     99.88%
   9  taxon_9     0.00%    passed     99.84%
  10  taxon_10    0.00%    passed     99.84%
  11  taxon_11    0.00%    passed     99.50%
  12  taxon_12    0.00%    passed     98.20%
  13  taxon_13    0.00%    passed     99.17%
  14  taxon_14    0.00%    passed     95.49%
  15  taxon_15    0.00%    passed     98.03%
  16  taxon_16    0.00%    passed     99.07%
  17  taxon_17    0.00%    passed     99.95%
  18  taxon_18    0.00%    passed     99.78%
  19  taxon_19    0.00%    passed     99.63%
  20  taxon_20    0.00%    passed     99.55%
  21  taxon_21    0.00%    passed     97.88%
  22  taxon_22    0.00%    passed     99.44%
  23  taxon_23    0.00%    passed     99.80%
  24  taxon_24    0.00%    passed     99.66%
  25  taxon_25    0.00%    passed     99.99%
  26  taxon_26    0.00%    passed     99.94%
  27  taxon_27    0.00%    passed     95.34%
  28  taxon_28    0.00%    passed     99.63%
  29  taxon_29    0.00%    passed     98.61%
  30  taxon_30    0.00%    passed     99.67%
  31  taxon_31    0.00%    passed     98.36%
  32  taxon_32    0.00%    passed     96.72%
  33  taxon_33    0.00%    passed     99.52%
  34  taxon_34    0.00%    passed     99.89%
  35  taxon_35    0.00%    passed     98.59%
  36  taxon_36    0.00%    passed     99.56%
  37  taxon_37    0.00%    passed     99.72%
  38  taxon_38    0.00%    passed     99.89%
  39  taxon_39    0.00%    passed     99.97%
  40  taxon_40    0.00%    passed     99.70%
  41  taxon_41    0.00%    passed     98.97%
  42  taxon_42    0.00%    passed     98.97%
  43  taxon_43    0.00%    passed     98.62%
  44  taxon_44    0.00%    passed     99.91%
  45  taxon_45    0.00%    passed     99.19%
  46  taxon_46    0.00%    passed     99.84%
  47  taxon_47    0.00%    passed     99.74%
  48  taxon_48    0.00%    passed     99.32%
  49  taxon_49    0.00%    passed     99.20%
  50  taxon_50    0.00%    passed     99.84%
****  TOTAL       0.00%  0 sequences failed composition chi2 test (p-value<5%; df=3)
NOTE: taxon_42 is identical to taxon_41 but kept for subsequent analysis
Checking for duplicate sequences: done in 0.000114918 secs using 83.54% CPU

Create initial parsimony tree by phylogenetic likelihood library (PLL)... 0.002 seconds

NOTE: 1 MB RAM (0 GB) is required!
Measuring multi-threading efficiency up to 8 CPU cores
Increase to 10 rounds for branch lengths
936 trees examined
Threads: 1 / Time: 8.006 sec / Speedup: 1.000 / Efficiency: 100% / LogL: -21272
Threads: 2 / Time: 10.057 sec / Speedup: 0.796 / Efficiency: 40% / LogL: -21272
Determining AUTO threadcount: done in 18.0627 secs using 101.6% CPU
BEST NUMBER OF THREADS: 1

Estimate model parameters (epsilon = 0.100)
1. Initial log-likelihood: -14460.291
Optimal log-likelihood: -14458.390
Rate parameters:  A-C: 1.00000  A-G: 1.00000  A-T: 1.00000  C-G: 1.00000  C-T: 1.00000  G-T: 1.00000
Base frequencies:  A: 0.250  C: 0.250  G: 0.250  T: 0.250
Parameters optimization took 1 rounds (0.004 sec)
Wrote distance file to... 
Computing ML distances based on estimated model parameters...
Calculating distance matrix: done in 0.00329804 secs using 82.29% CPU
Computing ML distances took 0.003397 sec (of wall-clock time) 0.002802 sec (of CPU time)
Setting up auxiliary I and S matrices: done in 6.38962e-05 secs using 71.99% CPU
Constructing RapidNJ tree: done in 0.000159979 secs using 135% CPU
Computing RapidNJ tree took 0.000257 sec (of wall-clock time) 0.000277 sec (of CPU time)
Log-likelihood of RapidNJ tree: -14471.519
--------------------------------------------------------------------
|             INITIALIZING CANDIDATE TREE SET                      |
--------------------------------------------------------------------
Generating 98 parsimony trees... 0.179 second
Computing log-likelihood of 98 initial trees ... 0.171 seconds
Current best score: -14458.390

Do NNI search on 20 best initial trees
Estimate model parameters (epsilon = 0.100)
BETTER TREE FOUND at iteration 1: -14458.390
UPDATE BEST LOG-LIKELIHOOD: -14458.389
UPDATE BEST LOG-LIKELIHOOD: -14458.389
Iteration 10 / LogL: -14458.390 / Time: 0h:0m:18s
Iteration 20 / LogL: -14458.389 / Time: 0h:0m:18s
Finish initializing candidate tree set (1)
Current best tree score: -14458.389 / CPU time: 0.599
Number of iterations: 20
--------------------------------------------------------------------
|               OPTIMIZING CANDIDATE TREE SET                      |
--------------------------------------------------------------------
Iteration 30 / LogL: -14458.400 / Time: 0h:0m:18s (0h:0m:46s left)
Iteration 40 / LogL: -14458.398 / Time: 0h:0m:19s (0h:0m:30s left)
Iteration 50 / LogL: -14458.399 / Time: 0h:0m:19s (0h:0m:20s left)
Iteration 60 / LogL: -14458.389 / Time: 0h:0m:19s (0h:0m:13s left)
UPDATE BEST LOG-LIKELIHOOD: -14458.389
Iteration 70 / LogL: -14458.391 / Time: 0h:0m:20s (0h:0m:8s left)
Iteration 80 / LogL: -14458.394 / Time: 0h:0m:20s (0h:0m:5s left)
Iteration 90 / LogL: -14458.391 / Time: 0h:0m:20s (0h:0m:2s left)
UPDATE BEST LOG-LIKELIHOOD: -14458.389
Iteration 100 / LogL: -14458.398 / Time: 0h:0m:20s (0h:0m:0s left)
TREE SEARCH COMPLETED AFTER 102 ITERATIONS / Time: 0h:0m:20s

--------------------------------------------------------------------
|                    FINALIZING TREE SEARCH                        |
--------------------------------------------------------------------
Performs final model parameters optimization
Estimate model parameters (epsilon = 0.010)
1. Initial log-likelihood: -14458.389
Optimal log-likelihood: -14458.389
Rate parameters:  A-C: 1.00000  A-G: 1.00000  A-T: 1.00000  C-G: 1.00000  C-T: 1.00000  G-T: 1.00000
Base frequencies:  A: 0.250  C: 0.250  G: 0.250  T: 0.250
Parameters optimization took 1 rounds (0.004 sec)
BEST SCORE FOUND : -14458.389
Total tree length: 0.496

Total number of iterations: 102
CPU time used for tree search: 2.778 sec (0h:0m:2s)
Wall-clock time used for tree search: 2.835 sec (0h:0m:2s)
Total CPU time used: 21.154 sec (0h:0m:21s)
Total wall-clock time used: 20.925 sec (0h:0m:20s)

Analysis results written to: 
  IQ-TREE report:                exp_stable_0.0001/m0_sel2_rep5/iqtree_out.iqtree
  Maximum-likelihood tree:       exp_stable_0.0001/m0_sel2_rep5/iqtree_out.treefile
  Likelihood distances:          exp_stable_0.0001/m0_sel2_rep5/iqtree_out.mldist
  Screen log file:               exp_stable_0.0001/m0_sel2_rep5/iqtree_out.log

Date and Time: Mon May 18 15:58:21 2026
