IQ-TREE version 3.1.1 for MacOS ARM 64-bit built Apr  8 2026
Developed by Bui Quang Minh, Thomas Wong, Nhan Ly-Trong, Huaiyan Ren
Contributed by Lam-Tung Nguyen, Dominik Schrempf, Chris Bielow,
Olga Chernomor, Michael Woodhams, Diep Thi Hoang, Heiko Schmidt

Host:    Noutbuk-maria.local (SSE4.2, 16 GB RAM)
Command: iqtree -s exp_baseline/m5_sel0_rep5/combined.fasta -m JC -nt AUTO -pre exp_baseline/m5_sel0_rep5/iqtree_out -seed 1042 -redo
Seed:    1042 (Using SPRNG - Scalable Parallel Random Number Generator)
Time:    Tue May 12 14:15:05 2026
Kernel:  SSE2 - auto-detect threads (8 CPU cores detected)

Reading alignment file exp_baseline/m5_sel0_rep5/combined.fasta ... Fasta format detected
Reading fasta file: done in 0.000497103 secs using 90.32% CPU
NOTE: Change sequence name 'taxon 1' -> taxon_1
NOTE: Change sequence name 'taxon 2' -> taxon_2
NOTE: Change sequence name 'taxon 3' -> taxon_3
NOTE: Change sequence name 'taxon 4' -> taxon_4
NOTE: Change sequence name 'taxon 5' -> taxon_5
NOTE: Change sequence name 'taxon 6' -> taxon_6
NOTE: Change sequence name 'taxon 7' -> taxon_7
NOTE: Change sequence name 'taxon 8' -> taxon_8
NOTE: Change sequence name 'taxon 9' -> taxon_9
NOTE: Change sequence name 'taxon 10' -> taxon_10
NOTE: Change sequence name 'taxon 11' -> taxon_11
NOTE: Change sequence name 'taxon 12' -> taxon_12
NOTE: Change sequence name 'taxon 13' -> taxon_13
NOTE: Change sequence name 'taxon 14' -> taxon_14
NOTE: Change sequence name 'taxon 15' -> taxon_15
NOTE: Change sequence name 'taxon 16' -> taxon_16
NOTE: Change sequence name 'taxon 17' -> taxon_17
NOTE: Change sequence name 'taxon 18' -> taxon_18
NOTE: Change sequence name 'taxon 19' -> taxon_19
NOTE: Change sequence name 'taxon 20' -> taxon_20
NOTE: Change sequence name 'taxon 21' -> taxon_21
NOTE: Change sequence name 'taxon 22' -> taxon_22
NOTE: Change sequence name 'taxon 23' -> taxon_23
NOTE: Change sequence name 'taxon 24' -> taxon_24
NOTE: Change sequence name 'taxon 25' -> taxon_25
NOTE: Change sequence name 'taxon 26' -> taxon_26
NOTE: Change sequence name 'taxon 27' -> taxon_27
NOTE: Change sequence name 'taxon 28' -> taxon_28
NOTE: Change sequence name 'taxon 29' -> taxon_29
NOTE: Change sequence name 'taxon 30' -> taxon_30
Alignment most likely contains DNA/RNA sequences
Constructing alignment: done in 0.000982046 secs using 56.72% CPU
Alignment has 30 sequences with 2000 columns, 2000 distinct patterns
2000 parsimony-informative, 0 singleton sites, 0 constant sites
          Gap/Ambiguity  Composition  p-value
Analyzing sequences: done in 6.00815e-05 secs using 203.1% CPU
   1  taxon_1     0.00%    passed     92.52%
   2  taxon_2     0.00%    passed     43.54%
   3  taxon_3     0.00%    passed     95.96%
   4  taxon_4     0.00%    passed     84.07%
   5  taxon_5     0.00%    passed     49.85%
   6  taxon_6     0.00%    passed      6.03%
   7  taxon_7     0.00%    passed     28.45%
   8  taxon_8     0.00%    passed      5.99%
   9  taxon_9     0.00%    passed     47.87%
  10  taxon_10    0.00%    passed     57.21%
  11  taxon_11    0.00%    passed     87.50%
  12  taxon_12    0.00%    passed     12.90%
  13  taxon_13    0.00%    passed     10.62%
  14  taxon_14    0.00%    passed     25.50%
  15  taxon_15    0.00%    passed     93.46%
  16  taxon_16    0.00%    passed     31.62%
  17  taxon_17    0.00%    passed     75.47%
  18  taxon_18    0.00%    passed      5.99%
  19  taxon_19    0.00%    passed     40.48%
  20  taxon_20    0.00%    passed     73.43%
  21  taxon_21    0.00%    passed     86.11%
  22  taxon_22    0.00%    passed     60.99%
  23  taxon_23    0.00%    failed      4.52%
  24  taxon_24    0.00%    passed     51.18%
  25  taxon_25    0.00%    passed     71.60%
  26  taxon_26    0.00%    passed     53.09%
  27  taxon_27    0.00%    passed     70.61%
  28  taxon_28    0.00%    passed     80.53%
  29  taxon_29    0.00%    passed     77.41%
  30  taxon_30    0.00%    passed     42.43%
****  TOTAL       0.00%  1 sequences failed composition chi2 test (p-value<5%; df=3)
Checking for duplicate sequences: done in 0.000130892 secs using 90.15% CPU

Create initial parsimony tree by phylogenetic likelihood library (PLL)... 0.002 seconds

NOTE: 1 MB RAM (0 GB) is required!
Measuring multi-threading efficiency up to 8 CPU cores
Increase to 10 rounds for branch lengths
388 trees examined
Threads: 1 / Time: 8.003 sec / Speedup: 1.000 / Efficiency: 100% / LogL: -79687
Threads: 2 / Time: 8.968 sec / Speedup: 0.892 / Efficiency: 45% / LogL: -79687
Determining AUTO threadcount: done in 16.9711 secs using 107.6% CPU
BEST NUMBER OF THREADS: 1

Estimate model parameters (epsilon = 0.100)
1. Initial log-likelihood: -75594.134
Optimal log-likelihood: -74965.961
Rate parameters:  A-C: 1.00000  A-G: 1.00000  A-T: 1.00000  C-G: 1.00000  C-T: 1.00000  G-T: 1.00000
Base frequencies:  A: 0.250  C: 0.250  G: 0.250  T: 0.250
Parameters optimization took 1 rounds (0.019 sec)
Wrote distance file to... 
Computing ML distances based on estimated model parameters...
Calculating distance matrix: done in 0.00121999 secs using 98.44% CPU
Computing ML distances took 0.001357 sec (of wall-clock time) 0.001327 sec (of CPU time)
WARNING: Some pairwise ML distances are too long (saturated)
Setting up auxiliary I and S matrices: done in 2.59876e-05 secs using 76.96% CPU
Constructing RapidNJ tree: done in 5.10216e-05 secs using 164.6% CPU
Computing RapidNJ tree took 0.000097 sec (of wall-clock time) 0.000121 sec (of CPU time)
Log-likelihood of RapidNJ tree: -75096.613
--------------------------------------------------------------------
|             INITIALIZING CANDIDATE TREE SET                      |
--------------------------------------------------------------------
Generating 98 parsimony trees... 0.280 second
Computing log-likelihood of 98 initial trees ... 0.255 seconds
Current best score: -74965.961

Do NNI search on 20 best initial trees
Estimate model parameters (epsilon = 0.100)
BETTER TREE FOUND at iteration 1: -74879.484
Iteration 10 / LogL: -74879.875 / Time: 0h:0m:18s
Iteration 20 / LogL: -74952.194 / Time: 0h:0m:19s
Finish initializing candidate tree set (16)
Current best tree score: -74879.484 / CPU time: 2.121
Number of iterations: 20
--------------------------------------------------------------------
|               OPTIMIZING CANDIDATE TREE SET                      |
--------------------------------------------------------------------
Iteration 30 / LogL: -74897.082 / Time: 0h:0m:19s (0h:0m:48s left)
Iteration 40 / LogL: -74881.821 / Time: 0h:0m:20s (0h:0m:32s left)
Iteration 50 / LogL: -74888.054 / Time: 0h:0m:21s (0h:0m:21s left)
Iteration 60 / LogL: -74890.204 / Time: 0h:0m:21s (0h:0m:15s left)
Iteration 70 / LogL: -74889.933 / Time: 0h:0m:22s (0h:0m:10s left)
Iteration 80 / LogL: -74887.831 / Time: 0h:0m:22s (0h:0m:6s left)
Iteration 90 / LogL: -74891.420 / Time: 0h:0m:23s (0h:0m:2s left)
Iteration 100 / LogL: -74882.175 / Time: 0h:0m:24s (0h:0m:0s left)
TREE SEARCH COMPLETED AFTER 102 ITERATIONS / Time: 0h:0m:24s

--------------------------------------------------------------------
|                    FINALIZING TREE SEARCH                        |
--------------------------------------------------------------------
Performs final model parameters optimization
Estimate model parameters (epsilon = 0.010)
1. Initial log-likelihood: -74879.484
Optimal log-likelihood: -74879.282
Rate parameters:  A-C: 1.00000  A-G: 1.00000  A-T: 1.00000  C-G: 1.00000  C-T: 1.00000  G-T: 1.00000
Base frequencies:  A: 0.250  C: 0.250  G: 0.250  T: 0.250
Parameters optimization took 1 rounds (0.011 sec)
BEST SCORE FOUND : -74879.282
Total tree length: 24.457

Total number of iterations: 102
CPU time used for tree search: 7.455 sec (0h:0m:7s)
Wall-clock time used for tree search: 7.483 sec (0h:0m:7s)
Total CPU time used: 25.810 sec (0h:0m:25s)
Total wall-clock time used: 24.545 sec (0h:0m:24s)

Analysis results written to: 
  IQ-TREE report:                exp_baseline/m5_sel0_rep5/iqtree_out.iqtree
  Maximum-likelihood tree:       exp_baseline/m5_sel0_rep5/iqtree_out.treefile
  Likelihood distances:          exp_baseline/m5_sel0_rep5/iqtree_out.mldist
  Screen log file:               exp_baseline/m5_sel0_rep5/iqtree_out.log

Date and Time: Tue May 12 14:15:30 2026
