IQ-TREE version 3.1.1 for MacOS ARM 64-bit built Apr  8 2026
Developed by Bui Quang Minh, Thomas Wong, Nhan Ly-Trong, Huaiyan Ren
Contributed by Lam-Tung Nguyen, Dominik Schrempf, Chris Bielow,
Olga Chernomor, Michael Woodhams, Diep Thi Hoang, Heiko Schmidt

Host:    Noutbuk-maria.local (SSE4.2, 16 GB RAM)
Command: iqtree -s exp_baseline/m2_sel1000_rep5/combined.fasta -m JC -nt AUTO -pre exp_baseline/m2_sel1000_rep5/iqtree_out -seed 1000742 -redo
Seed:    1000742 (Using SPRNG - Scalable Parallel Random Number Generator)
Time:    Tue May 12 14:12:29 2026
Kernel:  SSE2 - auto-detect threads (8 CPU cores detected)

Reading alignment file exp_baseline/m2_sel1000_rep5/combined.fasta ... Fasta format detected
Reading fasta file: done in 0.00070405 secs using 90.62% CPU
Alignment most likely contains DNA/RNA sequences
Constructing alignment: done in 0.00130486 secs using 54.72% CPU
Alignment has 30 sequences with 3000 columns, 2016 distinct patterns
2681 parsimony-informative, 0 singleton sites, 319 constant sites
          Gap/Ambiguity  Composition  p-value
Analyzing sequences: done in 5.19753e-05 secs using 234.7% CPU
   1  taxon_1     0.00%    passed     82.43%
   2  taxon_2     0.00%    passed     22.72%
   3  taxon_3     0.00%    passed     98.15%
   4  taxon_4     0.00%    passed     89.41%
   5  taxon_5     0.00%    passed     99.01%
   6  taxon_6     0.00%    passed     95.21%
   7  taxon_7     0.00%    passed     75.29%
   8  taxon_8     0.00%    passed     71.74%
   9  taxon_9     0.00%    passed     55.07%
  10  taxon_10    0.00%    passed     66.89%
  11  taxon_11    0.00%    passed     11.84%
  12  taxon_12    0.00%    passed     98.49%
  13  taxon_13    0.00%    passed     89.81%
  14  taxon_14    0.00%    passed     93.62%
  15  taxon_15    0.00%    passed     38.65%
  16  taxon_16    0.00%    passed     30.18%
  17  taxon_17    0.00%    passed     70.22%
  18  taxon_18    0.00%    passed     65.22%
  19  taxon_19    0.00%    passed     51.47%
  20  taxon_20    0.00%    passed     99.63%
  21  taxon_21    0.00%    passed     33.67%
  22  taxon_22    0.00%    passed     68.51%
  23  taxon_23    0.00%    passed     59.39%
  24  taxon_24    0.00%    passed     19.49%
  25  taxon_25    0.00%    passed     77.95%
  26  taxon_26    0.00%    passed     91.00%
  27  taxon_27    0.00%    passed     43.61%
  28  taxon_28    0.00%    passed     71.43%
  29  taxon_29    0.00%    passed     75.54%
  30  taxon_30    0.00%    passed     55.70%
****  TOTAL       0.00%  0 sequences failed composition chi2 test (p-value<5%; df=3)
Checking for duplicate sequences: done in 0.000130892 secs using 90.15% CPU

Create initial parsimony tree by phylogenetic likelihood library (PLL)... 0.002 seconds

NOTE: 1 MB RAM (0 GB) is required!
Measuring multi-threading efficiency up to 8 CPU cores
Increase to 10 rounds for branch lengths
412 trees examined
Threads: 1 / Time: 8.004 sec / Speedup: 1.000 / Efficiency: 100% / LogL: -106964
Threads: 2 / Time: 8.697 sec / Speedup: 0.920 / Efficiency: 46% / LogL: -106964
Determining AUTO threadcount: done in 16.7013 secs using 108.5% CPU
BEST NUMBER OF THREADS: 1

Estimate model parameters (epsilon = 0.100)
1. Initial log-likelihood: -92157.104
Optimal log-likelihood: -91851.789
Rate parameters:  A-C: 1.00000  A-G: 1.00000  A-T: 1.00000  C-G: 1.00000  C-T: 1.00000  G-T: 1.00000
Base frequencies:  A: 0.250  C: 0.250  G: 0.250  T: 0.250
Parameters optimization took 1 rounds (0.009 sec)
Wrote distance file to... 
Computing ML distances based on estimated model parameters...
Calculating distance matrix: done in 0.0015831 secs using 99.17% CPU
Computing ML distances took 0.001720 sec (of wall-clock time) 0.001697 sec (of CPU time)
Setting up auxiliary I and S matrices: done in 2.40803e-05 secs using 70.6% CPU
Constructing RapidNJ tree: done in 4.79221e-05 secs using 158.6% CPU
Computing RapidNJ tree took 0.000096 sec (of wall-clock time) 0.000120 sec (of CPU time)
Log-likelihood of RapidNJ tree: -92494.284
--------------------------------------------------------------------
|             INITIALIZING CANDIDATE TREE SET                      |
--------------------------------------------------------------------
Generating 98 parsimony trees... 0.290 second
Computing log-likelihood of 98 initial trees ... 0.228 seconds
Current best score: -91851.789

Do NNI search on 20 best initial trees
Estimate model parameters (epsilon = 0.100)
BETTER TREE FOUND at iteration 1: -91796.682
Estimate model parameters (epsilon = 0.100)
BETTER TREE FOUND at iteration 7: -91793.987
Iteration 10 / LogL: -91793.993 / Time: 0h:0m:17s
Iteration 20 / LogL: -91971.531 / Time: 0h:0m:17s
Finish initializing candidate tree set (8)
Current best tree score: -91793.987 / CPU time: 1.231
Number of iterations: 20
--------------------------------------------------------------------
|               OPTIMIZING CANDIDATE TREE SET                      |
--------------------------------------------------------------------
Iteration 30 / LogL: -91794.092 / Time: 0h:0m:18s (0h:0m:48s left)
Iteration 40 / LogL: -91794.292 / Time: 0h:0m:18s (0h:0m:32s left)
Iteration 50 / LogL: -91800.612 / Time: 0h:0m:19s (0h:0m:22s left)
Iteration 60 / LogL: -91807.139 / Time: 0h:0m:19s (0h:0m:15s left)
Iteration 70 / LogL: -91796.459 / Time: 0h:0m:20s (0h:0m:10s left)
Iteration 80 / LogL: -91794.048 / Time: 0h:0m:20s (0h:0m:7s left)
Iteration 90 / LogL: -91797.186 / Time: 0h:0m:21s (0h:0m:4s left)
Iteration 100 / LogL: -91798.300 / Time: 0h:0m:21s (0h:0m:1s left)
TREE SEARCH COMPLETED AFTER 108 ITERATIONS / Time: 0h:0m:21s

--------------------------------------------------------------------
|                    FINALIZING TREE SEARCH                        |
--------------------------------------------------------------------
Performs final model parameters optimization
Estimate model parameters (epsilon = 0.010)
1. Initial log-likelihood: -91793.987
Optimal log-likelihood: -91793.987
Rate parameters:  A-C: 1.00000  A-G: 1.00000  A-T: 1.00000  C-G: 1.00000  C-T: 1.00000  G-T: 1.00000
Base frequencies:  A: 0.250  C: 0.250  G: 0.250  T: 0.250
Parameters optimization took 1 rounds (0.003 sec)
BEST SCORE FOUND : -91793.987
Total tree length: 12.011

Total number of iterations: 108
CPU time used for tree search: 5.181 sec (0h:0m:5s)
Wall-clock time used for tree search: 5.195 sec (0h:0m:5s)
Total CPU time used: 23.344 sec (0h:0m:23s)
Total wall-clock time used: 21.931 sec (0h:0m:21s)

Analysis results written to: 
  IQ-TREE report:                exp_baseline/m2_sel1000_rep5/iqtree_out.iqtree
  Maximum-likelihood tree:       exp_baseline/m2_sel1000_rep5/iqtree_out.treefile
  Likelihood distances:          exp_baseline/m2_sel1000_rep5/iqtree_out.mldist
  Screen log file:               exp_baseline/m2_sel1000_rep5/iqtree_out.log

Date and Time: Tue May 12 14:12:51 2026
