IQ-TREE version 3.1.1 for MacOS ARM 64-bit built Apr  8 2026
Developed by Bui Quang Minh, Thomas Wong, Nhan Ly-Trong, Huaiyan Ren
Contributed by Lam-Tung Nguyen, Dominik Schrempf, Chris Bielow,
Olga Chernomor, Michael Woodhams, Diep Thi Hoang, Heiko Schmidt

Host:    Noutbuk-maria.local (SSE4.2, 16 GB RAM)
Command: iqtree -s exp_baseline/m50_sel0_rep4/combined.fasta -m JC -nt AUTO -pre exp_baseline/m50_sel0_rep4/iqtree_out -seed 5442 -redo
Seed:    5442 (Using SPRNG - Scalable Parallel Random Number Generator)
Time:    Tue May 12 14:50:36 2026
Kernel:  SSE2 - auto-detect threads (8 CPU cores detected)

Reading alignment file exp_baseline/m50_sel0_rep4/combined.fasta ... Fasta format detected
Reading fasta file: done in 0.00048995 secs using 90.83% CPU
NOTE: Change sequence name 'taxon 1' -> taxon_1
NOTE: Change sequence name 'taxon 2' -> taxon_2
NOTE: Change sequence name 'taxon 3' -> taxon_3
NOTE: Change sequence name 'taxon 4' -> taxon_4
NOTE: Change sequence name 'taxon 5' -> taxon_5
NOTE: Change sequence name 'taxon 6' -> taxon_6
NOTE: Change sequence name 'taxon 7' -> taxon_7
NOTE: Change sequence name 'taxon 8' -> taxon_8
NOTE: Change sequence name 'taxon 9' -> taxon_9
NOTE: Change sequence name 'taxon 10' -> taxon_10
NOTE: Change sequence name 'taxon 11' -> taxon_11
NOTE: Change sequence name 'taxon 12' -> taxon_12
NOTE: Change sequence name 'taxon 13' -> taxon_13
NOTE: Change sequence name 'taxon 14' -> taxon_14
NOTE: Change sequence name 'taxon 15' -> taxon_15
NOTE: Change sequence name 'taxon 16' -> taxon_16
NOTE: Change sequence name 'taxon 17' -> taxon_17
NOTE: Change sequence name 'taxon 18' -> taxon_18
NOTE: Change sequence name 'taxon 19' -> taxon_19
NOTE: Change sequence name 'taxon 20' -> taxon_20
NOTE: Change sequence name 'taxon 21' -> taxon_21
NOTE: Change sequence name 'taxon 22' -> taxon_22
NOTE: Change sequence name 'taxon 23' -> taxon_23
NOTE: Change sequence name 'taxon 24' -> taxon_24
NOTE: Change sequence name 'taxon 25' -> taxon_25
NOTE: Change sequence name 'taxon 26' -> taxon_26
NOTE: Change sequence name 'taxon 27' -> taxon_27
NOTE: Change sequence name 'taxon 28' -> taxon_28
NOTE: Change sequence name 'taxon 29' -> taxon_29
NOTE: Change sequence name 'taxon 30' -> taxon_30
Alignment most likely contains DNA/RNA sequences
Constructing alignment: done in 0.000962019 secs using 57.69% CPU
Alignment has 30 sequences with 2000 columns, 2000 distinct patterns
2000 parsimony-informative, 0 singleton sites, 0 constant sites
          Gap/Ambiguity  Composition  p-value
Analyzing sequences: done in 5.60284e-05 secs using 212.4% CPU
   1  taxon_1     0.00%    passed     22.50%
   2  taxon_2     0.00%    passed     70.20%
   3  taxon_3     0.00%    passed     30.76%
   4  taxon_4     0.00%    passed     27.30%
   5  taxon_5     0.00%    passed     79.27%
   6  taxon_6     0.00%    passed     12.21%
   7  taxon_7     0.00%    passed     73.11%
   8  taxon_8     0.00%    passed     69.88%
   9  taxon_9     0.00%    passed     56.87%
  10  taxon_10    0.00%    passed     12.40%
  11  taxon_11    0.00%    passed     44.00%
  12  taxon_12    0.00%    passed     89.37%
  13  taxon_13    0.00%    passed     65.26%
  14  taxon_14    0.00%    passed     96.20%
  15  taxon_15    0.00%    passed     16.91%
  16  taxon_16    0.00%    passed     13.89%
  17  taxon_17    0.00%    passed     25.76%
  18  taxon_18    0.00%    passed     36.52%
  19  taxon_19    0.00%    passed     56.86%
  20  taxon_20    0.00%    passed     51.39%
  21  taxon_21    0.00%    passed     51.31%
  22  taxon_22    0.00%    passed     32.84%
  23  taxon_23    0.00%    passed     38.38%
  24  taxon_24    0.00%    passed     44.12%
  25  taxon_25    0.00%    passed     38.69%
  26  taxon_26    0.00%    passed     72.29%
  27  taxon_27    0.00%    failed      2.00%
  28  taxon_28    0.00%    passed     93.71%
  29  taxon_29    0.00%    passed     48.26%
  30  taxon_30    0.00%    passed     86.43%
****  TOTAL       0.00%  1 sequences failed composition chi2 test (p-value<5%; df=3)
Checking for duplicate sequences: done in 0.000134945 secs using 89.67% CPU

Create initial parsimony tree by phylogenetic likelihood library (PLL)... 0.002 seconds

NOTE: 1 MB RAM (0 GB) is required!
Measuring multi-threading efficiency up to 8 CPU cores
Increase to 10 rounds for branch lengths
374 trees examined
Threads: 1 / Time: 8.002 sec / Speedup: 1.000 / Efficiency: 100% / LogL: -80133
Threads: 2 / Time: 8.794 sec / Speedup: 0.910 / Efficiency: 45% / LogL: -80133
Determining AUTO threadcount: done in 16.7962 secs using 106.9% CPU
BEST NUMBER OF THREADS: 1

Estimate model parameters (epsilon = 0.100)
1. Initial log-likelihood: -77722.804
Optimal log-likelihood: -77076.652
Rate parameters:  A-C: 1.00000  A-G: 1.00000  A-T: 1.00000  C-G: 1.00000  C-T: 1.00000  G-T: 1.00000
Base frequencies:  A: 0.250  C: 0.250  G: 0.250  T: 0.250
Parameters optimization took 1 rounds (0.016 sec)
Wrote distance file to... 
Computing ML distances based on estimated model parameters...
Calculating distance matrix: done in 0.00120592 secs using 99.34% CPU
Computing ML distances took 0.001339 sec (of wall-clock time) 0.001326 sec (of CPU time)
WARNING: Some pairwise ML distances are too long (saturated)
Setting up auxiliary I and S matrices: done in 2.7895e-05 secs using 71.7% CPU
Constructing RapidNJ tree: done in 4.98295e-05 secs using 88.3% CPU
Computing RapidNJ tree took 0.000100 sec (of wall-clock time) 0.000074 sec (of CPU time)
Log-likelihood of RapidNJ tree: -77090.152
--------------------------------------------------------------------
|             INITIALIZING CANDIDATE TREE SET                      |
--------------------------------------------------------------------
Generating 98 parsimony trees... 0.289 second
Computing log-likelihood of 98 initial trees ... 0.255 seconds
Current best score: -77076.652

Do NNI search on 20 best initial trees
Estimate model parameters (epsilon = 0.100)
BETTER TREE FOUND at iteration 1: -77068.098
Estimate model parameters (epsilon = 0.100)
BETTER TREE FOUND at iteration 5: -77067.677
Iteration 10 / LogL: -77069.212 / Time: 0h:0m:18s
Estimate model parameters (epsilon = 0.100)
UPDATE BEST LOG-LIKELIHOOD: -77067.626
Iteration 20 / LogL: -77067.766 / Time: 0h:0m:18s
Finish initializing candidate tree set (15)
Current best tree score: -77067.626 / CPU time: 1.882
Number of iterations: 20
--------------------------------------------------------------------
|               OPTIMIZING CANDIDATE TREE SET                      |
--------------------------------------------------------------------
Iteration 30 / LogL: -77071.820 / Time: 0h:0m:19s (0h:0m:50s left)
Iteration 40 / LogL: -77067.694 / Time: 0h:0m:20s (0h:0m:33s left)
Iteration 50 / LogL: -77079.652 / Time: 0h:0m:21s (0h:0m:23s left)
Iteration 60 / LogL: -77070.983 / Time: 0h:0m:21s (0h:0m:16s left)
Iteration 70 / LogL: -77067.715 / Time: 0h:0m:22s (0h:0m:11s left)
Iteration 80 / LogL: -77068.108 / Time: 0h:0m:23s (0h:0m:7s left)
Iteration 90 / LogL: -77070.042 / Time: 0h:0m:24s (0h:0m:4s left)
Iteration 100 / LogL: -77067.831 / Time: 0h:0m:25s (0h:0m:1s left)
TREE SEARCH COMPLETED AFTER 106 ITERATIONS / Time: 0h:0m:25s

--------------------------------------------------------------------
|                    FINALIZING TREE SEARCH                        |
--------------------------------------------------------------------
Performs final model parameters optimization
Estimate model parameters (epsilon = 0.010)
1. Initial log-likelihood: -77067.626
Optimal log-likelihood: -77067.617
Rate parameters:  A-C: 1.00000  A-G: 1.00000  A-T: 1.00000  C-G: 1.00000  C-T: 1.00000  G-T: 1.00000
Base frequencies:  A: 0.250  C: 0.250  G: 0.250  T: 0.250
Parameters optimization took 1 rounds (0.003 sec)
BEST SCORE FOUND : -77067.617
Total tree length: 26.752

Total number of iterations: 106
CPU time used for tree search: 8.679 sec (0h:0m:8s)
Wall-clock time used for tree search: 8.705 sec (0h:0m:8s)
Total CPU time used: 26.717 sec (0h:0m:26s)
Total wall-clock time used: 25.581 sec (0h:0m:25s)

Analysis results written to: 
  IQ-TREE report:                exp_baseline/m50_sel0_rep4/iqtree_out.iqtree
  Maximum-likelihood tree:       exp_baseline/m50_sel0_rep4/iqtree_out.treefile
  Likelihood distances:          exp_baseline/m50_sel0_rep4/iqtree_out.mldist
  Screen log file:               exp_baseline/m50_sel0_rep4/iqtree_out.log

Date and Time: Tue May 12 14:51:01 2026
