IQ-TREE version 3.1.1 for MacOS ARM 64-bit built Apr  8 2026
Developed by Bui Quang Minh, Thomas Wong, Nhan Ly-Trong, Huaiyan Ren
Contributed by Lam-Tung Nguyen, Dominik Schrempf, Chris Bielow,
Olga Chernomor, Michael Woodhams, Diep Thi Hoang, Heiko Schmidt

Host:    Noutbuk-maria.local (SSE4.2, 16 GB RAM)
Command: iqtree -s exp_stable_0.0005/m1_sel1_rep4/neutral.fasta -m JC -nt AUTO -pre exp_stable_0.0005/m1_sel1_rep4/iqtree_out -seed 1542 -redo
Seed:    1542 (Using SPRNG - Scalable Parallel Random Number Generator)
Time:    Mon May 18 19:15:28 2026
Kernel:  SSE2 - auto-detect threads (8 CPU cores detected)

Reading alignment file exp_stable_0.0005/m1_sel1_rep4/neutral.fasta ... Fasta format detected
Reading fasta file: done in 0.00118423 secs using 89.26% CPU
Alignment most likely contains DNA/RNA sequences
Constructing alignment: done in 0.00136399 secs using 60.26% CPU
Alignment has 50 sequences with 3000 columns, 1196 distinct patterns
601 parsimony-informative, 1087 singleton sites, 1312 constant sites
          Gap/Ambiguity  Composition  p-value
Analyzing sequences: done in 7.51019e-05 secs using 147.8% CPU
   1  taxon_1     0.00%    passed     86.74%
   2  taxon_2     0.00%    passed     96.14%
   3  taxon_3     0.00%    passed     98.56%
   4  taxon_4     0.00%    passed     99.49%
   5  taxon_5     0.00%    passed     99.69%
   6  taxon_6     0.00%    passed     99.11%
   7  taxon_7     0.00%    passed     97.85%
   8  taxon_8     0.00%    passed     98.74%
   9  taxon_9     0.00%    passed     98.62%
  10  taxon_10    0.00%    passed     99.59%
  11  taxon_11    0.00%    passed     94.97%
  12  taxon_12    0.00%    passed     99.88%
  13  taxon_13    0.00%    passed     98.41%
  14  taxon_14    0.00%    passed     96.66%
  15  taxon_15    0.00%    passed     97.49%
  16  taxon_16    0.00%    passed     97.55%
  17  taxon_17    0.00%    passed     97.48%
  18  taxon_18    0.00%    passed     98.67%
  19  taxon_19    0.00%    passed     99.95%
  20  taxon_20    0.00%    passed     99.83%
  21  taxon_21    0.00%    passed     99.71%
  22  taxon_22    0.00%    passed     99.74%
  23  taxon_23    0.00%    passed     98.99%
  24  taxon_24    0.00%    passed     96.04%
  25  taxon_25    0.00%    passed     99.70%
  26  taxon_26    0.00%    passed     99.86%
  27  taxon_27    0.00%    passed     99.62%
  28  taxon_28    0.00%    passed     99.74%
  29  taxon_29    0.00%    passed     99.77%
  30  taxon_30    0.00%    passed     99.52%
  31  taxon_31    0.00%    passed     98.34%
  32  taxon_32    0.00%    passed     95.52%
  33  taxon_33    0.00%    passed     99.93%
  34  taxon_34    0.00%    passed     87.54%
  35  taxon_35    0.00%    passed     99.76%
  36  taxon_36    0.00%    passed     99.06%
  37  taxon_37    0.00%    passed     92.35%
  38  taxon_38    0.00%    passed     98.32%
  39  taxon_39    0.00%    passed     96.01%
  40  taxon_40    0.00%    passed     89.50%
  41  taxon_41    0.00%    passed     98.17%
  42  taxon_42    0.00%    passed     95.73%
  43  taxon_43    0.00%    passed     99.83%
  44  taxon_44    0.00%    passed     99.37%
  45  taxon_45    0.00%    passed     97.63%
  46  taxon_46    0.00%    passed     99.82%
  47  taxon_47    0.00%    passed     98.03%
  48  taxon_48    0.00%    passed     98.22%
  49  taxon_49    0.00%    passed     99.39%
  50  taxon_50    0.00%    passed     99.07%
****  TOTAL       0.00%  0 sequences failed composition chi2 test (p-value<5%; df=3)
Checking for duplicate sequences: done in 0.000140905 secs using 88% CPU

Create initial parsimony tree by phylogenetic likelihood library (PLL)... 0.002 seconds

NOTE: 1 MB RAM (0 GB) is required!
Measuring multi-threading efficiency up to 8 CPU cores
Increase to 10 rounds for branch lengths
747 trees examined
Threads: 1 / Time: 8.001 sec / Speedup: 1.000 / Efficiency: 100% / LogL: -26637
Threads: 2 / Time: 9.215 sec / Speedup: 0.868 / Efficiency: 43% / LogL: -26637
Determining AUTO threadcount: done in 17.2163 secs using 107.6% CPU
BEST NUMBER OF THREADS: 1

Estimate model parameters (epsilon = 0.100)
1. Initial log-likelihood: -20185.449
Optimal log-likelihood: -20181.960
Rate parameters:  A-C: 1.00000  A-G: 1.00000  A-T: 1.00000  C-G: 1.00000  C-T: 1.00000  G-T: 1.00000
Base frequencies:  A: 0.250  C: 0.250  G: 0.250  T: 0.250
Parameters optimization took 1 rounds (0.005 sec)
Wrote distance file to... 
Computing ML distances based on estimated model parameters...
Calculating distance matrix: done in 0.00413203 secs using 89.16% CPU
Computing ML distances took 0.004259 sec (of wall-clock time) 0.003803 sec (of CPU time)
Setting up auxiliary I and S matrices: done in 4.69685e-05 secs using 93.68% CPU
Constructing RapidNJ tree: done in 0.000104904 secs using 167.8% CPU
Computing RapidNJ tree took 0.000174 sec (of wall-clock time) 0.000252 sec (of CPU time)
Log-likelihood of RapidNJ tree: -20321.799
--------------------------------------------------------------------
|             INITIALIZING CANDIDATE TREE SET                      |
--------------------------------------------------------------------
Generating 98 parsimony trees... 0.261 second
Computing log-likelihood of 98 initial trees ... 0.235 seconds
Current best score: -20181.957

Do NNI search on 20 best initial trees
Estimate model parameters (epsilon = 0.100)
BETTER TREE FOUND at iteration 1: -20181.956
UPDATE BEST LOG-LIKELIHOOD: -20181.956
Iteration 10 / LogL: -20181.964 / Time: 0h:0m:17s
Iteration 20 / LogL: -20181.959 / Time: 0h:0m:18s
Finish initializing candidate tree set (3)
Current best tree score: -20181.956 / CPU time: 0.945
Number of iterations: 20
--------------------------------------------------------------------
|               OPTIMIZING CANDIDATE TREE SET                      |
--------------------------------------------------------------------
UPDATE BEST LOG-LIKELIHOOD: -20181.956
Iteration 30 / LogL: -20181.964 / Time: 0h:0m:18s (0h:0m:45s left)
Iteration 40 / LogL: -20181.964 / Time: 0h:0m:18s (0h:0m:29s left)
UPDATE BEST LOG-LIKELIHOOD: -20181.956
UPDATE BEST LOG-LIKELIHOOD: -20181.956
Iteration 50 / LogL: -20181.961 / Time: 0h:0m:19s (0h:0m:20s left)
Iteration 60 / LogL: -20181.964 / Time: 0h:0m:19s (0h:0m:13s left)
Iteration 70 / LogL: -20181.962 / Time: 0h:0m:19s (0h:0m:8s left)
Iteration 80 / LogL: -20181.962 / Time: 0h:0m:20s (0h:0m:5s left)
Iteration 90 / LogL: -20181.963 / Time: 0h:0m:20s (0h:0m:2s left)
Iteration 100 / LogL: -20181.960 / Time: 0h:0m:21s (0h:0m:0s left)
TREE SEARCH COMPLETED AFTER 102 ITERATIONS / Time: 0h:0m:21s

--------------------------------------------------------------------
|                    FINALIZING TREE SEARCH                        |
--------------------------------------------------------------------
Performs final model parameters optimization
Estimate model parameters (epsilon = 0.010)
1. Initial log-likelihood: -20181.956
Optimal log-likelihood: -20181.956
Rate parameters:  A-C: 1.00000  A-G: 1.00000  A-T: 1.00000  C-G: 1.00000  C-T: 1.00000  G-T: 1.00000
Base frequencies:  A: 0.250  C: 0.250  G: 0.250  T: 0.250
Parameters optimization took 1 rounds (0.006 sec)
BEST SCORE FOUND : -20181.956
Total tree length: 0.834

Total number of iterations: 102
CPU time used for tree search: 3.839 sec (0h:0m:3s)
Wall-clock time used for tree search: 3.841 sec (0h:0m:3s)
Total CPU time used: 22.396 sec (0h:0m:22s)
Total wall-clock time used: 21.092 sec (0h:0m:21s)

Analysis results written to: 
  IQ-TREE report:                exp_stable_0.0005/m1_sel1_rep4/iqtree_out.iqtree
  Maximum-likelihood tree:       exp_stable_0.0005/m1_sel1_rep4/iqtree_out.treefile
  Likelihood distances:          exp_stable_0.0005/m1_sel1_rep4/iqtree_out.mldist
  Screen log file:               exp_stable_0.0005/m1_sel1_rep4/iqtree_out.log

Date and Time: Mon May 18 19:15:49 2026
