IQ-TREE version 3.1.1 for MacOS ARM 64-bit built Apr  8 2026
Developed by Bui Quang Minh, Thomas Wong, Nhan Ly-Trong, Huaiyan Ren
Contributed by Lam-Tung Nguyen, Dominik Schrempf, Chris Bielow,
Olga Chernomor, Michael Woodhams, Diep Thi Hoang, Heiko Schmidt

Host:    Noutbuk-maria.local (SSE4.2, 16 GB RAM)
Command: iqtree -s exp_baseline/m50_sel1000_rep4/combined.fasta -m JC -nt AUTO -pre exp_baseline/m50_sel1000_rep4/iqtree_out -seed 1005442 -redo
Seed:    1005442 (Using SPRNG - Scalable Parallel Random Number Generator)
Time:    Tue May 12 15:00:21 2026
Kernel:  SSE2 - auto-detect threads (8 CPU cores detected)

Reading alignment file exp_baseline/m50_sel1000_rep4/combined.fasta ... Fasta format detected
Reading fasta file: done in 0.000700951 secs using 91.02% CPU
Alignment most likely contains DNA/RNA sequences
Constructing alignment: done in 0.00124407 secs using 57.23% CPU
Alignment has 30 sequences with 3000 columns, 2016 distinct patterns
2985 parsimony-informative, 0 singleton sites, 15 constant sites
          Gap/Ambiguity  Composition  p-value
Analyzing sequences: done in 5.31673e-05 secs using 218.2% CPU
   1  taxon_1     0.00%    passed     85.10%
   2  taxon_2     0.00%    passed     64.01%
   3  taxon_3     0.00%    passed     86.89%
   4  taxon_4     0.00%    passed     62.71%
   5  taxon_5     0.00%    passed     13.94%
   6  taxon_6     0.00%    passed     93.82%
   7  taxon_7     0.00%    passed     34.22%
   8  taxon_8     0.00%    passed     51.51%
   9  taxon_9     0.00%    passed     29.49%
  10  taxon_10    0.00%    passed     24.31%
  11  taxon_11    0.00%    passed     64.73%
  12  taxon_12    0.00%    passed     89.90%
  13  taxon_13    0.00%    passed     68.81%
  14  taxon_14    0.00%    passed     69.09%
  15  taxon_15    0.00%    passed     38.14%
  16  taxon_16    0.00%    passed     94.07%
  17  taxon_17    0.00%    passed     42.52%
  18  taxon_18    0.00%    passed     60.93%
  19  taxon_19    0.00%    passed     65.78%
  20  taxon_20    0.00%    passed     85.19%
  21  taxon_21    0.00%    passed     70.67%
  22  taxon_22    0.00%    passed     33.32%
  23  taxon_23    0.00%    passed     33.66%
  24  taxon_24    0.00%    passed     59.41%
  25  taxon_25    0.00%    passed     68.77%
  26  taxon_26    0.00%    passed      8.60%
  27  taxon_27    0.00%    passed     73.92%
  28  taxon_28    0.00%    passed     29.70%
  29  taxon_29    0.00%    passed     83.28%
  30  taxon_30    0.00%    passed     87.04%
****  TOTAL       0.00%  0 sequences failed composition chi2 test (p-value<5%; df=3)
Checking for duplicate sequences: done in 0.000132084 secs using 87.82% CPU

Create initial parsimony tree by phylogenetic likelihood library (PLL)... 0.002 seconds

NOTE: 1 MB RAM (0 GB) is required!
Measuring multi-threading efficiency up to 8 CPU cores
Increase to 10 rounds for branch lengths
405 trees examined
Threads: 1 / Time: 8.007 sec / Speedup: 1.000 / Efficiency: 100% / LogL: -106405
Threads: 2 / Time: 8.465 sec / Speedup: 0.946 / Efficiency: 47% / LogL: -106405
Determining AUTO threadcount: done in 16.4715 secs using 108.8% CPU
BEST NUMBER OF THREADS: 1

Estimate model parameters (epsilon = 0.100)
1. Initial log-likelihood: -93475.582
Optimal log-likelihood: -93011.052
Rate parameters:  A-C: 1.00000  A-G: 1.00000  A-T: 1.00000  C-G: 1.00000  C-T: 1.00000  G-T: 1.00000
Base frequencies:  A: 0.250  C: 0.250  G: 0.250  T: 0.250
Parameters optimization took 1 rounds (0.009 sec)
Wrote distance file to... 
Computing ML distances based on estimated model parameters...
Calculating distance matrix: done in 0.00132298 secs using 99.25% CPU
Computing ML distances took 0.001459 sec (of wall-clock time) 0.001441 sec (of CPU time)
WARNING: Some pairwise ML distances are too long (saturated)
Setting up auxiliary I and S matrices: done in 2.19345e-05 secs using 68.39% CPU
Constructing RapidNJ tree: done in 4.31538e-05 secs using 113.5% CPU
Computing RapidNJ tree took 0.000085 sec (of wall-clock time) 0.000082 sec (of CPU time)
Log-likelihood of RapidNJ tree: -94744.177
--------------------------------------------------------------------
|             INITIALIZING CANDIDATE TREE SET                      |
--------------------------------------------------------------------
Generating 98 parsimony trees... 0.343 second
Computing log-likelihood of 98 initial trees ... 0.235 seconds
Current best score: -92966.596

Do NNI search on 20 best initial trees
Estimate model parameters (epsilon = 0.100)
BETTER TREE FOUND at iteration 1: -92876.514
Iteration 10 / LogL: -92989.984 / Time: 0h:0m:17s
Iteration 20 / LogL: -92876.531 / Time: 0h:0m:17s
Finish initializing candidate tree set (7)
Current best tree score: -92876.514 / CPU time: 1.429
Number of iterations: 20
--------------------------------------------------------------------
|               OPTIMIZING CANDIDATE TREE SET                      |
--------------------------------------------------------------------
Iteration 30 / LogL: -92981.789 / Time: 0h:0m:18s (0h:0m:45s left)
Iteration 40 / LogL: -92877.474 / Time: 0h:0m:18s (0h:0m:29s left)
Iteration 50 / LogL: -92892.602 / Time: 0h:0m:19s (0h:0m:20s left)
Iteration 60 / LogL: -93693.432 / Time: 0h:0m:19s (0h:0m:13s left)
Iteration 70 / LogL: -92880.015 / Time: 0h:0m:20s (0h:0m:9s left)
Iteration 80 / LogL: -92981.789 / Time: 0h:0m:20s (0h:0m:5s left)
Iteration 90 / LogL: -92880.998 / Time: 0h:0m:21s (0h:0m:2s left)
Iteration 100 / LogL: -92879.960 / Time: 0h:0m:21s (0h:0m:0s left)
TREE SEARCH COMPLETED AFTER 102 ITERATIONS / Time: 0h:0m:21s

--------------------------------------------------------------------
|                    FINALIZING TREE SEARCH                        |
--------------------------------------------------------------------
Performs final model parameters optimization
Estimate model parameters (epsilon = 0.010)
1. Initial log-likelihood: -92876.514
Optimal log-likelihood: -92876.502
Rate parameters:  A-C: 1.00000  A-G: 1.00000  A-T: 1.00000  C-G: 1.00000  C-T: 1.00000  G-T: 1.00000
Base frequencies:  A: 0.250  C: 0.250  G: 0.250  T: 0.250
Parameters optimization took 1 rounds (0.003 sec)
BEST SCORE FOUND : -92876.502
Total tree length: 11.787

Total number of iterations: 102
CPU time used for tree search: 5.381 sec (0h:0m:5s)
Wall-clock time used for tree search: 5.398 sec (0h:0m:5s)
Total CPU time used: 23.338 sec (0h:0m:23s)
Total wall-clock time used: 21.910 sec (0h:0m:21s)

Analysis results written to: 
  IQ-TREE report:                exp_baseline/m50_sel1000_rep4/iqtree_out.iqtree
  Maximum-likelihood tree:       exp_baseline/m50_sel1000_rep4/iqtree_out.treefile
  Likelihood distances:          exp_baseline/m50_sel1000_rep4/iqtree_out.mldist
  Screen log file:               exp_baseline/m50_sel1000_rep4/iqtree_out.log

Date and Time: Tue May 12 15:00:43 2026
