IQ-TREE version 3.1.1 for MacOS ARM 64-bit built Apr  8 2026
Developed by Bui Quang Minh, Thomas Wong, Nhan Ly-Trong, Huaiyan Ren
Contributed by Lam-Tung Nguyen, Dominik Schrempf, Chris Bielow,
Olga Chernomor, Michael Woodhams, Diep Thi Hoang, Heiko Schmidt

Host:    Noutbuk-maria.local (SSE4.2, 16 GB RAM)
Command: iqtree -s exp_stable_0.0001/m10_sel1_rep2/neutral.fasta -m JC -nt AUTO -pre exp_stable_0.0001/m10_sel1_rep2/iqtree_out -seed 2242 -redo
Seed:    2242 (Using SPRNG - Scalable Parallel Random Number Generator)
Time:    Sat May 16 18:58:53 2026
Kernel:  SSE2 - auto-detect threads (8 CPU cores detected)

Reading alignment file exp_stable_0.0001/m10_sel1_rep2/neutral.fasta ... Fasta format detected
Reading fasta file: done in 0.00117207 secs using 89.76% CPU
Alignment most likely contains DNA/RNA sequences
Constructing alignment: done in 0.00116301 secs using 56.23% CPU
Alignment has 50 sequences with 3000 columns, 84 distinct patterns
15 parsimony-informative, 71 singleton sites, 2914 constant sites
          Gap/Ambiguity  Composition  p-value
Analyzing sequences: done in 3.50475e-05 secs using 45.65% CPU
   1  taxon_1     0.00%    passed     99.97%
   2  taxon_2     0.00%    passed     99.98%
   3  taxon_3     0.00%    passed    100.00%
   4  taxon_4     0.00%    passed    100.00%
   5  taxon_5     0.00%    passed    100.00%
   6  taxon_6     0.00%    passed     99.99%
   7  taxon_7     0.00%    passed    100.00%
   8  taxon_8     0.00%    passed     99.99%
   9  taxon_9     0.00%    passed     99.99%
  10  taxon_10    0.00%    passed     99.96%
  11  taxon_11    0.00%    passed     99.96%
  12  taxon_12    0.00%    passed     99.96%
  13  taxon_13    0.00%    passed     99.99%
  14  taxon_14    0.00%    passed     99.99%
  15  taxon_15    0.00%    passed     99.99%
  16  taxon_16    0.00%    passed    100.00%
  17  taxon_17    0.00%    passed    100.00%
  18  taxon_18    0.00%    passed     99.92%
  19  taxon_19    0.00%    passed    100.00%
  20  taxon_20    0.00%    passed    100.00%
  21  taxon_21    0.00%    passed     99.97%
  22  taxon_22    0.00%    passed     99.99%
  23  taxon_23    0.00%    passed    100.00%
  24  taxon_24    0.00%    passed    100.00%
  25  taxon_25    0.00%    passed     99.97%
  26  taxon_26    0.00%    passed    100.00%
  27  taxon_27    0.00%    passed     99.98%
  28  taxon_28    0.00%    passed     99.99%
  29  taxon_29    0.00%    passed     99.99%
  30  taxon_30    0.00%    passed    100.00%
  31  taxon_31    0.00%    passed    100.00%
  32  taxon_32    0.00%    passed    100.00%
  33  taxon_33    0.00%    passed     99.98%
  34  taxon_34    0.00%    passed     99.98%
  35  taxon_35    0.00%    passed    100.00%
  36  taxon_36    0.00%    passed    100.00%
  37  taxon_37    0.00%    passed    100.00%
  38  taxon_38    0.00%    passed    100.00%
  39  taxon_39    0.00%    passed     99.94%
  40  taxon_40    0.00%    passed    100.00%
  41  taxon_41    0.00%    passed     99.93%
  42  taxon_42    0.00%    passed     99.98%
  43  taxon_43    0.00%    passed     99.97%
  44  taxon_44    0.00%    passed     99.98%
  45  taxon_45    0.00%    passed     99.97%
  46  taxon_46    0.00%    passed     99.91%
  47  taxon_47    0.00%    passed     99.99%
  48  taxon_48    0.00%    passed     99.99%
  49  taxon_49    0.00%    passed    100.00%
  50  taxon_50    0.00%    passed     99.93%
****  TOTAL       0.00%  0 sequences failed composition chi2 test (p-value<5%; df=3)
NOTE: taxon_24 is identical to taxon_23 but kept for subsequent analysis
NOTE: taxon_44 is identical to taxon_42 but kept for subsequent analysis
NOTE: taxon_48 is identical to taxon_47 but kept for subsequent analysis
Checking for duplicate sequences: done in 6.58035e-05 secs using 59.27% CPU
Identifying sites to remove: done in 0.000679016 secs using 98.97% CPU
NOTE: 5 identical sequences (see below) will be ignored for subsequent analysis
NOTE: taxon_26 (identical to taxon_23) is ignored but added at the end
NOTE: taxon_37 (identical to taxon_23) is ignored but added at the end
NOTE: taxon_38 (identical to taxon_23) is ignored but added at the end
NOTE: taxon_40 (identical to taxon_23) is ignored but added at the end
NOTE: taxon_49 (identical to taxon_23) is ignored but added at the end
Alignment was printed to exp_stable_0.0001/m10_sel1_rep2/iqtree_out.uniqueseq.phy

For your convenience alignment with unique sequences printed to exp_stable_0.0001/m10_sel1_rep2/iqtree_out.uniqueseq.phy

Create initial parsimony tree by phylogenetic likelihood library (PLL)... 0.001 seconds

NOTE: 0 MB RAM (0 GB) is required!
Measuring multi-threading efficiency up to 8 CPU cores
Increase to 10 rounds for branch lengths
11533 trees examined
Threads: 1 / Time: 8.000 sec / Speedup: 1.000 / Efficiency: 100% / LogL: -5483
Threads: 2 / Time: 28.248 sec / Speedup: 0.283 / Efficiency: 14% / LogL: -5483
Determining AUTO threadcount: done in 36.2482 secs using 69.59% CPU
BEST NUMBER OF THREADS: 1

Estimate model parameters (epsilon = 0.100)
1. Initial log-likelihood: -5009.146
Optimal log-likelihood: -5009.146
Rate parameters:  A-C: 1.00000  A-G: 1.00000  A-T: 1.00000  C-G: 1.00000  C-T: 1.00000  G-T: 1.00000
Base frequencies:  A: 0.250  C: 0.250  G: 0.250  T: 0.250
Parameters optimization took 1 rounds (0.001 sec)
Wrote distance file to... 
Computing ML distances based on estimated model parameters...
Calculating distance matrix: done in 0.00189686 secs using 87.72% CPU
Computing ML distances took 0.001923 sec (of wall-clock time) 0.001683 sec (of CPU time)
Setting up auxiliary I and S matrices: done in 4.50611e-05 secs using 82.11% CPU
Constructing RapidNJ tree: done in 0.000103951 secs using 178% CPU
Computing RapidNJ tree took 0.000178 sec (of wall-clock time) 0.000253 sec (of CPU time)
Log-likelihood of RapidNJ tree: -5010.580
--------------------------------------------------------------------
|             INITIALIZING CANDIDATE TREE SET                      |
--------------------------------------------------------------------
Generating 98 parsimony trees... 0.054 second
Computing log-likelihood of 98 initial trees ... 0.029 seconds
Current best score: -5009.070

Do NNI search on 20 best initial trees
Estimate model parameters (epsilon = 0.100)
BETTER TREE FOUND at iteration 1: -5009.057
Iteration 10 / LogL: -5009.146 / Time: 0h:0m:36s
Iteration 20 / LogL: -5009.146 / Time: 0h:0m:36s
Finish initializing candidate tree set (20)
Current best tree score: -5009.057 / CPU time: 0.118
Number of iterations: 20
--------------------------------------------------------------------
|               OPTIMIZING CANDIDATE TREE SET                      |
--------------------------------------------------------------------
Iteration 30 / LogL: -5009.085 / Time: 0h:0m:36s (0h:1m:29s left)
Iteration 40 / LogL: -5009.065 / Time: 0h:0m:36s (0h:0m:57s left)
Iteration 50 / LogL: -5009.069 / Time: 0h:0m:36s (0h:0m:37s left)
Iteration 60 / LogL: -5009.150 / Time: 0h:0m:36s (0h:0m:25s left)
BETTER TREE FOUND at iteration 68: -5009.057
Iteration 70 / LogL: -5013.893 / Time: 0h:0m:36s (0h:0m:51s left)
Iteration 80 / LogL: -5009.102 / Time: 0h:0m:36s (0h:0m:40s left)
Iteration 90 / LogL: -5009.069 / Time: 0h:0m:36s (0h:0m:32s left)
Iteration 100 / LogL: -5009.057 / Time: 0h:0m:36s (0h:0m:25s left)
Iteration 110 / LogL: -5009.099 / Time: 0h:0m:36s (0h:0m:19s left)
Iteration 120 / LogL: -5009.094 / Time: 0h:0m:36s (0h:0m:14s left)
Iteration 130 / LogL: -5009.158 / Time: 0h:0m:36s (0h:0m:10s left)
Iteration 140 / LogL: -5009.091 / Time: 0h:0m:36s (0h:0m:7s left)
Iteration 150 / LogL: -5009.069 / Time: 0h:0m:37s (0h:0m:4s left)
Iteration 160 / LogL: -5009.082 / Time: 0h:0m:37s (0h:0m:1s left)
TREE SEARCH COMPLETED AFTER 169 ITERATIONS / Time: 0h:0m:37s

--------------------------------------------------------------------
|                    FINALIZING TREE SEARCH                        |
--------------------------------------------------------------------
Performs final model parameters optimization
Estimate model parameters (epsilon = 0.010)
1. Initial log-likelihood: -5009.057
Optimal log-likelihood: -5009.057
Rate parameters:  A-C: 1.00000  A-G: 1.00000  A-T: 1.00000  C-G: 1.00000  C-T: 1.00000  G-T: 1.00000
Base frequencies:  A: 0.250  C: 0.250  G: 0.250  T: 0.250
Parameters optimization took 1 rounds (0.000 sec)
BEST SCORE FOUND : -5009.057
Total tree length: 0.031

Total number of iterations: 169
CPU time used for tree search: 0.738 sec (0h:0m:0s)
Wall-clock time used for tree search: 0.843 sec (0h:0m:0s)
Total CPU time used: 25.972 sec (0h:0m:25s)
Total wall-clock time used: 37.104 sec (0h:0m:37s)

Analysis results written to: 
  IQ-TREE report:                exp_stable_0.0001/m10_sel1_rep2/iqtree_out.iqtree
  Maximum-likelihood tree:       exp_stable_0.0001/m10_sel1_rep2/iqtree_out.treefile
  Likelihood distances:          exp_stable_0.0001/m10_sel1_rep2/iqtree_out.mldist
  Screen log file:               exp_stable_0.0001/m10_sel1_rep2/iqtree_out.log

Date and Time: Sat May 16 18:59:30 2026
