IQ-TREE version 3.1.1 for MacOS ARM 64-bit built Apr  8 2026
Developed by Bui Quang Minh, Thomas Wong, Nhan Ly-Trong, Huaiyan Ren
Contributed by Lam-Tung Nguyen, Dominik Schrempf, Chris Bielow,
Olga Chernomor, Michael Woodhams, Diep Thi Hoang, Heiko Schmidt

Host:    Noutbuk-maria.local (SSE4.2, 16 GB RAM)
Command: iqtree -s exp_baseline/m20_sel0_rep3/combined.fasta -m JC -nt AUTO -pre exp_baseline/m20_sel0_rep3/iqtree_out -seed 2342 -redo
Seed:    2342 (Using SPRNG - Scalable Parallel Random Number Generator)
Time:    Tue May 12 14:38:07 2026
Kernel:  SSE2 - auto-detect threads (8 CPU cores detected)

Reading alignment file exp_baseline/m20_sel0_rep3/combined.fasta ... Fasta format detected
Reading fasta file: done in 0.000478029 secs using 90.58% CPU
NOTE: Change sequence name 'taxon 1' -> taxon_1
NOTE: Change sequence name 'taxon 2' -> taxon_2
NOTE: Change sequence name 'taxon 3' -> taxon_3
NOTE: Change sequence name 'taxon 4' -> taxon_4
NOTE: Change sequence name 'taxon 5' -> taxon_5
NOTE: Change sequence name 'taxon 6' -> taxon_6
NOTE: Change sequence name 'taxon 7' -> taxon_7
NOTE: Change sequence name 'taxon 8' -> taxon_8
NOTE: Change sequence name 'taxon 9' -> taxon_9
NOTE: Change sequence name 'taxon 10' -> taxon_10
NOTE: Change sequence name 'taxon 11' -> taxon_11
NOTE: Change sequence name 'taxon 12' -> taxon_12
NOTE: Change sequence name 'taxon 13' -> taxon_13
NOTE: Change sequence name 'taxon 14' -> taxon_14
NOTE: Change sequence name 'taxon 15' -> taxon_15
NOTE: Change sequence name 'taxon 16' -> taxon_16
NOTE: Change sequence name 'taxon 17' -> taxon_17
NOTE: Change sequence name 'taxon 18' -> taxon_18
NOTE: Change sequence name 'taxon 19' -> taxon_19
NOTE: Change sequence name 'taxon 20' -> taxon_20
NOTE: Change sequence name 'taxon 21' -> taxon_21
NOTE: Change sequence name 'taxon 22' -> taxon_22
NOTE: Change sequence name 'taxon 23' -> taxon_23
NOTE: Change sequence name 'taxon 24' -> taxon_24
NOTE: Change sequence name 'taxon 25' -> taxon_25
NOTE: Change sequence name 'taxon 26' -> taxon_26
NOTE: Change sequence name 'taxon 27' -> taxon_27
NOTE: Change sequence name 'taxon 28' -> taxon_28
NOTE: Change sequence name 'taxon 29' -> taxon_29
NOTE: Change sequence name 'taxon 30' -> taxon_30
Alignment most likely contains DNA/RNA sequences
Constructing alignment: done in 0.000965834 secs using 57.15% CPU
Alignment has 30 sequences with 2000 columns, 2000 distinct patterns
2000 parsimony-informative, 0 singleton sites, 0 constant sites
          Gap/Ambiguity  Composition  p-value
Analyzing sequences: done in 5.6982e-05 secs using 194.8% CPU
   1  taxon_1     0.00%    passed     45.11%
   2  taxon_2     0.00%    passed     21.16%
   3  taxon_3     0.00%    passed     75.61%
   4  taxon_4     0.00%    passed     73.31%
   5  taxon_5     0.00%    passed     96.56%
   6  taxon_6     0.00%    passed     60.22%
   7  taxon_7     0.00%    passed     84.21%
   8  taxon_8     0.00%    passed     86.12%
   9  taxon_9     0.00%    passed     28.70%
  10  taxon_10    0.00%    passed     68.47%
  11  taxon_11    0.00%    passed     96.47%
  12  taxon_12    0.00%    passed     80.77%
  13  taxon_13    0.00%    passed     18.98%
  14  taxon_14    0.00%    passed      5.04%
  15  taxon_15    0.00%    passed     61.44%
  16  taxon_16    0.00%    passed     60.18%
  17  taxon_17    0.00%    passed      9.36%
  18  taxon_18    0.00%    passed     41.65%
  19  taxon_19    0.00%    passed     39.12%
  20  taxon_20    0.00%    passed     91.34%
  21  taxon_21    0.00%    passed     81.48%
  22  taxon_22    0.00%    passed     84.90%
  23  taxon_23    0.00%    failed      1.07%
  24  taxon_24    0.00%    passed     63.68%
  25  taxon_25    0.00%    passed     97.70%
  26  taxon_26    0.00%    passed      6.63%
  27  taxon_27    0.00%    passed     33.67%
  28  taxon_28    0.00%    passed     54.95%
  29  taxon_29    0.00%    passed     79.94%
  30  taxon_30    0.00%    passed     99.21%
****  TOTAL       0.00%  1 sequences failed composition chi2 test (p-value<5%; df=3)
Checking for duplicate sequences: done in 0.000127077 secs using 95.22% CPU

Create initial parsimony tree by phylogenetic likelihood library (PLL)... 0.003 seconds

NOTE: 1 MB RAM (0 GB) is required!
Measuring multi-threading efficiency up to 8 CPU cores
Increase to 10 rounds for branch lengths
374 trees examined
Threads: 1 / Time: 8.020 sec / Speedup: 1.000 / Efficiency: 100% / LogL: -80603
Threads: 2 / Time: 8.799 sec / Speedup: 0.911 / Efficiency: 46% / LogL: -80603
Determining AUTO threadcount: done in 16.8194 secs using 107.7% CPU
BEST NUMBER OF THREADS: 1

Estimate model parameters (epsilon = 0.100)
1. Initial log-likelihood: -78683.989
Optimal log-likelihood: -77972.392
Rate parameters:  A-C: 1.00000  A-G: 1.00000  A-T: 1.00000  C-G: 1.00000  C-T: 1.00000  G-T: 1.00000
Base frequencies:  A: 0.250  C: 0.250  G: 0.250  T: 0.250
Parameters optimization took 1 rounds (0.017 sec)
Wrote distance file to... 
Computing ML distances based on estimated model parameters...
Calculating distance matrix: done in 0.00120878 secs using 99.19% CPU
Computing ML distances took 0.001340 sec (of wall-clock time) 0.001325 sec (of CPU time)
WARNING: Some pairwise ML distances are too long (saturated)
Setting up auxiliary I and S matrices: done in 2.5034e-05 secs using 67.91% CPU
Constructing RapidNJ tree: done in 5.00679e-05 secs using 161.8% CPU
Computing RapidNJ tree took 0.000093 sec (of wall-clock time) 0.000112 sec (of CPU time)
Log-likelihood of RapidNJ tree: -77972.547
--------------------------------------------------------------------
|             INITIALIZING CANDIDATE TREE SET                      |
--------------------------------------------------------------------
Generating 98 parsimony trees... 0.296 second
Computing log-likelihood of 98 initial trees ... 0.256 seconds
Current best score: -77972.392

Do NNI search on 20 best initial trees
Estimate model parameters (epsilon = 0.100)
BETTER TREE FOUND at iteration 1: -77924.386
Iteration 10 / LogL: -77938.950 / Time: 0h:0m:18s
Iteration 20 / LogL: -77934.362 / Time: 0h:0m:19s
Finish initializing candidate tree set (14)
Current best tree score: -77924.386 / CPU time: 2.216
Number of iterations: 20
--------------------------------------------------------------------
|               OPTIMIZING CANDIDATE TREE SET                      |
--------------------------------------------------------------------
Iteration 30 / LogL: -77931.094 / Time: 0h:0m:19s (0h:0m:48s left)
Iteration 40 / LogL: -77947.347 / Time: 0h:0m:20s (0h:0m:32s left)
Iteration 50 / LogL: -77949.400 / Time: 0h:0m:21s (0h:0m:22s left)
Iteration 60 / LogL: -77926.121 / Time: 0h:0m:22s (0h:0m:15s left)
Iteration 70 / LogL: -77928.565 / Time: 0h:0m:23s (0h:0m:10s left)
Iteration 80 / LogL: -77925.626 / Time: 0h:0m:24s (0h:0m:6s left)
Iteration 90 / LogL: -77930.940 / Time: 0h:0m:25s (0h:0m:3s left)
Estimate model parameters (epsilon = 0.100)
UPDATE BEST LOG-LIKELIHOOD: -77923.610
Iteration 100 / LogL: -77939.155 / Time: 0h:0m:25s (0h:0m:0s left)
TREE SEARCH COMPLETED AFTER 102 ITERATIONS / Time: 0h:0m:26s

--------------------------------------------------------------------
|                    FINALIZING TREE SEARCH                        |
--------------------------------------------------------------------
Performs final model parameters optimization
Estimate model parameters (epsilon = 0.010)
1. Initial log-likelihood: -77923.610
Optimal log-likelihood: -77923.411
Rate parameters:  A-C: 1.00000  A-G: 1.00000  A-T: 1.00000  C-G: 1.00000  C-T: 1.00000  G-T: 1.00000
Base frequencies:  A: 0.250  C: 0.250  G: 0.250  T: 0.250
Parameters optimization took 1 rounds (0.014 sec)
BEST SCORE FOUND : -77923.411
Total tree length: 30.306

Total number of iterations: 102
CPU time used for tree search: 9.189 sec (0h:0m:9s)
Wall-clock time used for tree search: 9.226 sec (0h:0m:9s)
Total CPU time used: 27.391 sec (0h:0m:27s)
Total wall-clock time used: 26.140 sec (0h:0m:26s)

Analysis results written to: 
  IQ-TREE report:                exp_baseline/m20_sel0_rep3/iqtree_out.iqtree
  Maximum-likelihood tree:       exp_baseline/m20_sel0_rep3/iqtree_out.treefile
  Likelihood distances:          exp_baseline/m20_sel0_rep3/iqtree_out.mldist
  Screen log file:               exp_baseline/m20_sel0_rep3/iqtree_out.log

Date and Time: Tue May 12 14:38:33 2026
