IQ-TREE version 3.1.1 for MacOS ARM 64-bit built Apr  8 2026
Developed by Bui Quang Minh, Thomas Wong, Nhan Ly-Trong, Huaiyan Ren
Contributed by Lam-Tung Nguyen, Dominik Schrempf, Chris Bielow,
Olga Chernomor, Michael Woodhams, Diep Thi Hoang, Heiko Schmidt

Host:    Noutbuk-maria.local (SSE4.2, 16 GB RAM)
Command: iqtree -s exp_stable_0.0005/m10_sel1_rep4/neutral.fasta -m JC -nt AUTO -pre exp_stable_0.0005/m10_sel1_rep4/iqtree_out -seed 2442 -redo
Seed:    2442 (Using SPRNG - Scalable Parallel Random Number Generator)
Time:    Mon May 18 20:27:05 2026
Kernel:  SSE2 - auto-detect threads (8 CPU cores detected)

Reading alignment file exp_stable_0.0005/m10_sel1_rep4/neutral.fasta ... Fasta format detected
Reading fasta file: done in 0.00120592 secs using 87.65% CPU
Alignment most likely contains DNA/RNA sequences
Constructing alignment: done in 0.00122809 secs using 56.35% CPU
Alignment has 50 sequences with 3000 columns, 330 distinct patterns
47 parsimony-informative, 360 singleton sites, 2593 constant sites
          Gap/Ambiguity  Composition  p-value
Analyzing sequences: done in 4.00543e-05 secs using 74.9% CPU
   1  taxon_1     0.00%    passed     99.81%
   2  taxon_2     0.00%    passed     99.82%
   3  taxon_3     0.00%    passed     99.97%
   4  taxon_4     0.00%    passed     99.22%
   5  taxon_5     0.00%    passed     99.87%
   6  taxon_6     0.00%    passed     99.88%
   7  taxon_7     0.00%    passed     99.98%
   8  taxon_8     0.00%    passed     99.94%
   9  taxon_9     0.00%    passed    100.00%
  10  taxon_10    0.00%    passed     99.97%
  11  taxon_11    0.00%    passed     99.86%
  12  taxon_12    0.00%    passed     99.93%
  13  taxon_13    0.00%    passed     99.98%
  14  taxon_14    0.00%    passed     99.94%
  15  taxon_15    0.00%    passed     99.98%
  16  taxon_16    0.00%    passed     99.92%
  17  taxon_17    0.00%    passed     99.95%
  18  taxon_18    0.00%    passed     99.73%
  19  taxon_19    0.00%    passed     99.99%
  20  taxon_20    0.00%    passed     99.98%
  21  taxon_21    0.00%    passed     99.88%
  22  taxon_22    0.00%    passed     99.92%
  23  taxon_23    0.00%    passed     99.84%
  24  taxon_24    0.00%    passed     99.48%
  25  taxon_25    0.00%    passed    100.00%
  26  taxon_26    0.00%    passed     99.85%
  27  taxon_27    0.00%    passed    100.00%
  28  taxon_28    0.00%    passed     99.97%
  29  taxon_29    0.00%    passed     99.83%
  30  taxon_30    0.00%    passed     99.85%
  31  taxon_31    0.00%    passed     99.60%
  32  taxon_32    0.00%    passed     99.90%
  33  taxon_33    0.00%    passed     99.55%
  34  taxon_34    0.00%    passed     99.82%
  35  taxon_35    0.00%    passed     99.89%
  36  taxon_36    0.00%    passed     99.99%
  37  taxon_37    0.00%    passed     99.99%
  38  taxon_38    0.00%    passed     99.46%
  39  taxon_39    0.00%    passed     99.97%
  40  taxon_40    0.00%    passed     99.66%
  41  taxon_41    0.00%    passed     99.99%
  42  taxon_42    0.00%    passed     99.94%
  43  taxon_43    0.00%    passed     99.71%
  44  taxon_44    0.00%    passed     99.88%
  45  taxon_45    0.00%    passed     99.65%
  46  taxon_46    0.00%    passed     99.51%
  47  taxon_47    0.00%    passed     99.76%
  48  taxon_48    0.00%    passed     99.83%
  49  taxon_49    0.00%    passed     99.44%
  50  taxon_50    0.00%    passed     99.70%
****  TOTAL       0.00%  0 sequences failed composition chi2 test (p-value<5%; df=3)
Checking for duplicate sequences: done in 7.20024e-05 secs using 72.22% CPU

Create initial parsimony tree by phylogenetic likelihood library (PLL)... 0.001 seconds

NOTE: 0 MB RAM (0 GB) is required!
Measuring multi-threading efficiency up to 8 CPU cores
Increase to 10 rounds for branch lengths
3831 trees examined
Threads: 1 / Time: 8.001 sec / Speedup: 1.000 / Efficiency: 100% / LogL: -8661
Threads: 2 / Time: 14.405 sec / Speedup: 0.555 / Efficiency: 28% / LogL: -8661
Determining AUTO threadcount: done in 22.4059 secs using 89.77% CPU
BEST NUMBER OF THREADS: 1

Estimate model parameters (epsilon = 0.100)
1. Initial log-likelihood: -7756.445
Optimal log-likelihood: -7756.444
Rate parameters:  A-C: 1.00000  A-G: 1.00000  A-T: 1.00000  C-G: 1.00000  C-T: 1.00000  G-T: 1.00000
Base frequencies:  A: 0.250  C: 0.250  G: 0.250  T: 0.250
Parameters optimization took 1 rounds (0.001 sec)
Wrote distance file to... 
Computing ML distances based on estimated model parameters...
Calculating distance matrix: done in 0.00275397 secs using 91% CPU
Computing ML distances took 0.002800 sec (of wall-clock time) 0.002543 sec (of CPU time)
Setting up auxiliary I and S matrices: done in 4.69685e-05 secs using 78.78% CPU
Constructing RapidNJ tree: done in 0.000120878 secs using 180.3% CPU
Computing RapidNJ tree took 0.000187 sec (of wall-clock time) 0.000271 sec (of CPU time)
Log-likelihood of RapidNJ tree: -7765.250
--------------------------------------------------------------------
|             INITIALIZING CANDIDATE TREE SET                      |
--------------------------------------------------------------------
Generating 98 parsimony trees... 0.083 second
Computing log-likelihood of 98 initial trees ... 0.068 seconds
Current best score: -7756.314

Do NNI search on 20 best initial trees
Estimate model parameters (epsilon = 0.100)
BETTER TREE FOUND at iteration 1: -7756.312
Iteration 10 / LogL: -7756.312 / Time: 0h:0m:22s
Iteration 20 / LogL: -7756.313 / Time: 0h:0m:22s
Finish initializing candidate tree set (20)
Current best tree score: -7756.312 / CPU time: 0.295
Number of iterations: 20
--------------------------------------------------------------------
|               OPTIMIZING CANDIDATE TREE SET                      |
--------------------------------------------------------------------
Iteration 30 / LogL: -7756.337 / Time: 0h:0m:22s (0h:0m:55s left)
Iteration 40 / LogL: -7756.332 / Time: 0h:0m:22s (0h:0m:35s left)
Iteration 50 / LogL: -7756.343 / Time: 0h:0m:23s (0h:0m:24s left)
Iteration 60 / LogL: -7756.344 / Time: 0h:0m:23s (0h:0m:16s left)
Iteration 70 / LogL: -7756.357 / Time: 0h:0m:23s (0h:0m:10s left)
Iteration 80 / LogL: -7756.319 / Time: 0h:0m:23s (0h:0m:6s left)
Iteration 90 / LogL: -7767.318 / Time: 0h:0m:23s (0h:0m:2s left)
Iteration 100 / LogL: -7756.335 / Time: 0h:0m:23s (0h:0m:0s left)
TREE SEARCH COMPLETED AFTER 102 ITERATIONS / Time: 0h:0m:23s

--------------------------------------------------------------------
|                    FINALIZING TREE SEARCH                        |
--------------------------------------------------------------------
Performs final model parameters optimization
Estimate model parameters (epsilon = 0.010)
1. Initial log-likelihood: -7756.312
Optimal log-likelihood: -7756.312
Rate parameters:  A-C: 1.00000  A-G: 1.00000  A-T: 1.00000  C-G: 1.00000  C-T: 1.00000  G-T: 1.00000
Base frequencies:  A: 0.250  C: 0.250  G: 0.250  T: 0.250
Parameters optimization took 1 rounds (0.002 sec)
BEST SCORE FOUND : -7756.312
Total tree length: 0.149

Total number of iterations: 102
CPU time used for tree search: 1.281 sec (0h:0m:1s)
Wall-clock time used for tree search: 1.283 sec (0h:0m:1s)
Total CPU time used: 21.407 sec (0h:0m:21s)
Total wall-clock time used: 23.705 sec (0h:0m:23s)

Analysis results written to: 
  IQ-TREE report:                exp_stable_0.0005/m10_sel1_rep4/iqtree_out.iqtree
  Maximum-likelihood tree:       exp_stable_0.0005/m10_sel1_rep4/iqtree_out.treefile
  Likelihood distances:          exp_stable_0.0005/m10_sel1_rep4/iqtree_out.mldist
  Screen log file:               exp_stable_0.0005/m10_sel1_rep4/iqtree_out.log

Date and Time: Mon May 18 20:27:28 2026
