IQ-TREE version 3.1.1 for MacOS ARM 64-bit built Apr  8 2026
Developed by Bui Quang Minh, Thomas Wong, Nhan Ly-Trong, Huaiyan Ren
Contributed by Lam-Tung Nguyen, Dominik Schrempf, Chris Bielow,
Olga Chernomor, Michael Woodhams, Diep Thi Hoang, Heiko Schmidt

Host:    Noutbuk-maria.local (SSE4.2, 16 GB RAM)
Command: iqtree -s exp_stable_0.001/m1_sel1_rep4/neutral.fasta -m JC -nt AUTO -pre exp_stable_0.001/m1_sel1_rep4/iqtree_out -seed 1542 -redo
Seed:    1542 (Using SPRNG - Scalable Parallel Random Number Generator)
Time:    Mon May 18 20:58:38 2026
Kernel:  SSE2 - auto-detect threads (8 CPU cores detected)

Reading alignment file exp_stable_0.001/m1_sel1_rep4/neutral.fasta ... Fasta format detected
Reading fasta file: done in 0.00117302 secs using 89.94% CPU
Alignment most likely contains DNA/RNA sequences
Constructing alignment: done in 0.001508 secs using 63.33% CPU
Alignment has 50 sequences with 3000 columns, 2114 distinct patterns
1335 parsimony-informative, 1173 singleton sites, 492 constant sites
          Gap/Ambiguity  Composition  p-value
Analyzing sequences: done in 8.29697e-05 secs using 260.3% CPU
   1  taxon_1     0.00%    passed     95.16%
   2  taxon_2     0.00%    passed     91.05%
   3  taxon_3     0.00%    passed     72.04%
   4  taxon_4     0.00%    passed     94.88%
   5  taxon_5     0.00%    passed     96.19%
   6  taxon_6     0.00%    passed     78.06%
   7  taxon_7     0.00%    passed     97.26%
   8  taxon_8     0.00%    passed     96.24%
   9  taxon_9     0.00%    passed     80.58%
  10  taxon_10    0.00%    passed     91.00%
  11  taxon_11    0.00%    passed     87.19%
  12  taxon_12    0.00%    passed     89.17%
  13  taxon_13    0.00%    passed     90.66%
  14  taxon_14    0.00%    passed     99.17%
  15  taxon_15    0.00%    passed     98.41%
  16  taxon_16    0.00%    passed     98.36%
  17  taxon_17    0.00%    passed     96.16%
  18  taxon_18    0.00%    passed     81.58%
  19  taxon_19    0.00%    passed     95.64%
  20  taxon_20    0.00%    passed     97.11%
  21  taxon_21    0.00%    passed     67.15%
  22  taxon_22    0.00%    passed     96.05%
  23  taxon_23    0.00%    passed     98.94%
  24  taxon_24    0.00%    passed     97.99%
  25  taxon_25    0.00%    passed     95.33%
  26  taxon_26    0.00%    passed     96.41%
  27  taxon_27    0.00%    passed     98.99%
  28  taxon_28    0.00%    passed     99.75%
  29  taxon_29    0.00%    passed     90.25%
  30  taxon_30    0.00%    passed     91.76%
  31  taxon_31    0.00%    passed     95.24%
  32  taxon_32    0.00%    passed     98.14%
  33  taxon_33    0.00%    passed     97.71%
  34  taxon_34    0.00%    passed     83.96%
  35  taxon_35    0.00%    passed     97.22%
  36  taxon_36    0.00%    passed     99.21%
  37  taxon_37    0.00%    passed     91.17%
  38  taxon_38    0.00%    passed     96.28%
  39  taxon_39    0.00%    passed     97.64%
  40  taxon_40    0.00%    passed     94.81%
  41  taxon_41    0.00%    passed     95.76%
  42  taxon_42    0.00%    passed     95.01%
  43  taxon_43    0.00%    passed     99.78%
  44  taxon_44    0.00%    passed     90.92%
  45  taxon_45    0.00%    passed     86.51%
  46  taxon_46    0.00%    passed     93.95%
  47  taxon_47    0.00%    passed     92.15%
  48  taxon_48    0.00%    passed     93.65%
  49  taxon_49    0.00%    passed     97.23%
  50  taxon_50    0.00%    passed     95.50%
****  TOTAL       0.00%  0 sequences failed composition chi2 test (p-value<5%; df=3)
Checking for duplicate sequences: done in 0.000222921 secs using 93.31% CPU

Create initial parsimony tree by phylogenetic likelihood library (PLL)... 0.004 seconds

NOTE: 3 MB RAM (0 GB) is required!
Measuring multi-threading efficiency up to 8 CPU cores
Increase to 10 rounds for branch lengths
424 trees examined
Threads: 1 / Time: 8.004 sec / Speedup: 1.000 / Efficiency: 100% / LogL: -43344
Threads: 2 / Time: 7.864 sec / Speedup: 1.018 / Efficiency: 51% / LogL: -43344
Threads: 3 / Time: 7.368 sec / Speedup: 1.086 / Efficiency: 36% / LogL: -43344
Determining AUTO threadcount: done in 23.2368 secs using 122.4% CPU
BEST NUMBER OF THREADS: 1

Estimate model parameters (epsilon = 0.100)
1. Initial log-likelihood: -34115.580
Optimal log-likelihood: -34104.162
Rate parameters:  A-C: 1.00000  A-G: 1.00000  A-T: 1.00000  C-G: 1.00000  C-T: 1.00000  G-T: 1.00000
Base frequencies:  A: 0.250  C: 0.250  G: 0.250  T: 0.250
Parameters optimization took 1 rounds (0.009 sec)
Wrote distance file to... 
Computing ML distances based on estimated model parameters...
Calculating distance matrix: done in 0.00510406 secs using 93.14% CPU
Computing ML distances took 0.005330 sec (of wall-clock time) 0.004973 sec (of CPU time)
Setting up auxiliary I and S matrices: done in 4.48227e-05 secs using 82.55% CPU
Constructing RapidNJ tree: done in 9.89437e-05 secs using 178.9% CPU
Computing RapidNJ tree took 0.000167 sec (of wall-clock time) 0.000230 sec (of CPU time)
Log-likelihood of RapidNJ tree: -34154.033
--------------------------------------------------------------------
|             INITIALIZING CANDIDATE TREE SET                      |
--------------------------------------------------------------------
Generating 98 parsimony trees... 0.413 second
Computing log-likelihood of 98 initial trees ... 0.441 seconds
Current best score: -34104.115

Do NNI search on 20 best initial trees
Estimate model parameters (epsilon = 0.100)
BETTER TREE FOUND at iteration 1: -34104.104
UPDATE BEST LOG-LIKELIHOOD: -34104.104
Iteration 10 / LogL: -34104.104 / Time: 0h:0m:24s
Iteration 20 / LogL: -34104.105 / Time: 0h:0m:24s
Finish initializing candidate tree set (1)
Current best tree score: -34104.104 / CPU time: 1.700
Number of iterations: 20
--------------------------------------------------------------------
|               OPTIMIZING CANDIDATE TREE SET                      |
--------------------------------------------------------------------
Iteration 30 / LogL: -34104.113 / Time: 0h:0m:25s (0h:1m:2s left)
Iteration 40 / LogL: -34104.104 / Time: 0h:0m:26s (0h:0m:41s left)
Iteration 50 / LogL: -34104.121 / Time: 0h:0m:26s (0h:0m:27s left)
Iteration 60 / LogL: -34104.104 / Time: 0h:0m:27s (0h:0m:19s left)
Iteration 70 / LogL: -34104.104 / Time: 0h:0m:28s (0h:0m:12s left)
Iteration 80 / LogL: -34104.143 / Time: 0h:0m:28s (0h:0m:7s left)
Iteration 90 / LogL: -34104.105 / Time: 0h:0m:29s (0h:0m:3s left)
Iteration 100 / LogL: -34104.112 / Time: 0h:0m:30s (0h:0m:0s left)
TREE SEARCH COMPLETED AFTER 102 ITERATIONS / Time: 0h:0m:30s

--------------------------------------------------------------------
|                    FINALIZING TREE SEARCH                        |
--------------------------------------------------------------------
Performs final model parameters optimization
Estimate model parameters (epsilon = 0.010)
1. Initial log-likelihood: -34104.104
Optimal log-likelihood: -34104.104
Rate parameters:  A-C: 1.00000  A-G: 1.00000  A-T: 1.00000  C-G: 1.00000  C-T: 1.00000  G-T: 1.00000
Base frequencies:  A: 0.250  C: 0.250  G: 0.250  T: 0.250
Parameters optimization took 1 rounds (0.010 sec)
BEST SCORE FOUND : -34104.104
Total tree length: 1.768

Total number of iterations: 102
CPU time used for tree search: 6.923 sec (0h:0m:6s)
Wall-clock time used for tree search: 6.949 sec (0h:0m:6s)
Total CPU time used: 35.407 sec (0h:0m:35s)
Total wall-clock time used: 30.232 sec (0h:0m:30s)

Analysis results written to: 
  IQ-TREE report:                exp_stable_0.001/m1_sel1_rep4/iqtree_out.iqtree
  Maximum-likelihood tree:       exp_stable_0.001/m1_sel1_rep4/iqtree_out.treefile
  Likelihood distances:          exp_stable_0.001/m1_sel1_rep4/iqtree_out.mldist
  Screen log file:               exp_stable_0.001/m1_sel1_rep4/iqtree_out.log

Date and Time: Mon May 18 20:59:09 2026
