IQ-TREE version 3.1.1 for MacOS ARM 64-bit built Apr  8 2026
Developed by Bui Quang Minh, Thomas Wong, Nhan Ly-Trong, Huaiyan Ren
Contributed by Lam-Tung Nguyen, Dominik Schrempf, Chris Bielow,
Olga Chernomor, Michael Woodhams, Diep Thi Hoang, Heiko Schmidt

Host:    Noutbuk-maria.local (SSE4.2, 16 GB RAM)
Command: iqtree -s exp_baseline/m100_sel0_rep4/combined.fasta -m JC -nt AUTO -pre exp_baseline/m100_sel0_rep4/iqtree_out -seed 10442 -redo
Seed:    10442 (Using SPRNG - Scalable Parallel Random Number Generator)
Time:    Tue May 12 15:03:15 2026
Kernel:  SSE2 - auto-detect threads (8 CPU cores detected)

Reading alignment file exp_baseline/m100_sel0_rep4/combined.fasta ... Fasta format detected
Reading fasta file: done in 0.000479937 secs using 90.85% CPU
NOTE: Change sequence name 'taxon 1' -> taxon_1
NOTE: Change sequence name 'taxon 2' -> taxon_2
NOTE: Change sequence name 'taxon 3' -> taxon_3
NOTE: Change sequence name 'taxon 4' -> taxon_4
NOTE: Change sequence name 'taxon 5' -> taxon_5
NOTE: Change sequence name 'taxon 6' -> taxon_6
NOTE: Change sequence name 'taxon 7' -> taxon_7
NOTE: Change sequence name 'taxon 8' -> taxon_8
NOTE: Change sequence name 'taxon 9' -> taxon_9
NOTE: Change sequence name 'taxon 10' -> taxon_10
NOTE: Change sequence name 'taxon 11' -> taxon_11
NOTE: Change sequence name 'taxon 12' -> taxon_12
NOTE: Change sequence name 'taxon 13' -> taxon_13
NOTE: Change sequence name 'taxon 14' -> taxon_14
NOTE: Change sequence name 'taxon 15' -> taxon_15
NOTE: Change sequence name 'taxon 16' -> taxon_16
NOTE: Change sequence name 'taxon 17' -> taxon_17
NOTE: Change sequence name 'taxon 18' -> taxon_18
NOTE: Change sequence name 'taxon 19' -> taxon_19
NOTE: Change sequence name 'taxon 20' -> taxon_20
NOTE: Change sequence name 'taxon 21' -> taxon_21
NOTE: Change sequence name 'taxon 22' -> taxon_22
NOTE: Change sequence name 'taxon 23' -> taxon_23
NOTE: Change sequence name 'taxon 24' -> taxon_24
NOTE: Change sequence name 'taxon 25' -> taxon_25
NOTE: Change sequence name 'taxon 26' -> taxon_26
NOTE: Change sequence name 'taxon 27' -> taxon_27
NOTE: Change sequence name 'taxon 28' -> taxon_28
NOTE: Change sequence name 'taxon 29' -> taxon_29
NOTE: Change sequence name 'taxon 30' -> taxon_30
Alignment most likely contains DNA/RNA sequences
Constructing alignment: done in 0.000936985 secs using 58.59% CPU
Alignment has 30 sequences with 2000 columns, 2000 distinct patterns
2000 parsimony-informative, 0 singleton sites, 0 constant sites
          Gap/Ambiguity  Composition  p-value
Analyzing sequences: done in 4.41074e-05 secs using 276.6% CPU
   1  taxon_1     0.00%    passed     40.04%
   2  taxon_2     0.00%    passed     77.79%
   3  taxon_3     0.00%    passed     42.24%
   4  taxon_4     0.00%    passed     47.21%
   5  taxon_5     0.00%    passed     55.44%
   6  taxon_6     0.00%    passed     61.97%
   7  taxon_7     0.00%    passed     28.90%
   8  taxon_8     0.00%    passed     96.88%
   9  taxon_9     0.00%    passed     92.93%
  10  taxon_10    0.00%    failed      4.58%
  11  taxon_11    0.00%    passed     59.91%
  12  taxon_12    0.00%    passed     40.35%
  13  taxon_13    0.00%    passed     60.84%
  14  taxon_14    0.00%    passed     79.27%
  15  taxon_15    0.00%    passed     83.65%
  16  taxon_16    0.00%    passed     50.20%
  17  taxon_17    0.00%    passed     36.26%
  18  taxon_18    0.00%    passed     20.31%
  19  taxon_19    0.00%    passed     20.86%
  20  taxon_20    0.00%    passed     42.82%
  21  taxon_21    0.00%    passed     40.45%
  22  taxon_22    0.00%    passed     56.41%
  23  taxon_23    0.00%    passed     78.64%
  24  taxon_24    0.00%    passed     52.02%
  25  taxon_25    0.00%    passed     89.02%
  26  taxon_26    0.00%    passed     74.67%
  27  taxon_27    0.00%    passed     83.06%
  28  taxon_28    0.00%    passed     59.04%
  29  taxon_29    0.00%    passed     88.66%
  30  taxon_30    0.00%    passed     85.61%
****  TOTAL       0.00%  1 sequences failed composition chi2 test (p-value<5%; df=3)
Checking for duplicate sequences: done in 0.000125885 secs using 96.12% CPU

Create initial parsimony tree by phylogenetic likelihood library (PLL)... 0.002 seconds

NOTE: 1 MB RAM (0 GB) is required!
Measuring multi-threading efficiency up to 8 CPU cores
Increase to 10 rounds for branch lengths
393 trees examined
Threads: 1 / Time: 8.004 sec / Speedup: 1.000 / Efficiency: 100% / LogL: -77874
Threads: 2 / Time: 8.681 sec / Speedup: 0.922 / Efficiency: 46% / LogL: -77874
Determining AUTO threadcount: done in 16.6856 secs using 107.7% CPU
BEST NUMBER OF THREADS: 1

Estimate model parameters (epsilon = 0.100)
1. Initial log-likelihood: -74986.761
Optimal log-likelihood: -74467.242
Rate parameters:  A-C: 1.00000  A-G: 1.00000  A-T: 1.00000  C-G: 1.00000  C-T: 1.00000  G-T: 1.00000
Base frequencies:  A: 0.250  C: 0.250  G: 0.250  T: 0.250
Parameters optimization took 1 rounds (0.014 sec)
Wrote distance file to... 
Computing ML distances based on estimated model parameters...
Calculating distance matrix: done in 0.00122714 secs using 98.85% CPU
Computing ML distances took 0.001371 sec (of wall-clock time) 0.001340 sec (of CPU time)
WARNING: Some pairwise ML distances are too long (saturated)
Setting up auxiliary I and S matrices: done in 2.40803e-05 secs using 74.75% CPU
Constructing RapidNJ tree: done in 4.88758e-05 secs using 176% CPU
Computing RapidNJ tree took 0.000097 sec (of wall-clock time) 0.000119 sec (of CPU time)
Log-likelihood of RapidNJ tree: -74552.250
--------------------------------------------------------------------
|             INITIALIZING CANDIDATE TREE SET                      |
--------------------------------------------------------------------
Generating 98 parsimony trees... 0.299 second
Computing log-likelihood of 98 initial trees ... 0.263 seconds
Current best score: -74467.242

Do NNI search on 20 best initial trees
Estimate model parameters (epsilon = 0.100)
BETTER TREE FOUND at iteration 1: -74463.700
Iteration 10 / LogL: -74463.995 / Time: 0h:0m:17s
Estimate model parameters (epsilon = 0.100)
UPDATE BEST LOG-LIKELIHOOD: -74463.622
Iteration 20 / LogL: -74469.152 / Time: 0h:0m:18s
Finish initializing candidate tree set (2)
Current best tree score: -74463.622 / CPU time: 1.812
Number of iterations: 20
--------------------------------------------------------------------
|               OPTIMIZING CANDIDATE TREE SET                      |
--------------------------------------------------------------------
Iteration 30 / LogL: -74472.348 / Time: 0h:0m:19s (0h:0m:46s left)
Iteration 40 / LogL: -74463.932 / Time: 0h:0m:19s (0h:0m:30s left)
Iteration 50 / LogL: -74472.206 / Time: 0h:0m:20s (0h:0m:21s left)
Iteration 60 / LogL: -74465.063 / Time: 0h:0m:21s (0h:0m:14s left)
Iteration 70 / LogL: -74463.728 / Time: 0h:0m:21s (0h:0m:9s left)
Iteration 80 / LogL: -74473.786 / Time: 0h:0m:22s (0h:0m:5s left)
Iteration 90 / LogL: -74470.912 / Time: 0h:0m:23s (0h:0m:2s left)
Iteration 100 / LogL: -74471.542 / Time: 0h:0m:23s (0h:0m:0s left)
TREE SEARCH COMPLETED AFTER 102 ITERATIONS / Time: 0h:0m:24s

--------------------------------------------------------------------
|                    FINALIZING TREE SEARCH                        |
--------------------------------------------------------------------
Performs final model parameters optimization
Estimate model parameters (epsilon = 0.010)
1. Initial log-likelihood: -74463.622
Optimal log-likelihood: -74463.613
Rate parameters:  A-C: 1.00000  A-G: 1.00000  A-T: 1.00000  C-G: 1.00000  C-T: 1.00000  G-T: 1.00000
Base frequencies:  A: 0.250  C: 0.250  G: 0.250  T: 0.250
Parameters optimization took 1 rounds (0.003 sec)
BEST SCORE FOUND : -74463.613
Total tree length: 22.248

Total number of iterations: 102
CPU time used for tree search: 7.270 sec (0h:0m:7s)
Wall-clock time used for tree search: 7.295 sec (0h:0m:7s)
Total CPU time used: 25.290 sec (0h:0m:25s)
Total wall-clock time used: 24.037 sec (0h:0m:24s)

Analysis results written to: 
  IQ-TREE report:                exp_baseline/m100_sel0_rep4/iqtree_out.iqtree
  Maximum-likelihood tree:       exp_baseline/m100_sel0_rep4/iqtree_out.treefile
  Likelihood distances:          exp_baseline/m100_sel0_rep4/iqtree_out.mldist
  Screen log file:               exp_baseline/m100_sel0_rep4/iqtree_out.log

Date and Time: Tue May 12 15:03:40 2026
