IQ-TREE version 3.1.1 for MacOS ARM 64-bit built Apr  8 2026
Developed by Bui Quang Minh, Thomas Wong, Nhan Ly-Trong, Huaiyan Ren
Contributed by Lam-Tung Nguyen, Dominik Schrempf, Chris Bielow,
Olga Chernomor, Michael Woodhams, Diep Thi Hoang, Heiko Schmidt

Host:    Noutbuk-maria.local (SSE4.2, 16 GB RAM)
Command: iqtree -s exp_baseline/m50_sel500_rep1/combined.fasta -m JC -nt AUTO -pre exp_baseline/m50_sel500_rep1/iqtree_out -seed 505142 -redo
Seed:    505142 (Using SPRNG - Scalable Parallel Random Number Generator)
Time:    Tue May 12 14:56:50 2026
Kernel:  SSE2 - auto-detect threads (8 CPU cores detected)

Reading alignment file exp_baseline/m50_sel500_rep1/combined.fasta ... Fasta format detected
Reading fasta file: done in 0.000603914 secs using 90.74% CPU
Alignment most likely contains DNA/RNA sequences
Constructing alignment: done in 0.00109911 secs using 57.14% CPU
Alignment has 30 sequences with 2500 columns, 2016 distinct patterns
2492 parsimony-informative, 0 singleton sites, 8 constant sites
          Gap/Ambiguity  Composition  p-value
Analyzing sequences: done in 5.98431e-05 secs using 180.5% CPU
   1  taxon_1     0.00%    passed     25.45%
   2  taxon_2     0.00%    passed     24.07%
   3  taxon_3     0.00%    passed     55.79%
   4  taxon_4     0.00%    passed     50.58%
   5  taxon_5     0.00%    passed     71.95%
   6  taxon_6     0.00%    passed     24.47%
   7  taxon_7     0.00%    passed     36.80%
   8  taxon_8     0.00%    failed      0.58%
   9  taxon_9     0.00%    passed     63.46%
  10  taxon_10    0.00%    passed     17.89%
  11  taxon_11    0.00%    passed     47.31%
  12  taxon_12    0.00%    passed     18.49%
  13  taxon_13    0.00%    passed     75.19%
  14  taxon_14    0.00%    passed     40.90%
  15  taxon_15    0.00%    passed     94.42%
  16  taxon_16    0.00%    passed     17.80%
  17  taxon_17    0.00%    passed     74.10%
  18  taxon_18    0.00%    passed     91.25%
  19  taxon_19    0.00%    passed     62.40%
  20  taxon_20    0.00%    passed     12.62%
  21  taxon_21    0.00%    passed     86.62%
  22  taxon_22    0.00%    failed      3.29%
  23  taxon_23    0.00%    passed     55.25%
  24  taxon_24    0.00%    passed     92.86%
  25  taxon_25    0.00%    passed     13.63%
  26  taxon_26    0.00%    passed     66.84%
  27  taxon_27    0.00%    passed     98.84%
  28  taxon_28    0.00%    passed     22.04%
  29  taxon_29    0.00%    passed     62.70%
  30  taxon_30    0.00%    passed     19.24%
****  TOTAL       0.00%  2 sequences failed composition chi2 test (p-value<5%; df=3)
Checking for duplicate sequences: done in 0.000129938 secs using 90.04% CPU

Create initial parsimony tree by phylogenetic likelihood library (PLL)... 0.002 seconds

NOTE: 1 MB RAM (0 GB) is required!
Measuring multi-threading efficiency up to 8 CPU cores
Increase to 10 rounds for branch lengths
386 trees examined
Threads: 1 / Time: 8.011 sec / Speedup: 1.000 / Efficiency: 100% / LogL: -97601
Threads: 2 / Time: 8.511 sec / Speedup: 0.941 / Efficiency: 47% / LogL: -97601
Determining AUTO threadcount: done in 16.5223 secs using 108.3% CPU
BEST NUMBER OF THREADS: 1

Estimate model parameters (epsilon = 0.100)
1. Initial log-likelihood: -92092.761
Optimal log-likelihood: -91508.989
Rate parameters:  A-C: 1.00000  A-G: 1.00000  A-T: 1.00000  C-G: 1.00000  C-T: 1.00000  G-T: 1.00000
Base frequencies:  A: 0.250  C: 0.250  G: 0.250  T: 0.250
Parameters optimization took 1 rounds (0.011 sec)
Wrote distance file to... 
Computing ML distances based on estimated model parameters...
Calculating distance matrix: done in 0.0012989 secs using 99.39% CPU
Computing ML distances took 0.001441 sec (of wall-clock time) 0.001423 sec (of CPU time)
WARNING: Some pairwise ML distances are too long (saturated)
Setting up auxiliary I and S matrices: done in 2.40803e-05 secs using 74.75% CPU
Constructing RapidNJ tree: done in 4.88758e-05 secs using 165.7% CPU
Computing RapidNJ tree took 0.000099 sec (of wall-clock time) 0.000121 sec (of CPU time)
Log-likelihood of RapidNJ tree: -92615.577
--------------------------------------------------------------------
|             INITIALIZING CANDIDATE TREE SET                      |
--------------------------------------------------------------------
Generating 98 parsimony trees... 0.301 second
Computing log-likelihood of 98 initial trees ... 0.236 seconds
Current best score: -91508.989

Do NNI search on 20 best initial trees
Estimate model parameters (epsilon = 0.100)
BETTER TREE FOUND at iteration 1: -91462.158
Iteration 10 / LogL: -91468.273 / Time: 0h:0m:17s
Iteration 20 / LogL: -91510.678 / Time: 0h:0m:17s
Finish initializing candidate tree set (8)
Current best tree score: -91462.158 / CPU time: 1.278
Number of iterations: 20
--------------------------------------------------------------------
|               OPTIMIZING CANDIDATE TREE SET                      |
--------------------------------------------------------------------
Iteration 30 / LogL: -91462.282 / Time: 0h:0m:18s (0h:0m:44s left)
Iteration 40 / LogL: -91473.441 / Time: 0h:0m:18s (0h:0m:29s left)
Iteration 50 / LogL: -91721.905 / Time: 0h:0m:19s (0h:0m:19s left)
Iteration 60 / LogL: -91462.264 / Time: 0h:0m:19s (0h:0m:13s left)
Iteration 70 / LogL: -91466.993 / Time: 0h:0m:20s (0h:0m:9s left)
Iteration 80 / LogL: -91560.690 / Time: 0h:0m:20s (0h:0m:5s left)
Estimate model parameters (epsilon = 0.100)
UPDATE BEST LOG-LIKELIHOOD: -91462.096
Iteration 90 / LogL: -91463.452 / Time: 0h:0m:21s (0h:0m:2s left)
Iteration 100 / LogL: -91468.897 / Time: 0h:0m:21s (0h:0m:0s left)
TREE SEARCH COMPLETED AFTER 102 ITERATIONS / Time: 0h:0m:21s

--------------------------------------------------------------------
|                    FINALIZING TREE SEARCH                        |
--------------------------------------------------------------------
Performs final model parameters optimization
Estimate model parameters (epsilon = 0.010)
1. Initial log-likelihood: -91462.096
Optimal log-likelihood: -91462.093
Rate parameters:  A-C: 1.00000  A-G: 1.00000  A-T: 1.00000  C-G: 1.00000  C-T: 1.00000  G-T: 1.00000
Base frequencies:  A: 0.250  C: 0.250  G: 0.250  T: 0.250
Parameters optimization took 1 rounds (0.003 sec)
BEST SCORE FOUND : -91462.093
Total tree length: 18.436

Total number of iterations: 102
CPU time used for tree search: 5.043 sec (0h:0m:5s)
Wall-clock time used for tree search: 5.069 sec (0h:0m:5s)
Total CPU time used: 22.990 sec (0h:0m:22s)
Total wall-clock time used: 21.650 sec (0h:0m:21s)

Analysis results written to: 
  IQ-TREE report:                exp_baseline/m50_sel500_rep1/iqtree_out.iqtree
  Maximum-likelihood tree:       exp_baseline/m50_sel500_rep1/iqtree_out.treefile
  Likelihood distances:          exp_baseline/m50_sel500_rep1/iqtree_out.mldist
  Screen log file:               exp_baseline/m50_sel500_rep1/iqtree_out.log

Date and Time: Tue May 12 14:57:11 2026
