IQ-TREE version 3.1.1 for MacOS ARM 64-bit built Apr  8 2026
Developed by Bui Quang Minh, Thomas Wong, Nhan Ly-Trong, Huaiyan Ren
Contributed by Lam-Tung Nguyen, Dominik Schrempf, Chris Bielow,
Olga Chernomor, Michael Woodhams, Diep Thi Hoang, Heiko Schmidt

Host:    Noutbuk-maria.local (SSE4.2, 16 GB RAM)
Command: iqtree -s exp_baseline/m20_sel200_rep3/combined.fasta -m JC -nt AUTO -pre exp_baseline/m20_sel200_rep3/iqtree_out -seed 202342 -redo
Seed:    202342 (Using SPRNG - Scalable Parallel Random Number Generator)
Time:    Tue May 12 14:43:35 2026
Kernel:  SSE2 - auto-detect threads (8 CPU cores detected)

Reading alignment file exp_baseline/m20_sel200_rep3/combined.fasta ... Fasta format detected
Reading fasta file: done in 0.000535965 secs using 90.86% CPU
Alignment most likely contains DNA/RNA sequences
Constructing alignment: done in 0.0010469 secs using 55.78% CPU
Alignment has 30 sequences with 2200 columns, 2015 distinct patterns
2192 parsimony-informative, 0 singleton sites, 8 constant sites
          Gap/Ambiguity  Composition  p-value
Analyzing sequences: done in 7.20024e-05 secs using 154.2% CPU
   1  taxon_1     0.00%    passed     25.23%
   2  taxon_2     0.00%    passed     28.06%
   3  taxon_3     0.00%    passed     49.49%
   4  taxon_4     0.00%    passed      5.32%
   5  taxon_5     0.00%    passed     38.52%
   6  taxon_6     0.00%    passed     82.76%
   7  taxon_7     0.00%    passed     96.57%
   8  taxon_8     0.00%    passed     82.00%
   9  taxon_9     0.00%    passed     47.15%
  10  taxon_10    0.00%    passed     38.35%
  11  taxon_11    0.00%    passed     83.51%
  12  taxon_12    0.00%    passed     46.12%
  13  taxon_13    0.00%    passed     97.52%
  14  taxon_14    0.00%    passed     40.48%
  15  taxon_15    0.00%    passed     45.76%
  16  taxon_16    0.00%    passed     83.85%
  17  taxon_17    0.00%    passed     26.19%
  18  taxon_18    0.00%    failed      1.83%
  19  taxon_19    0.00%    failed      3.29%
  20  taxon_20    0.00%    passed     83.02%
  21  taxon_21    0.00%    passed     43.46%
  22  taxon_22    0.00%    passed     88.78%
  23  taxon_23    0.00%    passed     20.15%
  24  taxon_24    0.00%    passed     47.03%
  25  taxon_25    0.00%    failed      2.69%
  26  taxon_26    0.00%    passed     59.38%
  27  taxon_27    0.00%    passed     98.39%
  28  taxon_28    0.00%    passed     49.80%
  29  taxon_29    0.00%    passed     23.11%
  30  taxon_30    0.00%    passed     34.04%
****  TOTAL       0.00%  3 sequences failed composition chi2 test (p-value<5%; df=3)
Checking for duplicate sequences: done in 0.00013113 secs using 90.75% CPU

Create initial parsimony tree by phylogenetic likelihood library (PLL)... 0.002 seconds

NOTE: 1 MB RAM (0 GB) is required!
Measuring multi-threading efficiency up to 8 CPU cores
Increase to 10 rounds for branch lengths
383 trees examined
Threads: 1 / Time: 8.001 sec / Speedup: 1.000 / Efficiency: 100% / LogL: -88019
Threads: 2 / Time: 8.737 sec / Speedup: 0.916 / Efficiency: 46% / LogL: -88019
Determining AUTO threadcount: done in 16.7382 secs using 108.1% CPU
BEST NUMBER OF THREADS: 1

Estimate model parameters (epsilon = 0.100)
1. Initial log-likelihood: -84161.082
Optimal log-likelihood: -83529.811
Rate parameters:  A-C: 1.00000  A-G: 1.00000  A-T: 1.00000  C-G: 1.00000  C-T: 1.00000  G-T: 1.00000
Base frequencies:  A: 0.250  C: 0.250  G: 0.250  T: 0.250
Parameters optimization took 1 rounds (0.015 sec)
Wrote distance file to... 
Computing ML distances based on estimated model parameters...
Calculating distance matrix: done in 0.00135398 secs using 99.41% CPU
Computing ML distances took 0.001496 sec (of wall-clock time) 0.001474 sec (of CPU time)
WARNING: Some pairwise ML distances are too long (saturated)
Setting up auxiliary I and S matrices: done in 2.5034e-05 secs using 75.9% CPU
Constructing RapidNJ tree: done in 4.50611e-05 secs using 159.8% CPU
Computing RapidNJ tree took 0.000093 sec (of wall-clock time) 0.000112 sec (of CPU time)
Log-likelihood of RapidNJ tree: -84741.636
--------------------------------------------------------------------
|             INITIALIZING CANDIDATE TREE SET                      |
--------------------------------------------------------------------
Generating 98 parsimony trees... 0.303 second
Computing log-likelihood of 98 initial trees ... 0.242 seconds
Current best score: -83529.811

Do NNI search on 20 best initial trees
Estimate model parameters (epsilon = 0.100)
BETTER TREE FOUND at iteration 1: -83499.357
Estimate model parameters (epsilon = 0.100)
BETTER TREE FOUND at iteration 2: -83434.417
Estimate model parameters (epsilon = 0.100)
BETTER TREE FOUND at iteration 4: -83434.056
Estimate model parameters (epsilon = 0.100)
BETTER TREE FOUND at iteration 5: -83430.399
Iteration 10 / LogL: -83467.010 / Time: 0h:0m:17s
Iteration 20 / LogL: -83518.127 / Time: 0h:0m:18s
Finish initializing candidate tree set (13)
Current best tree score: -83430.399 / CPU time: 1.761
Number of iterations: 20
--------------------------------------------------------------------
|               OPTIMIZING CANDIDATE TREE SET                      |
--------------------------------------------------------------------
Iteration 30 / LogL: -83437.514 / Time: 0h:0m:19s (0h:0m:50s left)
Iteration 40 / LogL: -83975.380 / Time: 0h:0m:20s (0h:0m:33s left)
Estimate model parameters (epsilon = 0.100)
UPDATE BEST LOG-LIKELIHOOD: -83430.369
Iteration 50 / LogL: -83430.410 / Time: 0h:0m:20s (0h:0m:23s left)
Iteration 60 / LogL: -83441.252 / Time: 0h:0m:21s (0h:0m:16s left)
Iteration 70 / LogL: -83434.266 / Time: 0h:0m:22s (0h:0m:11s left)
UPDATE BEST LOG-LIKELIHOOD: -83430.368
UPDATE BEST LOG-LIKELIHOOD: -83430.368
Iteration 80 / LogL: -83430.368 / Time: 0h:0m:22s (0h:0m:7s left)
UPDATE BEST LOG-LIKELIHOOD: -83430.367
Iteration 90 / LogL: -83430.938 / Time: 0h:0m:23s (0h:0m:3s left)
Iteration 100 / LogL: -83430.441 / Time: 0h:0m:24s (0h:0m:1s left)
TREE SEARCH COMPLETED AFTER 106 ITERATIONS / Time: 0h:0m:24s

--------------------------------------------------------------------
|                    FINALIZING TREE SEARCH                        |
--------------------------------------------------------------------
Performs final model parameters optimization
Estimate model parameters (epsilon = 0.010)
1. Initial log-likelihood: -83430.367
Optimal log-likelihood: -83430.366
Rate parameters:  A-C: 1.00000  A-G: 1.00000  A-T: 1.00000  C-G: 1.00000  C-T: 1.00000  G-T: 1.00000
Base frequencies:  A: 0.250  C: 0.250  G: 0.250  T: 0.250
Parameters optimization took 1 rounds (0.003 sec)
BEST SCORE FOUND : -83430.366
Total tree length: 22.100

Total number of iterations: 106
CPU time used for tree search: 7.958 sec (0h:0m:7s)
Wall-clock time used for tree search: 7.986 sec (0h:0m:7s)
Total CPU time used: 26.112 sec (0h:0m:26s)
Total wall-clock time used: 24.779 sec (0h:0m:24s)

Analysis results written to: 
  IQ-TREE report:                exp_baseline/m20_sel200_rep3/iqtree_out.iqtree
  Maximum-likelihood tree:       exp_baseline/m20_sel200_rep3/iqtree_out.treefile
  Likelihood distances:          exp_baseline/m20_sel200_rep3/iqtree_out.mldist
  Screen log file:               exp_baseline/m20_sel200_rep3/iqtree_out.log

Date and Time: Tue May 12 14:44:00 2026
