IQ-TREE version 3.1.1 for MacOS ARM 64-bit built Apr  8 2026
Developed by Bui Quang Minh, Thomas Wong, Nhan Ly-Trong, Huaiyan Ren
Contributed by Lam-Tung Nguyen, Dominik Schrempf, Chris Bielow,
Olga Chernomor, Michael Woodhams, Diep Thi Hoang, Heiko Schmidt

Host:    Noutbuk-maria.local (SSE4.2, 16 GB RAM)
Command: iqtree -s exp_stable_0.0001/m5_sel1_rep3/neutral.fasta -m JC -nt AUTO -pre exp_stable_0.0001/m5_sel1_rep3/iqtree_out -seed 1842 -redo
Seed:    1842 (Using SPRNG - Scalable Parallel Random Number Generator)
Time:    Sat May 16 18:34:16 2026
Kernel:  SSE2 - auto-detect threads (8 CPU cores detected)

Reading alignment file exp_stable_0.0001/m5_sel1_rep3/neutral.fasta ... Fasta format detected
Reading fasta file: done in 0.00117803 secs using 89.9% CPU
Alignment most likely contains DNA/RNA sequences
Constructing alignment: done in 0.001122 secs using 59.45% CPU
Alignment has 50 sequences with 3000 columns, 153 distinct patterns
32 parsimony-informative, 139 singleton sites, 2829 constant sites
          Gap/Ambiguity  Composition  p-value
Analyzing sequences: done in 4.1008e-05 secs using 58.53% CPU
   1  taxon_1     0.00%    passed     99.93%
   2  taxon_2     0.00%    passed     99.92%
   3  taxon_3     0.00%    passed     99.91%
   4  taxon_4     0.00%    passed     99.86%
   5  taxon_5     0.00%    passed     99.82%
   6  taxon_6     0.00%    passed     99.88%
   7  taxon_7     0.00%    passed     99.80%
   8  taxon_8     0.00%    passed     99.89%
   9  taxon_9     0.00%    passed     99.73%
  10  taxon_10    0.00%    passed     99.86%
  11  taxon_11    0.00%    passed     99.94%
  12  taxon_12    0.00%    passed     99.67%
  13  taxon_13    0.00%    passed     99.95%
  14  taxon_14    0.00%    passed    100.00%
  15  taxon_15    0.00%    passed     99.99%
  16  taxon_16    0.00%    passed     99.96%
  17  taxon_17    0.00%    passed     99.92%
  18  taxon_18    0.00%    passed     99.97%
  19  taxon_19    0.00%    passed     99.98%
  20  taxon_20    0.00%    passed    100.00%
  21  taxon_21    0.00%    passed    100.00%
  22  taxon_22    0.00%    passed     99.94%
  23  taxon_23    0.00%    passed    100.00%
  24  taxon_24    0.00%    passed     99.96%
  25  taxon_25    0.00%    passed     99.97%
  26  taxon_26    0.00%    passed    100.00%
  27  taxon_27    0.00%    passed     99.99%
  28  taxon_28    0.00%    passed     99.99%
  29  taxon_29    0.00%    passed    100.00%
  30  taxon_30    0.00%    passed     99.98%
  31  taxon_31    0.00%    passed     99.95%
  32  taxon_32    0.00%    passed     99.97%
  33  taxon_33    0.00%    passed     99.98%
  34  taxon_34    0.00%    passed     99.97%
  35  taxon_35    0.00%    passed     99.97%
  36  taxon_36    0.00%    passed     99.99%
  37  taxon_37    0.00%    passed     99.99%
  38  taxon_38    0.00%    passed     99.96%
  39  taxon_39    0.00%    passed     99.99%
  40  taxon_40    0.00%    passed     99.96%
  41  taxon_41    0.00%    passed     99.89%
  42  taxon_42    0.00%    passed     99.98%
  43  taxon_43    0.00%    passed     99.82%
  44  taxon_44    0.00%    passed     99.96%
  45  taxon_45    0.00%    passed    100.00%
  46  taxon_46    0.00%    passed     99.96%
  47  taxon_47    0.00%    passed     99.99%
  48  taxon_48    0.00%    passed     99.93%
  49  taxon_49    0.00%    passed     99.86%
  50  taxon_50    0.00%    passed     99.99%
****  TOTAL       0.00%  0 sequences failed composition chi2 test (p-value<5%; df=3)
Checking for duplicate sequences: done in 5.29289e-05 secs using 68.02% CPU

Create initial parsimony tree by phylogenetic likelihood library (PLL)... 0.001 seconds

NOTE: 0 MB RAM (0 GB) is required!
Measuring multi-threading efficiency up to 8 CPU cores
Increase to 10 rounds for branch lengths
7745 trees examined
Threads: 1 / Time: 8.000 sec / Speedup: 1.000 / Efficiency: 100% / LogL: -7092
Threads: 2 / Time: 20.764 sec / Speedup: 0.385 / Efficiency: 19% / LogL: -7092
Determining AUTO threadcount: done in 28.7644 secs using 78.8% CPU
BEST NUMBER OF THREADS: 1

Estimate model parameters (epsilon = 0.100)
1. Initial log-likelihood: -5718.860
Optimal log-likelihood: -5718.859
Rate parameters:  A-C: 1.00000  A-G: 1.00000  A-T: 1.00000  C-G: 1.00000  C-T: 1.00000  G-T: 1.00000
Base frequencies:  A: 0.250  C: 0.250  G: 0.250  T: 0.250
Parameters optimization took 1 rounds (0.001 sec)
Wrote distance file to... 
Computing ML distances based on estimated model parameters...
Calculating distance matrix: done in 0.00250101 secs using 75.49% CPU
Computing ML distances took 0.002534 sec (of wall-clock time) 0.001911 sec (of CPU time)
Setting up auxiliary I and S matrices: done in 4.50611e-05 secs using 77.67% CPU
Constructing RapidNJ tree: done in 0.00011301 secs using 172.6% CPU
Computing RapidNJ tree took 0.000178 sec (of wall-clock time) 0.000248 sec (of CPU time)
Log-likelihood of RapidNJ tree: -5718.997
--------------------------------------------------------------------
|             INITIALIZING CANDIDATE TREE SET                      |
--------------------------------------------------------------------
Generating 98 parsimony trees... 0.061 second
Computing log-likelihood of 98 initial trees ... 0.038 seconds
Current best score: -5718.859

Do NNI search on 20 best initial trees
Estimate model parameters (epsilon = 0.100)
BETTER TREE FOUND at iteration 1: -5718.859
BETTER TREE FOUND at iteration 2: -5718.859
BETTER TREE FOUND at iteration 3: -5718.859
Iteration 10 / LogL: -5718.859 / Time: 0h:0m:28s
BETTER TREE FOUND at iteration 17: -5718.859
Iteration 20 / LogL: -5718.859 / Time: 0h:0m:28s
Finish initializing candidate tree set (20)
Current best tree score: -5718.859 / CPU time: 0.135
Number of iterations: 20
--------------------------------------------------------------------
|               OPTIMIZING CANDIDATE TREE SET                      |
--------------------------------------------------------------------
Iteration 30 / LogL: -5718.883 / Time: 0h:0m:28s (0h:1m:26s left)
Iteration 40 / LogL: -5724.236 / Time: 0h:0m:29s (0h:0m:57s left)
Iteration 50 / LogL: -5731.892 / Time: 0h:0m:29s (0h:0m:39s left)
Iteration 60 / LogL: -5732.757 / Time: 0h:0m:29s (0h:0m:28s left)
Iteration 70 / LogL: -5718.864 / Time: 0h:0m:29s (0h:0m:19s left)
Iteration 80 / LogL: -5718.878 / Time: 0h:0m:29s (0h:0m:13s left)
Iteration 90 / LogL: -5718.878 / Time: 0h:0m:29s (0h:0m:8s left)
Iteration 100 / LogL: -5724.484 / Time: 0h:0m:29s (0h:0m:5s left)
Iteration 110 / LogL: -5724.839 / Time: 0h:0m:29s (0h:0m:1s left)
TREE SEARCH COMPLETED AFTER 118 ITERATIONS / Time: 0h:0m:29s

--------------------------------------------------------------------
|                    FINALIZING TREE SEARCH                        |
--------------------------------------------------------------------
Performs final model parameters optimization
Estimate model parameters (epsilon = 0.010)
1. Initial log-likelihood: -5718.859
Optimal log-likelihood: -5718.859
Rate parameters:  A-C: 1.00000  A-G: 1.00000  A-T: 1.00000  C-G: 1.00000  C-T: 1.00000  G-T: 1.00000
Base frequencies:  A: 0.250  C: 0.250  G: 0.250  T: 0.250
Parameters optimization took 1 rounds (0.001 sec)
BEST SCORE FOUND : -5718.859
Total tree length: 0.059

Total number of iterations: 118
CPU time used for tree search: 0.636 sec (0h:0m:0s)
Wall-clock time used for tree search: 0.637 sec (0h:0m:0s)
Total CPU time used: 23.311 sec (0h:0m:23s)
Total wall-clock time used: 29.417 sec (0h:0m:29s)

Analysis results written to: 
  IQ-TREE report:                exp_stable_0.0001/m5_sel1_rep3/iqtree_out.iqtree
  Maximum-likelihood tree:       exp_stable_0.0001/m5_sel1_rep3/iqtree_out.treefile
  Likelihood distances:          exp_stable_0.0001/m5_sel1_rep3/iqtree_out.mldist
  Screen log file:               exp_stable_0.0001/m5_sel1_rep3/iqtree_out.log

Date and Time: Sat May 16 18:34:45 2026
