IQ-TREE version 3.1.1 for MacOS ARM 64-bit built Apr  8 2026
Developed by Bui Quang Minh, Thomas Wong, Nhan Ly-Trong, Huaiyan Ren
Contributed by Lam-Tung Nguyen, Dominik Schrempf, Chris Bielow,
Olga Chernomor, Michael Woodhams, Diep Thi Hoang, Heiko Schmidt

Host:    Noutbuk-maria.local (SSE4.2, 16 GB RAM)
Command: iqtree -s exp_baseline/m10_sel0_rep4/combined.fasta -m JC -nt AUTO -pre exp_baseline/m10_sel0_rep4/iqtree_out -seed 1442 -redo
Seed:    1442 (Using SPRNG - Scalable Parallel Random Number Generator)
Time:    Tue May 12 14:26:23 2026
Kernel:  SSE2 - auto-detect threads (8 CPU cores detected)

Reading alignment file exp_baseline/m10_sel0_rep4/combined.fasta ... Fasta format detected
Reading fasta file: done in 0.000477076 secs using 91.18% CPU
NOTE: Change sequence name 'taxon 1' -> taxon_1
NOTE: Change sequence name 'taxon 2' -> taxon_2
NOTE: Change sequence name 'taxon 3' -> taxon_3
NOTE: Change sequence name 'taxon 4' -> taxon_4
NOTE: Change sequence name 'taxon 5' -> taxon_5
NOTE: Change sequence name 'taxon 6' -> taxon_6
NOTE: Change sequence name 'taxon 7' -> taxon_7
NOTE: Change sequence name 'taxon 8' -> taxon_8
NOTE: Change sequence name 'taxon 9' -> taxon_9
NOTE: Change sequence name 'taxon 10' -> taxon_10
NOTE: Change sequence name 'taxon 11' -> taxon_11
NOTE: Change sequence name 'taxon 12' -> taxon_12
NOTE: Change sequence name 'taxon 13' -> taxon_13
NOTE: Change sequence name 'taxon 14' -> taxon_14
NOTE: Change sequence name 'taxon 15' -> taxon_15
NOTE: Change sequence name 'taxon 16' -> taxon_16
NOTE: Change sequence name 'taxon 17' -> taxon_17
NOTE: Change sequence name 'taxon 18' -> taxon_18
NOTE: Change sequence name 'taxon 19' -> taxon_19
NOTE: Change sequence name 'taxon 20' -> taxon_20
NOTE: Change sequence name 'taxon 21' -> taxon_21
NOTE: Change sequence name 'taxon 22' -> taxon_22
NOTE: Change sequence name 'taxon 23' -> taxon_23
NOTE: Change sequence name 'taxon 24' -> taxon_24
NOTE: Change sequence name 'taxon 25' -> taxon_25
NOTE: Change sequence name 'taxon 26' -> taxon_26
NOTE: Change sequence name 'taxon 27' -> taxon_27
NOTE: Change sequence name 'taxon 28' -> taxon_28
NOTE: Change sequence name 'taxon 29' -> taxon_29
NOTE: Change sequence name 'taxon 30' -> taxon_30
Alignment most likely contains DNA/RNA sequences
Constructing alignment: done in 0.000960112 secs using 57.81% CPU
Alignment has 30 sequences with 2000 columns, 2000 distinct patterns
2000 parsimony-informative, 0 singleton sites, 0 constant sites
          Gap/Ambiguity  Composition  p-value
Analyzing sequences: done in 5.29289e-05 secs using 217.3% CPU
   1  taxon_1     0.00%    passed     94.06%
   2  taxon_2     0.00%    passed     30.38%
   3  taxon_3     0.00%    passed     57.68%
   4  taxon_4     0.00%    passed     95.01%
   5  taxon_5     0.00%    passed     95.70%
   6  taxon_6     0.00%    passed     21.17%
   7  taxon_7     0.00%    passed     42.22%
   8  taxon_8     0.00%    passed     64.33%
   9  taxon_9     0.00%    passed     62.86%
  10  taxon_10    0.00%    passed     63.21%
  11  taxon_11    0.00%    passed     11.93%
  12  taxon_12    0.00%    passed      9.78%
  13  taxon_13    0.00%    passed     99.22%
  14  taxon_14    0.00%    passed     66.29%
  15  taxon_15    0.00%    passed     44.29%
  16  taxon_16    0.00%    passed     48.55%
  17  taxon_17    0.00%    passed     81.16%
  18  taxon_18    0.00%    passed     95.88%
  19  taxon_19    0.00%    passed     62.92%
  20  taxon_20    0.00%    passed     98.43%
  21  taxon_21    0.00%    passed     38.32%
  22  taxon_22    0.00%    passed     67.36%
  23  taxon_23    0.00%    passed     61.19%
  24  taxon_24    0.00%    failed      4.94%
  25  taxon_25    0.00%    passed     23.97%
  26  taxon_26    0.00%    passed     32.97%
  27  taxon_27    0.00%    passed     42.75%
  28  taxon_28    0.00%    passed     67.37%
  29  taxon_29    0.00%    passed     48.84%
  30  taxon_30    0.00%    passed     46.99%
****  TOTAL       0.00%  1 sequences failed composition chi2 test (p-value<5%; df=3)
Checking for duplicate sequences: done in 0.000128031 secs using 92.95% CPU

Create initial parsimony tree by phylogenetic likelihood library (PLL)... 0.002 seconds

NOTE: 1 MB RAM (0 GB) is required!
Measuring multi-threading efficiency up to 8 CPU cores
Increase to 10 rounds for branch lengths
388 trees examined
Threads: 1 / Time: 8.020 sec / Speedup: 1.000 / Efficiency: 100% / LogL: -81065
Threads: 2 / Time: 8.939 sec / Speedup: 0.897 / Efficiency: 45% / LogL: -81065
Determining AUTO threadcount: done in 16.9599 secs using 107.7% CPU
BEST NUMBER OF THREADS: 1

Estimate model parameters (epsilon = 0.100)
1. Initial log-likelihood: -76603.649
Optimal log-likelihood: -75914.444
Rate parameters:  A-C: 1.00000  A-G: 1.00000  A-T: 1.00000  C-G: 1.00000  C-T: 1.00000  G-T: 1.00000
Base frequencies:  A: 0.250  C: 0.250  G: 0.250  T: 0.250
Parameters optimization took 1 rounds (0.022 sec)
Wrote distance file to... 
Computing ML distances based on estimated model parameters...
Calculating distance matrix: done in 0.00121498 secs using 99.26% CPU
Computing ML distances took 0.001357 sec (of wall-clock time) 0.001335 sec (of CPU time)
WARNING: Some pairwise ML distances are too long (saturated)
Setting up auxiliary I and S matrices: done in 2.40803e-05 secs using 74.75% CPU
Constructing RapidNJ tree: done in 5.10216e-05 secs using 166.6% CPU
Computing RapidNJ tree took 0.000100 sec (of wall-clock time) 0.000119 sec (of CPU time)
Log-likelihood of RapidNJ tree: -76003.851
--------------------------------------------------------------------
|             INITIALIZING CANDIDATE TREE SET                      |
--------------------------------------------------------------------
Generating 98 parsimony trees... 0.288 second
Computing log-likelihood of 98 initial trees ... 0.252 seconds
Current best score: -75914.444

Do NNI search on 20 best initial trees
Estimate model parameters (epsilon = 0.100)
BETTER TREE FOUND at iteration 1: -75894.517
Estimate model parameters (epsilon = 0.100)
BETTER TREE FOUND at iteration 6: -75892.667
Iteration 10 / LogL: -75893.861 / Time: 0h:0m:18s
Iteration 20 / LogL: -75901.729 / Time: 0h:0m:19s
Finish initializing candidate tree set (11)
Current best tree score: -75892.667 / CPU time: 1.990
Number of iterations: 20
--------------------------------------------------------------------
|               OPTIMIZING CANDIDATE TREE SET                      |
--------------------------------------------------------------------
Iteration 30 / LogL: -75894.201 / Time: 0h:0m:20s (0h:0m:52s left)
Iteration 40 / LogL: -75892.696 / Time: 0h:0m:21s (0h:0m:35s left)
Iteration 50 / LogL: -75894.238 / Time: 0h:0m:21s (0h:0m:25s left)
UPDATE BEST LOG-LIKELIHOOD: -75892.662
Iteration 60 / LogL: -75894.456 / Time: 0h:0m:22s (0h:0m:17s left)
Iteration 70 / LogL: -75897.005 / Time: 0h:0m:23s (0h:0m:12s left)
Iteration 80 / LogL: -75895.956 / Time: 0h:0m:24s (0h:0m:8s left)
Estimate model parameters (epsilon = 0.100)
UPDATE BEST LOG-LIKELIHOOD: -75892.458
Iteration 90 / LogL: -75894.304 / Time: 0h:0m:25s (0h:0m:4s left)
Iteration 100 / LogL: -75892.988 / Time: 0h:0m:26s (0h:0m:1s left)
TREE SEARCH COMPLETED AFTER 107 ITERATIONS / Time: 0h:0m:26s

--------------------------------------------------------------------
|                    FINALIZING TREE SEARCH                        |
--------------------------------------------------------------------
Performs final model parameters optimization
Estimate model parameters (epsilon = 0.010)
1. Initial log-likelihood: -75892.458
Optimal log-likelihood: -75892.442
Rate parameters:  A-C: 1.00000  A-G: 1.00000  A-T: 1.00000  C-G: 1.00000  C-T: 1.00000  G-T: 1.00000
Base frequencies:  A: 0.250  C: 0.250  G: 0.250  T: 0.250
Parameters optimization took 1 rounds (0.003 sec)
BEST SCORE FOUND : -75892.442
Total tree length: 25.428

Total number of iterations: 107
CPU time used for tree search: 9.557 sec (0h:0m:9s)
Wall-clock time used for tree search: 9.584 sec (0h:0m:9s)
Total CPU time used: 27.908 sec (0h:0m:27s)
Total wall-clock time used: 26.622 sec (0h:0m:26s)

Analysis results written to: 
  IQ-TREE report:                exp_baseline/m10_sel0_rep4/iqtree_out.iqtree
  Maximum-likelihood tree:       exp_baseline/m10_sel0_rep4/iqtree_out.treefile
  Likelihood distances:          exp_baseline/m10_sel0_rep4/iqtree_out.mldist
  Screen log file:               exp_baseline/m10_sel0_rep4/iqtree_out.log

Date and Time: Tue May 12 14:26:49 2026
