IQ-TREE version 3.1.1 for MacOS ARM 64-bit built Apr  8 2026
Developed by Bui Quang Minh, Thomas Wong, Nhan Ly-Trong, Huaiyan Ren
Contributed by Lam-Tung Nguyen, Dominik Schrempf, Chris Bielow,
Olga Chernomor, Michael Woodhams, Diep Thi Hoang, Heiko Schmidt

Host:    Noutbuk-maria.local (SSE4.2, 16 GB RAM)
Command: iqtree -s exp_stable_0.0001/m1_sel2_rep2/neutral.fasta -m JC -nt AUTO -pre exp_stable_0.0001/m1_sel2_rep2/iqtree_out -seed 2342 -redo
Seed:    2342 (Using SPRNG - Scalable Parallel Random Number Generator)
Time:    Sat May 16 18:03:24 2026
Kernel:  SSE2 - auto-detect threads (8 CPU cores detected)

Reading alignment file exp_stable_0.0001/m1_sel2_rep2/neutral.fasta ... Fasta format detected
Reading fasta file: done in 0.00117207 secs using 89.5% CPU
Alignment most likely contains DNA/RNA sequences
Constructing alignment: done in 0.00120401 secs using 55.65% CPU
Alignment has 50 sequences with 3000 columns, 201 distinct patterns
24 parsimony-informative, 215 singleton sites, 2761 constant sites
          Gap/Ambiguity  Composition  p-value
Analyzing sequences: done in 3.38554e-05 secs using 70.89% CPU
   1  taxon_1     0.00%    passed     99.95%
   2  taxon_2     0.00%    passed     99.91%
   3  taxon_3     0.00%    passed     99.76%
   4  taxon_4     0.00%    passed     99.95%
   5  taxon_5     0.00%    passed    100.00%
   6  taxon_6     0.00%    passed     99.96%
   7  taxon_7     0.00%    passed     99.91%
   8  taxon_8     0.00%    passed     99.98%
   9  taxon_9     0.00%    passed     99.95%
  10  taxon_10    0.00%    passed     99.93%
  11  taxon_11    0.00%    passed     99.93%
  12  taxon_12    0.00%    passed     99.98%
  13  taxon_13    0.00%    passed     99.98%
  14  taxon_14    0.00%    passed     99.93%
  15  taxon_15    0.00%    passed    100.00%
  16  taxon_16    0.00%    passed     99.75%
  17  taxon_17    0.00%    passed    100.00%
  18  taxon_18    0.00%    passed     99.81%
  19  taxon_19    0.00%    passed     99.78%
  20  taxon_20    0.00%    passed    100.00%
  21  taxon_21    0.00%    passed     99.98%
  22  taxon_22    0.00%    passed     99.92%
  23  taxon_23    0.00%    passed     99.90%
  24  taxon_24    0.00%    passed     99.99%
  25  taxon_25    0.00%    passed     99.99%
  26  taxon_26    0.00%    passed     99.99%
  27  taxon_27    0.00%    passed     99.83%
  28  taxon_28    0.00%    passed     99.99%
  29  taxon_29    0.00%    passed    100.00%
  30  taxon_30    0.00%    passed     99.82%
  31  taxon_31    0.00%    passed     99.93%
  32  taxon_32    0.00%    passed     99.94%
  33  taxon_33    0.00%    passed     99.95%
  34  taxon_34    0.00%    passed     99.99%
  35  taxon_35    0.00%    passed     99.92%
  36  taxon_36    0.00%    passed     99.21%
  37  taxon_37    0.00%    passed     99.99%
  38  taxon_38    0.00%    passed     99.98%
  39  taxon_39    0.00%    passed     99.95%
  40  taxon_40    0.00%    passed    100.00%
  41  taxon_41    0.00%    passed     99.99%
  42  taxon_42    0.00%    passed     99.92%
  43  taxon_43    0.00%    passed     99.97%
  44  taxon_44    0.00%    passed     99.87%
  45  taxon_45    0.00%    passed     99.94%
  46  taxon_46    0.00%    passed     99.96%
  47  taxon_47    0.00%    passed     99.78%
  48  taxon_48    0.00%    passed     99.94%
  49  taxon_49    0.00%    passed     99.82%
  50  taxon_50    0.00%    passed     99.61%
****  TOTAL       0.00%  0 sequences failed composition chi2 test (p-value<5%; df=3)
Checking for duplicate sequences: done in 6.00815e-05 secs using 69.91% CPU

Create initial parsimony tree by phylogenetic likelihood library (PLL)... 0.001 seconds

NOTE: 0 MB RAM (0 GB) is required!
Measuring multi-threading efficiency up to 8 CPU cores
Increase to 10 rounds for branch lengths
4639 trees examined
Threads: 1 / Time: 8.001 sec / Speedup: 1.000 / Efficiency: 100% / LogL: -7121
Threads: 2 / Time: 20.238 sec / Speedup: 0.395 / Efficiency: 20% / LogL: -7121
Determining AUTO threadcount: done in 28.2389 secs using 81.14% CPU
BEST NUMBER OF THREADS: 1

Estimate model parameters (epsilon = 0.100)
1. Initial log-likelihood: -6257.837
Optimal log-likelihood: -6257.837
Rate parameters:  A-C: 1.00000  A-G: 1.00000  A-T: 1.00000  C-G: 1.00000  C-T: 1.00000  G-T: 1.00000
Base frequencies:  A: 0.250  C: 0.250  G: 0.250  T: 0.250
Parameters optimization took 1 rounds (0.001 sec)
Wrote distance file to... 
Computing ML distances based on estimated model parameters...
Calculating distance matrix: done in 0.00272703 secs using 77.41% CPU
Computing ML distances took 0.002761 sec (of wall-clock time) 0.002139 sec (of CPU time)
Setting up auxiliary I and S matrices: done in 4.50611e-05 secs using 77.67% CPU
Constructing RapidNJ tree: done in 0.000114918 secs using 173.2% CPU
Computing RapidNJ tree took 0.000185 sec (of wall-clock time) 0.000245 sec (of CPU time)
Log-likelihood of RapidNJ tree: -6257.610
--------------------------------------------------------------------
|             INITIALIZING CANDIDATE TREE SET                      |
--------------------------------------------------------------------
Generating 98 parsimony trees... 0.063 second
Computing log-likelihood of 98 initial trees ... 0.045 seconds
Current best score: -6255.591

Do NNI search on 20 best initial trees
Estimate model parameters (epsilon = 0.100)
BETTER TREE FOUND at iteration 1: -6255.591
BETTER TREE FOUND at iteration 2: -6255.590
BETTER TREE FOUND at iteration 4: -6255.590
Iteration 10 / LogL: -6255.590 / Time: 0h:0m:28s
Iteration 20 / LogL: -6255.591 / Time: 0h:0m:28s
Finish initializing candidate tree set (20)
Current best tree score: -6255.590 / CPU time: 0.163
Number of iterations: 20
--------------------------------------------------------------------
|               OPTIMIZING CANDIDATE TREE SET                      |
--------------------------------------------------------------------
Iteration 30 / LogL: -6255.614 / Time: 0h:0m:28s (0h:1m:12s left)
Iteration 40 / LogL: -6255.611 / Time: 0h:0m:28s (0h:0m:46s left)
Iteration 50 / LogL: -6295.892 / Time: 0h:0m:28s (0h:0m:31s left)
Iteration 60 / LogL: -6255.617 / Time: 0h:0m:28s (0h:0m:21s left)
Iteration 70 / LogL: -6255.599 / Time: 0h:0m:28s (0h:0m:14s left)
Iteration 80 / LogL: -6266.715 / Time: 0h:0m:28s (0h:0m:8s left)
Iteration 90 / LogL: -6255.611 / Time: 0h:0m:28s (0h:0m:4s left)
Iteration 100 / LogL: -6260.437 / Time: 0h:0m:28s (0h:0m:1s left)
TREE SEARCH COMPLETED AFTER 105 ITERATIONS / Time: 0h:0m:28s

--------------------------------------------------------------------
|                    FINALIZING TREE SEARCH                        |
--------------------------------------------------------------------
Performs final model parameters optimization
Estimate model parameters (epsilon = 0.010)
1. Initial log-likelihood: -6255.590
Optimal log-likelihood: -6255.590
Rate parameters:  A-C: 1.00000  A-G: 1.00000  A-T: 1.00000  C-G: 1.00000  C-T: 1.00000  G-T: 1.00000
Base frequencies:  A: 0.250  C: 0.250  G: 0.250  T: 0.250
Parameters optimization took 1 rounds (0.001 sec)
BEST SCORE FOUND : -6255.590
Total tree length: 0.082

Total number of iterations: 105
CPU time used for tree search: 0.698 sec (0h:0m:0s)
Wall-clock time used for tree search: 0.699 sec (0h:0m:0s)
Total CPU time used: 23.621 sec (0h:0m:23s)
Total wall-clock time used: 28.952 sec (0h:0m:28s)

Analysis results written to: 
  IQ-TREE report:                exp_stable_0.0001/m1_sel2_rep2/iqtree_out.iqtree
  Maximum-likelihood tree:       exp_stable_0.0001/m1_sel2_rep2/iqtree_out.treefile
  Likelihood distances:          exp_stable_0.0001/m1_sel2_rep2/iqtree_out.mldist
  Screen log file:               exp_stable_0.0001/m1_sel2_rep2/iqtree_out.log

Date and Time: Sat May 16 18:03:53 2026
