IQ-TREE version 3.1.1 for MacOS ARM 64-bit built Apr  8 2026
Developed by Bui Quang Minh, Thomas Wong, Nhan Ly-Trong, Huaiyan Ren
Contributed by Lam-Tung Nguyen, Dominik Schrempf, Chris Bielow,
Olga Chernomor, Michael Woodhams, Diep Thi Hoang, Heiko Schmidt

Host:    Noutbuk-maria.local (SSE4.2, 16 GB RAM)
Command: iqtree -s exp_baseline/m1_sel1000_rep2/combined.fasta -m JC -nt AUTO -pre exp_baseline/m1_sel1000_rep2/iqtree_out -seed 1000342 -redo
Seed:    1000342 (Using SPRNG - Scalable Parallel Random Number Generator)
Time:    Tue May 12 13:59:07 2026
Kernel:  SSE2 - auto-detect threads (8 CPU cores detected)

Reading alignment file exp_baseline/m1_sel1000_rep2/combined.fasta ... Fasta format detected
Reading fasta file: done in 0.000712872 secs using 91.18% CPU
Alignment most likely contains DNA/RNA sequences
Constructing alignment: done in 0.00127292 secs using 58.37% CPU
Alignment has 30 sequences with 3000 columns, 2016 distinct patterns
2469 parsimony-informative, 0 singleton sites, 531 constant sites
          Gap/Ambiguity  Composition  p-value
Analyzing sequences: done in 4.79221e-05 secs using 240% CPU
   1  taxon_1     0.00%    passed     62.06%
   2  taxon_2     0.00%    passed     98.56%
   3  taxon_3     0.00%    passed     73.67%
   4  taxon_4     0.00%    passed     64.12%
   5  taxon_5     0.00%    passed     95.36%
   6  taxon_6     0.00%    passed     29.82%
   7  taxon_7     0.00%    passed     89.32%
   8  taxon_8     0.00%    passed     62.02%
   9  taxon_9     0.00%    passed     96.72%
  10  taxon_10    0.00%    passed     65.61%
  11  taxon_11    0.00%    passed     34.48%
  12  taxon_12    0.00%    passed     16.64%
  13  taxon_13    0.00%    passed     58.89%
  14  taxon_14    0.00%    passed     73.29%
  15  taxon_15    0.00%    passed      6.76%
  16  taxon_16    0.00%    passed     94.80%
  17  taxon_17    0.00%    passed     90.43%
  18  taxon_18    0.00%    passed     26.60%
  19  taxon_19    0.00%    passed     81.16%
  20  taxon_20    0.00%    passed     34.50%
  21  taxon_21    0.00%    passed      7.28%
  22  taxon_22    0.00%    passed     40.77%
  23  taxon_23    0.00%    passed     27.67%
  24  taxon_24    0.00%    passed     60.12%
  25  taxon_25    0.00%    passed     68.20%
  26  taxon_26    0.00%    passed     57.78%
  27  taxon_27    0.00%    passed     25.48%
  28  taxon_28    0.00%    passed     49.64%
  29  taxon_29    0.00%    passed     81.18%
  30  taxon_30    0.00%    passed     66.97%
****  TOTAL       0.00%  0 sequences failed composition chi2 test (p-value<5%; df=3)
Checking for duplicate sequences: done in 0.000131845 secs using 91.77% CPU

Create initial parsimony tree by phylogenetic likelihood library (PLL)... 0.002 seconds

NOTE: 1 MB RAM (0 GB) is required!
Measuring multi-threading efficiency up to 8 CPU cores
Increase to 10 rounds for branch lengths
410 trees examined
Threads: 1 / Time: 8.016 sec / Speedup: 1.000 / Efficiency: 100% / LogL: -106614
Threads: 2 / Time: 8.587 sec / Speedup: 0.934 / Efficiency: 47% / LogL: -106614
Determining AUTO threadcount: done in 16.6024 secs using 107.9% CPU
BEST NUMBER OF THREADS: 1

Estimate model parameters (epsilon = 0.100)
1. Initial log-likelihood: -95630.420
Optimal log-likelihood: -95272.776
Rate parameters:  A-C: 1.00000  A-G: 1.00000  A-T: 1.00000  C-G: 1.00000  C-T: 1.00000  G-T: 1.00000
Base frequencies:  A: 0.250  C: 0.250  G: 0.250  T: 0.250
Parameters optimization took 1 rounds (0.009 sec)
Wrote distance file to... 
Computing ML distances based on estimated model parameters...
Calculating distance matrix: done in 0.00164413 secs using 99.44% CPU
Computing ML distances took 0.001779 sec (of wall-clock time) 0.001763 sec (of CPU time)
Setting up auxiliary I and S matrices: done in 2.40803e-05 secs using 74.75% CPU
Constructing RapidNJ tree: done in 5.60284e-05 secs using 89.24% CPU
Computing RapidNJ tree took 0.000102 sec (of wall-clock time) 0.000076 sec (of CPU time)
Log-likelihood of RapidNJ tree: -95505.117
--------------------------------------------------------------------
|             INITIALIZING CANDIDATE TREE SET                      |
--------------------------------------------------------------------
Generating 98 parsimony trees... 0.332 second
Computing log-likelihood of 98 initial trees ... 0.236 seconds
Current best score: -95272.776

Do NNI search on 20 best initial trees
Estimate model parameters (epsilon = 0.100)
BETTER TREE FOUND at iteration 1: -95253.214
Estimate model parameters (epsilon = 0.100)
BETTER TREE FOUND at iteration 2: -95252.313
Estimate model parameters (epsilon = 0.100)
BETTER TREE FOUND at iteration 3: -95250.768
Estimate model parameters (epsilon = 0.100)
BETTER TREE FOUND at iteration 5: -95246.135
Estimate model parameters (epsilon = 0.100)
BETTER TREE FOUND at iteration 7: -95244.332
Iteration 10 / LogL: -95296.129 / Time: 0h:0m:17s
Iteration 20 / LogL: -95381.002 / Time: 0h:0m:17s
Finish initializing candidate tree set (16)
Current best tree score: -95244.332 / CPU time: 1.141
Number of iterations: 20
--------------------------------------------------------------------
|               OPTIMIZING CANDIDATE TREE SET                      |
--------------------------------------------------------------------
Iteration 30 / LogL: -95261.467 / Time: 0h:0m:18s (0h:0m:48s left)
UPDATE BEST LOG-LIKELIHOOD: -95244.329
Iteration 40 / LogL: -95245.921 / Time: 0h:0m:18s (0h:0m:32s left)
Iteration 50 / LogL: -95244.341 / Time: 0h:0m:19s (0h:0m:22s left)
UPDATE BEST LOG-LIKELIHOOD: -95244.325
Iteration 60 / LogL: -95244.347 / Time: 0h:0m:19s (0h:0m:15s left)
UPDATE BEST LOG-LIKELIHOOD: -95244.325
Iteration 70 / LogL: -95246.682 / Time: 0h:0m:20s (0h:0m:10s left)
UPDATE BEST LOG-LIKELIHOOD: -95244.319
Iteration 80 / LogL: -95245.957 / Time: 0h:0m:20s (0h:0m:7s left)
Iteration 90 / LogL: -95256.275 / Time: 0h:0m:21s (0h:0m:4s left)
Iteration 100 / LogL: -95244.332 / Time: 0h:0m:21s (0h:0m:1s left)
TREE SEARCH COMPLETED AFTER 108 ITERATIONS / Time: 0h:0m:22s

--------------------------------------------------------------------
|                    FINALIZING TREE SEARCH                        |
--------------------------------------------------------------------
Performs final model parameters optimization
Estimate model parameters (epsilon = 0.010)
1. Initial log-likelihood: -95244.319
Optimal log-likelihood: -95244.300
Rate parameters:  A-C: 1.00000  A-G: 1.00000  A-T: 1.00000  C-G: 1.00000  C-T: 1.00000  G-T: 1.00000
Base frequencies:  A: 0.250  C: 0.250  G: 0.250  T: 0.250
Parameters optimization took 1 rounds (0.005 sec)
BEST SCORE FOUND : -95244.300
Total tree length: 11.913

Total number of iterations: 108
CPU time used for tree search: 5.358 sec (0h:0m:5s)
Wall-clock time used for tree search: 5.375 sec (0h:0m:5s)
Total CPU time used: 23.316 sec (0h:0m:23s)
Total wall-clock time used: 22.015 sec (0h:0m:22s)

Analysis results written to: 
  IQ-TREE report:                exp_baseline/m1_sel1000_rep2/iqtree_out.iqtree
  Maximum-likelihood tree:       exp_baseline/m1_sel1000_rep2/iqtree_out.treefile
  Likelihood distances:          exp_baseline/m1_sel1000_rep2/iqtree_out.mldist
  Screen log file:               exp_baseline/m1_sel1000_rep2/iqtree_out.log

Date and Time: Tue May 12 13:59:29 2026
