IQ-TREE version 3.1.1 for MacOS ARM 64-bit built Apr  8 2026
Developed by Bui Quang Minh, Thomas Wong, Nhan Ly-Trong, Huaiyan Ren
Contributed by Lam-Tung Nguyen, Dominik Schrempf, Chris Bielow,
Olga Chernomor, Michael Woodhams, Diep Thi Hoang, Heiko Schmidt

Host:    Noutbuk-maria.local (SSE4.2, 16 GB RAM)
Command: iqtree -s exp_baseline/m200_sel500_rep2/combined.fasta -m JC -nt AUTO -pre exp_baseline/m200_sel500_rep2/iqtree_out -seed 520242 -redo
Seed:    520242 (Using SPRNG - Scalable Parallel Random Number Generator)
Time:    Tue May 12 15:21:49 2026
Kernel:  SSE2 - auto-detect threads (8 CPU cores detected)

Reading alignment file exp_baseline/m200_sel500_rep2/combined.fasta ... Fasta format detected
Reading fasta file: done in 0.000600815 secs using 91.21% CPU
Alignment most likely contains DNA/RNA sequences
Constructing alignment: done in 0.00112391 secs using 56.41% CPU
Alignment has 30 sequences with 2500 columns, 2015 distinct patterns
2496 parsimony-informative, 0 singleton sites, 4 constant sites
          Gap/Ambiguity  Composition  p-value
Analyzing sequences: done in 4.1008e-05 secs using 285.3% CPU
   1  taxon_1     0.00%    passed     84.66%
   2  taxon_2     0.00%    passed     13.84%
   3  taxon_3     0.00%    passed     13.57%
   4  taxon_4     0.00%    passed     85.75%
   5  taxon_5     0.00%    passed     97.08%
   6  taxon_6     0.00%    passed     98.57%
   7  taxon_7     0.00%    passed     15.86%
   8  taxon_8     0.00%    passed     90.29%
   9  taxon_9     0.00%    passed     83.03%
  10  taxon_10    0.00%    passed     79.44%
  11  taxon_11    0.00%    passed     37.18%
  12  taxon_12    0.00%    passed     87.11%
  13  taxon_13    0.00%    passed     13.00%
  14  taxon_14    0.00%    passed     96.71%
  15  taxon_15    0.00%    passed     78.38%
  16  taxon_16    0.00%    passed     63.05%
  17  taxon_17    0.00%    passed     45.54%
  18  taxon_18    0.00%    passed     70.35%
  19  taxon_19    0.00%    passed     45.07%
  20  taxon_20    0.00%    passed     62.83%
  21  taxon_21    0.00%    passed     19.05%
  22  taxon_22    0.00%    passed     92.51%
  23  taxon_23    0.00%    passed     48.00%
  24  taxon_24    0.00%    passed     10.74%
  25  taxon_25    0.00%    passed     19.28%
  26  taxon_26    0.00%    passed     86.17%
  27  taxon_27    0.00%    passed     40.13%
  28  taxon_28    0.00%    passed     97.20%
  29  taxon_29    0.00%    passed     50.89%
  30  taxon_30    0.00%    passed     80.20%
****  TOTAL       0.00%  0 sequences failed composition chi2 test (p-value<5%; df=3)
Checking for duplicate sequences: done in 0.000130892 secs using 90.91% CPU

Create initial parsimony tree by phylogenetic likelihood library (PLL)... 0.002 seconds

NOTE: 1 MB RAM (0 GB) is required!
Measuring multi-threading efficiency up to 8 CPU cores
Increase to 10 rounds for branch lengths
393 trees examined
Threads: 1 / Time: 8.017 sec / Speedup: 1.000 / Efficiency: 100% / LogL: -96642
Threads: 2 / Time: 8.729 sec / Speedup: 0.918 / Efficiency: 46% / LogL: -96642
Determining AUTO threadcount: done in 16.7458 secs using 108.1% CPU
BEST NUMBER OF THREADS: 1

Estimate model parameters (epsilon = 0.100)
1. Initial log-likelihood: -87970.987
Optimal log-likelihood: -87545.070
Rate parameters:  A-C: 1.00000  A-G: 1.00000  A-T: 1.00000  C-G: 1.00000  C-T: 1.00000  G-T: 1.00000
Base frequencies:  A: 0.250  C: 0.250  G: 0.250  T: 0.250
Parameters optimization took 1 rounds (0.023 sec)
Wrote distance file to... 
Computing ML distances based on estimated model parameters...
Calculating distance matrix: done in 0.00131083 secs using 99.4% CPU
Computing ML distances took 0.001457 sec (of wall-clock time) 0.001434 sec (of CPU time)
WARNING: Some pairwise ML distances are too long (saturated)
Setting up auxiliary I and S matrices: done in 2.21729e-05 secs using 72.16% CPU
Constructing RapidNJ tree: done in 4.3869e-05 secs using 159.6% CPU
Computing RapidNJ tree took 0.000084 sec (of wall-clock time) 0.000099 sec (of CPU time)
Log-likelihood of RapidNJ tree: -89119.344
--------------------------------------------------------------------
|             INITIALIZING CANDIDATE TREE SET                      |
--------------------------------------------------------------------
Generating 98 parsimony trees... 0.295 second
Computing log-likelihood of 98 initial trees ... 0.231 seconds
Current best score: -87435.783

Do NNI search on 20 best initial trees
Estimate model parameters (epsilon = 0.100)
BETTER TREE FOUND at iteration 1: -87289.502
Estimate model parameters (epsilon = 0.100)
BETTER TREE FOUND at iteration 4: -87262.147
Iteration 10 / LogL: -87291.320 / Time: 0h:0m:17s
Iteration 20 / LogL: -87329.392 / Time: 0h:0m:18s
Finish initializing candidate tree set (12)
Current best tree score: -87262.147 / CPU time: 1.458
Number of iterations: 20
--------------------------------------------------------------------
|               OPTIMIZING CANDIDATE TREE SET                      |
--------------------------------------------------------------------
Iteration 30 / LogL: -87293.989 / Time: 0h:0m:18s (0h:0m:47s left)
Estimate model parameters (epsilon = 0.100)
UPDATE BEST LOG-LIKELIHOOD: -87262.068
Iteration 40 / LogL: -87288.191 / Time: 0h:0m:19s (0h:0m:31s left)
Iteration 50 / LogL: -87289.804 / Time: 0h:0m:19s (0h:0m:21s left)
Iteration 60 / LogL: -87264.612 / Time: 0h:0m:20s (0h:0m:15s left)
Iteration 70 / LogL: -87264.618 / Time: 0h:0m:21s (0h:0m:10s left)
Iteration 80 / LogL: -87264.636 / Time: 0h:0m:21s (0h:0m:6s left)
Iteration 90 / LogL: -87264.601 / Time: 0h:0m:22s (0h:0m:3s left)
Iteration 100 / LogL: -87264.678 / Time: 0h:0m:22s (0h:0m:0s left)
TREE SEARCH COMPLETED AFTER 105 ITERATIONS / Time: 0h:0m:22s

--------------------------------------------------------------------
|                    FINALIZING TREE SEARCH                        |
--------------------------------------------------------------------
Performs final model parameters optimization
Estimate model parameters (epsilon = 0.010)
1. Initial log-likelihood: -87262.068
Optimal log-likelihood: -87262.068
Rate parameters:  A-C: 1.00000  A-G: 1.00000  A-T: 1.00000  C-G: 1.00000  C-T: 1.00000  G-T: 1.00000
Base frequencies:  A: 0.250  C: 0.250  G: 0.250  T: 0.250
Parameters optimization took 1 rounds (0.003 sec)
BEST SCORE FOUND : -87262.068
Total tree length: 16.485

Total number of iterations: 105
CPU time used for tree search: 6.084 sec (0h:0m:6s)
Wall-clock time used for tree search: 6.106 sec (0h:0m:6s)
Total CPU time used: 24.242 sec (0h:0m:24s)
Total wall-clock time used: 22.906 sec (0h:0m:22s)

Analysis results written to: 
  IQ-TREE report:                exp_baseline/m200_sel500_rep2/iqtree_out.iqtree
  Maximum-likelihood tree:       exp_baseline/m200_sel500_rep2/iqtree_out.treefile
  Likelihood distances:          exp_baseline/m200_sel500_rep2/iqtree_out.mldist
  Screen log file:               exp_baseline/m200_sel500_rep2/iqtree_out.log

Date and Time: Tue May 12 15:22:12 2026
