IQ-TREE version 3.1.1 for MacOS ARM 64-bit built Apr  8 2026
Developed by Bui Quang Minh, Thomas Wong, Nhan Ly-Trong, Huaiyan Ren
Contributed by Lam-Tung Nguyen, Dominik Schrempf, Chris Bielow,
Olga Chernomor, Michael Woodhams, Diep Thi Hoang, Heiko Schmidt

Host:    Noutbuk-maria.local (SSE4.2, 16 GB RAM)
Command: iqtree -s exp_baseline/m20_sel500_rep5/combined.fasta -m JC -nt AUTO -pre exp_baseline/m20_sel500_rep5/iqtree_out -seed 502542 -redo
Seed:    502542 (Using SPRNG - Scalable Parallel Random Number Generator)
Time:    Tue May 12 14:46:34 2026
Kernel:  SSE2 - auto-detect threads (8 CPU cores detected)

Reading alignment file exp_baseline/m20_sel500_rep5/combined.fasta ... Fasta format detected
Reading fasta file: done in 0.000588179 secs using 91.13% CPU
Alignment most likely contains DNA/RNA sequences
Constructing alignment: done in 0.00112605 secs using 56.57% CPU
Alignment has 30 sequences with 2500 columns, 2016 distinct patterns
2476 parsimony-informative, 0 singleton sites, 23 constant sites
          Gap/Ambiguity  Composition  p-value
Analyzing sequences: done in 4.98295e-05 secs using 242.8% CPU
   1  taxon_1     0.00%    passed     50.40%
   2  taxon_2     0.00%    passed     87.02%
   3  taxon_3     0.00%    passed     95.93%
   4  taxon_4     0.00%    passed     51.40%
   5  taxon_5     0.00%    passed     64.44%
   6  taxon_6     0.00%    passed     41.12%
   7  taxon_7     0.00%    passed     75.15%
   8  taxon_8     0.00%    passed     78.53%
   9  taxon_9     0.00%    passed     22.81%
  10  taxon_10    0.00%    passed     78.45%
  11  taxon_11    0.00%    passed      8.15%
  12  taxon_12    0.00%    passed     15.61%
  13  taxon_13    0.00%    passed     66.84%
  14  taxon_14    0.00%    passed     54.85%
  15  taxon_15    0.00%    passed     54.02%
  16  taxon_16    0.00%    passed     19.80%
  17  taxon_17    0.00%    passed     81.94%
  18  taxon_18    0.00%    passed     43.64%
  19  taxon_19    0.00%    passed     45.99%
  20  taxon_20    0.00%    passed     74.55%
  21  taxon_21    0.00%    passed     89.40%
  22  taxon_22    0.00%    passed     64.97%
  23  taxon_23    0.00%    passed     53.91%
  24  taxon_24    0.00%    passed     35.36%
  25  taxon_25    0.00%    passed     91.91%
  26  taxon_26    0.00%    passed      9.39%
  27  taxon_27    0.00%    passed     25.66%
  28  taxon_28    0.00%    passed     96.68%
  29  taxon_29    0.00%    passed     72.16%
  30  taxon_30    0.00%    passed     40.11%
****  TOTAL       0.00%  0 sequences failed composition chi2 test (p-value<5%; df=3)
Checking for duplicate sequences: done in 0.000133038 secs using 90.2% CPU

Create initial parsimony tree by phylogenetic likelihood library (PLL)... 0.002 seconds

NOTE: 1 MB RAM (0 GB) is required!
Measuring multi-threading efficiency up to 8 CPU cores
Increase to 10 rounds for branch lengths
390 trees examined
Threads: 1 / Time: 8.002 sec / Speedup: 1.000 / Efficiency: 100% / LogL: -97102
Threads: 2 / Time: 8.679 sec / Speedup: 0.922 / Efficiency: 46% / LogL: -97102
Determining AUTO threadcount: done in 16.6812 secs using 108.4% CPU
BEST NUMBER OF THREADS: 1

Estimate model parameters (epsilon = 0.100)
1. Initial log-likelihood: -85933.603
Optimal log-likelihood: -85550.286
Rate parameters:  A-C: 1.00000  A-G: 1.00000  A-T: 1.00000  C-G: 1.00000  C-T: 1.00000  G-T: 1.00000
Base frequencies:  A: 0.250  C: 0.250  G: 0.250  T: 0.250
Parameters optimization took 1 rounds (0.010 sec)
Wrote distance file to... 
Computing ML distances based on estimated model parameters...
Calculating distance matrix: done in 0.00134397 secs using 99.48% CPU
Computing ML distances took 0.001483 sec (of wall-clock time) 0.001465 sec (of CPU time)
WARNING: Some pairwise ML distances are too long (saturated)
Setting up auxiliary I and S matrices: done in 2.40803e-05 secs using 74.75% CPU
Constructing RapidNJ tree: done in 4.48227e-05 secs using 156.2% CPU
Computing RapidNJ tree took 0.000093 sec (of wall-clock time) 0.000107 sec (of CPU time)
Log-likelihood of RapidNJ tree: -86015.629
--------------------------------------------------------------------
|             INITIALIZING CANDIDATE TREE SET                      |
--------------------------------------------------------------------
Generating 98 parsimony trees... 0.288 second
Computing log-likelihood of 98 initial trees ... 0.239 seconds
Current best score: -85550.286

Do NNI search on 20 best initial trees
Estimate model parameters (epsilon = 0.100)
BETTER TREE FOUND at iteration 1: -85452.322
Iteration 10 / LogL: -85456.114 / Time: 0h:0m:17s
Iteration 20 / LogL: -85454.250 / Time: 0h:0m:17s
Finish initializing candidate tree set (5)
Current best tree score: -85452.322 / CPU time: 1.076
Number of iterations: 20
--------------------------------------------------------------------
|               OPTIMIZING CANDIDATE TREE SET                      |
--------------------------------------------------------------------
Iteration 30 / LogL: -85576.990 / Time: 0h:0m:18s (0h:0m:44s left)
Iteration 40 / LogL: -85562.800 / Time: 0h:0m:18s (0h:0m:29s left)
Iteration 50 / LogL: -85456.122 / Time: 0h:0m:18s (0h:0m:19s left)
Iteration 60 / LogL: -85560.460 / Time: 0h:0m:19s (0h:0m:13s left)
Iteration 70 / LogL: -85562.500 / Time: 0h:0m:19s (0h:0m:8s left)
Estimate model parameters (epsilon = 0.100)
BETTER TREE FOUND at iteration 71: -85433.841
Iteration 80 / LogL: -85573.822 / Time: 0h:0m:20s (0h:0m:23s left)
Iteration 90 / LogL: -85564.514 / Time: 0h:0m:20s (0h:0m:18s left)
Iteration 100 / LogL: -85469.869 / Time: 0h:0m:21s (0h:0m:15s left)
Iteration 110 / LogL: -85457.119 / Time: 0h:0m:21s (0h:0m:12s left)
Iteration 120 / LogL: -85452.680 / Time: 0h:0m:21s (0h:0m:9s left)
Iteration 130 / LogL: -85454.454 / Time: 0h:0m:22s (0h:0m:7s left)
Iteration 140 / LogL: -85456.502 / Time: 0h:0m:22s (0h:0m:5s left)
Iteration 150 / LogL: -85470.817 / Time: 0h:0m:23s (0h:0m:3s left)
Iteration 160 / LogL: -85587.686 / Time: 0h:0m:23s (0h:0m:1s left)
Iteration 170 / LogL: -85439.386 / Time: 0h:0m:23s (0h:0m:0s left)
TREE SEARCH COMPLETED AFTER 172 ITERATIONS / Time: 0h:0m:23s

--------------------------------------------------------------------
|                    FINALIZING TREE SEARCH                        |
--------------------------------------------------------------------
Performs final model parameters optimization
Estimate model parameters (epsilon = 0.010)
1. Initial log-likelihood: -85433.841
Optimal log-likelihood: -85433.840
Rate parameters:  A-C: 1.00000  A-G: 1.00000  A-T: 1.00000  C-G: 1.00000  C-T: 1.00000  G-T: 1.00000
Base frequencies:  A: 0.250  C: 0.250  G: 0.250  T: 0.250
Parameters optimization took 1 rounds (0.003 sec)
BEST SCORE FOUND : -85433.840
Total tree length: 15.844

Total number of iterations: 172
CPU time used for tree search: 7.180 sec (0h:0m:7s)
Wall-clock time used for tree search: 7.200 sec (0h:0m:7s)
Total CPU time used: 25.301 sec (0h:0m:25s)
Total wall-clock time used: 23.920 sec (0h:0m:23s)

Analysis results written to: 
  IQ-TREE report:                exp_baseline/m20_sel500_rep5/iqtree_out.iqtree
  Maximum-likelihood tree:       exp_baseline/m20_sel500_rep5/iqtree_out.treefile
  Likelihood distances:          exp_baseline/m20_sel500_rep5/iqtree_out.mldist
  Screen log file:               exp_baseline/m20_sel500_rep5/iqtree_out.log

Date and Time: Tue May 12 14:46:58 2026
