IQ-TREE version 3.1.1 for MacOS ARM 64-bit built Apr  8 2026
Developed by Bui Quang Minh, Thomas Wong, Nhan Ly-Trong, Huaiyan Ren
Contributed by Lam-Tung Nguyen, Dominik Schrempf, Chris Bielow,
Olga Chernomor, Michael Woodhams, Diep Thi Hoang, Heiko Schmidt

Host:    Noutbuk-maria.local (SSE4.2, 16 GB RAM)
Command: iqtree -s exp_stable_0.0005/m0_sel1_rep5/neutral.fasta -m JC -nt AUTO -pre exp_stable_0.0005/m0_sel1_rep5/iqtree_out -seed 1542 -redo
Seed:    1542 (Using SPRNG - Scalable Parallel Random Number Generator)
Time:    Mon May 18 17:59:18 2026
Kernel:  SSE2 - auto-detect threads (8 CPU cores detected)

Reading alignment file exp_stable_0.0005/m0_sel1_rep5/neutral.fasta ... Fasta format detected
Reading fasta file: done in 0.00117207 secs using 89.84% CPU
Alignment most likely contains DNA/RNA sequences
Constructing alignment: done in 0.00159907 secs using 61.29% CPU
Alignment has 50 sequences with 3000 columns, 2526 distinct patterns
1961 parsimony-informative, 759 singleton sites, 280 constant sites
          Gap/Ambiguity  Composition  p-value
Analyzing sequences: done in 7.51019e-05 secs using 351.5% CPU
   1  taxon_1     0.00%    passed     97.68%
   2  taxon_2     0.00%    passed     92.26%
   3  taxon_3     0.00%    passed     80.64%
   4  taxon_4     0.00%    passed     85.36%
   5  taxon_5     0.00%    passed     99.83%
   6  taxon_6     0.00%    passed     94.45%
   7  taxon_7     0.00%    passed     66.46%
   8  taxon_8     0.00%    passed     94.47%
   9  taxon_9     0.00%    passed     93.21%
  10  taxon_10    0.00%    passed     89.28%
  11  taxon_11    0.00%    passed     42.69%
  12  taxon_12    0.00%    passed     59.91%
  13  taxon_13    0.00%    passed     54.41%
  14  taxon_14    0.00%    passed     93.76%
  15  taxon_15    0.00%    passed     99.27%
  16  taxon_16    0.00%    passed     82.14%
  17  taxon_17    0.00%    passed     76.12%
  18  taxon_18    0.00%    passed     99.27%
  19  taxon_19    0.00%    passed     92.94%
  20  taxon_20    0.00%    passed     89.88%
  21  taxon_21    0.00%    passed     98.57%
  22  taxon_22    0.00%    passed     99.94%
  23  taxon_23    0.00%    passed     97.85%
  24  taxon_24    0.00%    passed     98.43%
  25  taxon_25    0.00%    passed     84.44%
  26  taxon_26    0.00%    passed     95.00%
  27  taxon_27    0.00%    passed     98.14%
  28  taxon_28    0.00%    passed     98.25%
  29  taxon_29    0.00%    passed     52.14%
  30  taxon_30    0.00%    passed     88.89%
  31  taxon_31    0.00%    passed     87.88%
  32  taxon_32    0.00%    passed     90.28%
  33  taxon_33    0.00%    passed     84.34%
  34  taxon_34    0.00%    passed     66.31%
  35  taxon_35    0.00%    passed     86.14%
  36  taxon_36    0.00%    passed     97.98%
  37  taxon_37    0.00%    passed     90.65%
  38  taxon_38    0.00%    passed     68.19%
  39  taxon_39    0.00%    passed     75.58%
  40  taxon_40    0.00%    passed     89.12%
  41  taxon_41    0.00%    passed     72.50%
  42  taxon_42    0.00%    passed     77.72%
  43  taxon_43    0.00%    passed     81.98%
  44  taxon_44    0.00%    passed     86.12%
  45  taxon_45    0.00%    passed     85.91%
  46  taxon_46    0.00%    passed     61.29%
  47  taxon_47    0.00%    passed     80.15%
  48  taxon_48    0.00%    passed     92.12%
  49  taxon_49    0.00%    passed     60.49%
  50  taxon_50    0.00%    passed     95.10%
****  TOTAL       0.00%  0 sequences failed composition chi2 test (p-value<5%; df=3)
Checking for duplicate sequences: done in 0.000253916 secs using 92.94% CPU

Create initial parsimony tree by phylogenetic likelihood library (PLL)... 0.004 seconds

NOTE: 4 MB RAM (0 GB) is required!
Measuring multi-threading efficiency up to 8 CPU cores
Increase to 10 rounds for branch lengths
268 trees examined
Threads: 1 / Time: 8.023 sec / Speedup: 1.000 / Efficiency: 100% / LogL: -65735
Threads: 2 / Time: 7.984 sec / Speedup: 1.005 / Efficiency: 50% / LogL: -65735
Threads: 3 / Time: 7.498 sec / Speedup: 1.070 / Efficiency: 36% / LogL: -65735
Determining AUTO threadcount: done in 23.5051 secs using 121.5% CPU
BEST NUMBER OF THREADS: 1

Estimate model parameters (epsilon = 0.100)
1. Initial log-likelihood: -43732.444
Optimal log-likelihood: -43715.675
Rate parameters:  A-C: 1.00000  A-G: 1.00000  A-T: 1.00000  C-G: 1.00000  C-T: 1.00000  G-T: 1.00000
Base frequencies:  A: 0.250  C: 0.250  G: 0.250  T: 0.250
Parameters optimization took 1 rounds (0.011 sec)
Wrote distance file to... 
Computing ML distances based on estimated model parameters...
Calculating distance matrix: done in 0.00614595 secs using 95.58% CPU
Computing ML distances took 0.006448 sec (of wall-clock time) 0.006170 sec (of CPU time)
Setting up auxiliary I and S matrices: done in 5.29289e-05 secs using 77.46% CPU
Constructing RapidNJ tree: done in 0.000109911 secs using 162.9% CPU
Computing RapidNJ tree took 0.000192 sec (of wall-clock time) 0.000239 sec (of CPU time)
Log-likelihood of RapidNJ tree: -43820.115
--------------------------------------------------------------------
|             INITIALIZING CANDIDATE TREE SET                      |
--------------------------------------------------------------------
Generating 98 parsimony trees... 0.422 second
Computing log-likelihood of 98 initial trees ... 0.582 seconds
Current best score: -43715.675

Do NNI search on 20 best initial trees
Estimate model parameters (epsilon = 0.100)
BETTER TREE FOUND at iteration 1: -43715.675
Iteration 10 / LogL: -43715.680 / Time: 0h:0m:25s
Iteration 20 / LogL: -43715.675 / Time: 0h:0m:25s
Finish initializing candidate tree set (1)
Current best tree score: -43715.675 / CPU time: 2.282
Number of iterations: 20
--------------------------------------------------------------------
|               OPTIMIZING CANDIDATE TREE SET                      |
--------------------------------------------------------------------
Iteration 30 / LogL: -43715.688 / Time: 0h:0m:26s (0h:1m:5s left)
Iteration 40 / LogL: -43716.057 / Time: 0h:0m:27s (0h:0m:42s left)
Iteration 50 / LogL: -43715.677 / Time: 0h:0m:28s (0h:0m:29s left)
Iteration 60 / LogL: -43715.778 / Time: 0h:0m:28s (0h:0m:20s left)
Iteration 70 / LogL: -43715.675 / Time: 0h:0m:29s (0h:0m:13s left)
Iteration 80 / LogL: -43715.710 / Time: 0h:0m:30s (0h:0m:8s left)
Iteration 90 / LogL: -43716.059 / Time: 0h:0m:31s (0h:0m:3s left)
Iteration 100 / LogL: -43715.675 / Time: 0h:0m:31s (0h:0m:0s left)
TREE SEARCH COMPLETED AFTER 102 ITERATIONS / Time: 0h:0m:31s

--------------------------------------------------------------------
|                    FINALIZING TREE SEARCH                        |
--------------------------------------------------------------------
Performs final model parameters optimization
Estimate model parameters (epsilon = 0.010)
1. Initial log-likelihood: -43715.675
Optimal log-likelihood: -43715.675
Rate parameters:  A-C: 1.00000  A-G: 1.00000  A-T: 1.00000  C-G: 1.00000  C-T: 1.00000  G-T: 1.00000
Base frequencies:  A: 0.250  C: 0.250  G: 0.250  T: 0.250
Parameters optimization took 1 rounds (0.006 sec)
BEST SCORE FOUND : -43715.675
Total tree length: 2.500

Total number of iterations: 102
CPU time used for tree search: 8.431 sec (0h:0m:8s)
Wall-clock time used for tree search: 8.444 sec (0h:0m:8s)
Total CPU time used: 37.034 sec (0h:0m:37s)
Total wall-clock time used: 32.001 sec (0h:0m:32s)

Analysis results written to: 
  IQ-TREE report:                exp_stable_0.0005/m0_sel1_rep5/iqtree_out.iqtree
  Maximum-likelihood tree:       exp_stable_0.0005/m0_sel1_rep5/iqtree_out.treefile
  Likelihood distances:          exp_stable_0.0005/m0_sel1_rep5/iqtree_out.mldist
  Screen log file:               exp_stable_0.0005/m0_sel1_rep5/iqtree_out.log

Date and Time: Mon May 18 17:59:50 2026
