IQ-TREE version 3.1.1 for MacOS ARM 64-bit built Apr  8 2026
Developed by Bui Quang Minh, Thomas Wong, Nhan Ly-Trong, Huaiyan Ren
Contributed by Lam-Tung Nguyen, Dominik Schrempf, Chris Bielow,
Olga Chernomor, Michael Woodhams, Diep Thi Hoang, Heiko Schmidt

Host:    Noutbuk-maria.local (SSE4.2, 16 GB RAM)
Command: iqtree -s exp_baseline/m5_sel500_rep2/combined.fasta -m JC -nt AUTO -pre exp_baseline/m5_sel500_rep2/iqtree_out -seed 500742 -redo
Seed:    500742 (Using SPRNG - Scalable Parallel Random Number Generator)
Time:    Tue May 12 14:20:51 2026
Kernel:  SSE2 - auto-detect threads (8 CPU cores detected)

Reading alignment file exp_baseline/m5_sel500_rep2/combined.fasta ... Fasta format detected
Reading fasta file: done in 0.00058794 secs using 91.34% CPU
Alignment most likely contains DNA/RNA sequences
Constructing alignment: done in 0.00113797 secs using 55.54% CPU
Alignment has 30 sequences with 2500 columns, 2016 distinct patterns
2407 parsimony-informative, 0 singleton sites, 92 constant sites
          Gap/Ambiguity  Composition  p-value
Analyzing sequences: done in 5.00679e-05 secs using 227.7% CPU
   1  taxon_1     0.00%    failed      1.65%
   2  taxon_2     0.00%    passed     83.73%
   3  taxon_3     0.00%    passed     96.81%
   4  taxon_4     0.00%    passed     19.03%
   5  taxon_5     0.00%    passed     94.87%
   6  taxon_6     0.00%    passed     14.01%
   7  taxon_7     0.00%    passed     51.18%
   8  taxon_8     0.00%    passed     95.92%
   9  taxon_9     0.00%    passed     64.65%
  10  taxon_10    0.00%    passed     63.86%
  11  taxon_11    0.00%    passed     40.90%
  12  taxon_12    0.00%    passed     38.00%
  13  taxon_13    0.00%    passed     74.73%
  14  taxon_14    0.00%    passed     55.67%
  15  taxon_15    0.00%    passed     42.16%
  16  taxon_16    0.00%    passed     81.38%
  17  taxon_17    0.00%    passed     85.20%
  18  taxon_18    0.00%    passed     31.67%
  19  taxon_19    0.00%    passed     80.53%
  20  taxon_20    0.00%    passed     93.80%
  21  taxon_21    0.00%    passed     78.94%
  22  taxon_22    0.00%    passed     34.15%
  23  taxon_23    0.00%    passed     69.70%
  24  taxon_24    0.00%    passed     65.72%
  25  taxon_25    0.00%    passed     69.94%
  26  taxon_26    0.00%    passed     47.14%
  27  taxon_27    0.00%    passed     23.88%
  28  taxon_28    0.00%    passed     30.07%
  29  taxon_29    0.00%    passed     57.64%
  30  taxon_30    0.00%    passed     28.31%
****  TOTAL       0.00%  1 sequences failed composition chi2 test (p-value<5%; df=3)
Checking for duplicate sequences: done in 0.000128031 secs using 92.95% CPU

Create initial parsimony tree by phylogenetic likelihood library (PLL)... 0.002 seconds

NOTE: 1 MB RAM (0 GB) is required!
Measuring multi-threading efficiency up to 8 CPU cores
Increase to 10 rounds for branch lengths
401 trees examined
Threads: 1 / Time: 8.008 sec / Speedup: 1.000 / Efficiency: 100% / LogL: -95776
Threads: 2 / Time: 8.760 sec / Speedup: 0.914 / Efficiency: 46% / LogL: -95776
Determining AUTO threadcount: done in 16.7677 secs using 108% CPU
BEST NUMBER OF THREADS: 1

Estimate model parameters (epsilon = 0.100)
1. Initial log-likelihood: -90562.408
Optimal log-likelihood: -90167.686
Rate parameters:  A-C: 1.00000  A-G: 1.00000  A-T: 1.00000  C-G: 1.00000  C-T: 1.00000  G-T: 1.00000
Base frequencies:  A: 0.250  C: 0.250  G: 0.250  T: 0.250
Parameters optimization took 1 rounds (0.010 sec)
Wrote distance file to... 
Computing ML distances based on estimated model parameters...
Calculating distance matrix: done in 0.00145507 secs using 99.38% CPU
Computing ML distances took 0.001588 sec (of wall-clock time) 0.001573 sec (of CPU time)
WARNING: Some pairwise ML distances are too long (saturated)
Setting up auxiliary I and S matrices: done in 2.38419e-05 secs using 79.69% CPU
Constructing RapidNJ tree: done in 4.60148e-05 secs using 160.8% CPU
Computing RapidNJ tree took 0.000096 sec (of wall-clock time) 0.000115 sec (of CPU time)
Log-likelihood of RapidNJ tree: -91310.826
--------------------------------------------------------------------
|             INITIALIZING CANDIDATE TREE SET                      |
--------------------------------------------------------------------
Generating 98 parsimony trees... 0.316 second
Computing log-likelihood of 98 initial trees ... 0.231 seconds
Current best score: -90167.686

Do NNI search on 20 best initial trees
Estimate model parameters (epsilon = 0.100)
BETTER TREE FOUND at iteration 1: -90163.146
Estimate model parameters (epsilon = 0.100)
BETTER TREE FOUND at iteration 2: -90148.614
Estimate model parameters (epsilon = 0.100)
BETTER TREE FOUND at iteration 5: -90147.991
Iteration 10 / LogL: -90148.164 / Time: 0h:0m:17s
Iteration 20 / LogL: -90238.027 / Time: 0h:0m:18s
Finish initializing candidate tree set (18)
Current best tree score: -90147.991 / CPU time: 1.400
Number of iterations: 20
--------------------------------------------------------------------
|               OPTIMIZING CANDIDATE TREE SET                      |
--------------------------------------------------------------------
Iteration 30 / LogL: -90154.395 / Time: 0h:0m:18s (0h:0m:48s left)
Iteration 40 / LogL: -90151.272 / Time: 0h:0m:19s (0h:0m:31s left)
Iteration 50 / LogL: -90149.054 / Time: 0h:0m:19s (0h:0m:21s left)
Iteration 60 / LogL: -90150.743 / Time: 0h:0m:19s (0h:0m:15s left)
Iteration 70 / LogL: -90325.770 / Time: 0h:0m:20s (0h:0m:10s left)
Iteration 80 / LogL: -90150.124 / Time: 0h:0m:20s (0h:0m:6s left)
Iteration 90 / LogL: -90368.809 / Time: 0h:0m:21s (0h:0m:3s left)
Iteration 100 / LogL: -90149.462 / Time: 0h:0m:21s (0h:0m:1s left)
TREE SEARCH COMPLETED AFTER 106 ITERATIONS / Time: 0h:0m:21s

--------------------------------------------------------------------
|                    FINALIZING TREE SEARCH                        |
--------------------------------------------------------------------
Performs final model parameters optimization
Estimate model parameters (epsilon = 0.010)
1. Initial log-likelihood: -90147.991
Optimal log-likelihood: -90147.982
Rate parameters:  A-C: 1.00000  A-G: 1.00000  A-T: 1.00000  C-G: 1.00000  C-T: 1.00000  G-T: 1.00000
Base frequencies:  A: 0.250  C: 0.250  G: 0.250  T: 0.250
Parameters optimization took 1 rounds (0.003 sec)
BEST SCORE FOUND : -90147.982
Total tree length: 17.205

Total number of iterations: 106
CPU time used for tree search: 4.870 sec (0h:0m:4s)
Wall-clock time used for tree search: 4.899 sec (0h:0m:4s)
Total CPU time used: 23.012 sec (0h:0m:23s)
Total wall-clock time used: 21.707 sec (0h:0m:21s)

Analysis results written to: 
  IQ-TREE report:                exp_baseline/m5_sel500_rep2/iqtree_out.iqtree
  Maximum-likelihood tree:       exp_baseline/m5_sel500_rep2/iqtree_out.treefile
  Likelihood distances:          exp_baseline/m5_sel500_rep2/iqtree_out.mldist
  Screen log file:               exp_baseline/m5_sel500_rep2/iqtree_out.log

Date and Time: Tue May 12 14:21:12 2026
