IQ-TREE version 3.1.1 for MacOS ARM 64-bit built Apr  8 2026
Developed by Bui Quang Minh, Thomas Wong, Nhan Ly-Trong, Huaiyan Ren
Contributed by Lam-Tung Nguyen, Dominik Schrempf, Chris Bielow,
Olga Chernomor, Michael Woodhams, Diep Thi Hoang, Heiko Schmidt

Host:    Noutbuk-maria.local (SSE4.2, 16 GB RAM)
Command: iqtree -s exp_baseline/m5_sel1000_rep5/combined.fasta -m JC -nt AUTO -pre exp_baseline/m5_sel1000_rep5/iqtree_out -seed 1001042 -redo
Seed:    1001042 (Using SPRNG - Scalable Parallel Random Number Generator)
Time:    Tue May 12 14:24:29 2026
Kernel:  SSE2 - auto-detect threads (8 CPU cores detected)

Reading alignment file exp_baseline/m5_sel1000_rep5/combined.fasta ... Fasta format detected
Reading fasta file: done in 0.000708103 secs using 90.66% CPU
Alignment most likely contains DNA/RNA sequences
Constructing alignment: done in 0.00128484 secs using 55.49% CPU
Alignment has 30 sequences with 3000 columns, 2016 distinct patterns
2827 parsimony-informative, 0 singleton sites, 173 constant sites
          Gap/Ambiguity  Composition  p-value
Analyzing sequences: done in 5.4121e-05 secs using 212.5% CPU
   1  taxon_1     0.00%    passed     88.01%
   2  taxon_2     0.00%    passed     22.71%
   3  taxon_3     0.00%    passed     57.60%
   4  taxon_4     0.00%    passed     58.67%
   5  taxon_5     0.00%    passed     62.82%
   6  taxon_6     0.00%    passed     33.35%
   7  taxon_7     0.00%    passed     50.99%
   8  taxon_8     0.00%    passed     98.49%
   9  taxon_9     0.00%    passed     32.52%
  10  taxon_10    0.00%    passed     51.98%
  11  taxon_11    0.00%    passed     21.19%
  12  taxon_12    0.00%    failed      3.08%
  13  taxon_13    0.00%    passed     18.38%
  14  taxon_14    0.00%    passed     56.81%
  15  taxon_15    0.00%    passed     11.26%
  16  taxon_16    0.00%    passed     16.20%
  17  taxon_17    0.00%    passed     19.06%
  18  taxon_18    0.00%    passed     48.41%
  19  taxon_19    0.00%    passed     54.36%
  20  taxon_20    0.00%    passed     84.75%
  21  taxon_21    0.00%    passed     14.56%
  22  taxon_22    0.00%    passed     98.03%
  23  taxon_23    0.00%    passed     57.22%
  24  taxon_24    0.00%    passed     26.84%
  25  taxon_25    0.00%    passed     51.79%
  26  taxon_26    0.00%    passed     40.50%
  27  taxon_27    0.00%    passed     67.95%
  28  taxon_28    0.00%    passed      7.76%
  29  taxon_29    0.00%    passed     21.08%
  30  taxon_30    0.00%    passed     66.95%
****  TOTAL       0.00%  1 sequences failed composition chi2 test (p-value<5%; df=3)
Checking for duplicate sequences: done in 0.000138044 secs using 86.2% CPU

Create initial parsimony tree by phylogenetic likelihood library (PLL)... 0.002 seconds

NOTE: 1 MB RAM (0 GB) is required!
Measuring multi-threading efficiency up to 8 CPU cores
Increase to 10 rounds for branch lengths
404 trees examined
Threads: 1 / Time: 8.019 sec / Speedup: 1.000 / Efficiency: 100% / LogL: -109969
Threads: 2 / Time: 8.720 sec / Speedup: 0.920 / Efficiency: 46% / LogL: -109969
Determining AUTO threadcount: done in 16.7391 secs using 108.4% CPU
BEST NUMBER OF THREADS: 1

Estimate model parameters (epsilon = 0.100)
1. Initial log-likelihood: -97856.033
Optimal log-likelihood: -97508.395
Rate parameters:  A-C: 1.00000  A-G: 1.00000  A-T: 1.00000  C-G: 1.00000  C-T: 1.00000  G-T: 1.00000
Base frequencies:  A: 0.250  C: 0.250  G: 0.250  T: 0.250
Parameters optimization took 1 rounds (0.010 sec)
Wrote distance file to... 
Computing ML distances based on estimated model parameters...
Calculating distance matrix: done in 0.00138187 secs using 99.43% CPU
Computing ML distances took 0.001523 sec (of wall-clock time) 0.001505 sec (of CPU time)
WARNING: Some pairwise ML distances are too long (saturated)
Setting up auxiliary I and S matrices: done in 2.31266e-05 secs using 77.83% CPU
Constructing RapidNJ tree: done in 4.48227e-05 secs using 174% CPU
Computing RapidNJ tree took 0.000093 sec (of wall-clock time) 0.000109 sec (of CPU time)
Log-likelihood of RapidNJ tree: -99189.883
--------------------------------------------------------------------
|             INITIALIZING CANDIDATE TREE SET                      |
--------------------------------------------------------------------
Generating 98 parsimony trees... 0.334 second
Computing log-likelihood of 98 initial trees ... 0.228 seconds
Current best score: -97508.395

Do NNI search on 20 best initial trees
Estimate model parameters (epsilon = 0.100)
BETTER TREE FOUND at iteration 1: -97470.903
Iteration 10 / LogL: -97586.782 / Time: 0h:0m:17s
Iteration 20 / LogL: -97625.744 / Time: 0h:0m:17s
Finish initializing candidate tree set (7)
Current best tree score: -97470.903 / CPU time: 1.085
Number of iterations: 20
--------------------------------------------------------------------
|               OPTIMIZING CANDIDATE TREE SET                      |
--------------------------------------------------------------------
Iteration 30 / LogL: -97492.961 / Time: 0h:0m:18s (0h:0m:44s left)
Iteration 40 / LogL: -97473.375 / Time: 0h:0m:18s (0h:0m:29s left)
Iteration 50 / LogL: -97492.833 / Time: 0h:0m:19s (0h:0m:19s left)
Iteration 60 / LogL: -97479.230 / Time: 0h:0m:19s (0h:0m:13s left)
Iteration 70 / LogL: -97625.302 / Time: 0h:0m:19s (0h:0m:8s left)
Iteration 80 / LogL: -97473.981 / Time: 0h:0m:20s (0h:0m:5s left)
Iteration 90 / LogL: -97565.528 / Time: 0h:0m:20s (0h:0m:2s left)
Iteration 100 / LogL: -97564.894 / Time: 0h:0m:20s (0h:0m:0s left)
TREE SEARCH COMPLETED AFTER 102 ITERATIONS / Time: 0h:0m:21s

--------------------------------------------------------------------
|                    FINALIZING TREE SEARCH                        |
--------------------------------------------------------------------
Performs final model parameters optimization
Estimate model parameters (epsilon = 0.010)
1. Initial log-likelihood: -97470.903
Optimal log-likelihood: -97470.903
Rate parameters:  A-C: 1.00000  A-G: 1.00000  A-T: 1.00000  C-G: 1.00000  C-T: 1.00000  G-T: 1.00000
Base frequencies:  A: 0.250  C: 0.250  G: 0.250  T: 0.250
Parameters optimization took 1 rounds (0.003 sec)
BEST SCORE FOUND : -97470.903
Total tree length: 12.821

Total number of iterations: 102
CPU time used for tree search: 4.245 sec (0h:0m:4s)
Wall-clock time used for tree search: 4.271 sec (0h:0m:4s)
Total CPU time used: 22.454 sec (0h:0m:22s)
Total wall-clock time used: 21.071 sec (0h:0m:21s)

Analysis results written to: 
  IQ-TREE report:                exp_baseline/m5_sel1000_rep5/iqtree_out.iqtree
  Maximum-likelihood tree:       exp_baseline/m5_sel1000_rep5/iqtree_out.treefile
  Likelihood distances:          exp_baseline/m5_sel1000_rep5/iqtree_out.mldist
  Screen log file:               exp_baseline/m5_sel1000_rep5/iqtree_out.log

Date and Time: Tue May 12 14:24:50 2026
