IQ-TREE version 3.1.1 for MacOS ARM 64-bit built Apr  8 2026
Developed by Bui Quang Minh, Thomas Wong, Nhan Ly-Trong, Huaiyan Ren
Contributed by Lam-Tung Nguyen, Dominik Schrempf, Chris Bielow,
Olga Chernomor, Michael Woodhams, Diep Thi Hoang, Heiko Schmidt

Host:    Noutbuk-maria.local (SSE4.2, 16 GB RAM)
Command: iqtree -s exp_baseline/m50_sel50_rep2/combined.fasta -m JC -nt AUTO -pre exp_baseline/m50_sel50_rep2/iqtree_out -seed 55242 -redo
Seed:    55242 (Using SPRNG - Scalable Parallel Random Number Generator)
Time:    Tue May 12 14:52:12 2026
Kernel:  SSE2 - auto-detect threads (8 CPU cores detected)

Reading alignment file exp_baseline/m50_sel50_rep2/combined.fasta ... Fasta format detected
Reading fasta file: done in 0.000491142 secs using 90.81% CPU
Alignment most likely contains DNA/RNA sequences
Constructing alignment: done in 0.00101089 secs using 56.19% CPU
Alignment has 30 sequences with 2050 columns, 2013 distinct patterns
2049 parsimony-informative, 0 singleton sites, 1 constant sites
          Gap/Ambiguity  Composition  p-value
Analyzing sequences: done in 5.00679e-05 secs using 249.7% CPU
   1  taxon_1     0.00%    passed     18.64%
   2  taxon_2     0.00%    passed     14.07%
   3  taxon_3     0.00%    passed     43.80%
   4  taxon_4     0.00%    passed     58.78%
   5  taxon_5     0.00%    passed     47.06%
   6  taxon_6     0.00%    passed     77.76%
   7  taxon_7     0.00%    passed     40.27%
   8  taxon_8     0.00%    passed     67.93%
   9  taxon_9     0.00%    passed     64.03%
  10  taxon_10    0.00%    passed     84.78%
  11  taxon_11    0.00%    passed     91.08%
  12  taxon_12    0.00%    passed     25.44%
  13  taxon_13    0.00%    passed     54.04%
  14  taxon_14    0.00%    failed      4.87%
  15  taxon_15    0.00%    passed     60.82%
  16  taxon_16    0.00%    passed     35.66%
  17  taxon_17    0.00%    passed     83.61%
  18  taxon_18    0.00%    passed     33.55%
  19  taxon_19    0.00%    passed     68.31%
  20  taxon_20    0.00%    passed     18.24%
  21  taxon_21    0.00%    passed     38.84%
  22  taxon_22    0.00%    passed     72.26%
  23  taxon_23    0.00%    passed     46.79%
  24  taxon_24    0.00%    passed     86.50%
  25  taxon_25    0.00%    passed     57.40%
  26  taxon_26    0.00%    passed     59.21%
  27  taxon_27    0.00%    passed     13.73%
  28  taxon_28    0.00%    passed     12.00%
  29  taxon_29    0.00%    passed     74.09%
  30  taxon_30    0.00%    passed     62.70%
****  TOTAL       0.00%  1 sequences failed composition chi2 test (p-value<5%; df=3)
Checking for duplicate sequences: done in 0.000130177 secs using 89.11% CPU

Create initial parsimony tree by phylogenetic likelihood library (PLL)... 0.002 seconds

NOTE: 1 MB RAM (0 GB) is required!
Measuring multi-threading efficiency up to 8 CPU cores
Increase to 10 rounds for branch lengths
373 trees examined
Threads: 1 / Time: 8.012 sec / Speedup: 1.000 / Efficiency: 100% / LogL: -83066
Threads: 2 / Time: 8.728 sec / Speedup: 0.918 / Efficiency: 46% / LogL: -83066
Determining AUTO threadcount: done in 16.7397 secs using 107.6% CPU
BEST NUMBER OF THREADS: 1

Estimate model parameters (epsilon = 0.100)
1. Initial log-likelihood: -82174.722
Optimal log-likelihood: -81454.464
Rate parameters:  A-C: 1.00000  A-G: 1.00000  A-T: 1.00000  C-G: 1.00000  C-T: 1.00000  G-T: 1.00000
Base frequencies:  A: 0.250  C: 0.250  G: 0.250  T: 0.250
Parameters optimization took 1 rounds (0.015 sec)
Wrote distance file to... 
Computing ML distances based on estimated model parameters...
Calculating distance matrix: done in 0.00136304 secs using 99.41% CPU
Computing ML distances took 0.001497 sec (of wall-clock time) 0.001482 sec (of CPU time)
WARNING: Some pairwise ML distances are too long (saturated)
Setting up auxiliary I and S matrices: done in 2.5034e-05 secs using 75.9% CPU
Constructing RapidNJ tree: done in 4.81606e-05 secs using 168.2% CPU
Computing RapidNJ tree took 0.000095 sec (of wall-clock time) 0.000122 sec (of CPU time)
Log-likelihood of RapidNJ tree: -82185.633
--------------------------------------------------------------------
|             INITIALIZING CANDIDATE TREE SET                      |
--------------------------------------------------------------------
Generating 98 parsimony trees... 0.309 second
Computing log-likelihood of 98 initial trees ... 0.259 seconds
Current best score: -81454.464

Do NNI search on 20 best initial trees
Estimate model parameters (epsilon = 0.100)
BETTER TREE FOUND at iteration 1: -81436.324
Estimate model parameters (epsilon = 0.100)
BETTER TREE FOUND at iteration 2: -81435.536
Estimate model parameters (epsilon = 0.100)
BETTER TREE FOUND at iteration 5: -81433.212
Iteration 10 / LogL: -81448.359 / Time: 0h:0m:18s
Iteration 20 / LogL: -81446.064 / Time: 0h:0m:18s
Finish initializing candidate tree set (13)
Current best tree score: -81433.212 / CPU time: 2.058
Number of iterations: 20
--------------------------------------------------------------------
|               OPTIMIZING CANDIDATE TREE SET                      |
--------------------------------------------------------------------
Iteration 30 / LogL: -81433.459 / Time: 0h:0m:19s (0h:0m:50s left)
Estimate model parameters (epsilon = 0.100)
UPDATE BEST LOG-LIKELIHOOD: -81432.665
Iteration 40 / LogL: -81433.206 / Time: 0h:0m:20s (0h:0m:33s left)
Iteration 50 / LogL: -81433.331 / Time: 0h:0m:20s (0h:0m:23s left)
Estimate model parameters (epsilon = 0.100)
UPDATE BEST LOG-LIKELIHOOD: -81431.301
Iteration 60 / LogL: -81433.779 / Time: 0h:0m:21s (0h:0m:16s left)
Iteration 70 / LogL: -81445.664 / Time: 0h:0m:22s (0h:0m:11s left)
Iteration 80 / LogL: -81433.148 / Time: 0h:0m:23s (0h:0m:7s left)
Iteration 90 / LogL: -81433.181 / Time: 0h:0m:23s (0h:0m:3s left)
Iteration 100 / LogL: -81431.651 / Time: 0h:0m:24s (0h:0m:1s left)
TREE SEARCH COMPLETED AFTER 106 ITERATIONS / Time: 0h:0m:24s

--------------------------------------------------------------------
|                    FINALIZING TREE SEARCH                        |
--------------------------------------------------------------------
Performs final model parameters optimization
Estimate model parameters (epsilon = 0.010)
1. Initial log-likelihood: -81431.301
Optimal log-likelihood: -81431.239
Rate parameters:  A-C: 1.00000  A-G: 1.00000  A-T: 1.00000  C-G: 1.00000  C-T: 1.00000  G-T: 1.00000
Base frequencies:  A: 0.250  C: 0.250  G: 0.250  T: 0.250
Parameters optimization took 1 rounds (0.006 sec)
BEST SCORE FOUND : -81431.239
Total tree length: 28.637

Total number of iterations: 106
CPU time used for tree search: 7.934 sec (0h:0m:7s)
Wall-clock time used for tree search: 7.958 sec (0h:0m:7s)
Total CPU time used: 26.031 sec (0h:0m:26s)
Total wall-clock time used: 24.777 sec (0h:0m:24s)

Analysis results written to: 
  IQ-TREE report:                exp_baseline/m50_sel50_rep2/iqtree_out.iqtree
  Maximum-likelihood tree:       exp_baseline/m50_sel50_rep2/iqtree_out.treefile
  Likelihood distances:          exp_baseline/m50_sel50_rep2/iqtree_out.mldist
  Screen log file:               exp_baseline/m50_sel50_rep2/iqtree_out.log

Date and Time: Tue May 12 14:52:37 2026
