IQ-TREE version 3.1.1 for MacOS ARM 64-bit built Apr  8 2026
Developed by Bui Quang Minh, Thomas Wong, Nhan Ly-Trong, Huaiyan Ren
Contributed by Lam-Tung Nguyen, Dominik Schrempf, Chris Bielow,
Olga Chernomor, Michael Woodhams, Diep Thi Hoang, Heiko Schmidt

Host:    Noutbuk-maria.local (SSE4.2, 16 GB RAM)
Command: iqtree -s exp_baseline/m1_sel0_rep3/combined.fasta -m JC -nt AUTO -pre exp_baseline/m1_sel0_rep3/iqtree_out -seed 442 -redo
Seed:    442 (Using SPRNG - Scalable Parallel Random Number Generator)
Time:    Tue May 12 13:49:53 2026
Kernel:  SSE2 - auto-detect threads (8 CPU cores detected)

Reading alignment file exp_baseline/m1_sel0_rep3/combined.fasta ... Fasta format detected
Reading fasta file: done in 0.000473022 secs using 90.69% CPU
NOTE: Change sequence name 'taxon 1' -> taxon_1
NOTE: Change sequence name 'taxon 2' -> taxon_2
NOTE: Change sequence name 'taxon 3' -> taxon_3
NOTE: Change sequence name 'taxon 4' -> taxon_4
NOTE: Change sequence name 'taxon 5' -> taxon_5
NOTE: Change sequence name 'taxon 6' -> taxon_6
NOTE: Change sequence name 'taxon 7' -> taxon_7
NOTE: Change sequence name 'taxon 8' -> taxon_8
NOTE: Change sequence name 'taxon 9' -> taxon_9
NOTE: Change sequence name 'taxon 10' -> taxon_10
NOTE: Change sequence name 'taxon 11' -> taxon_11
NOTE: Change sequence name 'taxon 12' -> taxon_12
NOTE: Change sequence name 'taxon 13' -> taxon_13
NOTE: Change sequence name 'taxon 14' -> taxon_14
NOTE: Change sequence name 'taxon 15' -> taxon_15
NOTE: Change sequence name 'taxon 16' -> taxon_16
NOTE: Change sequence name 'taxon 17' -> taxon_17
NOTE: Change sequence name 'taxon 18' -> taxon_18
NOTE: Change sequence name 'taxon 19' -> taxon_19
NOTE: Change sequence name 'taxon 20' -> taxon_20
NOTE: Change sequence name 'taxon 21' -> taxon_21
NOTE: Change sequence name 'taxon 22' -> taxon_22
NOTE: Change sequence name 'taxon 23' -> taxon_23
NOTE: Change sequence name 'taxon 24' -> taxon_24
NOTE: Change sequence name 'taxon 25' -> taxon_25
NOTE: Change sequence name 'taxon 26' -> taxon_26
NOTE: Change sequence name 'taxon 27' -> taxon_27
NOTE: Change sequence name 'taxon 28' -> taxon_28
NOTE: Change sequence name 'taxon 29' -> taxon_29
NOTE: Change sequence name 'taxon 30' -> taxon_30
Alignment most likely contains DNA/RNA sequences
Constructing alignment: done in 0.000951052 secs using 57.41% CPU
Alignment has 30 sequences with 2000 columns, 2000 distinct patterns
2000 parsimony-informative, 0 singleton sites, 0 constant sites
          Gap/Ambiguity  Composition  p-value
Analyzing sequences: done in 4.3869e-05 secs using 255.3% CPU
   1  taxon_1     0.00%    passed     98.52%
   2  taxon_2     0.00%    passed     46.60%
   3  taxon_3     0.00%    passed     13.87%
   4  taxon_4     0.00%    passed     99.41%
   5  taxon_5     0.00%    passed     68.05%
   6  taxon_6     0.00%    passed     21.48%
   7  taxon_7     0.00%    passed     92.01%
   8  taxon_8     0.00%    passed     41.93%
   9  taxon_9     0.00%    passed     60.00%
  10  taxon_10    0.00%    failed      3.86%
  11  taxon_11    0.00%    passed     10.46%
  12  taxon_12    0.00%    passed     52.85%
  13  taxon_13    0.00%    passed     79.36%
  14  taxon_14    0.00%    passed     77.01%
  15  taxon_15    0.00%    passed     71.04%
  16  taxon_16    0.00%    failed      1.23%
  17  taxon_17    0.00%    passed     90.11%
  18  taxon_18    0.00%    passed     46.83%
  19  taxon_19    0.00%    passed      6.43%
  20  taxon_20    0.00%    passed     62.84%
  21  taxon_21    0.00%    passed     43.81%
  22  taxon_22    0.00%    passed     48.44%
  23  taxon_23    0.00%    passed     90.98%
  24  taxon_24    0.00%    passed     74.27%
  25  taxon_25    0.00%    passed     73.61%
  26  taxon_26    0.00%    passed     92.00%
  27  taxon_27    0.00%    passed     43.35%
  28  taxon_28    0.00%    passed     90.40%
  29  taxon_29    0.00%    passed     41.46%
  30  taxon_30    0.00%    passed     54.18%
****  TOTAL       0.00%  2 sequences failed composition chi2 test (p-value<5%; df=3)
Checking for duplicate sequences: done in 0.000132084 secs using 87.82% CPU

Create initial parsimony tree by phylogenetic likelihood library (PLL)... 0.002 seconds

NOTE: 1 MB RAM (0 GB) is required!
Measuring multi-threading efficiency up to 8 CPU cores
Increase to 10 rounds for branch lengths
384 trees examined
Threads: 1 / Time: 8.010 sec / Speedup: 1.000 / Efficiency: 100% / LogL: -80493
Threads: 2 / Time: 8.818 sec / Speedup: 0.908 / Efficiency: 45% / LogL: -80493
Determining AUTO threadcount: done in 16.8278 secs using 107.6% CPU
BEST NUMBER OF THREADS: 1

Estimate model parameters (epsilon = 0.100)
1. Initial log-likelihood: -77750.312
Optimal log-likelihood: -77044.327
Rate parameters:  A-C: 1.00000  A-G: 1.00000  A-T: 1.00000  C-G: 1.00000  C-T: 1.00000  G-T: 1.00000
Base frequencies:  A: 0.250  C: 0.250  G: 0.250  T: 0.250
Parameters optimization took 1 rounds (0.022 sec)
Wrote distance file to... 
Computing ML distances based on estimated model parameters...
Calculating distance matrix: done in 0.00122094 secs using 98.61% CPU
Computing ML distances took 0.001371 sec (of wall-clock time) 0.001332 sec (of CPU time)
WARNING: Some pairwise ML distances are too long (saturated)
Setting up auxiliary I and S matrices: done in 2.19345e-05 secs using 72.94% CPU
Constructing RapidNJ tree: done in 4.98295e-05 secs using 156.5% CPU
Computing RapidNJ tree took 0.000089 sec (of wall-clock time) 0.000107 sec (of CPU time)
Log-likelihood of RapidNJ tree: -77022.130
--------------------------------------------------------------------
|             INITIALIZING CANDIDATE TREE SET                      |
--------------------------------------------------------------------
Generating 98 parsimony trees... 0.311 second
Computing log-likelihood of 98 initial trees ... 0.253 seconds
Current best score: -77022.130

Do NNI search on 20 best initial trees
Estimate model parameters (epsilon = 0.100)
BETTER TREE FOUND at iteration 1: -76988.701
Estimate model parameters (epsilon = 0.100)
BETTER TREE FOUND at iteration 8: -76988.422
Iteration 10 / LogL: -76991.779 / Time: 0h:0m:18s
Estimate model parameters (epsilon = 0.100)
UPDATE BEST LOG-LIKELIHOOD: -76988.357
Iteration 20 / LogL: -76992.086 / Time: 0h:0m:19s
Finish initializing candidate tree set (13)
Current best tree score: -76988.357 / CPU time: 2.413
Number of iterations: 20
--------------------------------------------------------------------
|               OPTIMIZING CANDIDATE TREE SET                      |
--------------------------------------------------------------------
Iteration 30 / LogL: -76988.568 / Time: 0h:0m:20s (0h:0m:54s left)
Iteration 40 / LogL: -76994.453 / Time: 0h:0m:20s (0h:0m:36s left)
Iteration 50 / LogL: -76989.488 / Time: 0h:0m:21s (0h:0m:25s left)
Iteration 60 / LogL: -76988.709 / Time: 0h:0m:22s (0h:0m:18s left)
Iteration 70 / LogL: -76988.547 / Time: 0h:0m:23s (0h:0m:12s left)
Iteration 80 / LogL: -76988.935 / Time: 0h:0m:24s (0h:0m:8s left)
Estimate model parameters (epsilon = 0.100)
UPDATE BEST LOG-LIKELIHOOD: -76988.307
Iteration 90 / LogL: -76992.263 / Time: 0h:0m:25s (0h:0m:5s left)
Iteration 100 / LogL: -76988.461 / Time: 0h:0m:25s (0h:0m:2s left)
TREE SEARCH COMPLETED AFTER 109 ITERATIONS / Time: 0h:0m:26s

--------------------------------------------------------------------
|                    FINALIZING TREE SEARCH                        |
--------------------------------------------------------------------
Performs final model parameters optimization
Estimate model parameters (epsilon = 0.010)
1. Initial log-likelihood: -76988.307
Optimal log-likelihood: -76988.293
Rate parameters:  A-C: 1.00000  A-G: 1.00000  A-T: 1.00000  C-G: 1.00000  C-T: 1.00000  G-T: 1.00000
Base frequencies:  A: 0.250  C: 0.250  G: 0.250  T: 0.250
Parameters optimization took 1 rounds (0.003 sec)
BEST SCORE FOUND : -76988.293
Total tree length: 27.972

Total number of iterations: 109
CPU time used for tree search: 9.799 sec (0h:0m:9s)
Wall-clock time used for tree search: 9.845 sec (0h:0m:9s)
Total CPU time used: 28.016 sec (0h:0m:28s)
Total wall-clock time used: 26.777 sec (0h:0m:26s)

Analysis results written to: 
  IQ-TREE report:                exp_baseline/m1_sel0_rep3/iqtree_out.iqtree
  Maximum-likelihood tree:       exp_baseline/m1_sel0_rep3/iqtree_out.treefile
  Likelihood distances:          exp_baseline/m1_sel0_rep3/iqtree_out.mldist
  Screen log file:               exp_baseline/m1_sel0_rep3/iqtree_out.log

Date and Time: Tue May 12 13:50:20 2026
