IQ-TREE version 3.1.1 for MacOS ARM 64-bit built Apr  8 2026
Developed by Bui Quang Minh, Thomas Wong, Nhan Ly-Trong, Huaiyan Ren
Contributed by Lam-Tung Nguyen, Dominik Schrempf, Chris Bielow,
Olga Chernomor, Michael Woodhams, Diep Thi Hoang, Heiko Schmidt

Host:    Noutbuk-maria.local (SSE4.2, 16 GB RAM)
Command: iqtree -s exp_stable_0.001/m10_sel1_rep6/neutral.fasta -m JC -nt AUTO -pre exp_stable_0.001/m10_sel1_rep6/iqtree_out -seed 2642 -redo
Seed:    2642 (Using SPRNG - Scalable Parallel Random Number Generator)
Time:    Mon May 18 22:26:45 2026
Kernel:  SSE2 - auto-detect threads (8 CPU cores detected)

Reading alignment file exp_stable_0.001/m10_sel1_rep6/neutral.fasta ... Fasta format detected
Reading fasta file: done in 0.00140691 secs using 89.34% CPU
Alignment most likely contains DNA/RNA sequences
Constructing alignment: done in 0.00155282 secs using 55.83% CPU
Alignment has 50 sequences with 3000 columns, 513 distinct patterns
141 parsimony-informative, 569 singleton sites, 2290 constant sites
          Gap/Ambiguity  Composition  p-value
Analyzing sequences: done in 5.10216e-05 secs using 94.08% CPU
   1  taxon_1     0.00%    passed     99.69%
   2  taxon_2     0.00%    passed     99.06%
   3  taxon_3     0.00%    passed     99.99%
   4  taxon_4     0.00%    passed     99.90%
   5  taxon_5     0.00%    passed     99.64%
   6  taxon_6     0.00%    passed     99.95%
   7  taxon_7     0.00%    passed     99.71%
   8  taxon_8     0.00%    passed     99.77%
   9  taxon_9     0.00%    passed     99.94%
  10  taxon_10    0.00%    passed     99.95%
  11  taxon_11    0.00%    passed     99.45%
  12  taxon_12    0.00%    passed     99.31%
  13  taxon_13    0.00%    passed     99.98%
  14  taxon_14    0.00%    passed     99.67%
  15  taxon_15    0.00%    passed     99.96%
  16  taxon_16    0.00%    passed     99.14%
  17  taxon_17    0.00%    passed     99.99%
  18  taxon_18    0.00%    passed     99.95%
  19  taxon_19    0.00%    passed     99.97%
  20  taxon_20    0.00%    passed     99.73%
  21  taxon_21    0.00%    passed     99.82%
  22  taxon_22    0.00%    passed     99.98%
  23  taxon_23    0.00%    passed     99.85%
  24  taxon_24    0.00%    passed     99.99%
  25  taxon_25    0.00%    passed     99.96%
  26  taxon_26    0.00%    passed     99.89%
  27  taxon_27    0.00%    passed     99.51%
  28  taxon_28    0.00%    passed     99.94%
  29  taxon_29    0.00%    passed     99.69%
  30  taxon_30    0.00%    passed     99.93%
  31  taxon_31    0.00%    passed     99.59%
  32  taxon_32    0.00%    passed    100.00%
  33  taxon_33    0.00%    passed     99.98%
  34  taxon_34    0.00%    passed     99.78%
  35  taxon_35    0.00%    passed    100.00%
  36  taxon_36    0.00%    passed     99.86%
  37  taxon_37    0.00%    passed     99.85%
  38  taxon_38    0.00%    passed     99.92%
  39  taxon_39    0.00%    passed     99.73%
  40  taxon_40    0.00%    passed     99.38%
  41  taxon_41    0.00%    passed     98.96%
  42  taxon_42    0.00%    passed     99.99%
  43  taxon_43    0.00%    passed     98.54%
  44  taxon_44    0.00%    passed     99.82%
  45  taxon_45    0.00%    passed     99.30%
  46  taxon_46    0.00%    passed     95.17%
  47  taxon_47    0.00%    passed     99.96%
  48  taxon_48    0.00%    passed     99.95%
  49  taxon_49    0.00%    passed     99.90%
  50  taxon_50    0.00%    passed     99.93%
****  TOTAL       0.00%  0 sequences failed composition chi2 test (p-value<5%; df=3)
Checking for duplicate sequences: done in 9.60827e-05 secs using 79.1% CPU

Create initial parsimony tree by phylogenetic likelihood library (PLL)... 0.002 seconds

NOTE: 0 MB RAM (0 GB) is required!
Measuring multi-threading efficiency up to 8 CPU cores
Increase to 10 rounds for branch lengths
1246 trees examined
Threads: 1 / Time: 8.005 sec / Speedup: 1.000 / Efficiency: 100% / LogL: -12451
Threads: 2 / Time: 12.732 sec / Speedup: 0.629 / Efficiency: 31% / LogL: -12451
Determining AUTO threadcount: done in 20.7372 secs using 97.98% CPU
BEST NUMBER OF THREADS: 1

Estimate model parameters (epsilon = 0.100)
1. Initial log-likelihood: -10238.781
Optimal log-likelihood: -10238.634
Rate parameters:  A-C: 1.00000  A-G: 1.00000  A-T: 1.00000  C-G: 1.00000  C-T: 1.00000  G-T: 1.00000
Base frequencies:  A: 0.250  C: 0.250  G: 0.250  T: 0.250
Parameters optimization took 1 rounds (0.005 sec)
Wrote distance file to... 
Computing ML distances based on estimated model parameters...
Calculating distance matrix: done in 0.00401497 secs using 88.94% CPU
Computing ML distances took 0.004114 sec (of wall-clock time) 0.003657 sec (of CPU time)
Setting up auxiliary I and S matrices: done in 7.29561e-05 secs using 80.87% CPU
Constructing RapidNJ tree: done in 0.000174999 secs using 176% CPU
Computing RapidNJ tree took 0.000282 sec (of wall-clock time) 0.000406 sec (of CPU time)
Log-likelihood of RapidNJ tree: -10245.790
--------------------------------------------------------------------
|             INITIALIZING CANDIDATE TREE SET                      |
--------------------------------------------------------------------
Generating 98 parsimony trees... 0.180 second
Computing log-likelihood of 98 initial trees ... 0.162 seconds
Current best score: -10238.634

Do NNI search on 20 best initial trees
Estimate model parameters (epsilon = 0.100)
BETTER TREE FOUND at iteration 1: -10238.633
BETTER TREE FOUND at iteration 2: -10238.633
BETTER TREE FOUND at iteration 9: -10238.633
Iteration 10 / LogL: -10238.634 / Time: 0h:0m:21s
Iteration 20 / LogL: -10238.633 / Time: 0h:0m:21s
Finish initializing candidate tree set (20)
Current best tree score: -10238.633 / CPU time: 0.536
Number of iterations: 20
--------------------------------------------------------------------
|               OPTIMIZING CANDIDATE TREE SET                      |
--------------------------------------------------------------------
Iteration 30 / LogL: -10238.641 / Time: 0h:0m:21s (0h:0m:58s left)
Iteration 40 / LogL: -10238.654 / Time: 0h:0m:21s (0h:0m:38s left)
Iteration 50 / LogL: -10238.646 / Time: 0h:0m:22s (0h:0m:26s left)
Iteration 60 / LogL: -10238.652 / Time: 0h:0m:22s (0h:0m:18s left)
Iteration 70 / LogL: -10238.646 / Time: 0h:0m:22s (0h:0m:12s left)
Iteration 80 / LogL: -10238.653 / Time: 0h:0m:22s (0h:0m:8s left)
Iteration 90 / LogL: -10238.652 / Time: 0h:0m:23s (0h:0m:4s left)
Iteration 100 / LogL: -10238.645 / Time: 0h:0m:23s (0h:0m:2s left)
Iteration 110 / LogL: -10238.655 / Time: 0h:0m:23s (0h:0m:-1s left)
TREE SEARCH COMPLETED AFTER 110 ITERATIONS / Time: 0h:0m:23s

--------------------------------------------------------------------
|                    FINALIZING TREE SEARCH                        |
--------------------------------------------------------------------
Performs final model parameters optimization
Estimate model parameters (epsilon = 0.010)
1. Initial log-likelihood: -10238.633
Optimal log-likelihood: -10238.633
Rate parameters:  A-C: 1.00000  A-G: 1.00000  A-T: 1.00000  C-G: 1.00000  C-T: 1.00000  G-T: 1.00000
Base frequencies:  A: 0.250  C: 0.250  G: 0.250  T: 0.250
Parameters optimization took 1 rounds (0.002 sec)
BEST SCORE FOUND : -10238.633
Total tree length: 0.270

Total number of iterations: 110
CPU time used for tree search: 3.145 sec (0h:0m:3s)
Wall-clock time used for tree search: 3.169 sec (0h:0m:3s)
Total CPU time used: 23.485 sec (0h:0m:23s)
Total wall-clock time used: 23.933 sec (0h:0m:23s)

Analysis results written to: 
  IQ-TREE report:                exp_stable_0.001/m10_sel1_rep6/iqtree_out.iqtree
  Maximum-likelihood tree:       exp_stable_0.001/m10_sel1_rep6/iqtree_out.treefile
  Likelihood distances:          exp_stable_0.001/m10_sel1_rep6/iqtree_out.mldist
  Screen log file:               exp_stable_0.001/m10_sel1_rep6/iqtree_out.log

Date and Time: Mon May 18 22:27:08 2026
