IQ-TREE version 3.1.1 for MacOS ARM 64-bit built Apr  8 2026
Developed by Bui Quang Minh, Thomas Wong, Nhan Ly-Trong, Huaiyan Ren
Contributed by Lam-Tung Nguyen, Dominik Schrempf, Chris Bielow,
Olga Chernomor, Michael Woodhams, Diep Thi Hoang, Heiko Schmidt

Host:    Noutbuk-maria.local (SSE4.2, 16 GB RAM)
Command: iqtree -s exp_stable_0.0005/m10_sel1_rep5/neutral.fasta -m JC -nt AUTO -pre exp_stable_0.0005/m10_sel1_rep5/iqtree_out -seed 2542 -redo
Seed:    2542 (Using SPRNG - Scalable Parallel Random Number Generator)
Time:    Mon May 18 20:31:24 2026
Kernel:  SSE2 - auto-detect threads (8 CPU cores detected)

Reading alignment file exp_stable_0.0005/m10_sel1_rep5/neutral.fasta ... Fasta format detected
Reading fasta file: done in 0.00117207 secs using 89.67% CPU
Alignment most likely contains DNA/RNA sequences
Constructing alignment: done in 0.00116611 secs using 59.77% CPU
Alignment has 50 sequences with 3000 columns, 317 distinct patterns
81 parsimony-informative, 313 singleton sites, 2606 constant sites
          Gap/Ambiguity  Composition  p-value
Analyzing sequences: done in 3.50475e-05 secs using 82.74% CPU
   1  taxon_1     0.00%    passed     99.77%
   2  taxon_2     0.00%    passed     99.77%
   3  taxon_3     0.00%    passed     99.87%
   4  taxon_4     0.00%    passed     99.95%
   5  taxon_5     0.00%    passed     99.95%
   6  taxon_6     0.00%    passed     99.53%
   7  taxon_7     0.00%    passed     99.75%
   8  taxon_8     0.00%    passed     99.95%
   9  taxon_9     0.00%    passed     99.90%
  10  taxon_10    0.00%    passed     99.97%
  11  taxon_11    0.00%    passed     99.99%
  12  taxon_12    0.00%    passed     99.80%
  13  taxon_13    0.00%    passed     99.99%
  14  taxon_14    0.00%    passed     99.99%
  15  taxon_15    0.00%    passed     99.96%
  16  taxon_16    0.00%    passed     99.62%
  17  taxon_17    0.00%    passed     99.96%
  18  taxon_18    0.00%    passed     99.75%
  19  taxon_19    0.00%    passed     99.81%
  20  taxon_20    0.00%    passed     99.40%
  21  taxon_21    0.00%    passed     99.94%
  22  taxon_22    0.00%    passed     99.75%
  23  taxon_23    0.00%    passed     99.70%
  24  taxon_24    0.00%    passed     99.89%
  25  taxon_25    0.00%    passed     99.75%
  26  taxon_26    0.00%    passed     99.92%
  27  taxon_27    0.00%    passed     99.97%
  28  taxon_28    0.00%    passed     99.95%
  29  taxon_29    0.00%    passed     99.81%
  30  taxon_30    0.00%    passed     99.97%
  31  taxon_31    0.00%    passed     99.95%
  32  taxon_32    0.00%    passed     99.48%
  33  taxon_33    0.00%    passed     99.32%
  34  taxon_34    0.00%    passed     99.90%
  35  taxon_35    0.00%    passed     99.98%
  36  taxon_36    0.00%    passed     99.98%
  37  taxon_37    0.00%    passed     99.78%
  38  taxon_38    0.00%    passed     99.84%
  39  taxon_39    0.00%    passed     99.81%
  40  taxon_40    0.00%    passed     99.91%
  41  taxon_41    0.00%    passed     99.58%
  42  taxon_42    0.00%    passed     99.94%
  43  taxon_43    0.00%    passed     99.66%
  44  taxon_44    0.00%    passed     99.95%
  45  taxon_45    0.00%    passed     99.79%
  46  taxon_46    0.00%    passed     99.65%
  47  taxon_47    0.00%    passed     99.36%
  48  taxon_48    0.00%    passed     99.95%
  49  taxon_49    0.00%    passed     99.97%
  50  taxon_50    0.00%    passed     99.99%
****  TOTAL       0.00%  0 sequences failed composition chi2 test (p-value<5%; df=3)
Checking for duplicate sequences: done in 7.10487e-05 secs using 73.19% CPU

Create initial parsimony tree by phylogenetic likelihood library (PLL)... 0.001 seconds

NOTE: 0 MB RAM (0 GB) is required!
Measuring multi-threading efficiency up to 8 CPU cores
Increase to 10 rounds for branch lengths
3426 trees examined
Threads: 1 / Time: 8.002 sec / Speedup: 1.000 / Efficiency: 100% / LogL: -8685
Threads: 2 / Time: 15.657 sec / Speedup: 0.511 / Efficiency: 26% / LogL: -8685
Determining AUTO threadcount: done in 23.6591 secs using 87.61% CPU
BEST NUMBER OF THREADS: 1

Estimate model parameters (epsilon = 0.100)
1. Initial log-likelihood: -7620.061
Optimal log-likelihood: -7620.060
Rate parameters:  A-C: 1.00000  A-G: 1.00000  A-T: 1.00000  C-G: 1.00000  C-T: 1.00000  G-T: 1.00000
Base frequencies:  A: 0.250  C: 0.250  G: 0.250  T: 0.250
Parameters optimization took 1 rounds (0.001 sec)
Wrote distance file to... 
Computing ML distances based on estimated model parameters...
Calculating distance matrix: done in 0.00332403 secs using 80.38% CPU
Computing ML distances took 0.003369 sec (of wall-clock time) 0.002708 sec (of CPU time)
Setting up auxiliary I and S matrices: done in 4.1008e-05 secs using 80.47% CPU
Constructing RapidNJ tree: done in 0.000117064 secs using 170.8% CPU
Computing RapidNJ tree took 0.000174 sec (of wall-clock time) 0.000243 sec (of CPU time)
Log-likelihood of RapidNJ tree: -7637.034
--------------------------------------------------------------------
|             INITIALIZING CANDIDATE TREE SET                      |
--------------------------------------------------------------------
Generating 98 parsimony trees... 0.083 second
Computing log-likelihood of 98 initial trees ... 0.065 seconds
Current best score: -7620.060

Do NNI search on 20 best initial trees
Estimate model parameters (epsilon = 0.100)
BETTER TREE FOUND at iteration 1: -7620.060
BETTER TREE FOUND at iteration 2: -7620.059
BETTER TREE FOUND at iteration 4: -7620.059
BETTER TREE FOUND at iteration 5: -7620.059
BETTER TREE FOUND at iteration 6: -7620.059
Iteration 10 / LogL: -7620.060 / Time: 0h:0m:23s
Iteration 20 / LogL: -7620.060 / Time: 0h:0m:23s
Finish initializing candidate tree set (20)
Current best tree score: -7620.059 / CPU time: 0.212
Number of iterations: 20
--------------------------------------------------------------------
|               OPTIMIZING CANDIDATE TREE SET                      |
--------------------------------------------------------------------
Iteration 30 / LogL: -7620.075 / Time: 0h:0m:23s (0h:1m:2s left)
Iteration 40 / LogL: -7620.082 / Time: 0h:0m:24s (0h:0m:40s left)
Iteration 50 / LogL: -7620.081 / Time: 0h:0m:24s (0h:0m:27s left)
Iteration 60 / LogL: -7620.075 / Time: 0h:0m:24s (0h:0m:18s left)
Iteration 70 / LogL: -7620.073 / Time: 0h:0m:24s (0h:0m:12s left)
Iteration 80 / LogL: -7639.563 / Time: 0h:0m:24s (0h:0m:8s left)
Iteration 90 / LogL: -7620.081 / Time: 0h:0m:24s (0h:0m:4s left)
Iteration 100 / LogL: -7620.076 / Time: 0h:0m:24s (0h:0m:1s left)
TREE SEARCH COMPLETED AFTER 107 ITERATIONS / Time: 0h:0m:24s

--------------------------------------------------------------------
|                    FINALIZING TREE SEARCH                        |
--------------------------------------------------------------------
Performs final model parameters optimization
Estimate model parameters (epsilon = 0.010)
1. Initial log-likelihood: -7620.059
Optimal log-likelihood: -7620.059
Rate parameters:  A-C: 1.00000  A-G: 1.00000  A-T: 1.00000  C-G: 1.00000  C-T: 1.00000  G-T: 1.00000
Base frequencies:  A: 0.250  C: 0.250  G: 0.250  T: 0.250
Parameters optimization took 1 rounds (0.002 sec)
BEST SCORE FOUND : -7620.059
Total tree length: 0.141

Total number of iterations: 107
CPU time used for tree search: 1.089 sec (0h:0m:1s)
Wall-clock time used for tree search: 1.091 sec (0h:0m:1s)
Total CPU time used: 21.830 sec (0h:0m:21s)
Total wall-clock time used: 24.767 sec (0h:0m:24s)

Analysis results written to: 
  IQ-TREE report:                exp_stable_0.0005/m10_sel1_rep5/iqtree_out.iqtree
  Maximum-likelihood tree:       exp_stable_0.0005/m10_sel1_rep5/iqtree_out.treefile
  Likelihood distances:          exp_stable_0.0005/m10_sel1_rep5/iqtree_out.mldist
  Screen log file:               exp_stable_0.0005/m10_sel1_rep5/iqtree_out.log

Date and Time: Mon May 18 20:31:49 2026
