IQ-TREE version 3.1.1 for MacOS ARM 64-bit built Apr  8 2026
Developed by Bui Quang Minh, Thomas Wong, Nhan Ly-Trong, Huaiyan Ren
Contributed by Lam-Tung Nguyen, Dominik Schrempf, Chris Bielow,
Olga Chernomor, Michael Woodhams, Diep Thi Hoang, Heiko Schmidt

Host:    Noutbuk-maria.local (SSE4.2, 16 GB RAM)
Command: iqtree -s exp_baseline/m200_sel500_rep4/combined.fasta -m JC -nt AUTO -pre exp_baseline/m200_sel500_rep4/iqtree_out -seed 520442 -redo
Seed:    520442 (Using SPRNG - Scalable Parallel Random Number Generator)
Time:    Tue May 12 15:22:40 2026
Kernel:  SSE2 - auto-detect threads (8 CPU cores detected)

Reading alignment file exp_baseline/m200_sel500_rep4/combined.fasta ... Fasta format detected
Reading fasta file: done in 0.000601053 secs using 91.17% CPU
Alignment most likely contains DNA/RNA sequences
Constructing alignment: done in 0.00114393 secs using 56.56% CPU
Alignment has 30 sequences with 2500 columns, 2015 distinct patterns
2497 parsimony-informative, 0 singleton sites, 2 constant sites
          Gap/Ambiguity  Composition  p-value
Analyzing sequences: done in 4.60148e-05 secs using 252.1% CPU
   1  taxon_1     0.00%    passed     16.60%
   2  taxon_2     0.00%    passed     59.02%
   3  taxon_3     0.00%    failed      3.12%
   4  taxon_4     0.00%    passed     84.58%
   5  taxon_5     0.00%    passed     61.74%
   6  taxon_6     0.00%    passed     79.95%
   7  taxon_7     0.00%    passed     94.83%
   8  taxon_8     0.00%    passed     30.96%
   9  taxon_9     0.00%    passed     90.73%
  10  taxon_10    0.00%    passed     97.17%
  11  taxon_11    0.00%    passed     75.21%
  12  taxon_12    0.00%    passed     37.37%
  13  taxon_13    0.00%    passed      6.25%
  14  taxon_14    0.00%    passed     70.23%
  15  taxon_15    0.00%    passed     48.23%
  16  taxon_16    0.00%    passed     78.57%
  17  taxon_17    0.00%    passed     60.49%
  18  taxon_18    0.00%    passed     30.83%
  19  taxon_19    0.00%    passed     43.85%
  20  taxon_20    0.00%    passed      8.18%
  21  taxon_21    0.00%    passed     43.97%
  22  taxon_22    0.00%    passed     52.72%
  23  taxon_23    0.00%    passed     80.02%
  24  taxon_24    0.00%    passed     52.15%
  25  taxon_25    0.00%    passed     85.83%
  26  taxon_26    0.00%    passed     78.25%
  27  taxon_27    0.00%    passed     40.33%
  28  taxon_28    0.00%    passed     66.15%
  29  taxon_29    0.00%    passed     91.99%
  30  taxon_30    0.00%    passed     28.39%
****  TOTAL       0.00%  1 sequences failed composition chi2 test (p-value<5%; df=3)
Checking for duplicate sequences: done in 0.000128984 secs using 91.48% CPU

Create initial parsimony tree by phylogenetic likelihood library (PLL)... 0.003 seconds

NOTE: 1 MB RAM (0 GB) is required!
Measuring multi-threading efficiency up to 8 CPU cores
Increase to 10 rounds for branch lengths
397 trees examined
Threads: 1 / Time: 8.011 sec / Speedup: 1.000 / Efficiency: 100% / LogL: -95889
Threads: 2 / Time: 8.729 sec / Speedup: 0.918 / Efficiency: 46% / LogL: -95889
Determining AUTO threadcount: done in 16.7405 secs using 108.2% CPU
BEST NUMBER OF THREADS: 1

Estimate model parameters (epsilon = 0.100)
1. Initial log-likelihood: -89797.213
Optimal log-likelihood: -89401.463
Rate parameters:  A-C: 1.00000  A-G: 1.00000  A-T: 1.00000  C-G: 1.00000  C-T: 1.00000  G-T: 1.00000
Base frequencies:  A: 0.250  C: 0.250  G: 0.250  T: 0.250
Parameters optimization took 1 rounds (0.009 sec)
Wrote distance file to... 
Computing ML distances based on estimated model parameters...
Calculating distance matrix: done in 0.00130391 secs using 99.32% CPU
Computing ML distances took 0.001440 sec (of wall-clock time) 0.001421 sec (of CPU time)
WARNING: Some pairwise ML distances are too long (saturated)
Setting up auxiliary I and S matrices: done in 3.00407e-05 secs using 63.25% CPU
Constructing RapidNJ tree: done in 4.50611e-05 secs using 168.7% CPU
Computing RapidNJ tree took 0.000095 sec (of wall-clock time) 0.000112 sec (of CPU time)
Log-likelihood of RapidNJ tree: -91773.533
--------------------------------------------------------------------
|             INITIALIZING CANDIDATE TREE SET                      |
--------------------------------------------------------------------
Generating 98 parsimony trees... 0.280 second
Computing log-likelihood of 98 initial trees ... 0.238 seconds
Current best score: -89401.463

Do NNI search on 20 best initial trees
Estimate model parameters (epsilon = 0.100)
BETTER TREE FOUND at iteration 1: -89373.415
Estimate model parameters (epsilon = 0.100)
BETTER TREE FOUND at iteration 2: -89288.007
Iteration 10 / LogL: -89370.869 / Time: 0h:0m:17s
Iteration 20 / LogL: -89374.526 / Time: 0h:0m:17s
Finish initializing candidate tree set (12)
Current best tree score: -89288.007 / CPU time: 1.090
Number of iterations: 20
--------------------------------------------------------------------
|               OPTIMIZING CANDIDATE TREE SET                      |
--------------------------------------------------------------------
Estimate model parameters (epsilon = 0.100)
BETTER TREE FOUND at iteration 23: -89284.879
Iteration 30 / LogL: -89382.094 / Time: 0h:0m:18s (0h:0m:58s left)
Iteration 40 / LogL: -89284.955 / Time: 0h:0m:18s (0h:0m:39s left)
Iteration 50 / LogL: -89286.917 / Time: 0h:0m:19s (0h:0m:28s left)
Iteration 60 / LogL: -89285.235 / Time: 0h:0m:19s (0h:0m:20s left)
Iteration 70 / LogL: -89284.931 / Time: 0h:0m:19s (0h:0m:15s left)
Iteration 80 / LogL: -89284.966 / Time: 0h:0m:20s (0h:0m:11s left)
Iteration 90 / LogL: -89285.466 / Time: 0h:0m:20s (0h:0m:7s left)
Iteration 100 / LogL: -89290.734 / Time: 0h:0m:21s (0h:0m:4s left)
Iteration 110 / LogL: -89287.011 / Time: 0h:0m:21s (0h:0m:2s left)
Iteration 120 / LogL: -89285.765 / Time: 0h:0m:22s (0h:0m:0s left)
TREE SEARCH COMPLETED AFTER 124 ITERATIONS / Time: 0h:0m:22s

--------------------------------------------------------------------
|                    FINALIZING TREE SEARCH                        |
--------------------------------------------------------------------
Performs final model parameters optimization
Estimate model parameters (epsilon = 0.010)
1. Initial log-likelihood: -89284.879
Optimal log-likelihood: -89284.878
Rate parameters:  A-C: 1.00000  A-G: 1.00000  A-T: 1.00000  C-G: 1.00000  C-T: 1.00000  G-T: 1.00000
Base frequencies:  A: 0.250  C: 0.250  G: 0.250  T: 0.250
Parameters optimization took 1 rounds (0.003 sec)
BEST SCORE FOUND : -89284.878
Total tree length: 16.991

Total number of iterations: 124
CPU time used for tree search: 5.421 sec (0h:0m:5s)
Wall-clock time used for tree search: 5.445 sec (0h:0m:5s)
Total CPU time used: 23.578 sec (0h:0m:23s)
Total wall-clock time used: 22.228 sec (0h:0m:22s)

Analysis results written to: 
  IQ-TREE report:                exp_baseline/m200_sel500_rep4/iqtree_out.iqtree
  Maximum-likelihood tree:       exp_baseline/m200_sel500_rep4/iqtree_out.treefile
  Likelihood distances:          exp_baseline/m200_sel500_rep4/iqtree_out.mldist
  Screen log file:               exp_baseline/m200_sel500_rep4/iqtree_out.log

Date and Time: Tue May 12 15:23:02 2026
