IQ-TREE version 3.1.1 for MacOS ARM 64-bit built Apr  8 2026
Developed by Bui Quang Minh, Thomas Wong, Nhan Ly-Trong, Huaiyan Ren
Contributed by Lam-Tung Nguyen, Dominik Schrempf, Chris Bielow,
Olga Chernomor, Michael Woodhams, Diep Thi Hoang, Heiko Schmidt

Host:    Noutbuk-maria.local (SSE4.2, 16 GB RAM)
Command: iqtree -s exp_stable_0.0005/m10_sel2_rep3/neutral.fasta -m JC -nt AUTO -pre exp_stable_0.0005/m10_sel2_rep3/iqtree_out -seed 3342 -redo
Seed:    3342 (Using SPRNG - Scalable Parallel Random Number Generator)
Time:    Sun May 17 01:33:52 2026
Kernel:  SSE2 - auto-detect threads (8 CPU cores detected)

Reading alignment file exp_stable_0.0005/m10_sel2_rep3/neutral.fasta ... Fasta format detected
Reading fasta file: done in 0.00117397 secs using 89.61% CPU
Alignment most likely contains DNA/RNA sequences
Constructing alignment: done in 0.00111103 secs using 57.87% CPU
Alignment has 50 sequences with 3000 columns, 72 distinct patterns
11 parsimony-informative, 66 singleton sites, 2923 constant sites
          Gap/Ambiguity  Composition  p-value
Analyzing sequences: done in 3.79086e-05 secs using 50.12% CPU
   1  taxon_1     0.00%    passed     99.35%
   2  taxon_2     0.00%    passed     99.80%
   3  taxon_3     0.00%    passed     99.80%
   4  taxon_4     0.00%    passed     99.80%
   5  taxon_5     0.00%    passed     99.99%
   6  taxon_6     0.00%    passed    100.00%
   7  taxon_7     0.00%    passed     99.99%
   8  taxon_8     0.00%    passed    100.00%
   9  taxon_9     0.00%    passed     99.99%
  10  taxon_10    0.00%    passed    100.00%
  11  taxon_11    0.00%    passed    100.00%
  12  taxon_12    0.00%    passed    100.00%
  13  taxon_13    0.00%    passed    100.00%
  14  taxon_14    0.00%    passed    100.00%
  15  taxon_15    0.00%    passed     99.98%
  16  taxon_16    0.00%    passed     99.99%
  17  taxon_17    0.00%    passed    100.00%
  18  taxon_18    0.00%    passed    100.00%
  19  taxon_19    0.00%    passed    100.00%
  20  taxon_20    0.00%    passed    100.00%
  21  taxon_21    0.00%    passed     99.99%
  22  taxon_22    0.00%    passed    100.00%
  23  taxon_23    0.00%    passed     99.96%
  24  taxon_24    0.00%    passed     99.98%
  25  taxon_25    0.00%    passed     99.99%
  26  taxon_26    0.00%    passed    100.00%
  27  taxon_27    0.00%    passed    100.00%
  28  taxon_28    0.00%    passed    100.00%
  29  taxon_29    0.00%    passed    100.00%
  30  taxon_30    0.00%    passed    100.00%
  31  taxon_31    0.00%    passed     99.98%
  32  taxon_32    0.00%    passed     99.98%
  33  taxon_33    0.00%    passed    100.00%
  34  taxon_34    0.00%    passed     99.98%
  35  taxon_35    0.00%    passed     99.98%
  36  taxon_36    0.00%    passed     99.96%
  37  taxon_37    0.00%    passed     99.94%
  38  taxon_38    0.00%    passed     99.98%
  39  taxon_39    0.00%    passed     99.99%
  40  taxon_40    0.00%    passed     99.97%
  41  taxon_41    0.00%    passed     99.99%
  42  taxon_42    0.00%    passed     99.99%
  43  taxon_43    0.00%    passed     99.99%
  44  taxon_44    0.00%    passed     99.99%
  45  taxon_45    0.00%    passed     99.94%
  46  taxon_46    0.00%    passed    100.00%
  47  taxon_47    0.00%    passed    100.00%
  48  taxon_48    0.00%    passed     99.94%
  49  taxon_49    0.00%    passed    100.00%
  50  taxon_50    0.00%    passed     99.99%
****  TOTAL       0.00%  0 sequences failed composition chi2 test (p-value<5%; df=3)
NOTE: taxon_3 is identical to taxon_2 but kept for subsequent analysis
NOTE: taxon_8 is identical to taxon_6 but kept for subsequent analysis
NOTE: taxon_43 is identical to taxon_42 but kept for subsequent analysis
Checking for duplicate sequences: done in 7.00951e-05 secs using 52.79% CPU
Identifying sites to remove: done in 0.00062108 secs using 99.02% CPU
NOTE: 11 identical sequences (see below) will be ignored for subsequent analysis
NOTE: taxon_4 (identical to taxon_2) is ignored but added at the end
NOTE: taxon_10 (identical to taxon_6) is ignored but added at the end
NOTE: taxon_11 (identical to taxon_6) is ignored but added at the end
NOTE: taxon_12 (identical to taxon_6) is ignored but added at the end
NOTE: taxon_14 (identical to taxon_6) is ignored but added at the end
NOTE: taxon_17 (identical to taxon_6) is ignored but added at the end
NOTE: taxon_19 (identical to taxon_6) is ignored but added at the end
NOTE: taxon_20 (identical to taxon_6) is ignored but added at the end
NOTE: taxon_26 (identical to taxon_6) is ignored but added at the end
NOTE: taxon_46 (identical to taxon_6) is ignored but added at the end
NOTE: taxon_47 (identical to taxon_6) is ignored but added at the end
Alignment was printed to exp_stable_0.0005/m10_sel2_rep3/iqtree_out.uniqueseq.phy

For your convenience alignment with unique sequences printed to exp_stable_0.0005/m10_sel2_rep3/iqtree_out.uniqueseq.phy

Create initial parsimony tree by phylogenetic likelihood library (PLL)... 0.001 seconds

NOTE: 0 MB RAM (0 GB) is required!
Measuring multi-threading efficiency up to 8 CPU cores
Increase to 10 rounds for branch lengths
23539 trees examined
Threads: 1 / Time: 8.000 sec / Speedup: 1.000 / Efficiency: 100% / LogL: -5041
Threads: 2 / Time: 20.813 sec / Speedup: 0.384 / Efficiency: 19% / LogL: -5041
Determining AUTO threadcount: done in 28.8135 secs using 73.14% CPU
BEST NUMBER OF THREADS: 1

Estimate model parameters (epsilon = 0.100)
1. Initial log-likelihood: -4880.625
Optimal log-likelihood: -4880.625
Rate parameters:  A-C: 1.00000  A-G: 1.00000  A-T: 1.00000  C-G: 1.00000  C-T: 1.00000  G-T: 1.00000
Base frequencies:  A: 0.250  C: 0.250  G: 0.250  T: 0.250
Parameters optimization took 1 rounds (0.000 sec)
Wrote distance file to... 
Computing ML distances based on estimated model parameters...
Calculating distance matrix: done in 0.0018189 secs using 64.54% CPU
Computing ML distances took 0.001845 sec (of wall-clock time) 0.001191 sec (of CPU time)
Setting up auxiliary I and S matrices: done in 3.19481e-05 secs using 71.99% CPU
Constructing RapidNJ tree: done in 8.10623e-05 secs using 165.3% CPU
Computing RapidNJ tree took 0.000135 sec (of wall-clock time) 0.000173 sec (of CPU time)
Log-likelihood of RapidNJ tree: -4879.663
--------------------------------------------------------------------
|             INITIALIZING CANDIDATE TREE SET                      |
--------------------------------------------------------------------
Generating 98 parsimony trees... 0.036 second
Computing log-likelihood of 98 initial trees ... 0.020 seconds
Current best score: -4877.615

Do NNI search on 20 best initial trees
Estimate model parameters (epsilon = 0.100)
BETTER TREE FOUND at iteration 1: -4877.615
BETTER TREE FOUND at iteration 3: -4877.615
BETTER TREE FOUND at iteration 4: -4877.615
Iteration 10 / LogL: -4877.615 / Time: 0h:0m:28s
BETTER TREE FOUND at iteration 20: -4877.613
Iteration 20 / LogL: -4877.613 / Time: 0h:0m:28s
Finish initializing candidate tree set (20)
Current best tree score: -4877.613 / CPU time: 0.074
Number of iterations: 20
--------------------------------------------------------------------
|               OPTIMIZING CANDIDATE TREE SET                      |
--------------------------------------------------------------------
Iteration 30 / LogL: -4877.627 / Time: 0h:0m:28s (0h:1m:29s left)
Iteration 40 / LogL: -4882.430 / Time: 0h:0m:28s (0h:0m:59s left)
Iteration 50 / LogL: -4877.617 / Time: 0h:0m:28s (0h:0m:41s left)
Iteration 60 / LogL: -4935.358 / Time: 0h:0m:28s (0h:0m:29s left)
Iteration 70 / LogL: -4877.613 / Time: 0h:0m:28s (0h:0m:20s left)
Iteration 80 / LogL: -4882.428 / Time: 0h:0m:28s (0h:0m:14s left)
BETTER TREE FOUND at iteration 84: -4877.613
Iteration 90 / LogL: -4877.613 / Time: 0h:0m:29s (0h:0m:30s left)
Iteration 100 / LogL: -4877.613 / Time: 0h:0m:29s (0h:0m:24s left)
Iteration 110 / LogL: -4877.615 / Time: 0h:0m:29s (0h:0m:19s left)
Iteration 120 / LogL: -4877.617 / Time: 0h:0m:29s (0h:0m:15s left)
Iteration 130 / LogL: -4877.613 / Time: 0h:0m:29s (0h:0m:12s left)
Iteration 140 / LogL: -4877.620 / Time: 0h:0m:29s (0h:0m:9s left)
Iteration 150 / LogL: -4886.339 / Time: 0h:0m:29s (0h:0m:6s left)
Iteration 160 / LogL: -4877.615 / Time: 0h:0m:29s (0h:0m:4s left)
Iteration 170 / LogL: -4877.621 / Time: 0h:0m:29s (0h:0m:2s left)
Iteration 180 / LogL: -4877.613 / Time: 0h:0m:29s (0h:0m:0s left)
TREE SEARCH COMPLETED AFTER 185 ITERATIONS / Time: 0h:0m:29s

--------------------------------------------------------------------
|                    FINALIZING TREE SEARCH                        |
--------------------------------------------------------------------
Performs final model parameters optimization
Estimate model parameters (epsilon = 0.010)
1. Initial log-likelihood: -4877.613
Optimal log-likelihood: -4877.613
Rate parameters:  A-C: 1.00000  A-G: 1.00000  A-T: 1.00000  C-G: 1.00000  C-T: 1.00000  G-T: 1.00000
Base frequencies:  A: 0.250  C: 0.250  G: 0.250  T: 0.250
Parameters optimization took 1 rounds (0.000 sec)
BEST SCORE FOUND : -4877.613
Total tree length: 0.026

Total number of iterations: 185
CPU time used for tree search: 0.330 sec (0h:0m:0s)
Wall-clock time used for tree search: 0.332 sec (0h:0m:0s)
Total CPU time used: 21.411 sec (0h:0m:21s)
Total wall-clock time used: 29.157 sec (0h:0m:29s)

Analysis results written to: 
  IQ-TREE report:                exp_stable_0.0005/m10_sel2_rep3/iqtree_out.iqtree
  Maximum-likelihood tree:       exp_stable_0.0005/m10_sel2_rep3/iqtree_out.treefile
  Likelihood distances:          exp_stable_0.0005/m10_sel2_rep3/iqtree_out.mldist
  Screen log file:               exp_stable_0.0005/m10_sel2_rep3/iqtree_out.log

Date and Time: Sun May 17 01:34:21 2026
