IQ-TREE version 3.1.1 for MacOS ARM 64-bit built Apr  8 2026
Developed by Bui Quang Minh, Thomas Wong, Nhan Ly-Trong, Huaiyan Ren
Contributed by Lam-Tung Nguyen, Dominik Schrempf, Chris Bielow,
Olga Chernomor, Michael Woodhams, Diep Thi Hoang, Heiko Schmidt

Host:    Noutbuk-maria.local (SSE4.2, 16 GB RAM)
Command: iqtree -s exp_baseline/m5_sel1000_rep1/combined.fasta -m JC -nt AUTO -pre exp_baseline/m5_sel1000_rep1/iqtree_out -seed 1000642 -redo
Seed:    1000642 (Using SPRNG - Scalable Parallel Random Number Generator)
Time:    Tue May 12 14:22:47 2026
Kernel:  SSE2 - auto-detect threads (8 CPU cores detected)

Reading alignment file exp_baseline/m5_sel1000_rep1/combined.fasta ... Fasta format detected
Reading fasta file: done in 0.000694036 secs using 91.21% CPU
Alignment most likely contains DNA/RNA sequences
Constructing alignment: done in 0.00128603 secs using 54.66% CPU
Alignment has 30 sequences with 3000 columns, 2016 distinct patterns
2826 parsimony-informative, 0 singleton sites, 174 constant sites
          Gap/Ambiguity  Composition  p-value
Analyzing sequences: done in 5.79357e-05 secs using 226.1% CPU
   1  taxon_1     0.00%    passed     77.71%
   2  taxon_2     0.00%    passed     86.86%
   3  taxon_3     0.00%    passed     57.61%
   4  taxon_4     0.00%    passed     68.98%
   5  taxon_5     0.00%    passed     79.18%
   6  taxon_6     0.00%    failed      3.53%
   7  taxon_7     0.00%    passed     37.51%
   8  taxon_8     0.00%    passed     68.17%
   9  taxon_9     0.00%    passed     18.10%
  10  taxon_10    0.00%    passed     43.56%
  11  taxon_11    0.00%    passed     46.70%
  12  taxon_12    0.00%    passed     99.46%
  13  taxon_13    0.00%    passed     19.60%
  14  taxon_14    0.00%    passed     57.89%
  15  taxon_15    0.00%    passed     17.93%
  16  taxon_16    0.00%    passed     50.11%
  17  taxon_17    0.00%    passed     59.43%
  18  taxon_18    0.00%    passed     36.18%
  19  taxon_19    0.00%    passed     31.91%
  20  taxon_20    0.00%    passed     61.90%
  21  taxon_21    0.00%    passed     60.37%
  22  taxon_22    0.00%    failed      4.31%
  23  taxon_23    0.00%    passed     25.41%
  24  taxon_24    0.00%    passed     23.75%
  25  taxon_25    0.00%    passed     17.81%
  26  taxon_26    0.00%    passed     11.59%
  27  taxon_27    0.00%    passed     98.85%
  28  taxon_28    0.00%    passed     79.96%
  29  taxon_29    0.00%    passed     82.25%
  30  taxon_30    0.00%    passed     80.03%
****  TOTAL       0.00%  2 sequences failed composition chi2 test (p-value<5%; df=3)
Checking for duplicate sequences: done in 0.000129938 secs using 94.66% CPU

Create initial parsimony tree by phylogenetic likelihood library (PLL)... 0.003 seconds

NOTE: 1 MB RAM (0 GB) is required!
Measuring multi-threading efficiency up to 8 CPU cores
Increase to 10 rounds for branch lengths
407 trees examined
Threads: 1 / Time: 8.010 sec / Speedup: 1.000 / Efficiency: 100% / LogL: -111866
Threads: 2 / Time: 8.793 sec / Speedup: 0.911 / Efficiency: 46% / LogL: -111866
Determining AUTO threadcount: done in 16.8038 secs using 108.8% CPU
BEST NUMBER OF THREADS: 1

Estimate model parameters (epsilon = 0.100)
1. Initial log-likelihood: -99954.563
Optimal log-likelihood: -99469.352
Rate parameters:  A-C: 1.00000  A-G: 1.00000  A-T: 1.00000  C-G: 1.00000  C-T: 1.00000  G-T: 1.00000
Base frequencies:  A: 0.250  C: 0.250  G: 0.250  T: 0.250
Parameters optimization took 1 rounds (0.009 sec)
Wrote distance file to... 
Computing ML distances based on estimated model parameters...
Calculating distance matrix: done in 0.00137806 secs using 99.27% CPU
Computing ML distances took 0.001513 sec (of wall-clock time) 0.001497 sec (of CPU time)
WARNING: Some pairwise ML distances are too long (saturated)
Setting up auxiliary I and S matrices: done in 2.7895e-05 secs using 78.87% CPU
Constructing RapidNJ tree: done in 4.60148e-05 secs using 169.5% CPU
Computing RapidNJ tree took 0.000098 sec (of wall-clock time) 0.000117 sec (of CPU time)
Log-likelihood of RapidNJ tree: -100333.682
--------------------------------------------------------------------
|             INITIALIZING CANDIDATE TREE SET                      |
--------------------------------------------------------------------
Generating 98 parsimony trees... 0.297 second
Computing log-likelihood of 98 initial trees ... 0.234 seconds
Current best score: -99469.352

Do NNI search on 20 best initial trees
Estimate model parameters (epsilon = 0.100)
BETTER TREE FOUND at iteration 1: -99448.494
Iteration 10 / LogL: -99461.225 / Time: 0h:0m:17s
Iteration 20 / LogL: -99461.202 / Time: 0h:0m:17s
Finish initializing candidate tree set (5)
Current best tree score: -99448.494 / CPU time: 1.076
Number of iterations: 20
--------------------------------------------------------------------
|               OPTIMIZING CANDIDATE TREE SET                      |
--------------------------------------------------------------------
Iteration 30 / LogL: -99448.588 / Time: 0h:0m:18s (0h:0m:45s left)
Iteration 40 / LogL: -99448.574 / Time: 0h:0m:18s (0h:0m:29s left)
Iteration 50 / LogL: -99452.123 / Time: 0h:0m:19s (0h:0m:20s left)
Iteration 60 / LogL: -99448.593 / Time: 0h:0m:19s (0h:0m:13s left)
Iteration 70 / LogL: -99449.811 / Time: 0h:0m:20s (0h:0m:9s left)
Iteration 80 / LogL: -99454.116 / Time: 0h:0m:20s (0h:0m:5s left)
Iteration 90 / LogL: -99448.664 / Time: 0h:0m:20s (0h:0m:2s left)
Iteration 100 / LogL: -99452.293 / Time: 0h:0m:21s (0h:0m:0s left)
TREE SEARCH COMPLETED AFTER 102 ITERATIONS / Time: 0h:0m:21s

--------------------------------------------------------------------
|                    FINALIZING TREE SEARCH                        |
--------------------------------------------------------------------
Performs final model parameters optimization
Estimate model parameters (epsilon = 0.010)
1. Initial log-likelihood: -99448.494
Optimal log-likelihood: -99448.494
Rate parameters:  A-C: 1.00000  A-G: 1.00000  A-T: 1.00000  C-G: 1.00000  C-T: 1.00000  G-T: 1.00000
Base frequencies:  A: 0.250  C: 0.250  G: 0.250  T: 0.250
Parameters optimization took 1 rounds (0.003 sec)
BEST SCORE FOUND : -99448.494
Total tree length: 13.459

Total number of iterations: 102
CPU time used for tree search: 4.540 sec (0h:0m:4s)
Wall-clock time used for tree search: 4.565 sec (0h:0m:4s)
Total CPU time used: 22.867 sec (0h:0m:22s)
Total wall-clock time used: 21.415 sec (0h:0m:21s)

Analysis results written to: 
  IQ-TREE report:                exp_baseline/m5_sel1000_rep1/iqtree_out.iqtree
  Maximum-likelihood tree:       exp_baseline/m5_sel1000_rep1/iqtree_out.treefile
  Likelihood distances:          exp_baseline/m5_sel1000_rep1/iqtree_out.mldist
  Screen log file:               exp_baseline/m5_sel1000_rep1/iqtree_out.log

Date and Time: Tue May 12 14:23:09 2026
