IQ-TREE version 3.1.1 for MacOS ARM 64-bit built Apr  8 2026
Developed by Bui Quang Minh, Thomas Wong, Nhan Ly-Trong, Huaiyan Ren
Contributed by Lam-Tung Nguyen, Dominik Schrempf, Chris Bielow,
Olga Chernomor, Michael Woodhams, Diep Thi Hoang, Heiko Schmidt

Host:    Noutbuk-maria.local (SSE4.2, 16 GB RAM)
Command: iqtree -s exp_baseline/m100_sel1000_rep3/combined.fasta -m JC -nt AUTO -pre exp_baseline/m100_sel1000_rep3/iqtree_out -seed 1010342 -redo
Seed:    1010342 (Using SPRNG - Scalable Parallel Random Number Generator)
Time:    Tue May 12 15:12:16 2026
Kernel:  SSE2 - auto-detect threads (8 CPU cores detected)

Reading alignment file exp_baseline/m100_sel1000_rep3/combined.fasta ... Fasta format detected
Reading fasta file: done in 0.000715971 secs using 90.79% CPU
Alignment most likely contains DNA/RNA sequences
Constructing alignment: done in 0.00130796 secs using 54.82% CPU
Alignment has 30 sequences with 3000 columns, 2016 distinct patterns
2993 parsimony-informative, 0 singleton sites, 7 constant sites
          Gap/Ambiguity  Composition  p-value
Analyzing sequences: done in 4.91142e-05 secs using 278.9% CPU
   1  taxon_1     0.00%    passed     42.52%
   2  taxon_2     0.00%    passed     18.43%
   3  taxon_3     0.00%    passed     58.84%
   4  taxon_4     0.00%    passed     31.91%
   5  taxon_5     0.00%    passed     38.96%
   6  taxon_6     0.00%    passed     78.02%
   7  taxon_7     0.00%    passed     42.39%
   8  taxon_8     0.00%    passed     40.35%
   9  taxon_9     0.00%    passed      7.23%
  10  taxon_10    0.00%    passed     40.67%
  11  taxon_11    0.00%    passed     75.47%
  12  taxon_12    0.00%    passed     30.39%
  13  taxon_13    0.00%    passed     96.16%
  14  taxon_14    0.00%    passed     64.22%
  15  taxon_15    0.00%    passed     18.48%
  16  taxon_16    0.00%    passed     51.56%
  17  taxon_17    0.00%    failed      0.10%
  18  taxon_18    0.00%    passed     59.44%
  19  taxon_19    0.00%    passed     11.83%
  20  taxon_20    0.00%    passed     31.86%
  21  taxon_21    0.00%    passed     34.33%
  22  taxon_22    0.00%    passed     22.58%
  23  taxon_23    0.00%    passed     61.76%
  24  taxon_24    0.00%    passed     50.92%
  25  taxon_25    0.00%    passed     60.64%
  26  taxon_26    0.00%    passed     15.51%
  27  taxon_27    0.00%    passed     60.46%
  28  taxon_28    0.00%    passed     67.84%
  29  taxon_29    0.00%    passed     88.34%
  30  taxon_30    0.00%    passed     53.83%
****  TOTAL       0.00%  1 sequences failed composition chi2 test (p-value<5%; df=3)
Checking for duplicate sequences: done in 0.000129938 secs using 90.81% CPU

Create initial parsimony tree by phylogenetic likelihood library (PLL)... 0.002 seconds

NOTE: 1 MB RAM (0 GB) is required!
Measuring multi-threading efficiency up to 8 CPU cores
Increase to 10 rounds for branch lengths
431 trees examined
Threads: 1 / Time: 8.010 sec / Speedup: 1.000 / Efficiency: 100% / LogL: -109786
Threads: 2 / Time: 8.537 sec / Speedup: 0.938 / Efficiency: 47% / LogL: -109786
Determining AUTO threadcount: done in 16.5478 secs using 108.5% CPU
BEST NUMBER OF THREADS: 1

Estimate model parameters (epsilon = 0.100)
1. Initial log-likelihood: -96969.054
Optimal log-likelihood: -96606.263
Rate parameters:  A-C: 1.00000  A-G: 1.00000  A-T: 1.00000  C-G: 1.00000  C-T: 1.00000  G-T: 1.00000
Base frequencies:  A: 0.250  C: 0.250  G: 0.250  T: 0.250
Parameters optimization took 1 rounds (0.024 sec)
Wrote distance file to... 
Computing ML distances based on estimated model parameters...
Calculating distance matrix: done in 0.001297 secs using 99.38% CPU
Computing ML distances took 0.001448 sec (of wall-clock time) 0.001417 sec (of CPU time)
WARNING: Some pairwise ML distances are too long (saturated)
Setting up auxiliary I and S matrices: done in 2.5034e-05 secs using 63.91% CPU
Constructing RapidNJ tree: done in 4.60148e-05 secs using 147.8% CPU
Computing RapidNJ tree took 0.000089 sec (of wall-clock time) 0.000096 sec (of CPU time)
Log-likelihood of RapidNJ tree: -97286.477
--------------------------------------------------------------------
|             INITIALIZING CANDIDATE TREE SET                      |
--------------------------------------------------------------------
Generating 98 parsimony trees... 0.330 second
Computing log-likelihood of 98 initial trees ... 0.233 seconds
Current best score: -96339.279

Do NNI search on 20 best initial trees
Estimate model parameters (epsilon = 0.100)
BETTER TREE FOUND at iteration 1: -96252.317
Estimate model parameters (epsilon = 0.100)
BETTER TREE FOUND at iteration 3: -96241.315
Iteration 10 / LogL: -96619.789 / Time: 0h:0m:17s
Iteration 20 / LogL: -96605.946 / Time: 0h:0m:18s
Finish initializing candidate tree set (16)
Current best tree score: -96241.315 / CPU time: 1.411
Number of iterations: 20
--------------------------------------------------------------------
|               OPTIMIZING CANDIDATE TREE SET                      |
--------------------------------------------------------------------
Iteration 30 / LogL: -96267.013 / Time: 0h:0m:18s (0h:0m:46s left)
Iteration 40 / LogL: -96435.728 / Time: 0h:0m:18s (0h:0m:30s left)
Iteration 50 / LogL: -96256.595 / Time: 0h:0m:19s (0h:0m:20s left)
Iteration 60 / LogL: -96272.652 / Time: 0h:0m:19s (0h:0m:14s left)
Iteration 70 / LogL: -96255.400 / Time: 0h:0m:20s (0h:0m:9s left)
Iteration 80 / LogL: -96252.802 / Time: 0h:0m:20s (0h:0m:6s left)
Iteration 90 / LogL: -96255.619 / Time: 0h:0m:21s (0h:0m:3s left)
Iteration 100 / LogL: -96255.403 / Time: 0h:0m:21s (0h:0m:0s left)
TREE SEARCH COMPLETED AFTER 104 ITERATIONS / Time: 0h:0m:21s

--------------------------------------------------------------------
|                    FINALIZING TREE SEARCH                        |
--------------------------------------------------------------------
Performs final model parameters optimization
Estimate model parameters (epsilon = 0.010)
1. Initial log-likelihood: -96241.315
Optimal log-likelihood: -96241.281
Rate parameters:  A-C: 1.00000  A-G: 1.00000  A-T: 1.00000  C-G: 1.00000  C-T: 1.00000  G-T: 1.00000
Base frequencies:  A: 0.250  C: 0.250  G: 0.250  T: 0.250
Parameters optimization took 1 rounds (0.005 sec)
BEST SCORE FOUND : -96241.281
Total tree length: 12.618

Total number of iterations: 104
CPU time used for tree search: 5.133 sec (0h:0m:5s)
Wall-clock time used for tree search: 5.147 sec (0h:0m:5s)
Total CPU time used: 23.147 sec (0h:0m:23s)
Total wall-clock time used: 21.753 sec (0h:0m:21s)

Analysis results written to: 
  IQ-TREE report:                exp_baseline/m100_sel1000_rep3/iqtree_out.iqtree
  Maximum-likelihood tree:       exp_baseline/m100_sel1000_rep3/iqtree_out.treefile
  Likelihood distances:          exp_baseline/m100_sel1000_rep3/iqtree_out.mldist
  Screen log file:               exp_baseline/m100_sel1000_rep3/iqtree_out.log

Date and Time: Tue May 12 15:12:38 2026
