IQ-TREE version 3.1.1 for MacOS ARM 64-bit built Apr  8 2026
Developed by Bui Quang Minh, Thomas Wong, Nhan Ly-Trong, Huaiyan Ren
Contributed by Lam-Tung Nguyen, Dominik Schrempf, Chris Bielow,
Olga Chernomor, Michael Woodhams, Diep Thi Hoang, Heiko Schmidt

Host:    Noutbuk-maria.local (SSE4.2, 16 GB RAM)
Command: iqtree -s exp_baseline/m100_sel1000_rep4/combined.fasta -m JC -nt AUTO -pre exp_baseline/m100_sel1000_rep4/iqtree_out -seed 1010442 -redo
Seed:    1010442 (Using SPRNG - Scalable Parallel Random Number Generator)
Time:    Tue May 12 15:12:49 2026
Kernel:  SSE2 - auto-detect threads (8 CPU cores detected)

Reading alignment file exp_baseline/m100_sel1000_rep4/combined.fasta ... Fasta format detected
Reading fasta file: done in 0.000706911 secs using 90.68% CPU
Alignment most likely contains DNA/RNA sequences
Constructing alignment: done in 0.00131607 secs using 54.94% CPU
Alignment has 30 sequences with 3000 columns, 2016 distinct patterns
2990 parsimony-informative, 0 singleton sites, 10 constant sites
          Gap/Ambiguity  Composition  p-value
Analyzing sequences: done in 5.38826e-05 secs using 217.1% CPU
   1  taxon_1     0.00%    passed     97.87%
   2  taxon_2     0.00%    passed     77.66%
   3  taxon_3     0.00%    passed     74.22%
   4  taxon_4     0.00%    passed     17.09%
   5  taxon_5     0.00%    passed     27.62%
   6  taxon_6     0.00%    passed     73.42%
   7  taxon_7     0.00%    passed     77.12%
   8  taxon_8     0.00%    passed     79.99%
   9  taxon_9     0.00%    passed     93.40%
  10  taxon_10    0.00%    passed     30.77%
  11  taxon_11    0.00%    passed     28.27%
  12  taxon_12    0.00%    passed     62.73%
  13  taxon_13    0.00%    passed     94.49%
  14  taxon_14    0.00%    passed     16.59%
  15  taxon_15    0.00%    passed     45.60%
  16  taxon_16    0.00%    passed     43.17%
  17  taxon_17    0.00%    passed     96.93%
  18  taxon_18    0.00%    passed     82.73%
  19  taxon_19    0.00%    passed     61.21%
  20  taxon_20    0.00%    passed     13.51%
  21  taxon_21    0.00%    passed     49.28%
  22  taxon_22    0.00%    passed     89.88%
  23  taxon_23    0.00%    passed     58.67%
  24  taxon_24    0.00%    passed     87.92%
  25  taxon_25    0.00%    passed     86.78%
  26  taxon_26    0.00%    passed     86.88%
  27  taxon_27    0.00%    passed     85.25%
  28  taxon_28    0.00%    passed     24.69%
  29  taxon_29    0.00%    passed     94.35%
  30  taxon_30    0.00%    passed     60.38%
****  TOTAL       0.00%  0 sequences failed composition chi2 test (p-value<5%; df=3)
Checking for duplicate sequences: done in 0.000130177 secs using 91.41% CPU

Create initial parsimony tree by phylogenetic likelihood library (PLL)... 0.003 seconds

NOTE: 1 MB RAM (0 GB) is required!
Measuring multi-threading efficiency up to 8 CPU cores
Increase to 10 rounds for branch lengths
421 trees examined
Threads: 1 / Time: 8.010 sec / Speedup: 1.000 / Efficiency: 100% / LogL: -108718
Threads: 2 / Time: 8.474 sec / Speedup: 0.945 / Efficiency: 47% / LogL: -108718
Determining AUTO threadcount: done in 16.4844 secs using 108.4% CPU
BEST NUMBER OF THREADS: 1

Estimate model parameters (epsilon = 0.100)
1. Initial log-likelihood: -96757.329
Optimal log-likelihood: -96158.538
Rate parameters:  A-C: 1.00000  A-G: 1.00000  A-T: 1.00000  C-G: 1.00000  C-T: 1.00000  G-T: 1.00000
Base frequencies:  A: 0.250  C: 0.250  G: 0.250  T: 0.250
Parameters optimization took 1 rounds (0.010 sec)
Wrote distance file to... 
Computing ML distances based on estimated model parameters...
Calculating distance matrix: done in 0.00129914 secs using 99.22% CPU
Computing ML distances took 0.001439 sec (of wall-clock time) 0.001418 sec (of CPU time)
WARNING: Some pairwise ML distances are too long (saturated)
Setting up auxiliary I and S matrices: done in 2.28882e-05 secs using 74.27% CPU
Constructing RapidNJ tree: done in 4.69685e-05 secs using 159.7% CPU
Computing RapidNJ tree took 0.000095 sec (of wall-clock time) 0.000107 sec (of CPU time)
Log-likelihood of RapidNJ tree: -97454.845
--------------------------------------------------------------------
|             INITIALIZING CANDIDATE TREE SET                      |
--------------------------------------------------------------------
Generating 98 parsimony trees... 0.334 second
Computing log-likelihood of 98 initial trees ... 0.240 seconds
Current best score: -96158.538

Do NNI search on 20 best initial trees
Estimate model parameters (epsilon = 0.100)
BETTER TREE FOUND at iteration 1: -96153.961
Iteration 10 / LogL: -96417.121 / Time: 0h:0m:17s
Iteration 20 / LogL: -96448.236 / Time: 0h:0m:17s
Finish initializing candidate tree set (8)
Current best tree score: -96153.961 / CPU time: 1.197
Number of iterations: 20
--------------------------------------------------------------------
|               OPTIMIZING CANDIDATE TREE SET                      |
--------------------------------------------------------------------
Estimate model parameters (epsilon = 0.100)
BETTER TREE FOUND at iteration 26: -96149.960
Iteration 30 / LogL: -96152.114 / Time: 0h:0m:18s (0h:1m:0s left)
Iteration 40 / LogL: -96977.673 / Time: 0h:0m:18s (0h:0m:41s left)
Iteration 50 / LogL: -96156.780 / Time: 0h:0m:19s (0h:0m:29s left)
Iteration 60 / LogL: -96160.259 / Time: 0h:0m:19s (0h:0m:22s left)
Iteration 70 / LogL: -96410.474 / Time: 0h:0m:20s (0h:0m:16s left)
Iteration 80 / LogL: -96156.783 / Time: 0h:0m:20s (0h:0m:11s left)
Iteration 90 / LogL: -96870.444 / Time: 0h:0m:21s (0h:0m:8s left)
Iteration 100 / LogL: -96156.736 / Time: 0h:0m:21s (0h:0m:5s left)
Iteration 110 / LogL: -96882.064 / Time: 0h:0m:22s (0h:0m:3s left)
Iteration 120 / LogL: -96410.140 / Time: 0h:0m:22s (0h:0m:1s left)
TREE SEARCH COMPLETED AFTER 127 ITERATIONS / Time: 0h:0m:22s

--------------------------------------------------------------------
|                    FINALIZING TREE SEARCH                        |
--------------------------------------------------------------------
Performs final model parameters optimization
Estimate model parameters (epsilon = 0.010)
1. Initial log-likelihood: -96149.960
Optimal log-likelihood: -96149.959
Rate parameters:  A-C: 1.00000  A-G: 1.00000  A-T: 1.00000  C-G: 1.00000  C-T: 1.00000  G-T: 1.00000
Base frequencies:  A: 0.250  C: 0.250  G: 0.250  T: 0.250
Parameters optimization took 1 rounds (0.003 sec)
BEST SCORE FOUND : -96149.959
Total tree length: 12.629

Total number of iterations: 127
CPU time used for tree search: 6.346 sec (0h:0m:6s)
Wall-clock time used for tree search: 6.364 sec (0h:0m:6s)
Total CPU time used: 24.260 sec (0h:0m:24s)
Total wall-clock time used: 22.889 sec (0h:0m:22s)

Analysis results written to: 
  IQ-TREE report:                exp_baseline/m100_sel1000_rep4/iqtree_out.iqtree
  Maximum-likelihood tree:       exp_baseline/m100_sel1000_rep4/iqtree_out.treefile
  Likelihood distances:          exp_baseline/m100_sel1000_rep4/iqtree_out.mldist
  Screen log file:               exp_baseline/m100_sel1000_rep4/iqtree_out.log

Date and Time: Tue May 12 15:13:12 2026
