IQ-TREE version 3.1.1 for MacOS ARM 64-bit built Apr  8 2026
Developed by Bui Quang Minh, Thomas Wong, Nhan Ly-Trong, Huaiyan Ren
Contributed by Lam-Tung Nguyen, Dominik Schrempf, Chris Bielow,
Olga Chernomor, Michael Woodhams, Diep Thi Hoang, Heiko Schmidt

Host:    Noutbuk-maria.local (SSE4.2, 16 GB RAM)
Command: iqtree -s exp_baseline/m2_sel500_rep1/combined.fasta -m JC -nt AUTO -pre exp_baseline/m2_sel500_rep1/iqtree_out -seed 500342 -redo
Seed:    500342 (Using SPRNG - Scalable Parallel Random Number Generator)
Time:    Tue May 12 14:08:32 2026
Kernel:  SSE2 - auto-detect threads (8 CPU cores detected)

Reading alignment file exp_baseline/m2_sel500_rep1/combined.fasta ... Fasta format detected
Reading fasta file: done in 0.000589132 secs using 91.15% CPU
Alignment most likely contains DNA/RNA sequences
Constructing alignment: done in 0.00111699 secs using 55.86% CPU
Alignment has 30 sequences with 2500 columns, 2016 distinct patterns
2330 parsimony-informative, 0 singleton sites, 170 constant sites
          Gap/Ambiguity  Composition  p-value
Analyzing sequences: done in 5.10216e-05 secs using 229.3% CPU
   1  taxon_1     0.00%    passed     59.98%
   2  taxon_2     0.00%    passed     81.08%
   3  taxon_3     0.00%    passed     38.58%
   4  taxon_4     0.00%    passed     96.93%
   5  taxon_5     0.00%    passed     70.96%
   6  taxon_6     0.00%    passed     35.46%
   7  taxon_7     0.00%    passed     67.88%
   8  taxon_8     0.00%    passed     73.96%
   9  taxon_9     0.00%    passed     60.21%
  10  taxon_10    0.00%    passed     63.43%
  11  taxon_11    0.00%    passed     63.47%
  12  taxon_12    0.00%    passed     54.46%
  13  taxon_13    0.00%    passed     38.05%
  14  taxon_14    0.00%    passed     42.13%
  15  taxon_15    0.00%    passed     54.01%
  16  taxon_16    0.00%    passed     40.81%
  17  taxon_17    0.00%    passed     92.49%
  18  taxon_18    0.00%    passed     54.04%
  19  taxon_19    0.00%    passed     94.27%
  20  taxon_20    0.00%    passed     51.52%
  21  taxon_21    0.00%    passed     86.10%
  22  taxon_22    0.00%    passed     28.76%
  23  taxon_23    0.00%    passed     73.41%
  24  taxon_24    0.00%    passed     27.84%
  25  taxon_25    0.00%    passed     20.80%
  26  taxon_26    0.00%    passed     34.82%
  27  taxon_27    0.00%    passed     71.64%
  28  taxon_28    0.00%    passed     19.63%
  29  taxon_29    0.00%    passed     99.90%
  30  taxon_30    0.00%    passed     76.43%
****  TOTAL       0.00%  0 sequences failed composition chi2 test (p-value<5%; df=3)
Checking for duplicate sequences: done in 0.000132084 secs using 88.58% CPU

Create initial parsimony tree by phylogenetic likelihood library (PLL)... 0.003 seconds

NOTE: 1 MB RAM (0 GB) is required!
Measuring multi-threading efficiency up to 8 CPU cores
Increase to 10 rounds for branch lengths
409 trees examined
Threads: 1 / Time: 8.001 sec / Speedup: 1.000 / Efficiency: 100% / LogL: -96309
Threads: 2 / Time: 8.833 sec / Speedup: 0.906 / Efficiency: 45% / LogL: -96309
Determining AUTO threadcount: done in 16.8334 secs using 108.2% CPU
BEST NUMBER OF THREADS: 1

Estimate model parameters (epsilon = 0.100)
1. Initial log-likelihood: -89727.040
Optimal log-likelihood: -89132.096
Rate parameters:  A-C: 1.00000  A-G: 1.00000  A-T: 1.00000  C-G: 1.00000  C-T: 1.00000  G-T: 1.00000
Base frequencies:  A: 0.250  C: 0.250  G: 0.250  T: 0.250
Parameters optimization took 1 rounds (0.012 sec)
Wrote distance file to... 
Computing ML distances based on estimated model parameters...
Calculating distance matrix: done in 0.00156307 secs using 99.55% CPU
Computing ML distances took 0.001702 sec (of wall-clock time) 0.001684 sec (of CPU time)
Setting up auxiliary I and S matrices: done in 2.59876e-05 secs using 69.26% CPU
Constructing RapidNJ tree: done in 4.79221e-05 secs using 85.56% CPU
Computing RapidNJ tree took 0.000098 sec (of wall-clock time) 0.000068 sec (of CPU time)
Log-likelihood of RapidNJ tree: -89546.486
--------------------------------------------------------------------
|             INITIALIZING CANDIDATE TREE SET                      |
--------------------------------------------------------------------
Generating 98 parsimony trees... 0.297 second
Computing log-likelihood of 98 initial trees ... 0.238 seconds
Current best score: -89132.096

Do NNI search on 20 best initial trees
Estimate model parameters (epsilon = 0.100)
BETTER TREE FOUND at iteration 1: -89095.333
Estimate model parameters (epsilon = 0.100)
BETTER TREE FOUND at iteration 2: -89086.485
Estimate model parameters (epsilon = 0.100)
UPDATE BEST LOG-LIKELIHOOD: -89086.241
Iteration 10 / LogL: -89087.404 / Time: 0h:0m:17s
Iteration 20 / LogL: -89122.365 / Time: 0h:0m:18s
Finish initializing candidate tree set (7)
Current best tree score: -89086.241 / CPU time: 1.339
Number of iterations: 20
--------------------------------------------------------------------
|               OPTIMIZING CANDIDATE TREE SET                      |
--------------------------------------------------------------------
Iteration 30 / LogL: -89087.579 / Time: 0h:0m:18s (0h:0m:46s left)
Iteration 40 / LogL: -89087.449 / Time: 0h:0m:19s (0h:0m:30s left)
Iteration 50 / LogL: -89098.926 / Time: 0h:0m:19s (0h:0m:20s left)
Iteration 60 / LogL: -89092.778 / Time: 0h:0m:20s (0h:0m:14s left)
UPDATE BEST LOG-LIKELIHOOD: -89086.238
Iteration 70 / LogL: -89087.629 / Time: 0h:0m:20s (0h:0m:9s left)
Iteration 80 / LogL: -89105.065 / Time: 0h:0m:21s (0h:0m:5s left)
Iteration 90 / LogL: -89192.290 / Time: 0h:0m:21s (0h:0m:2s left)
Iteration 100 / LogL: -89090.878 / Time: 0h:0m:22s (0h:0m:0s left)
TREE SEARCH COMPLETED AFTER 103 ITERATIONS / Time: 0h:0m:22s

--------------------------------------------------------------------
|                    FINALIZING TREE SEARCH                        |
--------------------------------------------------------------------
Performs final model parameters optimization
Estimate model parameters (epsilon = 0.010)
1. Initial log-likelihood: -89086.238
Optimal log-likelihood: -89086.226
Rate parameters:  A-C: 1.00000  A-G: 1.00000  A-T: 1.00000  C-G: 1.00000  C-T: 1.00000  G-T: 1.00000
Base frequencies:  A: 0.250  C: 0.250  G: 0.250  T: 0.250
Parameters optimization took 1 rounds (0.003 sec)
BEST SCORE FOUND : -89086.226
Total tree length: 16.607

Total number of iterations: 103
CPU time used for tree search: 5.348 sec (0h:0m:5s)
Wall-clock time used for tree search: 5.359 sec (0h:0m:5s)
Total CPU time used: 23.607 sec (0h:0m:23s)
Total wall-clock time used: 22.235 sec (0h:0m:22s)

Analysis results written to: 
  IQ-TREE report:                exp_baseline/m2_sel500_rep1/iqtree_out.iqtree
  Maximum-likelihood tree:       exp_baseline/m2_sel500_rep1/iqtree_out.treefile
  Likelihood distances:          exp_baseline/m2_sel500_rep1/iqtree_out.mldist
  Screen log file:               exp_baseline/m2_sel500_rep1/iqtree_out.log

Date and Time: Tue May 12 14:08:55 2026
