IQ-TREE version 3.1.1 for MacOS ARM 64-bit built Apr  8 2026
Developed by Bui Quang Minh, Thomas Wong, Nhan Ly-Trong, Huaiyan Ren
Contributed by Lam-Tung Nguyen, Dominik Schrempf, Chris Bielow,
Olga Chernomor, Michael Woodhams, Diep Thi Hoang, Heiko Schmidt

Host:    Noutbuk-maria.local (SSE4.2, 16 GB RAM)
Command: iqtree -s exp_stable_0.0001/m10_sel1_rep1/neutral.fasta -m JC -nt AUTO -pre exp_stable_0.0001/m10_sel1_rep1/iqtree_out -seed 2142 -redo
Seed:    2142 (Using SPRNG - Scalable Parallel Random Number Generator)
Time:    Fri May 15 17:17:06 2026
Kernel:  SSE2 - auto-detect threads (8 CPU cores detected)

Reading alignment file exp_stable_0.0001/m10_sel1_rep1/neutral.fasta ... Fasta format detected
Reading fasta file: done in 0.00149179 secs using 88.82% CPU
Alignment most likely contains DNA/RNA sequences
Constructing alignment: done in 0.00136614 secs using 59.58% CPU
Alignment has 50 sequences with 3000 columns, 81 distinct patterns
10 parsimony-informative, 69 singleton sites, 2921 constant sites
          Gap/Ambiguity  Composition  p-value
Analyzing sequences: done in 7.10487e-05 secs using 39.41% CPU
   1  taxon_1     0.00%    passed    100.00%
   2  taxon_2     0.00%    passed     99.99%
   3  taxon_3     0.00%    passed     99.95%
   4  taxon_4     0.00%    passed    100.00%
   5  taxon_5     0.00%    passed     99.99%
   6  taxon_6     0.00%    passed    100.00%
   7  taxon_7     0.00%    passed     99.99%
   8  taxon_8     0.00%    passed     99.92%
   9  taxon_9     0.00%    passed    100.00%
  10  taxon_10    0.00%    passed    100.00%
  11  taxon_11    0.00%    passed    100.00%
  12  taxon_12    0.00%    passed     99.99%
  13  taxon_13    0.00%    passed    100.00%
  14  taxon_14    0.00%    passed    100.00%
  15  taxon_15    0.00%    passed     99.99%
  16  taxon_16    0.00%    passed    100.00%
  17  taxon_17    0.00%    passed    100.00%
  18  taxon_18    0.00%    passed    100.00%
  19  taxon_19    0.00%    passed     99.99%
  20  taxon_20    0.00%    passed     99.99%
  21  taxon_21    0.00%    passed    100.00%
  22  taxon_22    0.00%    passed    100.00%
  23  taxon_23    0.00%    passed     99.99%
  24  taxon_24    0.00%    passed     99.99%
  25  taxon_25    0.00%    passed    100.00%
  26  taxon_26    0.00%    passed    100.00%
  27  taxon_27    0.00%    passed     99.99%
  28  taxon_28    0.00%    passed    100.00%
  29  taxon_29    0.00%    passed     99.99%
  30  taxon_30    0.00%    passed     99.99%
  31  taxon_31    0.00%    passed    100.00%
  32  taxon_32    0.00%    passed    100.00%
  33  taxon_33    0.00%    passed    100.00%
  34  taxon_34    0.00%    passed     99.99%
  35  taxon_35    0.00%    passed    100.00%
  36  taxon_36    0.00%    passed     99.98%
  37  taxon_37    0.00%    passed     99.99%
  38  taxon_38    0.00%    passed    100.00%
  39  taxon_39    0.00%    passed    100.00%
  40  taxon_40    0.00%    passed    100.00%
  41  taxon_41    0.00%    passed     99.99%
  42  taxon_42    0.00%    passed     99.99%
  43  taxon_43    0.00%    passed    100.00%
  44  taxon_44    0.00%    passed    100.00%
  45  taxon_45    0.00%    passed     99.99%
  46  taxon_46    0.00%    passed     99.98%
  47  taxon_47    0.00%    passed    100.00%
  48  taxon_48    0.00%    passed    100.00%
  49  taxon_49    0.00%    passed     99.60%
  50  taxon_50    0.00%    passed     99.99%
****  TOTAL       0.00%  0 sequences failed composition chi2 test (p-value<5%; df=3)
NOTE: taxon_26 is identical to taxon_16 but kept for subsequent analysis
Checking for duplicate sequences: done in 0.000100851 secs using 53.54% CPU
Identifying sites to remove: done in 0.000895977 secs using 98.22% CPU
NOTE: 6 identical sequences (see below) will be ignored for subsequent analysis
NOTE: taxon_28 (identical to taxon_16) is ignored but added at the end
NOTE: taxon_31 (identical to taxon_16) is ignored but added at the end
NOTE: taxon_33 (identical to taxon_16) is ignored but added at the end
NOTE: taxon_40 (identical to taxon_16) is ignored but added at the end
NOTE: taxon_43 (identical to taxon_16) is ignored but added at the end
NOTE: taxon_44 (identical to taxon_16) is ignored but added at the end
Alignment was printed to exp_stable_0.0001/m10_sel1_rep1/iqtree_out.uniqueseq.phy

For your convenience alignment with unique sequences printed to exp_stable_0.0001/m10_sel1_rep1/iqtree_out.uniqueseq.phy

Create initial parsimony tree by phylogenetic likelihood library (PLL)... 0.001 seconds

NOTE: 0 MB RAM (0 GB) is required!
Measuring multi-threading efficiency up to 8 CPU cores
Increase to 10 rounds for branch lengths
7167 trees examined
Threads: 1 / Time: 8.025 sec / Speedup: 1.000 / Efficiency: 100% / LogL: -5111
Threads: 2 / Time: 27.731 sec / Speedup: 0.289 / Efficiency: 14% / LogL: -5111
Determining AUTO threadcount: done in 35.7561 secs using 41.09% CPU
BEST NUMBER OF THREADS: 1

Estimate model parameters (epsilon = 0.100)
1. Initial log-likelihood: -4927.262
Optimal log-likelihood: -4927.262
Rate parameters:  A-C: 1.00000  A-G: 1.00000  A-T: 1.00000  C-G: 1.00000  C-T: 1.00000  G-T: 1.00000
Base frequencies:  A: 0.250  C: 0.250  G: 0.250  T: 0.250
Parameters optimization took 1 rounds (0.000 sec)
Wrote distance file to... 
Computing ML distances based on estimated model parameters...
Calculating distance matrix: done in 0.0158269 secs using 15.04% CPU
Computing ML distances took 0.015912 sec (of wall-clock time) 0.002417 sec (of CPU time)
Setting up auxiliary I and S matrices: done in 0.023376 secs using 0.3679% CPU
Constructing RapidNJ tree: done in 0.000272989 secs using 65.57% CPU
Computing RapidNJ tree took 0.023809 sec (of wall-clock time) 0.000304 sec (of CPU time)
Log-likelihood of RapidNJ tree: -4927.409
--------------------------------------------------------------------
|             INITIALIZING CANDIDATE TREE SET                      |
--------------------------------------------------------------------
Generating 98 parsimony trees... 0.139 second
Computing log-likelihood of 98 initial trees ... 0.048 seconds
Current best score: -4927.262

Do NNI search on 20 best initial trees
Estimate model parameters (epsilon = 0.100)
BETTER TREE FOUND at iteration 1: -4927.262
BETTER TREE FOUND at iteration 2: -4927.262
BETTER TREE FOUND at iteration 3: -4927.262
BETTER TREE FOUND at iteration 4: -4927.262
Iteration 10 / LogL: -4927.262 / Time: 0h:0m:36s
Iteration 20 / LogL: -4927.262 / Time: 0h:0m:36s
Finish initializing candidate tree set (20)
Current best tree score: -4927.262 / CPU time: 0.291
Number of iterations: 20
--------------------------------------------------------------------
|               OPTIMIZING CANDIDATE TREE SET                      |
--------------------------------------------------------------------
Iteration 30 / LogL: -4927.282 / Time: 0h:0m:36s (0h:1m:32s left)
Iteration 40 / LogL: -4932.106 / Time: 0h:0m:36s (0h:0m:59s left)
Iteration 50 / LogL: -4968.659 / Time: 0h:0m:36s (0h:0m:40s left)
BETTER TREE FOUND at iteration 51: -4927.262
Iteration 60 / LogL: -4927.276 / Time: 0h:0m:36s (0h:0m:56s left)
Iteration 70 / LogL: -4927.262 / Time: 0h:0m:36s (0h:0m:42s left)
Iteration 80 / LogL: -4954.855 / Time: 0h:0m:36s (0h:0m:32s left)
Iteration 90 / LogL: -4927.266 / Time: 0h:0m:36s (0h:0m:25s left)
Iteration 100 / LogL: -4927.276 / Time: 0h:0m:36s (0h:0m:18s left)
Iteration 110 / LogL: -4927.276 / Time: 0h:0m:36s (0h:0m:13s left)
Iteration 120 / LogL: -4927.295 / Time: 0h:0m:36s (0h:0m:9s left)
BETTER TREE FOUND at iteration 126: -4927.262
Iteration 130 / LogL: -4927.273 / Time: 0h:0m:36s (0h:0m:27s left)
Iteration 140 / LogL: -4932.087 / Time: 0h:0m:36s (0h:0m:22s left)
Iteration 150 / LogL: -4927.273 / Time: 0h:0m:36s (0h:0m:18s left)
Iteration 160 / LogL: -4927.279 / Time: 0h:0m:36s (0h:0m:15s left)
Iteration 170 / LogL: -4927.277 / Time: 0h:0m:37s (0h:0m:12s left)
Iteration 180 / LogL: -4927.279 / Time: 0h:0m:37s (0h:0m:9s left)
Iteration 190 / LogL: -4927.273 / Time: 0h:0m:37s (0h:0m:7s left)
Iteration 200 / LogL: -4932.094 / Time: 0h:0m:37s (0h:0m:4s left)
Iteration 210 / LogL: -4940.795 / Time: 0h:0m:37s (0h:0m:2s left)
Iteration 220 / LogL: -4927.265 / Time: 0h:0m:37s (0h:0m:1s left)
TREE SEARCH COMPLETED AFTER 227 ITERATIONS / Time: 0h:0m:37s

--------------------------------------------------------------------
|                    FINALIZING TREE SEARCH                        |
--------------------------------------------------------------------
Performs final model parameters optimization
Estimate model parameters (epsilon = 0.010)
1. Initial log-likelihood: -4927.262
Optimal log-likelihood: -4927.262
Rate parameters:  A-C: 1.00000  A-G: 1.00000  A-T: 1.00000  C-G: 1.00000  C-T: 1.00000  G-T: 1.00000
Base frequencies:  A: 0.250  C: 0.250  G: 0.250  T: 0.250
Parameters optimization took 1 rounds (0.001 sec)
BEST SCORE FOUND : -4927.262
Total tree length: 0.027

Total number of iterations: 227
CPU time used for tree search: 0.986 sec (0h:0m:0s)
Wall-clock time used for tree search: 1.643 sec (0h:0m:1s)
Total CPU time used: 15.690 sec (0h:0m:15s)
Total wall-clock time used: 37.472 sec (0h:0m:37s)

Analysis results written to: 
  IQ-TREE report:                exp_stable_0.0001/m10_sel1_rep1/iqtree_out.iqtree
  Maximum-likelihood tree:       exp_stable_0.0001/m10_sel1_rep1/iqtree_out.treefile
  Likelihood distances:          exp_stable_0.0001/m10_sel1_rep1/iqtree_out.mldist
  Screen log file:               exp_stable_0.0001/m10_sel1_rep1/iqtree_out.log

Date and Time: Fri May 15 17:17:44 2026
