IQ-TREE version 3.1.1 for MacOS ARM 64-bit built Apr  8 2026
Developed by Bui Quang Minh, Thomas Wong, Nhan Ly-Trong, Huaiyan Ren
Contributed by Lam-Tung Nguyen, Dominik Schrempf, Chris Bielow,
Olga Chernomor, Michael Woodhams, Diep Thi Hoang, Heiko Schmidt

Host:    Noutbuk-maria.local (SSE4.2, 16 GB RAM)
Command: iqtree -s exp_baseline/m200_sel0_rep2/combined.fasta -m JC -nt AUTO -pre exp_baseline/m200_sel0_rep2/iqtree_out -seed 20242 -redo
Seed:    20242 (Using SPRNG - Scalable Parallel Random Number Generator)
Time:    Tue May 12 15:14:12 2026
Kernel:  SSE2 - auto-detect threads (8 CPU cores detected)

Reading alignment file exp_baseline/m200_sel0_rep2/combined.fasta ... Fasta format detected
Reading fasta file: done in 0.000476122 secs using 90.73% CPU
NOTE: Change sequence name 'taxon 1' -> taxon_1
NOTE: Change sequence name 'taxon 2' -> taxon_2
NOTE: Change sequence name 'taxon 3' -> taxon_3
NOTE: Change sequence name 'taxon 4' -> taxon_4
NOTE: Change sequence name 'taxon 5' -> taxon_5
NOTE: Change sequence name 'taxon 6' -> taxon_6
NOTE: Change sequence name 'taxon 7' -> taxon_7
NOTE: Change sequence name 'taxon 8' -> taxon_8
NOTE: Change sequence name 'taxon 9' -> taxon_9
NOTE: Change sequence name 'taxon 10' -> taxon_10
NOTE: Change sequence name 'taxon 11' -> taxon_11
NOTE: Change sequence name 'taxon 12' -> taxon_12
NOTE: Change sequence name 'taxon 13' -> taxon_13
NOTE: Change sequence name 'taxon 14' -> taxon_14
NOTE: Change sequence name 'taxon 15' -> taxon_15
NOTE: Change sequence name 'taxon 16' -> taxon_16
NOTE: Change sequence name 'taxon 17' -> taxon_17
NOTE: Change sequence name 'taxon 18' -> taxon_18
NOTE: Change sequence name 'taxon 19' -> taxon_19
NOTE: Change sequence name 'taxon 20' -> taxon_20
NOTE: Change sequence name 'taxon 21' -> taxon_21
NOTE: Change sequence name 'taxon 22' -> taxon_22
NOTE: Change sequence name 'taxon 23' -> taxon_23
NOTE: Change sequence name 'taxon 24' -> taxon_24
NOTE: Change sequence name 'taxon 25' -> taxon_25
NOTE: Change sequence name 'taxon 26' -> taxon_26
NOTE: Change sequence name 'taxon 27' -> taxon_27
NOTE: Change sequence name 'taxon 28' -> taxon_28
NOTE: Change sequence name 'taxon 29' -> taxon_29
NOTE: Change sequence name 'taxon 30' -> taxon_30
Alignment most likely contains DNA/RNA sequences
Constructing alignment: done in 0.000917912 secs using 58.07% CPU
Alignment has 30 sequences with 2000 columns, 2000 distinct patterns
2000 parsimony-informative, 0 singleton sites, 0 constant sites
          Gap/Ambiguity  Composition  p-value
Analyzing sequences: done in 4.88758e-05 secs using 272.1% CPU
   1  taxon_1     0.00%    passed     23.84%
   2  taxon_2     0.00%    passed     79.74%
   3  taxon_3     0.00%    passed     39.43%
   4  taxon_4     0.00%    passed     45.49%
   5  taxon_5     0.00%    passed     84.03%
   6  taxon_6     0.00%    passed     74.04%
   7  taxon_7     0.00%    failed      2.10%
   8  taxon_8     0.00%    failed      2.04%
   9  taxon_9     0.00%    passed      6.69%
  10  taxon_10    0.00%    passed     53.45%
  11  taxon_11    0.00%    passed     53.14%
  12  taxon_12    0.00%    passed     91.91%
  13  taxon_13    0.00%    passed     51.27%
  14  taxon_14    0.00%    passed     87.89%
  15  taxon_15    0.00%    passed     16.83%
  16  taxon_16    0.00%    passed     45.79%
  17  taxon_17    0.00%    passed     55.80%
  18  taxon_18    0.00%    passed     94.21%
  19  taxon_19    0.00%    passed     84.48%
  20  taxon_20    0.00%    passed     83.23%
  21  taxon_21    0.00%    passed     30.06%
  22  taxon_22    0.00%    passed     48.40%
  23  taxon_23    0.00%    passed     32.47%
  24  taxon_24    0.00%    passed     72.32%
  25  taxon_25    0.00%    passed     63.76%
  26  taxon_26    0.00%    passed     90.66%
  27  taxon_27    0.00%    passed     18.02%
  28  taxon_28    0.00%    passed     41.47%
  29  taxon_29    0.00%    passed     11.65%
  30  taxon_30    0.00%    failed      3.32%
****  TOTAL       0.00%  3 sequences failed composition chi2 test (p-value<5%; df=3)
Checking for duplicate sequences: done in 0.000128984 secs using 92.26% CPU

Create initial parsimony tree by phylogenetic likelihood library (PLL)... 0.003 seconds

NOTE: 1 MB RAM (0 GB) is required!
Measuring multi-threading efficiency up to 8 CPU cores
Increase to 10 rounds for branch lengths
389 trees examined
Threads: 1 / Time: 8.008 sec / Speedup: 1.000 / Efficiency: 100% / LogL: -78179
Threads: 2 / Time: 8.696 sec / Speedup: 0.921 / Efficiency: 46% / LogL: -78179
Determining AUTO threadcount: done in 16.7048 secs using 107.6% CPU
BEST NUMBER OF THREADS: 1

Estimate model parameters (epsilon = 0.100)
1. Initial log-likelihood: -74404.672
Optimal log-likelihood: -73824.934
Rate parameters:  A-C: 1.00000  A-G: 1.00000  A-T: 1.00000  C-G: 1.00000  C-T: 1.00000  G-T: 1.00000
Base frequencies:  A: 0.250  C: 0.250  G: 0.250  T: 0.250
Parameters optimization took 1 rounds (0.019 sec)
Wrote distance file to... 
Computing ML distances based on estimated model parameters...
Calculating distance matrix: done in 0.0013361 secs using 99.32% CPU
Computing ML distances took 0.001480 sec (of wall-clock time) 0.001464 sec (of CPU time)
WARNING: Some pairwise ML distances are too long (saturated)
Setting up auxiliary I and S matrices: done in 2.7895e-05 secs using 75.28% CPU
Constructing RapidNJ tree: done in 5.19753e-05 secs using 167.4% CPU
Computing RapidNJ tree took 0.000102 sec (of wall-clock time) 0.000128 sec (of CPU time)
Log-likelihood of RapidNJ tree: -73849.963
--------------------------------------------------------------------
|             INITIALIZING CANDIDATE TREE SET                      |
--------------------------------------------------------------------
Generating 98 parsimony trees... 0.288 second
Computing log-likelihood of 98 initial trees ... 0.261 seconds
Current best score: -73824.934

Do NNI search on 20 best initial trees
Estimate model parameters (epsilon = 0.100)
BETTER TREE FOUND at iteration 1: -73793.045
Iteration 10 / LogL: -73793.209 / Time: 0h:0m:18s
Estimate model parameters (epsilon = 0.100)
UPDATE BEST LOG-LIKELIHOOD: -73792.978
Iteration 20 / LogL: -73793.189 / Time: 0h:0m:19s
Finish initializing candidate tree set (7)
Current best tree score: -73792.978 / CPU time: 2.618
Number of iterations: 20
--------------------------------------------------------------------
|               OPTIMIZING CANDIDATE TREE SET                      |
--------------------------------------------------------------------
Iteration 30 / LogL: -73793.451 / Time: 0h:0m:20s (0h:0m:50s left)
Iteration 40 / LogL: -73793.102 / Time: 0h:0m:21s (0h:0m:33s left)
Iteration 50 / LogL: -73797.579 / Time: 0h:0m:22s (0h:0m:23s left)
BETTER TREE FOUND at iteration 54: -73792.970
Iteration 60 / LogL: -73793.100 / Time: 0h:0m:23s (0h:0m:37s left)
BETTER TREE FOUND at iteration 67: -73792.970
Iteration 70 / LogL: -73828.242 / Time: 0h:0m:24s (0h:0m:34s left)
Iteration 80 / LogL: -73793.149 / Time: 0h:0m:25s (0h:0m:27s left)
UPDATE BEST LOG-LIKELIHOOD: -73792.969
Iteration 90 / LogL: -73792.994 / Time: 0h:0m:26s (0h:0m:22s left)
Iteration 100 / LogL: -73797.154 / Time: 0h:0m:27s (0h:0m:18s left)
Iteration 110 / LogL: -73793.076 / Time: 0h:0m:28s (0h:0m:14s left)
Iteration 120 / LogL: -73793.243 / Time: 0h:0m:28s (0h:0m:11s left)
Iteration 130 / LogL: -73793.100 / Time: 0h:0m:30s (0h:0m:8s left)
Iteration 140 / LogL: -73805.006 / Time: 0h:0m:31s (0h:0m:6s left)
Iteration 150 / LogL: -73793.049 / Time: 0h:0m:32s (0h:0m:3s left)
Iteration 160 / LogL: -73793.145 / Time: 0h:0m:33s (0h:0m:1s left)
TREE SEARCH COMPLETED AFTER 168 ITERATIONS / Time: 0h:0m:33s

--------------------------------------------------------------------
|                    FINALIZING TREE SEARCH                        |
--------------------------------------------------------------------
Performs final model parameters optimization
Estimate model parameters (epsilon = 0.010)
1. Initial log-likelihood: -73792.969
Optimal log-likelihood: -73792.968
Rate parameters:  A-C: 1.00000  A-G: 1.00000  A-T: 1.00000  C-G: 1.00000  C-T: 1.00000  G-T: 1.00000
Base frequencies:  A: 0.250  C: 0.250  G: 0.250  T: 0.250
Parameters optimization took 1 rounds (0.003 sec)
BEST SCORE FOUND : -73792.968
Total tree length: 24.309

Total number of iterations: 168
CPU time used for tree search: 16.970 sec (0h:0m:16s)
Wall-clock time used for tree search: 17.026 sec (0h:0m:17s)
Total CPU time used: 35.008 sec (0h:0m:35s)
Total wall-clock time used: 33.800 sec (0h:0m:33s)

Analysis results written to: 
  IQ-TREE report:                exp_baseline/m200_sel0_rep2/iqtree_out.iqtree
  Maximum-likelihood tree:       exp_baseline/m200_sel0_rep2/iqtree_out.treefile
  Likelihood distances:          exp_baseline/m200_sel0_rep2/iqtree_out.mldist
  Screen log file:               exp_baseline/m200_sel0_rep2/iqtree_out.log

Date and Time: Tue May 12 15:14:46 2026
