IQ-TREE version 3.1.1 for MacOS ARM 64-bit built Apr  8 2026
Developed by Bui Quang Minh, Thomas Wong, Nhan Ly-Trong, Huaiyan Ren
Contributed by Lam-Tung Nguyen, Dominik Schrempf, Chris Bielow,
Olga Chernomor, Michael Woodhams, Diep Thi Hoang, Heiko Schmidt

Host:    Noutbuk-maria.local (SSE4.2, 16 GB RAM)
Command: iqtree -s exp_baseline/m10_sel200_rep4/combined.fasta -m JC -nt AUTO -pre exp_baseline/m10_sel200_rep4/iqtree_out -seed 201442 -redo
Seed:    201442 (Using SPRNG - Scalable Parallel Random Number Generator)
Time:    Tue May 12 14:31:34 2026
Kernel:  SSE2 - auto-detect threads (8 CPU cores detected)

Reading alignment file exp_baseline/m10_sel200_rep4/combined.fasta ... Fasta format detected
Reading fasta file: done in 0.000520945 secs using 91.37% CPU
Alignment most likely contains DNA/RNA sequences
Constructing alignment: done in 0.00107193 secs using 55.97% CPU
Alignment has 30 sequences with 2200 columns, 2016 distinct patterns
2184 parsimony-informative, 0 singleton sites, 16 constant sites
          Gap/Ambiguity  Composition  p-value
Analyzing sequences: done in 4.60148e-05 secs using 252.1% CPU
   1  taxon_1     0.00%    passed     85.82%
   2  taxon_2     0.00%    passed     48.25%
   3  taxon_3     0.00%    passed     29.20%
   4  taxon_4     0.00%    passed     53.10%
   5  taxon_5     0.00%    passed     53.39%
   6  taxon_6     0.00%    passed     59.20%
   7  taxon_7     0.00%    passed     42.08%
   8  taxon_8     0.00%    failed      4.41%
   9  taxon_9     0.00%    passed      6.51%
  10  taxon_10    0.00%    passed     47.58%
  11  taxon_11    0.00%    passed     52.63%
  12  taxon_12    0.00%    passed     22.67%
  13  taxon_13    0.00%    passed     32.31%
  14  taxon_14    0.00%    passed     17.18%
  15  taxon_15    0.00%    passed     82.17%
  16  taxon_16    0.00%    passed     30.05%
  17  taxon_17    0.00%    passed     44.96%
  18  taxon_18    0.00%    passed     61.81%
  19  taxon_19    0.00%    passed     20.86%
  20  taxon_20    0.00%    passed     32.45%
  21  taxon_21    0.00%    passed     94.14%
  22  taxon_22    0.00%    passed     58.09%
  23  taxon_23    0.00%    passed     99.56%
  24  taxon_24    0.00%    passed     52.40%
  25  taxon_25    0.00%    passed     39.39%
  26  taxon_26    0.00%    passed     88.68%
  27  taxon_27    0.00%    passed     41.05%
  28  taxon_28    0.00%    passed     87.03%
  29  taxon_29    0.00%    passed     27.56%
  30  taxon_30    0.00%    passed     29.55%
****  TOTAL       0.00%  1 sequences failed composition chi2 test (p-value<5%; df=3)
Checking for duplicate sequences: done in 0.000131845 secs using 90.26% CPU

Create initial parsimony tree by phylogenetic likelihood library (PLL)... 0.002 seconds

NOTE: 1 MB RAM (0 GB) is required!
Measuring multi-threading efficiency up to 8 CPU cores
Increase to 10 rounds for branch lengths
383 trees examined
Threads: 1 / Time: 8.009 sec / Speedup: 1.000 / Efficiency: 100% / LogL: -87641
Threads: 2 / Time: 8.823 sec / Speedup: 0.908 / Efficiency: 45% / LogL: -87641
Determining AUTO threadcount: done in 16.8326 secs using 107.6% CPU
BEST NUMBER OF THREADS: 1

Estimate model parameters (epsilon = 0.100)
1. Initial log-likelihood: -81414.830
Optimal log-likelihood: -80970.276
Rate parameters:  A-C: 1.00000  A-G: 1.00000  A-T: 1.00000  C-G: 1.00000  C-T: 1.00000  G-T: 1.00000
Base frequencies:  A: 0.250  C: 0.250  G: 0.250  T: 0.250
Parameters optimization took 1 rounds (0.012 sec)
Wrote distance file to... 
Computing ML distances based on estimated model parameters...
Calculating distance matrix: done in 0.00140715 secs using 99.28% CPU
Computing ML distances took 0.001544 sec (of wall-clock time) 0.001528 sec (of CPU time)
WARNING: Some pairwise ML distances are too long (saturated)
Setting up auxiliary I and S matrices: done in 2.5034e-05 secs using 71.9% CPU
Constructing RapidNJ tree: done in 4.57764e-05 secs using 166% CPU
Computing RapidNJ tree took 0.000092 sec (of wall-clock time) 0.000111 sec (of CPU time)
Log-likelihood of RapidNJ tree: -81845.514
--------------------------------------------------------------------
|             INITIALIZING CANDIDATE TREE SET                      |
--------------------------------------------------------------------
Generating 98 parsimony trees... 0.268 second
Computing log-likelihood of 98 initial trees ... 0.246 seconds
Current best score: -80890.267

Do NNI search on 20 best initial trees
Estimate model parameters (epsilon = 0.100)
BETTER TREE FOUND at iteration 1: -80759.951
Iteration 10 / LogL: -80807.718 / Time: 0h:0m:17s
Estimate model parameters (epsilon = 0.100)
BETTER TREE FOUND at iteration 17: -80758.515
Iteration 20 / LogL: -80857.954 / Time: 0h:0m:18s
Finish initializing candidate tree set (18)
Current best tree score: -80758.515 / CPU time: 1.443
Number of iterations: 20
--------------------------------------------------------------------
|               OPTIMIZING CANDIDATE TREE SET                      |
--------------------------------------------------------------------
Iteration 30 / LogL: -80786.051 / Time: 0h:0m:18s (0h:0m:56s left)
Iteration 40 / LogL: -80759.266 / Time: 0h:0m:19s (0h:0m:38s left)
Iteration 50 / LogL: -80760.154 / Time: 0h:0m:20s (0h:0m:27s left)
Iteration 60 / LogL: -80759.951 / Time: 0h:0m:20s (0h:0m:20s left)
Iteration 70 / LogL: -80776.262 / Time: 0h:0m:21s (0h:0m:14s left)
Iteration 80 / LogL: -80760.055 / Time: 0h:0m:22s (0h:0m:10s left)
Iteration 90 / LogL: -80775.844 / Time: 0h:0m:22s (0h:0m:6s left)
Iteration 100 / LogL: -80758.519 / Time: 0h:0m:23s (0h:0m:4s left)
UPDATE BEST LOG-LIKELIHOOD: -80758.514
Iteration 110 / LogL: -80758.677 / Time: 0h:0m:24s (0h:0m:1s left)
TREE SEARCH COMPLETED AFTER 118 ITERATIONS / Time: 0h:0m:24s

--------------------------------------------------------------------
|                    FINALIZING TREE SEARCH                        |
--------------------------------------------------------------------
Performs final model parameters optimization
Estimate model parameters (epsilon = 0.010)
1. Initial log-likelihood: -80758.514
Optimal log-likelihood: -80758.511
Rate parameters:  A-C: 1.00000  A-G: 1.00000  A-T: 1.00000  C-G: 1.00000  C-T: 1.00000  G-T: 1.00000
Base frequencies:  A: 0.250  C: 0.250  G: 0.250  T: 0.250
Parameters optimization took 1 rounds (0.003 sec)
BEST SCORE FOUND : -80758.511
Total tree length: 19.540

Total number of iterations: 118
CPU time used for tree search: 7.727 sec (0h:0m:7s)
Wall-clock time used for tree search: 7.754 sec (0h:0m:7s)
Total CPU time used: 25.906 sec (0h:0m:25s)
Total wall-clock time used: 24.650 sec (0h:0m:24s)

Analysis results written to: 
  IQ-TREE report:                exp_baseline/m10_sel200_rep4/iqtree_out.iqtree
  Maximum-likelihood tree:       exp_baseline/m10_sel200_rep4/iqtree_out.treefile
  Likelihood distances:          exp_baseline/m10_sel200_rep4/iqtree_out.mldist
  Screen log file:               exp_baseline/m10_sel200_rep4/iqtree_out.log

Date and Time: Tue May 12 14:31:59 2026
