IQ-TREE version 3.1.1 for MacOS ARM 64-bit built Apr  8 2026
Developed by Bui Quang Minh, Thomas Wong, Nhan Ly-Trong, Huaiyan Ren
Contributed by Lam-Tung Nguyen, Dominik Schrempf, Chris Bielow,
Olga Chernomor, Michael Woodhams, Diep Thi Hoang, Heiko Schmidt

Host:    Noutbuk-maria.local (SSE4.2, 16 GB RAM)
Command: iqtree -s exp_baseline/m100_sel200_rep4/combined.fasta -m JC -nt AUTO -pre exp_baseline/m100_sel200_rep4/iqtree_out -seed 210442 -redo
Seed:    210442 (Using SPRNG - Scalable Parallel Random Number Generator)
Time:    Tue May 12 15:08:13 2026
Kernel:  SSE2 - auto-detect threads (8 CPU cores detected)

Reading alignment file exp_baseline/m100_sel200_rep4/combined.fasta ... Fasta format detected
Reading fasta file: done in 0.000518084 secs using 90.91% CPU
Alignment most likely contains DNA/RNA sequences
Constructing alignment: done in 0.00101185 secs using 56.83% CPU
Alignment has 30 sequences with 2200 columns, 2014 distinct patterns
2198 parsimony-informative, 0 singleton sites, 2 constant sites
          Gap/Ambiguity  Composition  p-value
Analyzing sequences: done in 5.29289e-05 secs using 247.5% CPU
   1  taxon_1     0.00%    passed     48.02%
   2  taxon_2     0.00%    passed     75.27%
   3  taxon_3     0.00%    passed     58.72%
   4  taxon_4     0.00%    passed     86.70%
   5  taxon_5     0.00%    passed     26.89%
   6  taxon_6     0.00%    passed     60.31%
   7  taxon_7     0.00%    passed     46.18%
   8  taxon_8     0.00%    passed     74.16%
   9  taxon_9     0.00%    passed     94.90%
  10  taxon_10    0.00%    failed      0.56%
  11  taxon_11    0.00%    passed     22.49%
  12  taxon_12    0.00%    passed     93.68%
  13  taxon_13    0.00%    passed     10.83%
  14  taxon_14    0.00%    passed     76.01%
  15  taxon_15    0.00%    passed     64.09%
  16  taxon_16    0.00%    passed     24.45%
  17  taxon_17    0.00%    passed     11.66%
  18  taxon_18    0.00%    passed     94.86%
  19  taxon_19    0.00%    passed     27.41%
  20  taxon_20    0.00%    failed      4.48%
  21  taxon_21    0.00%    passed     83.63%
  22  taxon_22    0.00%    passed     38.19%
  23  taxon_23    0.00%    passed     58.00%
  24  taxon_24    0.00%    passed     48.90%
  25  taxon_25    0.00%    passed     64.44%
  26  taxon_26    0.00%    passed     12.57%
  27  taxon_27    0.00%    passed     46.77%
  28  taxon_28    0.00%    passed     66.16%
  29  taxon_29    0.00%    passed     62.55%
  30  taxon_30    0.00%    passed     29.92%
****  TOTAL       0.00%  2 sequences failed composition chi2 test (p-value<5%; df=3)
Checking for duplicate sequences: done in 0.000131845 secs using 92.53% CPU

Create initial parsimony tree by phylogenetic likelihood library (PLL)... 0.002 seconds

NOTE: 1 MB RAM (0 GB) is required!
Measuring multi-threading efficiency up to 8 CPU cores
Increase to 10 rounds for branch lengths
383 trees examined
Threads: 1 / Time: 8.013 sec / Speedup: 1.000 / Efficiency: 100% / LogL: -85511
Threads: 2 / Time: 8.800 sec / Speedup: 0.911 / Efficiency: 46% / LogL: -85511
Determining AUTO threadcount: done in 16.8133 secs using 107.5% CPU
BEST NUMBER OF THREADS: 1

Estimate model parameters (epsilon = 0.100)
1. Initial log-likelihood: -81573.010
Optimal log-likelihood: -81146.628
Rate parameters:  A-C: 1.00000  A-G: 1.00000  A-T: 1.00000  C-G: 1.00000  C-T: 1.00000  G-T: 1.00000
Base frequencies:  A: 0.250  C: 0.250  G: 0.250  T: 0.250
Parameters optimization took 1 rounds (0.026 sec)
Wrote distance file to... 
Computing ML distances based on estimated model parameters...
Calculating distance matrix: done in 0.00136495 secs using 99.34% CPU
Computing ML distances took 0.001503 sec (of wall-clock time) 0.001485 sec (of CPU time)
WARNING: Some pairwise ML distances are too long (saturated)
Setting up auxiliary I and S matrices: done in 2.5034e-05 secs using 71.9% CPU
Constructing RapidNJ tree: done in 4.50611e-05 secs using 166.4% CPU
Computing RapidNJ tree took 0.000092 sec (of wall-clock time) 0.000111 sec (of CPU time)
Log-likelihood of RapidNJ tree: -82933.237
--------------------------------------------------------------------
|             INITIALIZING CANDIDATE TREE SET                      |
--------------------------------------------------------------------
Generating 98 parsimony trees... 0.290 second
Computing log-likelihood of 98 initial trees ... 0.247 seconds
Current best score: -80974.651

Do NNI search on 20 best initial trees
Estimate model parameters (epsilon = 0.100)
BETTER TREE FOUND at iteration 1: -80807.211
Iteration 10 / LogL: -81018.926 / Time: 0h:0m:17s
Iteration 20 / LogL: -81116.889 / Time: 0h:0m:18s
Finish initializing candidate tree set (18)
Current best tree score: -80807.211 / CPU time: 1.228
Number of iterations: 20
--------------------------------------------------------------------
|               OPTIMIZING CANDIDATE TREE SET                      |
--------------------------------------------------------------------
Iteration 30 / LogL: -80865.065 / Time: 0h:0m:18s (0h:0m:45s left)
Iteration 40 / LogL: -80912.552 / Time: 0h:0m:19s (0h:0m:30s left)
Iteration 50 / LogL: -80910.835 / Time: 0h:0m:19s (0h:0m:20s left)
Iteration 60 / LogL: -80866.010 / Time: 0h:0m:20s (0h:0m:14s left)
Estimate model parameters (epsilon = 0.100)
UPDATE BEST LOG-LIKELIHOOD: -80807.165
Iteration 70 / LogL: -80865.724 / Time: 0h:0m:20s (0h:0m:9s left)
Iteration 80 / LogL: -80852.991 / Time: 0h:0m:21s (0h:0m:5s left)
Iteration 90 / LogL: -80852.992 / Time: 0h:0m:22s (0h:0m:2s left)
Iteration 100 / LogL: -80865.024 / Time: 0h:0m:22s (0h:0m:0s left)
TREE SEARCH COMPLETED AFTER 102 ITERATIONS / Time: 0h:0m:22s

--------------------------------------------------------------------
|                    FINALIZING TREE SEARCH                        |
--------------------------------------------------------------------
Performs final model parameters optimization
Estimate model parameters (epsilon = 0.010)
1. Initial log-likelihood: -80807.165
Optimal log-likelihood: -80807.164
Rate parameters:  A-C: 1.00000  A-G: 1.00000  A-T: 1.00000  C-G: 1.00000  C-T: 1.00000  G-T: 1.00000
Base frequencies:  A: 0.250  C: 0.250  G: 0.250  T: 0.250
Parameters optimization took 1 rounds (0.003 sec)
BEST SCORE FOUND : -80807.164
Total tree length: 19.708

Total number of iterations: 102
CPU time used for tree search: 5.835 sec (0h:0m:5s)
Wall-clock time used for tree search: 5.852 sec (0h:0m:5s)
Total CPU time used: 23.962 sec (0h:0m:23s)
Total wall-clock time used: 22.723 sec (0h:0m:22s)

Analysis results written to: 
  IQ-TREE report:                exp_baseline/m100_sel200_rep4/iqtree_out.iqtree
  Maximum-likelihood tree:       exp_baseline/m100_sel200_rep4/iqtree_out.treefile
  Likelihood distances:          exp_baseline/m100_sel200_rep4/iqtree_out.mldist
  Screen log file:               exp_baseline/m100_sel200_rep4/iqtree_out.log

Date and Time: Tue May 12 15:08:36 2026
