IQ-TREE version 3.1.1 for MacOS ARM 64-bit built Apr  8 2026
Developed by Bui Quang Minh, Thomas Wong, Nhan Ly-Trong, Huaiyan Ren
Contributed by Lam-Tung Nguyen, Dominik Schrempf, Chris Bielow,
Olga Chernomor, Michael Woodhams, Diep Thi Hoang, Heiko Schmidt

Host:    Noutbuk-maria.local (SSE4.2, 16 GB RAM)
Command: iqtree -s exp_baseline/m20_sel200_rep2/combined.fasta -m JC -nt AUTO -pre exp_baseline/m20_sel200_rep2/iqtree_out -seed 202242 -redo
Seed:    202242 (Using SPRNG - Scalable Parallel Random Number Generator)
Time:    Tue May 12 14:42:55 2026
Kernel:  SSE2 - auto-detect threads (8 CPU cores detected)

Reading alignment file exp_baseline/m20_sel200_rep2/combined.fasta ... Fasta format detected
Reading fasta file: done in 0.000531912 secs using 91.18% CPU
Alignment most likely contains DNA/RNA sequences
Constructing alignment: done in 0.00102592 secs using 56.14% CPU
Alignment has 30 sequences with 2200 columns, 2016 distinct patterns
2191 parsimony-informative, 0 singleton sites, 9 constant sites
          Gap/Ambiguity  Composition  p-value
Analyzing sequences: done in 5.10216e-05 secs using 231.3% CPU
   1  taxon_1     0.00%    passed     33.30%
   2  taxon_2     0.00%    passed      9.31%
   3  taxon_3     0.00%    passed     53.89%
   4  taxon_4     0.00%    passed     41.32%
   5  taxon_5     0.00%    passed     29.23%
   6  taxon_6     0.00%    failed      3.91%
   7  taxon_7     0.00%    passed      9.47%
   8  taxon_8     0.00%    passed     44.85%
   9  taxon_9     0.00%    passed      9.74%
  10  taxon_10    0.00%    passed      9.89%
  11  taxon_11    0.00%    passed     71.14%
  12  taxon_12    0.00%    passed     55.28%
  13  taxon_13    0.00%    passed     64.56%
  14  taxon_14    0.00%    passed     37.87%
  15  taxon_15    0.00%    passed     20.25%
  16  taxon_16    0.00%    passed     57.24%
  17  taxon_17    0.00%    passed     74.06%
  18  taxon_18    0.00%    passed     70.39%
  19  taxon_19    0.00%    passed     60.44%
  20  taxon_20    0.00%    passed      6.49%
  21  taxon_21    0.00%    passed     65.73%
  22  taxon_22    0.00%    passed     36.60%
  23  taxon_23    0.00%    passed     36.31%
  24  taxon_24    0.00%    passed     60.55%
  25  taxon_25    0.00%    passed     88.29%
  26  taxon_26    0.00%    passed     61.77%
  27  taxon_27    0.00%    passed     80.02%
  28  taxon_28    0.00%    passed     99.81%
  29  taxon_29    0.00%    passed     41.65%
  30  taxon_30    0.00%    passed     83.65%
****  TOTAL       0.00%  1 sequences failed composition chi2 test (p-value<5%; df=3)
Checking for duplicate sequences: done in 0.000135183 secs using 90.99% CPU

Create initial parsimony tree by phylogenetic likelihood library (PLL)... 0.003 seconds

NOTE: 1 MB RAM (0 GB) is required!
Measuring multi-threading efficiency up to 8 CPU cores
Increase to 10 rounds for branch lengths
381 trees examined
Threads: 1 / Time: 8.011 sec / Speedup: 1.000 / Efficiency: 100% / LogL: -86681
Threads: 2 / Time: 8.685 sec / Speedup: 0.922 / Efficiency: 46% / LogL: -86681
Determining AUTO threadcount: done in 16.6962 secs using 107.8% CPU
BEST NUMBER OF THREADS: 1

Estimate model parameters (epsilon = 0.100)
1. Initial log-likelihood: -82051.568
Optimal log-likelihood: -81388.076
Rate parameters:  A-C: 1.00000  A-G: 1.00000  A-T: 1.00000  C-G: 1.00000  C-T: 1.00000  G-T: 1.00000
Base frequencies:  A: 0.250  C: 0.250  G: 0.250  T: 0.250
Parameters optimization took 1 rounds (0.018 sec)
Wrote distance file to... 
Computing ML distances based on estimated model parameters...
Calculating distance matrix: done in 0.00141311 secs using 98.58% CPU
Computing ML distances took 0.001551 sec (of wall-clock time) 0.001520 sec (of CPU time)
WARNING: Some pairwise ML distances are too long (saturated)
Setting up auxiliary I and S matrices: done in 2.5034e-05 secs using 71.9% CPU
Constructing RapidNJ tree: done in 4.60148e-05 secs using 165.2% CPU
Computing RapidNJ tree took 0.000093 sec (of wall-clock time) 0.000107 sec (of CPU time)
Log-likelihood of RapidNJ tree: -83706.466
--------------------------------------------------------------------
|             INITIALIZING CANDIDATE TREE SET                      |
--------------------------------------------------------------------
Generating 98 parsimony trees... 0.283 second
Computing log-likelihood of 98 initial trees ... 0.245 seconds
Current best score: -81388.076

Do NNI search on 20 best initial trees
Estimate model parameters (epsilon = 0.100)
BETTER TREE FOUND at iteration 1: -81344.166
Estimate model parameters (epsilon = 0.100)
BETTER TREE FOUND at iteration 2: -81268.259
Estimate model parameters (epsilon = 0.100)
BETTER TREE FOUND at iteration 7: -81265.240
Iteration 10 / LogL: -81351.962 / Time: 0h:0m:17s
Iteration 20 / LogL: -81405.106 / Time: 0h:0m:18s
Finish initializing candidate tree set (16)
Current best tree score: -81265.240 / CPU time: 1.626
Number of iterations: 20
--------------------------------------------------------------------
|               OPTIMIZING CANDIDATE TREE SET                      |
--------------------------------------------------------------------
Estimate model parameters (epsilon = 0.100)
BETTER TREE FOUND at iteration 27: -81263.353
Iteration 30 / LogL: -81264.435 / Time: 0h:0m:18s (0h:1m:3s left)
Iteration 40 / LogL: -81614.867 / Time: 0h:0m:19s (0h:0m:43s left)
Iteration 50 / LogL: -81264.166 / Time: 0h:0m:20s (0h:0m:32s left)
Iteration 60 / LogL: -81263.380 / Time: 0h:0m:21s (0h:0m:23s left)
Iteration 70 / LogL: -81265.221 / Time: 0h:0m:21s (0h:0m:17s left)
Iteration 80 / LogL: -81263.618 / Time: 0h:0m:22s (0h:0m:13s left)
Iteration 90 / LogL: -81263.354 / Time: 0h:0m:23s (0h:0m:9s left)
Iteration 100 / LogL: -81368.843 / Time: 0h:0m:23s (0h:0m:6s left)
Iteration 110 / LogL: -81265.172 / Time: 0h:0m:24s (0h:0m:3s left)
Iteration 120 / LogL: -81265.184 / Time: 0h:0m:25s (0h:0m:1s left)
TREE SEARCH COMPLETED AFTER 128 ITERATIONS / Time: 0h:0m:25s

--------------------------------------------------------------------
|                    FINALIZING TREE SEARCH                        |
--------------------------------------------------------------------
Performs final model parameters optimization
Estimate model parameters (epsilon = 0.010)
1. Initial log-likelihood: -81263.353
Optimal log-likelihood: -81263.352
Rate parameters:  A-C: 1.00000  A-G: 1.00000  A-T: 1.00000  C-G: 1.00000  C-T: 1.00000  G-T: 1.00000
Base frequencies:  A: 0.250  C: 0.250  G: 0.250  T: 0.250
Parameters optimization took 1 rounds (0.003 sec)
BEST SCORE FOUND : -81263.352
Total tree length: 21.175

Total number of iterations: 128
CPU time used for tree search: 9.035 sec (0h:0m:9s)
Wall-clock time used for tree search: 9.065 sec (0h:0m:9s)
Total CPU time used: 27.093 sec (0h:0m:27s)
Total wall-clock time used: 25.821 sec (0h:0m:25s)

Analysis results written to: 
  IQ-TREE report:                exp_baseline/m20_sel200_rep2/iqtree_out.iqtree
  Maximum-likelihood tree:       exp_baseline/m20_sel200_rep2/iqtree_out.treefile
  Likelihood distances:          exp_baseline/m20_sel200_rep2/iqtree_out.mldist
  Screen log file:               exp_baseline/m20_sel200_rep2/iqtree_out.log

Date and Time: Tue May 12 14:43:21 2026
