IQ-TREE version 3.1.1 for MacOS ARM 64-bit built Apr  8 2026
Developed by Bui Quang Minh, Thomas Wong, Nhan Ly-Trong, Huaiyan Ren
Contributed by Lam-Tung Nguyen, Dominik Schrempf, Chris Bielow,
Olga Chernomor, Michael Woodhams, Diep Thi Hoang, Heiko Schmidt

Host:    Noutbuk-maria.local (SSE4.2, 16 GB RAM)
Command: iqtree -s exp_stable_0.0005/m5_sel2_rep4/neutral.fasta -m JC -nt AUTO -pre exp_stable_0.0005/m5_sel2_rep4/iqtree_out -seed 2942 -redo
Seed:    2942 (Using SPRNG - Scalable Parallel Random Number Generator)
Time:    Mon May 18 20:03:46 2026
Kernel:  SSE2 - auto-detect threads (8 CPU cores detected)

Reading alignment file exp_stable_0.0005/m5_sel2_rep4/neutral.fasta ... Fasta format detected
Reading fasta file: done in 0.00121808 secs using 88.83% CPU
Alignment most likely contains DNA/RNA sequences
Constructing alignment: done in 0.0011971 secs using 55.63% CPU
Alignment has 50 sequences with 3000 columns, 157 distinct patterns
23 parsimony-informative, 154 singleton sites, 2823 constant sites
          Gap/Ambiguity  Composition  p-value
Analyzing sequences: done in 3.48091e-05 secs using 54.58% CPU
   1  taxon_1     0.00%    passed     99.88%
   2  taxon_2     0.00%    passed     99.97%
   3  taxon_3     0.00%    passed     99.99%
   4  taxon_4     0.00%    passed     99.99%
   5  taxon_5     0.00%    passed     99.85%
   6  taxon_6     0.00%    passed     99.99%
   7  taxon_7     0.00%    passed    100.00%
   8  taxon_8     0.00%    passed     99.97%
   9  taxon_9     0.00%    passed    100.00%
  10  taxon_10    0.00%    passed     99.60%
  11  taxon_11    0.00%    passed     99.97%
  12  taxon_12    0.00%    passed     99.97%
  13  taxon_13    0.00%    passed     99.95%
  14  taxon_14    0.00%    passed    100.00%
  15  taxon_15    0.00%    passed     99.99%
  16  taxon_16    0.00%    passed     99.99%
  17  taxon_17    0.00%    passed     99.71%
  18  taxon_18    0.00%    passed     99.95%
  19  taxon_19    0.00%    passed     99.98%
  20  taxon_20    0.00%    passed     99.78%
  21  taxon_21    0.00%    passed     99.99%
  22  taxon_22    0.00%    passed     99.98%
  23  taxon_23    0.00%    passed     99.61%
  24  taxon_24    0.00%    passed     99.98%
  25  taxon_25    0.00%    passed     99.98%
  26  taxon_26    0.00%    passed     99.98%
  27  taxon_27    0.00%    passed     99.92%
  28  taxon_28    0.00%    passed    100.00%
  29  taxon_29    0.00%    passed    100.00%
  30  taxon_30    0.00%    passed     99.92%
  31  taxon_31    0.00%    passed     99.99%
  32  taxon_32    0.00%    passed    100.00%
  33  taxon_33    0.00%    passed     99.97%
  34  taxon_34    0.00%    passed     99.91%
  35  taxon_35    0.00%    passed     99.95%
  36  taxon_36    0.00%    passed    100.00%
  37  taxon_37    0.00%    passed    100.00%
  38  taxon_38    0.00%    passed     99.97%
  39  taxon_39    0.00%    passed    100.00%
  40  taxon_40    0.00%    passed     99.80%
  41  taxon_41    0.00%    passed     99.99%
  42  taxon_42    0.00%    passed     99.97%
  43  taxon_43    0.00%    passed     99.76%
  44  taxon_44    0.00%    passed     99.97%
  45  taxon_45    0.00%    passed     99.99%
  46  taxon_46    0.00%    passed     99.98%
  47  taxon_47    0.00%    passed    100.00%
  48  taxon_48    0.00%    passed     99.97%
  49  taxon_49    0.00%    passed    100.00%
  50  taxon_50    0.00%    passed    100.00%
****  TOTAL       0.00%  0 sequences failed composition chi2 test (p-value<5%; df=3)
Checking for duplicate sequences: done in 6.38962e-05 secs using 62.6% CPU

Create initial parsimony tree by phylogenetic likelihood library (PLL)... 0.001 seconds

NOTE: 0 MB RAM (0 GB) is required!
Measuring multi-threading efficiency up to 8 CPU cores
Increase to 10 rounds for branch lengths
7501 trees examined
Threads: 1 / Time: 8.000 sec / Speedup: 1.000 / Efficiency: 100% / LogL: -6153
Threads: 2 / Time: 19.993 sec / Speedup: 0.400 / Efficiency: 20% / LogL: -6153
Determining AUTO threadcount: done in 27.9934 secs using 80.1% CPU
BEST NUMBER OF THREADS: 1

Estimate model parameters (epsilon = 0.100)
1. Initial log-likelihood: -5765.397
Optimal log-likelihood: -5765.397
Rate parameters:  A-C: 1.00000  A-G: 1.00000  A-T: 1.00000  C-G: 1.00000  C-T: 1.00000  G-T: 1.00000
Base frequencies:  A: 0.250  C: 0.250  G: 0.250  T: 0.250
Parameters optimization took 1 rounds (0.001 sec)
Wrote distance file to... 
Computing ML distances based on estimated model parameters...
Calculating distance matrix: done in 0.002321 secs using 75.96% CPU
Computing ML distances took 0.002354 sec (of wall-clock time) 0.001788 sec (of CPU time)
Setting up auxiliary I and S matrices: done in 4.69685e-05 secs using 76.65% CPU
Constructing RapidNJ tree: done in 0.00013113 secs using 92.27% CPU
Computing RapidNJ tree took 0.000197 sec (of wall-clock time) 0.000166 sec (of CPU time)
Log-likelihood of RapidNJ tree: -5765.505
--------------------------------------------------------------------
|             INITIALIZING CANDIDATE TREE SET                      |
--------------------------------------------------------------------
Generating 98 parsimony trees... 0.061 second
Computing log-likelihood of 98 initial trees ... 0.038 seconds
Current best score: -5762.901

Do NNI search on 20 best initial trees
Estimate model parameters (epsilon = 0.100)
BETTER TREE FOUND at iteration 1: -5762.900
BETTER TREE FOUND at iteration 2: -5762.900
Iteration 10 / LogL: -5762.900 / Time: 0h:0m:28s
BETTER TREE FOUND at iteration 16: -5762.900
Iteration 20 / LogL: -5762.900 / Time: 0h:0m:28s
Finish initializing candidate tree set (20)
Current best tree score: -5762.900 / CPU time: 0.137
Number of iterations: 20
--------------------------------------------------------------------
|               OPTIMIZING CANDIDATE TREE SET                      |
--------------------------------------------------------------------
Iteration 30 / LogL: -5762.900 / Time: 0h:0m:28s (0h:1m:23s left)
Iteration 40 / LogL: -5762.940 / Time: 0h:0m:28s (0h:0m:55s left)
Iteration 50 / LogL: -5762.912 / Time: 0h:0m:28s (0h:0m:38s left)
Iteration 60 / LogL: -5770.148 / Time: 0h:0m:28s (0h:0m:26s left)
Iteration 70 / LogL: -5762.926 / Time: 0h:0m:28s (0h:0m:18s left)
Iteration 80 / LogL: -5790.942 / Time: 0h:0m:28s (0h:0m:12s left)
Iteration 90 / LogL: -5769.735 / Time: 0h:0m:28s (0h:0m:8s left)
Iteration 100 / LogL: -5767.738 / Time: 0h:0m:28s (0h:0m:4s left)
Iteration 110 / LogL: -5788.182 / Time: 0h:0m:28s (0h:0m:1s left)
TREE SEARCH COMPLETED AFTER 117 ITERATIONS / Time: 0h:0m:28s

--------------------------------------------------------------------
|                    FINALIZING TREE SEARCH                        |
--------------------------------------------------------------------
Performs final model parameters optimization
Estimate model parameters (epsilon = 0.010)
1. Initial log-likelihood: -5762.900
Optimal log-likelihood: -5762.900
Rate parameters:  A-C: 1.00000  A-G: 1.00000  A-T: 1.00000  C-G: 1.00000  C-T: 1.00000  G-T: 1.00000
Base frequencies:  A: 0.250  C: 0.250  G: 0.250  T: 0.250
Parameters optimization took 1 rounds (0.001 sec)
BEST SCORE FOUND : -5762.900
Total tree length: 0.060

Total number of iterations: 117
CPU time used for tree search: 0.657 sec (0h:0m:0s)
Wall-clock time used for tree search: 0.660 sec (0h:0m:0s)
Total CPU time used: 23.089 sec (0h:0m:23s)
Total wall-clock time used: 28.667 sec (0h:0m:28s)

Analysis results written to: 
  IQ-TREE report:                exp_stable_0.0005/m5_sel2_rep4/iqtree_out.iqtree
  Maximum-likelihood tree:       exp_stable_0.0005/m5_sel2_rep4/iqtree_out.treefile
  Likelihood distances:          exp_stable_0.0005/m5_sel2_rep4/iqtree_out.mldist
  Screen log file:               exp_stable_0.0005/m5_sel2_rep4/iqtree_out.log

Date and Time: Mon May 18 20:04:14 2026
