IQ-TREE version 3.1.1 for MacOS ARM 64-bit built Apr  8 2026
Developed by Bui Quang Minh, Thomas Wong, Nhan Ly-Trong, Huaiyan Ren
Contributed by Lam-Tung Nguyen, Dominik Schrempf, Chris Bielow,
Olga Chernomor, Michael Woodhams, Diep Thi Hoang, Heiko Schmidt

Host:    Noutbuk-maria.local (SSE4.2, 16 GB RAM)
Command: iqtree -s exp_stable_0.0001/m10_sel1_rep4/neutral.fasta -m JC -nt AUTO -pre exp_stable_0.0001/m10_sel1_rep4/iqtree_out -seed 2442 -redo
Seed:    2442 (Using SPRNG - Scalable Parallel Random Number Generator)
Time:    Mon May 18 17:22:36 2026
Kernel:  SSE2 - auto-detect threads (8 CPU cores detected)

Reading alignment file exp_stable_0.0001/m10_sel1_rep4/neutral.fasta ... Fasta format detected
Reading fasta file: done in 0.00117397 secs using 89.61% CPU
Alignment most likely contains DNA/RNA sequences
Constructing alignment: done in 0.00114799 secs using 57.06% CPU
Alignment has 50 sequences with 3000 columns, 88 distinct patterns
18 parsimony-informative, 70 singleton sites, 2912 constant sites
          Gap/Ambiguity  Composition  p-value
Analyzing sequences: done in 3.21865e-05 secs using 43.5% CPU
   1  taxon_1     0.00%    passed     99.99%
   2  taxon_2     0.00%    passed     99.99%
   3  taxon_3     0.00%    passed    100.00%
   4  taxon_4     0.00%    passed    100.00%
   5  taxon_5     0.00%    passed    100.00%
   6  taxon_6     0.00%    passed     99.98%
   7  taxon_7     0.00%    passed     99.95%
   8  taxon_8     0.00%    passed     99.97%
   9  taxon_9     0.00%    passed    100.00%
  10  taxon_10    0.00%    passed     99.98%
  11  taxon_11    0.00%    passed     99.98%
  12  taxon_12    0.00%    passed     99.99%
  13  taxon_13    0.00%    passed     99.98%
  14  taxon_14    0.00%    passed    100.00%
  15  taxon_15    0.00%    passed     99.98%
  16  taxon_16    0.00%    passed    100.00%
  17  taxon_17    0.00%    passed    100.00%
  18  taxon_18    0.00%    passed     99.99%
  19  taxon_19    0.00%    passed     99.99%
  20  taxon_20    0.00%    passed    100.00%
  21  taxon_21    0.00%    passed     99.97%
  22  taxon_22    0.00%    passed    100.00%
  23  taxon_23    0.00%    passed     99.97%
  24  taxon_24    0.00%    passed     99.99%
  25  taxon_25    0.00%    passed    100.00%
  26  taxon_26    0.00%    passed     99.98%
  27  taxon_27    0.00%    passed    100.00%
  28  taxon_28    0.00%    passed    100.00%
  29  taxon_29    0.00%    passed    100.00%
  30  taxon_30    0.00%    passed     99.98%
  31  taxon_31    0.00%    passed    100.00%
  32  taxon_32    0.00%    passed    100.00%
  33  taxon_33    0.00%    passed     99.95%
  34  taxon_34    0.00%    passed    100.00%
  35  taxon_35    0.00%    passed    100.00%
  36  taxon_36    0.00%    passed    100.00%
  37  taxon_37    0.00%    passed    100.00%
  38  taxon_38    0.00%    passed     99.99%
  39  taxon_39    0.00%    passed     99.99%
  40  taxon_40    0.00%    passed     99.96%
  41  taxon_41    0.00%    passed     99.69%
  42  taxon_42    0.00%    passed     99.98%
  43  taxon_43    0.00%    passed     99.99%
  44  taxon_44    0.00%    passed    100.00%
  45  taxon_45    0.00%    passed     99.99%
  46  taxon_46    0.00%    passed    100.00%
  47  taxon_47    0.00%    passed     99.99%
  48  taxon_48    0.00%    passed     99.99%
  49  taxon_49    0.00%    passed     99.98%
  50  taxon_50    0.00%    passed    100.00%
****  TOTAL       0.00%  0 sequences failed composition chi2 test (p-value<5%; df=3)
NOTE: taxon_36 is identical to taxon_3 but kept for subsequent analysis
NOTE: taxon_16 is identical to taxon_9 but kept for subsequent analysis
NOTE: taxon_48 is identical to taxon_47 but kept for subsequent analysis
Checking for duplicate sequences: done in 6.79493e-05 secs using 55.92% CPU
Identifying sites to remove: done in 0.000701904 secs using 99.16% CPU
NOTE: 2 identical sequences (see below) will be ignored for subsequent analysis
NOTE: taxon_37 (identical to taxon_3) is ignored but added at the end
NOTE: taxon_22 (identical to taxon_9) is ignored but added at the end
Alignment was printed to exp_stable_0.0001/m10_sel1_rep4/iqtree_out.uniqueseq.phy

For your convenience alignment with unique sequences printed to exp_stable_0.0001/m10_sel1_rep4/iqtree_out.uniqueseq.phy

Create initial parsimony tree by phylogenetic likelihood library (PLL)... 0.001 seconds

NOTE: 0 MB RAM (0 GB) is required!
Measuring multi-threading efficiency up to 8 CPU cores
Increase to 10 rounds for branch lengths
9439 trees examined
Threads: 1 / Time: 8.000 sec / Speedup: 1.000 / Efficiency: 100% / LogL: -5444
Threads: 2 / Time: 26.879 sec / Speedup: 0.298 / Efficiency: 15% / LogL: -5444
Determining AUTO threadcount: done in 34.8791 secs using 72.14% CPU
BEST NUMBER OF THREADS: 1

Estimate model parameters (epsilon = 0.100)
1. Initial log-likelihood: -4997.598
Optimal log-likelihood: -4997.598
Rate parameters:  A-C: 1.00000  A-G: 1.00000  A-T: 1.00000  C-G: 1.00000  C-T: 1.00000  G-T: 1.00000
Base frequencies:  A: 0.250  C: 0.250  G: 0.250  T: 0.250
Parameters optimization took 1 rounds (0.000 sec)
Wrote distance file to... 
Computing ML distances based on estimated model parameters...
Calculating distance matrix: done in 0.0022831 secs using 72.84% CPU
Computing ML distances took 0.002309 sec (of wall-clock time) 0.001681 sec (of CPU time)
Setting up auxiliary I and S matrices: done in 4.19617e-05 secs using 81.03% CPU
Constructing RapidNJ tree: done in 0.000104904 secs using 170.6% CPU
Computing RapidNJ tree took 0.000172 sec (of wall-clock time) 0.000237 sec (of CPU time)
Log-likelihood of RapidNJ tree: -4997.682
--------------------------------------------------------------------
|             INITIALIZING CANDIDATE TREE SET                      |
--------------------------------------------------------------------
Generating 98 parsimony trees... 0.051 second
Computing log-likelihood of 98 initial trees ... 0.027 seconds
Current best score: -4997.598

Do NNI search on 20 best initial trees
Estimate model parameters (epsilon = 0.100)
BETTER TREE FOUND at iteration 1: -4997.598
BETTER TREE FOUND at iteration 2: -4997.598
Estimate model parameters (epsilon = 0.100)
BETTER TREE FOUND at iteration 3: -4997.532
Iteration 10 / LogL: -4997.598 / Time: 0h:0m:34s
Iteration 20 / LogL: -4997.598 / Time: 0h:0m:35s
Finish initializing candidate tree set (20)
Current best tree score: -4997.532 / CPU time: 0.113
Number of iterations: 20
--------------------------------------------------------------------
|               OPTIMIZING CANDIDATE TREE SET                      |
--------------------------------------------------------------------
Iteration 30 / LogL: -4997.541 / Time: 0h:0m:35s (0h:1m:28s left)
Iteration 40 / LogL: -4997.549 / Time: 0h:0m:35s (0h:0m:56s left)
Iteration 50 / LogL: -4997.562 / Time: 0h:0m:35s (0h:0m:37s left)
Iteration 60 / LogL: -5004.037 / Time: 0h:0m:35s (0h:0m:25s left)
Iteration 70 / LogL: -4997.545 / Time: 0h:0m:35s (0h:0m:16s left)
Iteration 80 / LogL: -4997.540 / Time: 0h:0m:35s (0h:0m:10s left)
Iteration 90 / LogL: -4997.547 / Time: 0h:0m:35s (0h:0m:5s left)
Iteration 100 / LogL: -5008.554 / Time: 0h:0m:35s (0h:0m:1s left)
TREE SEARCH COMPLETED AFTER 104 ITERATIONS / Time: 0h:0m:35s

--------------------------------------------------------------------
|                    FINALIZING TREE SEARCH                        |
--------------------------------------------------------------------
Performs final model parameters optimization
Estimate model parameters (epsilon = 0.010)
1. Initial log-likelihood: -4997.532
Optimal log-likelihood: -4997.532
Rate parameters:  A-C: 1.00000  A-G: 1.00000  A-T: 1.00000  C-G: 1.00000  C-T: 1.00000  G-T: 1.00000
Base frequencies:  A: 0.250  C: 0.250  G: 0.250  T: 0.250
Parameters optimization took 1 rounds (0.000 sec)
BEST SCORE FOUND : -4997.532
Total tree length: 0.030

Total number of iterations: 104
CPU time used for tree search: 0.419 sec (0h:0m:0s)
Wall-clock time used for tree search: 0.420 sec (0h:0m:0s)
Total CPU time used: 25.590 sec (0h:0m:25s)
Total wall-clock time used: 35.312 sec (0h:0m:35s)

Analysis results written to: 
  IQ-TREE report:                exp_stable_0.0001/m10_sel1_rep4/iqtree_out.iqtree
  Maximum-likelihood tree:       exp_stable_0.0001/m10_sel1_rep4/iqtree_out.treefile
  Likelihood distances:          exp_stable_0.0001/m10_sel1_rep4/iqtree_out.mldist
  Screen log file:               exp_stable_0.0001/m10_sel1_rep4/iqtree_out.log

Date and Time: Mon May 18 17:23:11 2026
