IQ-TREE version 3.1.1 for MacOS ARM 64-bit built Apr  8 2026
Developed by Bui Quang Minh, Thomas Wong, Nhan Ly-Trong, Huaiyan Ren
Contributed by Lam-Tung Nguyen, Dominik Schrempf, Chris Bielow,
Olga Chernomor, Michael Woodhams, Diep Thi Hoang, Heiko Schmidt

Host:    Noutbuk-maria.local (SSE4.2, 16 GB RAM)
Command: iqtree -s exp_baseline/m5_sel200_rep1/combined.fasta -m JC -nt AUTO -pre exp_baseline/m5_sel200_rep1/iqtree_out -seed 200642 -redo
Seed:    200642 (Using SPRNG - Scalable Parallel Random Number Generator)
Time:    Tue May 12 14:18:05 2026
Kernel:  SSE2 - auto-detect threads (8 CPU cores detected)

Reading alignment file exp_baseline/m5_sel200_rep1/combined.fasta ... Fasta format detected
Reading fasta file: done in 0.000524044 secs using 90.83% CPU
Alignment most likely contains DNA/RNA sequences
Constructing alignment: done in 0.00100684 secs using 58.1% CPU
Alignment has 30 sequences with 2200 columns, 2016 distinct patterns
2172 parsimony-informative, 0 singleton sites, 28 constant sites
          Gap/Ambiguity  Composition  p-value
Analyzing sequences: done in 4.50611e-05 secs using 244.1% CPU
   1  taxon_1     0.00%    passed      6.08%
   2  taxon_2     0.00%    passed     22.16%
   3  taxon_3     0.00%    passed     89.46%
   4  taxon_4     0.00%    passed     26.87%
   5  taxon_5     0.00%    passed     17.00%
   6  taxon_6     0.00%    passed     39.54%
   7  taxon_7     0.00%    passed     39.78%
   8  taxon_8     0.00%    passed     98.13%
   9  taxon_9     0.00%    passed     49.22%
  10  taxon_10    0.00%    passed     57.10%
  11  taxon_11    0.00%    passed     20.52%
  12  taxon_12    0.00%    passed     96.80%
  13  taxon_13    0.00%    passed     99.55%
  14  taxon_14    0.00%    passed     80.14%
  15  taxon_15    0.00%    passed     32.56%
  16  taxon_16    0.00%    passed     63.55%
  17  taxon_17    0.00%    passed     75.81%
  18  taxon_18    0.00%    passed     99.45%
  19  taxon_19    0.00%    passed     24.25%
  20  taxon_20    0.00%    passed     83.16%
  21  taxon_21    0.00%    passed     45.15%
  22  taxon_22    0.00%    passed     45.29%
  23  taxon_23    0.00%    passed     81.58%
  24  taxon_24    0.00%    passed      7.76%
  25  taxon_25    0.00%    failed      1.81%
  26  taxon_26    0.00%    passed     66.01%
  27  taxon_27    0.00%    passed     15.35%
  28  taxon_28    0.00%    passed     97.41%
  29  taxon_29    0.00%    passed     98.80%
  30  taxon_30    0.00%    passed     88.73%
****  TOTAL       0.00%  1 sequences failed composition chi2 test (p-value<5%; df=3)
Checking for duplicate sequences: done in 0.000130892 secs using 90.91% CPU

Create initial parsimony tree by phylogenetic likelihood library (PLL)... 0.002 seconds

NOTE: 1 MB RAM (0 GB) is required!
Measuring multi-threading efficiency up to 8 CPU cores
Increase to 10 rounds for branch lengths
392 trees examined
Threads: 1 / Time: 8.004 sec / Speedup: 1.000 / Efficiency: 100% / LogL: -87917
Threads: 2 / Time: 8.806 sec / Speedup: 0.909 / Efficiency: 45% / LogL: -87917
Determining AUTO threadcount: done in 16.8098 secs using 108.1% CPU
BEST NUMBER OF THREADS: 1

Estimate model parameters (epsilon = 0.100)
1. Initial log-likelihood: -83232.287
Optimal log-likelihood: -82775.367
Rate parameters:  A-C: 1.00000  A-G: 1.00000  A-T: 1.00000  C-G: 1.00000  C-T: 1.00000  G-T: 1.00000
Base frequencies:  A: 0.250  C: 0.250  G: 0.250  T: 0.250
Parameters optimization took 1 rounds (0.015 sec)
Wrote distance file to... 
Computing ML distances based on estimated model parameters...
Calculating distance matrix: done in 0.00147295 secs using 99.39% CPU
Computing ML distances took 0.001615 sec (of wall-clock time) 0.001593 sec (of CPU time)
WARNING: Some pairwise ML distances are too long (saturated)
Setting up auxiliary I and S matrices: done in 2.38419e-05 secs using 75.5% CPU
Constructing RapidNJ tree: done in 4.79221e-05 secs using 154.4% CPU
Computing RapidNJ tree took 0.000095 sec (of wall-clock time) 0.000106 sec (of CPU time)
Log-likelihood of RapidNJ tree: -85113.128
--------------------------------------------------------------------
|             INITIALIZING CANDIDATE TREE SET                      |
--------------------------------------------------------------------
Generating 98 parsimony trees... 0.285 second
Computing log-likelihood of 98 initial trees ... 0.244 seconds
Current best score: -82749.002

Do NNI search on 20 best initial trees
Estimate model parameters (epsilon = 0.100)
BETTER TREE FOUND at iteration 1: -82560.092
Iteration 10 / LogL: -82718.470 / Time: 0h:0m:17s
Iteration 20 / LogL: -82819.421 / Time: 0h:0m:18s
Finish initializing candidate tree set (14)
Current best tree score: -82560.092 / CPU time: 1.308
Number of iterations: 20
--------------------------------------------------------------------
|               OPTIMIZING CANDIDATE TREE SET                      |
--------------------------------------------------------------------
Iteration 30 / LogL: -82562.875 / Time: 0h:0m:18s (0h:0m:45s left)
Iteration 40 / LogL: -82569.323 / Time: 0h:0m:19s (0h:0m:30s left)
Iteration 50 / LogL: -82561.140 / Time: 0h:0m:19s (0h:0m:20s left)
Iteration 60 / LogL: -82561.605 / Time: 0h:0m:20s (0h:0m:14s left)
Iteration 70 / LogL: -82560.253 / Time: 0h:0m:20s (0h:0m:9s left)
Iteration 80 / LogL: -82561.081 / Time: 0h:0m:21s (0h:0m:5s left)
Iteration 90 / LogL: -82560.252 / Time: 0h:0m:21s (0h:0m:2s left)
Iteration 100 / LogL: -82564.968 / Time: 0h:0m:22s (0h:0m:0s left)
TREE SEARCH COMPLETED AFTER 102 ITERATIONS / Time: 0h:0m:22s

--------------------------------------------------------------------
|                    FINALIZING TREE SEARCH                        |
--------------------------------------------------------------------
Performs final model parameters optimization
Estimate model parameters (epsilon = 0.010)
1. Initial log-likelihood: -82560.092
Optimal log-likelihood: -82560.003
Rate parameters:  A-C: 1.00000  A-G: 1.00000  A-T: 1.00000  C-G: 1.00000  C-T: 1.00000  G-T: 1.00000
Base frequencies:  A: 0.250  C: 0.250  G: 0.250  T: 0.250
Parameters optimization took 1 rounds (0.007 sec)
BEST SCORE FOUND : -82560.003
Total tree length: 20.808

Total number of iterations: 102
CPU time used for tree search: 5.384 sec (0h:0m:5s)
Wall-clock time used for tree search: 5.411 sec (0h:0m:5s)
Total CPU time used: 23.606 sec (0h:0m:23s)
Total wall-clock time used: 22.277 sec (0h:0m:22s)

Analysis results written to: 
  IQ-TREE report:                exp_baseline/m5_sel200_rep1/iqtree_out.iqtree
  Maximum-likelihood tree:       exp_baseline/m5_sel200_rep1/iqtree_out.treefile
  Likelihood distances:          exp_baseline/m5_sel200_rep1/iqtree_out.mldist
  Screen log file:               exp_baseline/m5_sel200_rep1/iqtree_out.log

Date and Time: Tue May 12 14:18:27 2026
