IQ-TREE version 3.1.1 for MacOS ARM 64-bit built Apr  8 2026
Developed by Bui Quang Minh, Thomas Wong, Nhan Ly-Trong, Huaiyan Ren
Contributed by Lam-Tung Nguyen, Dominik Schrempf, Chris Bielow,
Olga Chernomor, Michael Woodhams, Diep Thi Hoang, Heiko Schmidt

Host:    Noutbuk-maria.local (SSE4.2, 16 GB RAM)
Command: iqtree -s exp_stable_0.0001/m5_sel1_rep2/neutral.fasta -m JC -nt AUTO -pre exp_stable_0.0001/m5_sel1_rep2/iqtree_out -seed 1742 -redo
Seed:    1742 (Using SPRNG - Scalable Parallel Random Number Generator)
Time:    Fri May 15 15:58:33 2026
Kernel:  SSE2 - auto-detect threads (8 CPU cores detected)

Reading alignment file exp_stable_0.0001/m5_sel1_rep2/neutral.fasta ... Fasta format detected
Reading fasta file: done in 0.00117898 secs using 90.08% CPU
Alignment most likely contains DNA/RNA sequences
Constructing alignment: done in 0.00119281 secs using 55.58% CPU
Alignment has 50 sequences with 3000 columns, 146 distinct patterns
29 parsimony-informative, 130 singleton sites, 2841 constant sites
          Gap/Ambiguity  Composition  p-value
Analyzing sequences: done in 3.40939e-05 secs using 64.53% CPU
   1  taxon_1     0.00%    passed     99.90%
   2  taxon_2     0.00%    passed     99.98%
   3  taxon_3     0.00%    passed     99.94%
   4  taxon_4     0.00%    passed     99.97%
   5  taxon_5     0.00%    passed     99.94%
   6  taxon_6     0.00%    passed    100.00%
   7  taxon_7     0.00%    passed     99.96%
   8  taxon_8     0.00%    passed     99.97%
   9  taxon_9     0.00%    passed     99.96%
  10  taxon_10    0.00%    passed     99.99%
  11  taxon_11    0.00%    passed    100.00%
  12  taxon_12    0.00%    passed     99.97%
  13  taxon_13    0.00%    passed     99.99%
  14  taxon_14    0.00%    passed    100.00%
  15  taxon_15    0.00%    passed     99.87%
  16  taxon_16    0.00%    passed    100.00%
  17  taxon_17    0.00%    passed     99.99%
  18  taxon_18    0.00%    passed     99.91%
  19  taxon_19    0.00%    passed     99.97%
  20  taxon_20    0.00%    passed     99.99%
  21  taxon_21    0.00%    passed     99.97%
  22  taxon_22    0.00%    passed     99.98%
  23  taxon_23    0.00%    passed    100.00%
  24  taxon_24    0.00%    passed    100.00%
  25  taxon_25    0.00%    passed     99.99%
  26  taxon_26    0.00%    passed     99.84%
  27  taxon_27    0.00%    passed     99.99%
  28  taxon_28    0.00%    passed    100.00%
  29  taxon_29    0.00%    passed    100.00%
  30  taxon_30    0.00%    passed     99.71%
  31  taxon_31    0.00%    passed     99.97%
  32  taxon_32    0.00%    passed     99.94%
  33  taxon_33    0.00%    passed     99.98%
  34  taxon_34    0.00%    passed     99.99%
  35  taxon_35    0.00%    passed     99.99%
  36  taxon_36    0.00%    passed     99.97%
  37  taxon_37    0.00%    passed     99.97%
  38  taxon_38    0.00%    passed     99.98%
  39  taxon_39    0.00%    passed     99.89%
  40  taxon_40    0.00%    passed     99.99%
  41  taxon_41    0.00%    passed    100.00%
  42  taxon_42    0.00%    passed     99.98%
  43  taxon_43    0.00%    passed     99.89%
  44  taxon_44    0.00%    passed     99.88%
  45  taxon_45    0.00%    passed     99.99%
  46  taxon_46    0.00%    passed     99.76%
  47  taxon_47    0.00%    passed     99.98%
  48  taxon_48    0.00%    passed     99.99%
  49  taxon_49    0.00%    passed     99.99%
  50  taxon_50    0.00%    passed     99.95%
****  TOTAL       0.00%  0 sequences failed composition chi2 test (p-value<5%; df=3)
Checking for duplicate sequences: done in 5.31673e-05 secs using 69.59% CPU

Create initial parsimony tree by phylogenetic likelihood library (PLL)... 0.001 seconds

NOTE: 0 MB RAM (0 GB) is required!
Measuring multi-threading efficiency up to 8 CPU cores
Increase to 10 rounds for branch lengths
6271 trees examined
Threads: 1 / Time: 8.002 sec / Speedup: 1.000 / Efficiency: 100% / LogL: -6387
Threads: 2 / Time: 20.507 sec / Speedup: 0.390 / Efficiency: 20% / LogL: -6387
Determining AUTO threadcount: done in 28.5094 secs using 77.76% CPU
BEST NUMBER OF THREADS: 1

Estimate model parameters (epsilon = 0.100)
1. Initial log-likelihood: -5613.604
Optimal log-likelihood: -5613.604
Rate parameters:  A-C: 1.00000  A-G: 1.00000  A-T: 1.00000  C-G: 1.00000  C-T: 1.00000  G-T: 1.00000
Base frequencies:  A: 0.250  C: 0.250  G: 0.250  T: 0.250
Parameters optimization took 1 rounds (0.001 sec)
Wrote distance file to... 
Computing ML distances based on estimated model parameters...
Calculating distance matrix: done in 0.00269508 secs using 76.95% CPU
Computing ML distances took 0.002723 sec (of wall-clock time) 0.002096 sec (of CPU time)
Setting up auxiliary I and S matrices: done in 4.79221e-05 secs using 98.08% CPU
Constructing RapidNJ tree: done in 0.000126123 secs using 176% CPU
Computing RapidNJ tree took 0.000196 sec (of wall-clock time) 0.000287 sec (of CPU time)
Log-likelihood of RapidNJ tree: -5613.725
--------------------------------------------------------------------
|             INITIALIZING CANDIDATE TREE SET                      |
--------------------------------------------------------------------
Generating 98 parsimony trees... 0.069 second
Computing log-likelihood of 98 initial trees ... 0.041 seconds
Current best score: -5613.604

Do NNI search on 20 best initial trees
Estimate model parameters (epsilon = 0.100)
BETTER TREE FOUND at iteration 1: -5613.604
BETTER TREE FOUND at iteration 6: -5613.604
Iteration 10 / LogL: -5613.604 / Time: 0h:0m:28s
BETTER TREE FOUND at iteration 20: -5613.604
Iteration 20 / LogL: -5613.604 / Time: 0h:0m:28s
Finish initializing candidate tree set (20)
Current best tree score: -5613.604 / CPU time: 0.148
Number of iterations: 20
--------------------------------------------------------------------
|               OPTIMIZING CANDIDATE TREE SET                      |
--------------------------------------------------------------------
Iteration 30 / LogL: -5618.434 / Time: 0h:0m:28s (0h:1m:29s left)
Iteration 40 / LogL: -5613.635 / Time: 0h:0m:28s (0h:0m:59s left)
Iteration 50 / LogL: -5613.638 / Time: 0h:0m:28s (0h:0m:41s left)
Iteration 60 / LogL: -5613.646 / Time: 0h:0m:28s (0h:0m:29s left)
Iteration 70 / LogL: -5613.630 / Time: 0h:0m:28s (0h:0m:21s left)
Iteration 80 / LogL: -5613.631 / Time: 0h:0m:29s (0h:0m:14s left)
Iteration 90 / LogL: -5613.636 / Time: 0h:0m:29s (0h:0m:9s left)
Iteration 100 / LogL: -5613.630 / Time: 0h:0m:29s (0h:0m:5s left)
Iteration 110 / LogL: -5613.640 / Time: 0h:0m:29s (0h:0m:2s left)
Iteration 120 / LogL: -5613.632 / Time: 0h:0m:29s (0h:0m:0s left)
TREE SEARCH COMPLETED AFTER 121 ITERATIONS / Time: 0h:0m:29s

--------------------------------------------------------------------
|                    FINALIZING TREE SEARCH                        |
--------------------------------------------------------------------
Performs final model parameters optimization
Estimate model parameters (epsilon = 0.010)
1. Initial log-likelihood: -5613.604
Optimal log-likelihood: -5613.604
Rate parameters:  A-C: 1.00000  A-G: 1.00000  A-T: 1.00000  C-G: 1.00000  C-T: 1.00000  G-T: 1.00000
Base frequencies:  A: 0.250  C: 0.250  G: 0.250  T: 0.250
Parameters optimization took 1 rounds (0.001 sec)
BEST SCORE FOUND : -5613.604
Total tree length: 0.054

Total number of iterations: 121
CPU time used for tree search: 0.802 sec (0h:0m:0s)
Wall-clock time used for tree search: 0.812 sec (0h:0m:0s)
Total CPU time used: 22.980 sec (0h:0m:22s)
Total wall-clock time used: 29.336 sec (0h:0m:29s)

Analysis results written to: 
  IQ-TREE report:                exp_stable_0.0001/m5_sel1_rep2/iqtree_out.iqtree
  Maximum-likelihood tree:       exp_stable_0.0001/m5_sel1_rep2/iqtree_out.treefile
  Likelihood distances:          exp_stable_0.0001/m5_sel1_rep2/iqtree_out.mldist
  Screen log file:               exp_stable_0.0001/m5_sel1_rep2/iqtree_out.log

Date and Time: Fri May 15 15:59:02 2026
