IQ-TREE version 3.1.1 for MacOS ARM 64-bit built Apr  8 2026
Developed by Bui Quang Minh, Thomas Wong, Nhan Ly-Trong, Huaiyan Ren
Contributed by Lam-Tung Nguyen, Dominik Schrempf, Chris Bielow,
Olga Chernomor, Michael Woodhams, Diep Thi Hoang, Heiko Schmidt

Host:    Noutbuk-maria.local (SSE4.2, 16 GB RAM)
Command: iqtree -s exp_stable_0.0005/m1_sel2_rep5/neutral.fasta -m JC -nt AUTO -pre exp_stable_0.0005/m1_sel2_rep5/iqtree_out -seed 2642 -redo
Seed:    2642 (Using SPRNG - Scalable Parallel Random Number Generator)
Time:    Mon May 18 19:33:04 2026
Kernel:  SSE2 - auto-detect threads (8 CPU cores detected)

Reading alignment file exp_stable_0.0005/m1_sel2_rep5/neutral.fasta ... Fasta format detected
Reading fasta file: done in 0.00117207 secs using 89.24% CPU
Alignment most likely contains DNA/RNA sequences
Constructing alignment: done in 0.00125313 secs using 59.05% CPU
Alignment has 50 sequences with 3000 columns, 742 distinct patterns
342 parsimony-informative, 715 singleton sites, 1942 constant sites
          Gap/Ambiguity  Composition  p-value
Analyzing sequences: done in 3.88622e-05 secs using 162.1% CPU
   1  taxon_1     0.00%    passed     96.93%
   2  taxon_2     0.00%    passed     94.11%
   3  taxon_3     0.00%    passed     94.57%
   4  taxon_4     0.00%    passed     99.89%
   5  taxon_5     0.00%    passed     99.27%
   6  taxon_6     0.00%    passed     98.56%
   7  taxon_7     0.00%    passed     99.99%
   8  taxon_8     0.00%    passed     94.44%
   9  taxon_9     0.00%    passed     99.08%
  10  taxon_10    0.00%    passed     94.57%
  11  taxon_11    0.00%    passed     93.75%
  12  taxon_12    0.00%    passed     99.07%
  13  taxon_13    0.00%    passed     99.93%
  14  taxon_14    0.00%    passed     97.58%
  15  taxon_15    0.00%    passed     99.73%
  16  taxon_16    0.00%    passed     98.46%
  17  taxon_17    0.00%    passed     99.86%
  18  taxon_18    0.00%    passed     99.01%
  19  taxon_19    0.00%    passed     99.98%
  20  taxon_20    0.00%    passed     99.92%
  21  taxon_21    0.00%    passed     99.90%
  22  taxon_22    0.00%    passed     99.41%
  23  taxon_23    0.00%    passed     99.90%
  24  taxon_24    0.00%    passed     99.70%
  25  taxon_25    0.00%    passed     99.04%
  26  taxon_26    0.00%    passed     99.92%
  27  taxon_27    0.00%    passed     99.71%
  28  taxon_28    0.00%    passed     99.92%
  29  taxon_29    0.00%    passed     98.56%
  30  taxon_30    0.00%    passed     98.39%
  31  taxon_31    0.00%    passed     98.38%
  32  taxon_32    0.00%    passed     93.58%
  33  taxon_33    0.00%    passed     99.74%
  34  taxon_34    0.00%    passed     95.44%
  35  taxon_35    0.00%    passed     99.10%
  36  taxon_36    0.00%    passed     98.92%
  37  taxon_37    0.00%    passed     98.14%
  38  taxon_38    0.00%    passed     98.73%
  39  taxon_39    0.00%    passed     97.29%
  40  taxon_40    0.00%    passed     99.40%
  41  taxon_41    0.00%    passed     99.16%
  42  taxon_42    0.00%    passed     99.18%
  43  taxon_43    0.00%    passed     99.56%
  44  taxon_44    0.00%    passed     99.32%
  45  taxon_45    0.00%    passed     98.00%
  46  taxon_46    0.00%    passed     94.30%
  47  taxon_47    0.00%    passed     98.34%
  48  taxon_48    0.00%    passed     96.11%
  49  taxon_49    0.00%    passed     92.28%
  50  taxon_50    0.00%    passed     91.71%
****  TOTAL       0.00%  0 sequences failed composition chi2 test (p-value<5%; df=3)
Checking for duplicate sequences: done in 0.000108957 secs using 79.85% CPU

Create initial parsimony tree by phylogenetic likelihood library (PLL)... 0.002 seconds

NOTE: 1 MB RAM (0 GB) is required!
Measuring multi-threading efficiency up to 8 CPU cores
Increase to 10 rounds for branch lengths
1073 trees examined
Threads: 1 / Time: 8.004 sec / Speedup: 1.000 / Efficiency: 100% / LogL: -22174
Threads: 2 / Time: 9.918 sec / Speedup: 0.807 / Efficiency: 40% / LogL: -22174
Determining AUTO threadcount: done in 17.922 secs using 100.3% CPU
BEST NUMBER OF THREADS: 1

Estimate model parameters (epsilon = 0.100)
1. Initial log-likelihood: -13482.997
Optimal log-likelihood: -13480.750
Rate parameters:  A-C: 1.00000  A-G: 1.00000  A-T: 1.00000  C-G: 1.00000  C-T: 1.00000  G-T: 1.00000
Base frequencies:  A: 0.250  C: 0.250  G: 0.250  T: 0.250
Parameters optimization took 1 rounds (0.004 sec)
Wrote distance file to... 
Computing ML distances based on estimated model parameters...
Calculating distance matrix: done in 0.00283504 secs using 92.7% CPU
Computing ML distances took 0.002918 sec (of wall-clock time) 0.002702 sec (of CPU time)
Setting up auxiliary I and S matrices: done in 4.50611e-05 secs using 71.01% CPU
Constructing RapidNJ tree: done in 9.70364e-05 secs using 90.69% CPU
Computing RapidNJ tree took 0.000156 sec (of wall-clock time) 0.000129 sec (of CPU time)
Log-likelihood of RapidNJ tree: -13511.756
--------------------------------------------------------------------
|             INITIALIZING CANDIDATE TREE SET                      |
--------------------------------------------------------------------
Generating 98 parsimony trees... 0.173 second
Computing log-likelihood of 98 initial trees ... 0.151 seconds
Current best score: -13480.749

Do NNI search on 20 best initial trees
Estimate model parameters (epsilon = 0.100)
BETTER TREE FOUND at iteration 1: -13480.747
UPDATE BEST LOG-LIKELIHOOD: -13480.747
UPDATE BEST LOG-LIKELIHOOD: -13480.747
UPDATE BEST LOG-LIKELIHOOD: -13480.747
Iteration 10 / LogL: -13480.747 / Time: 0h:0m:18s
Iteration 20 / LogL: -13480.750 / Time: 0h:0m:18s
Finish initializing candidate tree set (2)
Current best tree score: -13480.747 / CPU time: 0.545
Number of iterations: 20
--------------------------------------------------------------------
|               OPTIMIZING CANDIDATE TREE SET                      |
--------------------------------------------------------------------
Iteration 30 / LogL: -13480.753 / Time: 0h:0m:18s (0h:0m:45s left)
UPDATE BEST LOG-LIKELIHOOD: -13480.747
Iteration 40 / LogL: -13480.753 / Time: 0h:0m:18s (0h:0m:29s left)
Iteration 50 / LogL: -13480.759 / Time: 0h:0m:19s (0h:0m:20s left)
Iteration 60 / LogL: -13480.757 / Time: 0h:0m:19s (0h:0m:13s left)
Iteration 70 / LogL: -13480.754 / Time: 0h:0m:19s (0h:0m:8s left)
Iteration 80 / LogL: -13480.758 / Time: 0h:0m:20s (0h:0m:5s left)
Iteration 90 / LogL: -13480.758 / Time: 0h:0m:20s (0h:0m:2s left)
Iteration 100 / LogL: -13480.761 / Time: 0h:0m:20s (0h:0m:0s left)
TREE SEARCH COMPLETED AFTER 102 ITERATIONS / Time: 0h:0m:20s

--------------------------------------------------------------------
|                    FINALIZING TREE SEARCH                        |
--------------------------------------------------------------------
Performs final model parameters optimization
Estimate model parameters (epsilon = 0.010)
1. Initial log-likelihood: -13480.747
Optimal log-likelihood: -13480.747
Rate parameters:  A-C: 1.00000  A-G: 1.00000  A-T: 1.00000  C-G: 1.00000  C-T: 1.00000  G-T: 1.00000
Base frequencies:  A: 0.250  C: 0.250  G: 0.250  T: 0.250
Parameters optimization took 1 rounds (0.002 sec)
BEST SCORE FOUND : -13480.747
Total tree length: 0.441

Total number of iterations: 102
CPU time used for tree search: 2.643 sec (0h:0m:2s)
Wall-clock time used for tree search: 2.682 sec (0h:0m:2s)
Total CPU time used: 20.648 sec (0h:0m:20s)
Total wall-clock time used: 20.631 sec (0h:0m:20s)

Analysis results written to: 
  IQ-TREE report:                exp_stable_0.0005/m1_sel2_rep5/iqtree_out.iqtree
  Maximum-likelihood tree:       exp_stable_0.0005/m1_sel2_rep5/iqtree_out.treefile
  Likelihood distances:          exp_stable_0.0005/m1_sel2_rep5/iqtree_out.mldist
  Screen log file:               exp_stable_0.0005/m1_sel2_rep5/iqtree_out.log

Date and Time: Mon May 18 19:33:25 2026
