IQ-TREE version 3.1.1 for MacOS ARM 64-bit built Apr  8 2026
Developed by Bui Quang Minh, Thomas Wong, Nhan Ly-Trong, Huaiyan Ren
Contributed by Lam-Tung Nguyen, Dominik Schrempf, Chris Bielow,
Olga Chernomor, Michael Woodhams, Diep Thi Hoang, Heiko Schmidt

Host:    Noutbuk-maria.local (SSE4.2, 16 GB RAM)
Command: iqtree -s exp_stable_0.001/m5_sel1_rep1/neutral.fasta -m JC -nt AUTO -pre exp_stable_0.001/m5_sel1_rep1/iqtree_out -seed 1642 -redo
Seed:    1642 (Using SPRNG - Scalable Parallel Random Number Generator)
Time:    Sat May 16 00:23:59 2026
Kernel:  SSE2 - auto-detect threads (8 CPU cores detected)

Reading alignment file exp_stable_0.001/m5_sel1_rep1/neutral.fasta ... Fasta format detected
Reading fasta file: done in 0.00118113 secs using 89.74% CPU
Alignment most likely contains DNA/RNA sequences
Constructing alignment: done in 0.00133085 secs using 57.03% CPU
Alignment has 50 sequences with 3000 columns, 854 distinct patterns
302 parsimony-informative, 939 singleton sites, 1759 constant sites
          Gap/Ambiguity  Composition  p-value
Analyzing sequences: done in 6.19888e-05 secs using 129.1% CPU
   1  taxon_1     0.00%    passed     98.37%
   2  taxon_2     0.00%    passed     99.00%
   3  taxon_3     0.00%    passed     99.49%
   4  taxon_4     0.00%    passed     99.97%
   5  taxon_5     0.00%    passed     99.89%
   6  taxon_6     0.00%    passed     99.40%
   7  taxon_7     0.00%    passed     97.40%
   8  taxon_8     0.00%    passed     99.98%
   9  taxon_9     0.00%    passed     98.90%
  10  taxon_10    0.00%    passed     99.84%
  11  taxon_11    0.00%    passed     99.79%
  12  taxon_12    0.00%    passed     99.84%
  13  taxon_13    0.00%    passed     98.55%
  14  taxon_14    0.00%    passed     98.15%
  15  taxon_15    0.00%    passed     99.54%
  16  taxon_16    0.00%    passed     99.68%
  17  taxon_17    0.00%    passed     99.84%
  18  taxon_18    0.00%    passed     99.05%
  19  taxon_19    0.00%    passed     98.88%
  20  taxon_20    0.00%    passed     99.92%
  21  taxon_21    0.00%    passed     97.60%
  22  taxon_22    0.00%    passed     98.01%
  23  taxon_23    0.00%    passed     97.48%
  24  taxon_24    0.00%    passed     98.27%
  25  taxon_25    0.00%    passed     99.44%
  26  taxon_26    0.00%    passed     97.78%
  27  taxon_27    0.00%    passed     99.99%
  28  taxon_28    0.00%    passed     99.76%
  29  taxon_29    0.00%    passed     99.48%
  30  taxon_30    0.00%    passed     96.00%
  31  taxon_31    0.00%    passed     98.35%
  32  taxon_32    0.00%    passed     97.28%
  33  taxon_33    0.00%    passed     98.73%
  34  taxon_34    0.00%    passed     99.45%
  35  taxon_35    0.00%    passed     99.89%
  36  taxon_36    0.00%    passed     99.87%
  37  taxon_37    0.00%    passed     96.97%
  38  taxon_38    0.00%    passed     99.70%
  39  taxon_39    0.00%    passed     99.91%
  40  taxon_40    0.00%    passed     99.79%
  41  taxon_41    0.00%    passed     97.51%
  42  taxon_42    0.00%    passed     99.41%
  43  taxon_43    0.00%    passed     99.83%
  44  taxon_44    0.00%    passed     99.92%
  45  taxon_45    0.00%    passed     99.72%
  46  taxon_46    0.00%    passed     98.59%
  47  taxon_47    0.00%    passed     98.26%
  48  taxon_48    0.00%    passed     99.06%
  49  taxon_49    0.00%    passed     99.90%
  50  taxon_50    0.00%    passed     98.23%
****  TOTAL       0.00%  0 sequences failed composition chi2 test (p-value<5%; df=3)
Checking for duplicate sequences: done in 0.000117064 secs using 82.01% CPU

Create initial parsimony tree by phylogenetic likelihood library (PLL)... 0.002 seconds

NOTE: 1 MB RAM (0 GB) is required!
Measuring multi-threading efficiency up to 8 CPU cores
Increase to 10 rounds for branch lengths
1216 trees examined
Threads: 1 / Time: 8.001 sec / Speedup: 1.000 / Efficiency: 100% / LogL: -17878
Threads: 2 / Time: 9.719 sec / Speedup: 0.823 / Efficiency: 41% / LogL: -17878
Determining AUTO threadcount: done in 17.7204 secs using 107.9% CPU
BEST NUMBER OF THREADS: 1

Estimate model parameters (epsilon = 0.100)
1. Initial log-likelihood: -15354.915
Optimal log-likelihood: -15353.215
Rate parameters:  A-C: 1.00000  A-G: 1.00000  A-T: 1.00000  C-G: 1.00000  C-T: 1.00000  G-T: 1.00000
Base frequencies:  A: 0.250  C: 0.250  G: 0.250  T: 0.250
Parameters optimization took 1 rounds (0.005 sec)
Wrote distance file to... 
Computing ML distances based on estimated model parameters...
Calculating distance matrix: done in 0.00360417 secs using 86.54% CPU
Computing ML distances took 0.003713 sec (of wall-clock time) 0.003218 sec (of CPU time)
Setting up auxiliary I and S matrices: done in 5.48363e-05 secs using 94.83% CPU
Constructing RapidNJ tree: done in 0.000125885 secs using 175.6% CPU
Computing RapidNJ tree took 0.000204 sec (of wall-clock time) 0.000301 sec (of CPU time)
Log-likelihood of RapidNJ tree: -15418.504
--------------------------------------------------------------------
|             INITIALIZING CANDIDATE TREE SET                      |
--------------------------------------------------------------------
Generating 98 parsimony trees... 0.177 second
Computing log-likelihood of 98 initial trees ... 0.192 seconds
Current best score: -15353.212

Do NNI search on 20 best initial trees
Estimate model parameters (epsilon = 0.100)
BETTER TREE FOUND at iteration 1: -15353.207
Iteration 10 / LogL: -15353.208 / Time: 0h:0m:18s
Iteration 20 / LogL: -15353.212 / Time: 0h:0m:18s
Finish initializing candidate tree set (15)
Current best tree score: -15353.207 / CPU time: 0.653
Number of iterations: 20
--------------------------------------------------------------------
|               OPTIMIZING CANDIDATE TREE SET                      |
--------------------------------------------------------------------
Iteration 30 / LogL: -15353.223 / Time: 0h:0m:18s (0h:0m:45s left)
Iteration 40 / LogL: -15353.233 / Time: 0h:0m:18s (0h:0m:29s left)
Iteration 50 / LogL: -15353.222 / Time: 0h:0m:19s (0h:0m:20s left)
Iteration 60 / LogL: -15353.217 / Time: 0h:0m:19s (0h:0m:13s left)
Iteration 70 / LogL: -15353.215 / Time: 0h:0m:19s (0h:0m:8s left)
Iteration 80 / LogL: -15353.215 / Time: 0h:0m:20s (0h:0m:5s left)
Iteration 90 / LogL: -15353.224 / Time: 0h:0m:20s (0h:0m:2s left)
Iteration 100 / LogL: -15353.223 / Time: 0h:0m:20s (0h:0m:0s left)
TREE SEARCH COMPLETED AFTER 102 ITERATIONS / Time: 0h:0m:20s

--------------------------------------------------------------------
|                    FINALIZING TREE SEARCH                        |
--------------------------------------------------------------------
Performs final model parameters optimization
Estimate model parameters (epsilon = 0.010)
1. Initial log-likelihood: -15353.207
Optimal log-likelihood: -15353.206
Rate parameters:  A-C: 1.00000  A-G: 1.00000  A-T: 1.00000  C-G: 1.00000  C-T: 1.00000  G-T: 1.00000
Base frequencies:  A: 0.250  C: 0.250  G: 0.250  T: 0.250
Parameters optimization took 1 rounds (0.002 sec)
BEST SCORE FOUND : -15353.206
Total tree length: 0.546

Total number of iterations: 102
CPU time used for tree search: 3.132 sec (0h:0m:3s)
Wall-clock time used for tree search: 3.136 sec (0h:0m:3s)
Total CPU time used: 22.269 sec (0h:0m:22s)
Total wall-clock time used: 20.884 sec (0h:0m:20s)

Analysis results written to: 
  IQ-TREE report:                exp_stable_0.001/m5_sel1_rep1/iqtree_out.iqtree
  Maximum-likelihood tree:       exp_stable_0.001/m5_sel1_rep1/iqtree_out.treefile
  Likelihood distances:          exp_stable_0.001/m5_sel1_rep1/iqtree_out.mldist
  Screen log file:               exp_stable_0.001/m5_sel1_rep1/iqtree_out.log

Date and Time: Sat May 16 00:24:20 2026
