IQ-TREE version 3.1.1 for MacOS ARM 64-bit built Apr  8 2026
Developed by Bui Quang Minh, Thomas Wong, Nhan Ly-Trong, Huaiyan Ren
Contributed by Lam-Tung Nguyen, Dominik Schrempf, Chris Bielow,
Olga Chernomor, Michael Woodhams, Diep Thi Hoang, Heiko Schmidt

Host:    Noutbuk-maria.local (SSE4.2, 16 GB RAM)
Command: iqtree -s exp_baseline/m20_sel1000_rep3/combined.fasta -m JC -nt AUTO -pre exp_baseline/m20_sel1000_rep3/iqtree_out -seed 1002342 -redo
Seed:    1002342 (Using SPRNG - Scalable Parallel Random Number Generator)
Time:    Tue May 12 14:47:48 2026
Kernel:  SSE2 - auto-detect threads (8 CPU cores detected)

Reading alignment file exp_baseline/m20_sel1000_rep3/combined.fasta ... Fasta format detected
Reading fasta file: done in 0.000714064 secs using 91.31% CPU
Alignment most likely contains DNA/RNA sequences
Constructing alignment: done in 0.00126505 secs using 56.76% CPU
Alignment has 30 sequences with 3000 columns, 2016 distinct patterns
2954 parsimony-informative, 0 singleton sites, 46 constant sites
          Gap/Ambiguity  Composition  p-value
Analyzing sequences: done in 5.00679e-05 secs using 231.7% CPU
   1  taxon_1     0.00%    passed     50.81%
   2  taxon_2     0.00%    passed     59.04%
   3  taxon_3     0.00%    passed     25.04%
   4  taxon_4     0.00%    passed     24.77%
   5  taxon_5     0.00%    passed     11.51%
   6  taxon_6     0.00%    passed     84.29%
   7  taxon_7     0.00%    passed     64.76%
   8  taxon_8     0.00%    passed     38.11%
   9  taxon_9     0.00%    passed     28.41%
  10  taxon_10    0.00%    passed     56.24%
  11  taxon_11    0.00%    passed     30.21%
  12  taxon_12    0.00%    passed     18.61%
  13  taxon_13    0.00%    passed     13.71%
  14  taxon_14    0.00%    passed     34.90%
  15  taxon_15    0.00%    passed     38.20%
  16  taxon_16    0.00%    passed     38.98%
  17  taxon_17    0.00%    passed     11.52%
  18  taxon_18    0.00%    passed      5.31%
  19  taxon_19    0.00%    passed     48.52%
  20  taxon_20    0.00%    passed     46.08%
  21  taxon_21    0.00%    passed     35.95%
  22  taxon_22    0.00%    failed      4.53%
  23  taxon_23    0.00%    passed     46.37%
  24  taxon_24    0.00%    passed     30.35%
  25  taxon_25    0.00%    passed     40.28%
  26  taxon_26    0.00%    passed     52.40%
  27  taxon_27    0.00%    failed      0.93%
  28  taxon_28    0.00%    passed      6.67%
  29  taxon_29    0.00%    passed     28.11%
  30  taxon_30    0.00%    passed     75.65%
****  TOTAL       0.00%  2 sequences failed composition chi2 test (p-value<5%; df=3)
Checking for duplicate sequences: done in 0.000128031 secs using 90.6% CPU

Create initial parsimony tree by phylogenetic likelihood library (PLL)... 0.002 seconds

NOTE: 1 MB RAM (0 GB) is required!
Measuring multi-threading efficiency up to 8 CPU cores
Increase to 10 rounds for branch lengths
433 trees examined
Threads: 1 / Time: 8.001 sec / Speedup: 1.000 / Efficiency: 100% / LogL: -111088
Threads: 2 / Time: 8.595 sec / Speedup: 0.931 / Efficiency: 47% / LogL: -111088
Determining AUTO threadcount: done in 16.5963 secs using 108.7% CPU
BEST NUMBER OF THREADS: 1

Estimate model parameters (epsilon = 0.100)
1. Initial log-likelihood: -96290.300
Optimal log-likelihood: -95709.591
Rate parameters:  A-C: 1.00000  A-G: 1.00000  A-T: 1.00000  C-G: 1.00000  C-T: 1.00000  G-T: 1.00000
Base frequencies:  A: 0.250  C: 0.250  G: 0.250  T: 0.250
Parameters optimization took 1 rounds (0.009 sec)
Wrote distance file to... 
Computing ML distances based on estimated model parameters...
Calculating distance matrix: done in 0.00133705 secs using 99.02% CPU
Computing ML distances took 0.001478 sec (of wall-clock time) 0.001451 sec (of CPU time)
WARNING: Some pairwise ML distances are too long (saturated)
Setting up auxiliary I and S matrices: done in 2.40803e-05 secs using 74.75% CPU
Constructing RapidNJ tree: done in 4.60148e-05 secs using 150% CPU
Computing RapidNJ tree took 0.000092 sec (of wall-clock time) 0.000105 sec (of CPU time)
Log-likelihood of RapidNJ tree: -96876.832
--------------------------------------------------------------------
|             INITIALIZING CANDIDATE TREE SET                      |
--------------------------------------------------------------------
Generating 98 parsimony trees... 0.309 second
Computing log-likelihood of 98 initial trees ... 0.236 seconds
Current best score: -95709.591

Do NNI search on 20 best initial trees
Estimate model parameters (epsilon = 0.100)
BETTER TREE FOUND at iteration 1: -95692.358
Estimate model parameters (epsilon = 0.100)
BETTER TREE FOUND at iteration 2: -95675.115
Estimate model parameters (epsilon = 0.100)
BETTER TREE FOUND at iteration 3: -95673.166
Iteration 10 / LogL: -95701.645 / Time: 0h:0m:17s
Iteration 20 / LogL: -95746.283 / Time: 0h:0m:18s
Finish initializing candidate tree set (14)
Current best tree score: -95673.166 / CPU time: 1.522
Number of iterations: 20
--------------------------------------------------------------------
|               OPTIMIZING CANDIDATE TREE SET                      |
--------------------------------------------------------------------
Iteration 30 / LogL: -95696.390 / Time: 0h:0m:18s (0h:0m:47s left)
Iteration 40 / LogL: -95673.213 / Time: 0h:0m:19s (0h:0m:31s left)
Iteration 50 / LogL: -95675.093 / Time: 0h:0m:20s (0h:0m:21s left)
Iteration 60 / LogL: -95676.720 / Time: 0h:0m:21s (0h:0m:15s left)
Iteration 70 / LogL: -95675.093 / Time: 0h:0m:21s (0h:0m:10s left)
Iteration 80 / LogL: -95673.187 / Time: 0h:0m:22s (0h:0m:6s left)
Iteration 90 / LogL: -95723.620 / Time: 0h:0m:23s (0h:0m:3s left)
UPDATE BEST LOG-LIKELIHOOD: -95673.162
Iteration 100 / LogL: -95673.210 / Time: 0h:0m:23s (0h:0m:0s left)
TREE SEARCH COMPLETED AFTER 104 ITERATIONS / Time: 0h:0m:24s

--------------------------------------------------------------------
|                    FINALIZING TREE SEARCH                        |
--------------------------------------------------------------------
Performs final model parameters optimization
Estimate model parameters (epsilon = 0.010)
1. Initial log-likelihood: -95673.162
Optimal log-likelihood: -95673.156
Rate parameters:  A-C: 1.00000  A-G: 1.00000  A-T: 1.00000  C-G: 1.00000  C-T: 1.00000  G-T: 1.00000
Base frequencies:  A: 0.250  C: 0.250  G: 0.250  T: 0.250
Parameters optimization took 1 rounds (0.003 sec)
BEST SCORE FOUND : -95673.156
Total tree length: 13.165

Total number of iterations: 104
CPU time used for tree search: 7.284 sec (0h:0m:7s)
Wall-clock time used for tree search: 7.316 sec (0h:0m:7s)
Total CPU time used: 25.417 sec (0h:0m:25s)
Total wall-clock time used: 24.012 sec (0h:0m:24s)

Analysis results written to: 
  IQ-TREE report:                exp_baseline/m20_sel1000_rep3/iqtree_out.iqtree
  Maximum-likelihood tree:       exp_baseline/m20_sel1000_rep3/iqtree_out.treefile
  Likelihood distances:          exp_baseline/m20_sel1000_rep3/iqtree_out.mldist
  Screen log file:               exp_baseline/m20_sel1000_rep3/iqtree_out.log

Date and Time: Tue May 12 14:48:12 2026
