IQ-TREE version 3.1.1 for MacOS ARM 64-bit built Apr  8 2026
Developed by Bui Quang Minh, Thomas Wong, Nhan Ly-Trong, Huaiyan Ren
Contributed by Lam-Tung Nguyen, Dominik Schrempf, Chris Bielow,
Olga Chernomor, Michael Woodhams, Diep Thi Hoang, Heiko Schmidt

Host:    Noutbuk-maria.local (SSE4.2, 16 GB RAM)
Command: iqtree -s exp_baseline/m2_sel1000_rep4/combined.fasta -m JC -nt AUTO -pre exp_baseline/m2_sel1000_rep4/iqtree_out -seed 1000642 -redo
Seed:    1000642 (Using SPRNG - Scalable Parallel Random Number Generator)
Time:    Tue May 12 14:12:01 2026
Kernel:  SSE2 - auto-detect threads (8 CPU cores detected)

Reading alignment file exp_baseline/m2_sel1000_rep4/combined.fasta ... Fasta format detected
Reading fasta file: done in 0.000712156 secs using 90.57% CPU
Alignment most likely contains DNA/RNA sequences
Constructing alignment: done in 0.00129509 secs using 55.21% CPU
Alignment has 30 sequences with 3000 columns, 2016 distinct patterns
2671 parsimony-informative, 0 singleton sites, 329 constant sites
          Gap/Ambiguity  Composition  p-value
Analyzing sequences: done in 5.19753e-05 secs using 232.8% CPU
   1  taxon_1     0.00%    passed     85.09%
   2  taxon_2     0.00%    passed     56.92%
   3  taxon_3     0.00%    passed     87.21%
   4  taxon_4     0.00%    passed     91.36%
   5  taxon_5     0.00%    passed     97.96%
   6  taxon_6     0.00%    passed     11.14%
   7  taxon_7     0.00%    passed     61.04%
   8  taxon_8     0.00%    passed     87.35%
   9  taxon_9     0.00%    passed     11.29%
  10  taxon_10    0.00%    passed     75.68%
  11  taxon_11    0.00%    passed     38.55%
  12  taxon_12    0.00%    passed     89.20%
  13  taxon_13    0.00%    passed     19.93%
  14  taxon_14    0.00%    passed     85.80%
  15  taxon_15    0.00%    passed     41.59%
  16  taxon_16    0.00%    passed     39.22%
  17  taxon_17    0.00%    passed     63.01%
  18  taxon_18    0.00%    passed     38.27%
  19  taxon_19    0.00%    passed     61.14%
  20  taxon_20    0.00%    passed     75.01%
  21  taxon_21    0.00%    passed     54.63%
  22  taxon_22    0.00%    passed     12.91%
  23  taxon_23    0.00%    passed     53.69%
  24  taxon_24    0.00%    passed     11.10%
  25  taxon_25    0.00%    passed     49.52%
  26  taxon_26    0.00%    passed     11.26%
  27  taxon_27    0.00%    passed     97.53%
  28  taxon_28    0.00%    passed     93.10%
  29  taxon_29    0.00%    passed     71.48%
  30  taxon_30    0.00%    passed     67.26%
****  TOTAL       0.00%  0 sequences failed composition chi2 test (p-value<5%; df=3)
Checking for duplicate sequences: done in 0.000127792 secs using 91.55% CPU

Create initial parsimony tree by phylogenetic likelihood library (PLL)... 0.003 seconds

NOTE: 1 MB RAM (0 GB) is required!
Measuring multi-threading efficiency up to 8 CPU cores
Increase to 10 rounds for branch lengths
413 trees examined
Threads: 1 / Time: 8.017 sec / Speedup: 1.000 / Efficiency: 100% / LogL: -111349
Threads: 2 / Time: 8.783 sec / Speedup: 0.913 / Efficiency: 46% / LogL: -111349
Determining AUTO threadcount: done in 16.7992 secs using 107.9% CPU
BEST NUMBER OF THREADS: 1

Estimate model parameters (epsilon = 0.100)
1. Initial log-likelihood: -99510.613
Optimal log-likelihood: -99022.103
Rate parameters:  A-C: 1.00000  A-G: 1.00000  A-T: 1.00000  C-G: 1.00000  C-T: 1.00000  G-T: 1.00000
Base frequencies:  A: 0.250  C: 0.250  G: 0.250  T: 0.250
Parameters optimization took 1 rounds (0.009 sec)
Wrote distance file to... 
Computing ML distances based on estimated model parameters...
Calculating distance matrix: done in 0.00156498 secs using 99.36% CPU
Computing ML distances took 0.001705 sec (of wall-clock time) 0.001683 sec (of CPU time)
Setting up auxiliary I and S matrices: done in 2.40803e-05 secs using 74.75% CPU
Constructing RapidNJ tree: done in 4.79221e-05 secs using 156.5% CPU
Computing RapidNJ tree took 0.000097 sec (of wall-clock time) 0.000107 sec (of CPU time)
Log-likelihood of RapidNJ tree: -99972.698
--------------------------------------------------------------------
|             INITIALIZING CANDIDATE TREE SET                      |
--------------------------------------------------------------------
Generating 98 parsimony trees... 0.282 second
Computing log-likelihood of 98 initial trees ... 0.230 seconds
Current best score: -99022.103

Do NNI search on 20 best initial trees
Estimate model parameters (epsilon = 0.100)
BETTER TREE FOUND at iteration 1: -98995.498
Estimate model parameters (epsilon = 0.100)
BETTER TREE FOUND at iteration 2: -98991.386
Iteration 10 / LogL: -98996.236 / Time: 0h:0m:17s
Iteration 20 / LogL: -99211.336 / Time: 0h:0m:17s
Finish initializing candidate tree set (6)
Current best tree score: -98991.386 / CPU time: 1.040
Number of iterations: 20
--------------------------------------------------------------------
|               OPTIMIZING CANDIDATE TREE SET                      |
--------------------------------------------------------------------
Iteration 30 / LogL: -99005.326 / Time: 0h:0m:18s (0h:0m:45s left)
UPDATE BEST LOG-LIKELIHOOD: -98991.379
Iteration 40 / LogL: -98993.297 / Time: 0h:0m:18s (0h:0m:29s left)
Iteration 50 / LogL: -98991.744 / Time: 0h:0m:19s (0h:0m:20s left)
Iteration 60 / LogL: -99000.476 / Time: 0h:0m:19s (0h:0m:13s left)
Iteration 70 / LogL: -98991.627 / Time: 0h:0m:19s (0h:0m:9s left)
Iteration 80 / LogL: -99025.428 / Time: 0h:0m:20s (0h:0m:5s left)
Iteration 90 / LogL: -99000.005 / Time: 0h:0m:20s (0h:0m:2s left)
Iteration 100 / LogL: -98996.909 / Time: 0h:0m:20s (0h:0m:0s left)
TREE SEARCH COMPLETED AFTER 103 ITERATIONS / Time: 0h:0m:21s

--------------------------------------------------------------------
|                    FINALIZING TREE SEARCH                        |
--------------------------------------------------------------------
Performs final model parameters optimization
Estimate model parameters (epsilon = 0.010)
1. Initial log-likelihood: -98991.379
Optimal log-likelihood: -98991.370
Rate parameters:  A-C: 1.00000  A-G: 1.00000  A-T: 1.00000  C-G: 1.00000  C-T: 1.00000  G-T: 1.00000
Base frequencies:  A: 0.250  C: 0.250  G: 0.250  T: 0.250
Parameters optimization took 1 rounds (0.003 sec)
BEST SCORE FOUND : -98991.370
Total tree length: 13.335

Total number of iterations: 103
CPU time used for tree search: 4.226 sec (0h:0m:4s)
Wall-clock time used for tree search: 4.238 sec (0h:0m:4s)
Total CPU time used: 22.386 sec (0h:0m:22s)
Total wall-clock time used: 21.073 sec (0h:0m:21s)

Analysis results written to: 
  IQ-TREE report:                exp_baseline/m2_sel1000_rep4/iqtree_out.iqtree
  Maximum-likelihood tree:       exp_baseline/m2_sel1000_rep4/iqtree_out.treefile
  Likelihood distances:          exp_baseline/m2_sel1000_rep4/iqtree_out.mldist
  Screen log file:               exp_baseline/m2_sel1000_rep4/iqtree_out.log

Date and Time: Tue May 12 14:12:22 2026
