IQ-TREE version 3.1.1 for MacOS ARM 64-bit built Apr  8 2026
Developed by Bui Quang Minh, Thomas Wong, Nhan Ly-Trong, Huaiyan Ren
Contributed by Lam-Tung Nguyen, Dominik Schrempf, Chris Bielow,
Olga Chernomor, Michael Woodhams, Diep Thi Hoang, Heiko Schmidt

Host:    Noutbuk-maria.local (SSE4.2, 16 GB RAM)
Command: iqtree -s exp_baseline/m10_sel0_rep2/combined.fasta -m JC -nt AUTO -pre exp_baseline/m10_sel0_rep2/iqtree_out -seed 1242 -redo
Seed:    1242 (Using SPRNG - Scalable Parallel Random Number Generator)
Time:    Tue May 12 14:25:22 2026
Kernel:  SSE2 - auto-detect threads (8 CPU cores detected)

Reading alignment file exp_baseline/m10_sel0_rep2/combined.fasta ... Fasta format detected
Reading fasta file: done in 0.000488043 secs using 90.98% CPU
NOTE: Change sequence name 'taxon 1' -> taxon_1
NOTE: Change sequence name 'taxon 2' -> taxon_2
NOTE: Change sequence name 'taxon 3' -> taxon_3
NOTE: Change sequence name 'taxon 4' -> taxon_4
NOTE: Change sequence name 'taxon 5' -> taxon_5
NOTE: Change sequence name 'taxon 6' -> taxon_6
NOTE: Change sequence name 'taxon 7' -> taxon_7
NOTE: Change sequence name 'taxon 8' -> taxon_8
NOTE: Change sequence name 'taxon 9' -> taxon_9
NOTE: Change sequence name 'taxon 10' -> taxon_10
NOTE: Change sequence name 'taxon 11' -> taxon_11
NOTE: Change sequence name 'taxon 12' -> taxon_12
NOTE: Change sequence name 'taxon 13' -> taxon_13
NOTE: Change sequence name 'taxon 14' -> taxon_14
NOTE: Change sequence name 'taxon 15' -> taxon_15
NOTE: Change sequence name 'taxon 16' -> taxon_16
NOTE: Change sequence name 'taxon 17' -> taxon_17
NOTE: Change sequence name 'taxon 18' -> taxon_18
NOTE: Change sequence name 'taxon 19' -> taxon_19
NOTE: Change sequence name 'taxon 20' -> taxon_20
NOTE: Change sequence name 'taxon 21' -> taxon_21
NOTE: Change sequence name 'taxon 22' -> taxon_22
NOTE: Change sequence name 'taxon 23' -> taxon_23
NOTE: Change sequence name 'taxon 24' -> taxon_24
NOTE: Change sequence name 'taxon 25' -> taxon_25
NOTE: Change sequence name 'taxon 26' -> taxon_26
NOTE: Change sequence name 'taxon 27' -> taxon_27
NOTE: Change sequence name 'taxon 28' -> taxon_28
NOTE: Change sequence name 'taxon 29' -> taxon_29
NOTE: Change sequence name 'taxon 30' -> taxon_30
Alignment most likely contains DNA/RNA sequences
Constructing alignment: done in 0.000924826 secs using 58.28% CPU
Alignment has 30 sequences with 2000 columns, 2000 distinct patterns
2000 parsimony-informative, 0 singleton sites, 0 constant sites
          Gap/Ambiguity  Composition  p-value
Analyzing sequences: done in 4.60148e-05 secs using 265.1% CPU
   1  taxon_1     0.00%    failed      0.55%
   2  taxon_2     0.00%    passed     49.48%
   3  taxon_3     0.00%    passed     73.66%
   4  taxon_4     0.00%    passed     57.86%
   5  taxon_5     0.00%    passed     96.59%
   6  taxon_6     0.00%    passed      7.12%
   7  taxon_7     0.00%    passed     62.24%
   8  taxon_8     0.00%    failed      2.70%
   9  taxon_9     0.00%    passed     17.21%
  10  taxon_10    0.00%    passed     14.43%
  11  taxon_11    0.00%    passed     73.88%
  12  taxon_12    0.00%    passed     68.76%
  13  taxon_13    0.00%    passed     77.69%
  14  taxon_14    0.00%    passed     55.36%
  15  taxon_15    0.00%    passed     61.33%
  16  taxon_16    0.00%    passed     53.67%
  17  taxon_17    0.00%    passed     41.61%
  18  taxon_18    0.00%    passed     81.39%
  19  taxon_19    0.00%    passed     28.50%
  20  taxon_20    0.00%    passed     76.64%
  21  taxon_21    0.00%    passed     30.42%
  22  taxon_22    0.00%    passed     58.26%
  23  taxon_23    0.00%    passed     16.81%
  24  taxon_24    0.00%    passed     29.31%
  25  taxon_25    0.00%    passed     20.71%
  26  taxon_26    0.00%    passed     35.84%
  27  taxon_27    0.00%    passed     93.44%
  28  taxon_28    0.00%    passed     38.57%
  29  taxon_29    0.00%    passed     14.83%
  30  taxon_30    0.00%    passed     99.56%
****  TOTAL       0.00%  2 sequences failed composition chi2 test (p-value<5%; df=3)
Checking for duplicate sequences: done in 0.000129938 secs using 90.04% CPU

Create initial parsimony tree by phylogenetic likelihood library (PLL)... 0.002 seconds

NOTE: 1 MB RAM (0 GB) is required!
Measuring multi-threading efficiency up to 8 CPU cores
Increase to 10 rounds for branch lengths
387 trees examined
Threads: 1 / Time: 8.006 sec / Speedup: 1.000 / Efficiency: 100% / LogL: -80415
Threads: 2 / Time: 8.836 sec / Speedup: 0.906 / Efficiency: 45% / LogL: -80415
Determining AUTO threadcount: done in 16.8428 secs using 107.7% CPU
BEST NUMBER OF THREADS: 1

Estimate model parameters (epsilon = 0.100)
1. Initial log-likelihood: -77278.847
Optimal log-likelihood: -76735.081
Rate parameters:  A-C: 1.00000  A-G: 1.00000  A-T: 1.00000  C-G: 1.00000  C-T: 1.00000  G-T: 1.00000
Base frequencies:  A: 0.250  C: 0.250  G: 0.250  T: 0.250
Parameters optimization took 1 rounds (0.014 sec)
Wrote distance file to... 
Computing ML distances based on estimated model parameters...
Calculating distance matrix: done in 0.00120997 secs using 99.34% CPU
Computing ML distances took 0.001341 sec (of wall-clock time) 0.001326 sec (of CPU time)
WARNING: Some pairwise ML distances are too long (saturated)
Setting up auxiliary I and S matrices: done in 2.71797e-05 secs using 73.58% CPU
Constructing RapidNJ tree: done in 5.10216e-05 secs using 168.6% CPU
Computing RapidNJ tree took 0.000103 sec (of wall-clock time) 0.000129 sec (of CPU time)
Log-likelihood of RapidNJ tree: -76768.960
--------------------------------------------------------------------
|             INITIALIZING CANDIDATE TREE SET                      |
--------------------------------------------------------------------
Generating 98 parsimony trees... 0.292 second
Computing log-likelihood of 98 initial trees ... 0.254 seconds
Current best score: -76735.081

Do NNI search on 20 best initial trees
Estimate model parameters (epsilon = 0.100)
BETTER TREE FOUND at iteration 1: -76732.979
Iteration 10 / LogL: -76733.507 / Time: 0h:0m:17s
Iteration 20 / LogL: -76733.286 / Time: 0h:0m:18s
Finish initializing candidate tree set (1)
Current best tree score: -76732.979 / CPU time: 1.700
Number of iterations: 20
--------------------------------------------------------------------
|               OPTIMIZING CANDIDATE TREE SET                      |
--------------------------------------------------------------------
Iteration 30 / LogL: -76733.664 / Time: 0h:0m:19s (0h:0m:46s left)
Iteration 40 / LogL: -76733.159 / Time: 0h:0m:19s (0h:0m:30s left)
Iteration 50 / LogL: -76733.068 / Time: 0h:0m:20s (0h:0m:21s left)
Iteration 60 / LogL: -76733.015 / Time: 0h:0m:21s (0h:0m:14s left)
Iteration 70 / LogL: -76733.749 / Time: 0h:0m:21s (0h:0m:9s left)
Iteration 80 / LogL: -76733.486 / Time: 0h:0m:22s (0h:0m:5s left)
Iteration 90 / LogL: -76739.605 / Time: 0h:0m:22s (0h:0m:2s left)
Iteration 100 / LogL: -76734.296 / Time: 0h:0m:23s (0h:0m:0s left)
TREE SEARCH COMPLETED AFTER 102 ITERATIONS / Time: 0h:0m:23s

--------------------------------------------------------------------
|                    FINALIZING TREE SEARCH                        |
--------------------------------------------------------------------
Performs final model parameters optimization
Estimate model parameters (epsilon = 0.010)
1. Initial log-likelihood: -76732.979
Optimal log-likelihood: -76732.966
Rate parameters:  A-C: 1.00000  A-G: 1.00000  A-T: 1.00000  C-G: 1.00000  C-T: 1.00000  G-T: 1.00000
Base frequencies:  A: 0.250  C: 0.250  G: 0.250  T: 0.250
Parameters optimization took 1 rounds (0.003 sec)
BEST SCORE FOUND : -76732.966
Total tree length: 24.502

Total number of iterations: 102
CPU time used for tree search: 6.792 sec (0h:0m:6s)
Wall-clock time used for tree search: 6.828 sec (0h:0m:6s)
Total CPU time used: 24.971 sec (0h:0m:24s)
Total wall-clock time used: 23.717 sec (0h:0m:23s)

Analysis results written to: 
  IQ-TREE report:                exp_baseline/m10_sel0_rep2/iqtree_out.iqtree
  Maximum-likelihood tree:       exp_baseline/m10_sel0_rep2/iqtree_out.treefile
  Likelihood distances:          exp_baseline/m10_sel0_rep2/iqtree_out.mldist
  Screen log file:               exp_baseline/m10_sel0_rep2/iqtree_out.log

Date and Time: Tue May 12 14:25:46 2026
