IQ-TREE version 3.1.1 for MacOS ARM 64-bit built Apr  8 2026
Developed by Bui Quang Minh, Thomas Wong, Nhan Ly-Trong, Huaiyan Ren
Contributed by Lam-Tung Nguyen, Dominik Schrempf, Chris Bielow,
Olga Chernomor, Michael Woodhams, Diep Thi Hoang, Heiko Schmidt

Host:    Noutbuk-maria.local (SSE4.2, 16 GB RAM)
Command: iqtree -s exp_stable_0.001/m10_sel1_rep3/neutral.fasta -m JC -nt AUTO -pre exp_stable_0.001/m10_sel1_rep3/iqtree_out -seed 2342 -redo
Seed:    2342 (Using SPRNG - Scalable Parallel Random Number Generator)
Time:    Sun May 17 03:32:34 2026
Kernel:  SSE2 - auto-detect threads (8 CPU cores detected)

Reading alignment file exp_stable_0.001/m10_sel1_rep3/neutral.fasta ... Fasta format detected
Reading fasta file: done in 0.00117707 secs using 89.54% CPU
Alignment most likely contains DNA/RNA sequences
Constructing alignment: done in 0.00126195 secs using 58.24% CPU
Alignment has 50 sequences with 3000 columns, 581 distinct patterns
122 parsimony-informative, 681 singleton sites, 2197 constant sites
          Gap/Ambiguity  Composition  p-value
Analyzing sequences: done in 4.19617e-05 secs using 121.5% CPU
   1  taxon_1     0.00%    passed     99.98%
   2  taxon_2     0.00%    passed     99.41%
   3  taxon_3     0.00%    passed     99.66%
   4  taxon_4     0.00%    passed     99.80%
   5  taxon_5     0.00%    passed     99.87%
   6  taxon_6     0.00%    passed     99.55%
   7  taxon_7     0.00%    passed     99.65%
   8  taxon_8     0.00%    passed     98.16%
   9  taxon_9     0.00%    passed     98.92%
  10  taxon_10    0.00%    passed     99.89%
  11  taxon_11    0.00%    passed     99.73%
  12  taxon_12    0.00%    passed     97.37%
  13  taxon_13    0.00%    passed     99.24%
  14  taxon_14    0.00%    passed     99.79%
  15  taxon_15    0.00%    passed     99.59%
  16  taxon_16    0.00%    passed     99.58%
  17  taxon_17    0.00%    passed     99.42%
  18  taxon_18    0.00%    passed     99.68%
  19  taxon_19    0.00%    passed     99.92%
  20  taxon_20    0.00%    passed     98.73%
  21  taxon_21    0.00%    passed     99.81%
  22  taxon_22    0.00%    passed     99.42%
  23  taxon_23    0.00%    passed     99.77%
  24  taxon_24    0.00%    passed    100.00%
  25  taxon_25    0.00%    passed     99.98%
  26  taxon_26    0.00%    passed     99.73%
  27  taxon_27    0.00%    passed     99.24%
  28  taxon_28    0.00%    passed     99.73%
  29  taxon_29    0.00%    passed     99.79%
  30  taxon_30    0.00%    passed     99.96%
  31  taxon_31    0.00%    passed     99.96%
  32  taxon_32    0.00%    passed     99.81%
  33  taxon_33    0.00%    passed     99.84%
  34  taxon_34    0.00%    passed     99.98%
  35  taxon_35    0.00%    passed     99.19%
  36  taxon_36    0.00%    passed     99.92%
  37  taxon_37    0.00%    passed     99.92%
  38  taxon_38    0.00%    passed     99.48%
  39  taxon_39    0.00%    passed     99.25%
  40  taxon_40    0.00%    passed     99.62%
  41  taxon_41    0.00%    passed     99.74%
  42  taxon_42    0.00%    passed     99.87%
  43  taxon_43    0.00%    passed     99.37%
  44  taxon_44    0.00%    passed     99.89%
  45  taxon_45    0.00%    passed     99.88%
  46  taxon_46    0.00%    passed     99.44%
  47  taxon_47    0.00%    passed     99.49%
  48  taxon_48    0.00%    passed     99.95%
  49  taxon_49    0.00%    passed     99.77%
  50  taxon_50    0.00%    passed     99.72%
****  TOTAL       0.00%  0 sequences failed composition chi2 test (p-value<5%; df=3)
Checking for duplicate sequences: done in 8.98838e-05 secs using 77.88% CPU

Create initial parsimony tree by phylogenetic likelihood library (PLL)... 0.002 seconds

NOTE: 0 MB RAM (0 GB) is required!
Measuring multi-threading efficiency up to 8 CPU cores
Increase to 10 rounds for branch lengths
2194 trees examined
Threads: 1 / Time: 8.001 sec / Speedup: 1.000 / Efficiency: 100% / LogL: -12416
Threads: 2 / Time: 10.698 sec / Speedup: 0.748 / Efficiency: 37% / LogL: -12416
Determining AUTO threadcount: done in 18.6993 secs using 100.6% CPU
BEST NUMBER OF THREADS: 1

Estimate model parameters (epsilon = 0.100)
1. Initial log-likelihood: -11096.361
Optimal log-likelihood: -11094.262
Rate parameters:  A-C: 1.00000  A-G: 1.00000  A-T: 1.00000  C-G: 1.00000  C-T: 1.00000  G-T: 1.00000
Base frequencies:  A: 0.250  C: 0.250  G: 0.250  T: 0.250
Parameters optimization took 1 rounds (0.003 sec)
Wrote distance file to... 
Computing ML distances based on estimated model parameters...
Calculating distance matrix: done in 0.00340796 secs using 85.01% CPU
Computing ML distances took 0.003473 sec (of wall-clock time) 0.002957 sec (of CPU time)
Setting up auxiliary I and S matrices: done in 4.79221e-05 secs using 93.9% CPU
Constructing RapidNJ tree: done in 0.000118017 secs using 176.2% CPU
Computing RapidNJ tree took 0.000189 sec (of wall-clock time) 0.000278 sec (of CPU time)
Log-likelihood of RapidNJ tree: -11130.838
--------------------------------------------------------------------
|             INITIALIZING CANDIDATE TREE SET                      |
--------------------------------------------------------------------
Generating 98 parsimony trees... 0.122 second
Computing log-likelihood of 98 initial trees ... 0.113 seconds
Current best score: -11085.147

Do NNI search on 20 best initial trees
Estimate model parameters (epsilon = 0.100)
BETTER TREE FOUND at iteration 1: -11085.147
BETTER TREE FOUND at iteration 3: -11085.146
BETTER TREE FOUND at iteration 5: -11085.146
Iteration 10 / LogL: -11085.150 / Time: 0h:0m:19s
Iteration 20 / LogL: -11087.261 / Time: 0h:0m:19s
Finish initializing candidate tree set (20)
Current best tree score: -11085.146 / CPU time: 0.352
Number of iterations: 20
--------------------------------------------------------------------
|               OPTIMIZING CANDIDATE TREE SET                      |
--------------------------------------------------------------------
Iteration 30 / LogL: -11085.178 / Time: 0h:0m:19s (0h:0m:49s left)
Iteration 40 / LogL: -11085.160 / Time: 0h:0m:19s (0h:0m:32s left)
Iteration 50 / LogL: -11085.160 / Time: 0h:0m:19s (0h:0m:21s left)
Iteration 60 / LogL: -11087.278 / Time: 0h:0m:19s (0h:0m:15s left)
Iteration 70 / LogL: -11087.297 / Time: 0h:0m:19s (0h:0m:10s left)
Iteration 80 / LogL: -11104.240 / Time: 0h:0m:20s (0h:0m:6s left)
Iteration 90 / LogL: -11085.171 / Time: 0h:0m:20s (0h:0m:3s left)
Iteration 100 / LogL: -11087.290 / Time: 0h:0m:20s (0h:0m:1s left)
TREE SEARCH COMPLETED AFTER 106 ITERATIONS / Time: 0h:0m:20s

--------------------------------------------------------------------
|                    FINALIZING TREE SEARCH                        |
--------------------------------------------------------------------
Performs final model parameters optimization
Estimate model parameters (epsilon = 0.010)
1. Initial log-likelihood: -11085.146
Optimal log-likelihood: -11085.146
Rate parameters:  A-C: 1.00000  A-G: 1.00000  A-T: 1.00000  C-G: 1.00000  C-T: 1.00000  G-T: 1.00000
Base frequencies:  A: 0.250  C: 0.250  G: 0.250  T: 0.250
Parameters optimization took 1 rounds (0.002 sec)
BEST SCORE FOUND : -11085.146
Total tree length: 0.315

Total number of iterations: 106
CPU time used for tree search: 1.887 sec (0h:0m:1s)
Wall-clock time used for tree search: 1.913 sec (0h:0m:1s)
Total CPU time used: 20.720 sec (0h:0m:20s)
Total wall-clock time used: 20.636 sec (0h:0m:20s)

Analysis results written to: 
  IQ-TREE report:                exp_stable_0.001/m10_sel1_rep3/iqtree_out.iqtree
  Maximum-likelihood tree:       exp_stable_0.001/m10_sel1_rep3/iqtree_out.treefile
  Likelihood distances:          exp_stable_0.001/m10_sel1_rep3/iqtree_out.mldist
  Screen log file:               exp_stable_0.001/m10_sel1_rep3/iqtree_out.log

Date and Time: Sun May 17 03:32:55 2026
