IQ-TREE version 3.1.1 for MacOS ARM 64-bit built Apr  8 2026
Developed by Bui Quang Minh, Thomas Wong, Nhan Ly-Trong, Huaiyan Ren
Contributed by Lam-Tung Nguyen, Dominik Schrempf, Chris Bielow,
Olga Chernomor, Michael Woodhams, Diep Thi Hoang, Heiko Schmidt

Host:    Noutbuk-maria.local (SSE4.2, 16 GB RAM)
Command: iqtree -s exp_baseline/m200_sel200_rep1/combined.fasta -m JC -nt AUTO -pre exp_baseline/m200_sel200_rep1/iqtree_out -seed 220142 -redo
Seed:    220142 (Using SPRNG - Scalable Parallel Random Number Generator)
Time:    Tue May 12 15:18:59 2026
Kernel:  SSE2 - auto-detect threads (8 CPU cores detected)

Reading alignment file exp_baseline/m200_sel200_rep1/combined.fasta ... Fasta format detected
Reading fasta file: done in 0.00052309 secs using 90.81% CPU
Alignment most likely contains DNA/RNA sequences
Constructing alignment: done in 0.00101781 secs using 57.48% CPU
Alignment has 30 sequences with 2200 columns, 2013 distinct patterns
2199 parsimony-informative, 0 singleton sites, 1 constant sites
          Gap/Ambiguity  Composition  p-value
Analyzing sequences: done in 4.50611e-05 secs using 266.3% CPU
   1  taxon_1     0.00%    passed     80.38%
   2  taxon_2     0.00%    passed     25.99%
   3  taxon_3     0.00%    passed     99.86%
   4  taxon_4     0.00%    passed     97.81%
   5  taxon_5     0.00%    passed     49.48%
   6  taxon_6     0.00%    passed     30.23%
   7  taxon_7     0.00%    passed     99.76%
   8  taxon_8     0.00%    passed     70.64%
   9  taxon_9     0.00%    passed     23.25%
  10  taxon_10    0.00%    passed      9.42%
  11  taxon_11    0.00%    passed     60.68%
  12  taxon_12    0.00%    passed     58.12%
  13  taxon_13    0.00%    passed     86.61%
  14  taxon_14    0.00%    passed     70.44%
  15  taxon_15    0.00%    passed     34.41%
  16  taxon_16    0.00%    passed     75.48%
  17  taxon_17    0.00%    passed     52.71%
  18  taxon_18    0.00%    passed     54.49%
  19  taxon_19    0.00%    passed     49.98%
  20  taxon_20    0.00%    passed     91.36%
  21  taxon_21    0.00%    passed     55.89%
  22  taxon_22    0.00%    passed     75.56%
  23  taxon_23    0.00%    passed     85.84%
  24  taxon_24    0.00%    passed     81.99%
  25  taxon_25    0.00%    passed     94.42%
  26  taxon_26    0.00%    passed     96.23%
  27  taxon_27    0.00%    passed     65.52%
  28  taxon_28    0.00%    passed     31.23%
  29  taxon_29    0.00%    passed     31.15%
  30  taxon_30    0.00%    passed     83.02%
****  TOTAL       0.00%  0 sequences failed composition chi2 test (p-value<5%; df=3)
Checking for duplicate sequences: done in 0.000129938 secs using 89.27% CPU

Create initial parsimony tree by phylogenetic likelihood library (PLL)... 0.002 seconds

NOTE: 1 MB RAM (0 GB) is required!
Measuring multi-threading efficiency up to 8 CPU cores
Increase to 10 rounds for branch lengths
385 trees examined
Threads: 1 / Time: 8.008 sec / Speedup: 1.000 / Efficiency: 100% / LogL: -86363
Threads: 2 / Time: 8.693 sec / Speedup: 0.921 / Efficiency: 46% / LogL: -86363
Determining AUTO threadcount: done in 16.7006 secs using 108% CPU
BEST NUMBER OF THREADS: 1

Estimate model parameters (epsilon = 0.100)
1. Initial log-likelihood: -78197.013
Optimal log-likelihood: -77875.173
Rate parameters:  A-C: 1.00000  A-G: 1.00000  A-T: 1.00000  C-G: 1.00000  C-T: 1.00000  G-T: 1.00000
Base frequencies:  A: 0.250  C: 0.250  G: 0.250  T: 0.250
Parameters optimization took 1 rounds (0.017 sec)
Wrote distance file to... 
Computing ML distances based on estimated model parameters...
Calculating distance matrix: done in 0.00132298 secs using 99.17% CPU
Computing ML distances took 0.001461 sec (of wall-clock time) 0.001438 sec (of CPU time)
WARNING: Some pairwise ML distances are too long (saturated)
Setting up auxiliary I and S matrices: done in 2.40803e-05 secs using 70.6% CPU
Constructing RapidNJ tree: done in 4.50611e-05 secs using 162% CPU
Computing RapidNJ tree took 0.000092 sec (of wall-clock time) 0.000109 sec (of CPU time)
Log-likelihood of RapidNJ tree: -78311.446
--------------------------------------------------------------------
|             INITIALIZING CANDIDATE TREE SET                      |
--------------------------------------------------------------------
Generating 98 parsimony trees... 0.282 second
Computing log-likelihood of 98 initial trees ... 0.245 seconds
Current best score: -77875.173

Do NNI search on 20 best initial trees
Estimate model parameters (epsilon = 0.100)
BETTER TREE FOUND at iteration 1: -77865.143
Estimate model parameters (epsilon = 0.100)
BETTER TREE FOUND at iteration 2: -77775.695
Estimate model parameters (epsilon = 0.100)
BETTER TREE FOUND at iteration 4: -77775.207
Iteration 10 / LogL: -77794.767 / Time: 0h:0m:17s
Iteration 20 / LogL: -77891.771 / Time: 0h:0m:18s
Finish initializing candidate tree set (14)
Current best tree score: -77775.207 / CPU time: 1.556
Number of iterations: 20
--------------------------------------------------------------------
|               OPTIMIZING CANDIDATE TREE SET                      |
--------------------------------------------------------------------
UPDATE BEST LOG-LIKELIHOOD: -77775.206
Iteration 30 / LogL: -77797.119 / Time: 0h:0m:19s (0h:0m:48s left)
Iteration 40 / LogL: -77775.416 / Time: 0h:0m:19s (0h:0m:32s left)
Iteration 50 / LogL: -77775.915 / Time: 0h:0m:20s (0h:0m:22s left)
BETTER TREE FOUND at iteration 59: -77775.206
Iteration 60 / LogL: -77775.682 / Time: 0h:0m:21s (0h:0m:35s left)
Iteration 70 / LogL: -77775.836 / Time: 0h:0m:21s (0h:0m:28s left)
UPDATE BEST LOG-LIKELIHOOD: -77775.206
Iteration 80 / LogL: -77775.884 / Time: 0h:0m:22s (0h:0m:22s left)
Iteration 90 / LogL: -77775.206 / Time: 0h:0m:23s (0h:0m:18s left)
Iteration 100 / LogL: -77775.910 / Time: 0h:0m:24s (0h:0m:14s left)
Iteration 110 / LogL: -77775.212 / Time: 0h:0m:24s (0h:0m:11s left)
Iteration 120 / LogL: -77777.702 / Time: 0h:0m:25s (0h:0m:8s left)
Iteration 130 / LogL: -77953.514 / Time: 0h:0m:26s (0h:0m:5s left)
Iteration 140 / LogL: -77775.759 / Time: 0h:0m:26s (0h:0m:3s left)
Iteration 150 / LogL: -77775.207 / Time: 0h:0m:27s (0h:0m:1s left)
Iteration 160 / LogL: -77775.206 / Time: 0h:0m:28s (0h:0m:-1s left)
TREE SEARCH COMPLETED AFTER 160 ITERATIONS / Time: 0h:0m:28s

--------------------------------------------------------------------
|                    FINALIZING TREE SEARCH                        |
--------------------------------------------------------------------
Performs final model parameters optimization
Estimate model parameters (epsilon = 0.010)
1. Initial log-likelihood: -77775.206
Optimal log-likelihood: -77775.206
Rate parameters:  A-C: 1.00000  A-G: 1.00000  A-T: 1.00000  C-G: 1.00000  C-T: 1.00000  G-T: 1.00000
Base frequencies:  A: 0.250  C: 0.250  G: 0.250  T: 0.250
Parameters optimization took 1 rounds (0.003 sec)
BEST SCORE FOUND : -77775.206
Total tree length: 18.136

Total number of iterations: 160
CPU time used for tree search: 11.473 sec (0h:0m:11s)
Wall-clock time used for tree search: 11.503 sec (0h:0m:11s)
Total CPU time used: 29.576 sec (0h:0m:29s)
Total wall-clock time used: 28.266 sec (0h:0m:28s)

Analysis results written to: 
  IQ-TREE report:                exp_baseline/m200_sel200_rep1/iqtree_out.iqtree
  Maximum-likelihood tree:       exp_baseline/m200_sel200_rep1/iqtree_out.treefile
  Likelihood distances:          exp_baseline/m200_sel200_rep1/iqtree_out.mldist
  Screen log file:               exp_baseline/m200_sel200_rep1/iqtree_out.log

Date and Time: Tue May 12 15:19:27 2026
