IQ-TREE version 3.1.1 for MacOS ARM 64-bit built Apr  8 2026
Developed by Bui Quang Minh, Thomas Wong, Nhan Ly-Trong, Huaiyan Ren
Contributed by Lam-Tung Nguyen, Dominik Schrempf, Chris Bielow,
Olga Chernomor, Michael Woodhams, Diep Thi Hoang, Heiko Schmidt

Host:    Noutbuk-maria.local (SSE4.2, 16 GB RAM)
Command: iqtree -s exp_stable_0.001/m5_sel1_rep3/neutral.fasta -m JC -nt AUTO -pre exp_stable_0.001/m5_sel1_rep3/iqtree_out -seed 1842 -redo
Seed:    1842 (Using SPRNG - Scalable Parallel Random Number Generator)
Time:    Sun May 17 02:59:30 2026
Kernel:  SSE2 - auto-detect threads (8 CPU cores detected)

Reading alignment file exp_stable_0.001/m5_sel1_rep3/neutral.fasta ... Fasta format detected
Reading fasta file: done in 0.00117683 secs using 89.73% CPU
Alignment most likely contains DNA/RNA sequences
Constructing alignment: done in 0.001266 secs using 60.19% CPU
Alignment has 50 sequences with 3000 columns, 902 distinct patterns
454 parsimony-informative, 951 singleton sites, 1594 constant sites
          Gap/Ambiguity  Composition  p-value
Analyzing sequences: done in 7.79629e-05 secs using 118% CPU
   1  taxon_1     0.00%    passed     99.75%
   2  taxon_2     0.00%    passed     97.84%
   3  taxon_3     0.00%    passed     99.07%
   4  taxon_4     0.00%    passed     99.26%
   5  taxon_5     0.00%    passed     99.39%
   6  taxon_6     0.00%    passed     98.83%
   7  taxon_7     0.00%    passed     98.88%
   8  taxon_8     0.00%    passed     99.81%
   9  taxon_9     0.00%    passed     97.63%
  10  taxon_10    0.00%    passed     97.25%
  11  taxon_11    0.00%    passed     94.88%
  12  taxon_12    0.00%    passed     96.03%
  13  taxon_13    0.00%    passed     89.46%
  14  taxon_14    0.00%    passed     98.44%
  15  taxon_15    0.00%    passed     99.83%
  16  taxon_16    0.00%    passed     96.71%
  17  taxon_17    0.00%    passed     98.95%
  18  taxon_18    0.00%    passed     98.46%
  19  taxon_19    0.00%    passed     99.86%
  20  taxon_20    0.00%    passed     96.21%
  21  taxon_21    0.00%    passed     97.76%
  22  taxon_22    0.00%    passed     98.52%
  23  taxon_23    0.00%    passed     98.43%
  24  taxon_24    0.00%    passed     97.55%
  25  taxon_25    0.00%    passed     99.84%
  26  taxon_26    0.00%    passed     99.35%
  27  taxon_27    0.00%    passed     99.62%
  28  taxon_28    0.00%    passed     98.73%
  29  taxon_29    0.00%    passed     99.03%
  30  taxon_30    0.00%    passed     99.62%
  31  taxon_31    0.00%    passed     99.04%
  32  taxon_32    0.00%    passed     99.69%
  33  taxon_33    0.00%    passed     99.38%
  34  taxon_34    0.00%    passed     99.28%
  35  taxon_35    0.00%    passed     99.88%
  36  taxon_36    0.00%    passed     99.21%
  37  taxon_37    0.00%    passed     98.42%
  38  taxon_38    0.00%    passed     99.98%
  39  taxon_39    0.00%    passed     99.45%
  40  taxon_40    0.00%    passed     99.88%
  41  taxon_41    0.00%    passed     99.47%
  42  taxon_42    0.00%    passed     97.94%
  43  taxon_43    0.00%    passed     99.46%
  44  taxon_44    0.00%    passed     99.93%
  45  taxon_45    0.00%    passed     99.89%
  46  taxon_46    0.00%    passed     98.16%
  47  taxon_47    0.00%    passed     99.98%
  48  taxon_48    0.00%    passed     95.77%
  49  taxon_49    0.00%    passed     99.34%
  50  taxon_50    0.00%    passed     99.31%
****  TOTAL       0.00%  0 sequences failed composition chi2 test (p-value<5%; df=3)
Checking for duplicate sequences: done in 0.000123024 secs using 82.1% CPU

Create initial parsimony tree by phylogenetic likelihood library (PLL)... 0.003 seconds

NOTE: 1 MB RAM (0 GB) is required!
Measuring multi-threading efficiency up to 8 CPU cores
Increase to 10 rounds for branch lengths
1213 trees examined
Threads: 1 / Time: 8.001 sec / Speedup: 1.000 / Efficiency: 100% / LogL: -26636
Threads: 2 / Time: 9.331 sec / Speedup: 0.858 / Efficiency: 43% / LogL: -26636
Determining AUTO threadcount: done in 17.3318 secs using 106.5% CPU
BEST NUMBER OF THREADS: 1

Estimate model parameters (epsilon = 0.100)
1. Initial log-likelihood: -16353.008
Optimal log-likelihood: -16348.873
Rate parameters:  A-C: 1.00000  A-G: 1.00000  A-T: 1.00000  C-G: 1.00000  C-T: 1.00000  G-T: 1.00000
Base frequencies:  A: 0.250  C: 0.250  G: 0.250  T: 0.250
Parameters optimization took 1 rounds (0.004 sec)
Wrote distance file to... 
Computing ML distances based on estimated model parameters...
Calculating distance matrix: done in 0.0028739 secs using 92.35% CPU
Computing ML distances took 0.002970 sec (of wall-clock time) 0.002744 sec (of CPU time)
Setting up auxiliary I and S matrices: done in 4.41074e-05 secs using 99.76% CPU
Constructing RapidNJ tree: done in 0.000105143 secs using 175% CPU
Computing RapidNJ tree took 0.000171 sec (of wall-clock time) 0.000252 sec (of CPU time)
Log-likelihood of RapidNJ tree: -16402.787
--------------------------------------------------------------------
|             INITIALIZING CANDIDATE TREE SET                      |
--------------------------------------------------------------------
Generating 98 parsimony trees... 0.216 second
Computing log-likelihood of 98 initial trees ... 0.180 seconds
Current best score: -16348.865

Do NNI search on 20 best initial trees
Estimate model parameters (epsilon = 0.100)
BETTER TREE FOUND at iteration 1: -16348.860
UPDATE BEST LOG-LIKELIHOOD: -16348.860
Iteration 10 / LogL: -16348.864 / Time: 0h:0m:17s
Iteration 20 / LogL: -16348.864 / Time: 0h:0m:18s
Finish initializing candidate tree set (1)
Current best tree score: -16348.860 / CPU time: 0.650
Number of iterations: 20
--------------------------------------------------------------------
|               OPTIMIZING CANDIDATE TREE SET                      |
--------------------------------------------------------------------
Iteration 30 / LogL: -16353.624 / Time: 0h:0m:18s (0h:0m:44s left)
Iteration 40 / LogL: -16474.982 / Time: 0h:0m:18s (0h:0m:29s left)
Iteration 50 / LogL: -16348.877 / Time: 0h:0m:18s (0h:0m:19s left)
Iteration 60 / LogL: -16359.065 / Time: 0h:0m:19s (0h:0m:13s left)
Iteration 70 / LogL: -16348.867 / Time: 0h:0m:19s (0h:0m:8s left)
Iteration 80 / LogL: -16348.873 / Time: 0h:0m:19s (0h:0m:5s left)
Iteration 90 / LogL: -16348.866 / Time: 0h:0m:20s (0h:0m:2s left)
Iteration 100 / LogL: -16353.677 / Time: 0h:0m:20s (0h:0m:0s left)
TREE SEARCH COMPLETED AFTER 102 ITERATIONS / Time: 0h:0m:20s

--------------------------------------------------------------------
|                    FINALIZING TREE SEARCH                        |
--------------------------------------------------------------------
Performs final model parameters optimization
Estimate model parameters (epsilon = 0.010)
1. Initial log-likelihood: -16348.860
Optimal log-likelihood: -16348.860
Rate parameters:  A-C: 1.00000  A-G: 1.00000  A-T: 1.00000  C-G: 1.00000  C-T: 1.00000  G-T: 1.00000
Base frequencies:  A: 0.250  C: 0.250  G: 0.250  T: 0.250
Parameters optimization took 1 rounds (0.004 sec)
BEST SCORE FOUND : -16348.860
Total tree length: 0.618

Total number of iterations: 102
CPU time used for tree search: 3.010 sec (0h:0m:3s)
Wall-clock time used for tree search: 3.037 sec (0h:0m:3s)
Total CPU time used: 21.489 sec (0h:0m:21s)
Total wall-clock time used: 20.397 sec (0h:0m:20s)

Analysis results written to: 
  IQ-TREE report:                exp_stable_0.001/m5_sel1_rep3/iqtree_out.iqtree
  Maximum-likelihood tree:       exp_stable_0.001/m5_sel1_rep3/iqtree_out.treefile
  Likelihood distances:          exp_stable_0.001/m5_sel1_rep3/iqtree_out.mldist
  Screen log file:               exp_stable_0.001/m5_sel1_rep3/iqtree_out.log

Date and Time: Sun May 17 02:59:50 2026
