IQ-TREE version 3.1.1 for MacOS ARM 64-bit built Apr  8 2026
Developed by Bui Quang Minh, Thomas Wong, Nhan Ly-Trong, Huaiyan Ren
Contributed by Lam-Tung Nguyen, Dominik Schrempf, Chris Bielow,
Olga Chernomor, Michael Woodhams, Diep Thi Hoang, Heiko Schmidt

Host:    Noutbuk-maria.local (SSE4.2, 16 GB RAM)
Command: iqtree -s exp_baseline/m5_sel200_rep3/combined.fasta -m JC -nt AUTO -pre exp_baseline/m5_sel200_rep3/iqtree_out -seed 200842 -redo
Seed:    200842 (Using SPRNG - Scalable Parallel Random Number Generator)
Time:    Tue May 12 14:19:01 2026
Kernel:  SSE2 - auto-detect threads (8 CPU cores detected)

Reading alignment file exp_baseline/m5_sel200_rep3/combined.fasta ... Fasta format detected
Reading fasta file: done in 0.000522852 secs using 91.23% CPU
Alignment most likely contains DNA/RNA sequences
Constructing alignment: done in 0.00100398 secs using 58.67% CPU
Alignment has 30 sequences with 2200 columns, 2016 distinct patterns
2172 parsimony-informative, 0 singleton sites, 28 constant sites
          Gap/Ambiguity  Composition  p-value
Analyzing sequences: done in 4.31538e-05 secs using 266.5% CPU
   1  taxon_1     0.00%    passed     91.72%
   2  taxon_2     0.00%    passed     66.16%
   3  taxon_3     0.00%    passed     18.45%
   4  taxon_4     0.00%    passed     91.24%
   5  taxon_5     0.00%    passed     52.19%
   6  taxon_6     0.00%    passed     77.24%
   7  taxon_7     0.00%    passed     89.99%
   8  taxon_8     0.00%    passed     50.93%
   9  taxon_9     0.00%    passed     55.74%
  10  taxon_10    0.00%    passed     25.14%
  11  taxon_11    0.00%    passed     84.24%
  12  taxon_12    0.00%    passed     78.55%
  13  taxon_13    0.00%    passed     30.64%
  14  taxon_14    0.00%    passed     46.37%
  15  taxon_15    0.00%    passed     57.41%
  16  taxon_16    0.00%    passed     22.65%
  17  taxon_17    0.00%    passed     86.16%
  18  taxon_18    0.00%    passed     98.54%
  19  taxon_19    0.00%    passed     13.18%
  20  taxon_20    0.00%    passed     43.14%
  21  taxon_21    0.00%    passed     92.91%
  22  taxon_22    0.00%    passed     91.52%
  23  taxon_23    0.00%    passed     50.07%
  24  taxon_24    0.00%    passed     35.61%
  25  taxon_25    0.00%    passed     42.25%
  26  taxon_26    0.00%    passed     98.02%
  27  taxon_27    0.00%    passed      5.22%
  28  taxon_28    0.00%    passed      6.60%
  29  taxon_29    0.00%    passed     66.58%
  30  taxon_30    0.00%    passed     99.15%
****  TOTAL       0.00%  0 sequences failed composition chi2 test (p-value<5%; df=3)
Checking for duplicate sequences: done in 0.000132084 secs using 87.82% CPU

Create initial parsimony tree by phylogenetic likelihood library (PLL)... 0.002 seconds

NOTE: 1 MB RAM (0 GB) is required!
Measuring multi-threading efficiency up to 8 CPU cores
Increase to 10 rounds for branch lengths
395 trees examined
Threads: 1 / Time: 8.005 sec / Speedup: 1.000 / Efficiency: 100% / LogL: -86483
Threads: 2 / Time: 8.920 sec / Speedup: 0.897 / Efficiency: 45% / LogL: -86483
Determining AUTO threadcount: done in 16.9253 secs using 108.1% CPU
BEST NUMBER OF THREADS: 1

Estimate model parameters (epsilon = 0.100)
1. Initial log-likelihood: -80865.900
Optimal log-likelihood: -80282.559
Rate parameters:  A-C: 1.00000  A-G: 1.00000  A-T: 1.00000  C-G: 1.00000  C-T: 1.00000  G-T: 1.00000
Base frequencies:  A: 0.250  C: 0.250  G: 0.250  T: 0.250
Parameters optimization took 1 rounds (0.017 sec)
Wrote distance file to... 
Computing ML distances based on estimated model parameters...
Calculating distance matrix: done in 0.00142002 secs using 99.36% CPU
Computing ML distances took 0.001557 sec (of wall-clock time) 0.001541 sec (of CPU time)
WARNING: Some pairwise ML distances are too long (saturated)
Setting up auxiliary I and S matrices: done in 2.71797e-05 secs using 73.58% CPU
Constructing RapidNJ tree: done in 4.81606e-05 secs using 89.28% CPU
Computing RapidNJ tree took 0.000101 sec (of wall-clock time) 0.000072 sec (of CPU time)
Log-likelihood of RapidNJ tree: -80919.115
--------------------------------------------------------------------
|             INITIALIZING CANDIDATE TREE SET                      |
--------------------------------------------------------------------
Generating 98 parsimony trees... 0.295 second
Computing log-likelihood of 98 initial trees ... 0.241 seconds
Current best score: -80282.559

Do NNI search on 20 best initial trees
Estimate model parameters (epsilon = 0.100)
BETTER TREE FOUND at iteration 1: -80246.329
Estimate model parameters (epsilon = 0.100)
BETTER TREE FOUND at iteration 2: -80156.363
Estimate model parameters (epsilon = 0.100)
BETTER TREE FOUND at iteration 8: -80153.738
Iteration 10 / LogL: -80153.738 / Time: 0h:0m:18s
Estimate model parameters (epsilon = 0.100)
BETTER TREE FOUND at iteration 13: -80144.011
Iteration 20 / LogL: -80154.673 / Time: 0h:0m:18s
Finish initializing candidate tree set (13)
Current best tree score: -80144.011 / CPU time: 1.748
Number of iterations: 20
--------------------------------------------------------------------
|               OPTIMIZING CANDIDATE TREE SET                      |
--------------------------------------------------------------------
Iteration 30 / LogL: -80153.741 / Time: 0h:0m:19s (0h:0m:55s left)
Iteration 40 / LogL: -80147.064 / Time: 0h:0m:20s (0h:0m:37s left)
Estimate model parameters (epsilon = 0.100)
BETTER TREE FOUND at iteration 41: -80120.565
Iteration 50 / LogL: -80120.571 / Time: 0h:0m:20s (0h:0m:38s left)
Estimate model parameters (epsilon = 0.100)
BETTER TREE FOUND at iteration 53: -80119.329
Iteration 60 / LogL: -80170.160 / Time: 0h:0m:21s (0h:0m:33s left)
Iteration 70 / LogL: -80119.332 / Time: 0h:0m:22s (0h:0m:26s left)
Iteration 80 / LogL: -80119.498 / Time: 0h:0m:22s (0h:0m:20s left)
Iteration 90 / LogL: -80120.569 / Time: 0h:0m:23s (0h:0m:16s left)
Iteration 100 / LogL: -80120.573 / Time: 0h:0m:24s (0h:0m:12s left)
Iteration 110 / LogL: -80119.369 / Time: 0h:0m:24s (0h:0m:9s left)
Iteration 120 / LogL: -80123.822 / Time: 0h:0m:25s (0h:0m:6s left)
Iteration 130 / LogL: -80120.320 / Time: 0h:0m:25s (0h:0m:4s left)
Iteration 140 / LogL: -80122.150 / Time: 0h:0m:26s (0h:0m:2s left)
Iteration 150 / LogL: -80119.591 / Time: 0h:0m:27s (0h:0m:0s left)
TREE SEARCH COMPLETED AFTER 154 ITERATIONS / Time: 0h:0m:27s

--------------------------------------------------------------------
|                    FINALIZING TREE SEARCH                        |
--------------------------------------------------------------------
Performs final model parameters optimization
Estimate model parameters (epsilon = 0.010)
1. Initial log-likelihood: -80119.329
Optimal log-likelihood: -80119.329
Rate parameters:  A-C: 1.00000  A-G: 1.00000  A-T: 1.00000  C-G: 1.00000  C-T: 1.00000  G-T: 1.00000
Base frequencies:  A: 0.250  C: 0.250  G: 0.250  T: 0.250
Parameters optimization took 1 rounds (0.003 sec)
BEST SCORE FOUND : -80119.329
Total tree length: 20.461

Total number of iterations: 154
CPU time used for tree search: 10.244 sec (0h:0m:10s)
Wall-clock time used for tree search: 10.278 sec (0h:0m:10s)
Total CPU time used: 28.624 sec (0h:0m:28s)
Total wall-clock time used: 27.285 sec (0h:0m:27s)

Analysis results written to: 
  IQ-TREE report:                exp_baseline/m5_sel200_rep3/iqtree_out.iqtree
  Maximum-likelihood tree:       exp_baseline/m5_sel200_rep3/iqtree_out.treefile
  Likelihood distances:          exp_baseline/m5_sel200_rep3/iqtree_out.mldist
  Screen log file:               exp_baseline/m5_sel200_rep3/iqtree_out.log

Date and Time: Tue May 12 14:19:28 2026
