IQ-TREE version 3.1.1 for MacOS ARM 64-bit built Apr  8 2026
Developed by Bui Quang Minh, Thomas Wong, Nhan Ly-Trong, Huaiyan Ren
Contributed by Lam-Tung Nguyen, Dominik Schrempf, Chris Bielow,
Olga Chernomor, Michael Woodhams, Diep Thi Hoang, Heiko Schmidt

Host:    Noutbuk-maria.local (SSE4.2, 16 GB RAM)
Command: iqtree -s exp_stable_0.001/m0_sel1_rep2/neutral.fasta -m JC -nt AUTO -pre exp_stable_0.001/m0_sel1_rep2/iqtree_out -seed 1242 -redo
Seed:    1242 (Using SPRNG - Scalable Parallel Random Number Generator)
Time:    Fri May 15 22:34:31 2026
Kernel:  SSE2 - auto-detect threads (8 CPU cores detected)

Reading alignment file exp_stable_0.001/m0_sel1_rep2/neutral.fasta ... Fasta format detected
Reading fasta file: done in 0.00168991 secs using 89.71% CPU
Alignment most likely contains DNA/RNA sequences
Constructing alignment: done in 0.00259113 secs using 58.16% CPU
Alignment has 50 sequences with 3000 columns, 2973 distinct patterns
2782 parsimony-informative, 200 singleton sites, 18 constant sites
          Gap/Ambiguity  Composition  p-value
Analyzing sequences: done in 0.000124931 secs using 351.4% CPU
   1  taxon_1     0.00%    passed     97.31%
   2  taxon_2     0.00%    passed     99.50%
   3  taxon_3     0.00%    passed     98.32%
   4  taxon_4     0.00%    passed     67.32%
   5  taxon_5     0.00%    passed     59.71%
   6  taxon_6     0.00%    passed     99.76%
   7  taxon_7     0.00%    passed     94.23%
   8  taxon_8     0.00%    passed     95.46%
   9  taxon_9     0.00%    passed     98.83%
  10  taxon_10    0.00%    passed     96.66%
  11  taxon_11    0.00%    passed     96.21%
  12  taxon_12    0.00%    passed     97.22%
  13  taxon_13    0.00%    passed     95.17%
  14  taxon_14    0.00%    passed     96.08%
  15  taxon_15    0.00%    passed     73.80%
  16  taxon_16    0.00%    passed     94.80%
  17  taxon_17    0.00%    passed     97.91%
  18  taxon_18    0.00%    passed     65.46%
  19  taxon_19    0.00%    passed     95.64%
  20  taxon_20    0.00%    passed     96.22%
  21  taxon_21    0.00%    passed     92.61%
  22  taxon_22    0.00%    passed     58.14%
  23  taxon_23    0.00%    passed     84.38%
  24  taxon_24    0.00%    passed     84.42%
  25  taxon_25    0.00%    passed     87.58%
  26  taxon_26    0.00%    passed     79.80%
  27  taxon_27    0.00%    passed     79.11%
  28  taxon_28    0.00%    passed     81.41%
  29  taxon_29    0.00%    passed     77.34%
  30  taxon_30    0.00%    passed     56.85%
  31  taxon_31    0.00%    passed     86.25%
  32  taxon_32    0.00%    passed     97.23%
  33  taxon_33    0.00%    passed     75.81%
  34  taxon_34    0.00%    passed     79.91%
  35  taxon_35    0.00%    passed     88.41%
  36  taxon_36    0.00%    passed     96.80%
  37  taxon_37    0.00%    passed     96.07%
  38  taxon_38    0.00%    passed     96.02%
  39  taxon_39    0.00%    passed     87.64%
  40  taxon_40    0.00%    passed     98.41%
  41  taxon_41    0.00%    passed     56.70%
  42  taxon_42    0.00%    passed     45.93%
  43  taxon_43    0.00%    passed     61.27%
  44  taxon_44    0.00%    passed     82.49%
  45  taxon_45    0.00%    passed     62.89%
  46  taxon_46    0.00%    passed     71.72%
  47  taxon_47    0.00%    passed     93.72%
  48  taxon_48    0.00%    passed     97.17%
  49  taxon_49    0.00%    passed     77.29%
  50  taxon_50    0.00%    passed     92.11%
****  TOTAL       0.00%  0 sequences failed composition chi2 test (p-value<5%; df=3)
Checking for duplicate sequences: done in 0.000406027 secs using 94.33% CPU

Create initial parsimony tree by phylogenetic likelihood library (PLL)... 0.063 seconds

NOTE: 4 MB RAM (0 GB) is required!
Measuring multi-threading efficiency up to 8 CPU cores
Increase to 10 rounds for branch lengths
63 trees examined
Threads: 1 / Time: 8.007 sec / Speedup: 1.000 / Efficiency: 100% / LogL: -101699
Threads: 2 / Time: 7.354 sec / Speedup: 1.089 / Efficiency: 54% / LogL: -101699
Threads: 3 / Time: 6.509 sec / Speedup: 1.230 / Efficiency: 41% / LogL: -101699
Determining AUTO threadcount: done in 21.8715 secs using 61.82% CPU
BEST NUMBER OF THREADS: 2

Estimate model parameters (epsilon = 0.100)
1. Initial log-likelihood: -70431.108
Optimal log-likelihood: -70342.698
Rate parameters:  A-C: 1.00000  A-G: 1.00000  A-T: 1.00000  C-G: 1.00000  C-T: 1.00000  G-T: 1.00000
Base frequencies:  A: 0.250  C: 0.250  G: 0.250  T: 0.250
Parameters optimization took 1 rounds (0.030 sec)
Wrote distance file to... 
Computing ML distances based on estimated model parameters...
Calculating distance matrix: done in 0.00568509 secs using 166.7% CPU
Computing ML distances took 0.006294 sec (of wall-clock time) 0.010203 sec (of CPU time)
Setting up auxiliary I and S matrices: done in 6.50883e-05 secs using 149% CPU
Constructing RapidNJ tree: done in 0.00170398 secs using 67.67% CPU
Computing RapidNJ tree took 0.001800 sec (of wall-clock time) 0.001276 sec (of CPU time)
Log-likelihood of RapidNJ tree: -70566.407
--------------------------------------------------------------------
|             INITIALIZING CANDIDATE TREE SET                      |
--------------------------------------------------------------------
Generating 98 parsimony trees... 1.701 second
Computing log-likelihood of 98 initial trees ... 2.060 seconds
Current best score: -70342.698

Do NNI search on 20 best initial trees
Estimate model parameters (epsilon = 0.100)
BETTER TREE FOUND at iteration 1: -70342.454
Iteration 10 / LogL: -70343.023 / Time: 0h:0m:28s
Iteration 20 / LogL: -70342.500 / Time: 0h:0m:30s
Finish initializing candidate tree set (2)
Current best tree score: -70342.454 / CPU time: 8.893
Number of iterations: 20
--------------------------------------------------------------------
|               OPTIMIZING CANDIDATE TREE SET                      |
--------------------------------------------------------------------
Iteration 30 / LogL: -70342.454 / Time: 0h:0m:33s (0h:1m:22s left)
Iteration 40 / LogL: -70342.454 / Time: 0h:0m:36s (0h:0m:57s left)
Iteration 50 / LogL: -70367.952 / Time: 0h:0m:40s (0h:0m:42s left)
Iteration 60 / LogL: -70367.522 / Time: 0h:0m:44s (0h:0m:30s left)
Iteration 70 / LogL: -70342.454 / Time: 0h:0m:46s (0h:0m:21s left)
Iteration 80 / LogL: -70367.496 / Time: 0h:0m:50s (0h:0m:13s left)
Iteration 90 / LogL: -70342.454 / Time: 0h:0m:53s (0h:0m:6s left)
Iteration 100 / LogL: -70367.413 / Time: 0h:0m:57s (0h:0m:0s left)
TREE SEARCH COMPLETED AFTER 102 ITERATIONS / Time: 0h:0m:57s

--------------------------------------------------------------------
|                    FINALIZING TREE SEARCH                        |
--------------------------------------------------------------------
Performs final model parameters optimization
Estimate model parameters (epsilon = 0.010)
1. Initial log-likelihood: -70342.454
Optimal log-likelihood: -70342.454
Rate parameters:  A-C: 1.00000  A-G: 1.00000  A-T: 1.00000  C-G: 1.00000  C-T: 1.00000  G-T: 1.00000
Base frequencies:  A: 0.250  C: 0.250  G: 0.250  T: 0.250
Parameters optimization took 1 rounds (0.031 sec)
BEST SCORE FOUND : -70342.454
Total tree length: 5.052

Total number of iterations: 102
CPU time used for tree search: 20.642 sec (0h:0m:20s)
Wall-clock time used for tree search: 35.791 sec (0h:0m:35s)
Total CPU time used: 34.263 sec (0h:0m:34s)
Total wall-clock time used: 57.903 sec (0h:0m:57s)

Analysis results written to: 
  IQ-TREE report:                exp_stable_0.001/m0_sel1_rep2/iqtree_out.iqtree
  Maximum-likelihood tree:       exp_stable_0.001/m0_sel1_rep2/iqtree_out.treefile
  Likelihood distances:          exp_stable_0.001/m0_sel1_rep2/iqtree_out.mldist
  Screen log file:               exp_stable_0.001/m0_sel1_rep2/iqtree_out.log

Date and Time: Fri May 15 22:35:29 2026
