IQ-TREE version 3.1.1 for MacOS ARM 64-bit built Apr  8 2026
Developed by Bui Quang Minh, Thomas Wong, Nhan Ly-Trong, Huaiyan Ren
Contributed by Lam-Tung Nguyen, Dominik Schrempf, Chris Bielow,
Olga Chernomor, Michael Woodhams, Diep Thi Hoang, Heiko Schmidt

Host:    Noutbuk-maria.local (SSE4.2, 16 GB RAM)
Command: iqtree -s exp_baseline/m100_sel500_rep5/combined.fasta -m JC -nt AUTO -pre exp_baseline/m100_sel500_rep5/iqtree_out -seed 510542 -redo
Seed:    510542 (Using SPRNG - Scalable Parallel Random Number Generator)
Time:    Tue May 12 15:10:55 2026
Kernel:  SSE2 - auto-detect threads (8 CPU cores detected)

Reading alignment file exp_baseline/m100_sel500_rep5/combined.fasta ... Fasta format detected
Reading fasta file: done in 0.000586987 secs using 91.14% CPU
Alignment most likely contains DNA/RNA sequences
Constructing alignment: done in 0.00110602 secs using 56.24% CPU
Alignment has 30 sequences with 2500 columns, 2015 distinct patterns
2491 parsimony-informative, 0 singleton sites, 9 constant sites
          Gap/Ambiguity  Composition  p-value
Analyzing sequences: done in 5.29289e-05 secs using 215.4% CPU
   1  taxon_1     0.00%    passed     47.63%
   2  taxon_2     0.00%    passed     57.15%
   3  taxon_3     0.00%    passed     98.91%
   4  taxon_4     0.00%    passed     81.07%
   5  taxon_5     0.00%    passed     21.32%
   6  taxon_6     0.00%    passed     74.35%
   7  taxon_7     0.00%    passed     17.15%
   8  taxon_8     0.00%    passed     98.43%
   9  taxon_9     0.00%    passed     58.84%
  10  taxon_10    0.00%    passed     24.32%
  11  taxon_11    0.00%    passed     67.04%
  12  taxon_12    0.00%    passed     15.58%
  13  taxon_13    0.00%    passed     84.94%
  14  taxon_14    0.00%    passed     91.11%
  15  taxon_15    0.00%    passed     47.35%
  16  taxon_16    0.00%    passed     73.19%
  17  taxon_17    0.00%    passed     78.09%
  18  taxon_18    0.00%    passed     55.04%
  19  taxon_19    0.00%    passed     17.28%
  20  taxon_20    0.00%    passed     44.65%
  21  taxon_21    0.00%    passed     63.47%
  22  taxon_22    0.00%    passed     64.06%
  23  taxon_23    0.00%    passed     25.84%
  24  taxon_24    0.00%    passed     49.12%
  25  taxon_25    0.00%    passed     78.73%
  26  taxon_26    0.00%    passed     33.24%
  27  taxon_27    0.00%    passed     15.91%
  28  taxon_28    0.00%    passed     59.91%
  29  taxon_29    0.00%    passed     99.78%
  30  taxon_30    0.00%    passed     88.07%
****  TOTAL       0.00%  0 sequences failed composition chi2 test (p-value<5%; df=3)
Checking for duplicate sequences: done in 0.000129223 secs using 93.64% CPU

Create initial parsimony tree by phylogenetic likelihood library (PLL)... 0.003 seconds

NOTE: 1 MB RAM (0 GB) is required!
Measuring multi-threading efficiency up to 8 CPU cores
Increase to 10 rounds for branch lengths
387 trees examined
Threads: 1 / Time: 8.009 sec / Speedup: 1.000 / Efficiency: 100% / LogL: -97822
Threads: 2 / Time: 8.507 sec / Speedup: 0.941 / Efficiency: 47% / LogL: -97822
Determining AUTO threadcount: done in 16.5161 secs using 108.3% CPU
BEST NUMBER OF THREADS: 1

Estimate model parameters (epsilon = 0.100)
1. Initial log-likelihood: -89481.056
Optimal log-likelihood: -89040.513
Rate parameters:  A-C: 1.00000  A-G: 1.00000  A-T: 1.00000  C-G: 1.00000  C-T: 1.00000  G-T: 1.00000
Base frequencies:  A: 0.250  C: 0.250  G: 0.250  T: 0.250
Parameters optimization took 1 rounds (0.009 sec)
Wrote distance file to... 
Computing ML distances based on estimated model parameters...
Calculating distance matrix: done in 0.00132012 secs using 98.25% CPU
Computing ML distances took 0.001458 sec (of wall-clock time) 0.001424 sec (of CPU time)
WARNING: Some pairwise ML distances are too long (saturated)
Setting up auxiliary I and S matrices: done in 2.69413e-05 secs using 77.95% CPU
Constructing RapidNJ tree: done in 4.50611e-05 secs using 159.8% CPU
Computing RapidNJ tree took 0.000096 sec (of wall-clock time) 0.000115 sec (of CPU time)
Log-likelihood of RapidNJ tree: -91212.104
--------------------------------------------------------------------
|             INITIALIZING CANDIDATE TREE SET                      |
--------------------------------------------------------------------
Generating 98 parsimony trees... 0.298 second
Computing log-likelihood of 98 initial trees ... 0.242 seconds
Current best score: -89040.513

Do NNI search on 20 best initial trees
Estimate model parameters (epsilon = 0.100)
BETTER TREE FOUND at iteration 1: -89032.325
Estimate model parameters (epsilon = 0.100)
BETTER TREE FOUND at iteration 2: -88995.582
Iteration 10 / LogL: -89039.385 / Time: 0h:0m:17s
Iteration 20 / LogL: -89273.365 / Time: 0h:0m:17s
Finish initializing candidate tree set (15)
Current best tree score: -88995.582 / CPU time: 1.144
Number of iterations: 20
--------------------------------------------------------------------
|               OPTIMIZING CANDIDATE TREE SET                      |
--------------------------------------------------------------------
Iteration 30 / LogL: -89038.029 / Time: 0h:0m:18s (0h:0m:44s left)
Estimate model parameters (epsilon = 0.100)
UPDATE BEST LOG-LIKELIHOOD: -88994.111
Iteration 40 / LogL: -89035.266 / Time: 0h:0m:18s (0h:0m:29s left)
Iteration 50 / LogL: -88995.157 / Time: 0h:0m:18s (0h:0m:20s left)
Iteration 60 / LogL: -89456.204 / Time: 0h:0m:19s (0h:0m:13s left)
Iteration 70 / LogL: -89037.750 / Time: 0h:0m:19s (0h:0m:9s left)
Iteration 80 / LogL: -89040.361 / Time: 0h:0m:20s (0h:0m:5s left)
Iteration 90 / LogL: -88996.507 / Time: 0h:0m:20s (0h:0m:2s left)
Iteration 100 / LogL: -89035.194 / Time: 0h:0m:21s (0h:0m:0s left)
TREE SEARCH COMPLETED AFTER 103 ITERATIONS / Time: 0h:0m:21s

--------------------------------------------------------------------
|                    FINALIZING TREE SEARCH                        |
--------------------------------------------------------------------
Performs final model parameters optimization
Estimate model parameters (epsilon = 0.010)
1. Initial log-likelihood: -88994.111
Optimal log-likelihood: -88994.110
Rate parameters:  A-C: 1.00000  A-G: 1.00000  A-T: 1.00000  C-G: 1.00000  C-T: 1.00000  G-T: 1.00000
Base frequencies:  A: 0.250  C: 0.250  G: 0.250  T: 0.250
Parameters optimization took 1 rounds (0.003 sec)
BEST SCORE FOUND : -88994.110
Total tree length: 16.718

Total number of iterations: 103
CPU time used for tree search: 4.541 sec (0h:0m:4s)
Wall-clock time used for tree search: 4.561 sec (0h:0m:4s)
Total CPU time used: 22.474 sec (0h:0m:22s)
Total wall-clock time used: 21.128 sec (0h:0m:21s)

Analysis results written to: 
  IQ-TREE report:                exp_baseline/m100_sel500_rep5/iqtree_out.iqtree
  Maximum-likelihood tree:       exp_baseline/m100_sel500_rep5/iqtree_out.treefile
  Likelihood distances:          exp_baseline/m100_sel500_rep5/iqtree_out.mldist
  Screen log file:               exp_baseline/m100_sel500_rep5/iqtree_out.log

Date and Time: Tue May 12 15:11:16 2026
