IQ-TREE version 3.1.1 for MacOS ARM 64-bit built Apr  8 2026
Developed by Bui Quang Minh, Thomas Wong, Nhan Ly-Trong, Huaiyan Ren
Contributed by Lam-Tung Nguyen, Dominik Schrempf, Chris Bielow,
Olga Chernomor, Michael Woodhams, Diep Thi Hoang, Heiko Schmidt

Host:    Noutbuk-maria.local (SSE4.2, 16 GB RAM)
Command: iqtree -s exp_baseline/m1_sel200_rep2/combined.fasta -m JC -nt AUTO -pre exp_baseline/m1_sel200_rep2/iqtree_out -seed 200342 -redo
Seed:    200342 (Using SPRNG - Scalable Parallel Random Number Generator)
Time:    Tue May 12 13:54:28 2026
Kernel:  SSE2 - auto-detect threads (8 CPU cores detected)

Reading alignment file exp_baseline/m1_sel200_rep2/combined.fasta ... Fasta format detected
Reading fasta file: done in 0.000535011 secs using 90.09% CPU
Alignment most likely contains DNA/RNA sequences
Constructing alignment: done in 0.000985146 secs using 59.28% CPU
Alignment has 30 sequences with 2200 columns, 2016 distinct patterns
2113 parsimony-informative, 0 singleton sites, 87 constant sites
          Gap/Ambiguity  Composition  p-value
Analyzing sequences: done in 4.81606e-05 secs using 269.9% CPU
   1  taxon_1     0.00%    passed     66.85%
   2  taxon_2     0.00%    passed     21.12%
   3  taxon_3     0.00%    passed     45.59%
   4  taxon_4     0.00%    passed     40.09%
   5  taxon_5     0.00%    passed     44.53%
   6  taxon_6     0.00%    passed      5.52%
   7  taxon_7     0.00%    passed     17.62%
   8  taxon_8     0.00%    passed     80.47%
   9  taxon_9     0.00%    failed      4.65%
  10  taxon_10    0.00%    passed     99.73%
  11  taxon_11    0.00%    passed     70.69%
  12  taxon_12    0.00%    passed     42.60%
  13  taxon_13    0.00%    failed      0.26%
  14  taxon_14    0.00%    passed     65.29%
  15  taxon_15    0.00%    passed     41.49%
  16  taxon_16    0.00%    passed     88.57%
  17  taxon_17    0.00%    passed     17.10%
  18  taxon_18    0.00%    passed     41.18%
  19  taxon_19    0.00%    passed     29.70%
  20  taxon_20    0.00%    passed     34.67%
  21  taxon_21    0.00%    passed      6.78%
  22  taxon_22    0.00%    passed     35.07%
  23  taxon_23    0.00%    passed      9.60%
  24  taxon_24    0.00%    failed      0.50%
  25  taxon_25    0.00%    passed     89.31%
  26  taxon_26    0.00%    passed     80.76%
  27  taxon_27    0.00%    passed     98.54%
  28  taxon_28    0.00%    passed     38.83%
  29  taxon_29    0.00%    passed     37.87%
  30  taxon_30    0.00%    passed      6.49%
****  TOTAL       0.00%  3 sequences failed composition chi2 test (p-value<5%; df=3)
Checking for duplicate sequences: done in 0.000133038 secs using 89.45% CPU

Create initial parsimony tree by phylogenetic likelihood library (PLL)... 0.003 seconds

NOTE: 1 MB RAM (0 GB) is required!
Measuring multi-threading efficiency up to 8 CPU cores
Increase to 10 rounds for branch lengths
394 trees examined
Threads: 1 / Time: 8.019 sec / Speedup: 1.000 / Efficiency: 100% / LogL: -87468
Threads: 2 / Time: 8.846 sec / Speedup: 0.907 / Efficiency: 45% / LogL: -87468
Determining AUTO threadcount: done in 16.8648 secs using 107.7% CPU
BEST NUMBER OF THREADS: 1

Estimate model parameters (epsilon = 0.100)
1. Initial log-likelihood: -79815.183
Optimal log-likelihood: -79345.595
Rate parameters:  A-C: 1.00000  A-G: 1.00000  A-T: 1.00000  C-G: 1.00000  C-T: 1.00000  G-T: 1.00000
Base frequencies:  A: 0.250  C: 0.250  G: 0.250  T: 0.250
Parameters optimization took 1 rounds (0.012 sec)
Wrote distance file to... 
Computing ML distances based on estimated model parameters...
Calculating distance matrix: done in 0.00166416 secs using 99.51% CPU
Computing ML distances took 0.001814 sec (of wall-clock time) 0.001788 sec (of CPU time)
Setting up auxiliary I and S matrices: done in 2.40803e-05 secs using 78.9% CPU
Constructing RapidNJ tree: done in 4.69685e-05 secs using 168.2% CPU
Computing RapidNJ tree took 0.000097 sec (of wall-clock time) 0.000118 sec (of CPU time)
Log-likelihood of RapidNJ tree: -79388.710
--------------------------------------------------------------------
|             INITIALIZING CANDIDATE TREE SET                      |
--------------------------------------------------------------------
Generating 98 parsimony trees... 0.317 second
Computing log-likelihood of 98 initial trees ... 0.255 seconds
Current best score: -79345.595

Do NNI search on 20 best initial trees
Estimate model parameters (epsilon = 0.100)
BETTER TREE FOUND at iteration 1: -79336.490
Estimate model parameters (epsilon = 0.100)
BETTER TREE FOUND at iteration 2: -79329.465
Iteration 10 / LogL: -79342.146 / Time: 0h:0m:17s
Iteration 20 / LogL: -79338.047 / Time: 0h:0m:18s
Finish initializing candidate tree set (7)
Current best tree score: -79329.465 / CPU time: 1.336
Number of iterations: 20
--------------------------------------------------------------------
|               OPTIMIZING CANDIDATE TREE SET                      |
--------------------------------------------------------------------
Iteration 30 / LogL: -79337.127 / Time: 0h:0m:18s (0h:0m:46s left)
Iteration 40 / LogL: -79337.019 / Time: 0h:0m:19s (0h:0m:30s left)
Iteration 50 / LogL: -79329.624 / Time: 0h:0m:19s (0h:0m:20s left)
Iteration 60 / LogL: -79335.590 / Time: 0h:0m:20s (0h:0m:14s left)
Iteration 70 / LogL: -79334.093 / Time: 0h:0m:20s (0h:0m:9s left)
Iteration 80 / LogL: -79330.694 / Time: 0h:0m:21s (0h:0m:5s left)
Iteration 90 / LogL: -79336.069 / Time: 0h:0m:21s (0h:0m:2s left)
Iteration 100 / LogL: -79367.222 / Time: 0h:0m:22s (0h:0m:0s left)
TREE SEARCH COMPLETED AFTER 103 ITERATIONS / Time: 0h:0m:22s

--------------------------------------------------------------------
|                    FINALIZING TREE SEARCH                        |
--------------------------------------------------------------------
Performs final model parameters optimization
Estimate model parameters (epsilon = 0.010)
1. Initial log-likelihood: -79329.465
Optimal log-likelihood: -79329.446
Rate parameters:  A-C: 1.00000  A-G: 1.00000  A-T: 1.00000  C-G: 1.00000  C-T: 1.00000  G-T: 1.00000
Base frequencies:  A: 0.250  C: 0.250  G: 0.250  T: 0.250
Parameters optimization took 1 rounds (0.005 sec)
BEST SCORE FOUND : -79329.446
Total tree length: 19.068

Total number of iterations: 103
CPU time used for tree search: 5.730 sec (0h:0m:5s)
Wall-clock time used for tree search: 5.751 sec (0h:0m:5s)
Total CPU time used: 23.949 sec (0h:0m:23s)
Total wall-clock time used: 22.666 sec (0h:0m:22s)

Analysis results written to: 
  IQ-TREE report:                exp_baseline/m1_sel200_rep2/iqtree_out.iqtree
  Maximum-likelihood tree:       exp_baseline/m1_sel200_rep2/iqtree_out.treefile
  Likelihood distances:          exp_baseline/m1_sel200_rep2/iqtree_out.mldist
  Screen log file:               exp_baseline/m1_sel200_rep2/iqtree_out.log

Date and Time: Tue May 12 13:54:51 2026
