IQ-TREE version 3.1.1 for MacOS ARM 64-bit built Apr  8 2026
Developed by Bui Quang Minh, Thomas Wong, Nhan Ly-Trong, Huaiyan Ren
Contributed by Lam-Tung Nguyen, Dominik Schrempf, Chris Bielow,
Olga Chernomor, Michael Woodhams, Diep Thi Hoang, Heiko Schmidt

Host:    Noutbuk-maria.local (SSE4.2, 16 GB RAM)
Command: iqtree -s exp_baseline/m20_sel0_rep2/combined.fasta -m JC -nt AUTO -pre exp_baseline/m20_sel0_rep2/iqtree_out -seed 2242 -redo
Seed:    2242 (Using SPRNG - Scalable Parallel Random Number Generator)
Time:    Tue May 12 14:37:33 2026
Kernel:  SSE2 - auto-detect threads (8 CPU cores detected)

Reading alignment file exp_baseline/m20_sel0_rep2/combined.fasta ... Fasta format detected
Reading fasta file: done in 0.000473976 secs using 90.72% CPU
NOTE: Change sequence name 'taxon 1' -> taxon_1
NOTE: Change sequence name 'taxon 2' -> taxon_2
NOTE: Change sequence name 'taxon 3' -> taxon_3
NOTE: Change sequence name 'taxon 4' -> taxon_4
NOTE: Change sequence name 'taxon 5' -> taxon_5
NOTE: Change sequence name 'taxon 6' -> taxon_6
NOTE: Change sequence name 'taxon 7' -> taxon_7
NOTE: Change sequence name 'taxon 8' -> taxon_8
NOTE: Change sequence name 'taxon 9' -> taxon_9
NOTE: Change sequence name 'taxon 10' -> taxon_10
NOTE: Change sequence name 'taxon 11' -> taxon_11
NOTE: Change sequence name 'taxon 12' -> taxon_12
NOTE: Change sequence name 'taxon 13' -> taxon_13
NOTE: Change sequence name 'taxon 14' -> taxon_14
NOTE: Change sequence name 'taxon 15' -> taxon_15
NOTE: Change sequence name 'taxon 16' -> taxon_16
NOTE: Change sequence name 'taxon 17' -> taxon_17
NOTE: Change sequence name 'taxon 18' -> taxon_18
NOTE: Change sequence name 'taxon 19' -> taxon_19
NOTE: Change sequence name 'taxon 20' -> taxon_20
NOTE: Change sequence name 'taxon 21' -> taxon_21
NOTE: Change sequence name 'taxon 22' -> taxon_22
NOTE: Change sequence name 'taxon 23' -> taxon_23
NOTE: Change sequence name 'taxon 24' -> taxon_24
NOTE: Change sequence name 'taxon 25' -> taxon_25
NOTE: Change sequence name 'taxon 26' -> taxon_26
NOTE: Change sequence name 'taxon 27' -> taxon_27
NOTE: Change sequence name 'taxon 28' -> taxon_28
NOTE: Change sequence name 'taxon 29' -> taxon_29
NOTE: Change sequence name 'taxon 30' -> taxon_30
Alignment most likely contains DNA/RNA sequences
Constructing alignment: done in 0.00092411 secs using 57.79% CPU
Alignment has 30 sequences with 2000 columns, 2000 distinct patterns
2000 parsimony-informative, 0 singleton sites, 0 constant sites
          Gap/Ambiguity  Composition  p-value
Analyzing sequences: done in 6.48499e-05 secs using 178.9% CPU
   1  taxon_1     0.00%    passed     41.03%
   2  taxon_2     0.00%    passed     51.88%
   3  taxon_3     0.00%    passed     80.51%
   4  taxon_4     0.00%    passed     51.59%
   5  taxon_5     0.00%    passed     88.40%
   6  taxon_6     0.00%    passed     80.65%
   7  taxon_7     0.00%    failed      3.06%
   8  taxon_8     0.00%    passed     19.66%
   9  taxon_9     0.00%    passed     68.10%
  10  taxon_10    0.00%    passed     17.23%
  11  taxon_11    0.00%    passed     80.81%
  12  taxon_12    0.00%    passed     42.39%
  13  taxon_13    0.00%    passed     59.30%
  14  taxon_14    0.00%    passed     96.11%
  15  taxon_15    0.00%    failed      4.10%
  16  taxon_16    0.00%    passed     10.85%
  17  taxon_17    0.00%    passed     69.94%
  18  taxon_18    0.00%    passed     27.82%
  19  taxon_19    0.00%    passed     97.29%
  20  taxon_20    0.00%    passed     72.50%
  21  taxon_21    0.00%    passed     89.84%
  22  taxon_22    0.00%    passed     46.34%
  23  taxon_23    0.00%    passed     84.09%
  24  taxon_24    0.00%    passed     81.53%
  25  taxon_25    0.00%    passed     39.86%
  26  taxon_26    0.00%    passed     25.91%
  27  taxon_27    0.00%    passed     25.79%
  28  taxon_28    0.00%    passed     99.62%
  29  taxon_29    0.00%    passed     20.55%
  30  taxon_30    0.00%    passed     45.56%
****  TOTAL       0.00%  2 sequences failed composition chi2 test (p-value<5%; df=3)
Checking for duplicate sequences: done in 0.000130892 secs using 91.68% CPU

Create initial parsimony tree by phylogenetic likelihood library (PLL)... 0.002 seconds

NOTE: 1 MB RAM (0 GB) is required!
Measuring multi-threading efficiency up to 8 CPU cores
Increase to 10 rounds for branch lengths
390 trees examined
Threads: 1 / Time: 8.008 sec / Speedup: 1.000 / Efficiency: 100% / LogL: -79439
Threads: 2 / Time: 8.891 sec / Speedup: 0.901 / Efficiency: 45% / LogL: -79439
Determining AUTO threadcount: done in 16.899 secs using 107.6% CPU
BEST NUMBER OF THREADS: 1

Estimate model parameters (epsilon = 0.100)
1. Initial log-likelihood: -73838.520
Optimal log-likelihood: -73197.573
Rate parameters:  A-C: 1.00000  A-G: 1.00000  A-T: 1.00000  C-G: 1.00000  C-T: 1.00000  G-T: 1.00000
Base frequencies:  A: 0.250  C: 0.250  G: 0.250  T: 0.250
Parameters optimization took 1 rounds (0.019 sec)
Wrote distance file to... 
Computing ML distances based on estimated model parameters...
Calculating distance matrix: done in 0.00122309 secs using 99.18% CPU
Computing ML distances took 0.001355 sec (of wall-clock time) 0.001340 sec (of CPU time)
WARNING: Some pairwise ML distances are too long (saturated)
Setting up auxiliary I and S matrices: done in 2.40803e-05 secs using 74.75% CPU
Constructing RapidNJ tree: done in 4.88758e-05 secs using 161.6% CPU
Computing RapidNJ tree took 0.000095 sec (of wall-clock time) 0.000120 sec (of CPU time)
Log-likelihood of RapidNJ tree: -73180.303
--------------------------------------------------------------------
|             INITIALIZING CANDIDATE TREE SET                      |
--------------------------------------------------------------------
Generating 98 parsimony trees... 0.286 second
Computing log-likelihood of 98 initial trees ... 0.247 seconds
Current best score: -73180.303

Do NNI search on 20 best initial trees
Estimate model parameters (epsilon = 0.100)
BETTER TREE FOUND at iteration 1: -73167.290
Estimate model parameters (epsilon = 0.100)
BETTER TREE FOUND at iteration 2: -73163.114
Iteration 10 / LogL: -73178.953 / Time: 0h:0m:18s
Iteration 20 / LogL: -73165.779 / Time: 0h:0m:19s
Finish initializing candidate tree set (8)
Current best tree score: -73163.114 / CPU time: 2.013
Number of iterations: 20
--------------------------------------------------------------------
|               OPTIMIZING CANDIDATE TREE SET                      |
--------------------------------------------------------------------
Iteration 30 / LogL: -73163.384 / Time: 0h:0m:19s (0h:0m:48s left)
Iteration 40 / LogL: -73163.828 / Time: 0h:0m:20s (0h:0m:32s left)
Iteration 50 / LogL: -73165.747 / Time: 0h:0m:21s (0h:0m:22s left)
Iteration 60 / LogL: -73163.288 / Time: 0h:0m:21s (0h:0m:15s left)
Iteration 70 / LogL: -73164.451 / Time: 0h:0m:22s (0h:0m:10s left)
UPDATE BEST LOG-LIKELIHOOD: -73163.106
Iteration 80 / LogL: -73163.147 / Time: 0h:0m:23s (0h:0m:6s left)
Iteration 90 / LogL: -73163.773 / Time: 0h:0m:24s (0h:0m:3s left)
Iteration 100 / LogL: -73215.873 / Time: 0h:0m:24s (0h:0m:0s left)
TREE SEARCH COMPLETED AFTER 103 ITERATIONS / Time: 0h:0m:24s

--------------------------------------------------------------------
|                    FINALIZING TREE SEARCH                        |
--------------------------------------------------------------------
Performs final model parameters optimization
Estimate model parameters (epsilon = 0.010)
1. Initial log-likelihood: -73163.106
Optimal log-likelihood: -73163.004
Rate parameters:  A-C: 1.00000  A-G: 1.00000  A-T: 1.00000  C-G: 1.00000  C-T: 1.00000  G-T: 1.00000
Base frequencies:  A: 0.250  C: 0.250  G: 0.250  T: 0.250
Parameters optimization took 1 rounds (0.008 sec)
BEST SCORE FOUND : -73163.004
Total tree length: 23.165

Total number of iterations: 103
CPU time used for tree search: 7.921 sec (0h:0m:7s)
Wall-clock time used for tree search: 7.947 sec (0h:0m:7s)
Total CPU time used: 26.214 sec (0h:0m:26s)
Total wall-clock time used: 24.948 sec (0h:0m:24s)

Analysis results written to: 
  IQ-TREE report:                exp_baseline/m20_sel0_rep2/iqtree_out.iqtree
  Maximum-likelihood tree:       exp_baseline/m20_sel0_rep2/iqtree_out.treefile
  Likelihood distances:          exp_baseline/m20_sel0_rep2/iqtree_out.mldist
  Screen log file:               exp_baseline/m20_sel0_rep2/iqtree_out.log

Date and Time: Tue May 12 14:37:58 2026
