IQ-TREE version 3.1.1 for MacOS ARM 64-bit built Apr  8 2026
Developed by Bui Quang Minh, Thomas Wong, Nhan Ly-Trong, Huaiyan Ren
Contributed by Lam-Tung Nguyen, Dominik Schrempf, Chris Bielow,
Olga Chernomor, Michael Woodhams, Diep Thi Hoang, Heiko Schmidt

Host:    Noutbuk-maria.local (SSE4.2, 16 GB RAM)
Command: iqtree -s exp_baseline/m10_sel200_rep5/combined.fasta -m JC -nt AUTO -pre exp_baseline/m10_sel200_rep5/iqtree_out -seed 201542 -redo
Seed:    201542 (Using SPRNG - Scalable Parallel Random Number Generator)
Time:    Tue May 12 14:32:15 2026
Kernel:  SSE2 - auto-detect threads (8 CPU cores detected)

Reading alignment file exp_baseline/m10_sel200_rep5/combined.fasta ... Fasta format detected
Reading fasta file: done in 0.000522852 secs using 90.85% CPU
Alignment most likely contains DNA/RNA sequences
Constructing alignment: done in 0.0010159 secs using 56.21% CPU
Alignment has 30 sequences with 2200 columns, 2016 distinct patterns
2179 parsimony-informative, 0 singleton sites, 21 constant sites
          Gap/Ambiguity  Composition  p-value
Analyzing sequences: done in 5.38826e-05 secs using 263.5% CPU
   1  taxon_1     0.00%    passed     66.44%
   2  taxon_2     0.00%    passed     91.57%
   3  taxon_3     0.00%    passed     16.86%
   4  taxon_4     0.00%    passed     78.21%
   5  taxon_5     0.00%    passed     67.26%
   6  taxon_6     0.00%    failed      4.87%
   7  taxon_7     0.00%    passed     99.24%
   8  taxon_8     0.00%    passed     93.50%
   9  taxon_9     0.00%    passed     74.97%
  10  taxon_10    0.00%    passed     47.32%
  11  taxon_11    0.00%    passed     77.88%
  12  taxon_12    0.00%    passed     57.83%
  13  taxon_13    0.00%    passed     56.26%
  14  taxon_14    0.00%    passed     70.65%
  15  taxon_15    0.00%    passed     37.12%
  16  taxon_16    0.00%    failed      2.35%
  17  taxon_17    0.00%    passed     64.47%
  18  taxon_18    0.00%    passed     83.38%
  19  taxon_19    0.00%    passed     98.39%
  20  taxon_20    0.00%    passed     90.05%
  21  taxon_21    0.00%    passed     91.02%
  22  taxon_22    0.00%    passed     97.55%
  23  taxon_23    0.00%    passed     65.01%
  24  taxon_24    0.00%    passed     98.37%
  25  taxon_25    0.00%    passed     75.49%
  26  taxon_26    0.00%    passed     89.04%
  27  taxon_27    0.00%    passed     76.48%
  28  taxon_28    0.00%    passed     82.04%
  29  taxon_29    0.00%    passed     75.53%
  30  taxon_30    0.00%    passed     27.55%
****  TOTAL       0.00%  2 sequences failed composition chi2 test (p-value<5%; df=3)
Checking for duplicate sequences: done in 0.000128031 secs using 93.73% CPU

Create initial parsimony tree by phylogenetic likelihood library (PLL)... 0.003 seconds

NOTE: 1 MB RAM (0 GB) is required!
Measuring multi-threading efficiency up to 8 CPU cores
Increase to 10 rounds for branch lengths
383 trees examined
Threads: 1 / Time: 8.009 sec / Speedup: 1.000 / Efficiency: 100% / LogL: -85524
Threads: 2 / Time: 8.732 sec / Speedup: 0.917 / Efficiency: 46% / LogL: -85524
Determining AUTO threadcount: done in 16.7404 secs using 107.6% CPU
BEST NUMBER OF THREADS: 1

Estimate model parameters (epsilon = 0.100)
1. Initial log-likelihood: -81566.730
Optimal log-likelihood: -81014.271
Rate parameters:  A-C: 1.00000  A-G: 1.00000  A-T: 1.00000  C-G: 1.00000  C-T: 1.00000  G-T: 1.00000
Base frequencies:  A: 0.250  C: 0.250  G: 0.250  T: 0.250
Parameters optimization took 1 rounds (0.012 sec)
Wrote distance file to... 
Computing ML distances based on estimated model parameters...
Calculating distance matrix: done in 0.00141883 secs using 99.45% CPU
Computing ML distances took 0.001555 sec (of wall-clock time) 0.001539 sec (of CPU time)
WARNING: Some pairwise ML distances are too long (saturated)
Setting up auxiliary I and S matrices: done in 2.5034e-05 secs using 75.9% CPU
Constructing RapidNJ tree: done in 4.79221e-05 secs using 162.8% CPU
Computing RapidNJ tree took 0.000098 sec (of wall-clock time) 0.000120 sec (of CPU time)
Log-likelihood of RapidNJ tree: -82875.287
--------------------------------------------------------------------
|             INITIALIZING CANDIDATE TREE SET                      |
--------------------------------------------------------------------
Generating 98 parsimony trees... 0.300 second
Computing log-likelihood of 98 initial trees ... 0.246 seconds
Current best score: -81014.271

Do NNI search on 20 best initial trees
Estimate model parameters (epsilon = 0.100)
BETTER TREE FOUND at iteration 1: -80996.560
Iteration 10 / LogL: -81130.871 / Time: 0h:0m:17s
Iteration 20 / LogL: -81011.033 / Time: 0h:0m:18s
Finish initializing candidate tree set (14)
Current best tree score: -80996.560 / CPU time: 1.417
Number of iterations: 20
--------------------------------------------------------------------
|               OPTIMIZING CANDIDATE TREE SET                      |
--------------------------------------------------------------------
Estimate model parameters (epsilon = 0.100)
BETTER TREE FOUND at iteration 23: -80993.735
Iteration 30 / LogL: -80996.030 / Time: 0h:0m:18s (0h:0m:59s left)
Estimate model parameters (epsilon = 0.100)
BETTER TREE FOUND at iteration 33: -80987.803
Iteration 40 / LogL: -81008.996 / Time: 0h:0m:19s (0h:0m:45s left)
Iteration 50 / LogL: -80987.981 / Time: 0h:0m:19s (0h:0m:33s left)
Estimate model parameters (epsilon = 0.100)
UPDATE BEST LOG-LIKELIHOOD: -80987.588
Iteration 60 / LogL: -80991.603 / Time: 0h:0m:20s (0h:0m:24s left)
Iteration 70 / LogL: -80989.441 / Time: 0h:0m:20s (0h:0m:18s left)
Iteration 80 / LogL: -81033.721 / Time: 0h:0m:21s (0h:0m:14s left)
Iteration 90 / LogL: -80989.680 / Time: 0h:0m:21s (0h:0m:10s left)
Iteration 100 / LogL: -80988.559 / Time: 0h:0m:22s (0h:0m:7s left)
Iteration 110 / LogL: -81009.085 / Time: 0h:0m:22s (0h:0m:4s left)
Iteration 120 / LogL: -80988.673 / Time: 0h:0m:23s (0h:0m:2s left)
Iteration 130 / LogL: -80988.177 / Time: 0h:0m:23s (0h:0m:0s left)
TREE SEARCH COMPLETED AFTER 134 ITERATIONS / Time: 0h:0m:23s

--------------------------------------------------------------------
|                    FINALIZING TREE SEARCH                        |
--------------------------------------------------------------------
Performs final model parameters optimization
Estimate model parameters (epsilon = 0.010)
1. Initial log-likelihood: -80987.588
Optimal log-likelihood: -80987.586
Rate parameters:  A-C: 1.00000  A-G: 1.00000  A-T: 1.00000  C-G: 1.00000  C-T: 1.00000  G-T: 1.00000
Base frequencies:  A: 0.250  C: 0.250  G: 0.250  T: 0.250
Parameters optimization took 1 rounds (0.003 sec)
BEST SCORE FOUND : -80987.586
Total tree length: 20.153

Total number of iterations: 134
CPU time used for tree search: 7.151 sec (0h:0m:7s)
Wall-clock time used for tree search: 7.169 sec (0h:0m:7s)
Total CPU time used: 25.211 sec (0h:0m:25s)
Total wall-clock time used: 23.961 sec (0h:0m:23s)

Analysis results written to: 
  IQ-TREE report:                exp_baseline/m10_sel200_rep5/iqtree_out.iqtree
  Maximum-likelihood tree:       exp_baseline/m10_sel200_rep5/iqtree_out.treefile
  Likelihood distances:          exp_baseline/m10_sel200_rep5/iqtree_out.mldist
  Screen log file:               exp_baseline/m10_sel200_rep5/iqtree_out.log

Date and Time: Tue May 12 14:32:39 2026
