IQ-TREE version 3.1.1 for MacOS ARM 64-bit built Apr  8 2026
Developed by Bui Quang Minh, Thomas Wong, Nhan Ly-Trong, Huaiyan Ren
Contributed by Lam-Tung Nguyen, Dominik Schrempf, Chris Bielow,
Olga Chernomor, Michael Woodhams, Diep Thi Hoang, Heiko Schmidt

Host:    Noutbuk-maria.local (SSE4.2, 16 GB RAM)
Command: iqtree -s exp_stable_0.0001/m1_sel2_rep5/neutral.fasta -m JC -nt AUTO -pre exp_stable_0.0001/m1_sel2_rep5/iqtree_out -seed 2642 -redo
Seed:    2642 (Using SPRNG - Scalable Parallel Random Number Generator)
Time:    Mon May 18 16:27:36 2026
Kernel:  SSE2 - auto-detect threads (8 CPU cores detected)

Reading alignment file exp_stable_0.0001/m1_sel2_rep5/neutral.fasta ... Fasta format detected
Reading fasta file: done in 0.00125194 secs using 89.62% CPU
Alignment most likely contains DNA/RNA sequences
Constructing alignment: done in 0.00129414 secs using 54.94% CPU
Alignment has 50 sequences with 3000 columns, 203 distinct patterns
62 parsimony-informative, 180 singleton sites, 2758 constant sites
          Gap/Ambiguity  Composition  p-value
Analyzing sequences: done in 3.40939e-05 secs using 79.19% CPU
   1  taxon_1     0.00%    passed     99.96%
   2  taxon_2     0.00%    passed     99.59%
   3  taxon_3     0.00%    passed     99.93%
   4  taxon_4     0.00%    passed     99.75%
   5  taxon_5     0.00%    passed     99.96%
   6  taxon_6     0.00%    passed     99.99%
   7  taxon_7     0.00%    passed     99.99%
   8  taxon_8     0.00%    passed     99.98%
   9  taxon_9     0.00%    passed     99.97%
  10  taxon_10    0.00%    passed     99.99%
  11  taxon_11    0.00%    passed     99.99%
  12  taxon_12    0.00%    passed     99.96%
  13  taxon_13    0.00%    passed     99.96%
  14  taxon_14    0.00%    passed     99.99%
  15  taxon_15    0.00%    passed    100.00%
  16  taxon_16    0.00%    passed     99.90%
  17  taxon_17    0.00%    passed     99.99%
  18  taxon_18    0.00%    passed     99.92%
  19  taxon_19    0.00%    passed     99.99%
  20  taxon_20    0.00%    passed     99.98%
  21  taxon_21    0.00%    passed     99.95%
  22  taxon_22    0.00%    passed     99.95%
  23  taxon_23    0.00%    passed     99.99%
  24  taxon_24    0.00%    passed    100.00%
  25  taxon_25    0.00%    passed    100.00%
  26  taxon_26    0.00%    passed     99.98%
  27  taxon_27    0.00%    passed     99.91%
  28  taxon_28    0.00%    passed     99.97%
  29  taxon_29    0.00%    passed     99.96%
  30  taxon_30    0.00%    passed     99.81%
  31  taxon_31    0.00%    passed     99.70%
  32  taxon_32    0.00%    passed     99.96%
  33  taxon_33    0.00%    passed     99.99%
  34  taxon_34    0.00%    passed     99.98%
  35  taxon_35    0.00%    passed     99.95%
  36  taxon_36    0.00%    passed     99.91%
  37  taxon_37    0.00%    passed     99.89%
  38  taxon_38    0.00%    passed     99.99%
  39  taxon_39    0.00%    passed     99.96%
  40  taxon_40    0.00%    passed    100.00%
  41  taxon_41    0.00%    passed     99.91%
  42  taxon_42    0.00%    passed     99.67%
  43  taxon_43    0.00%    passed     99.99%
  44  taxon_44    0.00%    passed    100.00%
  45  taxon_45    0.00%    passed    100.00%
  46  taxon_46    0.00%    passed     99.99%
  47  taxon_47    0.00%    passed     99.74%
  48  taxon_48    0.00%    passed     99.92%
  49  taxon_49    0.00%    passed     99.95%
  50  taxon_50    0.00%    passed     99.97%
****  TOTAL       0.00%  0 sequences failed composition chi2 test (p-value<5%; df=3)
Checking for duplicate sequences: done in 7.10487e-05 secs using 54.89% CPU

Create initial parsimony tree by phylogenetic likelihood library (PLL)... 0.001 seconds

NOTE: 0 MB RAM (0 GB) is required!
Measuring multi-threading efficiency up to 8 CPU cores
Increase to 10 rounds for branch lengths
3486 trees examined
Threads: 1 / Time: 8.001 sec / Speedup: 1.000 / Efficiency: 100% / LogL: -9560
Threads: 2 / Time: 17.358 sec / Speedup: 0.461 / Efficiency: 23% / LogL: -9560
Determining AUTO threadcount: done in 25.3585 secs using 82.15% CPU
BEST NUMBER OF THREADS: 1

Estimate model parameters (epsilon = 0.100)
1. Initial log-likelihood: -6270.390
Optimal log-likelihood: -6270.390
Rate parameters:  A-C: 1.00000  A-G: 1.00000  A-T: 1.00000  C-G: 1.00000  C-T: 1.00000  G-T: 1.00000
Base frequencies:  A: 0.250  C: 0.250  G: 0.250  T: 0.250
Parameters optimization took 1 rounds (0.001 sec)
Wrote distance file to... 
Computing ML distances based on estimated model parameters...
Calculating distance matrix: done in 0.00271201 secs using 91.45% CPU
Computing ML distances took 0.002754 sec (of wall-clock time) 0.002511 sec (of CPU time)
Setting up auxiliary I and S matrices: done in 5.19753e-05 secs using 98.12% CPU
Constructing RapidNJ tree: done in 0.000119925 secs using 175.1% CPU
Computing RapidNJ tree took 0.000199 sec (of wall-clock time) 0.000289 sec (of CPU time)
Log-likelihood of RapidNJ tree: -6279.193
--------------------------------------------------------------------
|             INITIALIZING CANDIDATE TREE SET                      |
--------------------------------------------------------------------
Generating 98 parsimony trees... 0.079 second
Computing log-likelihood of 98 initial trees ... 0.054 seconds
Current best score: -6270.390

Do NNI search on 20 best initial trees
Estimate model parameters (epsilon = 0.100)
BETTER TREE FOUND at iteration 1: -6270.390
Iteration 10 / LogL: -6270.390 / Time: 0h:0m:25s
Iteration 20 / LogL: -6270.390 / Time: 0h:0m:25s
Finish initializing candidate tree set (20)
Current best tree score: -6270.390 / CPU time: 0.185
Number of iterations: 20
--------------------------------------------------------------------
|               OPTIMIZING CANDIDATE TREE SET                      |
--------------------------------------------------------------------
Iteration 30 / LogL: -6276.115 / Time: 0h:0m:25s (0h:1m:2s left)
BETTER TREE FOUND at iteration 40: -6270.390
Iteration 40 / LogL: -6270.390 / Time: 0h:0m:25s (0h:1m:5s left)
Iteration 50 / LogL: -6270.413 / Time: 0h:0m:25s (0h:0m:47s left)
Iteration 60 / LogL: -6270.425 / Time: 0h:0m:25s (0h:0m:35s left)
Iteration 70 / LogL: -6270.417 / Time: 0h:0m:25s (0h:0m:26s left)
Iteration 80 / LogL: -6276.112 / Time: 0h:0m:26s (0h:0m:19s left)
Iteration 90 / LogL: -6270.416 / Time: 0h:0m:26s (0h:0m:14s left)
Iteration 100 / LogL: -6270.406 / Time: 0h:0m:26s (0h:0m:10s left)
Iteration 110 / LogL: -6270.408 / Time: 0h:0m:26s (0h:0m:7s left)
Iteration 120 / LogL: -6270.419 / Time: 0h:0m:26s (0h:0m:4s left)
Iteration 130 / LogL: -6270.406 / Time: 0h:0m:26s (0h:0m:2s left)
Iteration 140 / LogL: -6270.409 / Time: 0h:0m:26s (0h:0m:0s left)
TREE SEARCH COMPLETED AFTER 141 ITERATIONS / Time: 0h:0m:26s

--------------------------------------------------------------------
|                    FINALIZING TREE SEARCH                        |
--------------------------------------------------------------------
Performs final model parameters optimization
Estimate model parameters (epsilon = 0.010)
1. Initial log-likelihood: -6270.390
Optimal log-likelihood: -6270.390
Rate parameters:  A-C: 1.00000  A-G: 1.00000  A-T: 1.00000  C-G: 1.00000  C-T: 1.00000  G-T: 1.00000
Base frequencies:  A: 0.250  C: 0.250  G: 0.250  T: 0.250
Parameters optimization took 1 rounds (0.001 sec)
BEST SCORE FOUND : -6270.390
Total tree length: 0.082

Total number of iterations: 141
CPU time used for tree search: 1.192 sec (0h:0m:1s)
Wall-clock time used for tree search: 1.196 sec (0h:0m:1s)
Total CPU time used: 22.036 sec (0h:0m:22s)
Total wall-clock time used: 26.570 sec (0h:0m:26s)

Analysis results written to: 
  IQ-TREE report:                exp_stable_0.0001/m1_sel2_rep5/iqtree_out.iqtree
  Maximum-likelihood tree:       exp_stable_0.0001/m1_sel2_rep5/iqtree_out.treefile
  Likelihood distances:          exp_stable_0.0001/m1_sel2_rep5/iqtree_out.mldist
  Screen log file:               exp_stable_0.0001/m1_sel2_rep5/iqtree_out.log

Date and Time: Mon May 18 16:28:03 2026
