IQ-TREE version 3.1.1 for MacOS ARM 64-bit built Apr  8 2026
Developed by Bui Quang Minh, Thomas Wong, Nhan Ly-Trong, Huaiyan Ren
Contributed by Lam-Tung Nguyen, Dominik Schrempf, Chris Bielow,
Olga Chernomor, Michael Woodhams, Diep Thi Hoang, Heiko Schmidt

Host:    Noutbuk-maria.local (SSE4.2, 16 GB RAM)
Command: iqtree -s exp_baseline/m20_sel200_rep5/combined.fasta -m JC -nt AUTO -pre exp_baseline/m20_sel200_rep5/iqtree_out -seed 202542 -redo
Seed:    202542 (Using SPRNG - Scalable Parallel Random Number Generator)
Time:    Tue May 12 14:44:31 2026
Kernel:  SSE2 - auto-detect threads (8 CPU cores detected)

Reading alignment file exp_baseline/m20_sel200_rep5/combined.fasta ... Fasta format detected
Reading fasta file: done in 0.000520945 secs using 90.8% CPU
Alignment most likely contains DNA/RNA sequences
Constructing alignment: done in 0.0010221 secs using 57.24% CPU
Alignment has 30 sequences with 2200 columns, 2016 distinct patterns
2187 parsimony-informative, 0 singleton sites, 13 constant sites
          Gap/Ambiguity  Composition  p-value
Analyzing sequences: done in 7.10487e-05 secs using 187.2% CPU
   1  taxon_1     0.00%    passed     15.70%
   2  taxon_2     0.00%    passed     96.11%
   3  taxon_3     0.00%    passed     74.99%
   4  taxon_4     0.00%    failed      2.52%
   5  taxon_5     0.00%    passed     30.65%
   6  taxon_6     0.00%    passed      9.29%
   7  taxon_7     0.00%    passed     73.64%
   8  taxon_8     0.00%    passed     56.01%
   9  taxon_9     0.00%    passed     85.23%
  10  taxon_10    0.00%    passed     44.37%
  11  taxon_11    0.00%    passed     53.63%
  12  taxon_12    0.00%    passed     70.37%
  13  taxon_13    0.00%    passed     18.33%
  14  taxon_14    0.00%    passed     88.91%
  15  taxon_15    0.00%    passed     41.23%
  16  taxon_16    0.00%    passed     16.74%
  17  taxon_17    0.00%    passed     71.23%
  18  taxon_18    0.00%    passed     64.17%
  19  taxon_19    0.00%    passed      8.01%
  20  taxon_20    0.00%    passed     27.00%
  21  taxon_21    0.00%    passed     67.84%
  22  taxon_22    0.00%    passed     69.01%
  23  taxon_23    0.00%    passed     45.70%
  24  taxon_24    0.00%    passed     95.44%
  25  taxon_25    0.00%    passed     45.52%
  26  taxon_26    0.00%    passed     32.06%
  27  taxon_27    0.00%    passed     46.78%
  28  taxon_28    0.00%    passed     53.04%
  29  taxon_29    0.00%    passed     20.49%
  30  taxon_30    0.00%    failed      1.72%
****  TOTAL       0.00%  2 sequences failed composition chi2 test (p-value<5%; df=3)
Checking for duplicate sequences: done in 0.000128031 secs using 93.73% CPU

Create initial parsimony tree by phylogenetic likelihood library (PLL)... 0.003 seconds

NOTE: 1 MB RAM (0 GB) is required!
Measuring multi-threading efficiency up to 8 CPU cores
Increase to 10 rounds for branch lengths
394 trees examined
Threads: 1 / Time: 8.020 sec / Speedup: 1.000 / Efficiency: 100% / LogL: -88470
Threads: 2 / Time: 8.719 sec / Speedup: 0.920 / Efficiency: 46% / LogL: -88470
Determining AUTO threadcount: done in 16.7392 secs using 108% CPU
BEST NUMBER OF THREADS: 1

Estimate model parameters (epsilon = 0.100)
1. Initial log-likelihood: -85167.122
Optimal log-likelihood: -84465.465
Rate parameters:  A-C: 1.00000  A-G: 1.00000  A-T: 1.00000  C-G: 1.00000  C-T: 1.00000  G-T: 1.00000
Base frequencies:  A: 0.250  C: 0.250  G: 0.250  T: 0.250
Parameters optimization took 1 rounds (0.014 sec)
Wrote distance file to... 
Computing ML distances based on estimated model parameters...
Calculating distance matrix: done in 0.00140595 secs using 98.94% CPU
Computing ML distances took 0.001547 sec (of wall-clock time) 0.001518 sec (of CPU time)
WARNING: Some pairwise ML distances are too long (saturated)
Setting up auxiliary I and S matrices: done in 2.31266e-05 secs using 73.51% CPU
Constructing RapidNJ tree: done in 4.69685e-05 secs using 163.9% CPU
Computing RapidNJ tree took 0.000097 sec (of wall-clock time) 0.000110 sec (of CPU time)
Log-likelihood of RapidNJ tree: -85683.641
--------------------------------------------------------------------
|             INITIALIZING CANDIDATE TREE SET                      |
--------------------------------------------------------------------
Generating 98 parsimony trees... 0.305 second
Computing log-likelihood of 98 initial trees ... 0.244 seconds
Current best score: -84413.344

Do NNI search on 20 best initial trees
Estimate model parameters (epsilon = 0.100)
BETTER TREE FOUND at iteration 1: -84203.217
Estimate model parameters (epsilon = 0.100)
BETTER TREE FOUND at iteration 4: -84195.370
Estimate model parameters (epsilon = 0.100)
BETTER TREE FOUND at iteration 10: -84190.067
Iteration 10 / LogL: -84190.067 / Time: 0h:0m:17s
Iteration 20 / LogL: -84303.016 / Time: 0h:0m:18s
Finish initializing candidate tree set (16)
Current best tree score: -84190.067 / CPU time: 1.482
Number of iterations: 20
--------------------------------------------------------------------
|               OPTIMIZING CANDIDATE TREE SET                      |
--------------------------------------------------------------------
Iteration 30 / LogL: -84191.477 / Time: 0h:0m:18s (0h:0m:51s left)
Iteration 40 / LogL: -84204.363 / Time: 0h:0m:19s (0h:0m:34s left)
Iteration 50 / LogL: -84195.310 / Time: 0h:0m:19s (0h:0m:24s left)
Iteration 60 / LogL: -84199.412 / Time: 0h:0m:20s (0h:0m:17s left)
Estimate model parameters (epsilon = 0.100)
UPDATE BEST LOG-LIKELIHOOD: -84189.873
Iteration 70 / LogL: -84196.232 / Time: 0h:0m:20s (0h:0m:12s left)
Iteration 80 / LogL: -84192.233 / Time: 0h:0m:21s (0h:0m:8s left)
Iteration 90 / LogL: -84190.401 / Time: 0h:0m:21s (0h:0m:4s left)
Iteration 100 / LogL: -84191.794 / Time: 0h:0m:22s (0h:0m:2s left)
Iteration 110 / LogL: -84194.122 / Time: 0h:0m:22s (0h:0m:0s left)
TREE SEARCH COMPLETED AFTER 111 ITERATIONS / Time: 0h:0m:22s

--------------------------------------------------------------------
|                    FINALIZING TREE SEARCH                        |
--------------------------------------------------------------------
Performs final model parameters optimization
Estimate model parameters (epsilon = 0.010)
1. Initial log-likelihood: -84189.873
Optimal log-likelihood: -84189.870
Rate parameters:  A-C: 1.00000  A-G: 1.00000  A-T: 1.00000  C-G: 1.00000  C-T: 1.00000  G-T: 1.00000
Base frequencies:  A: 0.250  C: 0.250  G: 0.250  T: 0.250
Parameters optimization took 1 rounds (0.003 sec)
BEST SCORE FOUND : -84189.870
Total tree length: 22.429

Total number of iterations: 111
CPU time used for tree search: 6.138 sec (0h:0m:6s)
Wall-clock time used for tree search: 6.159 sec (0h:0m:6s)
Total CPU time used: 24.257 sec (0h:0m:24s)
Total wall-clock time used: 22.944 sec (0h:0m:22s)

Analysis results written to: 
  IQ-TREE report:                exp_baseline/m20_sel200_rep5/iqtree_out.iqtree
  Maximum-likelihood tree:       exp_baseline/m20_sel200_rep5/iqtree_out.treefile
  Likelihood distances:          exp_baseline/m20_sel200_rep5/iqtree_out.mldist
  Screen log file:               exp_baseline/m20_sel200_rep5/iqtree_out.log

Date and Time: Tue May 12 14:44:54 2026
