IQ-TREE version 3.1.1 for MacOS ARM 64-bit built Apr  8 2026
Developed by Bui Quang Minh, Thomas Wong, Nhan Ly-Trong, Huaiyan Ren
Contributed by Lam-Tung Nguyen, Dominik Schrempf, Chris Bielow,
Olga Chernomor, Michael Woodhams, Diep Thi Hoang, Heiko Schmidt

Host:    Noutbuk-maria.local (SSE4.2, 16 GB RAM)
Command: iqtree -s exp_baseline/m5_sel0_rep2/combined.fasta -m JC -nt AUTO -pre exp_baseline/m5_sel0_rep2/iqtree_out -seed 742 -redo
Seed:    742 (Using SPRNG - Scalable Parallel Random Number Generator)
Time:    Tue May 12 14:13:26 2026
Kernel:  SSE2 - auto-detect threads (8 CPU cores detected)

Reading alignment file exp_baseline/m5_sel0_rep2/combined.fasta ... Fasta format detected
Reading fasta file: done in 0.000479937 secs using 90.64% CPU
NOTE: Change sequence name 'taxon 1' -> taxon_1
NOTE: Change sequence name 'taxon 2' -> taxon_2
NOTE: Change sequence name 'taxon 3' -> taxon_3
NOTE: Change sequence name 'taxon 4' -> taxon_4
NOTE: Change sequence name 'taxon 5' -> taxon_5
NOTE: Change sequence name 'taxon 6' -> taxon_6
NOTE: Change sequence name 'taxon 7' -> taxon_7
NOTE: Change sequence name 'taxon 8' -> taxon_8
NOTE: Change sequence name 'taxon 9' -> taxon_9
NOTE: Change sequence name 'taxon 10' -> taxon_10
NOTE: Change sequence name 'taxon 11' -> taxon_11
NOTE: Change sequence name 'taxon 12' -> taxon_12
NOTE: Change sequence name 'taxon 13' -> taxon_13
NOTE: Change sequence name 'taxon 14' -> taxon_14
NOTE: Change sequence name 'taxon 15' -> taxon_15
NOTE: Change sequence name 'taxon 16' -> taxon_16
NOTE: Change sequence name 'taxon 17' -> taxon_17
NOTE: Change sequence name 'taxon 18' -> taxon_18
NOTE: Change sequence name 'taxon 19' -> taxon_19
NOTE: Change sequence name 'taxon 20' -> taxon_20
NOTE: Change sequence name 'taxon 21' -> taxon_21
NOTE: Change sequence name 'taxon 22' -> taxon_22
NOTE: Change sequence name 'taxon 23' -> taxon_23
NOTE: Change sequence name 'taxon 24' -> taxon_24
NOTE: Change sequence name 'taxon 25' -> taxon_25
NOTE: Change sequence name 'taxon 26' -> taxon_26
NOTE: Change sequence name 'taxon 27' -> taxon_27
NOTE: Change sequence name 'taxon 28' -> taxon_28
NOTE: Change sequence name 'taxon 29' -> taxon_29
NOTE: Change sequence name 'taxon 30' -> taxon_30
Alignment most likely contains DNA/RNA sequences
Constructing alignment: done in 0.000939131 secs using 58.03% CPU
Alignment has 30 sequences with 2000 columns, 2000 distinct patterns
2000 parsimony-informative, 0 singleton sites, 0 constant sites
          Gap/Ambiguity  Composition  p-value
Analyzing sequences: done in 4.69685e-05 secs using 249.1% CPU
   1  taxon_1     0.00%    passed     52.15%
   2  taxon_2     0.00%    passed     92.58%
   3  taxon_3     0.00%    passed     93.46%
   4  taxon_4     0.00%    passed     40.20%
   5  taxon_5     0.00%    passed     55.03%
   6  taxon_6     0.00%    passed     81.41%
   7  taxon_7     0.00%    passed     27.46%
   8  taxon_8     0.00%    passed     57.19%
   9  taxon_9     0.00%    passed     76.13%
  10  taxon_10    0.00%    passed     67.94%
  11  taxon_11    0.00%    passed     61.73%
  12  taxon_12    0.00%    passed     97.50%
  13  taxon_13    0.00%    passed     59.31%
  14  taxon_14    0.00%    passed     53.04%
  15  taxon_15    0.00%    passed     38.34%
  16  taxon_16    0.00%    passed     58.09%
  17  taxon_17    0.00%    passed     95.47%
  18  taxon_18    0.00%    passed     43.94%
  19  taxon_19    0.00%    passed     53.52%
  20  taxon_20    0.00%    passed     53.91%
  21  taxon_21    0.00%    passed     55.84%
  22  taxon_22    0.00%    passed     34.57%
  23  taxon_23    0.00%    passed     76.96%
  24  taxon_24    0.00%    passed     92.61%
  25  taxon_25    0.00%    passed     19.65%
  26  taxon_26    0.00%    passed     84.32%
  27  taxon_27    0.00%    passed     28.37%
  28  taxon_28    0.00%    passed     28.76%
  29  taxon_29    0.00%    passed      9.85%
  30  taxon_30    0.00%    passed     78.88%
****  TOTAL       0.00%  0 sequences failed composition chi2 test (p-value<5%; df=3)
Checking for duplicate sequences: done in 0.000127077 secs using 90.5% CPU

Create initial parsimony tree by phylogenetic likelihood library (PLL)... 0.001 seconds

NOTE: 1 MB RAM (0 GB) is required!
Measuring multi-threading efficiency up to 8 CPU cores
Increase to 10 rounds for branch lengths
395 trees examined
Threads: 1 / Time: 8.003 sec / Speedup: 1.000 / Efficiency: 100% / LogL: -79688
Threads: 2 / Time: 8.893 sec / Speedup: 0.900 / Efficiency: 45% / LogL: -79688
Determining AUTO threadcount: done in 16.8959 secs using 108.2% CPU
BEST NUMBER OF THREADS: 1

Estimate model parameters (epsilon = 0.100)
1. Initial log-likelihood: -74422.123
Optimal log-likelihood: -73922.941
Rate parameters:  A-C: 1.00000  A-G: 1.00000  A-T: 1.00000  C-G: 1.00000  C-T: 1.00000  G-T: 1.00000
Base frequencies:  A: 0.250  C: 0.250  G: 0.250  T: 0.250
Parameters optimization took 1 rounds (0.014 sec)
Wrote distance file to... 
Computing ML distances based on estimated model parameters...
Calculating distance matrix: done in 0.00120687 secs using 99.35% CPU
Computing ML distances took 0.001343 sec (of wall-clock time) 0.001325 sec (of CPU time)
WARNING: Some pairwise ML distances are too long (saturated)
Setting up auxiliary I and S matrices: done in 2.38419e-05 secs using 71.3% CPU
Constructing RapidNJ tree: done in 4.60148e-05 secs using 91.28% CPU
Computing RapidNJ tree took 0.000091 sec (of wall-clock time) 0.000067 sec (of CPU time)
Log-likelihood of RapidNJ tree: -73967.417
--------------------------------------------------------------------
|             INITIALIZING CANDIDATE TREE SET                      |
--------------------------------------------------------------------
Generating 98 parsimony trees... 0.274 second
Computing log-likelihood of 98 initial trees ... 0.246 seconds
Current best score: -73922.941

Do NNI search on 20 best initial trees
Estimate model parameters (epsilon = 0.100)
BETTER TREE FOUND at iteration 1: -73885.453
Iteration 10 / LogL: -73887.739 / Time: 0h:0m:17s
Iteration 20 / LogL: -73895.463 / Time: 0h:0m:18s
Finish initializing candidate tree set (4)
Current best tree score: -73885.453 / CPU time: 1.638
Number of iterations: 20
--------------------------------------------------------------------
|               OPTIMIZING CANDIDATE TREE SET                      |
--------------------------------------------------------------------
Iteration 30 / LogL: -73886.064 / Time: 0h:0m:19s (0h:0m:47s left)
Iteration 40 / LogL: -73887.254 / Time: 0h:0m:20s (0h:0m:31s left)
Iteration 50 / LogL: -73885.797 / Time: 0h:0m:20s (0h:0m:21s left)
Iteration 60 / LogL: -73886.705 / Time: 0h:0m:21s (0h:0m:14s left)
Iteration 70 / LogL: -73885.592 / Time: 0h:0m:21s (0h:0m:9s left)
Iteration 80 / LogL: -73904.117 / Time: 0h:0m:22s (0h:0m:5s left)
Iteration 90 / LogL: -73886.671 / Time: 0h:0m:23s (0h:0m:2s left)
Estimate model parameters (epsilon = 0.100)
UPDATE BEST LOG-LIKELIHOOD: -73885.390
Iteration 100 / LogL: -73886.428 / Time: 0h:0m:23s (0h:0m:0s left)
TREE SEARCH COMPLETED AFTER 102 ITERATIONS / Time: 0h:0m:23s

--------------------------------------------------------------------
|                    FINALIZING TREE SEARCH                        |
--------------------------------------------------------------------
Performs final model parameters optimization
Estimate model parameters (epsilon = 0.010)
1. Initial log-likelihood: -73885.390
Optimal log-likelihood: -73885.383
Rate parameters:  A-C: 1.00000  A-G: 1.00000  A-T: 1.00000  C-G: 1.00000  C-T: 1.00000  G-T: 1.00000
Base frequencies:  A: 0.250  C: 0.250  G: 0.250  T: 0.250
Parameters optimization took 1 rounds (0.003 sec)
BEST SCORE FOUND : -73885.383
Total tree length: 20.863

Total number of iterations: 102
CPU time used for tree search: 6.878 sec (0h:0m:6s)
Wall-clock time used for tree search: 6.915 sec (0h:0m:6s)
Total CPU time used: 25.216 sec (0h:0m:25s)
Total wall-clock time used: 23.869 sec (0h:0m:23s)

Analysis results written to: 
  IQ-TREE report:                exp_baseline/m5_sel0_rep2/iqtree_out.iqtree
  Maximum-likelihood tree:       exp_baseline/m5_sel0_rep2/iqtree_out.treefile
  Likelihood distances:          exp_baseline/m5_sel0_rep2/iqtree_out.mldist
  Screen log file:               exp_baseline/m5_sel0_rep2/iqtree_out.log

Date and Time: Tue May 12 14:13:50 2026
