IQ-TREE version 3.1.1 for MacOS ARM 64-bit built Apr  8 2026
Developed by Bui Quang Minh, Thomas Wong, Nhan Ly-Trong, Huaiyan Ren
Contributed by Lam-Tung Nguyen, Dominik Schrempf, Chris Bielow,
Olga Chernomor, Michael Woodhams, Diep Thi Hoang, Heiko Schmidt

Host:    Noutbuk-maria.local (SSE4.2, 16 GB RAM)
Command: iqtree -s exp_stable_0.0005/m0_sel2_rep5/neutral.fasta -m JC -nt AUTO -pre exp_stable_0.0005/m0_sel2_rep5/iqtree_out -seed 3242 -redo
Seed:    3242 (Using SPRNG - Scalable Parallel Random Number Generator)
Time:    Mon May 18 18:38:08 2026
Kernel:  SSE2 - auto-detect threads (8 CPU cores detected)

Reading alignment file exp_stable_0.0005/m0_sel2_rep5/neutral.fasta ... Fasta format detected
Reading fasta file: done in 0.00118995 secs using 89.84% CPU
Alignment most likely contains DNA/RNA sequences
Constructing alignment: done in 0.00166106 secs using 59.78% CPU
Alignment has 50 sequences with 3000 columns, 2473 distinct patterns
1825 parsimony-informative, 899 singleton sites, 276 constant sites
          Gap/Ambiguity  Composition  p-value
Analyzing sequences: done in 0.000109911 secs using 231.1% CPU
   1  taxon_1     0.00%    passed     89.69%
   2  taxon_2     0.00%    passed     93.25%
   3  taxon_3     0.00%    passed     91.63%
   4  taxon_4     0.00%    passed     94.77%
   5  taxon_5     0.00%    passed     97.72%
   6  taxon_6     0.00%    passed     95.77%
   7  taxon_7     0.00%    passed     97.96%
   8  taxon_8     0.00%    passed     85.02%
   9  taxon_9     0.00%    passed     97.43%
  10  taxon_10    0.00%    passed     98.17%
  11  taxon_11    0.00%    passed     88.59%
  12  taxon_12    0.00%    passed     97.80%
  13  taxon_13    0.00%    passed     99.42%
  14  taxon_14    0.00%    passed     87.87%
  15  taxon_15    0.00%    passed     98.83%
  16  taxon_16    0.00%    passed     97.07%
  17  taxon_17    0.00%    passed     86.37%
  18  taxon_18    0.00%    passed     95.45%
  19  taxon_19    0.00%    passed     95.23%
  20  taxon_20    0.00%    passed     88.98%
  21  taxon_21    0.00%    passed     98.15%
  22  taxon_22    0.00%    passed     85.25%
  23  taxon_23    0.00%    passed     99.22%
  24  taxon_24    0.00%    passed     82.17%
  25  taxon_25    0.00%    passed     97.52%
  26  taxon_26    0.00%    passed     93.96%
  27  taxon_27    0.00%    passed     93.20%
  28  taxon_28    0.00%    passed     96.01%
  29  taxon_29    0.00%    passed     99.40%
  30  taxon_30    0.00%    passed     97.86%
  31  taxon_31    0.00%    passed     91.66%
  32  taxon_32    0.00%    passed     98.00%
  33  taxon_33    0.00%    passed     82.26%
  34  taxon_34    0.00%    passed     98.07%
  35  taxon_35    0.00%    passed     94.52%
  36  taxon_36    0.00%    passed     90.22%
  37  taxon_37    0.00%    passed     89.37%
  38  taxon_38    0.00%    passed     91.79%
  39  taxon_39    0.00%    passed     88.48%
  40  taxon_40    0.00%    passed     98.74%
  41  taxon_41    0.00%    passed     95.65%
  42  taxon_42    0.00%    passed     78.89%
  43  taxon_43    0.00%    passed     87.49%
  44  taxon_44    0.00%    passed     94.35%
  45  taxon_45    0.00%    passed     78.12%
  46  taxon_46    0.00%    passed     67.42%
  47  taxon_47    0.00%    passed     97.46%
  48  taxon_48    0.00%    passed     99.36%
  49  taxon_49    0.00%    passed     99.16%
  50  taxon_50    0.00%    passed     96.89%
****  TOTAL       0.00%  0 sequences failed composition chi2 test (p-value<5%; df=3)
Checking for duplicate sequences: done in 0.000247955 secs using 91.15% CPU

Create initial parsimony tree by phylogenetic likelihood library (PLL)... 0.003 seconds

NOTE: 4 MB RAM (0 GB) is required!
Measuring multi-threading efficiency up to 8 CPU cores
Increase to 10 rounds for branch lengths
271 trees examined
Threads: 1 / Time: 8.014 sec / Speedup: 1.000 / Efficiency: 100% / LogL: -58298
Threads: 2 / Time: 7.615 sec / Speedup: 1.052 / Efficiency: 53% / LogL: -58298
Threads: 3 / Time: 7.015 sec / Speedup: 1.142 / Efficiency: 38% / LogL: -58298
Determining AUTO threadcount: done in 22.6447 secs using 122.3% CPU
BEST NUMBER OF THREADS: 1

Estimate model parameters (epsilon = 0.100)
1. Initial log-likelihood: -41582.584
Optimal log-likelihood: -41558.799
Rate parameters:  A-C: 1.00000  A-G: 1.00000  A-T: 1.00000  C-G: 1.00000  C-T: 1.00000  G-T: 1.00000
Base frequencies:  A: 0.250  C: 0.250  G: 0.250  T: 0.250
Parameters optimization took 1 rounds (0.010 sec)
Wrote distance file to... 
Computing ML distances based on estimated model parameters...
Calculating distance matrix: done in 0.00566697 secs using 94.58% CPU
Computing ML distances took 0.005927 sec (of wall-clock time) 0.005615 sec (of CPU time)
Setting up auxiliary I and S matrices: done in 4.50611e-05 secs using 79.89% CPU
Constructing RapidNJ tree: done in 0.000101089 secs using 174.1% CPU
Computing RapidNJ tree took 0.000167 sec (of wall-clock time) 0.000238 sec (of CPU time)
Log-likelihood of RapidNJ tree: -41721.964
--------------------------------------------------------------------
|             INITIALIZING CANDIDATE TREE SET                      |
--------------------------------------------------------------------
Generating 98 parsimony trees... 0.387 second
Computing log-likelihood of 98 initial trees ... 0.517 seconds
Current best score: -41558.799

Do NNI search on 20 best initial trees
Estimate model parameters (epsilon = 0.100)
BETTER TREE FOUND at iteration 1: -41558.799
UPDATE BEST LOG-LIKELIHOOD: -41558.799
Iteration 10 / LogL: -41558.819 / Time: 0h:0m:24s
Iteration 20 / LogL: -41558.799 / Time: 0h:0m:24s
Finish initializing candidate tree set (1)
Current best tree score: -41558.799 / CPU time: 2.105
Number of iterations: 20
--------------------------------------------------------------------
|               OPTIMIZING CANDIDATE TREE SET                      |
--------------------------------------------------------------------
Iteration 30 / LogL: -41558.802 / Time: 0h:0m:25s (0h:1m:2s left)
Iteration 40 / LogL: -41558.868 / Time: 0h:0m:26s (0h:0m:41s left)
Iteration 50 / LogL: -41558.799 / Time: 0h:0m:27s (0h:0m:28s left)
Iteration 60 / LogL: -41558.799 / Time: 0h:0m:27s (0h:0m:19s left)
Iteration 70 / LogL: -41558.799 / Time: 0h:0m:28s (0h:0m:12s left)
Iteration 80 / LogL: -41558.806 / Time: 0h:0m:29s (0h:0m:7s left)
Iteration 90 / LogL: -41558.800 / Time: 0h:0m:29s (0h:0m:3s left)
Iteration 100 / LogL: -41558.849 / Time: 0h:0m:30s (0h:0m:0s left)
TREE SEARCH COMPLETED AFTER 102 ITERATIONS / Time: 0h:0m:30s

--------------------------------------------------------------------
|                    FINALIZING TREE SEARCH                        |
--------------------------------------------------------------------
Performs final model parameters optimization
Estimate model parameters (epsilon = 0.010)
1. Initial log-likelihood: -41558.799
Optimal log-likelihood: -41558.799
Rate parameters:  A-C: 1.00000  A-G: 1.00000  A-T: 1.00000  C-G: 1.00000  C-T: 1.00000  G-T: 1.00000
Base frequencies:  A: 0.250  C: 0.250  G: 0.250  T: 0.250
Parameters optimization took 1 rounds (0.006 sec)
BEST SCORE FOUND : -41558.799
Total tree length: 2.391

Total number of iterations: 102
CPU time used for tree search: 8.170 sec (0h:0m:8s)
Wall-clock time used for tree search: 8.189 sec (0h:0m:8s)
Total CPU time used: 35.920 sec (0h:0m:35s)
Total wall-clock time used: 30.883 sec (0h:0m:30s)

Analysis results written to: 
  IQ-TREE report:                exp_stable_0.0005/m0_sel2_rep5/iqtree_out.iqtree
  Maximum-likelihood tree:       exp_stable_0.0005/m0_sel2_rep5/iqtree_out.treefile
  Likelihood distances:          exp_stable_0.0005/m0_sel2_rep5/iqtree_out.mldist
  Screen log file:               exp_stable_0.0005/m0_sel2_rep5/iqtree_out.log

Date and Time: Mon May 18 18:38:39 2026
