IQ-TREE version 3.1.1 for MacOS ARM 64-bit built Apr  8 2026
Developed by Bui Quang Minh, Thomas Wong, Nhan Ly-Trong, Huaiyan Ren
Contributed by Lam-Tung Nguyen, Dominik Schrempf, Chris Bielow,
Olga Chernomor, Michael Woodhams, Diep Thi Hoang, Heiko Schmidt

Host:    Noutbuk-maria.local (SSE4.2, 16 GB RAM)
Command: iqtree -s exp_stable_0.0001/m10_sel1_rep5/neutral.fasta -m JC -nt AUTO -pre exp_stable_0.0001/m10_sel1_rep5/iqtree_out -seed 2542 -redo
Seed:    2542 (Using SPRNG - Scalable Parallel Random Number Generator)
Time:    Mon May 18 17:27:04 2026
Kernel:  SSE2 - auto-detect threads (8 CPU cores detected)

Reading alignment file exp_stable_0.0001/m10_sel1_rep5/neutral.fasta ... Fasta format detected
Reading fasta file: done in 0.00119805 secs using 88.73% CPU
Alignment most likely contains DNA/RNA sequences
Constructing alignment: done in 0.00116682 secs using 55.11% CPU
Alignment has 50 sequences with 3000 columns, 79 distinct patterns
11 parsimony-informative, 70 singleton sites, 2919 constant sites
          Gap/Ambiguity  Composition  p-value
Analyzing sequences: done in 3.38554e-05 secs using 53.17% CPU
   1  taxon_1     0.00%    passed    100.00%
   2  taxon_2     0.00%    passed    100.00%
   3  taxon_3     0.00%    passed    100.00%
   4  taxon_4     0.00%    passed    100.00%
   5  taxon_5     0.00%    passed    100.00%
   6  taxon_6     0.00%    passed    100.00%
   7  taxon_7     0.00%    passed    100.00%
   8  taxon_8     0.00%    passed    100.00%
   9  taxon_9     0.00%    passed    100.00%
  10  taxon_10    0.00%    passed    100.00%
  11  taxon_11    0.00%    passed     99.99%
  12  taxon_12    0.00%    passed     99.96%
  13  taxon_13    0.00%    passed     99.93%
  14  taxon_14    0.00%    passed     99.99%
  15  taxon_15    0.00%    passed    100.00%
  16  taxon_16    0.00%    passed    100.00%
  17  taxon_17    0.00%    passed     99.99%
  18  taxon_18    0.00%    passed     99.98%
  19  taxon_19    0.00%    passed    100.00%
  20  taxon_20    0.00%    passed    100.00%
  21  taxon_21    0.00%    passed     99.97%
  22  taxon_22    0.00%    passed    100.00%
  23  taxon_23    0.00%    passed     99.98%
  24  taxon_24    0.00%    passed    100.00%
  25  taxon_25    0.00%    passed    100.00%
  26  taxon_26    0.00%    passed    100.00%
  27  taxon_27    0.00%    passed    100.00%
  28  taxon_28    0.00%    passed     99.98%
  29  taxon_29    0.00%    passed    100.00%
  30  taxon_30    0.00%    passed     99.92%
  31  taxon_31    0.00%    passed     99.99%
  32  taxon_32    0.00%    passed     99.92%
  33  taxon_33    0.00%    passed     99.98%
  34  taxon_34    0.00%    passed    100.00%
  35  taxon_35    0.00%    passed    100.00%
  36  taxon_36    0.00%    passed    100.00%
  37  taxon_37    0.00%    passed     99.99%
  38  taxon_38    0.00%    passed    100.00%
  39  taxon_39    0.00%    passed    100.00%
  40  taxon_40    0.00%    passed    100.00%
  41  taxon_41    0.00%    passed     99.91%
  42  taxon_42    0.00%    passed     99.98%
  43  taxon_43    0.00%    passed    100.00%
  44  taxon_44    0.00%    passed     99.97%
  45  taxon_45    0.00%    passed    100.00%
  46  taxon_46    0.00%    passed     99.98%
  47  taxon_47    0.00%    passed     99.93%
  48  taxon_48    0.00%    passed     99.98%
  49  taxon_49    0.00%    passed    100.00%
  50  taxon_50    0.00%    passed    100.00%
****  TOTAL       0.00%  0 sequences failed composition chi2 test (p-value<5%; df=3)
NOTE: taxon_4 is identical to taxon_2 but kept for subsequent analysis
NOTE: taxon_49 is identical to taxon_45 but kept for subsequent analysis
Checking for duplicate sequences: done in 6.60419e-05 secs using 60.57% CPU
Identifying sites to remove: done in 0.000649929 secs using 98.63% CPU
NOTE: 7 identical sequences (see below) will be ignored for subsequent analysis
NOTE: taxon_5 (identical to taxon_2) is ignored but added at the end
NOTE: taxon_24 (identical to taxon_2) is ignored but added at the end
NOTE: taxon_34 (identical to taxon_2) is ignored but added at the end
NOTE: taxon_36 (identical to taxon_2) is ignored but added at the end
NOTE: taxon_38 (identical to taxon_2) is ignored but added at the end
NOTE: taxon_43 (identical to taxon_2) is ignored but added at the end
NOTE: taxon_50 (identical to taxon_45) is ignored but added at the end
Alignment was printed to exp_stable_0.0001/m10_sel1_rep5/iqtree_out.uniqueseq.phy

For your convenience alignment with unique sequences printed to exp_stable_0.0001/m10_sel1_rep5/iqtree_out.uniqueseq.phy

Create initial parsimony tree by phylogenetic likelihood library (PLL)... 0.001 seconds

NOTE: 0 MB RAM (0 GB) is required!
Measuring multi-threading efficiency up to 8 CPU cores
Increase to 10 rounds for branch lengths
17301 trees examined
Threads: 1 / Time: 8.000 sec / Speedup: 1.000 / Efficiency: 100% / LogL: -5082
Threads: 2 / Time: 21.961 sec / Speedup: 0.364 / Efficiency: 18% / LogL: -5082
Determining AUTO threadcount: done in 29.9617 secs using 74.12% CPU
BEST NUMBER OF THREADS: 1

Estimate model parameters (epsilon = 0.100)
1. Initial log-likelihood: -4915.599
Optimal log-likelihood: -4915.599
Rate parameters:  A-C: 1.00000  A-G: 1.00000  A-T: 1.00000  C-G: 1.00000  C-T: 1.00000  G-T: 1.00000
Base frequencies:  A: 0.250  C: 0.250  G: 0.250  T: 0.250
Parameters optimization took 1 rounds (0.000 sec)
Wrote distance file to... 
Computing ML distances based on estimated model parameters...
Calculating distance matrix: done in 0.00204611 secs using 69.3% CPU
Computing ML distances took 0.002069 sec (of wall-clock time) 0.001434 sec (of CPU time)
Setting up auxiliary I and S matrices: done in 3.71933e-05 secs using 75.28% CPU
Constructing RapidNJ tree: done in 9.39369e-05 secs using 159.7% CPU
Computing RapidNJ tree took 0.000157 sec (of wall-clock time) 0.000193 sec (of CPU time)
Log-likelihood of RapidNJ tree: -4915.742
--------------------------------------------------------------------
|             INITIALIZING CANDIDATE TREE SET                      |
--------------------------------------------------------------------
Generating 98 parsimony trees... 0.042 second
Computing log-likelihood of 98 initial trees ... 0.024 seconds
Current best score: -4915.599

Do NNI search on 20 best initial trees
Estimate model parameters (epsilon = 0.100)
BETTER TREE FOUND at iteration 1: -4915.599
BETTER TREE FOUND at iteration 6: -4915.599
Iteration 10 / LogL: -4915.599 / Time: 0h:0m:30s
BETTER TREE FOUND at iteration 14: -4915.599
Iteration 20 / LogL: -4915.599 / Time: 0h:0m:30s
Finish initializing candidate tree set (20)
Current best tree score: -4915.599 / CPU time: 0.087
Number of iterations: 20
--------------------------------------------------------------------
|               OPTIMIZING CANDIDATE TREE SET                      |
--------------------------------------------------------------------
Iteration 30 / LogL: -4920.431 / Time: 0h:0m:30s (0h:1m:27s left)
Iteration 40 / LogL: -4915.603 / Time: 0h:0m:30s (0h:0m:57s left)
Iteration 50 / LogL: -4915.603 / Time: 0h:0m:30s (0h:0m:39s left)
Iteration 60 / LogL: -4915.606 / Time: 0h:0m:30s (0h:0m:27s left)
Iteration 70 / LogL: -4915.599 / Time: 0h:0m:30s (0h:0m:19s left)
Iteration 80 / LogL: -4915.610 / Time: 0h:0m:30s (0h:0m:13s left)
Iteration 90 / LogL: -4928.609 / Time: 0h:0m:30s (0h:0m:8s left)
Iteration 100 / LogL: -4924.332 / Time: 0h:0m:30s (0h:0m:4s left)
Iteration 110 / LogL: -4915.606 / Time: 0h:0m:30s (0h:0m:1s left)
TREE SEARCH COMPLETED AFTER 115 ITERATIONS / Time: 0h:0m:30s

--------------------------------------------------------------------
|                    FINALIZING TREE SEARCH                        |
--------------------------------------------------------------------
Performs final model parameters optimization
Estimate model parameters (epsilon = 0.010)
1. Initial log-likelihood: -4915.599
Optimal log-likelihood: -4915.599
Rate parameters:  A-C: 1.00000  A-G: 1.00000  A-T: 1.00000  C-G: 1.00000  C-T: 1.00000  G-T: 1.00000
Base frequencies:  A: 0.250  C: 0.250  G: 0.250  T: 0.250
Parameters optimization took 1 rounds (0.001 sec)
BEST SCORE FOUND : -4915.599
Total tree length: 0.027

Total number of iterations: 115
CPU time used for tree search: 0.334 sec (0h:0m:0s)
Wall-clock time used for tree search: 0.335 sec (0h:0m:0s)
Total CPU time used: 22.550 sec (0h:0m:22s)
Total wall-clock time used: 30.309 sec (0h:0m:30s)

Analysis results written to: 
  IQ-TREE report:                exp_stable_0.0001/m10_sel1_rep5/iqtree_out.iqtree
  Maximum-likelihood tree:       exp_stable_0.0001/m10_sel1_rep5/iqtree_out.treefile
  Likelihood distances:          exp_stable_0.0001/m10_sel1_rep5/iqtree_out.mldist
  Screen log file:               exp_stable_0.0001/m10_sel1_rep5/iqtree_out.log

Date and Time: Mon May 18 17:27:34 2026
