IQ-TREE version 3.1.1 for MacOS ARM 64-bit built Apr  8 2026
Developed by Bui Quang Minh, Thomas Wong, Nhan Ly-Trong, Huaiyan Ren
Contributed by Lam-Tung Nguyen, Dominik Schrempf, Chris Bielow,
Olga Chernomor, Michael Woodhams, Diep Thi Hoang, Heiko Schmidt

Host:    Noutbuk-maria.local (SSE4.2, 16 GB RAM)
Command: iqtree -s exp_baseline/m50_sel200_rep3/combined.fasta -m JC -nt AUTO -pre exp_baseline/m50_sel200_rep3/iqtree_out -seed 205342 -redo
Seed:    205342 (Using SPRNG - Scalable Parallel Random Number Generator)
Time:    Tue May 12 14:55:14 2026
Kernel:  SSE2 - auto-detect threads (8 CPU cores detected)

Reading alignment file exp_baseline/m50_sel200_rep3/combined.fasta ... Fasta format detected
Reading fasta file: done in 0.000524044 secs using 90.83% CPU
Alignment most likely contains DNA/RNA sequences
Constructing alignment: done in 0.00100589 secs using 57.56% CPU
Alignment has 30 sequences with 2200 columns, 2016 distinct patterns
2194 parsimony-informative, 0 singleton sites, 6 constant sites
          Gap/Ambiguity  Composition  p-value
Analyzing sequences: done in 5.6982e-05 secs using 196.6% CPU
   1  taxon_1     0.00%    passed     65.77%
   2  taxon_2     0.00%    passed     50.73%
   3  taxon_3     0.00%    passed     17.01%
   4  taxon_4     0.00%    passed     66.26%
   5  taxon_5     0.00%    passed     34.18%
   6  taxon_6     0.00%    passed     46.68%
   7  taxon_7     0.00%    passed     49.87%
   8  taxon_8     0.00%    passed     43.74%
   9  taxon_9     0.00%    passed     22.73%
  10  taxon_10    0.00%    failed      2.32%
  11  taxon_11    0.00%    passed     81.59%
  12  taxon_12    0.00%    passed     29.94%
  13  taxon_13    0.00%    passed     97.85%
  14  taxon_14    0.00%    passed     88.69%
  15  taxon_15    0.00%    passed     42.37%
  16  taxon_16    0.00%    passed     64.31%
  17  taxon_17    0.00%    passed     42.68%
  18  taxon_18    0.00%    passed     28.00%
  19  taxon_19    0.00%    passed     17.63%
  20  taxon_20    0.00%    passed     81.06%
  21  taxon_21    0.00%    passed     79.72%
  22  taxon_22    0.00%    passed     69.40%
  23  taxon_23    0.00%    passed      5.41%
  24  taxon_24    0.00%    passed     67.92%
  25  taxon_25    0.00%    passed      6.18%
  26  taxon_26    0.00%    passed     11.58%
  27  taxon_27    0.00%    passed     24.36%
  28  taxon_28    0.00%    passed     39.50%
  29  taxon_29    0.00%    passed     57.22%
  30  taxon_30    0.00%    passed      9.52%
****  TOTAL       0.00%  1 sequences failed composition chi2 test (p-value<5%; df=3)
Checking for duplicate sequences: done in 0.000128984 secs using 89.93% CPU

Create initial parsimony tree by phylogenetic likelihood library (PLL)... 0.003 seconds

NOTE: 1 MB RAM (0 GB) is required!
Measuring multi-threading efficiency up to 8 CPU cores
Increase to 10 rounds for branch lengths
381 trees examined
Threads: 1 / Time: 8.012 sec / Speedup: 1.000 / Efficiency: 100% / LogL: -87450
Threads: 2 / Time: 8.768 sec / Speedup: 0.914 / Efficiency: 46% / LogL: -87450
Determining AUTO threadcount: done in 16.7807 secs using 107.5% CPU
BEST NUMBER OF THREADS: 1

Estimate model parameters (epsilon = 0.100)
1. Initial log-likelihood: -82502.343
Optimal log-likelihood: -82037.455
Rate parameters:  A-C: 1.00000  A-G: 1.00000  A-T: 1.00000  C-G: 1.00000  C-T: 1.00000  G-T: 1.00000
Base frequencies:  A: 0.250  C: 0.250  G: 0.250  T: 0.250
Parameters optimization took 1 rounds (0.012 sec)
Wrote distance file to... 
Computing ML distances based on estimated model parameters...
Calculating distance matrix: done in 0.00135303 secs using 99.41% CPU
Computing ML distances took 0.001495 sec (of wall-clock time) 0.001475 sec (of CPU time)
WARNING: Some pairwise ML distances are too long (saturated)
Setting up auxiliary I and S matrices: done in 2.40803e-05 secs using 70.6% CPU
Constructing RapidNJ tree: done in 5.00679e-05 secs using 159.8% CPU
Computing RapidNJ tree took 0.000100 sec (of wall-clock time) 0.000115 sec (of CPU time)
Log-likelihood of RapidNJ tree: -84058.577
--------------------------------------------------------------------
|             INITIALIZING CANDIDATE TREE SET                      |
--------------------------------------------------------------------
Generating 98 parsimony trees... 0.277 second
Computing log-likelihood of 98 initial trees ... 0.245 seconds
Current best score: -82037.455

Do NNI search on 20 best initial trees
Estimate model parameters (epsilon = 0.100)
BETTER TREE FOUND at iteration 1: -82030.189
Estimate model parameters (epsilon = 0.100)
BETTER TREE FOUND at iteration 2: -81908.060
Estimate model parameters (epsilon = 0.100)
BETTER TREE FOUND at iteration 4: -81907.936
Iteration 10 / LogL: -81936.502 / Time: 0h:0m:17s
Iteration 20 / LogL: -81991.531 / Time: 0h:0m:18s
Finish initializing candidate tree set (13)
Current best tree score: -81907.936 / CPU time: 1.450
Number of iterations: 20
--------------------------------------------------------------------
|               OPTIMIZING CANDIDATE TREE SET                      |
--------------------------------------------------------------------
Iteration 30 / LogL: -81907.968 / Time: 0h:0m:18s (0h:0m:48s left)
Iteration 40 / LogL: -81909.108 / Time: 0h:0m:19s (0h:0m:31s left)
Iteration 50 / LogL: -81909.392 / Time: 0h:0m:19s (0h:0m:21s left)
Iteration 60 / LogL: -81908.722 / Time: 0h:0m:20s (0h:0m:15s left)
Iteration 70 / LogL: -81908.790 / Time: 0h:0m:20s (0h:0m:10s left)
Iteration 80 / LogL: -81911.104 / Time: 0h:0m:21s (0h:0m:6s left)
Iteration 90 / LogL: -81908.033 / Time: 0h:0m:21s (0h:0m:3s left)
Iteration 100 / LogL: -81908.440 / Time: 0h:0m:22s (0h:0m:0s left)
TREE SEARCH COMPLETED AFTER 105 ITERATIONS / Time: 0h:0m:22s

--------------------------------------------------------------------
|                    FINALIZING TREE SEARCH                        |
--------------------------------------------------------------------
Performs final model parameters optimization
Estimate model parameters (epsilon = 0.010)
1. Initial log-likelihood: -81907.936
Optimal log-likelihood: -81907.930
Rate parameters:  A-C: 1.00000  A-G: 1.00000  A-T: 1.00000  C-G: 1.00000  C-T: 1.00000  G-T: 1.00000
Base frequencies:  A: 0.250  C: 0.250  G: 0.250  T: 0.250
Parameters optimization took 1 rounds (0.003 sec)
BEST SCORE FOUND : -81907.930
Total tree length: 20.921

Total number of iterations: 105
CPU time used for tree search: 5.876 sec (0h:0m:5s)
Wall-clock time used for tree search: 5.891 sec (0h:0m:5s)
Total CPU time used: 23.955 sec (0h:0m:23s)
Total wall-clock time used: 22.719 sec (0h:0m:22s)

Analysis results written to: 
  IQ-TREE report:                exp_baseline/m50_sel200_rep3/iqtree_out.iqtree
  Maximum-likelihood tree:       exp_baseline/m50_sel200_rep3/iqtree_out.treefile
  Likelihood distances:          exp_baseline/m50_sel200_rep3/iqtree_out.mldist
  Screen log file:               exp_baseline/m50_sel200_rep3/iqtree_out.log

Date and Time: Tue May 12 14:55:36 2026
