IQ-TREE version 3.1.1 for MacOS ARM 64-bit built Apr  8 2026
Developed by Bui Quang Minh, Thomas Wong, Nhan Ly-Trong, Huaiyan Ren
Contributed by Lam-Tung Nguyen, Dominik Schrempf, Chris Bielow,
Olga Chernomor, Michael Woodhams, Diep Thi Hoang, Heiko Schmidt

Host:    Noutbuk-maria.local (SSE4.2, 16 GB RAM)
Command: iqtree -s exp_stable_0.0001/m5_sel2_rep3/neutral.fasta -m JC -nt AUTO -pre exp_stable_0.0001/m5_sel2_rep3/iqtree_out -seed 2842 -redo
Seed:    2842 (Using SPRNG - Scalable Parallel Random Number Generator)
Time:    Sat May 16 18:48:58 2026
Kernel:  SSE2 - auto-detect threads (8 CPU cores detected)

Reading alignment file exp_stable_0.0001/m5_sel2_rep3/neutral.fasta ... Fasta format detected
Reading fasta file: done in 0.00116992 secs using 89.92% CPU
Alignment most likely contains DNA/RNA sequences
Constructing alignment: done in 0.00116587 secs using 54.04% CPU
Alignment has 50 sequences with 3000 columns, 41 distinct patterns
10 parsimony-informative, 27 singleton sites, 2963 constant sites
          Gap/Ambiguity  Composition  p-value
Analyzing sequences: done in 3.09944e-05 secs using 51.62% CPU
   1  taxon_1     0.00%    passed    100.00%
   2  taxon_2     0.00%    passed    100.00%
   3  taxon_3     0.00%    passed    100.00%
   4  taxon_4     0.00%    passed    100.00%
   5  taxon_5     0.00%    passed    100.00%
   6  taxon_6     0.00%    passed    100.00%
   7  taxon_7     0.00%    passed    100.00%
   8  taxon_8     0.00%    passed    100.00%
   9  taxon_9     0.00%    passed    100.00%
  10  taxon_10    0.00%    passed    100.00%
  11  taxon_11    0.00%    passed    100.00%
  12  taxon_12    0.00%    passed    100.00%
  13  taxon_13    0.00%    passed    100.00%
  14  taxon_14    0.00%    passed    100.00%
  15  taxon_15    0.00%    passed     99.98%
  16  taxon_16    0.00%    passed    100.00%
  17  taxon_17    0.00%    passed    100.00%
  18  taxon_18    0.00%    passed    100.00%
  19  taxon_19    0.00%    passed    100.00%
  20  taxon_20    0.00%    passed     99.98%
  21  taxon_21    0.00%    passed    100.00%
  22  taxon_22    0.00%    passed    100.00%
  23  taxon_23    0.00%    passed    100.00%
  24  taxon_24    0.00%    passed    100.00%
  25  taxon_25    0.00%    passed    100.00%
  26  taxon_26    0.00%    passed    100.00%
  27  taxon_27    0.00%    passed    100.00%
  28  taxon_28    0.00%    passed    100.00%
  29  taxon_29    0.00%    passed    100.00%
  30  taxon_30    0.00%    passed    100.00%
  31  taxon_31    0.00%    passed    100.00%
  32  taxon_32    0.00%    passed    100.00%
  33  taxon_33    0.00%    passed    100.00%
  34  taxon_34    0.00%    passed    100.00%
  35  taxon_35    0.00%    passed    100.00%
  36  taxon_36    0.00%    passed    100.00%
  37  taxon_37    0.00%    passed    100.00%
  38  taxon_38    0.00%    passed     99.98%
  39  taxon_39    0.00%    passed    100.00%
  40  taxon_40    0.00%    passed     99.99%
  41  taxon_41    0.00%    passed    100.00%
  42  taxon_42    0.00%    passed     99.99%
  43  taxon_43    0.00%    passed    100.00%
  44  taxon_44    0.00%    passed    100.00%
  45  taxon_45    0.00%    passed    100.00%
  46  taxon_46    0.00%    passed    100.00%
  47  taxon_47    0.00%    passed     99.99%
  48  taxon_48    0.00%    passed    100.00%
  49  taxon_49    0.00%    passed     99.98%
  50  taxon_50    0.00%    passed     99.98%
****  TOTAL       0.00%  0 sequences failed composition chi2 test (p-value<5%; df=3)
NOTE: taxon_5 is identical to taxon_4 but kept for subsequent analysis
NOTE: taxon_7 is identical to taxon_6 but kept for subsequent analysis
NOTE: taxon_19 is identical to taxon_18 but kept for subsequent analysis
NOTE: taxon_44 is identical to taxon_41 but kept for subsequent analysis
Checking for duplicate sequences: done in 7.00951e-05 secs using 54.21% CPU
Identifying sites to remove: done in 0.000616789 secs using 99.06% CPU
NOTE: 17 identical sequences (see below) will be ignored for subsequent analysis
NOTE: taxon_8 (identical to taxon_6) is ignored but added at the end
NOTE: taxon_10 (identical to taxon_6) is ignored but added at the end
NOTE: taxon_11 (identical to taxon_6) is ignored but added at the end
NOTE: taxon_12 (identical to taxon_6) is ignored but added at the end
NOTE: taxon_14 (identical to taxon_6) is ignored but added at the end
NOTE: taxon_17 (identical to taxon_6) is ignored but added at the end
NOTE: taxon_22 (identical to taxon_6) is ignored but added at the end
NOTE: taxon_24 (identical to taxon_6) is ignored but added at the end
NOTE: taxon_25 (identical to taxon_6) is ignored but added at the end
NOTE: taxon_26 (identical to taxon_6) is ignored but added at the end
NOTE: taxon_27 (identical to taxon_6) is ignored but added at the end
NOTE: taxon_30 (identical to taxon_6) is ignored but added at the end
NOTE: taxon_31 (identical to taxon_6) is ignored but added at the end
NOTE: taxon_33 (identical to taxon_6) is ignored but added at the end
NOTE: taxon_35 (identical to taxon_6) is ignored but added at the end
NOTE: taxon_37 (identical to taxon_6) is ignored but added at the end
NOTE: taxon_45 (identical to taxon_41) is ignored but added at the end
Alignment was printed to exp_stable_0.0001/m5_sel2_rep3/iqtree_out.uniqueseq.phy

For your convenience alignment with unique sequences printed to exp_stable_0.0001/m5_sel2_rep3/iqtree_out.uniqueseq.phy

Create initial parsimony tree by phylogenetic likelihood library (PLL)... 0.001 seconds

NOTE: 0 MB RAM (0 GB) is required!
Measuring multi-threading efficiency up to 8 CPU cores
Increase to 10 rounds for branch lengths
25552 trees examined
Threads: 1 / Time: 8.000 sec / Speedup: 1.000 / Efficiency: 100% / LogL: -4789
Threads: 2 / Time: 27.748 sec / Speedup: 0.288 / Efficiency: 14% / LogL: -4789
Determining AUTO threadcount: done in 35.7482 secs using 66.17% CPU
BEST NUMBER OF THREADS: 1

Estimate model parameters (epsilon = 0.100)
1. Initial log-likelihood: -4522.629
Optimal log-likelihood: -4522.629
Rate parameters:  A-C: 1.00000  A-G: 1.00000  A-T: 1.00000  C-G: 1.00000  C-T: 1.00000  G-T: 1.00000
Base frequencies:  A: 0.250  C: 0.250  G: 0.250  T: 0.250
Parameters optimization took 1 rounds (0.000 sec)
Wrote distance file to... 
Computing ML distances based on estimated model parameters...
Calculating distance matrix: done in 0.00155783 secs using 57.2% CPU
Computing ML distances took 0.001583 sec (of wall-clock time) 0.000906 sec (of CPU time)
Setting up auxiliary I and S matrices: done in 2.69413e-05 secs using 70.52% CPU
Constructing RapidNJ tree: done in 5.79357e-05 secs using 170.9% CPU
Computing RapidNJ tree took 0.000111 sec (of wall-clock time) 0.000133 sec (of CPU time)
Log-likelihood of RapidNJ tree: -4522.741
--------------------------------------------------------------------
|             INITIALIZING CANDIDATE TREE SET                      |
--------------------------------------------------------------------
Generating 98 parsimony trees... 0.029 second
Computing log-likelihood of 98 initial trees ... 0.015 seconds
Current best score: -4522.629

Do NNI search on 20 best initial trees
Estimate model parameters (epsilon = 0.100)
BETTER TREE FOUND at iteration 1: -4522.629
BETTER TREE FOUND at iteration 4: -4522.629
Iteration 10 / LogL: -4522.629 / Time: 0h:0m:35s
Iteration 20 / LogL: -4522.629 / Time: 0h:0m:35s
Finish initializing candidate tree set (20)
Current best tree score: -4522.629 / CPU time: 0.056
Number of iterations: 20
--------------------------------------------------------------------
|               OPTIMIZING CANDIDATE TREE SET                      |
--------------------------------------------------------------------
Iteration 30 / LogL: -4522.651 / Time: 0h:0m:35s (0h:1m:31s left)
Iteration 40 / LogL: -4527.457 / Time: 0h:0m:35s (0h:0m:58s left)
Iteration 50 / LogL: -4522.633 / Time: 0h:0m:35s (0h:0m:39s left)
Iteration 60 / LogL: -4539.555 / Time: 0h:0m:35s (0h:0m:26s left)
Iteration 70 / LogL: -4522.637 / Time: 0h:0m:35s (0h:0m:17s left)
Iteration 80 / LogL: -4522.633 / Time: 0h:0m:35s (0h:0m:10s left)
Iteration 90 / LogL: -4522.629 / Time: 0h:0m:35s (0h:0m:5s left)
Iteration 100 / LogL: -4522.637 / Time: 0h:0m:35s (0h:0m:1s left)
TREE SEARCH COMPLETED AFTER 105 ITERATIONS / Time: 0h:0m:35s

--------------------------------------------------------------------
|                    FINALIZING TREE SEARCH                        |
--------------------------------------------------------------------
Performs final model parameters optimization
Estimate model parameters (epsilon = 0.010)
1. Initial log-likelihood: -4522.629
Optimal log-likelihood: -4522.629
Rate parameters:  A-C: 1.00000  A-G: 1.00000  A-T: 1.00000  C-G: 1.00000  C-T: 1.00000  G-T: 1.00000
Base frequencies:  A: 0.250  C: 0.250  G: 0.250  T: 0.250
Parameters optimization took 1 rounds (0.000 sec)
BEST SCORE FOUND : -4522.629
Total tree length: 0.012

Total number of iterations: 105
CPU time used for tree search: 0.183 sec (0h:0m:0s)
Wall-clock time used for tree search: 0.184 sec (0h:0m:0s)
Total CPU time used: 23.843 sec (0h:0m:23s)
Total wall-clock time used: 35.944 sec (0h:0m:35s)

Analysis results written to: 
  IQ-TREE report:                exp_stable_0.0001/m5_sel2_rep3/iqtree_out.iqtree
  Maximum-likelihood tree:       exp_stable_0.0001/m5_sel2_rep3/iqtree_out.treefile
  Likelihood distances:          exp_stable_0.0001/m5_sel2_rep3/iqtree_out.mldist
  Screen log file:               exp_stable_0.0001/m5_sel2_rep3/iqtree_out.log

Date and Time: Sat May 16 18:49:34 2026
