IQ-TREE version 3.1.1 for MacOS ARM 64-bit built Apr  8 2026
Developed by Bui Quang Minh, Thomas Wong, Nhan Ly-Trong, Huaiyan Ren
Contributed by Lam-Tung Nguyen, Dominik Schrempf, Chris Bielow,
Olga Chernomor, Michael Woodhams, Diep Thi Hoang, Heiko Schmidt

Host:    Noutbuk-maria.local (SSE4.2, 16 GB RAM)
Command: iqtree -s exp_baseline/m1_sel500_rep4/combined.fasta -m JC -nt AUTO -pre exp_baseline/m1_sel500_rep4/iqtree_out -seed 500542 -redo
Seed:    500542 (Using SPRNG - Scalable Parallel Random Number Generator)
Time:    Tue May 12 13:57:47 2026
Kernel:  SSE2 - auto-detect threads (8 CPU cores detected)

Reading alignment file exp_baseline/m1_sel500_rep4/combined.fasta ... Fasta format detected
Reading fasta file: done in 0.000588179 secs using 91.3% CPU
Alignment most likely contains DNA/RNA sequences
Constructing alignment: done in 0.00114799 secs using 55.84% CPU
Alignment has 30 sequences with 2500 columns, 2016 distinct patterns
2245 parsimony-informative, 0 singleton sites, 254 constant sites
          Gap/Ambiguity  Composition  p-value
Analyzing sequences: done in 4.19617e-05 secs using 269.3% CPU
   1  taxon_1     0.00%    passed     83.57%
   2  taxon_2     0.00%    passed     93.96%
   3  taxon_3     0.00%    passed     41.88%
   4  taxon_4     0.00%    passed     93.05%
   5  taxon_5     0.00%    passed     98.34%
   6  taxon_6     0.00%    passed     40.33%
   7  taxon_7     0.00%    passed     76.94%
   8  taxon_8     0.00%    passed     76.70%
   9  taxon_9     0.00%    passed     69.66%
  10  taxon_10    0.00%    passed     97.96%
  11  taxon_11    0.00%    passed     49.66%
  12  taxon_12    0.00%    passed     96.93%
  13  taxon_13    0.00%    passed     44.45%
  14  taxon_14    0.00%    passed     80.99%
  15  taxon_15    0.00%    failed      0.78%
  16  taxon_16    0.00%    passed     35.16%
  17  taxon_17    0.00%    passed     15.36%
  18  taxon_18    0.00%    passed     71.96%
  19  taxon_19    0.00%    passed     37.35%
  20  taxon_20    0.00%    passed     57.07%
  21  taxon_21    0.00%    passed     16.45%
  22  taxon_22    0.00%    passed     20.75%
  23  taxon_23    0.00%    failed      1.18%
  24  taxon_24    0.00%    passed     24.86%
  25  taxon_25    0.00%    passed     22.02%
  26  taxon_26    0.00%    passed     40.66%
  27  taxon_27    0.00%    passed     38.31%
  28  taxon_28    0.00%    passed     88.00%
  29  taxon_29    0.00%    passed     67.75%
  30  taxon_30    0.00%    passed     99.76%
****  TOTAL       0.00%  2 sequences failed composition chi2 test (p-value<5%; df=3)
Checking for duplicate sequences: done in 0.000128031 secs using 92.17% CPU

Create initial parsimony tree by phylogenetic likelihood library (PLL)... 0.003 seconds

NOTE: 1 MB RAM (0 GB) is required!
Measuring multi-threading efficiency up to 8 CPU cores
Increase to 10 rounds for branch lengths
379 trees examined
Threads: 1 / Time: 8.003 sec / Speedup: 1.000 / Efficiency: 100% / LogL: -95562
Threads: 2 / Time: 8.295 sec / Speedup: 0.965 / Efficiency: 48% / LogL: -95562
Determining AUTO threadcount: done in 16.2978 secs using 106.7% CPU
BEST NUMBER OF THREADS: 1

Estimate model parameters (epsilon = 0.100)
1. Initial log-likelihood: -86701.986
Optimal log-likelihood: -86347.808
Rate parameters:  A-C: 1.00000  A-G: 1.00000  A-T: 1.00000  C-G: 1.00000  C-T: 1.00000  G-T: 1.00000
Base frequencies:  A: 0.250  C: 0.250  G: 0.250  T: 0.250
Parameters optimization took 1 rounds (0.011 sec)
Wrote distance file to... 
Computing ML distances based on estimated model parameters...
Calculating distance matrix: done in 0.00170207 secs using 99.47% CPU
Computing ML distances took 0.001848 sec (of wall-clock time) 0.001830 sec (of CPU time)
Setting up auxiliary I and S matrices: done in 2.69413e-05 secs using 66.81% CPU
Constructing RapidNJ tree: done in 5.29289e-05 secs using 134.1% CPU
Computing RapidNJ tree took 0.000104 sec (of wall-clock time) 0.000104 sec (of CPU time)
Log-likelihood of RapidNJ tree: -86547.568
--------------------------------------------------------------------
|             INITIALIZING CANDIDATE TREE SET                      |
--------------------------------------------------------------------
Generating 98 parsimony trees... 0.291 second
Computing log-likelihood of 98 initial trees ... 0.250 seconds
Current best score: -86193.186

Do NNI search on 20 best initial trees
Estimate model parameters (epsilon = 0.100)
BETTER TREE FOUND at iteration 1: -86080.369
Iteration 10 / LogL: -86139.135 / Time: 0h:0m:17s
Iteration 20 / LogL: -86139.385 / Time: 0h:0m:17s
Finish initializing candidate tree set (15)
Current best tree score: -86080.369 / CPU time: 1.167
Number of iterations: 20
--------------------------------------------------------------------
|               OPTIMIZING CANDIDATE TREE SET                      |
--------------------------------------------------------------------
Iteration 30 / LogL: -86080.472 / Time: 0h:0m:17s (0h:0m:43s left)
Iteration 40 / LogL: -86137.293 / Time: 0h:0m:18s (0h:0m:28s left)
Iteration 50 / LogL: -86117.256 / Time: 0h:0m:18s (0h:0m:19s left)
Iteration 60 / LogL: -86117.167 / Time: 0h:0m:19s (0h:0m:13s left)
Iteration 70 / LogL: -86254.388 / Time: 0h:0m:19s (0h:0m:8s left)
Iteration 80 / LogL: -86087.278 / Time: 0h:0m:20s (0h:0m:5s left)
Iteration 90 / LogL: -86081.403 / Time: 0h:0m:20s (0h:0m:2s left)
Iteration 100 / LogL: -86117.596 / Time: 0h:0m:21s (0h:0m:0s left)
TREE SEARCH COMPLETED AFTER 102 ITERATIONS / Time: 0h:0m:21s

--------------------------------------------------------------------
|                    FINALIZING TREE SEARCH                        |
--------------------------------------------------------------------
Performs final model parameters optimization
Estimate model parameters (epsilon = 0.010)
1. Initial log-likelihood: -86080.369
Optimal log-likelihood: -86080.367
Rate parameters:  A-C: 1.00000  A-G: 1.00000  A-T: 1.00000  C-G: 1.00000  C-T: 1.00000  G-T: 1.00000
Base frequencies:  A: 0.250  C: 0.250  G: 0.250  T: 0.250
Parameters optimization took 1 rounds (0.003 sec)
BEST SCORE FOUND : -86080.367
Total tree length: 15.603

Total number of iterations: 102
CPU time used for tree search: 4.876 sec (0h:0m:4s)
Wall-clock time used for tree search: 4.894 sec (0h:0m:4s)
Total CPU time used: 22.299 sec (0h:0m:22s)
Total wall-clock time used: 21.232 sec (0h:0m:21s)

Analysis results written to: 
  IQ-TREE report:                exp_baseline/m1_sel500_rep4/iqtree_out.iqtree
  Maximum-likelihood tree:       exp_baseline/m1_sel500_rep4/iqtree_out.treefile
  Likelihood distances:          exp_baseline/m1_sel500_rep4/iqtree_out.mldist
  Screen log file:               exp_baseline/m1_sel500_rep4/iqtree_out.log

Date and Time: Tue May 12 13:58:08 2026
