IQ-TREE version 3.1.1 for MacOS ARM 64-bit built Apr  8 2026
Developed by Bui Quang Minh, Thomas Wong, Nhan Ly-Trong, Huaiyan Ren
Contributed by Lam-Tung Nguyen, Dominik Schrempf, Chris Bielow,
Olga Chernomor, Michael Woodhams, Diep Thi Hoang, Heiko Schmidt

Host:    Noutbuk-maria.local (SSE4.2, 16 GB RAM)
Command: iqtree -s exp_stable_0.0005/m0_sel1_rep2/neutral.fasta -m JC -nt AUTO -pre exp_stable_0.0005/m0_sel1_rep2/iqtree_out -seed 1242 -redo
Seed:    1242 (Using SPRNG - Scalable Parallel Random Number Generator)
Time:    Fri May 15 18:35:03 2026
Kernel:  SSE2 - auto-detect threads (8 CPU cores detected)

Reading alignment file exp_stable_0.0005/m0_sel1_rep2/neutral.fasta ... Fasta format detected
Reading fasta file: done in 0.00351095 secs using 43.66% CPU
Alignment most likely contains DNA/RNA sequences
Constructing alignment: done in 0.0105951 secs using 18.34% CPU
Alignment has 50 sequences with 3000 columns, 2525 distinct patterns
1801 parsimony-informative, 943 singleton sites, 256 constant sites
          Gap/Ambiguity  Composition  p-value
Analyzing sequences: done in 0.000301838 secs using 88.13% CPU
   1  taxon_1     0.00%    passed     78.78%
   2  taxon_2     0.00%    passed     89.61%
   3  taxon_3     0.00%    passed     97.80%
   4  taxon_4     0.00%    passed     95.68%
   5  taxon_5     0.00%    passed     81.20%
   6  taxon_6     0.00%    passed     63.63%
   7  taxon_7     0.00%    passed     53.51%
   8  taxon_8     0.00%    passed     82.44%
   9  taxon_9     0.00%    passed     86.12%
  10  taxon_10    0.00%    passed     96.68%
  11  taxon_11    0.00%    passed     96.56%
  12  taxon_12    0.00%    passed     90.97%
  13  taxon_13    0.00%    passed     96.83%
  14  taxon_14    0.00%    passed     95.56%
  15  taxon_15    0.00%    passed     95.94%
  16  taxon_16    0.00%    passed     88.21%
  17  taxon_17    0.00%    passed     86.75%
  18  taxon_18    0.00%    passed     85.02%
  19  taxon_19    0.00%    passed     90.61%
  20  taxon_20    0.00%    passed     64.75%
  21  taxon_21    0.00%    passed     74.41%
  22  taxon_22    0.00%    passed     99.69%
  23  taxon_23    0.00%    passed     97.94%
  24  taxon_24    0.00%    passed     94.73%
  25  taxon_25    0.00%    passed     79.22%
  26  taxon_26    0.00%    passed     97.90%
  27  taxon_27    0.00%    passed     96.98%
  28  taxon_28    0.00%    passed     98.73%
  29  taxon_29    0.00%    passed     93.60%
  30  taxon_30    0.00%    passed     95.19%
  31  taxon_31    0.00%    passed     96.25%
  32  taxon_32    0.00%    passed     94.96%
  33  taxon_33    0.00%    passed     95.78%
  34  taxon_34    0.00%    passed     99.97%
  35  taxon_35    0.00%    passed     90.45%
  36  taxon_36    0.00%    passed     95.66%
  37  taxon_37    0.00%    passed     99.54%
  38  taxon_38    0.00%    passed     79.53%
  39  taxon_39    0.00%    passed     85.93%
  40  taxon_40    0.00%    passed     98.98%
  41  taxon_41    0.00%    passed     99.57%
  42  taxon_42    0.00%    passed     56.53%
  43  taxon_43    0.00%    passed     72.96%
  44  taxon_44    0.00%    passed     61.21%
  45  taxon_45    0.00%    passed     85.32%
  46  taxon_46    0.00%    passed     98.51%
  47  taxon_47    0.00%    passed     99.66%
  48  taxon_48    0.00%    passed     90.57%
  49  taxon_49    0.00%    passed     95.87%
  50  taxon_50    0.00%    passed     96.82%
****  TOTAL       0.00%  0 sequences failed composition chi2 test (p-value<5%; df=3)
Checking for duplicate sequences: done in 0.000402927 secs using 95.3% CPU

Create initial parsimony tree by phylogenetic likelihood library (PLL)... 0.009 seconds

NOTE: 4 MB RAM (0 GB) is required!
Measuring multi-threading efficiency up to 8 CPU cores
Increase to 10 rounds for branch lengths
98 trees examined
Threads: 1 / Time: 8.038 sec / Speedup: 1.000 / Efficiency: 100% / LogL: -56573
Threads: 2 / Time: 8.778 sec / Speedup: 0.916 / Efficiency: 46% / LogL: -56573
Determining AUTO threadcount: done in 16.8167 secs using 58.75% CPU
BEST NUMBER OF THREADS: 1

Estimate model parameters (epsilon = 0.100)
1. Initial log-likelihood: -43074.936
Optimal log-likelihood: -43051.258
Rate parameters:  A-C: 1.00000  A-G: 1.00000  A-T: 1.00000  C-G: 1.00000  C-T: 1.00000  G-T: 1.00000
Base frequencies:  A: 0.250  C: 0.250  G: 0.250  T: 0.250
Parameters optimization took 1 rounds (0.016 sec)
Wrote distance file to... 
Computing ML distances based on estimated model parameters...
Calculating distance matrix: done in 0.033767 secs using 25.54% CPU
Computing ML distances took 0.034390 sec (of wall-clock time) 0.009102 sec (of CPU time)
Setting up auxiliary I and S matrices: done in 7.82013e-05 secs using 74.17% CPU
Constructing RapidNJ tree: done in 0.00017786 secs using 89.96% CPU
Computing RapidNJ tree took 0.000330 sec (of wall-clock time) 0.000240 sec (of CPU time)
Log-likelihood of RapidNJ tree: -43171.539
--------------------------------------------------------------------
|             INITIALIZING CANDIDATE TREE SET                      |
--------------------------------------------------------------------
Generating 98 parsimony trees... 1.179 second
Computing log-likelihood of 98 initial trees ... 1.555 seconds
Current best score: -43051.144

Do NNI search on 20 best initial trees
Estimate model parameters (epsilon = 0.100)
BETTER TREE FOUND at iteration 1: -43051.095
UPDATE BEST LOG-LIKELIHOOD: -43051.095
Iteration 10 / LogL: -43051.095 / Time: 0h:0m:21s
UPDATE BEST LOG-LIKELIHOOD: -43051.095
Iteration 20 / LogL: -43051.120 / Time: 0h:0m:23s
Finish initializing candidate tree set (3)
Current best tree score: -43051.095 / CPU time: 6.183
Number of iterations: 20
--------------------------------------------------------------------
|               OPTIMIZING CANDIDATE TREE SET                      |
--------------------------------------------------------------------
Iteration 30 / LogL: -43062.304 / Time: 0h:0m:25s (0h:1m:2s left)
Iteration 40 / LogL: -43051.095 / Time: 0h:0m:27s (0h:0m:43s left)
UPDATE BEST LOG-LIKELIHOOD: -43051.095
Iteration 50 / LogL: -43051.095 / Time: 0h:0m:29s (0h:0m:31s left)
Iteration 60 / LogL: -43051.095 / Time: 0h:0m:32s (0h:0m:22s left)
Iteration 70 / LogL: -43051.095 / Time: 0h:0m:34s (0h:0m:15s left)
UPDATE BEST LOG-LIKELIHOOD: -43051.095
Iteration 80 / LogL: -43052.013 / Time: 0h:0m:36s (0h:0m:9s left)
Iteration 90 / LogL: -43052.063 / Time: 0h:0m:38s (0h:0m:4s left)
Iteration 100 / LogL: -43052.060 / Time: 0h:0m:41s (0h:0m:0s left)
TREE SEARCH COMPLETED AFTER 102 ITERATIONS / Time: 0h:0m:41s

--------------------------------------------------------------------
|                    FINALIZING TREE SEARCH                        |
--------------------------------------------------------------------
Performs final model parameters optimization
Estimate model parameters (epsilon = 0.010)
1. Initial log-likelihood: -43051.095
Optimal log-likelihood: -43051.095
Rate parameters:  A-C: 1.00000  A-G: 1.00000  A-T: 1.00000  C-G: 1.00000  C-T: 1.00000  G-T: 1.00000
Base frequencies:  A: 0.250  C: 0.250  G: 0.250  T: 0.250
Parameters optimization took 1 rounds (0.020 sec)
BEST SCORE FOUND : -43051.095
Total tree length: 2.502

Total number of iterations: 102
CPU time used for tree search: 14.130 sec (0h:0m:14s)
Wall-clock time used for tree search: 24.634 sec (0h:0m:24s)
Total CPU time used: 24.094 sec (0h:0m:24s)
Total wall-clock time used: 41.599 sec (0h:0m:41s)

Analysis results written to: 
  IQ-TREE report:                exp_stable_0.0005/m0_sel1_rep2/iqtree_out.iqtree
  Maximum-likelihood tree:       exp_stable_0.0005/m0_sel1_rep2/iqtree_out.treefile
  Likelihood distances:          exp_stable_0.0005/m0_sel1_rep2/iqtree_out.mldist
  Screen log file:               exp_stable_0.0005/m0_sel1_rep2/iqtree_out.log

Date and Time: Fri May 15 18:35:45 2026
