IQ-TREE version 3.1.1 for MacOS ARM 64-bit built Apr  8 2026
Developed by Bui Quang Minh, Thomas Wong, Nhan Ly-Trong, Huaiyan Ren
Contributed by Lam-Tung Nguyen, Dominik Schrempf, Chris Bielow,
Olga Chernomor, Michael Woodhams, Diep Thi Hoang, Heiko Schmidt

Host:    Noutbuk-maria.local (SSE4.2, 16 GB RAM)
Command: iqtree -s exp_baseline/m1_sel50_rep1/combined.fasta -m JC -nt AUTO -pre exp_baseline/m1_sel50_rep1/iqtree_out -seed 50242 -redo
Seed:    50242 (Using SPRNG - Scalable Parallel Random Number Generator)
Time:    Tue May 12 13:51:31 2026
Kernel:  SSE2 - auto-detect threads (8 CPU cores detected)

Reading alignment file exp_baseline/m1_sel50_rep1/combined.fasta ... Fasta format detected
Reading fasta file: done in 0.000488997 secs using 91% CPU
Alignment most likely contains DNA/RNA sequences
Constructing alignment: done in 0.000948906 secs using 58.28% CPU
Alignment has 30 sequences with 2050 columns, 2016 distinct patterns
2025 parsimony-informative, 0 singleton sites, 25 constant sites
          Gap/Ambiguity  Composition  p-value
Analyzing sequences: done in 4.48227e-05 secs using 274.4% CPU
   1  taxon_1     0.00%    failed      4.42%
   2  taxon_2     0.00%    passed      8.81%
   3  taxon_3     0.00%    passed     96.35%
   4  taxon_4     0.00%    passed     56.98%
   5  taxon_5     0.00%    passed     56.89%
   6  taxon_6     0.00%    passed     61.00%
   7  taxon_7     0.00%    passed     21.72%
   8  taxon_8     0.00%    passed     29.64%
   9  taxon_9     0.00%    passed     62.31%
  10  taxon_10    0.00%    passed     60.22%
  11  taxon_11    0.00%    passed     93.46%
  12  taxon_12    0.00%    passed     48.23%
  13  taxon_13    0.00%    passed     12.01%
  14  taxon_14    0.00%    passed     53.95%
  15  taxon_15    0.00%    passed     13.63%
  16  taxon_16    0.00%    passed     69.66%
  17  taxon_17    0.00%    passed     36.64%
  18  taxon_18    0.00%    passed     77.94%
  19  taxon_19    0.00%    passed     53.97%
  20  taxon_20    0.00%    passed     88.43%
  21  taxon_21    0.00%    passed     22.94%
  22  taxon_22    0.00%    passed     59.88%
  23  taxon_23    0.00%    passed     70.71%
  24  taxon_24    0.00%    passed     12.06%
  25  taxon_25    0.00%    passed     12.22%
  26  taxon_26    0.00%    passed      8.84%
  27  taxon_27    0.00%    passed     80.16%
  28  taxon_28    0.00%    passed     37.24%
  29  taxon_29    0.00%    failed      0.60%
  30  taxon_30    0.00%    passed     28.16%
****  TOTAL       0.00%  2 sequences failed composition chi2 test (p-value<5%; df=3)
Checking for duplicate sequences: done in 0.000128031 secs using 93.73% CPU

Create initial parsimony tree by phylogenetic likelihood library (PLL)... 0.002 seconds

NOTE: 1 MB RAM (0 GB) is required!
Measuring multi-threading efficiency up to 8 CPU cores
Increase to 10 rounds for branch lengths
392 trees examined
Threads: 1 / Time: 8.016 sec / Speedup: 1.000 / Efficiency: 100% / LogL: -81974
Threads: 2 / Time: 8.825 sec / Speedup: 0.908 / Efficiency: 45% / LogL: -81974
Determining AUTO threadcount: done in 16.8417 secs using 107.6% CPU
BEST NUMBER OF THREADS: 1

Estimate model parameters (epsilon = 0.100)
1. Initial log-likelihood: -77618.953
Optimal log-likelihood: -77109.734
Rate parameters:  A-C: 1.00000  A-G: 1.00000  A-T: 1.00000  C-G: 1.00000  C-T: 1.00000  G-T: 1.00000
Base frequencies:  A: 0.250  C: 0.250  G: 0.250  T: 0.250
Parameters optimization took 1 rounds (0.014 sec)
Wrote distance file to... 
Computing ML distances based on estimated model parameters...
Calculating distance matrix: done in 0.00157309 secs using 98.98% CPU
Computing ML distances took 0.001715 sec (of wall-clock time) 0.001687 sec (of CPU time)
WARNING: Some pairwise ML distances are too long (saturated)
Setting up auxiliary I and S matrices: done in 2.31266e-05 secs using 73.51% CPU
Constructing RapidNJ tree: done in 5.38826e-05 secs using 167% CPU
Computing RapidNJ tree took 0.000103 sec (of wall-clock time) 0.000128 sec (of CPU time)
Log-likelihood of RapidNJ tree: -77192.455
--------------------------------------------------------------------
|             INITIALIZING CANDIDATE TREE SET                      |
--------------------------------------------------------------------
Generating 98 parsimony trees... 0.313 second
Computing log-likelihood of 98 initial trees ... 0.250 seconds
Current best score: -77109.734

Do NNI search on 20 best initial trees
Estimate model parameters (epsilon = 0.100)
BETTER TREE FOUND at iteration 1: -77094.266
Iteration 10 / LogL: -77108.550 / Time: 0h:0m:17s
Iteration 20 / LogL: -77096.567 / Time: 0h:0m:18s
Finish initializing candidate tree set (9)
Current best tree score: -77094.266 / CPU time: 1.651
Number of iterations: 20
--------------------------------------------------------------------
|               OPTIMIZING CANDIDATE TREE SET                      |
--------------------------------------------------------------------
Iteration 30 / LogL: -77097.803 / Time: 0h:0m:19s (0h:0m:46s left)
Iteration 40 / LogL: -77103.442 / Time: 0h:0m:19s (0h:0m:30s left)
Iteration 50 / LogL: -77096.306 / Time: 0h:0m:20s (0h:0m:21s left)
Iteration 60 / LogL: -77096.022 / Time: 0h:0m:20s (0h:0m:14s left)
Iteration 70 / LogL: -77094.361 / Time: 0h:0m:21s (0h:0m:9s left)
Iteration 80 / LogL: -77095.895 / Time: 0h:0m:21s (0h:0m:5s left)
Iteration 90 / LogL: -77114.403 / Time: 0h:0m:22s (0h:0m:2s left)
Iteration 100 / LogL: -77124.045 / Time: 0h:0m:22s (0h:0m:0s left)
TREE SEARCH COMPLETED AFTER 102 ITERATIONS / Time: 0h:0m:23s

--------------------------------------------------------------------
|                    FINALIZING TREE SEARCH                        |
--------------------------------------------------------------------
Performs final model parameters optimization
Estimate model parameters (epsilon = 0.010)
1. Initial log-likelihood: -77094.266
Optimal log-likelihood: -77094.197
Rate parameters:  A-C: 1.00000  A-G: 1.00000  A-T: 1.00000  C-G: 1.00000  C-T: 1.00000  G-T: 1.00000
Base frequencies:  A: 0.250  C: 0.250  G: 0.250  T: 0.250
Parameters optimization took 1 rounds (0.006 sec)
BEST SCORE FOUND : -77094.197
Total tree length: 24.242

Total number of iterations: 102
CPU time used for tree search: 6.172 sec (0h:0m:6s)
Wall-clock time used for tree search: 6.195 sec (0h:0m:6s)
Total CPU time used: 24.344 sec (0h:0m:24s)
Total wall-clock time used: 23.085 sec (0h:0m:23s)

Analysis results written to: 
  IQ-TREE report:                exp_baseline/m1_sel50_rep1/iqtree_out.iqtree
  Maximum-likelihood tree:       exp_baseline/m1_sel50_rep1/iqtree_out.treefile
  Likelihood distances:          exp_baseline/m1_sel50_rep1/iqtree_out.mldist
  Screen log file:               exp_baseline/m1_sel50_rep1/iqtree_out.log

Date and Time: Tue May 12 13:51:55 2026
