IQ-TREE version 3.1.1 for MacOS ARM 64-bit built Apr  8 2026
Developed by Bui Quang Minh, Thomas Wong, Nhan Ly-Trong, Huaiyan Ren
Contributed by Lam-Tung Nguyen, Dominik Schrempf, Chris Bielow,
Olga Chernomor, Michael Woodhams, Diep Thi Hoang, Heiko Schmidt

Host:    Noutbuk-maria.local (SSE4.2, 16 GB RAM)
Command: iqtree -s exp_stable_0.0001/m1_sel2_rep4/neutral.fasta -m JC -nt AUTO -pre exp_stable_0.0001/m1_sel2_rep4/iqtree_out -seed 2542 -redo
Seed:    2542 (Using SPRNG - Scalable Parallel Random Number Generator)
Time:    Mon May 18 16:22:46 2026
Kernel:  SSE2 - auto-detect threads (8 CPU cores detected)

Reading alignment file exp_stable_0.0001/m1_sel2_rep4/neutral.fasta ... Fasta format detected
Reading fasta file: done in 0.00121403 secs using 89.62% CPU
Alignment most likely contains DNA/RNA sequences
Constructing alignment: done in 0.00122094 secs using 55.29% CPU
Alignment has 50 sequences with 3000 columns, 191 distinct patterns
48 parsimony-informative, 167 singleton sites, 2785 constant sites
          Gap/Ambiguity  Composition  p-value
Analyzing sequences: done in 3.40939e-05 secs using 79.19% CPU
   1  taxon_1     0.00%    passed     99.96%
   2  taxon_2     0.00%    passed    100.00%
   3  taxon_3     0.00%    passed     99.78%
   4  taxon_4     0.00%    passed     99.98%
   5  taxon_5     0.00%    passed     99.96%
   6  taxon_6     0.00%    passed     99.70%
   7  taxon_7     0.00%    passed     99.82%
   8  taxon_8     0.00%    passed     99.91%
   9  taxon_9     0.00%    passed     99.97%
  10  taxon_10    0.00%    passed     99.99%
  11  taxon_11    0.00%    passed     99.96%
  12  taxon_12    0.00%    passed     99.99%
  13  taxon_13    0.00%    passed     99.96%
  14  taxon_14    0.00%    passed     99.91%
  15  taxon_15    0.00%    passed    100.00%
  16  taxon_16    0.00%    passed    100.00%
  17  taxon_17    0.00%    passed     99.96%
  18  taxon_18    0.00%    passed     99.94%
  19  taxon_19    0.00%    passed     99.97%
  20  taxon_20    0.00%    passed    100.00%
  21  taxon_21    0.00%    passed    100.00%
  22  taxon_22    0.00%    passed     99.91%
  23  taxon_23    0.00%    passed     99.99%
  24  taxon_24    0.00%    passed     99.88%
  25  taxon_25    0.00%    passed     99.60%
  26  taxon_26    0.00%    passed     99.99%
  27  taxon_27    0.00%    passed     99.99%
  28  taxon_28    0.00%    passed     99.99%
  29  taxon_29    0.00%    passed     99.98%
  30  taxon_30    0.00%    passed     99.92%
  31  taxon_31    0.00%    passed     99.90%
  32  taxon_32    0.00%    passed     99.99%
  33  taxon_33    0.00%    passed     99.97%
  34  taxon_34    0.00%    passed     99.87%
  35  taxon_35    0.00%    passed     99.90%
  36  taxon_36    0.00%    passed     99.94%
  37  taxon_37    0.00%    passed     99.98%
  38  taxon_38    0.00%    passed     99.99%
  39  taxon_39    0.00%    passed     99.97%
  40  taxon_40    0.00%    passed     99.98%
  41  taxon_41    0.00%    passed     99.94%
  42  taxon_42    0.00%    passed     99.93%
  43  taxon_43    0.00%    passed     99.94%
  44  taxon_44    0.00%    passed     99.88%
  45  taxon_45    0.00%    passed     99.94%
  46  taxon_46    0.00%    passed     99.72%
  47  taxon_47    0.00%    passed     99.84%
  48  taxon_48    0.00%    passed     99.97%
  49  taxon_49    0.00%    passed     99.88%
  50  taxon_50    0.00%    passed     99.94%
****  TOTAL       0.00%  0 sequences failed composition chi2 test (p-value<5%; df=3)
Checking for duplicate sequences: done in 5.88894e-05 secs using 62.83% CPU

Create initial parsimony tree by phylogenetic likelihood library (PLL)... 0.001 seconds

NOTE: 0 MB RAM (0 GB) is required!
Measuring multi-threading efficiency up to 8 CPU cores
Increase to 10 rounds for branch lengths
4078 trees examined
Threads: 1 / Time: 8.002 sec / Speedup: 1.000 / Efficiency: 100% / LogL: -6918
Threads: 2 / Time: 17.670 sec / Speedup: 0.453 / Efficiency: 23% / LogL: -6918
Determining AUTO threadcount: done in 25.6722 secs using 81.33% CPU
BEST NUMBER OF THREADS: 1

Estimate model parameters (epsilon = 0.100)
1. Initial log-likelihood: -6121.871
Optimal log-likelihood: -6120.930
Rate parameters:  A-C: 1.00000  A-G: 1.00000  A-T: 1.00000  C-G: 1.00000  C-T: 1.00000  G-T: 1.00000
Base frequencies:  A: 0.250  C: 0.250  G: 0.250  T: 0.250
Parameters optimization took 1 rounds (0.001 sec)
Wrote distance file to... 
Computing ML distances based on estimated model parameters...
Calculating distance matrix: done in 0.00322199 secs using 80.97% CPU
Computing ML distances took 0.003262 sec (of wall-clock time) 0.002637 sec (of CPU time)
Setting up auxiliary I and S matrices: done in 5.10216e-05 secs using 80.36% CPU
Constructing RapidNJ tree: done in 0.000123978 secs using 167% CPU
Computing RapidNJ tree took 0.000201 sec (of wall-clock time) 0.000283 sec (of CPU time)
Log-likelihood of RapidNJ tree: -6121.271
--------------------------------------------------------------------
|             INITIALIZING CANDIDATE TREE SET                      |
--------------------------------------------------------------------
Generating 98 parsimony trees... 0.079 second
Computing log-likelihood of 98 initial trees ... 0.049 seconds
Current best score: -6120.928

Do NNI search on 20 best initial trees
Estimate model parameters (epsilon = 0.100)
BETTER TREE FOUND at iteration 1: -6120.927
BETTER TREE FOUND at iteration 6: -6120.927
BETTER TREE FOUND at iteration 10: -6120.927
Iteration 10 / LogL: -6120.927 / Time: 0h:0m:25s
BETTER TREE FOUND at iteration 12: -6120.927
BETTER TREE FOUND at iteration 13: -6120.927
Iteration 20 / LogL: -6120.927 / Time: 0h:0m:25s
Finish initializing candidate tree set (20)
Current best tree score: -6120.927 / CPU time: 0.178
Number of iterations: 20
--------------------------------------------------------------------
|               OPTIMIZING CANDIDATE TREE SET                      |
--------------------------------------------------------------------
Iteration 30 / LogL: -6120.946 / Time: 0h:0m:25s (0h:1m:14s left)
Iteration 40 / LogL: -6120.958 / Time: 0h:0m:26s (0h:0m:48s left)
Iteration 50 / LogL: -6120.939 / Time: 0h:0m:26s (0h:0m:33s left)
Iteration 60 / LogL: -6120.936 / Time: 0h:0m:26s (0h:0m:23s left)
Iteration 70 / LogL: -6120.947 / Time: 0h:0m:26s (0h:0m:16s left)
Iteration 80 / LogL: -6133.352 / Time: 0h:0m:26s (0h:0m:10s left)
Iteration 90 / LogL: -6135.074 / Time: 0h:0m:26s (0h:0m:6s left)
Iteration 100 / LogL: -6120.943 / Time: 0h:0m:26s (0h:0m:3s left)
Iteration 110 / LogL: -6126.285 / Time: 0h:0m:26s (0h:0m:0s left)
TREE SEARCH COMPLETED AFTER 114 ITERATIONS / Time: 0h:0m:26s

--------------------------------------------------------------------
|                    FINALIZING TREE SEARCH                        |
--------------------------------------------------------------------
Performs final model parameters optimization
Estimate model parameters (epsilon = 0.010)
1. Initial log-likelihood: -6120.927
Optimal log-likelihood: -6120.927
Rate parameters:  A-C: 1.00000  A-G: 1.00000  A-T: 1.00000  C-G: 1.00000  C-T: 1.00000  G-T: 1.00000
Base frequencies:  A: 0.250  C: 0.250  G: 0.250  T: 0.250
Parameters optimization took 1 rounds (0.001 sec)
BEST SCORE FOUND : -6120.927
Total tree length: 0.075

Total number of iterations: 114
CPU time used for tree search: 0.882 sec (0h:0m:0s)
Wall-clock time used for tree search: 0.885 sec (0h:0m:0s)
Total CPU time used: 21.773 sec (0h:0m:21s)
Total wall-clock time used: 26.573 sec (0h:0m:26s)

Analysis results written to: 
  IQ-TREE report:                exp_stable_0.0001/m1_sel2_rep4/iqtree_out.iqtree
  Maximum-likelihood tree:       exp_stable_0.0001/m1_sel2_rep4/iqtree_out.treefile
  Likelihood distances:          exp_stable_0.0001/m1_sel2_rep4/iqtree_out.mldist
  Screen log file:               exp_stable_0.0001/m1_sel2_rep4/iqtree_out.log

Date and Time: Mon May 18 16:23:12 2026
