IQ-TREE version 3.1.1 for MacOS ARM 64-bit built Apr  8 2026
Developed by Bui Quang Minh, Thomas Wong, Nhan Ly-Trong, Huaiyan Ren
Contributed by Lam-Tung Nguyen, Dominik Schrempf, Chris Bielow,
Olga Chernomor, Michael Woodhams, Diep Thi Hoang, Heiko Schmidt

Host:    Noutbuk-maria.local (SSE4.2, 16 GB RAM)
Command: iqtree -s exp_baseline/m5_sel50_rep4/combined.fasta -m JC -nt AUTO -pre exp_baseline/m5_sel50_rep4/iqtree_out -seed 50942 -redo
Seed:    50942 (Using SPRNG - Scalable Parallel Random Number Generator)
Time:    Tue May 12 14:17:12 2026
Kernel:  SSE2 - auto-detect threads (8 CPU cores detected)

Reading alignment file exp_baseline/m5_sel50_rep4/combined.fasta ... Fasta format detected
Reading fasta file: done in 0.00049901 secs using 89.38% CPU
Alignment most likely contains DNA/RNA sequences
Constructing alignment: done in 0.000987053 secs using 56.84% CPU
Alignment has 30 sequences with 2050 columns, 2016 distinct patterns
2040 parsimony-informative, 0 singleton sites, 10 constant sites
          Gap/Ambiguity  Composition  p-value
Analyzing sequences: done in 4.98295e-05 secs using 236.8% CPU
   1  taxon_1     0.00%    passed     89.30%
   2  taxon_2     0.00%    passed      5.97%
   3  taxon_3     0.00%    passed     54.73%
   4  taxon_4     0.00%    passed     64.37%
   5  taxon_5     0.00%    passed      6.79%
   6  taxon_6     0.00%    failed      1.88%
   7  taxon_7     0.00%    passed     40.69%
   8  taxon_8     0.00%    passed     65.58%
   9  taxon_9     0.00%    passed     19.45%
  10  taxon_10    0.00%    passed     12.38%
  11  taxon_11    0.00%    passed     54.66%
  12  taxon_12    0.00%    passed     92.07%
  13  taxon_13    0.00%    passed     51.76%
  14  taxon_14    0.00%    passed     17.25%
  15  taxon_15    0.00%    passed     21.41%
  16  taxon_16    0.00%    passed     44.37%
  17  taxon_17    0.00%    passed     53.95%
  18  taxon_18    0.00%    passed     12.19%
  19  taxon_19    0.00%    passed     19.61%
  20  taxon_20    0.00%    passed     67.77%
  21  taxon_21    0.00%    passed     97.76%
  22  taxon_22    0.00%    passed     21.78%
  23  taxon_23    0.00%    passed     90.50%
  24  taxon_24    0.00%    passed     36.00%
  25  taxon_25    0.00%    passed     80.79%
  26  taxon_26    0.00%    passed     73.45%
  27  taxon_27    0.00%    passed     32.23%
  28  taxon_28    0.00%    passed     65.88%
  29  taxon_29    0.00%    passed     80.88%
  30  taxon_30    0.00%    passed     32.51%
****  TOTAL       0.00%  1 sequences failed composition chi2 test (p-value<5%; df=3)
Checking for duplicate sequences: done in 0.000133038 secs using 89.45% CPU

Create initial parsimony tree by phylogenetic likelihood library (PLL)... 0.002 seconds

NOTE: 1 MB RAM (0 GB) is required!
Measuring multi-threading efficiency up to 8 CPU cores
Increase to 10 rounds for branch lengths
378 trees examined
Threads: 1 / Time: 8.006 sec / Speedup: 1.000 / Efficiency: 100% / LogL: -82317
Threads: 2 / Time: 9.014 sec / Speedup: 0.888 / Efficiency: 44% / LogL: -82317
Determining AUTO threadcount: done in 17.0204 secs using 106.7% CPU
BEST NUMBER OF THREADS: 1

Estimate model parameters (epsilon = 0.100)
1. Initial log-likelihood: -77038.939
Optimal log-likelihood: -76382.551
Rate parameters:  A-C: 1.00000  A-G: 1.00000  A-T: 1.00000  C-G: 1.00000  C-T: 1.00000  G-T: 1.00000
Base frequencies:  A: 0.250  C: 0.250  G: 0.250  T: 0.250
Parameters optimization took 1 rounds (0.017 sec)
Wrote distance file to... 
Computing ML distances based on estimated model parameters...
Calculating distance matrix: done in 0.00147891 secs using 99.47% CPU
Computing ML distances took 0.001613 sec (of wall-clock time) 0.001598 sec (of CPU time)
WARNING: Some pairwise ML distances are too long (saturated)
Setting up auxiliary I and S matrices: done in 2.69413e-05 secs using 74.24% CPU
Constructing RapidNJ tree: done in 5.19753e-05 secs using 161.6% CPU
Computing RapidNJ tree took 0.000106 sec (of wall-clock time) 0.000137 sec (of CPU time)
Log-likelihood of RapidNJ tree: -76368.870
--------------------------------------------------------------------
|             INITIALIZING CANDIDATE TREE SET                      |
--------------------------------------------------------------------
Generating 98 parsimony trees... 0.301 second
Computing log-likelihood of 98 initial trees ... 0.245 seconds
Current best score: -76368.870

Do NNI search on 20 best initial trees
Estimate model parameters (epsilon = 0.100)
BETTER TREE FOUND at iteration 1: -76310.266
Iteration 10 / LogL: -76361.839 / Time: 0h:0m:18s
Iteration 20 / LogL: -76329.235 / Time: 0h:0m:18s
Finish initializing candidate tree set (13)
Current best tree score: -76310.266 / CPU time: 1.674
Number of iterations: 20
--------------------------------------------------------------------
|               OPTIMIZING CANDIDATE TREE SET                      |
--------------------------------------------------------------------
Iteration 30 / LogL: -76311.218 / Time: 0h:0m:19s (0h:0m:47s left)
Iteration 40 / LogL: -76332.359 / Time: 0h:0m:20s (0h:0m:31s left)
Iteration 50 / LogL: -76316.427 / Time: 0h:0m:20s (0h:0m:21s left)
Estimate model parameters (epsilon = 0.100)
UPDATE BEST LOG-LIKELIHOOD: -76309.767
Iteration 60 / LogL: -76312.092 / Time: 0h:0m:21s (0h:0m:14s left)
Iteration 70 / LogL: -76312.932 / Time: 0h:0m:22s (0h:0m:9s left)
Iteration 80 / LogL: -76315.133 / Time: 0h:0m:22s (0h:0m:6s left)
Iteration 90 / LogL: -76313.729 / Time: 0h:0m:23s (0h:0m:2s left)
Iteration 100 / LogL: -76317.147 / Time: 0h:0m:23s (0h:0m:0s left)
TREE SEARCH COMPLETED AFTER 102 ITERATIONS / Time: 0h:0m:24s

--------------------------------------------------------------------
|                    FINALIZING TREE SEARCH                        |
--------------------------------------------------------------------
Performs final model parameters optimization
Estimate model parameters (epsilon = 0.010)
1. Initial log-likelihood: -76309.767
Optimal log-likelihood: -76309.699
Rate parameters:  A-C: 1.00000  A-G: 1.00000  A-T: 1.00000  C-G: 1.00000  C-T: 1.00000  G-T: 1.00000
Base frequencies:  A: 0.250  C: 0.250  G: 0.250  T: 0.250
Parameters optimization took 1 rounds (0.006 sec)
BEST SCORE FOUND : -76309.699
Total tree length: 24.263

Total number of iterations: 102
CPU time used for tree search: 6.978 sec (0h:0m:6s)
Wall-clock time used for tree search: 7.004 sec (0h:0m:7s)
Total CPU time used: 25.220 sec (0h:0m:25s)
Total wall-clock time used: 24.109 sec (0h:0m:24s)

Analysis results written to: 
  IQ-TREE report:                exp_baseline/m5_sel50_rep4/iqtree_out.iqtree
  Maximum-likelihood tree:       exp_baseline/m5_sel50_rep4/iqtree_out.treefile
  Likelihood distances:          exp_baseline/m5_sel50_rep4/iqtree_out.mldist
  Screen log file:               exp_baseline/m5_sel50_rep4/iqtree_out.log

Date and Time: Tue May 12 14:17:36 2026
