IQ-TREE version 3.1.1 for MacOS ARM 64-bit built Apr  8 2026
Developed by Bui Quang Minh, Thomas Wong, Nhan Ly-Trong, Huaiyan Ren
Contributed by Lam-Tung Nguyen, Dominik Schrempf, Chris Bielow,
Olga Chernomor, Michael Woodhams, Diep Thi Hoang, Heiko Schmidt

Host:    Noutbuk-maria.local (SSE4.2, 16 GB RAM)
Command: iqtree -s exp_baseline/m2_sel50_rep3/combined.fasta -m JC -nt AUTO -pre exp_baseline/m2_sel50_rep3/iqtree_out -seed 50542 -redo
Seed:    50542 (Using SPRNG - Scalable Parallel Random Number Generator)
Time:    Tue May 12 14:04:40 2026
Kernel:  SSE2 - auto-detect threads (8 CPU cores detected)

Reading alignment file exp_baseline/m2_sel50_rep3/combined.fasta ... Fasta format detected
Reading fasta file: done in 0.000495911 secs using 90.54% CPU
Alignment most likely contains DNA/RNA sequences
Constructing alignment: done in 0.000967026 secs using 57.39% CPU
Alignment has 30 sequences with 2050 columns, 2016 distinct patterns
2036 parsimony-informative, 0 singleton sites, 14 constant sites
          Gap/Ambiguity  Composition  p-value
Analyzing sequences: done in 5.29289e-05 secs using 245.6% CPU
   1  taxon_1     0.00%    passed     43.72%
   2  taxon_2     0.00%    passed     53.88%
   3  taxon_3     0.00%    passed     46.77%
   4  taxon_4     0.00%    passed     92.98%
   5  taxon_5     0.00%    passed     73.03%
   6  taxon_6     0.00%    passed     94.10%
   7  taxon_7     0.00%    passed     78.91%
   8  taxon_8     0.00%    passed     36.67%
   9  taxon_9     0.00%    passed     91.33%
  10  taxon_10    0.00%    passed     15.89%
  11  taxon_11    0.00%    passed     41.18%
  12  taxon_12    0.00%    passed     14.81%
  13  taxon_13    0.00%    failed      4.09%
  14  taxon_14    0.00%    passed     54.40%
  15  taxon_15    0.00%    passed     43.94%
  16  taxon_16    0.00%    passed     32.58%
  17  taxon_17    0.00%    passed      9.32%
  18  taxon_18    0.00%    passed      5.08%
  19  taxon_19    0.00%    passed     19.20%
  20  taxon_20    0.00%    failed      3.22%
  21  taxon_21    0.00%    passed     15.56%
  22  taxon_22    0.00%    passed     58.81%
  23  taxon_23    0.00%    passed     35.61%
  24  taxon_24    0.00%    passed     53.75%
  25  taxon_25    0.00%    passed     37.19%
  26  taxon_26    0.00%    passed     26.14%
  27  taxon_27    0.00%    passed     92.51%
  28  taxon_28    0.00%    passed     20.06%
  29  taxon_29    0.00%    passed     79.35%
  30  taxon_30    0.00%    passed     27.88%
****  TOTAL       0.00%  2 sequences failed composition chi2 test (p-value<5%; df=3)
Checking for duplicate sequences: done in 0.000133038 secs using 93.96% CPU

Create initial parsimony tree by phylogenetic likelihood library (PLL)... 0.002 seconds

NOTE: 1 MB RAM (0 GB) is required!
Measuring multi-threading efficiency up to 8 CPU cores
Increase to 10 rounds for branch lengths
383 trees examined
Threads: 1 / Time: 8.007 sec / Speedup: 1.000 / Efficiency: 100% / LogL: -82060
Threads: 2 / Time: 8.924 sec / Speedup: 0.897 / Efficiency: 45% / LogL: -82060
Determining AUTO threadcount: done in 16.9312 secs using 107.7% CPU
BEST NUMBER OF THREADS: 1

Estimate model parameters (epsilon = 0.100)
1. Initial log-likelihood: -80029.657
Optimal log-likelihood: -79377.369
Rate parameters:  A-C: 1.00000  A-G: 1.00000  A-T: 1.00000  C-G: 1.00000  C-T: 1.00000  G-T: 1.00000
Base frequencies:  A: 0.250  C: 0.250  G: 0.250  T: 0.250
Parameters optimization took 1 rounds (0.025 sec)
Wrote distance file to... 
Computing ML distances based on estimated model parameters...
Calculating distance matrix: done in 0.00150204 secs using 99.46% CPU
Computing ML distances took 0.001641 sec (of wall-clock time) 0.001623 sec (of CPU time)
WARNING: Some pairwise ML distances are too long (saturated)
Setting up auxiliary I and S matrices: done in 2.59876e-05 secs using 73.11% CPU
Constructing RapidNJ tree: done in 4.91142e-05 secs using 160.8% CPU
Computing RapidNJ tree took 0.000100 sec (of wall-clock time) 0.000121 sec (of CPU time)
Log-likelihood of RapidNJ tree: -79570.225
--------------------------------------------------------------------
|             INITIALIZING CANDIDATE TREE SET                      |
--------------------------------------------------------------------
Generating 98 parsimony trees... 0.276 second
Computing log-likelihood of 98 initial trees ... 0.245 seconds
Current best score: -79377.369

Do NNI search on 20 best initial trees
Estimate model parameters (epsilon = 0.100)
BETTER TREE FOUND at iteration 1: -79339.546
Estimate model parameters (epsilon = 0.100)
BETTER TREE FOUND at iteration 7: -79335.547
WARNING: NNI search needs unusual large number of steps (30) to converge!
Estimate model parameters (epsilon = 0.100)
BETTER TREE FOUND at iteration 9: -79331.493
Iteration 10 / LogL: -79362.951 / Time: 0h:0m:18s
Iteration 20 / LogL: -79335.356 / Time: 0h:0m:19s
Finish initializing candidate tree set (20)
Current best tree score: -79331.493 / CPU time: 2.367
Number of iterations: 20
--------------------------------------------------------------------
|               OPTIMIZING CANDIDATE TREE SET                      |
--------------------------------------------------------------------
Iteration 30 / LogL: -79331.493 / Time: 0h:0m:20s (0h:0m:55s left)
Estimate model parameters (epsilon = 0.100)
BETTER TREE FOUND at iteration 37: -79330.998
Iteration 40 / LogL: -79332.795 / Time: 0h:0m:21s (0h:0m:54s left)
Iteration 50 / LogL: -79345.096 / Time: 0h:0m:23s (0h:0m:40s left)
Iteration 60 / LogL: -79331.616 / Time: 0h:0m:24s (0h:0m:31s left)
Iteration 70 / LogL: -79332.288 / Time: 0h:0m:25s (0h:0m:24s left)
Iteration 80 / LogL: -79331.001 / Time: 0h:0m:26s (0h:0m:19s left)
WARNING: NNI search needs unusual large number of steps (30) to converge!
Iteration 90 / LogL: -79331.623 / Time: 0h:0m:27s (0h:0m:14s left)
Iteration 100 / LogL: -79331.401 / Time: 0h:0m:29s (0h:0m:10s left)
Iteration 110 / LogL: -79331.043 / Time: 0h:0m:30s (0h:0m:7s left)
Iteration 120 / LogL: -79331.524 / Time: 0h:0m:31s (0h:0m:4s left)
WARNING: NNI search needs unusual large number of steps (30) to converge!
WARNING: NNI search needs unusual large number of steps (30) to converge!
Iteration 130 / LogL: -79334.241 / Time: 0h:0m:32s (0h:0m:1s left)
TREE SEARCH COMPLETED AFTER 138 ITERATIONS / Time: 0h:0m:33s

--------------------------------------------------------------------
|                    FINALIZING TREE SEARCH                        |
--------------------------------------------------------------------
Performs final model parameters optimization
Estimate model parameters (epsilon = 0.010)
1. Initial log-likelihood: -79330.998
Optimal log-likelihood: -79330.998
Rate parameters:  A-C: 1.00000  A-G: 1.00000  A-T: 1.00000  C-G: 1.00000  C-T: 1.00000  G-T: 1.00000
Base frequencies:  A: 0.250  C: 0.250  G: 0.250  T: 0.250
Parameters optimization took 1 rounds (0.003 sec)
BEST SCORE FOUND : -79330.998
Total tree length: 27.496

Total number of iterations: 138
CPU time used for tree search: 16.225 sec (0h:0m:16s)
Wall-clock time used for tree search: 16.286 sec (0h:0m:16s)
Total CPU time used: 34.611 sec (0h:0m:34s)
Total wall-clock time used: 33.371 sec (0h:0m:33s)

Analysis results written to: 
  IQ-TREE report:                exp_baseline/m2_sel50_rep3/iqtree_out.iqtree
  Maximum-likelihood tree:       exp_baseline/m2_sel50_rep3/iqtree_out.treefile
  Likelihood distances:          exp_baseline/m2_sel50_rep3/iqtree_out.mldist
  Screen log file:               exp_baseline/m2_sel50_rep3/iqtree_out.log

Date and Time: Tue May 12 14:05:14 2026
