IQ-TREE version 3.1.1 for MacOS ARM 64-bit built Apr  8 2026
Developed by Bui Quang Minh, Thomas Wong, Nhan Ly-Trong, Huaiyan Ren
Contributed by Lam-Tung Nguyen, Dominik Schrempf, Chris Bielow,
Olga Chernomor, Michael Woodhams, Diep Thi Hoang, Heiko Schmidt

Host:    Noutbuk-maria.local (SSE4.2, 16 GB RAM)
Command: iqtree -s exp_baseline/m2_sel50_rep2/combined.fasta -m JC -nt AUTO -pre exp_baseline/m2_sel50_rep2/iqtree_out -seed 50442 -redo
Seed:    50442 (Using SPRNG - Scalable Parallel Random Number Generator)
Time:    Tue May 12 14:04:11 2026
Kernel:  SSE2 - auto-detect threads (8 CPU cores detected)

Reading alignment file exp_baseline/m2_sel50_rep2/combined.fasta ... Fasta format detected
Reading fasta file: done in 0.000488043 secs using 91.18% CPU
Alignment most likely contains DNA/RNA sequences
Constructing alignment: done in 0.000936031 secs using 58.01% CPU
Alignment has 30 sequences with 2050 columns, 2016 distinct patterns
2039 parsimony-informative, 0 singleton sites, 11 constant sites
          Gap/Ambiguity  Composition  p-value
Analyzing sequences: done in 5.91278e-05 secs using 233.4% CPU
   1  taxon_1     0.00%    passed     91.24%
   2  taxon_2     0.00%    passed     56.32%
   3  taxon_3     0.00%    passed     96.17%
   4  taxon_4     0.00%    passed     73.46%
   5  taxon_5     0.00%    passed     40.15%
   6  taxon_6     0.00%    passed     99.45%
   7  taxon_7     0.00%    passed     92.06%
   8  taxon_8     0.00%    failed      4.85%
   9  taxon_9     0.00%    passed     98.87%
  10  taxon_10    0.00%    passed     59.18%
  11  taxon_11    0.00%    passed     55.91%
  12  taxon_12    0.00%    passed     74.38%
  13  taxon_13    0.00%    passed     40.27%
  14  taxon_14    0.00%    passed     52.98%
  15  taxon_15    0.00%    passed     82.06%
  16  taxon_16    0.00%    failed      3.48%
  17  taxon_17    0.00%    passed     61.91%
  18  taxon_18    0.00%    passed     64.71%
  19  taxon_19    0.00%    passed     95.06%
  20  taxon_20    0.00%    passed     78.11%
  21  taxon_21    0.00%    passed     83.53%
  22  taxon_22    0.00%    passed     47.83%
  23  taxon_23    0.00%    passed     87.70%
  24  taxon_24    0.00%    passed     83.28%
  25  taxon_25    0.00%    passed     33.20%
  26  taxon_26    0.00%    passed     73.46%
  27  taxon_27    0.00%    passed     88.64%
  28  taxon_28    0.00%    passed     46.27%
  29  taxon_29    0.00%    passed      8.31%
  30  taxon_30    0.00%    passed     87.32%
****  TOTAL       0.00%  2 sequences failed composition chi2 test (p-value<5%; df=3)
Checking for duplicate sequences: done in 0.000127792 secs using 93.12% CPU

Create initial parsimony tree by phylogenetic likelihood library (PLL)... 0.002 seconds

NOTE: 1 MB RAM (0 GB) is required!
Measuring multi-threading efficiency up to 8 CPU cores
Increase to 10 rounds for branch lengths
387 trees examined
Threads: 1 / Time: 8.014 sec / Speedup: 1.000 / Efficiency: 100% / LogL: -78134
Threads: 2 / Time: 8.887 sec / Speedup: 0.902 / Efficiency: 45% / LogL: -78134
Determining AUTO threadcount: done in 16.9013 secs using 107.2% CPU
BEST NUMBER OF THREADS: 1

Estimate model parameters (epsilon = 0.100)
1. Initial log-likelihood: -70295.357
Optimal log-likelihood: -69868.564
Rate parameters:  A-C: 1.00000  A-G: 1.00000  A-T: 1.00000  C-G: 1.00000  C-T: 1.00000  G-T: 1.00000
Base frequencies:  A: 0.250  C: 0.250  G: 0.250  T: 0.250
Parameters optimization took 1 rounds (0.015 sec)
Wrote distance file to... 
Computing ML distances based on estimated model parameters...
Calculating distance matrix: done in 0.00150704 secs using 99.07% CPU
Computing ML distances took 0.001645 sec (of wall-clock time) 0.001621 sec (of CPU time)
WARNING: Some pairwise ML distances are too long (saturated)
Setting up auxiliary I and S matrices: done in 2.40803e-05 secs using 70.6% CPU
Constructing RapidNJ tree: done in 4.60148e-05 secs using 173.9% CPU
Computing RapidNJ tree took 0.000093 sec (of wall-clock time) 0.000111 sec (of CPU time)
Log-likelihood of RapidNJ tree: -70456.044
--------------------------------------------------------------------
|             INITIALIZING CANDIDATE TREE SET                      |
--------------------------------------------------------------------
Generating 98 parsimony trees... 0.257 second
Computing log-likelihood of 98 initial trees ... 0.245 seconds
Current best score: -69868.564

Do NNI search on 20 best initial trees
Estimate model parameters (epsilon = 0.100)
BETTER TREE FOUND at iteration 1: -69853.194
Iteration 10 / LogL: -69853.797 / Time: 0h:0m:17s
Iteration 20 / LogL: -69859.953 / Time: 0h:0m:18s
Finish initializing candidate tree set (8)
Current best tree score: -69853.194 / CPU time: 1.428
Number of iterations: 20
--------------------------------------------------------------------
|               OPTIMIZING CANDIDATE TREE SET                      |
--------------------------------------------------------------------
Estimate model parameters (epsilon = 0.100)
UPDATE BEST LOG-LIKELIHOOD: -69853.066
Iteration 30 / LogL: -69867.399 / Time: 0h:0m:19s (0h:0m:46s left)
Iteration 40 / LogL: -69858.855 / Time: 0h:0m:19s (0h:0m:30s left)
Iteration 50 / LogL: -69854.689 / Time: 0h:0m:20s (0h:0m:21s left)
Iteration 60 / LogL: -69858.440 / Time: 0h:0m:21s (0h:0m:14s left)
Iteration 70 / LogL: -69853.915 / Time: 0h:0m:21s (0h:0m:9s left)
Iteration 80 / LogL: -69867.309 / Time: 0h:0m:22s (0h:0m:5s left)
Iteration 90 / LogL: -69859.946 / Time: 0h:0m:23s (0h:0m:2s left)
Iteration 100 / LogL: -69854.001 / Time: 0h:0m:23s (0h:0m:0s left)
TREE SEARCH COMPLETED AFTER 102 ITERATIONS / Time: 0h:0m:23s

--------------------------------------------------------------------
|                    FINALIZING TREE SEARCH                        |
--------------------------------------------------------------------
Performs final model parameters optimization
Estimate model parameters (epsilon = 0.010)
1. Initial log-likelihood: -69853.066
Optimal log-likelihood: -69853.059
Rate parameters:  A-C: 1.00000  A-G: 1.00000  A-T: 1.00000  C-G: 1.00000  C-T: 1.00000  G-T: 1.00000
Base frequencies:  A: 0.250  C: 0.250  G: 0.250  T: 0.250
Parameters optimization took 1 rounds (0.003 sec)
BEST SCORE FOUND : -69853.059
Total tree length: 17.390

Total number of iterations: 102
CPU time used for tree search: 6.853 sec (0h:0m:6s)
Wall-clock time used for tree search: 6.872 sec (0h:0m:6s)
Total CPU time used: 25.024 sec (0h:0m:25s)
Total wall-clock time used: 23.832 sec (0h:0m:23s)

Analysis results written to: 
  IQ-TREE report:                exp_baseline/m2_sel50_rep2/iqtree_out.iqtree
  Maximum-likelihood tree:       exp_baseline/m2_sel50_rep2/iqtree_out.treefile
  Likelihood distances:          exp_baseline/m2_sel50_rep2/iqtree_out.mldist
  Screen log file:               exp_baseline/m2_sel50_rep2/iqtree_out.log

Date and Time: Tue May 12 14:04:35 2026
