IQ-TREE version 3.1.1 for MacOS ARM 64-bit built Apr  8 2026
Developed by Bui Quang Minh, Thomas Wong, Nhan Ly-Trong, Huaiyan Ren
Contributed by Lam-Tung Nguyen, Dominik Schrempf, Chris Bielow,
Olga Chernomor, Michael Woodhams, Diep Thi Hoang, Heiko Schmidt

Host:    Noutbuk-maria.local (SSE4.2, 16 GB RAM)
Command: iqtree -s exp_stable_0.0001/m1_sel2_rep6/neutral.fasta -m JC -nt AUTO -pre exp_stable_0.0001/m1_sel2_rep6/iqtree_out -seed 2742 -redo
Seed:    2742 (Using SPRNG - Scalable Parallel Random Number Generator)
Time:    Mon May 18 16:38:13 2026
Kernel:  SSE2 - auto-detect threads (8 CPU cores detected)

Reading alignment file exp_stable_0.0001/m1_sel2_rep6/neutral.fasta ... Fasta format detected
Reading fasta file: done in 0.00123811 secs using 88.52% CPU
Alignment most likely contains DNA/RNA sequences
Constructing alignment: done in 0.00115705 secs using 59.55% CPU
Alignment has 50 sequences with 3000 columns, 217 distinct patterns
35 parsimony-informative, 209 singleton sites, 2756 constant sites
          Gap/Ambiguity  Composition  p-value
Analyzing sequences: done in 3.19481e-05 secs using 65.73% CPU
   1  taxon_1     0.00%    passed     99.89%
   2  taxon_2     0.00%    passed     99.61%
   3  taxon_3     0.00%    passed     99.90%
   4  taxon_4     0.00%    passed     99.80%
   5  taxon_5     0.00%    passed     99.71%
   6  taxon_6     0.00%    passed     99.53%
   7  taxon_7     0.00%    passed     99.97%
   8  taxon_8     0.00%    passed     99.95%
   9  taxon_9     0.00%    passed     99.97%
  10  taxon_10    0.00%    passed     99.97%
  11  taxon_11    0.00%    passed    100.00%
  12  taxon_12    0.00%    passed     99.98%
  13  taxon_13    0.00%    passed     99.99%
  14  taxon_14    0.00%    passed     99.98%
  15  taxon_15    0.00%    passed     99.81%
  16  taxon_16    0.00%    passed     99.99%
  17  taxon_17    0.00%    passed    100.00%
  18  taxon_18    0.00%    passed     99.96%
  19  taxon_19    0.00%    passed     99.99%
  20  taxon_20    0.00%    passed    100.00%
  21  taxon_21    0.00%    passed     99.97%
  22  taxon_22    0.00%    passed    100.00%
  23  taxon_23    0.00%    passed    100.00%
  24  taxon_24    0.00%    passed     99.98%
  25  taxon_25    0.00%    passed    100.00%
  26  taxon_26    0.00%    passed     99.81%
  27  taxon_27    0.00%    passed     99.93%
  28  taxon_28    0.00%    passed    100.00%
  29  taxon_29    0.00%    passed     99.95%
  30  taxon_30    0.00%    passed     99.95%
  31  taxon_31    0.00%    passed     99.72%
  32  taxon_32    0.00%    passed     99.92%
  33  taxon_33    0.00%    passed     99.98%
  34  taxon_34    0.00%    passed     99.86%
  35  taxon_35    0.00%    passed     99.98%
  36  taxon_36    0.00%    passed     99.99%
  37  taxon_37    0.00%    passed     99.97%
  38  taxon_38    0.00%    passed     99.98%
  39  taxon_39    0.00%    passed     99.87%
  40  taxon_40    0.00%    passed     99.90%
  41  taxon_41    0.00%    passed     99.99%
  42  taxon_42    0.00%    passed    100.00%
  43  taxon_43    0.00%    passed     99.76%
  44  taxon_44    0.00%    passed     99.94%
  45  taxon_45    0.00%    passed     99.99%
  46  taxon_46    0.00%    passed     99.81%
  47  taxon_47    0.00%    passed     99.86%
  48  taxon_48    0.00%    passed     99.94%
  49  taxon_49    0.00%    passed     99.98%
  50  taxon_50    0.00%    passed     99.69%
****  TOTAL       0.00%  0 sequences failed composition chi2 test (p-value<5%; df=3)
Checking for duplicate sequences: done in 6.10352e-05 secs using 65.54% CPU

Create initial parsimony tree by phylogenetic likelihood library (PLL)... 0.001 seconds

NOTE: 0 MB RAM (0 GB) is required!
Measuring multi-threading efficiency up to 8 CPU cores
Increase to 10 rounds for branch lengths
6356 trees examined
Threads: 1 / Time: 8.001 sec / Speedup: 1.000 / Efficiency: 100% / LogL: -6760
Threads: 2 / Time: 16.649 sec / Speedup: 0.481 / Efficiency: 24% / LogL: -6760
Determining AUTO threadcount: done in 24.6494 secs using 83.24% CPU
BEST NUMBER OF THREADS: 1

Estimate model parameters (epsilon = 0.100)
1. Initial log-likelihood: -6343.791
Optimal log-likelihood: -6342.773
Rate parameters:  A-C: 1.00000  A-G: 1.00000  A-T: 1.00000  C-G: 1.00000  C-T: 1.00000  G-T: 1.00000
Base frequencies:  A: 0.250  C: 0.250  G: 0.250  T: 0.250
Parameters optimization took 1 rounds (0.001 sec)
Wrote distance file to... 
Computing ML distances based on estimated model parameters...
Calculating distance matrix: done in 0.00297689 secs using 93.22% CPU
Computing ML distances took 0.003019 sec (of wall-clock time) 0.002809 sec (of CPU time)
Setting up auxiliary I and S matrices: done in 5.60284e-05 secs using 78.53% CPU
Constructing RapidNJ tree: done in 0.000160933 secs using 115.6% CPU
Computing RapidNJ tree took 0.000238 sec (of wall-clock time) 0.000248 sec (of CPU time)
Log-likelihood of RapidNJ tree: -6342.879
--------------------------------------------------------------------
|             INITIALIZING CANDIDATE TREE SET                      |
--------------------------------------------------------------------
Generating 98 parsimony trees... 0.089 second
Computing log-likelihood of 98 initial trees ... 0.059 seconds
Current best score: -6342.770

Do NNI search on 20 best initial trees
Estimate model parameters (epsilon = 0.100)
BETTER TREE FOUND at iteration 1: -6342.770
BETTER TREE FOUND at iteration 2: -6342.768
BETTER TREE FOUND at iteration 6: -6342.768
BETTER TREE FOUND at iteration 7: -6342.768
Iteration 10 / LogL: -6342.770 / Time: 0h:0m:24s
Iteration 20 / LogL: -6342.770 / Time: 0h:0m:24s
Finish initializing candidate tree set (20)
Current best tree score: -6342.768 / CPU time: 0.216
Number of iterations: 20
--------------------------------------------------------------------
|               OPTIMIZING CANDIDATE TREE SET                      |
--------------------------------------------------------------------
Iteration 30 / LogL: -6342.778 / Time: 0h:0m:24s (0h:1m:6s left)
Iteration 40 / LogL: -6362.241 / Time: 0h:0m:25s (0h:0m:43s left)
Iteration 50 / LogL: -6342.779 / Time: 0h:0m:25s (0h:0m:29s left)
Iteration 60 / LogL: -6342.776 / Time: 0h:0m:25s (0h:0m:20s left)
Iteration 70 / LogL: -6342.801 / Time: 0h:0m:25s (0h:0m:13s left)
Iteration 80 / LogL: -6342.775 / Time: 0h:0m:25s (0h:0m:8s left)
Iteration 90 / LogL: -6347.604 / Time: 0h:0m:25s (0h:0m:4s left)
Iteration 100 / LogL: -6342.795 / Time: 0h:0m:25s (0h:0m:1s left)
TREE SEARCH COMPLETED AFTER 108 ITERATIONS / Time: 0h:0m:25s

--------------------------------------------------------------------
|                    FINALIZING TREE SEARCH                        |
--------------------------------------------------------------------
Performs final model parameters optimization
Estimate model parameters (epsilon = 0.010)
1. Initial log-likelihood: -6342.768
Optimal log-likelihood: -6342.768
Rate parameters:  A-C: 1.00000  A-G: 1.00000  A-T: 1.00000  C-G: 1.00000  C-T: 1.00000  G-T: 1.00000
Base frequencies:  A: 0.250  C: 0.250  G: 0.250  T: 0.250
Parameters optimization took 1 rounds (0.001 sec)
BEST SCORE FOUND : -6342.768
Total tree length: 0.085

Total number of iterations: 108
CPU time used for tree search: 0.938 sec (0h:0m:0s)
Wall-clock time used for tree search: 0.947 sec (0h:0m:0s)
Total CPU time used: 21.469 sec (0h:0m:21s)
Total wall-clock time used: 25.614 sec (0h:0m:25s)

Analysis results written to: 
  IQ-TREE report:                exp_stable_0.0001/m1_sel2_rep6/iqtree_out.iqtree
  Maximum-likelihood tree:       exp_stable_0.0001/m1_sel2_rep6/iqtree_out.treefile
  Likelihood distances:          exp_stable_0.0001/m1_sel2_rep6/iqtree_out.mldist
  Screen log file:               exp_stable_0.0001/m1_sel2_rep6/iqtree_out.log

Date and Time: Mon May 18 16:38:39 2026
