IQ-TREE version 3.1.1 for MacOS ARM 64-bit built Apr  8 2026
Developed by Bui Quang Minh, Thomas Wong, Nhan Ly-Trong, Huaiyan Ren
Contributed by Lam-Tung Nguyen, Dominik Schrempf, Chris Bielow,
Olga Chernomor, Michael Woodhams, Diep Thi Hoang, Heiko Schmidt

Host:    Noutbuk-maria.local (SSE4.2, 16 GB RAM)
Command: iqtree -s exp_stable_0.0005/m0_sel1_rep4/neutral.fasta -m JC -nt AUTO -pre exp_stable_0.0005/m0_sel1_rep4/iqtree_out -seed 1442 -redo
Seed:    1442 (Using SPRNG - Scalable Parallel Random Number Generator)
Time:    Mon May 18 17:54:50 2026
Kernel:  SSE2 - auto-detect threads (8 CPU cores detected)

Reading alignment file exp_stable_0.0005/m0_sel1_rep4/neutral.fasta ... Fasta format detected
Reading fasta file: done in 0.00119305 secs using 89.69% CPU
Alignment most likely contains DNA/RNA sequences
Constructing alignment: done in 0.00166106 secs using 60.62% CPU
Alignment has 50 sequences with 3000 columns, 2459 distinct patterns
1780 parsimony-informative, 932 singleton sites, 288 constant sites
          Gap/Ambiguity  Composition  p-value
Analyzing sequences: done in 9.48906e-05 secs using 290.9% CPU
   1  taxon_1     0.00%    passed     95.86%
   2  taxon_2     0.00%    passed     99.07%
   3  taxon_3     0.00%    passed     98.41%
   4  taxon_4     0.00%    passed     97.49%
   5  taxon_5     0.00%    passed     99.26%
   6  taxon_6     0.00%    passed     97.73%
   7  taxon_7     0.00%    passed     97.26%
   8  taxon_8     0.00%    passed     98.59%
   9  taxon_9     0.00%    passed     85.61%
  10  taxon_10    0.00%    passed     90.86%
  11  taxon_11    0.00%    passed     96.33%
  12  taxon_12    0.00%    passed     89.10%
  13  taxon_13    0.00%    passed     98.03%
  14  taxon_14    0.00%    passed     85.15%
  15  taxon_15    0.00%    passed     98.65%
  16  taxon_16    0.00%    passed     97.39%
  17  taxon_17    0.00%    passed     97.06%
  18  taxon_18    0.00%    passed     97.90%
  19  taxon_19    0.00%    passed     65.69%
  20  taxon_20    0.00%    passed     88.61%
  21  taxon_21    0.00%    passed     94.64%
  22  taxon_22    0.00%    passed     92.73%
  23  taxon_23    0.00%    passed     90.44%
  24  taxon_24    0.00%    passed     67.20%
  25  taxon_25    0.00%    passed     91.22%
  26  taxon_26    0.00%    passed     91.53%
  27  taxon_27    0.00%    passed     75.68%
  28  taxon_28    0.00%    passed     99.23%
  29  taxon_29    0.00%    passed     98.94%
  30  taxon_30    0.00%    passed     98.26%
  31  taxon_31    0.00%    passed     99.71%
  32  taxon_32    0.00%    passed     85.04%
  33  taxon_33    0.00%    passed     86.93%
  34  taxon_34    0.00%    passed     97.39%
  35  taxon_35    0.00%    passed     94.81%
  36  taxon_36    0.00%    passed     99.47%
  37  taxon_37    0.00%    passed     98.76%
  38  taxon_38    0.00%    passed     82.00%
  39  taxon_39    0.00%    passed     95.95%
  40  taxon_40    0.00%    passed     98.03%
  41  taxon_41    0.00%    passed     98.28%
  42  taxon_42    0.00%    passed     88.80%
  43  taxon_43    0.00%    passed     99.58%
  44  taxon_44    0.00%    passed     94.54%
  45  taxon_45    0.00%    passed     98.93%
  46  taxon_46    0.00%    passed     91.84%
  47  taxon_47    0.00%    passed     94.25%
  48  taxon_48    0.00%    passed     99.78%
  49  taxon_49    0.00%    passed     99.44%
  50  taxon_50    0.00%    passed     95.68%
****  TOTAL       0.00%  0 sequences failed composition chi2 test (p-value<5%; df=3)
Checking for duplicate sequences: done in 0.00024581 secs using 91.13% CPU

Create initial parsimony tree by phylogenetic likelihood library (PLL)... 0.003 seconds

NOTE: 3 MB RAM (0 GB) is required!
Measuring multi-threading efficiency up to 8 CPU cores
Increase to 10 rounds for branch lengths
278 trees examined
Threads: 1 / Time: 8.002 sec / Speedup: 1.000 / Efficiency: 100% / LogL: -60365
Threads: 2 / Time: 7.898 sec / Speedup: 1.013 / Efficiency: 51% / LogL: -60365
Threads: 3 / Time: 7.280 sec / Speedup: 1.099 / Efficiency: 37% / LogL: -60365
Determining AUTO threadcount: done in 23.1805 secs using 121% CPU
BEST NUMBER OF THREADS: 1

Estimate model parameters (epsilon = 0.100)
1. Initial log-likelihood: -41532.784
Optimal log-likelihood: -41510.333
Rate parameters:  A-C: 1.00000  A-G: 1.00000  A-T: 1.00000  C-G: 1.00000  C-T: 1.00000  G-T: 1.00000
Base frequencies:  A: 0.250  C: 0.250  G: 0.250  T: 0.250
Parameters optimization took 1 rounds (0.010 sec)
Wrote distance file to... 
Computing ML distances based on estimated model parameters...
Calculating distance matrix: done in 0.00613904 secs using 93.35% CPU
Computing ML distances took 0.006512 sec (of wall-clock time) 0.006045 sec (of CPU time)
Setting up auxiliary I and S matrices: done in 4.3869e-05 secs using 82.06% CPU
Constructing RapidNJ tree: done in 9.58443e-05 secs using 169% CPU
Computing RapidNJ tree took 0.000163 sec (of wall-clock time) 0.000230 sec (of CPU time)
Log-likelihood of RapidNJ tree: -41669.543
--------------------------------------------------------------------
|             INITIALIZING CANDIDATE TREE SET                      |
--------------------------------------------------------------------
Generating 98 parsimony trees... 0.412 second
Computing log-likelihood of 98 initial trees ... 0.527 seconds
Current best score: -41510.333

Do NNI search on 20 best initial trees
Estimate model parameters (epsilon = 0.100)
BETTER TREE FOUND at iteration 1: -41510.157
Iteration 10 / LogL: -41510.170 / Time: 0h:0m:24s
Iteration 20 / LogL: -41510.162 / Time: 0h:0m:25s
Finish initializing candidate tree set (1)
Current best tree score: -41510.157 / CPU time: 2.121
Number of iterations: 20
--------------------------------------------------------------------
|               OPTIMIZING CANDIDATE TREE SET                      |
--------------------------------------------------------------------
Iteration 30 / LogL: -41510.157 / Time: 0h:0m:26s (0h:1m:4s left)
Iteration 40 / LogL: -41510.158 / Time: 0h:0m:26s (0h:0m:42s left)
Iteration 50 / LogL: -41510.167 / Time: 0h:0m:27s (0h:0m:28s left)
Iteration 60 / LogL: -41510.158 / Time: 0h:0m:28s (0h:0m:19s left)
Iteration 70 / LogL: -41510.157 / Time: 0h:0m:29s (0h:0m:13s left)
Iteration 80 / LogL: -41510.159 / Time: 0h:0m:29s (0h:0m:7s left)
Iteration 90 / LogL: -41510.157 / Time: 0h:0m:30s (0h:0m:3s left)
Iteration 100 / LogL: -41510.181 / Time: 0h:0m:31s (0h:0m:0s left)
TREE SEARCH COMPLETED AFTER 102 ITERATIONS / Time: 0h:0m:31s

--------------------------------------------------------------------
|                    FINALIZING TREE SEARCH                        |
--------------------------------------------------------------------
Performs final model parameters optimization
Estimate model parameters (epsilon = 0.010)
1. Initial log-likelihood: -41510.157
Optimal log-likelihood: -41510.157
Rate parameters:  A-C: 1.00000  A-G: 1.00000  A-T: 1.00000  C-G: 1.00000  C-T: 1.00000  G-T: 1.00000
Base frequencies:  A: 0.250  C: 0.250  G: 0.250  T: 0.250
Parameters optimization took 1 rounds (0.006 sec)
BEST SCORE FOUND : -41510.157
Total tree length: 2.355

Total number of iterations: 102
CPU time used for tree search: 8.350 sec (0h:0m:8s)
Wall-clock time used for tree search: 8.396 sec (0h:0m:8s)
Total CPU time used: 36.444 sec (0h:0m:36s)
Total wall-clock time used: 31.628 sec (0h:0m:31s)

Analysis results written to: 
  IQ-TREE report:                exp_stable_0.0005/m0_sel1_rep4/iqtree_out.iqtree
  Maximum-likelihood tree:       exp_stable_0.0005/m0_sel1_rep4/iqtree_out.treefile
  Likelihood distances:          exp_stable_0.0005/m0_sel1_rep4/iqtree_out.mldist
  Screen log file:               exp_stable_0.0005/m0_sel1_rep4/iqtree_out.log

Date and Time: Mon May 18 17:55:22 2026
