IQ-TREE version 3.1.1 for MacOS ARM 64-bit built Apr  8 2026
Developed by Bui Quang Minh, Thomas Wong, Nhan Ly-Trong, Huaiyan Ren
Contributed by Lam-Tung Nguyen, Dominik Schrempf, Chris Bielow,
Olga Chernomor, Michael Woodhams, Diep Thi Hoang, Heiko Schmidt

Host:    Noutbuk-maria.local (SSE4.2, 16 GB RAM)
Command: iqtree -s exp_baseline/m20_sel1000_rep5/combined.fasta -m JC -nt AUTO -pre exp_baseline/m20_sel1000_rep5/iqtree_out -seed 1002542 -redo
Seed:    1002542 (Using SPRNG - Scalable Parallel Random Number Generator)
Time:    Tue May 12 14:48:41 2026
Kernel:  SSE2 - auto-detect threads (8 CPU cores detected)

Reading alignment file exp_baseline/m20_sel1000_rep5/combined.fasta ... Fasta format detected
Reading fasta file: done in 0.000700951 secs using 91.59% CPU
Alignment most likely contains DNA/RNA sequences
Constructing alignment: done in 0.00128794 secs using 55.36% CPU
Alignment has 30 sequences with 3000 columns, 2016 distinct patterns
2951 parsimony-informative, 0 singleton sites, 48 constant sites
          Gap/Ambiguity  Composition  p-value
Analyzing sequences: done in 5.19753e-05 secs using 217.4% CPU
   1  taxon_1     0.00%    passed     82.20%
   2  taxon_2     0.00%    passed     84.84%
   3  taxon_3     0.00%    passed     32.27%
   4  taxon_4     0.00%    passed     55.23%
   5  taxon_5     0.00%    passed     55.23%
   6  taxon_6     0.00%    passed     68.60%
   7  taxon_7     0.00%    passed     34.17%
   8  taxon_8     0.00%    passed     53.71%
   9  taxon_9     0.00%    passed     69.31%
  10  taxon_10    0.00%    passed     64.27%
  11  taxon_11    0.00%    passed     87.62%
  12  taxon_12    0.00%    passed     87.78%
  13  taxon_13    0.00%    passed      8.21%
  14  taxon_14    0.00%    passed     97.19%
  15  taxon_15    0.00%    passed     83.97%
  16  taxon_16    0.00%    passed     68.00%
  17  taxon_17    0.00%    passed     32.77%
  18  taxon_18    0.00%    passed     86.15%
  19  taxon_19    0.00%    passed     62.05%
  20  taxon_20    0.00%    passed     89.73%
  21  taxon_21    0.00%    passed     89.03%
  22  taxon_22    0.00%    passed     92.14%
  23  taxon_23    0.00%    passed     16.35%
  24  taxon_24    0.00%    passed     50.22%
  25  taxon_25    0.00%    passed     73.01%
  26  taxon_26    0.00%    passed     40.07%
  27  taxon_27    0.00%    passed     92.21%
  28  taxon_28    0.00%    passed     96.59%
  29  taxon_29    0.00%    passed     56.52%
  30  taxon_30    0.00%    passed     74.66%
****  TOTAL       0.00%  0 sequences failed composition chi2 test (p-value<5%; df=3)
Checking for duplicate sequences: done in 0.000133038 secs using 91.7% CPU

Create initial parsimony tree by phylogenetic likelihood library (PLL)... 0.002 seconds

NOTE: 1 MB RAM (0 GB) is required!
Measuring multi-threading efficiency up to 8 CPU cores
Increase to 10 rounds for branch lengths
406 trees examined
Threads: 1 / Time: 8.001 sec / Speedup: 1.000 / Efficiency: 100% / LogL: -108201
Threads: 2 / Time: 8.545 sec / Speedup: 0.936 / Efficiency: 47% / LogL: -108201
Determining AUTO threadcount: done in 16.5458 secs using 108.6% CPU
BEST NUMBER OF THREADS: 1

Estimate model parameters (epsilon = 0.100)
1. Initial log-likelihood: -90135.987
Optimal log-likelihood: -89719.779
Rate parameters:  A-C: 1.00000  A-G: 1.00000  A-T: 1.00000  C-G: 1.00000  C-T: 1.00000  G-T: 1.00000
Base frequencies:  A: 0.250  C: 0.250  G: 0.250  T: 0.250
Parameters optimization took 1 rounds (0.009 sec)
Wrote distance file to... 
Computing ML distances based on estimated model parameters...
Calculating distance matrix: done in 0.00133705 secs using 99.02% CPU
Computing ML distances took 0.001477 sec (of wall-clock time) 0.001449 sec (of CPU time)
WARNING: Some pairwise ML distances are too long (saturated)
Setting up auxiliary I and S matrices: done in 2.5034e-05 secs using 75.9% CPU
Constructing RapidNJ tree: done in 4.69685e-05 secs using 161.8% CPU
Computing RapidNJ tree took 0.000095 sec (of wall-clock time) 0.000109 sec (of CPU time)
Log-likelihood of RapidNJ tree: -91375.629
--------------------------------------------------------------------
|             INITIALIZING CANDIDATE TREE SET                      |
--------------------------------------------------------------------
Generating 98 parsimony trees... 0.331 second
Computing log-likelihood of 98 initial trees ... 0.233 seconds
Current best score: -89719.779

Do NNI search on 20 best initial trees
Estimate model parameters (epsilon = 0.100)
BETTER TREE FOUND at iteration 1: -89710.976
Iteration 10 / LogL: -89711.010 / Time: 0h:0m:17s
Iteration 20 / LogL: -89717.885 / Time: 0h:0m:17s
Finish initializing candidate tree set (5)
Current best tree score: -89710.976 / CPU time: 1.184
Number of iterations: 20
--------------------------------------------------------------------
|               OPTIMIZING CANDIDATE TREE SET                      |
--------------------------------------------------------------------
Iteration 30 / LogL: -89711.114 / Time: 0h:0m:18s (0h:0m:44s left)
Iteration 40 / LogL: -89711.101 / Time: 0h:0m:18s (0h:0m:28s left)
Iteration 50 / LogL: -89714.966 / Time: 0h:0m:18s (0h:0m:19s left)
Iteration 60 / LogL: -89711.304 / Time: 0h:0m:19s (0h:0m:13s left)
Iteration 70 / LogL: -89711.024 / Time: 0h:0m:19s (0h:0m:8s left)
Iteration 80 / LogL: -89847.034 / Time: 0h:0m:20s (0h:0m:5s left)
Iteration 90 / LogL: -89711.020 / Time: 0h:0m:20s (0h:0m:2s left)
Iteration 100 / LogL: -89714.945 / Time: 0h:0m:21s (0h:0m:0s left)
TREE SEARCH COMPLETED AFTER 102 ITERATIONS / Time: 0h:0m:21s

--------------------------------------------------------------------
|                    FINALIZING TREE SEARCH                        |
--------------------------------------------------------------------
Performs final model parameters optimization
Estimate model parameters (epsilon = 0.010)
1. Initial log-likelihood: -89710.976
Optimal log-likelihood: -89710.974
Rate parameters:  A-C: 1.00000  A-G: 1.00000  A-T: 1.00000  C-G: 1.00000  C-T: 1.00000  G-T: 1.00000
Base frequencies:  A: 0.250  C: 0.250  G: 0.250  T: 0.250
Parameters optimization took 1 rounds (0.003 sec)
BEST SCORE FOUND : -89710.974
Total tree length: 11.176

Total number of iterations: 102
CPU time used for tree search: 4.541 sec (0h:0m:4s)
Wall-clock time used for tree search: 4.555 sec (0h:0m:4s)
Total CPU time used: 22.548 sec (0h:0m:22s)
Total wall-clock time used: 21.139 sec (0h:0m:21s)

Analysis results written to: 
  IQ-TREE report:                exp_baseline/m20_sel1000_rep5/iqtree_out.iqtree
  Maximum-likelihood tree:       exp_baseline/m20_sel1000_rep5/iqtree_out.treefile
  Likelihood distances:          exp_baseline/m20_sel1000_rep5/iqtree_out.mldist
  Screen log file:               exp_baseline/m20_sel1000_rep5/iqtree_out.log

Date and Time: Tue May 12 14:49:03 2026
