IQ-TREE version 3.1.1 for MacOS ARM 64-bit built Apr  8 2026
Developed by Bui Quang Minh, Thomas Wong, Nhan Ly-Trong, Huaiyan Ren
Contributed by Lam-Tung Nguyen, Dominik Schrempf, Chris Bielow,
Olga Chernomor, Michael Woodhams, Diep Thi Hoang, Heiko Schmidt

Host:    Noutbuk-maria.local (SSE4.2, 16 GB RAM)
Command: iqtree -s exp_baseline/m5_sel1000_rep4/combined.fasta -m JC -nt AUTO -pre exp_baseline/m5_sel1000_rep4/iqtree_out -seed 1000942 -redo
Seed:    1000942 (Using SPRNG - Scalable Parallel Random Number Generator)
Time:    Tue May 12 14:24:05 2026
Kernel:  SSE2 - auto-detect threads (8 CPU cores detected)

Reading alignment file exp_baseline/m5_sel1000_rep4/combined.fasta ... Fasta format detected
Reading fasta file: done in 0.000699043 secs using 91.55% CPU
Alignment most likely contains DNA/RNA sequences
Constructing alignment: done in 0.00133085 secs using 55.15% CPU
Alignment has 30 sequences with 3000 columns, 2016 distinct patterns
2835 parsimony-informative, 0 singleton sites, 165 constant sites
          Gap/Ambiguity  Composition  p-value
Analyzing sequences: done in 4.50611e-05 secs using 270.7% CPU
   1  taxon_1     0.00%    passed     95.03%
   2  taxon_2     0.00%    passed     32.65%
   3  taxon_3     0.00%    passed     28.97%
   4  taxon_4     0.00%    passed     95.28%
   5  taxon_5     0.00%    passed     72.74%
   6  taxon_6     0.00%    passed     97.87%
   7  taxon_7     0.00%    passed     75.11%
   8  taxon_8     0.00%    passed     90.02%
   9  taxon_9     0.00%    passed     17.47%
  10  taxon_10    0.00%    passed     97.23%
  11  taxon_11    0.00%    passed     23.25%
  12  taxon_12    0.00%    passed     50.56%
  13  taxon_13    0.00%    passed     83.18%
  14  taxon_14    0.00%    passed     83.22%
  15  taxon_15    0.00%    passed     14.51%
  16  taxon_16    0.00%    passed     27.14%
  17  taxon_17    0.00%    passed     84.15%
  18  taxon_18    0.00%    passed     47.75%
  19  taxon_19    0.00%    passed     39.97%
  20  taxon_20    0.00%    passed     23.17%
  21  taxon_21    0.00%    passed     72.48%
  22  taxon_22    0.00%    passed     34.35%
  23  taxon_23    0.00%    passed     92.59%
  24  taxon_24    0.00%    passed     19.81%
  25  taxon_25    0.00%    passed     79.05%
  26  taxon_26    0.00%    passed     79.52%
  27  taxon_27    0.00%    passed     41.37%
  28  taxon_28    0.00%    passed     44.15%
  29  taxon_29    0.00%    passed     49.48%
  30  taxon_30    0.00%    passed     91.75%
****  TOTAL       0.00%  0 sequences failed composition chi2 test (p-value<5%; df=3)
Checking for duplicate sequences: done in 0.000128031 secs using 89.04% CPU

Create initial parsimony tree by phylogenetic likelihood library (PLL)... 0.002 seconds

NOTE: 1 MB RAM (0 GB) is required!
Measuring multi-threading efficiency up to 8 CPU cores
Increase to 10 rounds for branch lengths
405 trees examined
Threads: 1 / Time: 8.000 sec / Speedup: 1.000 / Efficiency: 100% / LogL: -110569
Threads: 2 / Time: 8.714 sec / Speedup: 0.918 / Efficiency: 46% / LogL: -110569
Determining AUTO threadcount: done in 16.7147 secs using 108.3% CPU
BEST NUMBER OF THREADS: 1

Estimate model parameters (epsilon = 0.100)
1. Initial log-likelihood: -100386.085
Optimal log-likelihood: -100041.043
Rate parameters:  A-C: 1.00000  A-G: 1.00000  A-T: 1.00000  C-G: 1.00000  C-T: 1.00000  G-T: 1.00000
Base frequencies:  A: 0.250  C: 0.250  G: 0.250  T: 0.250
Parameters optimization took 1 rounds (0.018 sec)
Wrote distance file to... 
Computing ML distances based on estimated model parameters...
Calculating distance matrix: done in 0.00137901 secs using 99.35% CPU
Computing ML distances took 0.001517 sec (of wall-clock time) 0.001501 sec (of CPU time)
WARNING: Some pairwise ML distances are too long (saturated)
Setting up auxiliary I and S matrices: done in 2.59876e-05 secs using 73.11% CPU
Constructing RapidNJ tree: done in 4.50611e-05 secs using 162% CPU
Computing RapidNJ tree took 0.000096 sec (of wall-clock time) 0.000109 sec (of CPU time)
Log-likelihood of RapidNJ tree: -101444.264
--------------------------------------------------------------------
|             INITIALIZING CANDIDATE TREE SET                      |
--------------------------------------------------------------------
Generating 98 parsimony trees... 0.303 second
Computing log-likelihood of 98 initial trees ... 0.228 seconds
Current best score: -99706.391

Do NNI search on 20 best initial trees
Estimate model parameters (epsilon = 0.100)
BETTER TREE FOUND at iteration 1: -99635.934
Iteration 10 / LogL: -99641.207 / Time: 0h:0m:17s
Iteration 20 / LogL: -99881.739 / Time: 0h:0m:17s
Finish initializing candidate tree set (14)
Current best tree score: -99635.934 / CPU time: 1.097
Number of iterations: 20
--------------------------------------------------------------------
|               OPTIMIZING CANDIDATE TREE SET                      |
--------------------------------------------------------------------
Iteration 30 / LogL: -99643.896 / Time: 0h:0m:18s (0h:0m:44s left)
Estimate model parameters (epsilon = 0.100)
BETTER TREE FOUND at iteration 31: -99631.849
Iteration 40 / LogL: -99633.726 / Time: 0h:0m:18s (0h:0m:43s left)
Iteration 50 / LogL: -99641.085 / Time: 0h:0m:19s (0h:0m:31s left)
Iteration 60 / LogL: -99701.132 / Time: 0h:0m:19s (0h:0m:23s left)
Iteration 70 / LogL: -99635.840 / Time: 0h:0m:19s (0h:0m:17s left)
Iteration 80 / LogL: -99633.622 / Time: 0h:0m:20s (0h:0m:13s left)
Iteration 90 / LogL: -99638.256 / Time: 0h:0m:20s (0h:0m:9s left)
Iteration 100 / LogL: -99636.031 / Time: 0h:0m:20s (0h:0m:6s left)
Iteration 110 / LogL: -99631.945 / Time: 0h:0m:21s (0h:0m:4s left)
Iteration 120 / LogL: -99652.101 / Time: 0h:0m:21s (0h:0m:1s left)
Iteration 130 / LogL: -99644.757 / Time: 0h:0m:21s (0h:0m:0s left)
TREE SEARCH COMPLETED AFTER 132 ITERATIONS / Time: 0h:0m:22s

--------------------------------------------------------------------
|                    FINALIZING TREE SEARCH                        |
--------------------------------------------------------------------
Performs final model parameters optimization
Estimate model parameters (epsilon = 0.010)
1. Initial log-likelihood: -99631.849
Optimal log-likelihood: -99631.849
Rate parameters:  A-C: 1.00000  A-G: 1.00000  A-T: 1.00000  C-G: 1.00000  C-T: 1.00000  G-T: 1.00000
Base frequencies:  A: 0.250  C: 0.250  G: 0.250  T: 0.250
Parameters optimization took 1 rounds (0.003 sec)
BEST SCORE FOUND : -99631.849
Total tree length: 13.399

Total number of iterations: 132
CPU time used for tree search: 5.246 sec (0h:0m:5s)
Wall-clock time used for tree search: 5.264 sec (0h:0m:5s)
Total CPU time used: 23.404 sec (0h:0m:23s)
Total wall-clock time used: 22.028 sec (0h:0m:22s)

Analysis results written to: 
  IQ-TREE report:                exp_baseline/m5_sel1000_rep4/iqtree_out.iqtree
  Maximum-likelihood tree:       exp_baseline/m5_sel1000_rep4/iqtree_out.treefile
  Likelihood distances:          exp_baseline/m5_sel1000_rep4/iqtree_out.mldist
  Screen log file:               exp_baseline/m5_sel1000_rep4/iqtree_out.log

Date and Time: Tue May 12 14:24:27 2026
