IQ-TREE version 3.1.1 for MacOS ARM 64-bit built Apr  8 2026
Developed by Bui Quang Minh, Thomas Wong, Nhan Ly-Trong, Huaiyan Ren
Contributed by Lam-Tung Nguyen, Dominik Schrempf, Chris Bielow,
Olga Chernomor, Michael Woodhams, Diep Thi Hoang, Heiko Schmidt

Host:    Noutbuk-maria.local (SSE4.2, 16 GB RAM)
Command: iqtree -s exp_baseline/m10_sel200_rep1/combined.fasta -m JC -nt AUTO -pre exp_baseline/m10_sel200_rep1/iqtree_out -seed 201142 -redo
Seed:    201142 (Using SPRNG - Scalable Parallel Random Number Generator)
Time:    Tue May 12 14:30:12 2026
Kernel:  SSE2 - auto-detect threads (8 CPU cores detected)

Reading alignment file exp_baseline/m10_sel200_rep1/combined.fasta ... Fasta format detected
Reading fasta file: done in 0.000539064 secs using 90.71% CPU
Alignment most likely contains DNA/RNA sequences
Constructing alignment: done in 0.00107408 secs using 56.7% CPU
Alignment has 30 sequences with 2200 columns, 2016 distinct patterns
2181 parsimony-informative, 0 singleton sites, 19 constant sites
          Gap/Ambiguity  Composition  p-value
Analyzing sequences: done in 5.31673e-05 secs using 220.1% CPU
   1  taxon_1     0.00%    passed     66.04%
   2  taxon_2     0.00%    passed     13.95%
   3  taxon_3     0.00%    passed     94.90%
   4  taxon_4     0.00%    passed     36.71%
   5  taxon_5     0.00%    passed     73.00%
   6  taxon_6     0.00%    passed     22.95%
   7  taxon_7     0.00%    passed     21.02%
   8  taxon_8     0.00%    passed     52.38%
   9  taxon_9     0.00%    passed     32.88%
  10  taxon_10    0.00%    passed     29.63%
  11  taxon_11    0.00%    failed      4.11%
  12  taxon_12    0.00%    passed     46.86%
  13  taxon_13    0.00%    passed     69.17%
  14  taxon_14    0.00%    passed     26.97%
  15  taxon_15    0.00%    passed      6.07%
  16  taxon_16    0.00%    passed     18.05%
  17  taxon_17    0.00%    passed     78.49%
  18  taxon_18    0.00%    passed     53.01%
  19  taxon_19    0.00%    passed     43.30%
  20  taxon_20    0.00%    passed     93.32%
  21  taxon_21    0.00%    passed     98.93%
  22  taxon_22    0.00%    passed     44.66%
  23  taxon_23    0.00%    failed      4.45%
  24  taxon_24    0.00%    passed     56.78%
  25  taxon_25    0.00%    passed     80.78%
  26  taxon_26    0.00%    passed      7.93%
  27  taxon_27    0.00%    passed     20.85%
  28  taxon_28    0.00%    passed     29.07%
  29  taxon_29    0.00%    passed     68.03%
  30  taxon_30    0.00%    passed      5.05%
****  TOTAL       0.00%  2 sequences failed composition chi2 test (p-value<5%; df=3)
Checking for duplicate sequences: done in 0.000134945 secs using 91.15% CPU

Create initial parsimony tree by phylogenetic likelihood library (PLL)... 0.002 seconds

NOTE: 1 MB RAM (0 GB) is required!
Measuring multi-threading efficiency up to 8 CPU cores
Increase to 10 rounds for branch lengths
390 trees examined
Threads: 1 / Time: 8.018 sec / Speedup: 1.000 / Efficiency: 100% / LogL: -88028
Threads: 2 / Time: 8.811 sec / Speedup: 0.910 / Efficiency: 45% / LogL: -88028
Determining AUTO threadcount: done in 16.83 secs using 107.7% CPU
BEST NUMBER OF THREADS: 1

Estimate model parameters (epsilon = 0.100)
1. Initial log-likelihood: -82491.254
Optimal log-likelihood: -81868.890
Rate parameters:  A-C: 1.00000  A-G: 1.00000  A-T: 1.00000  C-G: 1.00000  C-T: 1.00000  G-T: 1.00000
Base frequencies:  A: 0.250  C: 0.250  G: 0.250  T: 0.250
Parameters optimization took 1 rounds (0.012 sec)
Wrote distance file to... 
Computing ML distances based on estimated model parameters...
Calculating distance matrix: done in 0.00141788 secs using 99.37% CPU
Computing ML distances took 0.001554 sec (of wall-clock time) 0.001538 sec (of CPU time)
WARNING: Some pairwise ML distances are too long (saturated)
Setting up auxiliary I and S matrices: done in 2.5034e-05 secs using 75.9% CPU
Constructing RapidNJ tree: done in 4.69685e-05 secs using 168.2% CPU
Computing RapidNJ tree took 0.000097 sec (of wall-clock time) 0.000121 sec (of CPU time)
Log-likelihood of RapidNJ tree: -83332.351
--------------------------------------------------------------------
|             INITIALIZING CANDIDATE TREE SET                      |
--------------------------------------------------------------------
Generating 98 parsimony trees... 0.301 second
Computing log-likelihood of 98 initial trees ... 0.245 seconds
Current best score: -81868.890

Do NNI search on 20 best initial trees
Estimate model parameters (epsilon = 0.100)
BETTER TREE FOUND at iteration 1: -81849.151
Estimate model parameters (epsilon = 0.100)
BETTER TREE FOUND at iteration 2: -81805.971
Estimate model parameters (epsilon = 0.100)
BETTER TREE FOUND at iteration 4: -81805.112
Iteration 10 / LogL: -81810.009 / Time: 0h:0m:17s
Iteration 20 / LogL: -81810.012 / Time: 0h:0m:18s
Finish initializing candidate tree set (15)
Current best tree score: -81805.112 / CPU time: 1.736
Number of iterations: 20
--------------------------------------------------------------------
|               OPTIMIZING CANDIDATE TREE SET                      |
--------------------------------------------------------------------
Iteration 30 / LogL: -81806.315 / Time: 0h:0m:19s (0h:0m:49s left)
Iteration 40 / LogL: -81806.772 / Time: 0h:0m:19s (0h:0m:32s left)
Iteration 50 / LogL: -81806.299 / Time: 0h:0m:20s (0h:0m:22s left)
Iteration 60 / LogL: -81806.946 / Time: 0h:0m:21s (0h:0m:15s left)
Iteration 70 / LogL: -81806.367 / Time: 0h:0m:21s (0h:0m:10s left)
Iteration 80 / LogL: -81805.973 / Time: 0h:0m:22s (0h:0m:6s left)
Iteration 90 / LogL: -81806.673 / Time: 0h:0m:23s (0h:0m:3s left)
Iteration 100 / LogL: -81806.275 / Time: 0h:0m:24s (0h:0m:0s left)
TREE SEARCH COMPLETED AFTER 105 ITERATIONS / Time: 0h:0m:24s

--------------------------------------------------------------------
|                    FINALIZING TREE SEARCH                        |
--------------------------------------------------------------------
Performs final model parameters optimization
Estimate model parameters (epsilon = 0.010)
1. Initial log-likelihood: -81805.112
Optimal log-likelihood: -81805.112
Rate parameters:  A-C: 1.00000  A-G: 1.00000  A-T: 1.00000  C-G: 1.00000  C-T: 1.00000  G-T: 1.00000
Base frequencies:  A: 0.250  C: 0.250  G: 0.250  T: 0.250
Parameters optimization took 1 rounds (0.003 sec)
BEST SCORE FOUND : -81805.112
Total tree length: 20.874

Total number of iterations: 105
CPU time used for tree search: 7.512 sec (0h:0m:7s)
Wall-clock time used for tree search: 7.540 sec (0h:0m:7s)
Total CPU time used: 25.692 sec (0h:0m:25s)
Total wall-clock time used: 24.425 sec (0h:0m:24s)

Analysis results written to: 
  IQ-TREE report:                exp_baseline/m10_sel200_rep1/iqtree_out.iqtree
  Maximum-likelihood tree:       exp_baseline/m10_sel200_rep1/iqtree_out.treefile
  Likelihood distances:          exp_baseline/m10_sel200_rep1/iqtree_out.mldist
  Screen log file:               exp_baseline/m10_sel200_rep1/iqtree_out.log

Date and Time: Tue May 12 14:30:37 2026
