IQ-TREE version 3.1.1 for MacOS ARM 64-bit built Apr  8 2026
Developed by Bui Quang Minh, Thomas Wong, Nhan Ly-Trong, Huaiyan Ren
Contributed by Lam-Tung Nguyen, Dominik Schrempf, Chris Bielow,
Olga Chernomor, Michael Woodhams, Diep Thi Hoang, Heiko Schmidt

Host:    Noutbuk-maria.local (SSE4.2, 16 GB RAM)
Command: iqtree -s exp_baseline/m50_sel200_rep4/combined.fasta -m JC -nt AUTO -pre exp_baseline/m50_sel200_rep4/iqtree_out -seed 205442 -redo
Seed:    205442 (Using SPRNG - Scalable Parallel Random Number Generator)
Time:    Tue May 12 14:55:38 2026
Kernel:  SSE2 - auto-detect threads (8 CPU cores detected)

Reading alignment file exp_baseline/m50_sel200_rep4/combined.fasta ... Fasta format detected
Reading fasta file: done in 0.000535011 secs using 90.84% CPU
Alignment most likely contains DNA/RNA sequences
Constructing alignment: done in 0.00103784 secs using 57.91% CPU
Alignment has 30 sequences with 2200 columns, 2015 distinct patterns
2194 parsimony-informative, 0 singleton sites, 6 constant sites
          Gap/Ambiguity  Composition  p-value
Analyzing sequences: done in 6.00815e-05 secs using 223% CPU
   1  taxon_1     0.00%    passed     51.56%
   2  taxon_2     0.00%    passed     89.91%
   3  taxon_3     0.00%    passed     14.50%
   4  taxon_4     0.00%    passed     71.45%
   5  taxon_5     0.00%    passed     36.01%
   6  taxon_6     0.00%    passed     76.84%
   7  taxon_7     0.00%    passed     32.76%
   8  taxon_8     0.00%    passed     50.30%
   9  taxon_9     0.00%    passed     92.52%
  10  taxon_10    0.00%    passed     87.69%
  11  taxon_11    0.00%    passed     78.55%
  12  taxon_12    0.00%    passed      5.81%
  13  taxon_13    0.00%    passed     29.91%
  14  taxon_14    0.00%    passed     96.27%
  15  taxon_15    0.00%    passed     66.27%
  16  taxon_16    0.00%    passed     68.16%
  17  taxon_17    0.00%    passed     33.76%
  18  taxon_18    0.00%    passed     28.82%
  19  taxon_19    0.00%    passed     69.71%
  20  taxon_20    0.00%    passed     35.45%
  21  taxon_21    0.00%    passed     77.37%
  22  taxon_22    0.00%    passed     26.29%
  23  taxon_23    0.00%    passed     64.27%
  24  taxon_24    0.00%    passed     76.22%
  25  taxon_25    0.00%    passed     14.04%
  26  taxon_26    0.00%    failed      1.16%
  27  taxon_27    0.00%    passed     43.31%
  28  taxon_28    0.00%    passed     62.37%
  29  taxon_29    0.00%    passed     82.64%
  30  taxon_30    0.00%    passed     63.29%
****  TOTAL       0.00%  1 sequences failed composition chi2 test (p-value<5%; df=3)
Checking for duplicate sequences: done in 0.000130892 secs using 93.21% CPU

Create initial parsimony tree by phylogenetic likelihood library (PLL)... 0.003 seconds

NOTE: 1 MB RAM (0 GB) is required!
Measuring multi-threading efficiency up to 8 CPU cores
Increase to 10 rounds for branch lengths
385 trees examined
Threads: 1 / Time: 8.016 sec / Speedup: 1.000 / Efficiency: 100% / LogL: -85822
Threads: 2 / Time: 8.585 sec / Speedup: 0.934 / Efficiency: 47% / LogL: -85822
Determining AUTO threadcount: done in 16.6006 secs using 107.8% CPU
BEST NUMBER OF THREADS: 1

Estimate model parameters (epsilon = 0.100)
1. Initial log-likelihood: -79092.939
Optimal log-likelihood: -78551.798
Rate parameters:  A-C: 1.00000  A-G: 1.00000  A-T: 1.00000  C-G: 1.00000  C-T: 1.00000  G-T: 1.00000
Base frequencies:  A: 0.250  C: 0.250  G: 0.250  T: 0.250
Parameters optimization took 1 rounds (0.011 sec)
Wrote distance file to... 
Computing ML distances based on estimated model parameters...
Calculating distance matrix: done in 0.00135994 secs using 99.42% CPU
Computing ML distances took 0.001503 sec (of wall-clock time) 0.001484 sec (of CPU time)
WARNING: Some pairwise ML distances are too long (saturated)
Setting up auxiliary I and S matrices: done in 2.88486e-05 secs using 69.33% CPU
Constructing RapidNJ tree: done in 5.10216e-05 secs using 160.7% CPU
Computing RapidNJ tree took 0.000105 sec (of wall-clock time) 0.000126 sec (of CPU time)
Log-likelihood of RapidNJ tree: -80824.030
--------------------------------------------------------------------
|             INITIALIZING CANDIDATE TREE SET                      |
--------------------------------------------------------------------
Generating 98 parsimony trees... 0.282 second
Computing log-likelihood of 98 initial trees ... 0.243 seconds
Current best score: -78549.226

Do NNI search on 20 best initial trees
Estimate model parameters (epsilon = 0.100)
BETTER TREE FOUND at iteration 1: -78427.831
Estimate model parameters (epsilon = 0.100)
BETTER TREE FOUND at iteration 6: -78427.270
Iteration 10 / LogL: -78428.294 / Time: 0h:0m:17s
Iteration 20 / LogL: -78507.270 / Time: 0h:0m:18s
Finish initializing candidate tree set (12)
Current best tree score: -78427.270 / CPU time: 1.501
Number of iterations: 20
--------------------------------------------------------------------
|               OPTIMIZING CANDIDATE TREE SET                      |
--------------------------------------------------------------------
Estimate model parameters (epsilon = 0.100)
BETTER TREE FOUND at iteration 24: -78423.421
Estimate model parameters (epsilon = 0.100)
BETTER TREE FOUND at iteration 26: -78422.823
Iteration 30 / LogL: -78670.068 / Time: 0h:0m:18s (0h:1m:2s left)
Iteration 40 / LogL: -78427.846 / Time: 0h:0m:19s (0h:0m:42s left)
Iteration 50 / LogL: -78427.972 / Time: 0h:0m:20s (0h:0m:31s left)
Iteration 60 / LogL: -78425.598 / Time: 0h:0m:20s (0h:0m:23s left)
Iteration 70 / LogL: -78425.395 / Time: 0h:0m:21s (0h:0m:17s left)
Iteration 80 / LogL: -78518.623 / Time: 0h:0m:21s (0h:0m:12s left)
UPDATE BEST LOG-LIKELIHOOD: -78422.820
Iteration 90 / LogL: -78625.707 / Time: 0h:0m:22s (0h:0m:9s left)
Iteration 100 / LogL: -78907.214 / Time: 0h:0m:23s (0h:0m:6s left)
Iteration 110 / LogL: -78426.151 / Time: 0h:0m:23s (0h:0m:3s left)
Iteration 120 / LogL: -78424.173 / Time: 0h:0m:24s (0h:0m:1s left)
TREE SEARCH COMPLETED AFTER 127 ITERATIONS / Time: 0h:0m:24s

--------------------------------------------------------------------
|                    FINALIZING TREE SEARCH                        |
--------------------------------------------------------------------
Performs final model parameters optimization
Estimate model parameters (epsilon = 0.010)
1. Initial log-likelihood: -78422.820
Optimal log-likelihood: -78422.813
Rate parameters:  A-C: 1.00000  A-G: 1.00000  A-T: 1.00000  C-G: 1.00000  C-T: 1.00000  G-T: 1.00000
Base frequencies:  A: 0.250  C: 0.250  G: 0.250  T: 0.250
Parameters optimization took 1 rounds (0.003 sec)
BEST SCORE FOUND : -78422.813
Total tree length: 18.905

Total number of iterations: 127
CPU time used for tree search: 8.298 sec (0h:0m:8s)
Wall-clock time used for tree search: 8.328 sec (0h:0m:8s)
Total CPU time used: 26.237 sec (0h:0m:26s)
Total wall-clock time used: 24.976 sec (0h:0m:24s)

Analysis results written to: 
  IQ-TREE report:                exp_baseline/m50_sel200_rep4/iqtree_out.iqtree
  Maximum-likelihood tree:       exp_baseline/m50_sel200_rep4/iqtree_out.treefile
  Likelihood distances:          exp_baseline/m50_sel200_rep4/iqtree_out.mldist
  Screen log file:               exp_baseline/m50_sel200_rep4/iqtree_out.log

Date and Time: Tue May 12 14:56:03 2026
