IQ-TREE version 3.1.1 for MacOS ARM 64-bit built Apr  8 2026
Developed by Bui Quang Minh, Thomas Wong, Nhan Ly-Trong, Huaiyan Ren
Contributed by Lam-Tung Nguyen, Dominik Schrempf, Chris Bielow,
Olga Chernomor, Michael Woodhams, Diep Thi Hoang, Heiko Schmidt

Host:    Noutbuk-maria.local (SSE4.2, 16 GB RAM)
Command: iqtree -s exp_baseline/m20_sel500_rep1/combined.fasta -m JC -nt AUTO -pre exp_baseline/m20_sel500_rep1/iqtree_out -seed 502142 -redo
Seed:    502142 (Using SPRNG - Scalable Parallel Random Number Generator)
Time:    Tue May 12 14:44:55 2026
Kernel:  SSE2 - auto-detect threads (8 CPU cores detected)

Reading alignment file exp_baseline/m20_sel500_rep1/combined.fasta ... Fasta format detected
Reading fasta file: done in 0.000597 secs using 90.95% CPU
Alignment most likely contains DNA/RNA sequences
Constructing alignment: done in 0.001127 secs using 55.72% CPU
Alignment has 30 sequences with 2500 columns, 2016 distinct patterns
2484 parsimony-informative, 0 singleton sites, 16 constant sites
          Gap/Ambiguity  Composition  p-value
Analyzing sequences: done in 5.10216e-05 secs using 229.3% CPU
   1  taxon_1     0.00%    passed     42.33%
   2  taxon_2     0.00%    passed     28.17%
   3  taxon_3     0.00%    passed     14.30%
   4  taxon_4     0.00%    passed     73.71%
   5  taxon_5     0.00%    passed     25.97%
   6  taxon_6     0.00%    passed     54.08%
   7  taxon_7     0.00%    passed     41.61%
   8  taxon_8     0.00%    passed     25.67%
   9  taxon_9     0.00%    passed     78.61%
  10  taxon_10    0.00%    passed     16.12%
  11  taxon_11    0.00%    passed     86.71%
  12  taxon_12    0.00%    passed     52.99%
  13  taxon_13    0.00%    passed     97.58%
  14  taxon_14    0.00%    passed     83.29%
  15  taxon_15    0.00%    passed     84.22%
  16  taxon_16    0.00%    passed     65.57%
  17  taxon_17    0.00%    passed     47.74%
  18  taxon_18    0.00%    passed     13.27%
  19  taxon_19    0.00%    passed     39.04%
  20  taxon_20    0.00%    passed     63.99%
  21  taxon_21    0.00%    passed     61.98%
  22  taxon_22    0.00%    passed      6.09%
  23  taxon_23    0.00%    failed      1.21%
  24  taxon_24    0.00%    passed     75.17%
  25  taxon_25    0.00%    passed     92.31%
  26  taxon_26    0.00%    passed     11.78%
  27  taxon_27    0.00%    passed     62.87%
  28  taxon_28    0.00%    passed     57.15%
  29  taxon_29    0.00%    passed     98.59%
  30  taxon_30    0.00%    passed     21.06%
****  TOTAL       0.00%  1 sequences failed composition chi2 test (p-value<5%; df=3)
Checking for duplicate sequences: done in 0.000127792 secs using 89.99% CPU

Create initial parsimony tree by phylogenetic likelihood library (PLL)... 0.002 seconds

NOTE: 1 MB RAM (0 GB) is required!
Measuring multi-threading efficiency up to 8 CPU cores
Increase to 10 rounds for branch lengths
390 trees examined
Threads: 1 / Time: 8.018 sec / Speedup: 1.000 / Efficiency: 100% / LogL: -98312
Threads: 2 / Time: 8.635 sec / Speedup: 0.929 / Efficiency: 46% / LogL: -98312
Determining AUTO threadcount: done in 16.6535 secs using 108.4% CPU
BEST NUMBER OF THREADS: 1

Estimate model parameters (epsilon = 0.100)
1. Initial log-likelihood: -89748.687
Optimal log-likelihood: -89249.724
Rate parameters:  A-C: 1.00000  A-G: 1.00000  A-T: 1.00000  C-G: 1.00000  C-T: 1.00000  G-T: 1.00000
Base frequencies:  A: 0.250  C: 0.250  G: 0.250  T: 0.250
Parameters optimization took 1 rounds (0.011 sec)
Wrote distance file to... 
Computing ML distances based on estimated model parameters...
Calculating distance matrix: done in 0.00132608 secs using 98.56% CPU
Computing ML distances took 0.001467 sec (of wall-clock time) 0.001436 sec (of CPU time)
WARNING: Some pairwise ML distances are too long (saturated)
Setting up auxiliary I and S matrices: done in 2.81334e-05 secs using 67.54% CPU
Constructing RapidNJ tree: done in 4.57764e-05 secs using 163.8% CPU
Computing RapidNJ tree took 0.000098 sec (of wall-clock time) 0.000117 sec (of CPU time)
Log-likelihood of RapidNJ tree: -89988.965
--------------------------------------------------------------------
|             INITIALIZING CANDIDATE TREE SET                      |
--------------------------------------------------------------------
Generating 98 parsimony trees... 0.299 second
Computing log-likelihood of 98 initial trees ... 0.235 seconds
Current best score: -89249.724

Do NNI search on 20 best initial trees
Estimate model parameters (epsilon = 0.100)
BETTER TREE FOUND at iteration 1: -89203.555
Estimate model parameters (epsilon = 0.100)
BETTER TREE FOUND at iteration 2: -89160.885
Estimate model parameters (epsilon = 0.100)
BETTER TREE FOUND at iteration 10: -89160.029
Iteration 10 / LogL: -89160.029 / Time: 0h:0m:17s
Iteration 20 / LogL: -89249.720 / Time: 0h:0m:17s
Finish initializing candidate tree set (12)
Current best tree score: -89160.029 / CPU time: 1.251
Number of iterations: 20
--------------------------------------------------------------------
|               OPTIMIZING CANDIDATE TREE SET                      |
--------------------------------------------------------------------
Iteration 30 / LogL: -89164.032 / Time: 0h:0m:18s (0h:0m:50s left)
Iteration 40 / LogL: -89163.253 / Time: 0h:0m:18s (0h:0m:33s left)
Iteration 50 / LogL: -89161.342 / Time: 0h:0m:19s (0h:0m:23s left)
Iteration 60 / LogL: -89170.461 / Time: 0h:0m:19s (0h:0m:16s left)
Iteration 70 / LogL: -89161.784 / Time: 0h:0m:20s (0h:0m:11s left)
Iteration 80 / LogL: -89231.782 / Time: 0h:0m:20s (0h:0m:7s left)
Iteration 90 / LogL: -89162.283 / Time: 0h:0m:21s (0h:0m:4s left)
Iteration 100 / LogL: -89162.399 / Time: 0h:0m:21s (0h:0m:2s left)
Iteration 110 / LogL: -89164.390 / Time: 0h:0m:22s (0h:0m:0s left)
TREE SEARCH COMPLETED AFTER 111 ITERATIONS / Time: 0h:0m:22s

--------------------------------------------------------------------
|                    FINALIZING TREE SEARCH                        |
--------------------------------------------------------------------
Performs final model parameters optimization
Estimate model parameters (epsilon = 0.010)
1. Initial log-likelihood: -89160.029
Optimal log-likelihood: -89160.027
Rate parameters:  A-C: 1.00000  A-G: 1.00000  A-T: 1.00000  C-G: 1.00000  C-T: 1.00000  G-T: 1.00000
Base frequencies:  A: 0.250  C: 0.250  G: 0.250  T: 0.250
Parameters optimization took 1 rounds (0.003 sec)
BEST SCORE FOUND : -89160.027
Total tree length: 16.808

Total number of iterations: 111
CPU time used for tree search: 5.391 sec (0h:0m:5s)
Wall-clock time used for tree search: 5.414 sec (0h:0m:5s)
Total CPU time used: 23.486 sec (0h:0m:23s)
Total wall-clock time used: 22.108 sec (0h:0m:22s)

Analysis results written to: 
  IQ-TREE report:                exp_baseline/m20_sel500_rep1/iqtree_out.iqtree
  Maximum-likelihood tree:       exp_baseline/m20_sel500_rep1/iqtree_out.treefile
  Likelihood distances:          exp_baseline/m20_sel500_rep1/iqtree_out.mldist
  Screen log file:               exp_baseline/m20_sel500_rep1/iqtree_out.log

Date and Time: Tue May 12 14:45:17 2026
