IQ-TREE version 3.1.1 for MacOS ARM 64-bit built Apr  8 2026
Developed by Bui Quang Minh, Thomas Wong, Nhan Ly-Trong, Huaiyan Ren
Contributed by Lam-Tung Nguyen, Dominik Schrempf, Chris Bielow,
Olga Chernomor, Michael Woodhams, Diep Thi Hoang, Heiko Schmidt

Host:    Noutbuk-maria.local (SSE4.2, 16 GB RAM)
Command: iqtree -s exp_stable_0.0005/m10_sel2_rep2/neutral.fasta -m JC -nt AUTO -pre exp_stable_0.0005/m10_sel2_rep2/iqtree_out -seed 3242 -redo
Seed:    3242 (Using SPRNG - Scalable Parallel Random Number Generator)
Time:    Sun May 17 01:29:05 2026
Kernel:  SSE2 - auto-detect threads (8 CPU cores detected)

Reading alignment file exp_stable_0.0005/m10_sel2_rep2/neutral.fasta ... Fasta format detected
Reading fasta file: done in 0.00117111 secs using 89.91% CPU
Alignment most likely contains DNA/RNA sequences
Constructing alignment: done in 0.00118399 secs using 55.57% CPU
Alignment has 50 sequences with 3000 columns, 47 distinct patterns
5 parsimony-informative, 39 singleton sites, 2956 constant sites
          Gap/Ambiguity  Composition  p-value
Analyzing sequences: done in 3.50475e-05 secs using 42.8% CPU
   1  taxon_1     0.00%    passed     99.99%
   2  taxon_2     0.00%    passed    100.00%
   3  taxon_3     0.00%    passed    100.00%
   4  taxon_4     0.00%    passed    100.00%
   5  taxon_5     0.00%    passed     99.99%
   6  taxon_6     0.00%    passed    100.00%
   7  taxon_7     0.00%    passed    100.00%
   8  taxon_8     0.00%    passed    100.00%
   9  taxon_9     0.00%    passed    100.00%
  10  taxon_10    0.00%    passed    100.00%
  11  taxon_11    0.00%    passed    100.00%
  12  taxon_12    0.00%    passed    100.00%
  13  taxon_13    0.00%    passed    100.00%
  14  taxon_14    0.00%    passed     99.99%
  15  taxon_15    0.00%    passed    100.00%
  16  taxon_16    0.00%    passed    100.00%
  17  taxon_17    0.00%    passed     99.99%
  18  taxon_18    0.00%    passed    100.00%
  19  taxon_19    0.00%    passed     99.99%
  20  taxon_20    0.00%    passed    100.00%
  21  taxon_21    0.00%    passed    100.00%
  22  taxon_22    0.00%    passed    100.00%
  23  taxon_23    0.00%    passed     99.93%
  24  taxon_24    0.00%    passed     99.98%
  25  taxon_25    0.00%    passed    100.00%
  26  taxon_26    0.00%    passed     99.98%
  27  taxon_27    0.00%    passed    100.00%
  28  taxon_28    0.00%    passed    100.00%
  29  taxon_29    0.00%    passed    100.00%
  30  taxon_30    0.00%    passed    100.00%
  31  taxon_31    0.00%    passed    100.00%
  32  taxon_32    0.00%    passed     99.97%
  33  taxon_33    0.00%    passed     99.99%
  34  taxon_34    0.00%    passed    100.00%
  35  taxon_35    0.00%    passed    100.00%
  36  taxon_36    0.00%    passed    100.00%
  37  taxon_37    0.00%    passed    100.00%
  38  taxon_38    0.00%    passed    100.00%
  39  taxon_39    0.00%    passed     99.99%
  40  taxon_40    0.00%    passed    100.00%
  41  taxon_41    0.00%    passed    100.00%
  42  taxon_42    0.00%    passed     99.99%
  43  taxon_43    0.00%    passed    100.00%
  44  taxon_44    0.00%    passed    100.00%
  45  taxon_45    0.00%    passed    100.00%
  46  taxon_46    0.00%    passed    100.00%
  47  taxon_47    0.00%    passed    100.00%
  48  taxon_48    0.00%    passed    100.00%
  49  taxon_49    0.00%    passed    100.00%
  50  taxon_50    0.00%    passed    100.00%
****  TOTAL       0.00%  0 sequences failed composition chi2 test (p-value<5%; df=3)
NOTE: taxon_3 is identical to taxon_2 but kept for subsequent analysis
NOTE: taxon_11 is identical to taxon_10 but kept for subsequent analysis
NOTE: taxon_44 is identical to taxon_43 but kept for subsequent analysis
Checking for duplicate sequences: done in 7.29561e-05 secs using 52.09% CPU
Identifying sites to remove: done in 0.000613928 secs using 99.03% CPU
NOTE: 17 identical sequences (see below) will be ignored for subsequent analysis
NOTE: taxon_4 (identical to taxon_2) is ignored but added at the end
NOTE: taxon_6 (identical to taxon_2) is ignored but added at the end
NOTE: taxon_9 (identical to taxon_2) is ignored but added at the end
NOTE: taxon_12 (identical to taxon_2) is ignored but added at the end
NOTE: taxon_13 (identical to taxon_2) is ignored but added at the end
NOTE: taxon_15 (identical to taxon_2) is ignored but added at the end
NOTE: taxon_18 (identical to taxon_2) is ignored but added at the end
NOTE: taxon_20 (identical to taxon_2) is ignored but added at the end
NOTE: taxon_28 (identical to taxon_2) is ignored but added at the end
NOTE: taxon_30 (identical to taxon_2) is ignored but added at the end
NOTE: taxon_31 (identical to taxon_2) is ignored but added at the end
NOTE: taxon_34 (identical to taxon_2) is ignored but added at the end
NOTE: taxon_38 (identical to taxon_2) is ignored but added at the end
NOTE: taxon_41 (identical to taxon_2) is ignored but added at the end
NOTE: taxon_46 (identical to taxon_2) is ignored but added at the end
NOTE: taxon_48 (identical to taxon_2) is ignored but added at the end
NOTE: taxon_45 (identical to taxon_43) is ignored but added at the end
Alignment was printed to exp_stable_0.0005/m10_sel2_rep2/iqtree_out.uniqueseq.phy

For your convenience alignment with unique sequences printed to exp_stable_0.0005/m10_sel2_rep2/iqtree_out.uniqueseq.phy

Create initial parsimony tree by phylogenetic likelihood library (PLL)... 0.001 seconds

NOTE: 0 MB RAM (0 GB) is required!
Measuring multi-threading efficiency up to 8 CPU cores
Increase to 10 rounds for branch lengths
31095 trees examined
Threads: 1 / Time: 8.000 sec / Speedup: 1.000 / Efficiency: 100% / LogL: -4641
Threads: 2 / Time: 22.678 sec / Speedup: 0.353 / Efficiency: 18% / LogL: -4641
Determining AUTO threadcount: done in 30.6787 secs using 68.95% CPU
BEST NUMBER OF THREADS: 1

Estimate model parameters (epsilon = 0.100)
1. Initial log-likelihood: -4596.412
Optimal log-likelihood: -4596.412
Rate parameters:  A-C: 1.00000  A-G: 1.00000  A-T: 1.00000  C-G: 1.00000  C-T: 1.00000  G-T: 1.00000
Base frequencies:  A: 0.250  C: 0.250  G: 0.250  T: 0.250
Parameters optimization took 1 rounds (0.000 sec)
Wrote distance file to... 
Computing ML distances based on estimated model parameters...
Calculating distance matrix: done in 0.00146604 secs using 55.46% CPU
Computing ML distances took 0.001492 sec (of wall-clock time) 0.000827 sec (of CPU time)
Setting up auxiliary I and S matrices: done in 2.5034e-05 secs using 71.9% CPU
Constructing RapidNJ tree: done in 6.38962e-05 secs using 151.8% CPU
Computing RapidNJ tree took 0.000114 sec (of wall-clock time) 0.000128 sec (of CPU time)
Log-likelihood of RapidNJ tree: -4597.895
--------------------------------------------------------------------
|             INITIALIZING CANDIDATE TREE SET                      |
--------------------------------------------------------------------
Generating 98 parsimony trees... 0.028 second
Computing log-likelihood of 98 initial trees ... 0.015 seconds
Current best score: -4596.412

Do NNI search on 20 best initial trees
Estimate model parameters (epsilon = 0.100)
BETTER TREE FOUND at iteration 1: -4596.412
BETTER TREE FOUND at iteration 2: -4596.412
BETTER TREE FOUND at iteration 4: -4596.412
BETTER TREE FOUND at iteration 5: -4596.412
Iteration 10 / LogL: -4596.412 / Time: 0h:0m:30s
Iteration 20 / LogL: -4596.412 / Time: 0h:0m:30s
Finish initializing candidate tree set (20)
Current best tree score: -4596.412 / CPU time: 0.056
Number of iterations: 20
--------------------------------------------------------------------
|               OPTIMIZING CANDIDATE TREE SET                      |
--------------------------------------------------------------------
Iteration 30 / LogL: -4596.412 / Time: 0h:0m:30s (0h:1m:19s left)
Iteration 40 / LogL: -4596.412 / Time: 0h:0m:30s (0h:0m:51s left)
Iteration 50 / LogL: -4596.412 / Time: 0h:0m:30s (0h:0m:34s left)
BETTER TREE FOUND at iteration 57: -4596.412
Iteration 60 / LogL: -4596.428 / Time: 0h:0m:30s (0h:0m:50s left)
Iteration 70 / LogL: -4596.425 / Time: 0h:0m:30s (0h:0m:38s left)
Iteration 80 / LogL: -4596.434 / Time: 0h:0m:30s (0h:0m:30s left)
Iteration 90 / LogL: -4596.412 / Time: 0h:0m:30s (0h:0m:23s left)
Iteration 100 / LogL: -4596.420 / Time: 0h:0m:30s (0h:0m:17s left)
BETTER TREE FOUND at iteration 108: -4596.409
Iteration 110 / LogL: -4596.433 / Time: 0h:0m:30s (0h:0m:27s left)
Iteration 120 / LogL: -4601.243 / Time: 0h:0m:30s (0h:0m:22s left)
Iteration 130 / LogL: -4596.413 / Time: 0h:0m:30s (0h:0m:18s left)
Iteration 140 / LogL: -4596.412 / Time: 0h:0m:30s (0h:0m:15s left)
BETTER TREE FOUND at iteration 145: -4596.409
Iteration 150 / LogL: -4596.409 / Time: 0h:0m:30s (0h:0m:19s left)
Iteration 160 / LogL: -4596.412 / Time: 0h:0m:30s (0h:0m:16s left)
BETTER TREE FOUND at iteration 164: -4596.409
Iteration 170 / LogL: -4596.409 / Time: 0h:0m:30s (0h:0m:17s left)
Iteration 180 / LogL: -4596.409 / Time: 0h:0m:30s (0h:0m:14s left)
BETTER TREE FOUND at iteration 184: -4596.409
BETTER TREE FOUND at iteration 188: -4596.409
Iteration 190 / LogL: -4596.409 / Time: 0h:0m:30s (0h:0m:16s left)
Iteration 200 / LogL: -4596.422 / Time: 0h:0m:30s (0h:0m:13s left)
BETTER TREE FOUND at iteration 203: -4596.409
Iteration 210 / LogL: -4596.412 / Time: 0h:0m:30s (0h:0m:13s left)
Iteration 220 / LogL: -4601.229 / Time: 0h:0m:30s (0h:0m:11s left)
Iteration 230 / LogL: -4596.417 / Time: 0h:0m:31s (0h:0m:9s left)
Iteration 240 / LogL: -4596.409 / Time: 0h:0m:31s (0h:0m:8s left)
BETTER TREE FOUND at iteration 245: -4596.409
Iteration 250 / LogL: -4596.409 / Time: 0h:0m:31s (0h:0m:11s left)
BETTER TREE FOUND at iteration 257: -4596.409
Iteration 260 / LogL: -4596.413 / Time: 0h:0m:31s (0h:0m:11s left)
Iteration 270 / LogL: -4596.409 / Time: 0h:0m:31s (0h:0m:10s left)
Iteration 280 / LogL: -4596.422 / Time: 0h:0m:31s (0h:0m:8s left)
Iteration 290 / LogL: -4596.409 / Time: 0h:0m:31s (0h:0m:7s left)
Iteration 300 / LogL: -4596.421 / Time: 0h:0m:31s (0h:0m:5s left)
Iteration 310 / LogL: -4596.413 / Time: 0h:0m:31s (0h:0m:4s left)
Iteration 320 / LogL: -4596.413 / Time: 0h:0m:31s (0h:0m:3s left)
Iteration 330 / LogL: -4596.409 / Time: 0h:0m:31s (0h:0m:2s left)
Iteration 340 / LogL: -4596.409 / Time: 0h:0m:31s (0h:0m:1s left)
Iteration 350 / LogL: -4596.432 / Time: 0h:0m:31s (0h:0m:0s left)
TREE SEARCH COMPLETED AFTER 358 ITERATIONS / Time: 0h:0m:31s

--------------------------------------------------------------------
|                    FINALIZING TREE SEARCH                        |
--------------------------------------------------------------------
Performs final model parameters optimization
Estimate model parameters (epsilon = 0.010)
1. Initial log-likelihood: -4596.409
Optimal log-likelihood: -4596.409
Rate parameters:  A-C: 1.00000  A-G: 1.00000  A-T: 1.00000  C-G: 1.00000  C-T: 1.00000  G-T: 1.00000
Base frequencies:  A: 0.250  C: 0.250  G: 0.250  T: 0.250
Parameters optimization took 1 rounds (0.000 sec)
BEST SCORE FOUND : -4596.409
Total tree length: 0.015

Total number of iterations: 358
CPU time used for tree search: 0.484 sec (0h:0m:0s)
Wall-clock time used for tree search: 0.486 sec (0h:0m:0s)
Total CPU time used: 21.643 sec (0h:0m:21s)
Total wall-clock time used: 31.176 sec (0h:0m:31s)

Analysis results written to: 
  IQ-TREE report:                exp_stable_0.0005/m10_sel2_rep2/iqtree_out.iqtree
  Maximum-likelihood tree:       exp_stable_0.0005/m10_sel2_rep2/iqtree_out.treefile
  Likelihood distances:          exp_stable_0.0005/m10_sel2_rep2/iqtree_out.mldist
  Screen log file:               exp_stable_0.0005/m10_sel2_rep2/iqtree_out.log

Date and Time: Sun May 17 01:29:36 2026
