IQ-TREE version 3.1.1 for MacOS ARM 64-bit built Apr  8 2026
Developed by Bui Quang Minh, Thomas Wong, Nhan Ly-Trong, Huaiyan Ren
Contributed by Lam-Tung Nguyen, Dominik Schrempf, Chris Bielow,
Olga Chernomor, Michael Woodhams, Diep Thi Hoang, Heiko Schmidt

Host:    Noutbuk-maria.local (SSE4.2, 16 GB RAM)
Command: iqtree -s exp_stable_0.0001/m0_sel2_rep6/neutral.fasta -m JC -nt AUTO -pre exp_stable_0.0001/m0_sel2_rep6/iqtree_out -seed 2842 -redo
Seed:    2842 (Using SPRNG - Scalable Parallel Random Number Generator)
Time:    Mon May 18 16:02:19 2026
Kernel:  SSE2 - auto-detect threads (8 CPU cores detected)

Reading alignment file exp_stable_0.0001/m0_sel2_rep6/neutral.fasta ... Fasta format detected
Reading fasta file: done in 0.00120807 secs using 87.91% CPU
Alignment most likely contains DNA/RNA sequences
Constructing alignment: done in 0.00132918 secs using 57.55% CPU
Alignment has 50 sequences with 3000 columns, 799 distinct patterns
426 parsimony-informative, 761 singleton sites, 1812 constant sites
          Gap/Ambiguity  Composition  p-value
Analyzing sequences: done in 4.91142e-05 secs using 144.6% CPU
   1  taxon_1     0.00%    passed     97.92%
   2  taxon_2     0.00%    passed     98.99%
   3  taxon_3     0.00%    passed     99.08%
   4  taxon_4     0.00%    passed     98.97%
   5  taxon_5     0.00%    passed     96.69%
   6  taxon_6     0.00%    passed     99.04%
   7  taxon_7     0.00%    passed     99.54%
   8  taxon_8     0.00%    passed     99.05%
   9  taxon_9     0.00%    passed     99.14%
  10  taxon_10    0.00%    passed     98.78%
  11  taxon_11    0.00%    passed     99.87%
  12  taxon_12    0.00%    passed     99.54%
  13  taxon_13    0.00%    passed     99.40%
  14  taxon_14    0.00%    passed     99.94%
  15  taxon_15    0.00%    passed     96.95%
  16  taxon_16    0.00%    passed     99.41%
  17  taxon_17    0.00%    passed     97.53%
  18  taxon_18    0.00%    passed     98.60%
  19  taxon_19    0.00%    passed     99.49%
  20  taxon_20    0.00%    passed     99.84%
  21  taxon_21    0.00%    passed     99.98%
  22  taxon_22    0.00%    passed     99.55%
  23  taxon_23    0.00%    passed     99.76%
  24  taxon_24    0.00%    passed     99.98%
  25  taxon_25    0.00%    passed     98.36%
  26  taxon_26    0.00%    passed     98.06%
  27  taxon_27    0.00%    passed     93.92%
  28  taxon_28    0.00%    passed     99.68%
  29  taxon_29    0.00%    passed     98.90%
  30  taxon_30    0.00%    passed     99.60%
  31  taxon_31    0.00%    passed     97.35%
  32  taxon_32    0.00%    passed     99.48%
  33  taxon_33    0.00%    passed     96.28%
  34  taxon_34    0.00%    passed     92.95%
  35  taxon_35    0.00%    passed     97.79%
  36  taxon_36    0.00%    passed     99.60%
  37  taxon_37    0.00%    passed     98.41%
  38  taxon_38    0.00%    passed     98.97%
  39  taxon_39    0.00%    passed     99.92%
  40  taxon_40    0.00%    passed     94.95%
  41  taxon_41    0.00%    passed     94.71%
  42  taxon_42    0.00%    passed     98.53%
  43  taxon_43    0.00%    passed     96.34%
  44  taxon_44    0.00%    passed     94.84%
  45  taxon_45    0.00%    passed     98.86%
  46  taxon_46    0.00%    passed     97.56%
  47  taxon_47    0.00%    passed     97.33%
  48  taxon_48    0.00%    passed     92.53%
  49  taxon_49    0.00%    passed     98.98%
  50  taxon_50    0.00%    passed     96.34%
****  TOTAL       0.00%  0 sequences failed composition chi2 test (p-value<5%; df=3)
Checking for duplicate sequences: done in 0.00010705 secs using 85.94% CPU

Create initial parsimony tree by phylogenetic likelihood library (PLL)... 0.002 seconds

NOTE: 1 MB RAM (0 GB) is required!
Measuring multi-threading efficiency up to 8 CPU cores
Increase to 10 rounds for branch lengths
1044 trees examined
Threads: 1 / Time: 8.002 sec / Speedup: 1.000 / Efficiency: 100% / LogL: -20332
Threads: 2 / Time: 10.150 sec / Speedup: 0.788 / Efficiency: 39% / LogL: -20332
Determining AUTO threadcount: done in 18.1526 secs using 103.4% CPU
BEST NUMBER OF THREADS: 1

Estimate model parameters (epsilon = 0.100)
1. Initial log-likelihood: -14734.303
Optimal log-likelihood: -14732.438
Rate parameters:  A-C: 1.00000  A-G: 1.00000  A-T: 1.00000  C-G: 1.00000  C-T: 1.00000  G-T: 1.00000
Base frequencies:  A: 0.250  C: 0.250  G: 0.250  T: 0.250
Parameters optimization took 1 rounds (0.003 sec)
Wrote distance file to... 
Computing ML distances based on estimated model parameters...
Calculating distance matrix: done in 0.00314188 secs using 83.9% CPU
Computing ML distances took 0.003228 sec (of wall-clock time) 0.002716 sec (of CPU time)
Setting up auxiliary I and S matrices: done in 4.1008e-05 secs using 82.91% CPU
Constructing RapidNJ tree: done in 0.000106096 secs using 163.1% CPU
Computing RapidNJ tree took 0.000164 sec (of wall-clock time) 0.000223 sec (of CPU time)
Log-likelihood of RapidNJ tree: -14823.187
--------------------------------------------------------------------
|             INITIALIZING CANDIDATE TREE SET                      |
--------------------------------------------------------------------
Generating 98 parsimony trees... 0.216 second
Computing log-likelihood of 98 initial trees ... 0.186 seconds
Current best score: -14732.356

Do NNI search on 20 best initial trees
Estimate model parameters (epsilon = 0.100)
BETTER TREE FOUND at iteration 1: -14732.355
UPDATE BEST LOG-LIKELIHOOD: -14732.355
UPDATE BEST LOG-LIKELIHOOD: -14732.355
UPDATE BEST LOG-LIKELIHOOD: -14732.355
UPDATE BEST LOG-LIKELIHOOD: -14732.355
Iteration 10 / LogL: -14732.355 / Time: 0h:0m:18s
Iteration 20 / LogL: -14732.359 / Time: 0h:0m:18s
Finish initializing candidate tree set (1)
Current best tree score: -14732.355 / CPU time: 0.605
Number of iterations: 20
--------------------------------------------------------------------
|               OPTIMIZING CANDIDATE TREE SET                      |
--------------------------------------------------------------------
UPDATE BEST LOG-LIKELIHOOD: -14732.355
Iteration 30 / LogL: -14732.363 / Time: 0h:0m:19s (0h:0m:46s left)
Iteration 40 / LogL: -14732.370 / Time: 0h:0m:19s (0h:0m:30s left)
UPDATE BEST LOG-LIKELIHOOD: -14732.355
Iteration 50 / LogL: -14732.355 / Time: 0h:0m:19s (0h:0m:20s left)
Iteration 60 / LogL: -14732.362 / Time: 0h:0m:19s (0h:0m:13s left)
Iteration 70 / LogL: -14732.359 / Time: 0h:0m:20s (0h:0m:9s left)
UPDATE BEST LOG-LIKELIHOOD: -14732.355
Iteration 80 / LogL: -14732.361 / Time: 0h:0m:20s (0h:0m:5s left)
Iteration 90 / LogL: -14732.366 / Time: 0h:0m:20s (0h:0m:2s left)
Iteration 100 / LogL: -14732.365 / Time: 0h:0m:20s (0h:0m:0s left)
TREE SEARCH COMPLETED AFTER 102 ITERATIONS / Time: 0h:0m:20s

--------------------------------------------------------------------
|                    FINALIZING TREE SEARCH                        |
--------------------------------------------------------------------
Performs final model parameters optimization
Estimate model parameters (epsilon = 0.010)
1. Initial log-likelihood: -14732.355
Optimal log-likelihood: -14732.355
Rate parameters:  A-C: 1.00000  A-G: 1.00000  A-T: 1.00000  C-G: 1.00000  C-T: 1.00000  G-T: 1.00000
Base frequencies:  A: 0.250  C: 0.250  G: 0.250  T: 0.250
Parameters optimization took 1 rounds (0.003 sec)
BEST SCORE FOUND : -14732.355
Total tree length: 0.511

Total number of iterations: 102
CPU time used for tree search: 2.623 sec (0h:0m:2s)
Wall-clock time used for tree search: 2.668 sec (0h:0m:2s)
Total CPU time used: 21.409 sec (0h:0m:21s)
Total wall-clock time used: 20.845 sec (0h:0m:20s)

Analysis results written to: 
  IQ-TREE report:                exp_stable_0.0001/m0_sel2_rep6/iqtree_out.iqtree
  Maximum-likelihood tree:       exp_stable_0.0001/m0_sel2_rep6/iqtree_out.treefile
  Likelihood distances:          exp_stable_0.0001/m0_sel2_rep6/iqtree_out.mldist
  Screen log file:               exp_stable_0.0001/m0_sel2_rep6/iqtree_out.log

Date and Time: Mon May 18 16:02:40 2026
