IQ-TREE version 3.1.1 for MacOS ARM 64-bit built Apr  8 2026
Developed by Bui Quang Minh, Thomas Wong, Nhan Ly-Trong, Huaiyan Ren
Contributed by Lam-Tung Nguyen, Dominik Schrempf, Chris Bielow,
Olga Chernomor, Michael Woodhams, Diep Thi Hoang, Heiko Schmidt

Host:    Noutbuk-maria.local (SSE4.2, 16 GB RAM)
Command: iqtree -s exp_stable_0.0005/m10_sel2_rep6/neutral.fasta -m JC -nt AUTO -pre exp_stable_0.0005/m10_sel2_rep6/iqtree_out -seed 3642 -redo
Seed:    3642 (Using SPRNG - Scalable Parallel Random Number Generator)
Time:    Mon May 18 20:54:10 2026
Kernel:  SSE2 - auto-detect threads (8 CPU cores detected)

Reading alignment file exp_stable_0.0005/m10_sel2_rep6/neutral.fasta ... Fasta format detected
Reading fasta file: done in 0.001194 secs using 89.53% CPU
Alignment most likely contains DNA/RNA sequences
Constructing alignment: done in 0.00119686 secs using 55.14% CPU
Alignment has 50 sequences with 3000 columns, 70 distinct patterns
5 parsimony-informative, 63 singleton sites, 2932 constant sites
          Gap/Ambiguity  Composition  p-value
Analyzing sequences: done in 3.29018e-05 secs using 45.59% CPU
   1  taxon_1     0.00%    passed    100.00%
   2  taxon_2     0.00%    passed     99.99%
   3  taxon_3     0.00%    passed    100.00%
   4  taxon_4     0.00%    passed     99.99%
   5  taxon_5     0.00%    passed    100.00%
   6  taxon_6     0.00%    passed     99.99%
   7  taxon_7     0.00%    passed    100.00%
   8  taxon_8     0.00%    passed     99.99%
   9  taxon_9     0.00%    passed     99.99%
  10  taxon_10    0.00%    passed     99.99%
  11  taxon_11    0.00%    passed    100.00%
  12  taxon_12    0.00%    passed     99.99%
  13  taxon_13    0.00%    passed    100.00%
  14  taxon_14    0.00%    passed     99.99%
  15  taxon_15    0.00%    passed     99.99%
  16  taxon_16    0.00%    passed    100.00%
  17  taxon_17    0.00%    passed    100.00%
  18  taxon_18    0.00%    passed     99.99%
  19  taxon_19    0.00%    passed     99.97%
  20  taxon_20    0.00%    passed     99.99%
  21  taxon_21    0.00%    passed     99.98%
  22  taxon_22    0.00%    passed    100.00%
  23  taxon_23    0.00%    passed    100.00%
  24  taxon_24    0.00%    passed     99.89%
  25  taxon_25    0.00%    passed    100.00%
  26  taxon_26    0.00%    passed    100.00%
  27  taxon_27    0.00%    passed    100.00%
  28  taxon_28    0.00%    passed     99.99%
  29  taxon_29    0.00%    passed    100.00%
  30  taxon_30    0.00%    passed     99.99%
  31  taxon_31    0.00%    passed    100.00%
  32  taxon_32    0.00%    passed     99.99%
  33  taxon_33    0.00%    passed     99.99%
  34  taxon_34    0.00%    passed    100.00%
  35  taxon_35    0.00%    passed     99.99%
  36  taxon_36    0.00%    passed    100.00%
  37  taxon_37    0.00%    passed     99.99%
  38  taxon_38    0.00%    passed     99.99%
  39  taxon_39    0.00%    passed     99.99%
  40  taxon_40    0.00%    passed     99.99%
  41  taxon_41    0.00%    passed     99.97%
  42  taxon_42    0.00%    passed    100.00%
  43  taxon_43    0.00%    passed     99.99%
  44  taxon_44    0.00%    passed     99.99%
  45  taxon_45    0.00%    passed    100.00%
  46  taxon_46    0.00%    passed     99.97%
  47  taxon_47    0.00%    passed    100.00%
  48  taxon_48    0.00%    passed     99.98%
  49  taxon_49    0.00%    passed    100.00%
  50  taxon_50    0.00%    passed     99.96%
****  TOTAL       0.00%  0 sequences failed composition chi2 test (p-value<5%; df=3)
NOTE: taxon_5 is identical to taxon_3 but kept for subsequent analysis
NOTE: taxon_27 is identical to taxon_26 but kept for subsequent analysis
NOTE: taxon_38 is identical to taxon_37 but kept for subsequent analysis
Checking for duplicate sequences: done in 7.10487e-05 secs using 64.74% CPU
Identifying sites to remove: done in 0.000668049 secs using 97.9% CPU
NOTE: 8 identical sequences (see below) will be ignored for subsequent analysis
NOTE: taxon_7 (identical to taxon_3) is ignored but added at the end
NOTE: taxon_16 (identical to taxon_3) is ignored but added at the end
NOTE: taxon_23 (identical to taxon_3) is ignored but added at the end
NOTE: taxon_25 (identical to taxon_3) is ignored but added at the end
NOTE: taxon_29 (identical to taxon_26) is ignored but added at the end
NOTE: taxon_31 (identical to taxon_26) is ignored but added at the end
NOTE: taxon_34 (identical to taxon_26) is ignored but added at the end
NOTE: taxon_47 (identical to taxon_26) is ignored but added at the end
Alignment was printed to exp_stable_0.0005/m10_sel2_rep6/iqtree_out.uniqueseq.phy

For your convenience alignment with unique sequences printed to exp_stable_0.0005/m10_sel2_rep6/iqtree_out.uniqueseq.phy

Create initial parsimony tree by phylogenetic likelihood library (PLL)... 0.001 seconds

NOTE: 0 MB RAM (0 GB) is required!
Measuring multi-threading efficiency up to 8 CPU cores
Increase to 10 rounds for branch lengths
15986 trees examined
Threads: 1 / Time: 8.000 sec / Speedup: 1.000 / Efficiency: 100% / LogL: -4973
Threads: 2 / Time: 25.876 sec / Speedup: 0.309 / Efficiency: 15% / LogL: -4973
Determining AUTO threadcount: done in 33.8767 secs using 70.76% CPU
BEST NUMBER OF THREADS: 1

Estimate model parameters (epsilon = 0.100)
1. Initial log-likelihood: -4797.958
Optimal log-likelihood: -4797.958
Rate parameters:  A-C: 1.00000  A-G: 1.00000  A-T: 1.00000  C-G: 1.00000  C-T: 1.00000  G-T: 1.00000
Base frequencies:  A: 0.250  C: 0.250  G: 0.250  T: 0.250
Parameters optimization took 1 rounds (0.000 sec)
Wrote distance file to... 
Computing ML distances based on estimated model parameters...
Calculating distance matrix: done in 0.00206304 secs using 69.07% CPU
Computing ML distances took 0.002086 sec (of wall-clock time) 0.001441 sec (of CPU time)
Setting up auxiliary I and S matrices: done in 3.60012e-05 secs using 75% CPU
Constructing RapidNJ tree: done in 9.29832e-05 secs using 166.7% CPU
Computing RapidNJ tree took 0.000154 sec (of wall-clock time) 0.000204 sec (of CPU time)
Log-likelihood of RapidNJ tree: -4798.115
--------------------------------------------------------------------
|             INITIALIZING CANDIDATE TREE SET                      |
--------------------------------------------------------------------
Generating 98 parsimony trees... 0.039 second
Computing log-likelihood of 98 initial trees ... 0.022 seconds
Current best score: -4797.958

Do NNI search on 20 best initial trees
Estimate model parameters (epsilon = 0.100)
BETTER TREE FOUND at iteration 1: -4797.958
Iteration 10 / LogL: -4797.958 / Time: 0h:0m:33s
BETTER TREE FOUND at iteration 14: -4797.958
Iteration 20 / LogL: -4797.958 / Time: 0h:0m:33s
Finish initializing candidate tree set (20)
Current best tree score: -4797.958 / CPU time: 0.079
Number of iterations: 20
--------------------------------------------------------------------
|               OPTIMIZING CANDIDATE TREE SET                      |
--------------------------------------------------------------------
Iteration 30 / LogL: -4797.958 / Time: 0h:0m:33s (0h:1m:38s left)
Iteration 40 / LogL: -4797.974 / Time: 0h:0m:34s (0h:1m:4s left)
Iteration 50 / LogL: -4797.958 / Time: 0h:0m:34s (0h:0m:44s left)
Iteration 60 / LogL: -4797.972 / Time: 0h:0m:34s (0h:0m:31s left)
Iteration 70 / LogL: -4797.958 / Time: 0h:0m:34s (0h:0m:21s left)
Iteration 80 / LogL: -4797.961 / Time: 0h:0m:34s (0h:0m:14s left)
BETTER TREE FOUND at iteration 81: -4797.958
Iteration 90 / LogL: -4797.961 / Time: 0h:0m:34s (0h:0m:34s left)
Iteration 100 / LogL: -4804.792 / Time: 0h:0m:34s (0h:0m:27s left)
Iteration 110 / LogL: -4797.965 / Time: 0h:0m:34s (0h:0m:22s left)
Iteration 120 / LogL: -4802.784 / Time: 0h:0m:34s (0h:0m:17s left)
Iteration 130 / LogL: -4797.965 / Time: 0h:0m:34s (0h:0m:13s left)
Iteration 140 / LogL: -4797.958 / Time: 0h:0m:34s (0h:0m:10s left)
Iteration 150 / LogL: -4811.499 / Time: 0h:0m:34s (0h:0m:7s left)
Iteration 160 / LogL: -4802.784 / Time: 0h:0m:34s (0h:0m:4s left)
Iteration 170 / LogL: -4797.958 / Time: 0h:0m:34s (0h:0m:2s left)
Iteration 180 / LogL: -4797.965 / Time: 0h:0m:34s (0h:0m:0s left)
TREE SEARCH COMPLETED AFTER 182 ITERATIONS / Time: 0h:0m:34s

--------------------------------------------------------------------
|                    FINALIZING TREE SEARCH                        |
--------------------------------------------------------------------
Performs final model parameters optimization
Estimate model parameters (epsilon = 0.010)
1. Initial log-likelihood: -4797.958
Optimal log-likelihood: -4797.958
Rate parameters:  A-C: 1.00000  A-G: 1.00000  A-T: 1.00000  C-G: 1.00000  C-T: 1.00000  G-T: 1.00000
Base frequencies:  A: 0.250  C: 0.250  G: 0.250  T: 0.250
Parameters optimization took 1 rounds (0.000 sec)
BEST SCORE FOUND : -4797.958
Total tree length: 0.023

Total number of iterations: 182
CPU time used for tree search: 0.390 sec (0h:0m:0s)
Wall-clock time used for tree search: 0.392 sec (0h:0m:0s)
Total CPU time used: 24.368 sec (0h:0m:24s)
Total wall-clock time used: 34.281 sec (0h:0m:34s)

Analysis results written to: 
  IQ-TREE report:                exp_stable_0.0005/m10_sel2_rep6/iqtree_out.iqtree
  Maximum-likelihood tree:       exp_stable_0.0005/m10_sel2_rep6/iqtree_out.treefile
  Likelihood distances:          exp_stable_0.0005/m10_sel2_rep6/iqtree_out.mldist
  Screen log file:               exp_stable_0.0005/m10_sel2_rep6/iqtree_out.log

Date and Time: Mon May 18 20:54:44 2026
