IQ-TREE version 3.1.1 for MacOS ARM 64-bit built Apr  8 2026
Developed by Bui Quang Minh, Thomas Wong, Nhan Ly-Trong, Huaiyan Ren
Contributed by Lam-Tung Nguyen, Dominik Schrempf, Chris Bielow,
Olga Chernomor, Michael Woodhams, Diep Thi Hoang, Heiko Schmidt

Host:    Noutbuk-maria.local (SSE4.2, 16 GB RAM)
Command: iqtree -s exp_baseline/m10_sel1000_rep1/combined.fasta -m JC -nt AUTO -pre exp_baseline/m10_sel1000_rep1/iqtree_out -seed 1001142 -redo
Seed:    1001142 (Using SPRNG - Scalable Parallel Random Number Generator)
Time:    Tue May 12 14:34:55 2026
Kernel:  SSE2 - auto-detect threads (8 CPU cores detected)

Reading alignment file exp_baseline/m10_sel1000_rep1/combined.fasta ... Fasta format detected
Reading fasta file: done in 0.00071907 secs using 90.53% CPU
Alignment most likely contains DNA/RNA sequences
Constructing alignment: done in 0.00131702 secs using 54.14% CPU
Alignment has 30 sequences with 3000 columns, 2016 distinct patterns
2921 parsimony-informative, 0 singleton sites, 79 constant sites
          Gap/Ambiguity  Composition  p-value
Analyzing sequences: done in 4.50611e-05 secs using 250.8% CPU
   1  taxon_1     0.00%    passed     29.90%
   2  taxon_2     0.00%    passed     30.66%
   3  taxon_3     0.00%    passed     87.81%
   4  taxon_4     0.00%    passed     85.74%
   5  taxon_5     0.00%    passed     72.55%
   6  taxon_6     0.00%    passed     28.07%
   7  taxon_7     0.00%    passed     52.44%
   8  taxon_8     0.00%    passed     35.66%
   9  taxon_9     0.00%    passed     99.51%
  10  taxon_10    0.00%    passed     98.07%
  11  taxon_11    0.00%    passed     59.07%
  12  taxon_12    0.00%    passed     40.24%
  13  taxon_13    0.00%    failed      4.88%
  14  taxon_14    0.00%    passed     23.00%
  15  taxon_15    0.00%    passed     59.96%
  16  taxon_16    0.00%    passed     91.69%
  17  taxon_17    0.00%    passed     80.19%
  18  taxon_18    0.00%    passed     55.16%
  19  taxon_19    0.00%    passed     47.47%
  20  taxon_20    0.00%    passed     71.75%
  21  taxon_21    0.00%    passed     43.11%
  22  taxon_22    0.00%    passed     30.17%
  23  taxon_23    0.00%    passed     69.96%
  24  taxon_24    0.00%    passed     67.95%
  25  taxon_25    0.00%    passed     52.68%
  26  taxon_26    0.00%    passed     82.61%
  27  taxon_27    0.00%    passed     35.65%
  28  taxon_28    0.00%    passed     90.28%
  29  taxon_29    0.00%    passed     77.72%
  30  taxon_30    0.00%    passed     18.58%
****  TOTAL       0.00%  1 sequences failed composition chi2 test (p-value<5%; df=3)
Checking for duplicate sequences: done in 0.000133991 secs using 88.81% CPU

Create initial parsimony tree by phylogenetic likelihood library (PLL)... 0.003 seconds

NOTE: 1 MB RAM (0 GB) is required!
Measuring multi-threading efficiency up to 8 CPU cores
Increase to 10 rounds for branch lengths
425 trees examined
Threads: 1 / Time: 8.001 sec / Speedup: 1.000 / Efficiency: 100% / LogL: -106964
Threads: 2 / Time: 8.617 sec / Speedup: 0.929 / Efficiency: 46% / LogL: -106964
Determining AUTO threadcount: done in 16.6183 secs using 108.5% CPU
BEST NUMBER OF THREADS: 1

Estimate model parameters (epsilon = 0.100)
1. Initial log-likelihood: -95713.124
Optimal log-likelihood: -95320.660
Rate parameters:  A-C: 1.00000  A-G: 1.00000  A-T: 1.00000  C-G: 1.00000  C-T: 1.00000  G-T: 1.00000
Base frequencies:  A: 0.250  C: 0.250  G: 0.250  T: 0.250
Parameters optimization took 1 rounds (0.010 sec)
Wrote distance file to... 
Computing ML distances based on estimated model parameters...
Calculating distance matrix: done in 0.00136399 secs using 98.24% CPU
Computing ML distances took 0.001506 sec (of wall-clock time) 0.001468 sec (of CPU time)
WARNING: Some pairwise ML distances are too long (saturated)
Setting up auxiliary I and S matrices: done in 2.5034e-05 secs using 71.9% CPU
Constructing RapidNJ tree: done in 4.60148e-05 secs using 169.5% CPU
Computing RapidNJ tree took 0.000096 sec (of wall-clock time) 0.000109 sec (of CPU time)
Log-likelihood of RapidNJ tree: -97519.400
--------------------------------------------------------------------
|             INITIALIZING CANDIDATE TREE SET                      |
--------------------------------------------------------------------
Generating 98 parsimony trees... 0.324 second
Computing log-likelihood of 98 initial trees ... 0.229 seconds
Current best score: -95320.660

Do NNI search on 20 best initial trees
Estimate model parameters (epsilon = 0.100)
BETTER TREE FOUND at iteration 1: -95263.074
Estimate model parameters (epsilon = 0.100)
BETTER TREE FOUND at iteration 2: -95256.040
Iteration 10 / LogL: -95257.340 / Time: 0h:0m:17s
Estimate model parameters (epsilon = 0.100)
BETTER TREE FOUND at iteration 15: -95250.397
Iteration 20 / LogL: -95256.381 / Time: 0h:0m:17s
Finish initializing candidate tree set (10)
Current best tree score: -95250.397 / CPU time: 1.216
Number of iterations: 20
--------------------------------------------------------------------
|               OPTIMIZING CANDIDATE TREE SET                      |
--------------------------------------------------------------------
Iteration 30 / LogL: -96764.259 / Time: 0h:0m:18s (0h:0m:53s left)
Iteration 40 / LogL: -95250.969 / Time: 0h:0m:18s (0h:0m:35s left)
Iteration 50 / LogL: -95256.323 / Time: 0h:0m:19s (0h:0m:25s left)
Iteration 60 / LogL: -95256.291 / Time: 0h:0m:19s (0h:0m:18s left)
Iteration 70 / LogL: -95254.611 / Time: 0h:0m:19s (0h:0m:13s left)
Iteration 80 / LogL: -95273.980 / Time: 0h:0m:20s (0h:0m:9s left)
Iteration 90 / LogL: -95250.463 / Time: 0h:0m:20s (0h:0m:5s left)
Iteration 100 / LogL: -95262.458 / Time: 0h:0m:21s (0h:0m:3s left)
Iteration 110 / LogL: -95250.611 / Time: 0h:0m:21s (0h:0m:0s left)
TREE SEARCH COMPLETED AFTER 116 ITERATIONS / Time: 0h:0m:21s

--------------------------------------------------------------------
|                    FINALIZING TREE SEARCH                        |
--------------------------------------------------------------------
Performs final model parameters optimization
Estimate model parameters (epsilon = 0.010)
1. Initial log-likelihood: -95250.397
Optimal log-likelihood: -95250.396
Rate parameters:  A-C: 1.00000  A-G: 1.00000  A-T: 1.00000  C-G: 1.00000  C-T: 1.00000  G-T: 1.00000
Base frequencies:  A: 0.250  C: 0.250  G: 0.250  T: 0.250
Parameters optimization took 1 rounds (0.003 sec)
BEST SCORE FOUND : -95250.396
Total tree length: 12.537

Total number of iterations: 116
CPU time used for tree search: 5.194 sec (0h:0m:5s)
Wall-clock time used for tree search: 5.215 sec (0h:0m:5s)
Total CPU time used: 23.262 sec (0h:0m:23s)
Total wall-clock time used: 21.873 sec (0h:0m:21s)

Analysis results written to: 
  IQ-TREE report:                exp_baseline/m10_sel1000_rep1/iqtree_out.iqtree
  Maximum-likelihood tree:       exp_baseline/m10_sel1000_rep1/iqtree_out.treefile
  Likelihood distances:          exp_baseline/m10_sel1000_rep1/iqtree_out.mldist
  Screen log file:               exp_baseline/m10_sel1000_rep1/iqtree_out.log

Date and Time: Tue May 12 14:35:16 2026
