IQ-TREE version 3.1.1 for MacOS ARM 64-bit built Apr  8 2026
Developed by Bui Quang Minh, Thomas Wong, Nhan Ly-Trong, Huaiyan Ren
Contributed by Lam-Tung Nguyen, Dominik Schrempf, Chris Bielow,
Olga Chernomor, Michael Woodhams, Diep Thi Hoang, Heiko Schmidt

Host:    Noutbuk-maria.local (SSE4.2, 16 GB RAM)
Command: iqtree -s exp_baseline/m10_sel50_rep5/combined.fasta -m JC -nt AUTO -pre exp_baseline/m10_sel50_rep5/iqtree_out -seed 51542 -redo
Seed:    51542 (Using SPRNG - Scalable Parallel Random Number Generator)
Time:    Tue May 12 14:29:41 2026
Kernel:  SSE2 - auto-detect threads (8 CPU cores detected)

Reading alignment file exp_baseline/m10_sel50_rep5/combined.fasta ... Fasta format detected
Reading fasta file: done in 0.00048995 secs using 90.83% CPU
Alignment most likely contains DNA/RNA sequences
Constructing alignment: done in 0.000946999 secs using 57.97% CPU
Alignment has 30 sequences with 2050 columns, 2016 distinct patterns
2044 parsimony-informative, 0 singleton sites, 6 constant sites
          Gap/Ambiguity  Composition  p-value
Analyzing sequences: done in 5.38826e-05 secs using 209.7% CPU
   1  taxon_1     0.00%    passed     46.97%
   2  taxon_2     0.00%    passed     99.36%
   3  taxon_3     0.00%    passed     13.61%
   4  taxon_4     0.00%    passed     11.71%
   5  taxon_5     0.00%    passed     87.22%
   6  taxon_6     0.00%    passed     51.33%
   7  taxon_7     0.00%    passed     75.92%
   8  taxon_8     0.00%    passed     65.34%
   9  taxon_9     0.00%    passed     65.69%
  10  taxon_10    0.00%    passed     72.61%
  11  taxon_11    0.00%    passed     70.02%
  12  taxon_12    0.00%    passed     32.11%
  13  taxon_13    0.00%    passed     19.42%
  14  taxon_14    0.00%    passed     10.47%
  15  taxon_15    0.00%    passed     64.42%
  16  taxon_16    0.00%    passed     41.85%
  17  taxon_17    0.00%    passed     40.05%
  18  taxon_18    0.00%    passed     95.95%
  19  taxon_19    0.00%    passed     46.83%
  20  taxon_20    0.00%    passed     64.13%
  21  taxon_21    0.00%    passed     92.80%
  22  taxon_22    0.00%    failed      4.35%
  23  taxon_23    0.00%    passed     81.03%
  24  taxon_24    0.00%    passed      8.07%
  25  taxon_25    0.00%    passed     13.82%
  26  taxon_26    0.00%    passed     24.19%
  27  taxon_27    0.00%    passed     92.10%
  28  taxon_28    0.00%    passed     74.62%
  29  taxon_29    0.00%    passed     75.32%
  30  taxon_30    0.00%    passed     52.92%
****  TOTAL       0.00%  1 sequences failed composition chi2 test (p-value<5%; df=3)
Checking for duplicate sequences: done in 0.000130892 secs using 89.39% CPU

Create initial parsimony tree by phylogenetic likelihood library (PLL)... 0.002 seconds

NOTE: 1 MB RAM (0 GB) is required!
Measuring multi-threading efficiency up to 8 CPU cores
Increase to 10 rounds for branch lengths
378 trees examined
Threads: 1 / Time: 8.016 sec / Speedup: 1.000 / Efficiency: 100% / LogL: -81886
Threads: 2 / Time: 8.865 sec / Speedup: 0.904 / Efficiency: 45% / LogL: -81886
Determining AUTO threadcount: done in 16.8821 secs using 107.6% CPU
BEST NUMBER OF THREADS: 1

Estimate model parameters (epsilon = 0.100)
1. Initial log-likelihood: -78854.839
Optimal log-likelihood: -78179.181
Rate parameters:  A-C: 1.00000  A-G: 1.00000  A-T: 1.00000  C-G: 1.00000  C-T: 1.00000  G-T: 1.00000
Base frequencies:  A: 0.250  C: 0.250  G: 0.250  T: 0.250
Parameters optimization took 1 rounds (0.023 sec)
Wrote distance file to... 
Computing ML distances based on estimated model parameters...
Calculating distance matrix: done in 0.00143695 secs using 98.75% CPU
Computing ML distances took 0.001574 sec (of wall-clock time) 0.001547 sec (of CPU time)
WARNING: Some pairwise ML distances are too long (saturated)
Setting up auxiliary I and S matrices: done in 2.7895e-05 secs using 68.11% CPU
Constructing RapidNJ tree: done in 5.29289e-05 secs using 88.8% CPU
Computing RapidNJ tree took 0.000101 sec (of wall-clock time) 0.000075 sec (of CPU time)
Log-likelihood of RapidNJ tree: -78147.638
--------------------------------------------------------------------
|             INITIALIZING CANDIDATE TREE SET                      |
--------------------------------------------------------------------
Generating 98 parsimony trees... 0.289 second
Computing log-likelihood of 98 initial trees ... 0.247 seconds
Current best score: -78147.638

Do NNI search on 20 best initial trees
Estimate model parameters (epsilon = 0.100)
BETTER TREE FOUND at iteration 1: -78117.909
Estimate model parameters (epsilon = 0.100)
BETTER TREE FOUND at iteration 3: -78116.191
Iteration 10 / LogL: -78156.214 / Time: 0h:0m:18s
Iteration 20 / LogL: -78133.727 / Time: 0h:0m:18s
Finish initializing candidate tree set (19)
Current best tree score: -78116.191 / CPU time: 1.749
Number of iterations: 20
--------------------------------------------------------------------
|               OPTIMIZING CANDIDATE TREE SET                      |
--------------------------------------------------------------------
Estimate model parameters (epsilon = 0.100)
BETTER TREE FOUND at iteration 22: -78111.600
Iteration 30 / LogL: -78154.369 / Time: 0h:0m:19s (0h:1m:2s left)
Iteration 40 / LogL: -78113.277 / Time: 0h:0m:20s (0h:0m:42s left)
Iteration 50 / LogL: -78115.959 / Time: 0h:0m:20s (0h:0m:30s left)
Iteration 60 / LogL: -78130.959 / Time: 0h:0m:21s (0h:0m:22s left)
Iteration 70 / LogL: -78118.404 / Time: 0h:0m:22s (0h:0m:16s left)
Iteration 80 / LogL: -78114.963 / Time: 0h:0m:23s (0h:0m:12s left)
Iteration 90 / LogL: -78117.093 / Time: 0h:0m:24s (0h:0m:8s left)
Iteration 100 / LogL: -78113.882 / Time: 0h:0m:24s (0h:0m:5s left)
Iteration 110 / LogL: -78122.978 / Time: 0h:0m:25s (0h:0m:2s left)
Iteration 120 / LogL: -78124.371 / Time: 0h:0m:26s (0h:0m:0s left)
TREE SEARCH COMPLETED AFTER 123 ITERATIONS / Time: 0h:0m:26s

--------------------------------------------------------------------
|                    FINALIZING TREE SEARCH                        |
--------------------------------------------------------------------
Performs final model parameters optimization
Estimate model parameters (epsilon = 0.010)
1. Initial log-likelihood: -78111.600
Optimal log-likelihood: -78110.930
Rate parameters:  A-C: 1.00000  A-G: 1.00000  A-T: 1.00000  C-G: 1.00000  C-T: 1.00000  G-T: 1.00000
Base frequencies:  A: 0.250  C: 0.250  G: 0.250  T: 0.250
Parameters optimization took 1 rounds (0.023 sec)
BEST SCORE FOUND : -78110.930
Total tree length: 25.823

Total number of iterations: 123
CPU time used for tree search: 9.289 sec (0h:0m:9s)
Wall-clock time used for tree search: 9.319 sec (0h:0m:9s)
Total CPU time used: 27.661 sec (0h:0m:27s)
Total wall-clock time used: 26.401 sec (0h:0m:26s)

Analysis results written to: 
  IQ-TREE report:                exp_baseline/m10_sel50_rep5/iqtree_out.iqtree
  Maximum-likelihood tree:       exp_baseline/m10_sel50_rep5/iqtree_out.treefile
  Likelihood distances:          exp_baseline/m10_sel50_rep5/iqtree_out.mldist
  Screen log file:               exp_baseline/m10_sel50_rep5/iqtree_out.log

Date and Time: Tue May 12 14:30:07 2026
