IQ-TREE version 3.1.1 for MacOS ARM 64-bit built Apr  8 2026
Developed by Bui Quang Minh, Thomas Wong, Nhan Ly-Trong, Huaiyan Ren
Contributed by Lam-Tung Nguyen, Dominik Schrempf, Chris Bielow,
Olga Chernomor, Michael Woodhams, Diep Thi Hoang, Heiko Schmidt

Host:    Noutbuk-maria.local (SSE4.2, 16 GB RAM)
Command: iqtree -s exp_stable_0.001/m5_sel2_rep5/neutral.fasta -m JC -nt AUTO -pre exp_stable_0.001/m5_sel2_rep5/iqtree_out -seed 3042 -redo
Seed:    3042 (Using SPRNG - Scalable Parallel Random Number Generator)
Time:    Mon May 18 21:49:08 2026
Kernel:  SSE2 - auto-detect threads (8 CPU cores detected)

Reading alignment file exp_stable_0.001/m5_sel2_rep5/neutral.fasta ... Fasta format detected
Reading fasta file: done in 0.00117302 secs using 89.94% CPU
Alignment most likely contains DNA/RNA sequences
Constructing alignment: done in 0.00111985 secs using 60.19% CPU
Alignment has 50 sequences with 3000 columns, 250 distinct patterns
45 parsimony-informative, 272 singleton sites, 2683 constant sites
          Gap/Ambiguity  Composition  p-value
Analyzing sequences: done in 3.31402e-05 secs using 69.4% CPU
   1  taxon_1     0.00%    passed     98.77%
   2  taxon_2     0.00%    passed     99.81%
   3  taxon_3     0.00%    passed     99.84%
   4  taxon_4     0.00%    passed     99.83%
   5  taxon_5     0.00%    passed     99.99%
   6  taxon_6     0.00%    passed     99.99%
   7  taxon_7     0.00%    passed     99.97%
   8  taxon_8     0.00%    passed     99.99%
   9  taxon_9     0.00%    passed     99.87%
  10  taxon_10    0.00%    passed     99.99%
  11  taxon_11    0.00%    passed     99.80%
  12  taxon_12    0.00%    passed     99.98%
  13  taxon_13    0.00%    passed     99.96%
  14  taxon_14    0.00%    passed     99.94%
  15  taxon_15    0.00%    passed     99.70%
  16  taxon_16    0.00%    passed     99.98%
  17  taxon_17    0.00%    passed     99.84%
  18  taxon_18    0.00%    passed     99.95%
  19  taxon_19    0.00%    passed     99.96%
  20  taxon_20    0.00%    passed     99.97%
  21  taxon_21    0.00%    passed     99.91%
  22  taxon_22    0.00%    passed     99.99%
  23  taxon_23    0.00%    passed     99.79%
  24  taxon_24    0.00%    passed     99.83%
  25  taxon_25    0.00%    passed     99.94%
  26  taxon_26    0.00%    passed     99.90%
  27  taxon_27    0.00%    passed     99.96%
  28  taxon_28    0.00%    passed     99.99%
  29  taxon_29    0.00%    passed     99.90%
  30  taxon_30    0.00%    passed    100.00%
  31  taxon_31    0.00%    passed     99.94%
  32  taxon_32    0.00%    passed     99.98%
  33  taxon_33    0.00%    passed     99.88%
  34  taxon_34    0.00%    passed     99.94%
  35  taxon_35    0.00%    passed     99.84%
  36  taxon_36    0.00%    passed     99.93%
  37  taxon_37    0.00%    passed     99.76%
  38  taxon_38    0.00%    passed     99.87%
  39  taxon_39    0.00%    passed     99.91%
  40  taxon_40    0.00%    passed     99.91%
  41  taxon_41    0.00%    passed     99.34%
  42  taxon_42    0.00%    passed     99.66%
  43  taxon_43    0.00%    passed     99.85%
  44  taxon_44    0.00%    passed     99.92%
  45  taxon_45    0.00%    passed     99.93%
  46  taxon_46    0.00%    passed     99.90%
  47  taxon_47    0.00%    passed     99.78%
  48  taxon_48    0.00%    passed    100.00%
  49  taxon_49    0.00%    passed     99.88%
  50  taxon_50    0.00%    passed     99.96%
****  TOTAL       0.00%  0 sequences failed composition chi2 test (p-value<5%; df=3)
Checking for duplicate sequences: done in 6.19888e-05 secs using 75.82% CPU

Create initial parsimony tree by phylogenetic likelihood library (PLL)... 0.001 seconds

NOTE: 0 MB RAM (0 GB) is required!
Measuring multi-threading efficiency up to 8 CPU cores
Increase to 10 rounds for branch lengths
4695 trees examined
Threads: 1 / Time: 8.000 sec / Speedup: 1.000 / Efficiency: 100% / LogL: -7647
Threads: 2 / Time: 17.204 sec / Speedup: 0.465 / Efficiency: 23% / LogL: -7647
Determining AUTO threadcount: done in 25.2047 secs using 85.39% CPU
BEST NUMBER OF THREADS: 1

Estimate model parameters (epsilon = 0.100)
1. Initial log-likelihood: -6881.768
Optimal log-likelihood: -6881.767
Rate parameters:  A-C: 1.00000  A-G: 1.00000  A-T: 1.00000  C-G: 1.00000  C-T: 1.00000  G-T: 1.00000
Base frequencies:  A: 0.250  C: 0.250  G: 0.250  T: 0.250
Parameters optimization took 1 rounds (0.001 sec)
Wrote distance file to... 
Computing ML distances based on estimated model parameters...
Calculating distance matrix: done in 0.00249314 secs using 77.05% CPU
Computing ML distances took 0.002536 sec (of wall-clock time) 0.001952 sec (of CPU time)
Setting up auxiliary I and S matrices: done in 4.48227e-05 secs using 98.16% CPU
Constructing RapidNJ tree: done in 0.000129223 secs using 176.4% CPU
Computing RapidNJ tree took 0.000193 sec (of wall-clock time) 0.000294 sec (of CPU time)
Log-likelihood of RapidNJ tree: -6891.956
--------------------------------------------------------------------
|             INITIALIZING CANDIDATE TREE SET                      |
--------------------------------------------------------------------
Generating 98 parsimony trees... 0.077 second
Computing log-likelihood of 98 initial trees ... 0.053 seconds
Current best score: -6881.766

Do NNI search on 20 best initial trees
Estimate model parameters (epsilon = 0.100)
BETTER TREE FOUND at iteration 1: -6881.765
BETTER TREE FOUND at iteration 4: -6881.762
Iteration 10 / LogL: -6881.767 / Time: 0h:0m:25s
Iteration 20 / LogL: -6881.766 / Time: 0h:0m:25s
Finish initializing candidate tree set (20)
Current best tree score: -6881.762 / CPU time: 0.189
Number of iterations: 20
--------------------------------------------------------------------
|               OPTIMIZING CANDIDATE TREE SET                      |
--------------------------------------------------------------------
Iteration 30 / LogL: -6881.790 / Time: 0h:0m:25s (0h:1m:5s left)
Iteration 40 / LogL: -6886.603 / Time: 0h:0m:25s (0h:0m:42s left)
Iteration 50 / LogL: -6881.784 / Time: 0h:0m:25s (0h:0m:28s left)
Iteration 60 / LogL: -6881.795 / Time: 0h:0m:25s (0h:0m:19s left)
Iteration 70 / LogL: -6881.779 / Time: 0h:0m:25s (0h:0m:12s left)
Iteration 80 / LogL: -6881.795 / Time: 0h:0m:25s (0h:0m:7s left)
Iteration 90 / LogL: -6881.793 / Time: 0h:0m:26s (0h:0m:4s left)
Iteration 100 / LogL: -6881.785 / Time: 0h:0m:26s (0h:0m:1s left)
TREE SEARCH COMPLETED AFTER 105 ITERATIONS / Time: 0h:0m:26s

--------------------------------------------------------------------
|                    FINALIZING TREE SEARCH                        |
--------------------------------------------------------------------
Performs final model parameters optimization
Estimate model parameters (epsilon = 0.010)
1. Initial log-likelihood: -6881.762
Optimal log-likelihood: -6881.762
Rate parameters:  A-C: 1.00000  A-G: 1.00000  A-T: 1.00000  C-G: 1.00000  C-T: 1.00000  G-T: 1.00000
Base frequencies:  A: 0.250  C: 0.250  G: 0.250  T: 0.250
Parameters optimization took 1 rounds (0.001 sec)
BEST SCORE FOUND : -6881.762
Total tree length: 0.110

Total number of iterations: 105
CPU time used for tree search: 0.946 sec (0h:0m:0s)
Wall-clock time used for tree search: 0.947 sec (0h:0m:0s)
Total CPU time used: 22.479 sec (0h:0m:22s)
Total wall-clock time used: 26.166 sec (0h:0m:26s)

Analysis results written to: 
  IQ-TREE report:                exp_stable_0.001/m5_sel2_rep5/iqtree_out.iqtree
  Maximum-likelihood tree:       exp_stable_0.001/m5_sel2_rep5/iqtree_out.treefile
  Likelihood distances:          exp_stable_0.001/m5_sel2_rep5/iqtree_out.mldist
  Screen log file:               exp_stable_0.001/m5_sel2_rep5/iqtree_out.log

Date and Time: Mon May 18 21:49:34 2026
