IQ-TREE version 3.1.1 for MacOS ARM 64-bit built Apr  8 2026
Developed by Bui Quang Minh, Thomas Wong, Nhan Ly-Trong, Huaiyan Ren
Contributed by Lam-Tung Nguyen, Dominik Schrempf, Chris Bielow,
Olga Chernomor, Michael Woodhams, Diep Thi Hoang, Heiko Schmidt

Host:    Noutbuk-maria.local (SSE4.2, 16 GB RAM)
Command: iqtree -s exp_baseline/m20_sel50_rep4/combined.fasta -m JC -nt AUTO -pre exp_baseline/m20_sel50_rep4/iqtree_out -seed 52442 -redo
Seed:    52442 (Using SPRNG - Scalable Parallel Random Number Generator)
Time:    Tue May 12 14:41:13 2026
Kernel:  SSE2 - auto-detect threads (8 CPU cores detected)

Reading alignment file exp_baseline/m20_sel50_rep4/combined.fasta ... Fasta format detected
Reading fasta file: done in 0.000494003 secs using 90.89% CPU
Alignment most likely contains DNA/RNA sequences
Constructing alignment: done in 0.000977993 secs using 56.95% CPU
Alignment has 30 sequences with 2050 columns, 2012 distinct patterns
2050 parsimony-informative, 0 singleton sites, 0 constant sites
          Gap/Ambiguity  Composition  p-value
Analyzing sequences: done in 4.69685e-05 secs using 274.7% CPU
   1  taxon_1     0.00%    passed     50.36%
   2  taxon_2     0.00%    passed     37.61%
   3  taxon_3     0.00%    passed     53.71%
   4  taxon_4     0.00%    passed     57.15%
   5  taxon_5     0.00%    passed     62.59%
   6  taxon_6     0.00%    passed     95.21%
   7  taxon_7     0.00%    passed     46.72%
   8  taxon_8     0.00%    passed     25.80%
   9  taxon_9     0.00%    passed     58.38%
  10  taxon_10    0.00%    failed      1.06%
  11  taxon_11    0.00%    failed      1.17%
  12  taxon_12    0.00%    passed     37.60%
  13  taxon_13    0.00%    passed      9.46%
  14  taxon_14    0.00%    passed     90.19%
  15  taxon_15    0.00%    passed     93.42%
  16  taxon_16    0.00%    passed     22.40%
  17  taxon_17    0.00%    passed     76.62%
  18  taxon_18    0.00%    passed     59.45%
  19  taxon_19    0.00%    passed     77.59%
  20  taxon_20    0.00%    passed     47.28%
  21  taxon_21    0.00%    passed     29.39%
  22  taxon_22    0.00%    passed     64.66%
  23  taxon_23    0.00%    passed     58.13%
  24  taxon_24    0.00%    passed      7.20%
  25  taxon_25    0.00%    passed      5.53%
  26  taxon_26    0.00%    passed     92.48%
  27  taxon_27    0.00%    passed     28.41%
  28  taxon_28    0.00%    passed     32.98%
  29  taxon_29    0.00%    passed      8.40%
  30  taxon_30    0.00%    passed     96.74%
****  TOTAL       0.00%  2 sequences failed composition chi2 test (p-value<5%; df=3)
Checking for duplicate sequences: done in 0.000128031 secs using 92.17% CPU

Create initial parsimony tree by phylogenetic likelihood library (PLL)... 0.003 seconds

NOTE: 1 MB RAM (0 GB) is required!
Measuring multi-threading efficiency up to 8 CPU cores
Increase to 10 rounds for branch lengths
387 trees examined
Threads: 1 / Time: 8.006 sec / Speedup: 1.000 / Efficiency: 100% / LogL: -81736
Threads: 2 / Time: 8.858 sec / Speedup: 0.904 / Efficiency: 45% / LogL: -81736
Determining AUTO threadcount: done in 16.8645 secs using 107.3% CPU
BEST NUMBER OF THREADS: 1

Estimate model parameters (epsilon = 0.100)
1. Initial log-likelihood: -79550.813
Optimal log-likelihood: -78898.581
Rate parameters:  A-C: 1.00000  A-G: 1.00000  A-T: 1.00000  C-G: 1.00000  C-T: 1.00000  G-T: 1.00000
Base frequencies:  A: 0.250  C: 0.250  G: 0.250  T: 0.250
Parameters optimization took 1 rounds (0.014 sec)
Wrote distance file to... 
Computing ML distances based on estimated model parameters...
Calculating distance matrix: done in 0.00122404 secs using 98.53% CPU
Computing ML distances took 0.001359 sec (of wall-clock time) 0.001334 sec (of CPU time)
WARNING: Some pairwise ML distances are too long (saturated)
Setting up auxiliary I and S matrices: done in 2.5034e-05 secs using 75.9% CPU
Constructing RapidNJ tree: done in 5.07832e-05 secs using 169.3% CPU
Computing RapidNJ tree took 0.000102 sec (of wall-clock time) 0.000128 sec (of CPU time)
Log-likelihood of RapidNJ tree: -79028.472
--------------------------------------------------------------------
|             INITIALIZING CANDIDATE TREE SET                      |
--------------------------------------------------------------------
Generating 98 parsimony trees... 0.291 second
Computing log-likelihood of 98 initial trees ... 0.250 seconds
Current best score: -78898.581

Do NNI search on 20 best initial trees
Estimate model parameters (epsilon = 0.100)
BETTER TREE FOUND at iteration 1: -78836.590
Estimate model parameters (epsilon = 0.100)
BETTER TREE FOUND at iteration 2: -78820.729
Estimate model parameters (epsilon = 0.100)
BETTER TREE FOUND at iteration 3: -78812.080
BETTER TREE FOUND at iteration 7: -78812.080
Estimate model parameters (epsilon = 0.100)
BETTER TREE FOUND at iteration 8: -78811.947
Iteration 10 / LogL: -78840.499 / Time: 0h:0m:18s
Iteration 20 / LogL: -78821.002 / Time: 0h:0m:19s
Finish initializing candidate tree set (13)
Current best tree score: -78811.947 / CPU time: 2.455
Number of iterations: 20
--------------------------------------------------------------------
|               OPTIMIZING CANDIDATE TREE SET                      |
--------------------------------------------------------------------
Iteration 30 / LogL: -78812.081 / Time: 0h:0m:20s (0h:0m:54s left)
Iteration 40 / LogL: -78812.080 / Time: 0h:0m:21s (0h:0m:36s left)
Iteration 50 / LogL: -78812.003 / Time: 0h:0m:22s (0h:0m:26s left)
Estimate model parameters (epsilon = 0.100)
BETTER TREE FOUND at iteration 55: -78811.867
Iteration 60 / LogL: -78812.051 / Time: 0h:0m:23s (0h:0m:37s left)
Iteration 70 / LogL: -78811.967 / Time: 0h:0m:24s (0h:0m:29s left)
BETTER TREE FOUND at iteration 74: -78811.863
UPDATE BEST LOG-LIKELIHOOD: -78811.863
Iteration 80 / LogL: -78812.137 / Time: 0h:0m:24s (0h:0m:29s left)
Iteration 90 / LogL: -78811.943 / Time: 0h:0m:25s (0h:0m:24s left)
Iteration 100 / LogL: -78813.064 / Time: 0h:0m:26s (0h:0m:20s left)
Iteration 110 / LogL: -78812.083 / Time: 0h:0m:27s (0h:0m:16s left)
Iteration 120 / LogL: -78811.973 / Time: 0h:0m:28s (0h:0m:12s left)
Iteration 130 / LogL: -78811.866 / Time: 0h:0m:29s (0h:0m:10s left)
Iteration 140 / LogL: -78812.087 / Time: 0h:0m:30s (0h:0m:7s left)
Iteration 150 / LogL: -78811.866 / Time: 0h:0m:31s (0h:0m:5s left)
UPDATE BEST LOG-LIKELIHOOD: -78811.863
Iteration 160 / LogL: -78811.872 / Time: 0h:0m:32s (0h:0m:2s left)
Iteration 170 / LogL: -78811.959 / Time: 0h:0m:32s (0h:0m:0s left)
TREE SEARCH COMPLETED AFTER 175 ITERATIONS / Time: 0h:0m:33s

--------------------------------------------------------------------
|                    FINALIZING TREE SEARCH                        |
--------------------------------------------------------------------
Performs final model parameters optimization
Estimate model parameters (epsilon = 0.010)
1. Initial log-likelihood: -78811.863
Optimal log-likelihood: -78811.862
Rate parameters:  A-C: 1.00000  A-G: 1.00000  A-T: 1.00000  C-G: 1.00000  C-T: 1.00000  G-T: 1.00000
Base frequencies:  A: 0.250  C: 0.250  G: 0.250  T: 0.250
Parameters optimization took 1 rounds (0.003 sec)
BEST SCORE FOUND : -78811.862
Total tree length: 25.330

Total number of iterations: 175
CPU time used for tree search: 16.492 sec (0h:0m:16s)
Wall-clock time used for tree search: 16.550 sec (0h:0m:16s)
Total CPU time used: 34.653 sec (0h:0m:34s)
Total wall-clock time used: 33.482 sec (0h:0m:33s)

Analysis results written to: 
  IQ-TREE report:                exp_baseline/m20_sel50_rep4/iqtree_out.iqtree
  Maximum-likelihood tree:       exp_baseline/m20_sel50_rep4/iqtree_out.treefile
  Likelihood distances:          exp_baseline/m20_sel50_rep4/iqtree_out.mldist
  Screen log file:               exp_baseline/m20_sel50_rep4/iqtree_out.log

Date and Time: Tue May 12 14:41:47 2026
