IQ-TREE version 3.1.1 for MacOS ARM 64-bit built Apr  8 2026
Developed by Bui Quang Minh, Thomas Wong, Nhan Ly-Trong, Huaiyan Ren
Contributed by Lam-Tung Nguyen, Dominik Schrempf, Chris Bielow,
Olga Chernomor, Michael Woodhams, Diep Thi Hoang, Heiko Schmidt

Host:    Noutbuk-maria.local (SSE4.2, 16 GB RAM)
Command: iqtree -s exp_baseline/m200_sel50_rep4/combined.fasta -m JC -nt AUTO -pre exp_baseline/m200_sel50_rep4/iqtree_out -seed 70442 -redo
Seed:    70442 (Using SPRNG - Scalable Parallel Random Number Generator)
Time:    Tue May 12 15:17:58 2026
Kernel:  SSE2 - auto-detect threads (8 CPU cores detected)

Reading alignment file exp_baseline/m200_sel50_rep4/combined.fasta ... Fasta format detected
Reading fasta file: done in 0.00049305 secs using 90.46% CPU
Alignment most likely contains DNA/RNA sequences
Constructing alignment: done in 0.000962973 secs using 57.43% CPU
Alignment has 30 sequences with 2050 columns, 2013 distinct patterns
2049 parsimony-informative, 0 singleton sites, 1 constant sites
          Gap/Ambiguity  Composition  p-value
Analyzing sequences: done in 4.60148e-05 secs using 278.2% CPU
   1  taxon_1     0.00%    passed     72.10%
   2  taxon_2     0.00%    passed     53.96%
   3  taxon_3     0.00%    passed     51.58%
   4  taxon_4     0.00%    passed     20.47%
   5  taxon_5     0.00%    passed     83.77%
   6  taxon_6     0.00%    passed     87.91%
   7  taxon_7     0.00%    passed     92.15%
   8  taxon_8     0.00%    passed     31.45%
   9  taxon_9     0.00%    passed     23.91%
  10  taxon_10    0.00%    passed     44.22%
  11  taxon_11    0.00%    passed     72.91%
  12  taxon_12    0.00%    passed     60.21%
  13  taxon_13    0.00%    passed     12.63%
  14  taxon_14    0.00%    failed      4.23%
  15  taxon_15    0.00%    passed     96.10%
  16  taxon_16    0.00%    passed     62.22%
  17  taxon_17    0.00%    passed     23.93%
  18  taxon_18    0.00%    passed     65.61%
  19  taxon_19    0.00%    passed     69.41%
  20  taxon_20    0.00%    passed     74.64%
  21  taxon_21    0.00%    passed     87.12%
  22  taxon_22    0.00%    passed     44.88%
  23  taxon_23    0.00%    passed      6.21%
  24  taxon_24    0.00%    passed     17.64%
  25  taxon_25    0.00%    passed     88.33%
  26  taxon_26    0.00%    passed     33.36%
  27  taxon_27    0.00%    passed     36.96%
  28  taxon_28    0.00%    passed     34.38%
  29  taxon_29    0.00%    passed     90.37%
  30  taxon_30    0.00%    passed     83.96%
****  TOTAL       0.00%  1 sequences failed composition chi2 test (p-value<5%; df=3)
Checking for duplicate sequences: done in 0.000128984 secs using 94.59% CPU

Create initial parsimony tree by phylogenetic likelihood library (PLL)... 0.003 seconds

NOTE: 1 MB RAM (0 GB) is required!
Measuring multi-threading efficiency up to 8 CPU cores
Increase to 10 rounds for branch lengths
374 trees examined
Threads: 1 / Time: 8.003 sec / Speedup: 1.000 / Efficiency: 100% / LogL: -82331
Threads: 2 / Time: 8.820 sec / Speedup: 0.907 / Efficiency: 45% / LogL: -82331
Determining AUTO threadcount: done in 16.823 secs using 107.7% CPU
BEST NUMBER OF THREADS: 1

Estimate model parameters (epsilon = 0.100)
1. Initial log-likelihood: -79007.552
Optimal log-likelihood: -78261.526
Rate parameters:  A-C: 1.00000  A-G: 1.00000  A-T: 1.00000  C-G: 1.00000  C-T: 1.00000  G-T: 1.00000
Base frequencies:  A: 0.250  C: 0.250  G: 0.250  T: 0.250
Parameters optimization took 1 rounds (0.017 sec)
Wrote distance file to... 
Computing ML distances based on estimated model parameters...
Calculating distance matrix: done in 0.001369 secs using 99.42% CPU
Computing ML distances took 0.001506 sec (of wall-clock time) 0.001490 sec (of CPU time)
WARNING: Some pairwise ML distances are too long (saturated)
Setting up auxiliary I and S matrices: done in 2.69413e-05 secs using 74.24% CPU
Constructing RapidNJ tree: done in 5.4121e-05 secs using 84.99% CPU
Computing RapidNJ tree took 0.000105 sec (of wall-clock time) 0.000075 sec (of CPU time)
Log-likelihood of RapidNJ tree: -78415.179
--------------------------------------------------------------------
|             INITIALIZING CANDIDATE TREE SET                      |
--------------------------------------------------------------------
Generating 98 parsimony trees... 0.323 second
Computing log-likelihood of 98 initial trees ... 0.264 seconds
Current best score: -78261.526

Do NNI search on 20 best initial trees
Estimate model parameters (epsilon = 0.100)
BETTER TREE FOUND at iteration 1: -78252.551
Estimate model parameters (epsilon = 0.100)
BETTER TREE FOUND at iteration 9: -78249.765
Iteration 10 / LogL: -78409.408 / Time: 0h:0m:18s
Estimate model parameters (epsilon = 0.100)
BETTER TREE FOUND at iteration 11: -78246.471
Iteration 20 / LogL: -78257.988 / Time: 0h:0m:18s
Finish initializing candidate tree set (9)
Current best tree score: -78246.471 / CPU time: 1.968
Number of iterations: 20
--------------------------------------------------------------------
|               OPTIMIZING CANDIDATE TREE SET                      |
--------------------------------------------------------------------
Iteration 30 / LogL: -78254.360 / Time: 0h:0m:19s (0h:0m:55s left)
Iteration 40 / LogL: -78303.790 / Time: 0h:0m:20s (0h:0m:37s left)
Iteration 50 / LogL: -78380.846 / Time: 0h:0m:21s (0h:0m:26s left)
Iteration 60 / LogL: -78259.068 / Time: 0h:0m:22s (0h:0m:19s left)
Iteration 70 / LogL: -78251.228 / Time: 0h:0m:23s (0h:0m:13s left)
Iteration 80 / LogL: -78263.749 / Time: 0h:0m:24s (0h:0m:9s left)
Iteration 90 / LogL: -78268.497 / Time: 0h:0m:24s (0h:0m:5s left)
Iteration 100 / LogL: -78278.991 / Time: 0h:0m:25s (0h:0m:2s left)
Iteration 110 / LogL: -78254.865 / Time: 0h:0m:26s (0h:0m:0s left)
TREE SEARCH COMPLETED AFTER 112 ITERATIONS / Time: 0h:0m:26s

--------------------------------------------------------------------
|                    FINALIZING TREE SEARCH                        |
--------------------------------------------------------------------
Performs final model parameters optimization
Estimate model parameters (epsilon = 0.010)
1. Initial log-likelihood: -78246.471
Optimal log-likelihood: -78246.303
Rate parameters:  A-C: 1.00000  A-G: 1.00000  A-T: 1.00000  C-G: 1.00000  C-T: 1.00000  G-T: 1.00000
Base frequencies:  A: 0.250  C: 0.250  G: 0.250  T: 0.250
Parameters optimization took 1 rounds (0.009 sec)
BEST SCORE FOUND : -78246.303
Total tree length: 25.860

Total number of iterations: 112
CPU time used for tree search: 9.680 sec (0h:0m:9s)
Wall-clock time used for tree search: 9.716 sec (0h:0m:9s)
Total CPU time used: 27.871 sec (0h:0m:27s)
Total wall-clock time used: 26.619 sec (0h:0m:26s)

Analysis results written to: 
  IQ-TREE report:                exp_baseline/m200_sel50_rep4/iqtree_out.iqtree
  Maximum-likelihood tree:       exp_baseline/m200_sel50_rep4/iqtree_out.treefile
  Likelihood distances:          exp_baseline/m200_sel50_rep4/iqtree_out.mldist
  Screen log file:               exp_baseline/m200_sel50_rep4/iqtree_out.log

Date and Time: Tue May 12 15:18:25 2026
