IQ-TREE version 3.1.1 for MacOS ARM 64-bit built Apr  8 2026
Developed by Bui Quang Minh, Thomas Wong, Nhan Ly-Trong, Huaiyan Ren
Contributed by Lam-Tung Nguyen, Dominik Schrempf, Chris Bielow,
Olga Chernomor, Michael Woodhams, Diep Thi Hoang, Heiko Schmidt

Host:    Noutbuk-maria.local (SSE4.2, 16 GB RAM)
Command: iqtree -s exp_stable_0.0005/m10_sel2_rep5/neutral.fasta -m JC -nt AUTO -pre exp_stable_0.0005/m10_sel2_rep5/iqtree_out -seed 3542 -redo
Seed:    3542 (Using SPRNG - Scalable Parallel Random Number Generator)
Time:    Mon May 18 20:49:36 2026
Kernel:  SSE2 - auto-detect threads (8 CPU cores detected)

Reading alignment file exp_stable_0.0005/m10_sel2_rep5/neutral.fasta ... Fasta format detected
Reading fasta file: done in 0.00118494 secs using 89.54% CPU
Alignment most likely contains DNA/RNA sequences
Constructing alignment: done in 0.00117707 secs using 55.14% CPU
Alignment has 50 sequences with 3000 columns, 61 distinct patterns
10 parsimony-informative, 50 singleton sites, 2940 constant sites
          Gap/Ambiguity  Composition  p-value
Analyzing sequences: done in 3.29018e-05 secs using 36.47% CPU
   1  taxon_1     0.00%    passed    100.00%
   2  taxon_2     0.00%    passed     99.97%
   3  taxon_3     0.00%    passed    100.00%
   4  taxon_4     0.00%    passed    100.00%
   5  taxon_5     0.00%    passed    100.00%
   6  taxon_6     0.00%    passed     99.99%
   7  taxon_7     0.00%    passed     99.99%
   8  taxon_8     0.00%    passed    100.00%
   9  taxon_9     0.00%    passed     99.98%
  10  taxon_10    0.00%    passed    100.00%
  11  taxon_11    0.00%    passed    100.00%
  12  taxon_12    0.00%    passed    100.00%
  13  taxon_13    0.00%    passed    100.00%
  14  taxon_14    0.00%    passed     99.95%
  15  taxon_15    0.00%    passed     99.99%
  16  taxon_16    0.00%    passed    100.00%
  17  taxon_17    0.00%    passed    100.00%
  18  taxon_18    0.00%    passed     99.98%
  19  taxon_19    0.00%    passed    100.00%
  20  taxon_20    0.00%    passed     99.99%
  21  taxon_21    0.00%    passed     99.94%
  22  taxon_22    0.00%    passed     99.98%
  23  taxon_23    0.00%    passed    100.00%
  24  taxon_24    0.00%    passed     99.98%
  25  taxon_25    0.00%    passed    100.00%
  26  taxon_26    0.00%    passed    100.00%
  27  taxon_27    0.00%    passed     99.96%
  28  taxon_28    0.00%    passed    100.00%
  29  taxon_29    0.00%    passed    100.00%
  30  taxon_30    0.00%    passed    100.00%
  31  taxon_31    0.00%    passed    100.00%
  32  taxon_32    0.00%    passed    100.00%
  33  taxon_33    0.00%    passed    100.00%
  34  taxon_34    0.00%    passed     99.99%
  35  taxon_35    0.00%    passed     99.99%
  36  taxon_36    0.00%    passed    100.00%
  37  taxon_37    0.00%    passed    100.00%
  38  taxon_38    0.00%    passed    100.00%
  39  taxon_39    0.00%    passed    100.00%
  40  taxon_40    0.00%    passed     99.98%
  41  taxon_41    0.00%    passed     99.99%
  42  taxon_42    0.00%    passed     99.99%
  43  taxon_43    0.00%    passed    100.00%
  44  taxon_44    0.00%    passed    100.00%
  45  taxon_45    0.00%    passed     99.99%
  46  taxon_46    0.00%    passed    100.00%
  47  taxon_47    0.00%    passed    100.00%
  48  taxon_48    0.00%    passed     99.95%
  49  taxon_49    0.00%    passed    100.00%
  50  taxon_50    0.00%    passed     99.94%
****  TOTAL       0.00%  0 sequences failed composition chi2 test (p-value<5%; df=3)
NOTE: taxon_5 is identical to taxon_1 but kept for subsequent analysis
NOTE: taxon_16 is identical to taxon_13 but kept for subsequent analysis
NOTE: taxon_36 is identical to taxon_25 but kept for subsequent analysis
NOTE: taxon_29 is identical to taxon_28 but kept for subsequent analysis
NOTE: taxon_32 is identical to taxon_30 but kept for subsequent analysis
Checking for duplicate sequences: done in 8.10623e-05 secs using 49.34% CPU
Identifying sites to remove: done in 0.00065589 secs using 99.1% CPU
NOTE: 9 identical sequences (see below) will be ignored for subsequent analysis
NOTE: taxon_8 (identical to taxon_1) is ignored but added at the end
NOTE: taxon_11 (identical to taxon_1) is ignored but added at the end
NOTE: taxon_12 (identical to taxon_1) is ignored but added at the end
NOTE: taxon_19 (identical to taxon_13) is ignored but added at the end
NOTE: taxon_23 (identical to taxon_13) is ignored but added at the end
NOTE: taxon_39 (identical to taxon_25) is ignored but added at the end
NOTE: taxon_44 (identical to taxon_25) is ignored but added at the end
NOTE: taxon_46 (identical to taxon_25) is ignored but added at the end
NOTE: taxon_47 (identical to taxon_25) is ignored but added at the end
Alignment was printed to exp_stable_0.0005/m10_sel2_rep5/iqtree_out.uniqueseq.phy

For your convenience alignment with unique sequences printed to exp_stable_0.0005/m10_sel2_rep5/iqtree_out.uniqueseq.phy

Create initial parsimony tree by phylogenetic likelihood library (PLL)... 0.001 seconds

NOTE: 0 MB RAM (0 GB) is required!
Measuring multi-threading efficiency up to 8 CPU cores
Increase to 10 rounds for branch lengths
15340 trees examined
Threads: 1 / Time: 8.001 sec / Speedup: 1.000 / Efficiency: 100% / LogL: -5053
Threads: 2 / Time: 29.105 sec / Speedup: 0.275 / Efficiency: 14% / LogL: -5053
Determining AUTO threadcount: done in 37.1054 secs using 67.04% CPU
BEST NUMBER OF THREADS: 1

Estimate model parameters (epsilon = 0.100)
1. Initial log-likelihood: -4738.640
Optimal log-likelihood: -4738.640
Rate parameters:  A-C: 1.00000  A-G: 1.00000  A-T: 1.00000  C-G: 1.00000  C-T: 1.00000  G-T: 1.00000
Base frequencies:  A: 0.250  C: 0.250  G: 0.250  T: 0.250
Parameters optimization took 1 rounds (0.000 sec)
Wrote distance file to... 
Computing ML distances based on estimated model parameters...
Calculating distance matrix: done in 0.0017221 secs using 82.98% CPU
Computing ML distances took 0.001750 sec (of wall-clock time) 0.001448 sec (of CPU time)
Setting up auxiliary I and S matrices: done in 3.48091e-05 secs using 77.57% CPU
Constructing RapidNJ tree: done in 8.79765e-05 secs using 90.93% CPU
Computing RapidNJ tree took 0.000152 sec (of wall-clock time) 0.000116 sec (of CPU time)
Log-likelihood of RapidNJ tree: -4738.266
--------------------------------------------------------------------
|             INITIALIZING CANDIDATE TREE SET                      |
--------------------------------------------------------------------
Generating 98 parsimony trees... 0.038 second
Computing log-likelihood of 98 initial trees ... 0.021 seconds
Current best score: -4736.734

Do NNI search on 20 best initial trees
Estimate model parameters (epsilon = 0.100)
BETTER TREE FOUND at iteration 1: -4736.734
BETTER TREE FOUND at iteration 3: -4736.734
BETTER TREE FOUND at iteration 4: -4736.734
Iteration 10 / LogL: -4736.734 / Time: 0h:0m:37s
Iteration 20 / LogL: -4736.734 / Time: 0h:0m:37s
Finish initializing candidate tree set (20)
Current best tree score: -4736.734 / CPU time: 0.076
Number of iterations: 20
--------------------------------------------------------------------
|               OPTIMIZING CANDIDATE TREE SET                      |
--------------------------------------------------------------------
Iteration 30 / LogL: -4736.749 / Time: 0h:0m:37s (0h:1m:34s left)
Iteration 40 / LogL: -4736.752 / Time: 0h:0m:37s (0h:1m:1s left)
Iteration 50 / LogL: -4736.737 / Time: 0h:0m:37s (0h:0m:41s left)
Iteration 60 / LogL: -4736.734 / Time: 0h:0m:37s (0h:0m:27s left)
Iteration 70 / LogL: -4747.759 / Time: 0h:0m:37s (0h:0m:18s left)
Iteration 80 / LogL: -4736.753 / Time: 0h:0m:37s (0h:0m:11s left)
Iteration 90 / LogL: -4741.564 / Time: 0h:0m:37s (0h:0m:5s left)
Iteration 100 / LogL: -4736.745 / Time: 0h:0m:37s (0h:0m:1s left)
TREE SEARCH COMPLETED AFTER 105 ITERATIONS / Time: 0h:0m:37s

--------------------------------------------------------------------
|                    FINALIZING TREE SEARCH                        |
--------------------------------------------------------------------
Performs final model parameters optimization
Estimate model parameters (epsilon = 0.010)
1. Initial log-likelihood: -4736.734
Optimal log-likelihood: -4736.734
Rate parameters:  A-C: 1.00000  A-G: 1.00000  A-T: 1.00000  C-G: 1.00000  C-T: 1.00000  G-T: 1.00000
Base frequencies:  A: 0.250  C: 0.250  G: 0.250  T: 0.250
Parameters optimization took 1 rounds (0.000 sec)
BEST SCORE FOUND : -4736.734
Total tree length: 0.020

Total number of iterations: 105
CPU time used for tree search: 0.263 sec (0h:0m:0s)
Wall-clock time used for tree search: 0.265 sec (0h:0m:0s)
Total CPU time used: 25.145 sec (0h:0m:25s)
Total wall-clock time used: 37.394 sec (0h:0m:37s)

Analysis results written to: 
  IQ-TREE report:                exp_stable_0.0005/m10_sel2_rep5/iqtree_out.iqtree
  Maximum-likelihood tree:       exp_stable_0.0005/m10_sel2_rep5/iqtree_out.treefile
  Likelihood distances:          exp_stable_0.0005/m10_sel2_rep5/iqtree_out.mldist
  Screen log file:               exp_stable_0.0005/m10_sel2_rep5/iqtree_out.log

Date and Time: Mon May 18 20:50:14 2026
