IQ-TREE version 3.1.1 for MacOS ARM 64-bit built Apr  8 2026
Developed by Bui Quang Minh, Thomas Wong, Nhan Ly-Trong, Huaiyan Ren
Contributed by Lam-Tung Nguyen, Dominik Schrempf, Chris Bielow,
Olga Chernomor, Michael Woodhams, Diep Thi Hoang, Heiko Schmidt

Host:    Noutbuk-maria.local (SSE4.2, 16 GB RAM)
Command: iqtree -s exp_baseline/m50_sel500_rep2/combined.fasta -m JC -nt AUTO -pre exp_baseline/m50_sel500_rep2/iqtree_out -seed 505242 -redo
Seed:    505242 (Using SPRNG - Scalable Parallel Random Number Generator)
Time:    Tue May 12 14:57:13 2026
Kernel:  SSE2 - auto-detect threads (8 CPU cores detected)

Reading alignment file exp_baseline/m50_sel500_rep2/combined.fasta ... Fasta format detected
Reading fasta file: done in 0.000605106 secs using 91.22% CPU
Alignment most likely contains DNA/RNA sequences
Constructing alignment: done in 0.00111198 secs using 57.02% CPU
Alignment has 30 sequences with 2500 columns, 2015 distinct patterns
2493 parsimony-informative, 0 singleton sites, 7 constant sites
          Gap/Ambiguity  Composition  p-value
Analyzing sequences: done in 5.19753e-05 secs using 232.8% CPU
   1  taxon_1     0.00%    passed     53.49%
   2  taxon_2     0.00%    passed     97.68%
   3  taxon_3     0.00%    passed     48.07%
   4  taxon_4     0.00%    passed     77.17%
   5  taxon_5     0.00%    passed     96.61%
   6  taxon_6     0.00%    passed     54.30%
   7  taxon_7     0.00%    failed      2.33%
   8  taxon_8     0.00%    passed     93.12%
   9  taxon_9     0.00%    passed     38.99%
  10  taxon_10    0.00%    passed     58.24%
  11  taxon_11    0.00%    passed     15.54%
  12  taxon_12    0.00%    passed     96.43%
  13  taxon_13    0.00%    passed     66.64%
  14  taxon_14    0.00%    passed     68.89%
  15  taxon_15    0.00%    passed     28.96%
  16  taxon_16    0.00%    passed     43.65%
  17  taxon_17    0.00%    passed     31.66%
  18  taxon_18    0.00%    passed     67.13%
  19  taxon_19    0.00%    passed     32.57%
  20  taxon_20    0.00%    passed     67.23%
  21  taxon_21    0.00%    passed     79.44%
  22  taxon_22    0.00%    passed     96.44%
  23  taxon_23    0.00%    passed     87.46%
  24  taxon_24    0.00%    passed     65.48%
  25  taxon_25    0.00%    passed     30.17%
  26  taxon_26    0.00%    passed     15.05%
  27  taxon_27    0.00%    passed     57.28%
  28  taxon_28    0.00%    passed     62.64%
  29  taxon_29    0.00%    passed     35.02%
  30  taxon_30    0.00%    passed     65.06%
****  TOTAL       0.00%  1 sequences failed composition chi2 test (p-value<5%; df=3)
Checking for duplicate sequences: done in 0.000130892 secs using 89.39% CPU

Create initial parsimony tree by phylogenetic likelihood library (PLL)... 0.002 seconds

NOTE: 1 MB RAM (0 GB) is required!
Measuring multi-threading efficiency up to 8 CPU cores
Increase to 10 rounds for branch lengths
392 trees examined
Threads: 1 / Time: 8.012 sec / Speedup: 1.000 / Efficiency: 100% / LogL: -96907
Threads: 2 / Time: 8.650 sec / Speedup: 0.926 / Efficiency: 46% / LogL: -96907
Determining AUTO threadcount: done in 16.6618 secs using 108% CPU
BEST NUMBER OF THREADS: 1

Estimate model parameters (epsilon = 0.100)
1. Initial log-likelihood: -88705.754
Optimal log-likelihood: -88276.496
Rate parameters:  A-C: 1.00000  A-G: 1.00000  A-T: 1.00000  C-G: 1.00000  C-T: 1.00000  G-T: 1.00000
Base frequencies:  A: 0.250  C: 0.250  G: 0.250  T: 0.250
Parameters optimization took 1 rounds (0.009 sec)
Wrote distance file to... 
Computing ML distances based on estimated model parameters...
Calculating distance matrix: done in 0.00130606 secs using 99.31% CPU
Computing ML distances took 0.001443 sec (of wall-clock time) 0.001424 sec (of CPU time)
WARNING: Some pairwise ML distances are too long (saturated)
Setting up auxiliary I and S matrices: done in 2.40803e-05 secs using 83.06% CPU
Constructing RapidNJ tree: done in 4.50611e-05 secs using 157.6% CPU
Computing RapidNJ tree took 0.000091 sec (of wall-clock time) 0.000112 sec (of CPU time)
Log-likelihood of RapidNJ tree: -89702.583
--------------------------------------------------------------------
|             INITIALIZING CANDIDATE TREE SET                      |
--------------------------------------------------------------------
Generating 98 parsimony trees... 0.299 second
Computing log-likelihood of 98 initial trees ... 0.237 seconds
Current best score: -88276.496

Do NNI search on 20 best initial trees
Estimate model parameters (epsilon = 0.100)
BETTER TREE FOUND at iteration 1: -88270.931
Iteration 10 / LogL: -88569.146 / Time: 0h:0m:17s
Iteration 20 / LogL: -88270.971 / Time: 0h:0m:17s
Finish initializing candidate tree set (11)
Current best tree score: -88270.931 / CPU time: 1.223
Number of iterations: 20
--------------------------------------------------------------------
|               OPTIMIZING CANDIDATE TREE SET                      |
--------------------------------------------------------------------
Iteration 30 / LogL: -88309.435 / Time: 0h:0m:18s (0h:0m:45s left)
Iteration 40 / LogL: -88271.074 / Time: 0h:0m:18s (0h:0m:29s left)
Iteration 50 / LogL: -88306.626 / Time: 0h:0m:19s (0h:0m:20s left)
Iteration 60 / LogL: -88271.049 / Time: 0h:0m:19s (0h:0m:13s left)
Iteration 70 / LogL: -88435.057 / Time: 0h:0m:20s (0h:0m:9s left)
Iteration 80 / LogL: -88307.252 / Time: 0h:0m:20s (0h:0m:5s left)
Iteration 90 / LogL: -88272.707 / Time: 0h:0m:21s (0h:0m:2s left)
Iteration 100 / LogL: -88271.514 / Time: 0h:0m:21s (0h:0m:0s left)
TREE SEARCH COMPLETED AFTER 102 ITERATIONS / Time: 0h:0m:21s

--------------------------------------------------------------------
|                    FINALIZING TREE SEARCH                        |
--------------------------------------------------------------------
Performs final model parameters optimization
Estimate model parameters (epsilon = 0.010)
1. Initial log-likelihood: -88270.931
Optimal log-likelihood: -88270.928
Rate parameters:  A-C: 1.00000  A-G: 1.00000  A-T: 1.00000  C-G: 1.00000  C-T: 1.00000  G-T: 1.00000
Base frequencies:  A: 0.250  C: 0.250  G: 0.250  T: 0.250
Parameters optimization took 1 rounds (0.003 sec)
BEST SCORE FOUND : -88270.928
Total tree length: 16.114

Total number of iterations: 102
CPU time used for tree search: 4.850 sec (0h:0m:4s)
Wall-clock time used for tree search: 4.881 sec (0h:0m:4s)
Total CPU time used: 22.873 sec (0h:0m:22s)
Total wall-clock time used: 21.580 sec (0h:0m:21s)

Analysis results written to: 
  IQ-TREE report:                exp_baseline/m50_sel500_rep2/iqtree_out.iqtree
  Maximum-likelihood tree:       exp_baseline/m50_sel500_rep2/iqtree_out.treefile
  Likelihood distances:          exp_baseline/m50_sel500_rep2/iqtree_out.mldist
  Screen log file:               exp_baseline/m50_sel500_rep2/iqtree_out.log

Date and Time: Tue May 12 14:57:35 2026
