IQ-TREE version 3.1.1 for MacOS ARM 64-bit built Apr  8 2026
Developed by Bui Quang Minh, Thomas Wong, Nhan Ly-Trong, Huaiyan Ren
Contributed by Lam-Tung Nguyen, Dominik Schrempf, Chris Bielow,
Olga Chernomor, Michael Woodhams, Diep Thi Hoang, Heiko Schmidt

Host:    Noutbuk-maria.local (SSE4.2, 16 GB RAM)
Command: iqtree -s exp_baseline/m2_sel200_rep2/combined.fasta -m JC -nt AUTO -pre exp_baseline/m2_sel200_rep2/iqtree_out -seed 200442 -redo
Seed:    200442 (Using SPRNG - Scalable Parallel Random Number Generator)
Time:    Tue May 12 14:06:43 2026
Kernel:  SSE2 - auto-detect threads (8 CPU cores detected)

Reading alignment file exp_baseline/m2_sel200_rep2/combined.fasta ... Fasta format detected
Reading fasta file: done in 0.000524998 secs using 90.86% CPU
Alignment most likely contains DNA/RNA sequences
Constructing alignment: done in 0.00100613 secs using 57.05% CPU
Alignment has 30 sequences with 2200 columns, 2016 distinct patterns
2145 parsimony-informative, 0 singleton sites, 55 constant sites
          Gap/Ambiguity  Composition  p-value
Analyzing sequences: done in 6.29425e-05 secs using 171.6% CPU
   1  taxon_1     0.00%    passed     75.03%
   2  taxon_2     0.00%    passed     55.26%
   3  taxon_3     0.00%    passed     44.86%
   4  taxon_4     0.00%    passed     19.18%
   5  taxon_5     0.00%    passed     92.02%
   6  taxon_6     0.00%    passed     83.92%
   7  taxon_7     0.00%    passed     65.73%
   8  taxon_8     0.00%    passed     85.86%
   9  taxon_9     0.00%    passed     35.04%
  10  taxon_10    0.00%    passed     46.67%
  11  taxon_11    0.00%    passed     72.00%
  12  taxon_12    0.00%    passed     65.87%
  13  taxon_13    0.00%    passed     48.69%
  14  taxon_14    0.00%    passed     87.70%
  15  taxon_15    0.00%    passed     10.86%
  16  taxon_16    0.00%    passed     47.10%
  17  taxon_17    0.00%    passed     59.13%
  18  taxon_18    0.00%    passed     27.31%
  19  taxon_19    0.00%    passed     88.74%
  20  taxon_20    0.00%    passed     51.07%
  21  taxon_21    0.00%    passed     35.02%
  22  taxon_22    0.00%    passed     15.01%
  23  taxon_23    0.00%    passed     49.71%
  24  taxon_24    0.00%    passed     74.21%
  25  taxon_25    0.00%    passed     42.00%
  26  taxon_26    0.00%    passed     37.39%
  27  taxon_27    0.00%    passed     32.34%
  28  taxon_28    0.00%    passed     90.95%
  29  taxon_29    0.00%    passed     84.95%
  30  taxon_30    0.00%    failed      0.68%
****  TOTAL       0.00%  1 sequences failed composition chi2 test (p-value<5%; df=3)
Checking for duplicate sequences: done in 0.000128031 secs using 93.73% CPU

Create initial parsimony tree by phylogenetic likelihood library (PLL)... 0.002 seconds

NOTE: 1 MB RAM (0 GB) is required!
Measuring multi-threading efficiency up to 8 CPU cores
Increase to 10 rounds for branch lengths
394 trees examined
Threads: 1 / Time: 8.016 sec / Speedup: 1.000 / Efficiency: 100% / LogL: -87011
Threads: 2 / Time: 8.772 sec / Speedup: 0.914 / Efficiency: 46% / LogL: -87011
Determining AUTO threadcount: done in 16.7876 secs using 108.5% CPU
BEST NUMBER OF THREADS: 1

Estimate model parameters (epsilon = 0.100)
1. Initial log-likelihood: -83994.368
Optimal log-likelihood: -83343.047
Rate parameters:  A-C: 1.00000  A-G: 1.00000  A-T: 1.00000  C-G: 1.00000  C-T: 1.00000  G-T: 1.00000
Base frequencies:  A: 0.250  C: 0.250  G: 0.250  T: 0.250
Parameters optimization took 1 rounds (0.022 sec)
Wrote distance file to... 
Computing ML distances based on estimated model parameters...
Calculating distance matrix: done in 0.00153399 secs using 99.41% CPU
Computing ML distances took 0.001672 sec (of wall-clock time) 0.001652 sec (of CPU time)
WARNING: Some pairwise ML distances are too long (saturated)
Setting up auxiliary I and S matrices: done in 2.5034e-05 secs using 75.9% CPU
Constructing RapidNJ tree: done in 5.00679e-05 secs using 87.88% CPU
Computing RapidNJ tree took 0.000101 sec (of wall-clock time) 0.000072 sec (of CPU time)
Log-likelihood of RapidNJ tree: -83412.503
--------------------------------------------------------------------
|             INITIALIZING CANDIDATE TREE SET                      |
--------------------------------------------------------------------
Generating 98 parsimony trees... 0.276 second
Computing log-likelihood of 98 initial trees ... 0.236 seconds
Current best score: -83343.047

Do NNI search on 20 best initial trees
Estimate model parameters (epsilon = 0.100)
BETTER TREE FOUND at iteration 1: -83268.943
Estimate model parameters (epsilon = 0.100)
BETTER TREE FOUND at iteration 2: -83160.693
Iteration 10 / LogL: -83241.341 / Time: 0h:0m:17s
Estimate model parameters (epsilon = 0.100)
UPDATE BEST LOG-LIKELIHOOD: -83158.710
Iteration 20 / LogL: -83188.260 / Time: 0h:0m:18s
Finish initializing candidate tree set (13)
Current best tree score: -83158.710 / CPU time: 1.502
Number of iterations: 20
--------------------------------------------------------------------
|               OPTIMIZING CANDIDATE TREE SET                      |
--------------------------------------------------------------------
Iteration 30 / LogL: -83189.503 / Time: 0h:0m:18s (0h:0m:46s left)
Estimate model parameters (epsilon = 0.100)
UPDATE BEST LOG-LIKELIHOOD: -83158.647
Iteration 40 / LogL: -83158.697 / Time: 0h:0m:19s (0h:0m:30s left)
Iteration 50 / LogL: -83159.011 / Time: 0h:0m:19s (0h:0m:21s left)
Iteration 60 / LogL: -83161.375 / Time: 0h:0m:20s (0h:0m:14s left)
Iteration 70 / LogL: -83161.268 / Time: 0h:0m:20s (0h:0m:9s left)
Iteration 80 / LogL: -83168.890 / Time: 0h:0m:21s (0h:0m:5s left)
Iteration 90 / LogL: -83161.091 / Time: 0h:0m:21s (0h:0m:2s left)
UPDATE BEST LOG-LIKELIHOOD: -83158.645
Iteration 100 / LogL: -83168.858 / Time: 0h:0m:22s (0h:0m:0s left)
TREE SEARCH COMPLETED AFTER 103 ITERATIONS / Time: 0h:0m:22s

--------------------------------------------------------------------
|                    FINALIZING TREE SEARCH                        |
--------------------------------------------------------------------
Performs final model parameters optimization
Estimate model parameters (epsilon = 0.010)
1. Initial log-likelihood: -83158.645
Optimal log-likelihood: -83158.644
Rate parameters:  A-C: 1.00000  A-G: 1.00000  A-T: 1.00000  C-G: 1.00000  C-T: 1.00000  G-T: 1.00000
Base frequencies:  A: 0.250  C: 0.250  G: 0.250  T: 0.250
Parameters optimization took 1 rounds (0.003 sec)
BEST SCORE FOUND : -83158.644
Total tree length: 21.611

Total number of iterations: 103
CPU time used for tree search: 5.668 sec (0h:0m:5s)
Wall-clock time used for tree search: 5.676 sec (0h:0m:5s)
Total CPU time used: 23.941 sec (0h:0m:23s)
Total wall-clock time used: 22.521 sec (0h:0m:22s)

Analysis results written to: 
  IQ-TREE report:                exp_baseline/m2_sel200_rep2/iqtree_out.iqtree
  Maximum-likelihood tree:       exp_baseline/m2_sel200_rep2/iqtree_out.treefile
  Likelihood distances:          exp_baseline/m2_sel200_rep2/iqtree_out.mldist
  Screen log file:               exp_baseline/m2_sel200_rep2/iqtree_out.log

Date and Time: Tue May 12 14:07:06 2026
