IQ-TREE version 3.1.1 for MacOS ARM 64-bit built Apr  8 2026
Developed by Bui Quang Minh, Thomas Wong, Nhan Ly-Trong, Huaiyan Ren
Contributed by Lam-Tung Nguyen, Dominik Schrempf, Chris Bielow,
Olga Chernomor, Michael Woodhams, Diep Thi Hoang, Heiko Schmidt

Host:    Noutbuk-maria.local (SSE4.2, 16 GB RAM)
Command: iqtree -s exp_baseline/m50_sel500_rep5/combined.fasta -m JC -nt AUTO -pre exp_baseline/m50_sel500_rep5/iqtree_out -seed 505542 -redo
Seed:    505542 (Using SPRNG - Scalable Parallel Random Number Generator)
Time:    Tue May 12 14:58:33 2026
Kernel:  SSE2 - auto-detect threads (8 CPU cores detected)

Reading alignment file exp_baseline/m50_sel500_rep5/combined.fasta ... Fasta format detected
Reading fasta file: done in 0.000598907 secs using 91.33% CPU
Alignment most likely contains DNA/RNA sequences
Constructing alignment: done in 0.00111103 secs using 57.15% CPU
Alignment has 30 sequences with 2500 columns, 2015 distinct patterns
2490 parsimony-informative, 0 singleton sites, 10 constant sites
          Gap/Ambiguity  Composition  p-value
Analyzing sequences: done in 6.00815e-05 secs using 186.4% CPU
   1  taxon_1     0.00%    passed     75.02%
   2  taxon_2     0.00%    passed     80.49%
   3  taxon_3     0.00%    passed     85.69%
   4  taxon_4     0.00%    passed     88.12%
   5  taxon_5     0.00%    passed     35.26%
   6  taxon_6     0.00%    passed     70.04%
   7  taxon_7     0.00%    passed     90.77%
   8  taxon_8     0.00%    passed      8.12%
   9  taxon_9     0.00%    passed     96.34%
  10  taxon_10    0.00%    passed     86.58%
  11  taxon_11    0.00%    passed     93.50%
  12  taxon_12    0.00%    passed     76.52%
  13  taxon_13    0.00%    passed     44.80%
  14  taxon_14    0.00%    passed     72.22%
  15  taxon_15    0.00%    passed     46.18%
  16  taxon_16    0.00%    passed     35.76%
  17  taxon_17    0.00%    passed     69.77%
  18  taxon_18    0.00%    passed      8.40%
  19  taxon_19    0.00%    passed     40.49%
  20  taxon_20    0.00%    passed     40.82%
  21  taxon_21    0.00%    passed     10.49%
  22  taxon_22    0.00%    passed     61.90%
  23  taxon_23    0.00%    passed     57.95%
  24  taxon_24    0.00%    passed     13.33%
  25  taxon_25    0.00%    passed     51.41%
  26  taxon_26    0.00%    passed     48.41%
  27  taxon_27    0.00%    passed     34.75%
  28  taxon_28    0.00%    passed     14.56%
  29  taxon_29    0.00%    passed     80.68%
  30  taxon_30    0.00%    passed     37.35%
****  TOTAL       0.00%  0 sequences failed composition chi2 test (p-value<5%; df=3)
Checking for duplicate sequences: done in 0.000137091 secs using 88.26% CPU

Create initial parsimony tree by phylogenetic likelihood library (PLL)... 0.002 seconds

NOTE: 1 MB RAM (0 GB) is required!
Measuring multi-threading efficiency up to 8 CPU cores
Increase to 10 rounds for branch lengths
392 trees examined
Threads: 1 / Time: 8.009 sec / Speedup: 1.000 / Efficiency: 100% / LogL: -94776
Threads: 2 / Time: 8.556 sec / Speedup: 0.936 / Efficiency: 47% / LogL: -94776
Determining AUTO threadcount: done in 16.5651 secs using 108.4% CPU
BEST NUMBER OF THREADS: 1

Estimate model parameters (epsilon = 0.100)
1. Initial log-likelihood: -89869.696
Optimal log-likelihood: -89370.549
Rate parameters:  A-C: 1.00000  A-G: 1.00000  A-T: 1.00000  C-G: 1.00000  C-T: 1.00000  G-T: 1.00000
Base frequencies:  A: 0.250  C: 0.250  G: 0.250  T: 0.250
Parameters optimization took 1 rounds (0.014 sec)
Wrote distance file to... 
Computing ML distances based on estimated model parameters...
Calculating distance matrix: done in 0.00130796 secs using 99.31% CPU
Computing ML distances took 0.001447 sec (of wall-clock time) 0.001426 sec (of CPU time)
WARNING: Some pairwise ML distances are too long (saturated)
Setting up auxiliary I and S matrices: done in 2.5034e-05 secs using 71.9% CPU
Constructing RapidNJ tree: done in 4.50611e-05 secs using 170.9% CPU
Computing RapidNJ tree took 0.000093 sec (of wall-clock time) 0.000108 sec (of CPU time)
Log-likelihood of RapidNJ tree: -90105.821
--------------------------------------------------------------------
|             INITIALIZING CANDIDATE TREE SET                      |
--------------------------------------------------------------------
Generating 98 parsimony trees... 0.281 second
Computing log-likelihood of 98 initial trees ... 0.243 seconds
Current best score: -89370.549

Do NNI search on 20 best initial trees
Estimate model parameters (epsilon = 0.100)
BETTER TREE FOUND at iteration 1: -89344.705
Estimate model parameters (epsilon = 0.100)
BETTER TREE FOUND at iteration 2: -89331.374
Estimate model parameters (epsilon = 0.100)
BETTER TREE FOUND at iteration 4: -89297.503
Iteration 10 / LogL: -89371.499 / Time: 0h:0m:17s
Iteration 20 / LogL: -89392.610 / Time: 0h:0m:17s
Finish initializing candidate tree set (13)
Current best tree score: -89297.503 / CPU time: 1.151
Number of iterations: 20
--------------------------------------------------------------------
|               OPTIMIZING CANDIDATE TREE SET                      |
--------------------------------------------------------------------
Estimate model parameters (epsilon = 0.100)
BETTER TREE FOUND at iteration 26: -89289.485
Estimate model parameters (epsilon = 0.100)
BETTER TREE FOUND at iteration 27: -89284.097
Iteration 30 / LogL: -89299.574 / Time: 0h:0m:18s (0h:1m:0s left)
Iteration 40 / LogL: -89299.329 / Time: 0h:0m:18s (0h:0m:41s left)
Iteration 50 / LogL: -89284.731 / Time: 0h:0m:19s (0h:0m:30s left)
Iteration 60 / LogL: -89288.846 / Time: 0h:0m:19s (0h:0m:22s left)
Iteration 70 / LogL: -89297.751 / Time: 0h:0m:20s (0h:0m:16s left)
Iteration 80 / LogL: -89289.187 / Time: 0h:0m:20s (0h:0m:12s left)
Iteration 90 / LogL: -89284.206 / Time: 0h:0m:21s (0h:0m:8s left)
Iteration 100 / LogL: -89289.089 / Time: 0h:0m:21s (0h:0m:5s left)
Iteration 110 / LogL: -89284.497 / Time: 0h:0m:21s (0h:0m:3s left)
Iteration 120 / LogL: -89320.192 / Time: 0h:0m:22s (0h:0m:1s left)
TREE SEARCH COMPLETED AFTER 128 ITERATIONS / Time: 0h:0m:22s

--------------------------------------------------------------------
|                    FINALIZING TREE SEARCH                        |
--------------------------------------------------------------------
Performs final model parameters optimization
Estimate model parameters (epsilon = 0.010)
1. Initial log-likelihood: -89284.097
Optimal log-likelihood: -89284.096
Rate parameters:  A-C: 1.00000  A-G: 1.00000  A-T: 1.00000  C-G: 1.00000  C-T: 1.00000  G-T: 1.00000
Base frequencies:  A: 0.250  C: 0.250  G: 0.250  T: 0.250
Parameters optimization took 1 rounds (0.004 sec)
BEST SCORE FOUND : -89284.096
Total tree length: 17.332

Total number of iterations: 128
CPU time used for tree search: 6.315 sec (0h:0m:6s)
Wall-clock time used for tree search: 6.336 sec (0h:0m:6s)
Total CPU time used: 24.318 sec (0h:0m:24s)
Total wall-clock time used: 22.943 sec (0h:0m:22s)

Analysis results written to: 
  IQ-TREE report:                exp_baseline/m50_sel500_rep5/iqtree_out.iqtree
  Maximum-likelihood tree:       exp_baseline/m50_sel500_rep5/iqtree_out.treefile
  Likelihood distances:          exp_baseline/m50_sel500_rep5/iqtree_out.mldist
  Screen log file:               exp_baseline/m50_sel500_rep5/iqtree_out.log

Date and Time: Tue May 12 14:58:56 2026
