IQ-TREE version 3.1.1 for MacOS ARM 64-bit built Apr  8 2026
Developed by Bui Quang Minh, Thomas Wong, Nhan Ly-Trong, Huaiyan Ren
Contributed by Lam-Tung Nguyen, Dominik Schrempf, Chris Bielow,
Olga Chernomor, Michael Woodhams, Diep Thi Hoang, Heiko Schmidt

Host:    Noutbuk-maria.local (SSE4.2, 16 GB RAM)
Command: iqtree -s exp_baseline/m1_sel0_rep2/combined.fasta -m JC -nt AUTO -pre exp_baseline/m1_sel0_rep2/iqtree_out -seed 342 -redo
Seed:    342 (Using SPRNG - Scalable Parallel Random Number Generator)
Time:    Tue May 12 13:49:16 2026
Kernel:  SSE2 - auto-detect threads (8 CPU cores detected)

Reading alignment file exp_baseline/m1_sel0_rep2/combined.fasta ... Fasta format detected
Reading fasta file: done in 0.000490904 secs using 90.65% CPU
NOTE: Change sequence name 'taxon 1' -> taxon_1
NOTE: Change sequence name 'taxon 2' -> taxon_2
NOTE: Change sequence name 'taxon 3' -> taxon_3
NOTE: Change sequence name 'taxon 4' -> taxon_4
NOTE: Change sequence name 'taxon 5' -> taxon_5
NOTE: Change sequence name 'taxon 6' -> taxon_6
NOTE: Change sequence name 'taxon 7' -> taxon_7
NOTE: Change sequence name 'taxon 8' -> taxon_8
NOTE: Change sequence name 'taxon 9' -> taxon_9
NOTE: Change sequence name 'taxon 10' -> taxon_10
NOTE: Change sequence name 'taxon 11' -> taxon_11
NOTE: Change sequence name 'taxon 12' -> taxon_12
NOTE: Change sequence name 'taxon 13' -> taxon_13
NOTE: Change sequence name 'taxon 14' -> taxon_14
NOTE: Change sequence name 'taxon 15' -> taxon_15
NOTE: Change sequence name 'taxon 16' -> taxon_16
NOTE: Change sequence name 'taxon 17' -> taxon_17
NOTE: Change sequence name 'taxon 18' -> taxon_18
NOTE: Change sequence name 'taxon 19' -> taxon_19
NOTE: Change sequence name 'taxon 20' -> taxon_20
NOTE: Change sequence name 'taxon 21' -> taxon_21
NOTE: Change sequence name 'taxon 22' -> taxon_22
NOTE: Change sequence name 'taxon 23' -> taxon_23
NOTE: Change sequence name 'taxon 24' -> taxon_24
NOTE: Change sequence name 'taxon 25' -> taxon_25
NOTE: Change sequence name 'taxon 26' -> taxon_26
NOTE: Change sequence name 'taxon 27' -> taxon_27
NOTE: Change sequence name 'taxon 28' -> taxon_28
NOTE: Change sequence name 'taxon 29' -> taxon_29
NOTE: Change sequence name 'taxon 30' -> taxon_30
Alignment most likely contains DNA/RNA sequences
Constructing alignment: done in 0.000962973 secs using 56.8% CPU
Alignment has 30 sequences with 2000 columns, 2000 distinct patterns
2000 parsimony-informative, 0 singleton sites, 0 constant sites
          Gap/Ambiguity  Composition  p-value
Analyzing sequences: done in 7.58171e-05 secs using 158.3% CPU
   1  taxon_1     0.00%    passed     49.45%
   2  taxon_2     0.00%    passed     40.26%
   3  taxon_3     0.00%    passed     92.82%
   4  taxon_4     0.00%    passed     16.44%
   5  taxon_5     0.00%    passed     85.18%
   6  taxon_6     0.00%    passed     96.65%
   7  taxon_7     0.00%    passed     31.93%
   8  taxon_8     0.00%    passed     97.76%
   9  taxon_9     0.00%    passed     18.68%
  10  taxon_10    0.00%    passed     20.82%
  11  taxon_11    0.00%    passed     65.03%
  12  taxon_12    0.00%    passed     67.15%
  13  taxon_13    0.00%    passed     73.07%
  14  taxon_14    0.00%    failed      0.47%
  15  taxon_15    0.00%    passed     98.92%
  16  taxon_16    0.00%    passed     28.35%
  17  taxon_17    0.00%    failed      1.99%
  18  taxon_18    0.00%    passed     77.04%
  19  taxon_19    0.00%    passed     44.04%
  20  taxon_20    0.00%    passed     94.61%
  21  taxon_21    0.00%    passed     22.32%
  22  taxon_22    0.00%    passed     26.71%
  23  taxon_23    0.00%    passed     99.70%
  24  taxon_24    0.00%    passed     31.93%
  25  taxon_25    0.00%    passed     59.14%
  26  taxon_26    0.00%    passed     13.25%
  27  taxon_27    0.00%    passed     77.73%
  28  taxon_28    0.00%    failed      2.96%
  29  taxon_29    0.00%    passed     34.52%
  30  taxon_30    0.00%    passed     97.15%
****  TOTAL       0.00%  3 sequences failed composition chi2 test (p-value<5%; df=3)
Checking for duplicate sequences: done in 0.00013113 secs using 93.04% CPU

Create initial parsimony tree by phylogenetic likelihood library (PLL)... 0.002 seconds

NOTE: 1 MB RAM (0 GB) is required!
Measuring multi-threading efficiency up to 8 CPU cores
Increase to 10 rounds for branch lengths
387 trees examined
Threads: 1 / Time: 8.013 sec / Speedup: 1.000 / Efficiency: 100% / LogL: -79575
Threads: 2 / Time: 8.912 sec / Speedup: 0.899 / Efficiency: 45% / LogL: -79575
Determining AUTO threadcount: done in 16.9246 secs using 107.8% CPU
BEST NUMBER OF THREADS: 1

Estimate model parameters (epsilon = 0.100)
1. Initial log-likelihood: -76908.134
Optimal log-likelihood: -76384.716
Rate parameters:  A-C: 1.00000  A-G: 1.00000  A-T: 1.00000  C-G: 1.00000  C-T: 1.00000  G-T: 1.00000
Base frequencies:  A: 0.250  C: 0.250  G: 0.250  T: 0.250
Parameters optimization took 1 rounds (0.014 sec)
Wrote distance file to... 
Computing ML distances based on estimated model parameters...
Calculating distance matrix: done in 0.00121617 secs using 98.75% CPU
Computing ML distances took 0.001353 sec (of wall-clock time) 0.001328 sec (of CPU time)
WARNING: Some pairwise ML distances are too long (saturated)
Setting up auxiliary I and S matrices: done in 2.40803e-05 secs using 78.9% CPU
Constructing RapidNJ tree: done in 4.88758e-05 secs using 157.5% CPU
Computing RapidNJ tree took 0.000099 sec (of wall-clock time) 0.000123 sec (of CPU time)
Log-likelihood of RapidNJ tree: -76447.027
--------------------------------------------------------------------
|             INITIALIZING CANDIDATE TREE SET                      |
--------------------------------------------------------------------
Generating 98 parsimony trees... 0.270 second
Computing log-likelihood of 98 initial trees ... 0.247 seconds
Current best score: -76384.716

Do NNI search on 20 best initial trees
Estimate model parameters (epsilon = 0.100)
BETTER TREE FOUND at iteration 1: -76378.730
Estimate model parameters (epsilon = 0.100)
BETTER TREE FOUND at iteration 2: -76378.206
Estimate model parameters (epsilon = 0.100)
UPDATE BEST LOG-LIKELIHOOD: -76377.658
Iteration 10 / LogL: -76379.797 / Time: 0h:0m:18s
Iteration 20 / LogL: -76378.384 / Time: 0h:0m:18s
Finish initializing candidate tree set (10)
Current best tree score: -76377.658 / CPU time: 1.733
Number of iterations: 20
--------------------------------------------------------------------
|               OPTIMIZING CANDIDATE TREE SET                      |
--------------------------------------------------------------------
Iteration 30 / LogL: -76378.688 / Time: 0h:0m:19s (0h:0m:48s left)
Iteration 40 / LogL: -76379.293 / Time: 0h:0m:20s (0h:0m:32s left)
Iteration 50 / LogL: -76379.729 / Time: 0h:0m:21s (0h:0m:22s left)
Iteration 60 / LogL: -76378.689 / Time: 0h:0m:22s (0h:0m:15s left)
Iteration 70 / LogL: -76380.932 / Time: 0h:0m:23s (0h:0m:10s left)
Iteration 80 / LogL: -76469.151 / Time: 0h:0m:24s (0h:0m:6s left)
Iteration 90 / LogL: -76382.832 / Time: 0h:0m:25s (0h:0m:3s left)
Iteration 100 / LogL: -76458.710 / Time: 0h:0m:26s (0h:0m:0s left)
TREE SEARCH COMPLETED AFTER 103 ITERATIONS / Time: 0h:0m:26s

--------------------------------------------------------------------
|                    FINALIZING TREE SEARCH                        |
--------------------------------------------------------------------
Performs final model parameters optimization
Estimate model parameters (epsilon = 0.010)
1. Initial log-likelihood: -76377.658
Optimal log-likelihood: -76377.592
Rate parameters:  A-C: 1.00000  A-G: 1.00000  A-T: 1.00000  C-G: 1.00000  C-T: 1.00000  G-T: 1.00000
Base frequencies:  A: 0.250  C: 0.250  G: 0.250  T: 0.250
Parameters optimization took 1 rounds (0.008 sec)
BEST SCORE FOUND : -76377.592
Total tree length: 24.643

Total number of iterations: 103
CPU time used for tree search: 9.075 sec (0h:0m:9s)
Wall-clock time used for tree search: 9.113 sec (0h:0m:9s)
Total CPU time used: 27.515 sec (0h:0m:27s)
Total wall-clock time used: 26.234 sec (0h:0m:26s)

Analysis results written to: 
  IQ-TREE report:                exp_baseline/m1_sel0_rep2/iqtree_out.iqtree
  Maximum-likelihood tree:       exp_baseline/m1_sel0_rep2/iqtree_out.treefile
  Likelihood distances:          exp_baseline/m1_sel0_rep2/iqtree_out.mldist
  Screen log file:               exp_baseline/m1_sel0_rep2/iqtree_out.log

Date and Time: Tue May 12 13:49:42 2026
