IQ-TREE version 3.1.1 for MacOS ARM 64-bit built Apr  8 2026
Developed by Bui Quang Minh, Thomas Wong, Nhan Ly-Trong, Huaiyan Ren
Contributed by Lam-Tung Nguyen, Dominik Schrempf, Chris Bielow,
Olga Chernomor, Michael Woodhams, Diep Thi Hoang, Heiko Schmidt

Host:    Noutbuk-maria.local (SSE4.2, 16 GB RAM)
Command: iqtree -s exp_stable_0.0001/m0_sel1_rep5/neutral.fasta -m JC -nt AUTO -pre exp_stable_0.0001/m0_sel1_rep5/iqtree_out -seed 1542 -redo
Seed:    1542 (Using SPRNG - Scalable Parallel Random Number Generator)
Time:    Mon May 18 14:21:33 2026
Kernel:  SSE2 - auto-detect threads (8 CPU cores detected)

Reading alignment file exp_stable_0.0001/m0_sel1_rep5/neutral.fasta ... Fasta format detected
Reading fasta file: done in 0.00117993 secs using 89.41% CPU
Alignment most likely contains DNA/RNA sequences
Constructing alignment: done in 0.00134897 secs using 57.08% CPU
Alignment has 50 sequences with 3000 columns, 829 distinct patterns
458 parsimony-informative, 778 singleton sites, 1764 constant sites
          Gap/Ambiguity  Composition  p-value
Analyzing sequences: done in 5.38826e-05 secs using 139.2% CPU
   1  taxon_1     0.00%    passed     99.24%
   2  taxon_2     0.00%    passed     96.57%
   3  taxon_3     0.00%    passed     99.72%
   4  taxon_4     0.00%    passed     95.92%
   5  taxon_5     0.00%    passed     96.60%
   6  taxon_6     0.00%    passed     97.15%
   7  taxon_7     0.00%    passed     99.61%
   8  taxon_8     0.00%    passed     99.48%
   9  taxon_9     0.00%    passed     99.22%
  10  taxon_10    0.00%    passed     98.34%
  11  taxon_11    0.00%    passed     99.18%
  12  taxon_12    0.00%    passed     98.68%
  13  taxon_13    0.00%    passed     99.26%
  14  taxon_14    0.00%    passed     98.77%
  15  taxon_15    0.00%    passed     99.52%
  16  taxon_16    0.00%    passed     99.67%
  17  taxon_17    0.00%    passed     99.90%
  18  taxon_18    0.00%    passed     99.83%
  19  taxon_19    0.00%    passed     97.43%
  20  taxon_20    0.00%    passed     98.95%
  21  taxon_21    0.00%    passed     99.35%
  22  taxon_22    0.00%    passed     99.85%
  23  taxon_23    0.00%    passed     99.99%
  24  taxon_24    0.00%    passed     97.99%
  25  taxon_25    0.00%    passed     95.11%
  26  taxon_26    0.00%    passed     98.91%
  27  taxon_27    0.00%    passed     94.69%
  28  taxon_28    0.00%    passed     99.55%
  29  taxon_29    0.00%    passed     98.80%
  30  taxon_30    0.00%    passed     99.42%
  31  taxon_31    0.00%    passed     99.07%
  32  taxon_32    0.00%    passed     99.81%
  33  taxon_33    0.00%    passed     98.89%
  34  taxon_34    0.00%    passed     99.32%
  35  taxon_35    0.00%    passed     99.09%
  36  taxon_36    0.00%    passed     99.57%
  37  taxon_37    0.00%    passed     88.24%
  38  taxon_38    0.00%    passed     97.79%
  39  taxon_39    0.00%    passed     97.12%
  40  taxon_40    0.00%    passed     99.81%
  41  taxon_41    0.00%    passed     99.94%
  42  taxon_42    0.00%    passed     99.96%
  43  taxon_43    0.00%    passed     99.00%
  44  taxon_44    0.00%    passed     99.34%
  45  taxon_45    0.00%    passed     99.87%
  46  taxon_46    0.00%    passed     82.04%
  47  taxon_47    0.00%    passed     98.10%
  48  taxon_48    0.00%    passed     97.31%
  49  taxon_49    0.00%    passed     96.70%
  50  taxon_50    0.00%    passed     99.39%
****  TOTAL       0.00%  0 sequences failed composition chi2 test (p-value<5%; df=3)
Checking for duplicate sequences: done in 0.000114918 secs using 83.54% CPU

Create initial parsimony tree by phylogenetic likelihood library (PLL)... 0.002 seconds

NOTE: 1 MB RAM (0 GB) is required!
Measuring multi-threading efficiency up to 8 CPU cores
Increase to 10 rounds for branch lengths
996 trees examined
Threads: 1 / Time: 8.000 sec / Speedup: 1.000 / Efficiency: 100% / LogL: -21445
Threads: 2 / Time: 9.747 sec / Speedup: 0.821 / Efficiency: 41% / LogL: -21445
Determining AUTO threadcount: done in 17.7474 secs using 105.4% CPU
BEST NUMBER OF THREADS: 1

Estimate model parameters (epsilon = 0.100)
1. Initial log-likelihood: -14999.583
Optimal log-likelihood: -14998.845
Rate parameters:  A-C: 1.00000  A-G: 1.00000  A-T: 1.00000  C-G: 1.00000  C-T: 1.00000  G-T: 1.00000
Base frequencies:  A: 0.250  C: 0.250  G: 0.250  T: 0.250
Parameters optimization took 1 rounds (0.003 sec)
Wrote distance file to... 
Computing ML distances based on estimated model parameters...
Calculating distance matrix: done in 0.00307488 secs using 84.04% CPU
Computing ML distances took 0.003175 sec (of wall-clock time) 0.002670 sec (of CPU time)
Setting up auxiliary I and S matrices: done in 4.48227e-05 secs using 98.16% CPU
Constructing RapidNJ tree: done in 0.000102997 secs using 177.7% CPU
Computing RapidNJ tree took 0.000168 sec (of wall-clock time) 0.000242 sec (of CPU time)
Log-likelihood of RapidNJ tree: -15037.551
--------------------------------------------------------------------
|             INITIALIZING CANDIDATE TREE SET                      |
--------------------------------------------------------------------
Generating 98 parsimony trees... 0.190 second
Computing log-likelihood of 98 initial trees ... 0.172 seconds
Current best score: -14998.845

Do NNI search on 20 best initial trees
Estimate model parameters (epsilon = 0.100)
BETTER TREE FOUND at iteration 1: -14998.845
Iteration 10 / LogL: -14998.845 / Time: 0h:0m:18s
Iteration 20 / LogL: -14998.848 / Time: 0h:0m:18s
Finish initializing candidate tree set (4)
Current best tree score: -14998.845 / CPU time: 0.582
Number of iterations: 20
--------------------------------------------------------------------
|               OPTIMIZING CANDIDATE TREE SET                      |
--------------------------------------------------------------------
Iteration 30 / LogL: -14998.855 / Time: 0h:0m:18s (0h:0m:45s left)
Iteration 40 / LogL: -14998.848 / Time: 0h:0m:18s (0h:0m:29s left)
UPDATE BEST LOG-LIKELIHOOD: -14998.845
Iteration 50 / LogL: -14998.850 / Time: 0h:0m:19s (0h:0m:19s left)
Iteration 60 / LogL: -14998.845 / Time: 0h:0m:19s (0h:0m:13s left)
Iteration 70 / LogL: -14998.851 / Time: 0h:0m:19s (0h:0m:8s left)
UPDATE BEST LOG-LIKELIHOOD: -14998.845
Iteration 80 / LogL: -14998.850 / Time: 0h:0m:19s (0h:0m:5s left)
UPDATE BEST LOG-LIKELIHOOD: -14998.845
Iteration 90 / LogL: -14998.856 / Time: 0h:0m:20s (0h:0m:2s left)
Iteration 100 / LogL: -14998.857 / Time: 0h:0m:20s (0h:0m:0s left)
TREE SEARCH COMPLETED AFTER 102 ITERATIONS / Time: 0h:0m:20s

--------------------------------------------------------------------
|                    FINALIZING TREE SEARCH                        |
--------------------------------------------------------------------
Performs final model parameters optimization
Estimate model parameters (epsilon = 0.010)
1. Initial log-likelihood: -14998.845
Optimal log-likelihood: -14998.845
Rate parameters:  A-C: 1.00000  A-G: 1.00000  A-T: 1.00000  C-G: 1.00000  C-T: 1.00000  G-T: 1.00000
Base frequencies:  A: 0.250  C: 0.250  G: 0.250  T: 0.250
Parameters optimization took 1 rounds (0.002 sec)
BEST SCORE FOUND : -14998.845
Total tree length: 0.522

Total number of iterations: 102
CPU time used for tree search: 2.766 sec (0h:0m:2s)
Wall-clock time used for tree search: 2.769 sec (0h:0m:2s)
Total CPU time used: 21.481 sec (0h:0m:21s)
Total wall-clock time used: 20.539 sec (0h:0m:20s)

Analysis results written to: 
  IQ-TREE report:                exp_stable_0.0001/m0_sel1_rep5/iqtree_out.iqtree
  Maximum-likelihood tree:       exp_stable_0.0001/m0_sel1_rep5/iqtree_out.treefile
  Likelihood distances:          exp_stable_0.0001/m0_sel1_rep5/iqtree_out.mldist
  Screen log file:               exp_stable_0.0001/m0_sel1_rep5/iqtree_out.log

Date and Time: Mon May 18 14:21:53 2026
