IQ-TREE version 3.1.1 for MacOS ARM 64-bit built Apr  8 2026
Developed by Bui Quang Minh, Thomas Wong, Nhan Ly-Trong, Huaiyan Ren
Contributed by Lam-Tung Nguyen, Dominik Schrempf, Chris Bielow,
Olga Chernomor, Michael Woodhams, Diep Thi Hoang, Heiko Schmidt

Host:    Noutbuk-maria.local (SSE4.2, 16 GB RAM)
Command: iqtree -s exp_baseline/m5_sel50_rep3/combined.fasta -m JC -nt AUTO -pre exp_baseline/m5_sel50_rep3/iqtree_out -seed 50842 -redo
Seed:    50842 (Using SPRNG - Scalable Parallel Random Number Generator)
Time:    Tue May 12 14:16:43 2026
Kernel:  SSE2 - auto-detect threads (8 CPU cores detected)

Reading alignment file exp_baseline/m5_sel50_rep3/combined.fasta ... Fasta format detected
Reading fasta file: done in 0.00049305 secs using 90.46% CPU
Alignment most likely contains DNA/RNA sequences
Constructing alignment: done in 0.000962019 secs using 57.69% CPU
Alignment has 30 sequences with 2050 columns, 2015 distinct patterns
2047 parsimony-informative, 0 singleton sites, 3 constant sites
          Gap/Ambiguity  Composition  p-value
Analyzing sequences: done in 5.19753e-05 secs using 238.6% CPU
   1  taxon_1     0.00%    passed     42.55%
   2  taxon_2     0.00%    passed     51.93%
   3  taxon_3     0.00%    passed     45.81%
   4  taxon_4     0.00%    passed     86.78%
   5  taxon_5     0.00%    passed     66.09%
   6  taxon_6     0.00%    passed     68.66%
   7  taxon_7     0.00%    passed     60.93%
   8  taxon_8     0.00%    passed     76.99%
   9  taxon_9     0.00%    passed     74.30%
  10  taxon_10    0.00%    passed     66.21%
  11  taxon_11    0.00%    passed     74.85%
  12  taxon_12    0.00%    passed     45.02%
  13  taxon_13    0.00%    passed     28.81%
  14  taxon_14    0.00%    passed     16.87%
  15  taxon_15    0.00%    passed     79.48%
  16  taxon_16    0.00%    passed     82.95%
  17  taxon_17    0.00%    passed     22.20%
  18  taxon_18    0.00%    passed     69.97%
  19  taxon_19    0.00%    passed     70.75%
  20  taxon_20    0.00%    passed     10.58%
  21  taxon_21    0.00%    passed     48.27%
  22  taxon_22    0.00%    passed     49.48%
  23  taxon_23    0.00%    passed     51.93%
  24  taxon_24    0.00%    passed     44.77%
  25  taxon_25    0.00%    passed     68.27%
  26  taxon_26    0.00%    passed     20.08%
  27  taxon_27    0.00%    passed     23.29%
  28  taxon_28    0.00%    passed     83.20%
  29  taxon_29    0.00%    passed     80.12%
  30  taxon_30    0.00%    passed     45.75%
****  TOTAL       0.00%  0 sequences failed composition chi2 test (p-value<5%; df=3)
Checking for duplicate sequences: done in 0.000128984 secs using 93.03% CPU

Create initial parsimony tree by phylogenetic likelihood library (PLL)... 0.002 seconds

NOTE: 1 MB RAM (0 GB) is required!
Measuring multi-threading efficiency up to 8 CPU cores
Increase to 10 rounds for branch lengths
385 trees examined
Threads: 1 / Time: 8.008 sec / Speedup: 1.000 / Efficiency: 100% / LogL: -80943
Threads: 2 / Time: 8.912 sec / Speedup: 0.899 / Efficiency: 45% / LogL: -80943
Determining AUTO threadcount: done in 16.9194 secs using 107.8% CPU
BEST NUMBER OF THREADS: 1

Estimate model parameters (epsilon = 0.100)
1. Initial log-likelihood: -75588.544
Optimal log-likelihood: -75013.387
Rate parameters:  A-C: 1.00000  A-G: 1.00000  A-T: 1.00000  C-G: 1.00000  C-T: 1.00000  G-T: 1.00000
Base frequencies:  A: 0.250  C: 0.250  G: 0.250  T: 0.250
Parameters optimization took 1 rounds (0.017 sec)
Wrote distance file to... 
Computing ML distances based on estimated model parameters...
Calculating distance matrix: done in 0.00142097 secs using 99.02% CPU
Computing ML distances took 0.001560 sec (of wall-clock time) 0.001535 sec (of CPU time)
WARNING: Some pairwise ML distances are too long (saturated)
Setting up auxiliary I and S matrices: done in 2.40803e-05 secs using 70.6% CPU
Constructing RapidNJ tree: done in 5.22137e-05 secs using 90.01% CPU
Computing RapidNJ tree took 0.000100 sec (of wall-clock time) 0.000072 sec (of CPU time)
Log-likelihood of RapidNJ tree: -75294.201
--------------------------------------------------------------------
|             INITIALIZING CANDIDATE TREE SET                      |
--------------------------------------------------------------------
Generating 98 parsimony trees... 0.268 second
Computing log-likelihood of 98 initial trees ... 0.254 seconds
Current best score: -75013.387

Do NNI search on 20 best initial trees
Estimate model parameters (epsilon = 0.100)
BETTER TREE FOUND at iteration 1: -74968.796
Estimate model parameters (epsilon = 0.100)
BETTER TREE FOUND at iteration 2: -74937.331
Iteration 10 / LogL: -74973.896 / Time: 0h:0m:18s
Estimate model parameters (epsilon = 0.100)
BETTER TREE FOUND at iteration 17: -74929.529
Iteration 20 / LogL: -74944.108 / Time: 0h:0m:19s
Finish initializing candidate tree set (19)
Current best tree score: -74929.529 / CPU time: 2.016
Number of iterations: 20
--------------------------------------------------------------------
|               OPTIMIZING CANDIDATE TREE SET                      |
--------------------------------------------------------------------
Iteration 30 / LogL: -75009.169 / Time: 0h:0m:19s (0h:0m:59s left)
Iteration 40 / LogL: -74949.103 / Time: 0h:0m:20s (0h:0m:40s left)
Iteration 50 / LogL: -74938.575 / Time: 0h:0m:21s (0h:0m:28s left)
Estimate model parameters (epsilon = 0.100)
UPDATE BEST LOG-LIKELIHOOD: -74927.939
Iteration 60 / LogL: -74930.529 / Time: 0h:0m:21s (0h:0m:21s left)
Iteration 70 / LogL: -74934.666 / Time: 0h:0m:22s (0h:0m:15s left)
Iteration 80 / LogL: -74933.876 / Time: 0h:0m:22s (0h:0m:10s left)
Iteration 90 / LogL: -74935.299 / Time: 0h:0m:23s (0h:0m:7s left)
Iteration 100 / LogL: -74935.700 / Time: 0h:0m:24s (0h:0m:4s left)
Iteration 110 / LogL: -75000.148 / Time: 0h:0m:24s (0h:0m:1s left)
TREE SEARCH COMPLETED AFTER 118 ITERATIONS / Time: 0h:0m:25s

--------------------------------------------------------------------
|                    FINALIZING TREE SEARCH                        |
--------------------------------------------------------------------
Performs final model parameters optimization
Estimate model parameters (epsilon = 0.010)
1. Initial log-likelihood: -74927.939
Optimal log-likelihood: -74927.898
Rate parameters:  A-C: 1.00000  A-G: 1.00000  A-T: 1.00000  C-G: 1.00000  C-T: 1.00000  G-T: 1.00000
Base frequencies:  A: 0.250  C: 0.250  G: 0.250  T: 0.250
Parameters optimization took 1 rounds (0.005 sec)
BEST SCORE FOUND : -74927.898
Total tree length: 23.769

Total number of iterations: 118
CPU time used for tree search: 8.478 sec (0h:0m:8s)
Wall-clock time used for tree search: 8.515 sec (0h:0m:8s)
Total CPU time used: 26.837 sec (0h:0m:26s)
Total wall-clock time used: 25.553 sec (0h:0m:25s)

Analysis results written to: 
  IQ-TREE report:                exp_baseline/m5_sel50_rep3/iqtree_out.iqtree
  Maximum-likelihood tree:       exp_baseline/m5_sel50_rep3/iqtree_out.treefile
  Likelihood distances:          exp_baseline/m5_sel50_rep3/iqtree_out.mldist
  Screen log file:               exp_baseline/m5_sel50_rep3/iqtree_out.log

Date and Time: Tue May 12 14:17:09 2026
