IQ-TREE version 3.1.1 for MacOS ARM 64-bit built Apr  8 2026
Developed by Bui Quang Minh, Thomas Wong, Nhan Ly-Trong, Huaiyan Ren
Contributed by Lam-Tung Nguyen, Dominik Schrempf, Chris Bielow,
Olga Chernomor, Michael Woodhams, Diep Thi Hoang, Heiko Schmidt

Host:    Noutbuk-maria.local (SSE4.2, 16 GB RAM)
Command: iqtree -s exp_baseline/m1_sel50_rep5/combined.fasta -m JC -nt AUTO -pre exp_baseline/m1_sel50_rep5/iqtree_out -seed 50642 -redo
Seed:    50642 (Using SPRNG - Scalable Parallel Random Number Generator)
Time:    Tue May 12 13:53:39 2026
Kernel:  SSE2 - auto-detect threads (8 CPU cores detected)

Reading alignment file exp_baseline/m1_sel50_rep5/combined.fasta ... Fasta format detected
Reading fasta file: done in 0.00049305 secs using 90.86% CPU
Alignment most likely contains DNA/RNA sequences
Constructing alignment: done in 0.000991106 secs using 56.81% CPU
Alignment has 30 sequences with 2050 columns, 2015 distinct patterns
2021 parsimony-informative, 0 singleton sites, 29 constant sites
          Gap/Ambiguity  Composition  p-value
Analyzing sequences: done in 5.19753e-05 secs using 203.9% CPU
   1  taxon_1     0.00%    passed     79.18%
   2  taxon_2     0.00%    passed     63.14%
   3  taxon_3     0.00%    passed     16.22%
   4  taxon_4     0.00%    passed     57.87%
   5  taxon_5     0.00%    passed     79.96%
   6  taxon_6     0.00%    passed     28.65%
   7  taxon_7     0.00%    passed     16.96%
   8  taxon_8     0.00%    passed      5.91%
   9  taxon_9     0.00%    passed     83.50%
  10  taxon_10    0.00%    passed      6.61%
  11  taxon_11    0.00%    passed     98.33%
  12  taxon_12    0.00%    passed      5.80%
  13  taxon_13    0.00%    passed     48.15%
  14  taxon_14    0.00%    passed     34.37%
  15  taxon_15    0.00%    failed      4.48%
  16  taxon_16    0.00%    passed     90.76%
  17  taxon_17    0.00%    passed     80.55%
  18  taxon_18    0.00%    passed     31.17%
  19  taxon_19    0.00%    passed     98.92%
  20  taxon_20    0.00%    passed     69.87%
  21  taxon_21    0.00%    passed     53.49%
  22  taxon_22    0.00%    passed     57.49%
  23  taxon_23    0.00%    passed     12.39%
  24  taxon_24    0.00%    passed     83.28%
  25  taxon_25    0.00%    passed     72.67%
  26  taxon_26    0.00%    failed      2.05%
  27  taxon_27    0.00%    passed     53.00%
  28  taxon_28    0.00%    passed     85.37%
  29  taxon_29    0.00%    passed     28.87%
  30  taxon_30    0.00%    passed     83.20%
****  TOTAL       0.00%  2 sequences failed composition chi2 test (p-value<5%; df=3)
Checking for duplicate sequences: done in 0.000132084 secs using 88.58% CPU

Create initial parsimony tree by phylogenetic likelihood library (PLL)... 0.002 seconds

NOTE: 1 MB RAM (0 GB) is required!
Measuring multi-threading efficiency up to 8 CPU cores
Increase to 10 rounds for branch lengths
371 trees examined
Threads: 1 / Time: 8.001 sec / Speedup: 1.000 / Efficiency: 100% / LogL: -82267
Threads: 2 / Time: 8.595 sec / Speedup: 0.931 / Efficiency: 47% / LogL: -82267
Determining AUTO threadcount: done in 16.5972 secs using 105.4% CPU
BEST NUMBER OF THREADS: 1

Estimate model parameters (epsilon = 0.100)
1. Initial log-likelihood: -77224.860
Optimal log-likelihood: -76546.106
Rate parameters:  A-C: 1.00000  A-G: 1.00000  A-T: 1.00000  C-G: 1.00000  C-T: 1.00000  G-T: 1.00000
Base frequencies:  A: 0.250  C: 0.250  G: 0.250  T: 0.250
Parameters optimization took 1 rounds (0.017 sec)
Wrote distance file to... 
Computing ML distances based on estimated model parameters...
Calculating distance matrix: done in 0.00180483 secs using 99.18% CPU
Computing ML distances took 0.001955 sec (of wall-clock time) 0.001928 sec (of CPU time)
WARNING: Some pairwise ML distances are too long (saturated)
Setting up auxiliary I and S matrices: done in 3.09944e-05 secs using 64.53% CPU
Constructing RapidNJ tree: done in 5.88894e-05 secs using 83.21% CPU
Computing RapidNJ tree took 0.000118 sec (of wall-clock time) 0.000079 sec (of CPU time)
Log-likelihood of RapidNJ tree: -76531.846
--------------------------------------------------------------------
|             INITIALIZING CANDIDATE TREE SET                      |
--------------------------------------------------------------------
Generating 98 parsimony trees... 0.289 second
Computing log-likelihood of 98 initial trees ... 0.258 seconds
Current best score: -76531.846

Do NNI search on 20 best initial trees
Estimate model parameters (epsilon = 0.100)
BETTER TREE FOUND at iteration 1: -76520.690
Iteration 10 / LogL: -76525.837 / Time: 0h:0m:17s
Iteration 20 / LogL: -76522.421 / Time: 0h:0m:18s
Finish initializing candidate tree set (1)
Current best tree score: -76520.690 / CPU time: 1.555
Number of iterations: 20
--------------------------------------------------------------------
|               OPTIMIZING CANDIDATE TREE SET                      |
--------------------------------------------------------------------
Iteration 30 / LogL: -76521.050 / Time: 0h:0m:18s (0h:0m:45s left)
Iteration 40 / LogL: -76521.817 / Time: 0h:0m:19s (0h:0m:30s left)
Iteration 50 / LogL: -76521.901 / Time: 0h:0m:19s (0h:0m:20s left)
Iteration 60 / LogL: -76524.245 / Time: 0h:0m:20s (0h:0m:14s left)
Iteration 70 / LogL: -76523.884 / Time: 0h:0m:21s (0h:0m:9s left)
Iteration 80 / LogL: -76522.810 / Time: 0h:0m:21s (0h:0m:5s left)
Iteration 90 / LogL: -76521.527 / Time: 0h:0m:22s (0h:0m:2s left)
Iteration 100 / LogL: -76523.598 / Time: 0h:0m:22s (0h:0m:0s left)
TREE SEARCH COMPLETED AFTER 102 ITERATIONS / Time: 0h:0m:22s

--------------------------------------------------------------------
|                    FINALIZING TREE SEARCH                        |
--------------------------------------------------------------------
Performs final model parameters optimization
Estimate model parameters (epsilon = 0.010)
1. Initial log-likelihood: -76520.690
Optimal log-likelihood: -76520.678
Rate parameters:  A-C: 1.00000  A-G: 1.00000  A-T: 1.00000  C-G: 1.00000  C-T: 1.00000  G-T: 1.00000
Base frequencies:  A: 0.250  C: 0.250  G: 0.250  T: 0.250
Parameters optimization took 1 rounds (0.004 sec)
BEST SCORE FOUND : -76520.678
Total tree length: 21.075

Total number of iterations: 102
CPU time used for tree search: 6.032 sec (0h:0m:6s)
Wall-clock time used for tree search: 6.101 sec (0h:0m:6s)
Total CPU time used: 23.610 sec (0h:0m:23s)
Total wall-clock time used: 22.787 sec (0h:0m:22s)

Analysis results written to: 
  IQ-TREE report:                exp_baseline/m1_sel50_rep5/iqtree_out.iqtree
  Maximum-likelihood tree:       exp_baseline/m1_sel50_rep5/iqtree_out.treefile
  Likelihood distances:          exp_baseline/m1_sel50_rep5/iqtree_out.mldist
  Screen log file:               exp_baseline/m1_sel50_rep5/iqtree_out.log

Date and Time: Tue May 12 13:54:02 2026
