IQ-TREE version 3.1.1 for MacOS ARM 64-bit built Apr  8 2026
Developed by Bui Quang Minh, Thomas Wong, Nhan Ly-Trong, Huaiyan Ren
Contributed by Lam-Tung Nguyen, Dominik Schrempf, Chris Bielow,
Olga Chernomor, Michael Woodhams, Diep Thi Hoang, Heiko Schmidt

Host:    Noutbuk-maria.local (SSE4.2, 16 GB RAM)
Command: iqtree -s exp_baseline/m2_sel200_rep3/combined.fasta -m JC -nt AUTO -pre exp_baseline/m2_sel200_rep3/iqtree_out -seed 200542 -redo
Seed:    200542 (Using SPRNG - Scalable Parallel Random Number Generator)
Time:    Tue May 12 14:07:10 2026
Kernel:  SSE2 - auto-detect threads (8 CPU cores detected)

Reading alignment file exp_baseline/m2_sel200_rep3/combined.fasta ... Fasta format detected
Reading fasta file: done in 0.000519037 secs using 91.13% CPU
Alignment most likely contains DNA/RNA sequences
Constructing alignment: done in 0.000984907 secs using 58.08% CPU
Alignment has 30 sequences with 2200 columns, 2016 distinct patterns
2136 parsimony-informative, 0 singleton sites, 64 constant sites
          Gap/Ambiguity  Composition  p-value
Analyzing sequences: done in 4.69685e-05 secs using 261.9% CPU
   1  taxon_1     0.00%    passed     15.39%
   2  taxon_2     0.00%    passed     28.27%
   3  taxon_3     0.00%    passed     11.57%
   4  taxon_4     0.00%    passed     55.62%
   5  taxon_5     0.00%    passed     41.35%
   6  taxon_6     0.00%    passed      7.18%
   7  taxon_7     0.00%    passed     10.64%
   8  taxon_8     0.00%    passed     29.07%
   9  taxon_9     0.00%    passed     13.95%
  10  taxon_10    0.00%    passed     99.16%
  11  taxon_11    0.00%    passed     24.21%
  12  taxon_12    0.00%    passed     66.59%
  13  taxon_13    0.00%    passed     87.84%
  14  taxon_14    0.00%    passed     25.32%
  15  taxon_15    0.00%    passed     24.27%
  16  taxon_16    0.00%    passed     37.39%
  17  taxon_17    0.00%    passed     16.47%
  18  taxon_18    0.00%    failed      4.93%
  19  taxon_19    0.00%    passed     93.88%
  20  taxon_20    0.00%    passed     73.25%
  21  taxon_21    0.00%    passed     21.19%
  22  taxon_22    0.00%    passed     28.05%
  23  taxon_23    0.00%    passed     77.25%
  24  taxon_24    0.00%    passed     86.94%
  25  taxon_25    0.00%    passed     38.77%
  26  taxon_26    0.00%    passed     93.58%
  27  taxon_27    0.00%    passed     93.64%
  28  taxon_28    0.00%    passed     50.38%
  29  taxon_29    0.00%    passed     64.04%
  30  taxon_30    0.00%    passed     55.43%
****  TOTAL       0.00%  1 sequences failed composition chi2 test (p-value<5%; df=3)
Checking for duplicate sequences: done in 0.000133038 secs using 89.45% CPU

Create initial parsimony tree by phylogenetic likelihood library (PLL)... 0.002 seconds

NOTE: 1 MB RAM (0 GB) is required!
Measuring multi-threading efficiency up to 8 CPU cores
Increase to 10 rounds for branch lengths
393 trees examined
Threads: 1 / Time: 8.005 sec / Speedup: 1.000 / Efficiency: 100% / LogL: -87827
Threads: 2 / Time: 8.957 sec / Speedup: 0.894 / Efficiency: 45% / LogL: -87827
Determining AUTO threadcount: done in 16.9616 secs using 106.3% CPU
BEST NUMBER OF THREADS: 1

Estimate model parameters (epsilon = 0.100)
1. Initial log-likelihood: -82533.904
Optimal log-likelihood: -82046.389
Rate parameters:  A-C: 1.00000  A-G: 1.00000  A-T: 1.00000  C-G: 1.00000  C-T: 1.00000  G-T: 1.00000
Base frequencies:  A: 0.250  C: 0.250  G: 0.250  T: 0.250
Parameters optimization took 1 rounds (0.019 sec)
Wrote distance file to... 
Computing ML distances based on estimated model parameters...
Calculating distance matrix: done in 0.00157905 secs using 99.24% CPU
Computing ML distances took 0.001715 sec (of wall-clock time) 0.001693 sec (of CPU time)
WARNING: Some pairwise ML distances are too long (saturated)
Setting up auxiliary I and S matrices: done in 2.90871e-05 secs using 61.88% CPU
Constructing RapidNJ tree: done in 5.00679e-05 secs using 169.8% CPU
Computing RapidNJ tree took 0.000102 sec (of wall-clock time) 0.000122 sec (of CPU time)
Log-likelihood of RapidNJ tree: -82314.804
--------------------------------------------------------------------
|             INITIALIZING CANDIDATE TREE SET                      |
--------------------------------------------------------------------
Generating 98 parsimony trees... 0.301 second
Computing log-likelihood of 98 initial trees ... 0.245 seconds
Current best score: -82046.389

Do NNI search on 20 best initial trees
Estimate model parameters (epsilon = 0.100)
BETTER TREE FOUND at iteration 1: -82043.749
Iteration 10 / LogL: -82170.036 / Time: 0h:0m:17s
Iteration 20 / LogL: -82125.621 / Time: 0h:0m:18s
Finish initializing candidate tree set (19)
Current best tree score: -82043.749 / CPU time: 1.344
Number of iterations: 20
--------------------------------------------------------------------
|               OPTIMIZING CANDIDATE TREE SET                      |
--------------------------------------------------------------------
Iteration 30 / LogL: -82158.298 / Time: 0h:0m:18s (0h:0m:46s left)
Iteration 40 / LogL: -82062.380 / Time: 0h:0m:19s (0h:0m:30s left)
Iteration 50 / LogL: -82057.814 / Time: 0h:0m:19s (0h:0m:20s left)
Iteration 60 / LogL: -82045.666 / Time: 0h:0m:20s (0h:0m:14s left)
Iteration 70 / LogL: -82045.274 / Time: 0h:0m:20s (0h:0m:9s left)
Iteration 80 / LogL: -82045.412 / Time: 0h:0m:21s (0h:0m:5s left)
Iteration 90 / LogL: -82046.198 / Time: 0h:0m:21s (0h:0m:2s left)
Iteration 100 / LogL: -82046.090 / Time: 0h:0m:22s (0h:0m:0s left)
TREE SEARCH COMPLETED AFTER 102 ITERATIONS / Time: 0h:0m:22s

--------------------------------------------------------------------
|                    FINALIZING TREE SEARCH                        |
--------------------------------------------------------------------
Performs final model parameters optimization
Estimate model parameters (epsilon = 0.010)
1. Initial log-likelihood: -82043.749
Optimal log-likelihood: -82043.640
Rate parameters:  A-C: 1.00000  A-G: 1.00000  A-T: 1.00000  C-G: 1.00000  C-T: 1.00000  G-T: 1.00000
Base frequencies:  A: 0.250  C: 0.250  G: 0.250  T: 0.250
Parameters optimization took 1 rounds (0.008 sec)
BEST SCORE FOUND : -82043.640
Total tree length: 20.162

Total number of iterations: 102
CPU time used for tree search: 5.451 sec (0h:0m:5s)
Wall-clock time used for tree search: 5.464 sec (0h:0m:5s)
Total CPU time used: 23.569 sec (0h:0m:23s)
Total wall-clock time used: 22.510 sec (0h:0m:22s)

Analysis results written to: 
  IQ-TREE report:                exp_baseline/m2_sel200_rep3/iqtree_out.iqtree
  Maximum-likelihood tree:       exp_baseline/m2_sel200_rep3/iqtree_out.treefile
  Likelihood distances:          exp_baseline/m2_sel200_rep3/iqtree_out.mldist
  Screen log file:               exp_baseline/m2_sel200_rep3/iqtree_out.log

Date and Time: Tue May 12 14:07:32 2026
