IQ-TREE version 3.1.1 for MacOS ARM 64-bit built Apr  8 2026
Developed by Bui Quang Minh, Thomas Wong, Nhan Ly-Trong, Huaiyan Ren
Contributed by Lam-Tung Nguyen, Dominik Schrempf, Chris Bielow,
Olga Chernomor, Michael Woodhams, Diep Thi Hoang, Heiko Schmidt

Host:    Noutbuk-maria.local (SSE4.2, 16 GB RAM)
Command: iqtree -s exp_baseline/m200_sel200_rep3/combined.fasta -m JC -nt AUTO -pre exp_baseline/m200_sel200_rep3/iqtree_out -seed 220342 -redo
Seed:    220342 (Using SPRNG - Scalable Parallel Random Number Generator)
Time:    Tue May 12 15:20:00 2026
Kernel:  SSE2 - auto-detect threads (8 CPU cores detected)

Reading alignment file exp_baseline/m200_sel200_rep3/combined.fasta ... Fasta format detected
Reading fasta file: done in 0.000520945 secs using 91.37% CPU
Alignment most likely contains DNA/RNA sequences
Constructing alignment: done in 0.00101399 secs using 57.59% CPU
Alignment has 30 sequences with 2200 columns, 2012 distinct patterns
2200 parsimony-informative, 0 singleton sites, 0 constant sites
          Gap/Ambiguity  Composition  p-value
Analyzing sequences: done in 4.19617e-05 secs using 255% CPU
   1  taxon_1     0.00%    passed     46.07%
   2  taxon_2     0.00%    passed     65.99%
   3  taxon_3     0.00%    passed     34.44%
   4  taxon_4     0.00%    passed     83.25%
   5  taxon_5     0.00%    passed     98.16%
   6  taxon_6     0.00%    passed     65.06%
   7  taxon_7     0.00%    passed     66.23%
   8  taxon_8     0.00%    passed     25.94%
   9  taxon_9     0.00%    passed     64.23%
  10  taxon_10    0.00%    passed     73.87%
  11  taxon_11    0.00%    passed     90.50%
  12  taxon_12    0.00%    passed     77.01%
  13  taxon_13    0.00%    passed     21.23%
  14  taxon_14    0.00%    passed     15.03%
  15  taxon_15    0.00%    passed     31.50%
  16  taxon_16    0.00%    passed     60.53%
  17  taxon_17    0.00%    passed     42.49%
  18  taxon_18    0.00%    passed     13.92%
  19  taxon_19    0.00%    passed     73.76%
  20  taxon_20    0.00%    passed     66.77%
  21  taxon_21    0.00%    passed     16.86%
  22  taxon_22    0.00%    passed     74.22%
  23  taxon_23    0.00%    passed     46.75%
  24  taxon_24    0.00%    passed     52.00%
  25  taxon_25    0.00%    passed     38.51%
  26  taxon_26    0.00%    passed     87.46%
  27  taxon_27    0.00%    passed     36.18%
  28  taxon_28    0.00%    passed     24.12%
  29  taxon_29    0.00%    passed     15.95%
  30  taxon_30    0.00%    passed     65.61%
****  TOTAL       0.00%  0 sequences failed composition chi2 test (p-value<5%; df=3)
Checking for duplicate sequences: done in 0.000136137 secs using 89.62% CPU

Create initial parsimony tree by phylogenetic likelihood library (PLL)... 0.002 seconds

NOTE: 1 MB RAM (0 GB) is required!
Measuring multi-threading efficiency up to 8 CPU cores
Increase to 10 rounds for branch lengths
367 trees examined
Threads: 1 / Time: 8.010 sec / Speedup: 1.000 / Efficiency: 100% / LogL: -86446
Threads: 2 / Time: 8.618 sec / Speedup: 0.929 / Efficiency: 46% / LogL: -86446
Determining AUTO threadcount: done in 16.6281 secs using 107.4% CPU
BEST NUMBER OF THREADS: 1

Estimate model parameters (epsilon = 0.100)
1. Initial log-likelihood: -83882.811
Optimal log-likelihood: -83375.551
Rate parameters:  A-C: 1.00000  A-G: 1.00000  A-T: 1.00000  C-G: 1.00000  C-T: 1.00000  G-T: 1.00000
Base frequencies:  A: 0.250  C: 0.250  G: 0.250  T: 0.250
Parameters optimization took 1 rounds (0.017 sec)
Wrote distance file to... 
Computing ML distances based on estimated model parameters...
Calculating distance matrix: done in 0.00123811 secs using 99.35% CPU
Computing ML distances took 0.001378 sec (of wall-clock time) 0.001359 sec (of CPU time)
WARNING: Some pairwise ML distances are too long (saturated)
Setting up auxiliary I and S matrices: done in 2.5034e-05 secs using 75.9% CPU
Constructing RapidNJ tree: done in 4.60148e-05 secs using 156.5% CPU
Computing RapidNJ tree took 0.000099 sec (of wall-clock time) 0.000121 sec (of CPU time)
Log-likelihood of RapidNJ tree: -83475.329
--------------------------------------------------------------------
|             INITIALIZING CANDIDATE TREE SET                      |
--------------------------------------------------------------------
Generating 98 parsimony trees... 0.286 second
Computing log-likelihood of 98 initial trees ... 0.239 seconds
Current best score: -83375.551

Do NNI search on 20 best initial trees
Estimate model parameters (epsilon = 0.100)
BETTER TREE FOUND at iteration 1: -83295.264
Estimate model parameters (epsilon = 0.100)
BETTER TREE FOUND at iteration 2: -83281.398
Estimate model parameters (epsilon = 0.100)
BETTER TREE FOUND at iteration 3: -83274.476
Estimate model parameters (epsilon = 0.100)
BETTER TREE FOUND at iteration 8: -83269.363
Estimate model parameters (epsilon = 0.100)
BETTER TREE FOUND at iteration 9: -83264.984
Iteration 10 / LogL: -83273.295 / Time: 0h:0m:17s
Iteration 20 / LogL: -83295.240 / Time: 0h:0m:18s
Finish initializing candidate tree set (17)
Current best tree score: -83264.984 / CPU time: 1.985
Number of iterations: 20
--------------------------------------------------------------------
|               OPTIMIZING CANDIDATE TREE SET                      |
--------------------------------------------------------------------
Estimate model parameters (epsilon = 0.100)
BETTER TREE FOUND at iteration 22: -83264.848
Iteration 30 / LogL: -83264.992 / Time: 0h:0m:19s (0h:1m:1s left)
Iteration 40 / LogL: -83264.865 / Time: 0h:0m:20s (0h:0m:42s left)
Iteration 50 / LogL: -83265.078 / Time: 0h:0m:20s (0h:0m:30s left)
Iteration 60 / LogL: -83264.848 / Time: 0h:0m:21s (0h:0m:22s left)
Iteration 70 / LogL: -83318.394 / Time: 0h:0m:22s (0h:0m:16s left)
Iteration 80 / LogL: -83334.577 / Time: 0h:0m:22s (0h:0m:12s left)
Iteration 90 / LogL: -83265.031 / Time: 0h:0m:23s (0h:0m:8s left)
Iteration 100 / LogL: -83264.885 / Time: 0h:0m:24s (0h:0m:5s left)
Iteration 110 / LogL: -83264.982 / Time: 0h:0m:25s (0h:0m:2s left)
Iteration 120 / LogL: -83265.026 / Time: 0h:0m:25s (0h:0m:0s left)
TREE SEARCH COMPLETED AFTER 123 ITERATIONS / Time: 0h:0m:26s

--------------------------------------------------------------------
|                    FINALIZING TREE SEARCH                        |
--------------------------------------------------------------------
Performs final model parameters optimization
Estimate model parameters (epsilon = 0.010)
1. Initial log-likelihood: -83264.848
Optimal log-likelihood: -83264.848
Rate parameters:  A-C: 1.00000  A-G: 1.00000  A-T: 1.00000  C-G: 1.00000  C-T: 1.00000  G-T: 1.00000
Base frequencies:  A: 0.250  C: 0.250  G: 0.250  T: 0.250
Parameters optimization took 1 rounds (0.003 sec)
BEST SCORE FOUND : -83264.848
Total tree length: 22.139

Total number of iterations: 123
CPU time used for tree search: 9.387 sec (0h:0m:9s)
Wall-clock time used for tree search: 9.425 sec (0h:0m:9s)
Total CPU time used: 27.305 sec (0h:0m:27s)
Total wall-clock time used: 26.114 sec (0h:0m:26s)

Analysis results written to: 
  IQ-TREE report:                exp_baseline/m200_sel200_rep3/iqtree_out.iqtree
  Maximum-likelihood tree:       exp_baseline/m200_sel200_rep3/iqtree_out.treefile
  Likelihood distances:          exp_baseline/m200_sel200_rep3/iqtree_out.mldist
  Screen log file:               exp_baseline/m200_sel200_rep3/iqtree_out.log

Date and Time: Tue May 12 15:20:26 2026
