IQ-TREE version 3.1.1 for MacOS ARM 64-bit built Apr  8 2026
Developed by Bui Quang Minh, Thomas Wong, Nhan Ly-Trong, Huaiyan Ren
Contributed by Lam-Tung Nguyen, Dominik Schrempf, Chris Bielow,
Olga Chernomor, Michael Woodhams, Diep Thi Hoang, Heiko Schmidt

Host:    Noutbuk-maria.local (SSE4.2, 16 GB RAM)
Command: iqtree -s exp_baseline/m10_sel200_rep3/combined.fasta -m JC -nt AUTO -pre exp_baseline/m10_sel200_rep3/iqtree_out -seed 201342 -redo
Seed:    201342 (Using SPRNG - Scalable Parallel Random Number Generator)
Time:    Tue May 12 14:31:09 2026
Kernel:  SSE2 - auto-detect threads (8 CPU cores detected)

Reading alignment file exp_baseline/m10_sel200_rep3/combined.fasta ... Fasta format detected
Reading fasta file: done in 0.000533104 secs using 90.98% CPU
Alignment most likely contains DNA/RNA sequences
Constructing alignment: done in 0.0010519 secs using 56.75% CPU
Alignment has 30 sequences with 2200 columns, 2016 distinct patterns
2171 parsimony-informative, 0 singleton sites, 29 constant sites
          Gap/Ambiguity  Composition  p-value
Analyzing sequences: done in 4.00543e-05 secs using 287.1% CPU
   1  taxon_1     0.00%    passed     11.93%
   2  taxon_2     0.00%    passed     15.49%
   3  taxon_3     0.00%    passed     24.37%
   4  taxon_4     0.00%    passed     49.16%
   5  taxon_5     0.00%    passed      9.41%
   6  taxon_6     0.00%    passed      6.67%
   7  taxon_7     0.00%    passed     36.08%
   8  taxon_8     0.00%    passed     45.37%
   9  taxon_9     0.00%    passed     89.46%
  10  taxon_10    0.00%    passed     26.89%
  11  taxon_11    0.00%    passed     53.17%
  12  taxon_12    0.00%    passed     62.29%
  13  taxon_13    0.00%    passed     56.71%
  14  taxon_14    0.00%    passed     69.99%
  15  taxon_15    0.00%    passed      6.96%
  16  taxon_16    0.00%    passed     89.65%
  17  taxon_17    0.00%    passed     75.81%
  18  taxon_18    0.00%    passed     57.63%
  19  taxon_19    0.00%    passed      6.52%
  20  taxon_20    0.00%    failed      3.22%
  21  taxon_21    0.00%    passed     70.19%
  22  taxon_22    0.00%    passed      5.19%
  23  taxon_23    0.00%    passed     73.51%
  24  taxon_24    0.00%    passed     96.00%
  25  taxon_25    0.00%    passed     70.32%
  26  taxon_26    0.00%    passed     90.94%
  27  taxon_27    0.00%    passed      9.12%
  28  taxon_28    0.00%    passed     40.07%
  29  taxon_29    0.00%    passed     59.47%
  30  taxon_30    0.00%    passed     71.01%
****  TOTAL       0.00%  1 sequences failed composition chi2 test (p-value<5%; df=3)
Checking for duplicate sequences: done in 0.000128031 secs using 91.38% CPU

Create initial parsimony tree by phylogenetic likelihood library (PLL)... 0.002 seconds

NOTE: 1 MB RAM (0 GB) is required!
Measuring multi-threading efficiency up to 8 CPU cores
Increase to 10 rounds for branch lengths
379 trees examined
Threads: 1 / Time: 8.008 sec / Speedup: 1.000 / Efficiency: 100% / LogL: -87966
Threads: 2 / Time: 8.601 sec / Speedup: 0.931 / Efficiency: 47% / LogL: -87966
Determining AUTO threadcount: done in 16.6095 secs using 107.4% CPU
BEST NUMBER OF THREADS: 1

Estimate model parameters (epsilon = 0.100)
1. Initial log-likelihood: -83979.781
Optimal log-likelihood: -83382.584
Rate parameters:  A-C: 1.00000  A-G: 1.00000  A-T: 1.00000  C-G: 1.00000  C-T: 1.00000  G-T: 1.00000
Base frequencies:  A: 0.250  C: 0.250  G: 0.250  T: 0.250
Parameters optimization took 1 rounds (0.014 sec)
Wrote distance file to... 
Computing ML distances based on estimated model parameters...
Calculating distance matrix: done in 0.00148416 secs using 99.32% CPU
Computing ML distances took 0.001625 sec (of wall-clock time) 0.001604 sec (of CPU time)
WARNING: Some pairwise ML distances are too long (saturated)
Setting up auxiliary I and S matrices: done in 2.59876e-05 secs using 76.96% CPU
Constructing RapidNJ tree: done in 5.31673e-05 secs using 152.3% CPU
Computing RapidNJ tree took 0.000100 sec (of wall-clock time) 0.000121 sec (of CPU time)
Log-likelihood of RapidNJ tree: -84632.181
--------------------------------------------------------------------
|             INITIALIZING CANDIDATE TREE SET                      |
--------------------------------------------------------------------
Generating 98 parsimony trees... 0.277 second
Computing log-likelihood of 98 initial trees ... 0.243 seconds
Current best score: -83382.584

Do NNI search on 20 best initial trees
Estimate model parameters (epsilon = 0.100)
BETTER TREE FOUND at iteration 1: -83153.457
Estimate model parameters (epsilon = 0.100)
BETTER TREE FOUND at iteration 2: -83105.237
Iteration 10 / LogL: -83390.211 / Time: 0h:0m:17s
Iteration 20 / LogL: -83410.020 / Time: 0h:0m:17s
Finish initializing candidate tree set (16)
Current best tree score: -83105.237 / CPU time: 1.301
Number of iterations: 20
--------------------------------------------------------------------
|               OPTIMIZING CANDIDATE TREE SET                      |
--------------------------------------------------------------------
Iteration 30 / LogL: -83148.644 / Time: 0h:0m:18s (0h:0m:45s left)
Iteration 40 / LogL: -83105.770 / Time: 0h:0m:18s (0h:0m:30s left)
Iteration 50 / LogL: -83113.922 / Time: 0h:0m:19s (0h:0m:20s left)
Iteration 60 / LogL: -83106.493 / Time: 0h:0m:19s (0h:0m:14s left)
Iteration 70 / LogL: -83113.121 / Time: 0h:0m:20s (0h:0m:9s left)
Iteration 80 / LogL: -83105.539 / Time: 0h:0m:20s (0h:0m:5s left)
Iteration 90 / LogL: -83110.051 / Time: 0h:0m:21s (0h:0m:2s left)
Iteration 100 / LogL: -83107.078 / Time: 0h:0m:21s (0h:0m:0s left)
TREE SEARCH COMPLETED AFTER 103 ITERATIONS / Time: 0h:0m:21s

--------------------------------------------------------------------
|                    FINALIZING TREE SEARCH                        |
--------------------------------------------------------------------
Performs final model parameters optimization
Estimate model parameters (epsilon = 0.010)
1. Initial log-likelihood: -83105.237
Optimal log-likelihood: -83105.233
Rate parameters:  A-C: 1.00000  A-G: 1.00000  A-T: 1.00000  C-G: 1.00000  C-T: 1.00000  G-T: 1.00000
Base frequencies:  A: 0.250  C: 0.250  G: 0.250  T: 0.250
Parameters optimization took 1 rounds (0.003 sec)
BEST SCORE FOUND : -83105.233
Total tree length: 21.239

Total number of iterations: 103
CPU time used for tree search: 5.172 sec (0h:0m:5s)
Wall-clock time used for tree search: 5.196 sec (0h:0m:5s)
Total CPU time used: 23.070 sec (0h:0m:23s)
Total wall-clock time used: 21.867 sec (0h:0m:21s)

Analysis results written to: 
  IQ-TREE report:                exp_baseline/m10_sel200_rep3/iqtree_out.iqtree
  Maximum-likelihood tree:       exp_baseline/m10_sel200_rep3/iqtree_out.treefile
  Likelihood distances:          exp_baseline/m10_sel200_rep3/iqtree_out.mldist
  Screen log file:               exp_baseline/m10_sel200_rep3/iqtree_out.log

Date and Time: Tue May 12 14:31:31 2026
