IQ-TREE version 3.1.1 for MacOS ARM 64-bit built Apr  8 2026
Developed by Bui Quang Minh, Thomas Wong, Nhan Ly-Trong, Huaiyan Ren
Contributed by Lam-Tung Nguyen, Dominik Schrempf, Chris Bielow,
Olga Chernomor, Michael Woodhams, Diep Thi Hoang, Heiko Schmidt

Host:    Noutbuk-maria.local (SSE4.2, 16 GB RAM)
Command: iqtree -s exp_stable_0.001/m1_sel2_rep4/neutral.fasta -m JC -nt AUTO -pre exp_stable_0.001/m1_sel2_rep4/iqtree_out -seed 2542 -redo
Seed:    2542 (Using SPRNG - Scalable Parallel Random Number Generator)
Time:    Mon May 18 21:12:23 2026
Kernel:  SSE2 - auto-detect threads (8 CPU cores detected)

Reading alignment file exp_stable_0.001/m1_sel2_rep4/neutral.fasta ... Fasta format detected
Reading fasta file: done in 0.00118303 secs using 89.09% CPU
Alignment most likely contains DNA/RNA sequences
Constructing alignment: done in 0.00136209 secs using 58.95% CPU
Alignment has 50 sequences with 3000 columns, 1146 distinct patterns
499 parsimony-informative, 1149 singleton sites, 1352 constant sites
          Gap/Ambiguity  Composition  p-value
Analyzing sequences: done in 6.29425e-05 secs using 165.2% CPU
   1  taxon_1     0.00%    passed     99.53%
   2  taxon_2     0.00%    passed    100.00%
   3  taxon_3     0.00%    passed     99.57%
   4  taxon_4     0.00%    passed     98.77%
   5  taxon_5     0.00%    passed     96.66%
   6  taxon_6     0.00%    passed     97.62%
   7  taxon_7     0.00%    passed     99.19%
   8  taxon_8     0.00%    passed     99.18%
   9  taxon_9     0.00%    passed     97.05%
  10  taxon_10    0.00%    passed     98.56%
  11  taxon_11    0.00%    passed     96.49%
  12  taxon_12    0.00%    passed     99.69%
  13  taxon_13    0.00%    passed     99.86%
  14  taxon_14    0.00%    passed     99.44%
  15  taxon_15    0.00%    passed     99.76%
  16  taxon_16    0.00%    passed     99.43%
  17  taxon_17    0.00%    passed     98.26%
  18  taxon_18    0.00%    passed     97.29%
  19  taxon_19    0.00%    passed     95.87%
  20  taxon_20    0.00%    passed     99.42%
  21  taxon_21    0.00%    passed     96.93%
  22  taxon_22    0.00%    passed     99.68%
  23  taxon_23    0.00%    passed     91.94%
  24  taxon_24    0.00%    passed     97.91%
  25  taxon_25    0.00%    passed     97.61%
  26  taxon_26    0.00%    passed     98.92%
  27  taxon_27    0.00%    passed     96.76%
  28  taxon_28    0.00%    passed     99.46%
  29  taxon_29    0.00%    passed     99.83%
  30  taxon_30    0.00%    passed     97.55%
  31  taxon_31    0.00%    passed     99.33%
  32  taxon_32    0.00%    passed     99.86%
  33  taxon_33    0.00%    passed     98.98%
  34  taxon_34    0.00%    passed     99.71%
  35  taxon_35    0.00%    passed     99.28%
  36  taxon_36    0.00%    passed     96.89%
  37  taxon_37    0.00%    passed     99.02%
  38  taxon_38    0.00%    passed     98.22%
  39  taxon_39    0.00%    passed     96.40%
  40  taxon_40    0.00%    passed     96.72%
  41  taxon_41    0.00%    passed     98.21%
  42  taxon_42    0.00%    passed     99.18%
  43  taxon_43    0.00%    passed     97.91%
  44  taxon_44    0.00%    passed     99.83%
  45  taxon_45    0.00%    passed     99.06%
  46  taxon_46    0.00%    passed     97.46%
  47  taxon_47    0.00%    passed     96.68%
  48  taxon_48    0.00%    passed     95.86%
  49  taxon_49    0.00%    passed     99.20%
  50  taxon_50    0.00%    passed     98.95%
****  TOTAL       0.00%  0 sequences failed composition chi2 test (p-value<5%; df=3)
Checking for duplicate sequences: done in 0.000138044 secs using 86.93% CPU

Create initial parsimony tree by phylogenetic likelihood library (PLL)... 0.002 seconds

NOTE: 1 MB RAM (0 GB) is required!
Measuring multi-threading efficiency up to 8 CPU cores
Increase to 10 rounds for branch lengths
868 trees examined
Threads: 1 / Time: 8.000 sec / Speedup: 1.000 / Efficiency: 100% / LogL: -24011
Threads: 2 / Time: 8.961 sec / Speedup: 0.893 / Efficiency: 45% / LogL: -24011
Determining AUTO threadcount: done in 16.9611 secs using 107.6% CPU
BEST NUMBER OF THREADS: 1

Estimate model parameters (epsilon = 0.100)
1. Initial log-likelihood: -19725.292
Optimal log-likelihood: -19722.393
Rate parameters:  A-C: 1.00000  A-G: 1.00000  A-T: 1.00000  C-G: 1.00000  C-T: 1.00000  G-T: 1.00000
Base frequencies:  A: 0.250  C: 0.250  G: 0.250  T: 0.250
Parameters optimization took 1 rounds (0.006 sec)
Wrote distance file to... 
Computing ML distances based on estimated model parameters...
Calculating distance matrix: done in 0.00419116 secs using 88.47% CPU
Computing ML distances took 0.004311 sec (of wall-clock time) 0.003819 sec (of CPU time)
Setting up auxiliary I and S matrices: done in 4.91142e-05 secs using 89.59% CPU
Constructing RapidNJ tree: done in 0.000128031 secs using 180.4% CPU
Computing RapidNJ tree took 0.000198 sec (of wall-clock time) 0.000290 sec (of CPU time)
Log-likelihood of RapidNJ tree: -19822.569
--------------------------------------------------------------------
|             INITIALIZING CANDIDATE TREE SET                      |
--------------------------------------------------------------------
Generating 98 parsimony trees... 0.233 second
Computing log-likelihood of 98 initial trees ... 0.224 seconds
Current best score: -19722.393

Do NNI search on 20 best initial trees
Estimate model parameters (epsilon = 0.100)
BETTER TREE FOUND at iteration 1: -19722.392
UPDATE BEST LOG-LIKELIHOOD: -19722.392
Iteration 10 / LogL: -19722.395 / Time: 0h:0m:17s
Iteration 20 / LogL: -19722.392 / Time: 0h:0m:17s
Finish initializing candidate tree set (1)
Current best tree score: -19722.392 / CPU time: 0.704
Number of iterations: 20
--------------------------------------------------------------------
|               OPTIMIZING CANDIDATE TREE SET                      |
--------------------------------------------------------------------
Iteration 30 / LogL: -19723.138 / Time: 0h:0m:18s (0h:0m:44s left)
Iteration 40 / LogL: -19722.398 / Time: 0h:0m:18s (0h:0m:28s left)
Iteration 50 / LogL: -19722.397 / Time: 0h:0m:18s (0h:0m:19s left)
Iteration 60 / LogL: -19722.401 / Time: 0h:0m:19s (0h:0m:13s left)
UPDATE BEST LOG-LIKELIHOOD: -19722.392
Iteration 70 / LogL: -19722.397 / Time: 0h:0m:19s (0h:0m:8s left)
Iteration 80 / LogL: -19722.395 / Time: 0h:0m:19s (0h:0m:5s left)
UPDATE BEST LOG-LIKELIHOOD: -19722.392
Iteration 90 / LogL: -19722.397 / Time: 0h:0m:20s (0h:0m:2s left)
Iteration 100 / LogL: -19722.395 / Time: 0h:0m:20s (0h:0m:0s left)
TREE SEARCH COMPLETED AFTER 102 ITERATIONS / Time: 0h:0m:20s

--------------------------------------------------------------------
|                    FINALIZING TREE SEARCH                        |
--------------------------------------------------------------------
Performs final model parameters optimization
Estimate model parameters (epsilon = 0.010)
1. Initial log-likelihood: -19722.392
Optimal log-likelihood: -19722.392
Rate parameters:  A-C: 1.00000  A-G: 1.00000  A-T: 1.00000  C-G: 1.00000  C-T: 1.00000  G-T: 1.00000
Base frequencies:  A: 0.250  C: 0.250  G: 0.250  T: 0.250
Parameters optimization took 1 rounds (0.003 sec)
BEST SCORE FOUND : -19722.392
Total tree length: 0.818

Total number of iterations: 102
CPU time used for tree search: 3.424 sec (0h:0m:3s)
Wall-clock time used for tree search: 3.468 sec (0h:0m:3s)
Total CPU time used: 21.696 sec (0h:0m:21s)
Total wall-clock time used: 20.458 sec (0h:0m:20s)

Analysis results written to: 
  IQ-TREE report:                exp_stable_0.001/m1_sel2_rep4/iqtree_out.iqtree
  Maximum-likelihood tree:       exp_stable_0.001/m1_sel2_rep4/iqtree_out.treefile
  Likelihood distances:          exp_stable_0.001/m1_sel2_rep4/iqtree_out.mldist
  Screen log file:               exp_stable_0.001/m1_sel2_rep4/iqtree_out.log

Date and Time: Mon May 18 21:12:43 2026
