IQ-TREE version 3.1.1 for MacOS ARM 64-bit built Apr  8 2026
Developed by Bui Quang Minh, Thomas Wong, Nhan Ly-Trong, Huaiyan Ren
Contributed by Lam-Tung Nguyen, Dominik Schrempf, Chris Bielow,
Olga Chernomor, Michael Woodhams, Diep Thi Hoang, Heiko Schmidt

Host:    Noutbuk-maria.local (SSE4.2, 16 GB RAM)
Command: iqtree -s exp_stable_0.001/m1_sel1_rep1/neutral.fasta -m JC -nt AUTO -pre exp_stable_0.001/m1_sel1_rep1/iqtree_out -seed 1242 -redo
Seed:    1242 (Using SPRNG - Scalable Parallel Random Number Generator)
Time:    Sun May 17 02:11:05 2026
Kernel:  SSE2 - auto-detect threads (8 CPU cores detected)

Reading alignment file exp_stable_0.001/m1_sel1_rep1/neutral.fasta ... Fasta format detected
Reading fasta file: done in 0.00119209 secs using 89.42% CPU
Alignment most likely contains DNA/RNA sequences
Constructing alignment: done in 0.0015521 secs using 61.98% CPU
Alignment has 50 sequences with 3000 columns, 2195 distinct patterns
1455 parsimony-informative, 1110 singleton sites, 434 constant sites
          Gap/Ambiguity  Composition  p-value
Analyzing sequences: done in 7.10487e-05 secs using 323.7% CPU
   1  taxon_1     0.00%    passed     79.83%
   2  taxon_2     0.00%    passed     91.41%
   3  taxon_3     0.00%    passed     88.21%
   4  taxon_4     0.00%    passed     93.85%
   5  taxon_5     0.00%    passed     94.43%
   6  taxon_6     0.00%    passed     97.51%
   7  taxon_7     0.00%    passed     89.44%
   8  taxon_8     0.00%    passed     84.30%
   9  taxon_9     0.00%    passed     83.78%
  10  taxon_10    0.00%    passed     98.68%
  11  taxon_11    0.00%    passed     96.77%
  12  taxon_12    0.00%    passed     91.89%
  13  taxon_13    0.00%    passed     80.03%
  14  taxon_14    0.00%    passed     98.36%
  15  taxon_15    0.00%    passed     96.34%
  16  taxon_16    0.00%    passed     95.44%
  17  taxon_17    0.00%    passed     94.66%
  18  taxon_18    0.00%    passed     83.67%
  19  taxon_19    0.00%    passed     80.30%
  20  taxon_20    0.00%    passed     99.81%
  21  taxon_21    0.00%    passed     94.41%
  22  taxon_22    0.00%    passed     96.98%
  23  taxon_23    0.00%    passed     82.97%
  24  taxon_24    0.00%    passed     97.25%
  25  taxon_25    0.00%    passed     93.13%
  26  taxon_26    0.00%    passed     90.00%
  27  taxon_27    0.00%    passed     99.86%
  28  taxon_28    0.00%    passed     98.85%
  29  taxon_29    0.00%    passed     97.10%
  30  taxon_30    0.00%    passed     91.46%
  31  taxon_31    0.00%    passed     91.23%
  32  taxon_32    0.00%    passed     99.55%
  33  taxon_33    0.00%    passed     91.98%
  34  taxon_34    0.00%    passed     89.98%
  35  taxon_35    0.00%    passed     80.60%
  36  taxon_36    0.00%    passed     99.61%
  37  taxon_37    0.00%    passed     81.24%
  38  taxon_38    0.00%    passed     96.84%
  39  taxon_39    0.00%    passed     98.83%
  40  taxon_40    0.00%    passed     99.00%
  41  taxon_41    0.00%    passed     86.21%
  42  taxon_42    0.00%    passed     87.22%
  43  taxon_43    0.00%    passed     97.20%
  44  taxon_44    0.00%    passed     95.87%
  45  taxon_45    0.00%    passed     78.40%
  46  taxon_46    0.00%    passed     95.82%
  47  taxon_47    0.00%    passed     99.65%
  48  taxon_48    0.00%    passed     93.72%
  49  taxon_49    0.00%    passed     90.77%
  50  taxon_50    0.00%    passed     98.42%
****  TOTAL       0.00%  0 sequences failed composition chi2 test (p-value<5%; df=3)
Checking for duplicate sequences: done in 0.000225067 secs using 91.97% CPU

Create initial parsimony tree by phylogenetic likelihood library (PLL)... 0.003 seconds

NOTE: 3 MB RAM (0 GB) is required!
Measuring multi-threading efficiency up to 8 CPU cores
Increase to 10 rounds for branch lengths
373 trees examined
Threads: 1 / Time: 8.016 sec / Speedup: 1.000 / Efficiency: 100% / LogL: -47906
Threads: 2 / Time: 7.907 sec / Speedup: 1.014 / Efficiency: 51% / LogL: -47906
Threads: 3 / Time: 7.435 sec / Speedup: 1.078 / Efficiency: 36% / LogL: -47906
Determining AUTO threadcount: done in 23.3591 secs using 122.3% CPU
BEST NUMBER OF THREADS: 1

Estimate model parameters (epsilon = 0.100)
1. Initial log-likelihood: -36311.053
Optimal log-likelihood: -36299.584
Rate parameters:  A-C: 1.00000  A-G: 1.00000  A-T: 1.00000  C-G: 1.00000  C-T: 1.00000  G-T: 1.00000
Base frequencies:  A: 0.250  C: 0.250  G: 0.250  T: 0.250
Parameters optimization took 1 rounds (0.009 sec)
Wrote distance file to... 
Computing ML distances based on estimated model parameters...
Calculating distance matrix: done in 0.00532198 secs using 93.25% CPU
Computing ML distances took 0.005559 sec (of wall-clock time) 0.005194 sec (of CPU time)
Setting up auxiliary I and S matrices: done in 4.19617e-05 secs using 78.64% CPU
Constructing RapidNJ tree: done in 9.70364e-05 secs using 90.69% CPU
Computing RapidNJ tree took 0.000161 sec (of wall-clock time) 0.000130 sec (of CPU time)
Log-likelihood of RapidNJ tree: -36522.221
--------------------------------------------------------------------
|             INITIALIZING CANDIDATE TREE SET                      |
--------------------------------------------------------------------
Generating 98 parsimony trees... 0.374 second
Computing log-likelihood of 98 initial trees ... 0.457 seconds
Current best score: -36299.584

Do NNI search on 20 best initial trees
Estimate model parameters (epsilon = 0.100)
BETTER TREE FOUND at iteration 1: -36299.584
Iteration 10 / LogL: -36299.589 / Time: 0h:0m:24s
Iteration 20 / LogL: -36299.588 / Time: 0h:0m:25s
Finish initializing candidate tree set (2)
Current best tree score: -36299.584 / CPU time: 1.853
Number of iterations: 20
--------------------------------------------------------------------
|               OPTIMIZING CANDIDATE TREE SET                      |
--------------------------------------------------------------------
Iteration 30 / LogL: -36299.932 / Time: 0h:0m:25s (0h:1m:3s left)
UPDATE BEST LOG-LIKELIHOOD: -36299.584
Iteration 40 / LogL: -36299.588 / Time: 0h:0m:26s (0h:0m:41s left)
Iteration 50 / LogL: -36299.944 / Time: 0h:0m:27s (0h:0m:28s left)
Iteration 60 / LogL: -36299.585 / Time: 0h:0m:27s (0h:0m:19s left)
Iteration 70 / LogL: -36403.643 / Time: 0h:0m:28s (0h:0m:12s left)
Iteration 80 / LogL: -36299.585 / Time: 0h:0m:29s (0h:0m:7s left)
Iteration 90 / LogL: -36299.948 / Time: 0h:0m:29s (0h:0m:3s left)
Iteration 100 / LogL: -36299.584 / Time: 0h:0m:30s (0h:0m:0s left)
TREE SEARCH COMPLETED AFTER 102 ITERATIONS / Time: 0h:0m:30s

--------------------------------------------------------------------
|                    FINALIZING TREE SEARCH                        |
--------------------------------------------------------------------
Performs final model parameters optimization
Estimate model parameters (epsilon = 0.010)
1. Initial log-likelihood: -36299.584
Optimal log-likelihood: -36299.584
Rate parameters:  A-C: 1.00000  A-G: 1.00000  A-T: 1.00000  C-G: 1.00000  C-T: 1.00000  G-T: 1.00000
Base frequencies:  A: 0.250  C: 0.250  G: 0.250  T: 0.250
Parameters optimization took 1 rounds (0.005 sec)
BEST SCORE FOUND : -36299.584
Total tree length: 1.927

Total number of iterations: 102
CPU time used for tree search: 7.158 sec (0h:0m:7s)
Wall-clock time used for tree search: 7.195 sec (0h:0m:7s)
Total CPU time used: 35.784 sec (0h:0m:35s)
Total wall-clock time used: 30.612 sec (0h:0m:30s)

Analysis results written to: 
  IQ-TREE report:                exp_stable_0.001/m1_sel1_rep1/iqtree_out.iqtree
  Maximum-likelihood tree:       exp_stable_0.001/m1_sel1_rep1/iqtree_out.treefile
  Likelihood distances:          exp_stable_0.001/m1_sel1_rep1/iqtree_out.mldist
  Screen log file:               exp_stable_0.001/m1_sel1_rep1/iqtree_out.log

Date and Time: Sun May 17 02:11:36 2026
