IQ-TREE version 3.1.1 for MacOS ARM 64-bit built Apr  8 2026
Developed by Bui Quang Minh, Thomas Wong, Nhan Ly-Trong, Huaiyan Ren
Contributed by Lam-Tung Nguyen, Dominik Schrempf, Chris Bielow,
Olga Chernomor, Michael Woodhams, Diep Thi Hoang, Heiko Schmidt

Host:    Noutbuk-maria.local (SSE4.2, 16 GB RAM)
Command: iqtree -s exp_baseline/m10_sel1000_rep4/combined.fasta -m JC -nt AUTO -pre exp_baseline/m10_sel1000_rep4/iqtree_out -seed 1001442 -redo
Seed:    1001442 (Using SPRNG - Scalable Parallel Random Number Generator)
Time:    Tue May 12 14:36:18 2026
Kernel:  SSE2 - auto-detect threads (8 CPU cores detected)

Reading alignment file exp_baseline/m10_sel1000_rep4/combined.fasta ... Fasta format detected
Reading fasta file: done in 0.000700951 secs using 91.02% CPU
Alignment most likely contains DNA/RNA sequences
Constructing alignment: done in 0.0012939 secs using 55.26% CPU
Alignment has 30 sequences with 3000 columns, 2016 distinct patterns
2907 parsimony-informative, 0 singleton sites, 93 constant sites
          Gap/Ambiguity  Composition  p-value
Analyzing sequences: done in 4.3869e-05 secs using 262.1% CPU
   1  taxon_1     0.00%    passed     74.33%
   2  taxon_2     0.00%    passed     56.76%
   3  taxon_3     0.00%    passed     19.29%
   4  taxon_4     0.00%    passed     68.63%
   5  taxon_5     0.00%    passed     27.90%
   6  taxon_6     0.00%    passed     14.20%
   7  taxon_7     0.00%    passed     19.70%
   8  taxon_8     0.00%    passed     98.42%
   9  taxon_9     0.00%    passed     70.91%
  10  taxon_10    0.00%    passed     10.89%
  11  taxon_11    0.00%    passed     71.76%
  12  taxon_12    0.00%    passed     97.92%
  13  taxon_13    0.00%    passed     76.25%
  14  taxon_14    0.00%    passed     26.94%
  15  taxon_15    0.00%    passed     48.64%
  16  taxon_16    0.00%    passed     46.31%
  17  taxon_17    0.00%    passed     80.98%
  18  taxon_18    0.00%    passed     57.17%
  19  taxon_19    0.00%    passed     66.59%
  20  taxon_20    0.00%    passed     91.38%
  21  taxon_21    0.00%    passed     28.57%
  22  taxon_22    0.00%    passed     91.49%
  23  taxon_23    0.00%    passed     45.94%
  24  taxon_24    0.00%    passed     48.87%
  25  taxon_25    0.00%    passed     75.15%
  26  taxon_26    0.00%    passed     97.13%
  27  taxon_27    0.00%    passed     81.40%
  28  taxon_28    0.00%    passed     87.13%
  29  taxon_29    0.00%    passed     23.70%
  30  taxon_30    0.00%    passed     32.32%
****  TOTAL       0.00%  0 sequences failed composition chi2 test (p-value<5%; df=3)
Checking for duplicate sequences: done in 0.000133038 secs using 90.2% CPU

Create initial parsimony tree by phylogenetic likelihood library (PLL)... 0.002 seconds

NOTE: 1 MB RAM (0 GB) is required!
Measuring multi-threading efficiency up to 8 CPU cores
Increase to 10 rounds for branch lengths
423 trees examined
Threads: 1 / Time: 8.006 sec / Speedup: 1.000 / Efficiency: 100% / LogL: -110201
Threads: 2 / Time: 8.546 sec / Speedup: 0.937 / Efficiency: 47% / LogL: -110201
Determining AUTO threadcount: done in 16.5526 secs using 107.7% CPU
BEST NUMBER OF THREADS: 1

Estimate model parameters (epsilon = 0.100)
1. Initial log-likelihood: -95716.967
Optimal log-likelihood: -95388.540
Rate parameters:  A-C: 1.00000  A-G: 1.00000  A-T: 1.00000  C-G: 1.00000  C-T: 1.00000  G-T: 1.00000
Base frequencies:  A: 0.250  C: 0.250  G: 0.250  T: 0.250
Parameters optimization took 1 rounds (0.010 sec)
Wrote distance file to... 
Computing ML distances based on estimated model parameters...
Calculating distance matrix: done in 0.00137091 secs using 98.55% CPU
Computing ML distances took 0.001534 sec (of wall-clock time) 0.001497 sec (of CPU time)
WARNING: Some pairwise ML distances are too long (saturated)
Setting up auxiliary I and S matrices: done in 2.90871e-05 secs using 68.76% CPU
Constructing RapidNJ tree: done in 5.50747e-05 secs using 158% CPU
Computing RapidNJ tree took 0.000117 sec (of wall-clock time) 0.000139 sec (of CPU time)
Log-likelihood of RapidNJ tree: -96157.235
--------------------------------------------------------------------
|             INITIALIZING CANDIDATE TREE SET                      |
--------------------------------------------------------------------
Generating 98 parsimony trees... 0.342 second
Computing log-likelihood of 98 initial trees ... 0.241 seconds
Current best score: -95388.540

Do NNI search on 20 best initial trees
Estimate model parameters (epsilon = 0.100)
BETTER TREE FOUND at iteration 1: -95385.536
Estimate model parameters (epsilon = 0.100)
BETTER TREE FOUND at iteration 3: -95384.498
Iteration 10 / LogL: -95387.792 / Time: 0h:0m:17s
Iteration 20 / LogL: -95384.540 / Time: 0h:0m:17s
Finish initializing candidate tree set (4)
Current best tree score: -95384.498 / CPU time: 1.313
Number of iterations: 20
--------------------------------------------------------------------
|               OPTIMIZING CANDIDATE TREE SET                      |
--------------------------------------------------------------------
Iteration 30 / LogL: -95392.005 / Time: 0h:0m:18s (0h:0m:46s left)
Iteration 40 / LogL: -95388.621 / Time: 0h:0m:18s (0h:0m:30s left)
Iteration 50 / LogL: -95384.580 / Time: 0h:0m:19s (0h:0m:20s left)
Iteration 60 / LogL: -95384.554 / Time: 0h:0m:19s (0h:0m:14s left)
Iteration 70 / LogL: -96355.571 / Time: 0h:0m:20s (0h:0m:9s left)
Iteration 80 / LogL: -95385.940 / Time: 0h:0m:20s (0h:0m:6s left)
Iteration 90 / LogL: -95384.569 / Time: 0h:0m:21s (0h:0m:3s left)
Iteration 100 / LogL: -95395.932 / Time: 0h:0m:21s (0h:0m:0s left)
TREE SEARCH COMPLETED AFTER 104 ITERATIONS / Time: 0h:0m:21s

--------------------------------------------------------------------
|                    FINALIZING TREE SEARCH                        |
--------------------------------------------------------------------
Performs final model parameters optimization
Estimate model parameters (epsilon = 0.010)
1. Initial log-likelihood: -95384.498
Optimal log-likelihood: -95384.497
Rate parameters:  A-C: 1.00000  A-G: 1.00000  A-T: 1.00000  C-G: 1.00000  C-T: 1.00000  G-T: 1.00000
Base frequencies:  A: 0.250  C: 0.250  G: 0.250  T: 0.250
Parameters optimization took 1 rounds (0.003 sec)
BEST SCORE FOUND : -95384.497
Total tree length: 12.355

Total number of iterations: 104
CPU time used for tree search: 5.031 sec (0h:0m:5s)
Wall-clock time used for tree search: 5.142 sec (0h:0m:5s)
Total CPU time used: 22.897 sec (0h:0m:22s)
Total wall-clock time used: 21.734 sec (0h:0m:21s)

Analysis results written to: 
  IQ-TREE report:                exp_baseline/m10_sel1000_rep4/iqtree_out.iqtree
  Maximum-likelihood tree:       exp_baseline/m10_sel1000_rep4/iqtree_out.treefile
  Likelihood distances:          exp_baseline/m10_sel1000_rep4/iqtree_out.mldist
  Screen log file:               exp_baseline/m10_sel1000_rep4/iqtree_out.log

Date and Time: Tue May 12 14:36:40 2026
