IQ-TREE version 3.1.1 for MacOS ARM 64-bit built Apr  8 2026
Developed by Bui Quang Minh, Thomas Wong, Nhan Ly-Trong, Huaiyan Ren
Contributed by Lam-Tung Nguyen, Dominik Schrempf, Chris Bielow,
Olga Chernomor, Michael Woodhams, Diep Thi Hoang, Heiko Schmidt

Host:    Noutbuk-maria.local (SSE4.2, 16 GB RAM)
Command: iqtree -s exp_baseline/m2_sel500_rep4/combined.fasta -m JC -nt AUTO -pre exp_baseline/m2_sel500_rep4/iqtree_out -seed 500642 -redo
Seed:    500642 (Using SPRNG - Scalable Parallel Random Number Generator)
Time:    Tue May 12 14:09:55 2026
Kernel:  SSE2 - auto-detect threads (8 CPU cores detected)

Reading alignment file exp_baseline/m2_sel500_rep4/combined.fasta ... Fasta format detected
Reading fasta file: done in 0.000584126 secs using 91.08% CPU
Alignment most likely contains DNA/RNA sequences
Constructing alignment: done in 0.00110292 secs using 56.49% CPU
Alignment has 30 sequences with 2500 columns, 2016 distinct patterns
2309 parsimony-informative, 0 singleton sites, 191 constant sites
          Gap/Ambiguity  Composition  p-value
Analyzing sequences: done in 5.6982e-05 secs using 201.8% CPU
   1  taxon_1     0.00%    passed     78.59%
   2  taxon_2     0.00%    passed     51.87%
   3  taxon_3     0.00%    passed     84.00%
   4  taxon_4     0.00%    passed     90.78%
   5  taxon_5     0.00%    passed     55.49%
   6  taxon_6     0.00%    passed     91.85%
   7  taxon_7     0.00%    passed     59.56%
   8  taxon_8     0.00%    passed     81.81%
   9  taxon_9     0.00%    passed     82.49%
  10  taxon_10    0.00%    passed     54.02%
  11  taxon_11    0.00%    passed     78.66%
  12  taxon_12    0.00%    passed     54.76%
  13  taxon_13    0.00%    passed     92.48%
  14  taxon_14    0.00%    passed     47.28%
  15  taxon_15    0.00%    passed     41.92%
  16  taxon_16    0.00%    passed     87.47%
  17  taxon_17    0.00%    passed     11.06%
  18  taxon_18    0.00%    passed     38.82%
  19  taxon_19    0.00%    passed     23.43%
  20  taxon_20    0.00%    passed     53.05%
  21  taxon_21    0.00%    passed     72.22%
  22  taxon_22    0.00%    passed     36.14%
  23  taxon_23    0.00%    passed     71.13%
  24  taxon_24    0.00%    passed     77.94%
  25  taxon_25    0.00%    passed     81.13%
  26  taxon_26    0.00%    passed     66.44%
  27  taxon_27    0.00%    passed     17.71%
  28  taxon_28    0.00%    passed     57.74%
  29  taxon_29    0.00%    passed     46.10%
  30  taxon_30    0.00%    passed     71.91%
****  TOTAL       0.00%  0 sequences failed composition chi2 test (p-value<5%; df=3)
Checking for duplicate sequences: done in 0.000127792 secs using 93.12% CPU

Create initial parsimony tree by phylogenetic likelihood library (PLL)... 0.002 seconds

NOTE: 1 MB RAM (0 GB) is required!
Measuring multi-threading efficiency up to 8 CPU cores
Increase to 10 rounds for branch lengths
405 trees examined
Threads: 1 / Time: 8.007 sec / Speedup: 1.000 / Efficiency: 100% / LogL: -95701
Threads: 2 / Time: 8.716 sec / Speedup: 0.919 / Efficiency: 46% / LogL: -95701
Determining AUTO threadcount: done in 16.7236 secs using 108.7% CPU
BEST NUMBER OF THREADS: 1

Estimate model parameters (epsilon = 0.100)
1. Initial log-likelihood: -85563.478
Optimal log-likelihood: -85105.769
Rate parameters:  A-C: 1.00000  A-G: 1.00000  A-T: 1.00000  C-G: 1.00000  C-T: 1.00000  G-T: 1.00000
Base frequencies:  A: 0.250  C: 0.250  G: 0.250  T: 0.250
Parameters optimization took 1 rounds (0.012 sec)
Wrote distance file to... 
Computing ML distances based on estimated model parameters...
Calculating distance matrix: done in 0.00155783 secs using 99.43% CPU
Computing ML distances took 0.001695 sec (of wall-clock time) 0.001676 sec (of CPU time)
Setting up auxiliary I and S matrices: done in 2.69413e-05 secs using 74.24% CPU
Constructing RapidNJ tree: done in 5.10216e-05 secs using 162.7% CPU
Computing RapidNJ tree took 0.000102 sec (of wall-clock time) 0.000127 sec (of CPU time)
Log-likelihood of RapidNJ tree: -85146.488
--------------------------------------------------------------------
|             INITIALIZING CANDIDATE TREE SET                      |
--------------------------------------------------------------------
Generating 98 parsimony trees... 0.279 second
Computing log-likelihood of 98 initial trees ... 0.229 seconds
Current best score: -85105.769

Do NNI search on 20 best initial trees
Estimate model parameters (epsilon = 0.100)
BETTER TREE FOUND at iteration 1: -85066.144
Estimate model parameters (epsilon = 0.100)
BETTER TREE FOUND at iteration 2: -84956.626
Iteration 10 / LogL: -85026.883 / Time: 0h:0m:17s
Iteration 20 / LogL: -85082.381 / Time: 0h:0m:18s
Finish initializing candidate tree set (15)
Current best tree score: -84956.626 / CPU time: 1.284
Number of iterations: 20
--------------------------------------------------------------------
|               OPTIMIZING CANDIDATE TREE SET                      |
--------------------------------------------------------------------
Estimate model parameters (epsilon = 0.100)
BETTER TREE FOUND at iteration 26: -84953.103
Iteration 30 / LogL: -84958.414 / Time: 0h:0m:18s (0h:1m:1s left)
Iteration 40 / LogL: -85197.824 / Time: 0h:0m:18s (0h:0m:41s left)
Iteration 50 / LogL: -84960.837 / Time: 0h:0m:19s (0h:0m:29s left)
Iteration 60 / LogL: -84953.256 / Time: 0h:0m:19s (0h:0m:21s left)
Iteration 70 / LogL: -84961.411 / Time: 0h:0m:20s (0h:0m:16s left)
Iteration 80 / LogL: -84954.653 / Time: 0h:0m:20s (0h:0m:11s left)
Iteration 90 / LogL: -84953.619 / Time: 0h:0m:20s (0h:0m:8s left)
Iteration 100 / LogL: -84958.608 / Time: 0h:0m:21s (0h:0m:5s left)
Iteration 110 / LogL: -84965.288 / Time: 0h:0m:21s (0h:0m:3s left)
Iteration 120 / LogL: -84959.744 / Time: 0h:0m:22s (0h:0m:1s left)
TREE SEARCH COMPLETED AFTER 127 ITERATIONS / Time: 0h:0m:22s

--------------------------------------------------------------------
|                    FINALIZING TREE SEARCH                        |
--------------------------------------------------------------------
Performs final model parameters optimization
Estimate model parameters (epsilon = 0.010)
1. Initial log-likelihood: -84953.103
Optimal log-likelihood: -84953.098
Rate parameters:  A-C: 1.00000  A-G: 1.00000  A-T: 1.00000  C-G: 1.00000  C-T: 1.00000  G-T: 1.00000
Base frequencies:  A: 0.250  C: 0.250  G: 0.250  T: 0.250
Parameters optimization took 1 rounds (0.003 sec)
BEST SCORE FOUND : -84953.098
Total tree length: 15.570

Total number of iterations: 127
CPU time used for tree search: 5.563 sec (0h:0m:5s)
Wall-clock time used for tree search: 5.578 sec (0h:0m:5s)
Total CPU time used: 23.790 sec (0h:0m:23s)
Total wall-clock time used: 22.342 sec (0h:0m:22s)

Analysis results written to: 
  IQ-TREE report:                exp_baseline/m2_sel500_rep4/iqtree_out.iqtree
  Maximum-likelihood tree:       exp_baseline/m2_sel500_rep4/iqtree_out.treefile
  Likelihood distances:          exp_baseline/m2_sel500_rep4/iqtree_out.mldist
  Screen log file:               exp_baseline/m2_sel500_rep4/iqtree_out.log

Date and Time: Tue May 12 14:10:17 2026
