IQ-TREE version 3.1.1 for MacOS ARM 64-bit built Apr  8 2026
Developed by Bui Quang Minh, Thomas Wong, Nhan Ly-Trong, Huaiyan Ren
Contributed by Lam-Tung Nguyen, Dominik Schrempf, Chris Bielow,
Olga Chernomor, Michael Woodhams, Diep Thi Hoang, Heiko Schmidt

Host:    Noutbuk-maria.local (SSE4.2, 16 GB RAM)
Command: iqtree -s exp_baseline/m20_sel0_rep5/combined.fasta -m JC -nt AUTO -pre exp_baseline/m20_sel0_rep5/iqtree_out -seed 2542 -redo
Seed:    2542 (Using SPRNG - Scalable Parallel Random Number Generator)
Time:    Tue May 12 14:39:18 2026
Kernel:  SSE2 - auto-detect threads (8 CPU cores detected)

Reading alignment file exp_baseline/m20_sel0_rep5/combined.fasta ... Fasta format detected
Reading fasta file: done in 0.000478029 secs using 90.58% CPU
NOTE: Change sequence name 'taxon 1' -> taxon_1
NOTE: Change sequence name 'taxon 2' -> taxon_2
NOTE: Change sequence name 'taxon 3' -> taxon_3
NOTE: Change sequence name 'taxon 4' -> taxon_4
NOTE: Change sequence name 'taxon 5' -> taxon_5
NOTE: Change sequence name 'taxon 6' -> taxon_6
NOTE: Change sequence name 'taxon 7' -> taxon_7
NOTE: Change sequence name 'taxon 8' -> taxon_8
NOTE: Change sequence name 'taxon 9' -> taxon_9
NOTE: Change sequence name 'taxon 10' -> taxon_10
NOTE: Change sequence name 'taxon 11' -> taxon_11
NOTE: Change sequence name 'taxon 12' -> taxon_12
NOTE: Change sequence name 'taxon 13' -> taxon_13
NOTE: Change sequence name 'taxon 14' -> taxon_14
NOTE: Change sequence name 'taxon 15' -> taxon_15
NOTE: Change sequence name 'taxon 16' -> taxon_16
NOTE: Change sequence name 'taxon 17' -> taxon_17
NOTE: Change sequence name 'taxon 18' -> taxon_18
NOTE: Change sequence name 'taxon 19' -> taxon_19
NOTE: Change sequence name 'taxon 20' -> taxon_20
NOTE: Change sequence name 'taxon 21' -> taxon_21
NOTE: Change sequence name 'taxon 22' -> taxon_22
NOTE: Change sequence name 'taxon 23' -> taxon_23
NOTE: Change sequence name 'taxon 24' -> taxon_24
NOTE: Change sequence name 'taxon 25' -> taxon_25
NOTE: Change sequence name 'taxon 26' -> taxon_26
NOTE: Change sequence name 'taxon 27' -> taxon_27
NOTE: Change sequence name 'taxon 28' -> taxon_28
NOTE: Change sequence name 'taxon 29' -> taxon_29
NOTE: Change sequence name 'taxon 30' -> taxon_30
Alignment most likely contains DNA/RNA sequences
Constructing alignment: done in 0.000902176 secs using 59.74% CPU
Alignment has 30 sequences with 2000 columns, 2000 distinct patterns
2000 parsimony-informative, 0 singleton sites, 0 constant sites
          Gap/Ambiguity  Composition  p-value
Analyzing sequences: done in 5.50747e-05 secs using 212.4% CPU
   1  taxon_1     0.00%    passed     96.05%
   2  taxon_2     0.00%    passed     82.57%
   3  taxon_3     0.00%    passed     87.06%
   4  taxon_4     0.00%    passed     63.22%
   5  taxon_5     0.00%    passed     32.48%
   6  taxon_6     0.00%    passed     84.37%
   7  taxon_7     0.00%    passed     40.33%
   8  taxon_8     0.00%    passed     98.67%
   9  taxon_9     0.00%    passed     22.09%
  10  taxon_10    0.00%    passed     42.89%
  11  taxon_11    0.00%    passed     91.99%
  12  taxon_12    0.00%    passed     54.09%
  13  taxon_13    0.00%    passed     69.34%
  14  taxon_14    0.00%    passed     45.34%
  15  taxon_15    0.00%    passed     52.89%
  16  taxon_16    0.00%    passed     72.28%
  17  taxon_17    0.00%    passed     30.40%
  18  taxon_18    0.00%    passed     58.29%
  19  taxon_19    0.00%    passed     94.44%
  20  taxon_20    0.00%    passed     34.76%
  21  taxon_21    0.00%    passed     71.12%
  22  taxon_22    0.00%    passed     84.54%
  23  taxon_23    0.00%    passed     16.62%
  24  taxon_24    0.00%    passed     88.07%
  25  taxon_25    0.00%    passed     48.01%
  26  taxon_26    0.00%    passed     70.67%
  27  taxon_27    0.00%    passed     70.07%
  28  taxon_28    0.00%    passed     29.88%
  29  taxon_29    0.00%    passed     40.30%
  30  taxon_30    0.00%    passed     18.09%
****  TOTAL       0.00%  0 sequences failed composition chi2 test (p-value<5%; df=3)
Checking for duplicate sequences: done in 0.000130892 secs using 90.15% CPU

Create initial parsimony tree by phylogenetic likelihood library (PLL)... 0.002 seconds

NOTE: 1 MB RAM (0 GB) is required!
Measuring multi-threading efficiency up to 8 CPU cores
Increase to 10 rounds for branch lengths
393 trees examined
Threads: 1 / Time: 8.001 sec / Speedup: 1.000 / Efficiency: 100% / LogL: -78516
Threads: 2 / Time: 8.647 sec / Speedup: 0.925 / Efficiency: 46% / LogL: -78516
Determining AUTO threadcount: done in 16.648 secs using 107.8% CPU
BEST NUMBER OF THREADS: 1

Estimate model parameters (epsilon = 0.100)
1. Initial log-likelihood: -72966.151
Optimal log-likelihood: -72502.914
Rate parameters:  A-C: 1.00000  A-G: 1.00000  A-T: 1.00000  C-G: 1.00000  C-T: 1.00000  G-T: 1.00000
Base frequencies:  A: 0.250  C: 0.250  G: 0.250  T: 0.250
Parameters optimization took 1 rounds (0.014 sec)
Wrote distance file to... 
Computing ML distances based on estimated model parameters...
Calculating distance matrix: done in 0.00121498 secs using 99.34% CPU
Computing ML distances took 0.001348 sec (of wall-clock time) 0.001333 sec (of CPU time)
WARNING: Some pairwise ML distances are too long (saturated)
Setting up auxiliary I and S matrices: done in 2.5034e-05 secs using 75.9% CPU
Constructing RapidNJ tree: done in 5.10216e-05 secs using 166.6% CPU
Computing RapidNJ tree took 0.000099 sec (of wall-clock time) 0.000126 sec (of CPU time)
Log-likelihood of RapidNJ tree: -72494.231
--------------------------------------------------------------------
|             INITIALIZING CANDIDATE TREE SET                      |
--------------------------------------------------------------------
Generating 98 parsimony trees... 0.272 second
Computing log-likelihood of 98 initial trees ... 0.248 seconds
Current best score: -72494.231

Do NNI search on 20 best initial trees
Estimate model parameters (epsilon = 0.100)
BETTER TREE FOUND at iteration 1: -72485.170
Estimate model parameters (epsilon = 0.100)
UPDATE BEST LOG-LIKELIHOOD: -72484.994
Iteration 10 / LogL: -72495.187 / Time: 0h:0m:17s
Iteration 20 / LogL: -72490.239 / Time: 0h:0m:18s
Finish initializing candidate tree set (11)
Current best tree score: -72484.994 / CPU time: 1.998
Number of iterations: 20
--------------------------------------------------------------------
|               OPTIMIZING CANDIDATE TREE SET                      |
--------------------------------------------------------------------
UPDATE BEST LOG-LIKELIHOOD: -72484.993
Iteration 30 / LogL: -72490.548 / Time: 0h:0m:19s (0h:0m:47s left)
Iteration 40 / LogL: -72485.407 / Time: 0h:0m:20s (0h:0m:31s left)
Iteration 50 / LogL: -72485.497 / Time: 0h:0m:20s (0h:0m:21s left)
Iteration 60 / LogL: -72485.265 / Time: 0h:0m:21s (0h:0m:15s left)
Estimate model parameters (epsilon = 0.100)
UPDATE BEST LOG-LIKELIHOOD: -72484.903
Iteration 70 / LogL: -72485.444 / Time: 0h:0m:22s (0h:0m:10s left)
Iteration 80 / LogL: -72485.174 / Time: 0h:0m:23s (0h:0m:6s left)
Iteration 90 / LogL: -72485.237 / Time: 0h:0m:24s (0h:0m:2s left)
Iteration 100 / LogL: -72485.420 / Time: 0h:0m:25s (0h:0m:0s left)
TREE SEARCH COMPLETED AFTER 102 ITERATIONS / Time: 0h:0m:25s

--------------------------------------------------------------------
|                    FINALIZING TREE SEARCH                        |
--------------------------------------------------------------------
Performs final model parameters optimization
Estimate model parameters (epsilon = 0.010)
1. Initial log-likelihood: -72484.903
Optimal log-likelihood: -72484.899
Rate parameters:  A-C: 1.00000  A-G: 1.00000  A-T: 1.00000  C-G: 1.00000  C-T: 1.00000  G-T: 1.00000
Base frequencies:  A: 0.250  C: 0.250  G: 0.250  T: 0.250
Parameters optimization took 1 rounds (0.003 sec)
BEST SCORE FOUND : -72484.899
Total tree length: 20.177

Total number of iterations: 102
CPU time used for tree search: 8.543 sec (0h:0m:8s)
Wall-clock time used for tree search: 8.572 sec (0h:0m:8s)
Total CPU time used: 26.532 sec (0h:0m:26s)
Total wall-clock time used: 25.268 sec (0h:0m:25s)

Analysis results written to: 
  IQ-TREE report:                exp_baseline/m20_sel0_rep5/iqtree_out.iqtree
  Maximum-likelihood tree:       exp_baseline/m20_sel0_rep5/iqtree_out.treefile
  Likelihood distances:          exp_baseline/m20_sel0_rep5/iqtree_out.mldist
  Screen log file:               exp_baseline/m20_sel0_rep5/iqtree_out.log

Date and Time: Tue May 12 14:39:44 2026
