IQ-TREE version 3.1.1 for MacOS ARM 64-bit built Apr  8 2026
Developed by Bui Quang Minh, Thomas Wong, Nhan Ly-Trong, Huaiyan Ren
Contributed by Lam-Tung Nguyen, Dominik Schrempf, Chris Bielow,
Olga Chernomor, Michael Woodhams, Diep Thi Hoang, Heiko Schmidt

Host:    Noutbuk-maria.local (SSE4.2, 16 GB RAM)
Command: iqtree -s exp_stable_0.001/m5_sel1_rep4/neutral.fasta -m JC -nt AUTO -pre exp_stable_0.001/m5_sel1_rep4/iqtree_out -seed 1942 -redo
Seed:    1942 (Using SPRNG - Scalable Parallel Random Number Generator)
Time:    Mon May 18 21:29:53 2026
Kernel:  SSE2 - auto-detect threads (8 CPU cores detected)

Reading alignment file exp_stable_0.001/m5_sel1_rep4/neutral.fasta ... Fasta format detected
Reading fasta file: done in 0.00118303 secs using 90.11% CPU
Alignment most likely contains DNA/RNA sequences
Constructing alignment: done in 0.00125599 secs using 60.67% CPU
Alignment has 50 sequences with 3000 columns, 815 distinct patterns
264 parsimony-informative, 959 singleton sites, 1777 constant sites
          Gap/Ambiguity  Composition  p-value
Analyzing sequences: done in 4.19617e-05 secs using 181.1% CPU
   1  taxon_1     0.00%    passed     99.61%
   2  taxon_2     0.00%    passed     99.41%
   3  taxon_3     0.00%    passed     99.99%
   4  taxon_4     0.00%    passed     99.63%
   5  taxon_5     0.00%    passed     99.71%
   6  taxon_6     0.00%    passed     98.48%
   7  taxon_7     0.00%    passed     97.53%
   8  taxon_8     0.00%    passed     99.62%
   9  taxon_9     0.00%    passed     99.43%
  10  taxon_10    0.00%    passed     99.07%
  11  taxon_11    0.00%    passed     99.51%
  12  taxon_12    0.00%    passed     99.92%
  13  taxon_13    0.00%    passed     99.47%
  14  taxon_14    0.00%    passed     99.53%
  15  taxon_15    0.00%    passed     99.85%
  16  taxon_16    0.00%    passed     99.74%
  17  taxon_17    0.00%    passed     98.89%
  18  taxon_18    0.00%    passed     99.89%
  19  taxon_19    0.00%    passed     98.56%
  20  taxon_20    0.00%    passed     98.62%
  21  taxon_21    0.00%    passed     99.63%
  22  taxon_22    0.00%    passed     99.58%
  23  taxon_23    0.00%    passed     99.55%
  24  taxon_24    0.00%    passed     99.10%
  25  taxon_25    0.00%    passed     99.20%
  26  taxon_26    0.00%    passed     99.99%
  27  taxon_27    0.00%    passed     99.77%
  28  taxon_28    0.00%    passed     98.05%
  29  taxon_29    0.00%    passed     96.83%
  30  taxon_30    0.00%    passed     99.60%
  31  taxon_31    0.00%    passed     99.06%
  32  taxon_32    0.00%    passed     98.09%
  33  taxon_33    0.00%    passed     98.92%
  34  taxon_34    0.00%    passed     98.31%
  35  taxon_35    0.00%    passed     99.95%
  36  taxon_36    0.00%    passed     98.90%
  37  taxon_37    0.00%    passed     99.83%
  38  taxon_38    0.00%    passed     99.83%
  39  taxon_39    0.00%    passed     99.92%
  40  taxon_40    0.00%    passed     99.91%
  41  taxon_41    0.00%    passed     99.92%
  42  taxon_42    0.00%    passed     99.41%
  43  taxon_43    0.00%    passed     98.02%
  44  taxon_44    0.00%    passed     99.85%
  45  taxon_45    0.00%    passed     98.96%
  46  taxon_46    0.00%    passed     98.86%
  47  taxon_47    0.00%    passed     99.15%
  48  taxon_48    0.00%    passed     97.38%
  49  taxon_49    0.00%    passed     95.03%
  50  taxon_50    0.00%    passed     96.84%
****  TOTAL       0.00%  0 sequences failed composition chi2 test (p-value<5%; df=3)
Checking for duplicate sequences: done in 0.000110149 secs using 83.52% CPU

Create initial parsimony tree by phylogenetic likelihood library (PLL)... 0.002 seconds

NOTE: 1 MB RAM (0 GB) is required!
Measuring multi-threading efficiency up to 8 CPU cores
Increase to 10 rounds for branch lengths
1294 trees examined
Threads: 1 / Time: 8.003 sec / Speedup: 1.000 / Efficiency: 100% / LogL: -17170
Threads: 2 / Time: 9.522 sec / Speedup: 0.840 / Efficiency: 42% / LogL: -17170
Determining AUTO threadcount: done in 17.5255 secs using 106.3% CPU
BEST NUMBER OF THREADS: 1

Estimate model parameters (epsilon = 0.100)
1. Initial log-likelihood: -14963.315
Optimal log-likelihood: -14961.532
Rate parameters:  A-C: 1.00000  A-G: 1.00000  A-T: 1.00000  C-G: 1.00000  C-T: 1.00000  G-T: 1.00000
Base frequencies:  A: 0.250  C: 0.250  G: 0.250  T: 0.250
Parameters optimization took 1 rounds (0.003 sec)
Wrote distance file to... 
Computing ML distances based on estimated model parameters...
Calculating distance matrix: done in 0.00310302 secs using 82.92% CPU
Computing ML distances took 0.003188 sec (of wall-clock time) 0.002653 sec (of CPU time)
Setting up auxiliary I and S matrices: done in 4.3869e-05 secs using 82.06% CPU
Constructing RapidNJ tree: done in 0.000114918 secs using 174.9% CPU
Computing RapidNJ tree took 0.000183 sec (of wall-clock time) 0.000254 sec (of CPU time)
Log-likelihood of RapidNJ tree: -15046.679
--------------------------------------------------------------------
|             INITIALIZING CANDIDATE TREE SET                      |
--------------------------------------------------------------------
Generating 98 parsimony trees... 0.184 second
Computing log-likelihood of 98 initial trees ... 0.160 seconds
Current best score: -14961.529

Do NNI search on 20 best initial trees
Estimate model parameters (epsilon = 0.100)
BETTER TREE FOUND at iteration 1: -14961.528
BETTER TREE FOUND at iteration 2: -14961.528
Iteration 10 / LogL: -14961.528 / Time: 0h:0m:17s
BETTER TREE FOUND at iteration 12: -14961.528
BETTER TREE FOUND at iteration 14: -14961.528
Iteration 20 / LogL: -14961.528 / Time: 0h:0m:18s
Finish initializing candidate tree set (18)
Current best tree score: -14961.528 / CPU time: 0.491
Number of iterations: 20
--------------------------------------------------------------------
|               OPTIMIZING CANDIDATE TREE SET                      |
--------------------------------------------------------------------
Iteration 30 / LogL: -14961.554 / Time: 0h:0m:18s (0h:0m:52s left)
Iteration 40 / LogL: -14961.539 / Time: 0h:0m:18s (0h:0m:35s left)
Iteration 50 / LogL: -14961.536 / Time: 0h:0m:18s (0h:0m:24s left)
Iteration 60 / LogL: -14961.544 / Time: 0h:0m:19s (0h:0m:17s left)
Iteration 70 / LogL: -14961.545 / Time: 0h:0m:19s (0h:0m:12s left)
Iteration 80 / LogL: -14961.533 / Time: 0h:0m:19s (0h:0m:8s left)
Iteration 90 / LogL: -14961.552 / Time: 0h:0m:19s (0h:0m:5s left)
Iteration 100 / LogL: -14961.555 / Time: 0h:0m:20s (0h:0m:2s left)
Iteration 110 / LogL: -14961.548 / Time: 0h:0m:20s (0h:0m:0s left)
TREE SEARCH COMPLETED AFTER 115 ITERATIONS / Time: 0h:0m:20s

--------------------------------------------------------------------
|                    FINALIZING TREE SEARCH                        |
--------------------------------------------------------------------
Performs final model parameters optimization
Estimate model parameters (epsilon = 0.010)
1. Initial log-likelihood: -14961.528
Optimal log-likelihood: -14961.528
Rate parameters:  A-C: 1.00000  A-G: 1.00000  A-T: 1.00000  C-G: 1.00000  C-T: 1.00000  G-T: 1.00000
Base frequencies:  A: 0.250  C: 0.250  G: 0.250  T: 0.250
Parameters optimization took 1 rounds (0.004 sec)
BEST SCORE FOUND : -14961.528
Total tree length: 0.527

Total number of iterations: 115
CPU time used for tree search: 2.885 sec (0h:0m:2s)
Wall-clock time used for tree search: 2.888 sec (0h:0m:2s)
Total CPU time used: 21.540 sec (0h:0m:21s)
Total wall-clock time used: 20.440 sec (0h:0m:20s)

Analysis results written to: 
  IQ-TREE report:                exp_stable_0.001/m5_sel1_rep4/iqtree_out.iqtree
  Maximum-likelihood tree:       exp_stable_0.001/m5_sel1_rep4/iqtree_out.treefile
  Likelihood distances:          exp_stable_0.001/m5_sel1_rep4/iqtree_out.mldist
  Screen log file:               exp_stable_0.001/m5_sel1_rep4/iqtree_out.log

Date and Time: Mon May 18 21:30:14 2026
