IQ-TREE version 3.1.1 for MacOS ARM 64-bit built Apr  8 2026
Developed by Bui Quang Minh, Thomas Wong, Nhan Ly-Trong, Huaiyan Ren
Contributed by Lam-Tung Nguyen, Dominik Schrempf, Chris Bielow,
Olga Chernomor, Michael Woodhams, Diep Thi Hoang, Heiko Schmidt

Host:    Noutbuk-maria.local (SSE4.2, 16 GB RAM)
Command: iqtree -s exp_baseline/m100_sel0_rep5/combined.fasta -m JC -nt AUTO -pre exp_baseline/m100_sel0_rep5/iqtree_out -seed 10542 -redo
Seed:    10542 (Using SPRNG - Scalable Parallel Random Number Generator)
Time:    Tue May 12 15:03:42 2026
Kernel:  SSE2 - auto-detect threads (8 CPU cores detected)

Reading alignment file exp_baseline/m100_sel0_rep5/combined.fasta ... Fasta format detected
Reading fasta file: done in 0.000479937 secs using 90.64% CPU
NOTE: Change sequence name 'taxon 1' -> taxon_1
NOTE: Change sequence name 'taxon 2' -> taxon_2
NOTE: Change sequence name 'taxon 3' -> taxon_3
NOTE: Change sequence name 'taxon 4' -> taxon_4
NOTE: Change sequence name 'taxon 5' -> taxon_5
NOTE: Change sequence name 'taxon 6' -> taxon_6
NOTE: Change sequence name 'taxon 7' -> taxon_7
NOTE: Change sequence name 'taxon 8' -> taxon_8
NOTE: Change sequence name 'taxon 9' -> taxon_9
NOTE: Change sequence name 'taxon 10' -> taxon_10
NOTE: Change sequence name 'taxon 11' -> taxon_11
NOTE: Change sequence name 'taxon 12' -> taxon_12
NOTE: Change sequence name 'taxon 13' -> taxon_13
NOTE: Change sequence name 'taxon 14' -> taxon_14
NOTE: Change sequence name 'taxon 15' -> taxon_15
NOTE: Change sequence name 'taxon 16' -> taxon_16
NOTE: Change sequence name 'taxon 17' -> taxon_17
NOTE: Change sequence name 'taxon 18' -> taxon_18
NOTE: Change sequence name 'taxon 19' -> taxon_19
NOTE: Change sequence name 'taxon 20' -> taxon_20
NOTE: Change sequence name 'taxon 21' -> taxon_21
NOTE: Change sequence name 'taxon 22' -> taxon_22
NOTE: Change sequence name 'taxon 23' -> taxon_23
NOTE: Change sequence name 'taxon 24' -> taxon_24
NOTE: Change sequence name 'taxon 25' -> taxon_25
NOTE: Change sequence name 'taxon 26' -> taxon_26
NOTE: Change sequence name 'taxon 27' -> taxon_27
NOTE: Change sequence name 'taxon 28' -> taxon_28
NOTE: Change sequence name 'taxon 29' -> taxon_29
NOTE: Change sequence name 'taxon 30' -> taxon_30
Alignment most likely contains DNA/RNA sequences
Constructing alignment: done in 0.000926018 secs using 58.31% CPU
Alignment has 30 sequences with 2000 columns, 2000 distinct patterns
2000 parsimony-informative, 0 singleton sites, 0 constant sites
          Gap/Ambiguity  Composition  p-value
Analyzing sequences: done in 4.41074e-05 secs using 265.3% CPU
   1  taxon_1     0.00%    passed     23.11%
   2  taxon_2     0.00%    passed     49.98%
   3  taxon_3     0.00%    passed     32.63%
   4  taxon_4     0.00%    passed     56.07%
   5  taxon_5     0.00%    passed     80.41%
   6  taxon_6     0.00%    passed      7.01%
   7  taxon_7     0.00%    passed     50.83%
   8  taxon_8     0.00%    passed     80.21%
   9  taxon_9     0.00%    passed     67.69%
  10  taxon_10    0.00%    passed     48.17%
  11  taxon_11    0.00%    passed     44.45%
  12  taxon_12    0.00%    passed     14.92%
  13  taxon_13    0.00%    passed     62.03%
  14  taxon_14    0.00%    passed     45.45%
  15  taxon_15    0.00%    passed     31.43%
  16  taxon_16    0.00%    passed     52.69%
  17  taxon_17    0.00%    passed     88.22%
  18  taxon_18    0.00%    passed     97.00%
  19  taxon_19    0.00%    passed     31.02%
  20  taxon_20    0.00%    passed      7.15%
  21  taxon_21    0.00%    passed     72.93%
  22  taxon_22    0.00%    passed     70.85%
  23  taxon_23    0.00%    passed     68.67%
  24  taxon_24    0.00%    passed      5.87%
  25  taxon_25    0.00%    passed     51.96%
  26  taxon_26    0.00%    passed     40.47%
  27  taxon_27    0.00%    passed     97.51%
  28  taxon_28    0.00%    passed     51.94%
  29  taxon_29    0.00%    passed     39.47%
  30  taxon_30    0.00%    passed     20.32%
****  TOTAL       0.00%  0 sequences failed composition chi2 test (p-value<5%; df=3)
Checking for duplicate sequences: done in 0.00013113 secs using 90.75% CPU

Create initial parsimony tree by phylogenetic likelihood library (PLL)... 0.002 seconds

NOTE: 1 MB RAM (0 GB) is required!
Measuring multi-threading efficiency up to 8 CPU cores
Increase to 10 rounds for branch lengths
388 trees examined
Threads: 1 / Time: 8.006 sec / Speedup: 1.000 / Efficiency: 100% / LogL: -79811
Threads: 2 / Time: 8.753 sec / Speedup: 0.915 / Efficiency: 46% / LogL: -79811
Determining AUTO threadcount: done in 16.7593 secs using 107.7% CPU
BEST NUMBER OF THREADS: 1

Estimate model parameters (epsilon = 0.100)
1. Initial log-likelihood: -76026.009
Optimal log-likelihood: -75540.857
Rate parameters:  A-C: 1.00000  A-G: 1.00000  A-T: 1.00000  C-G: 1.00000  C-T: 1.00000  G-T: 1.00000
Base frequencies:  A: 0.250  C: 0.250  G: 0.250  T: 0.250
Parameters optimization took 1 rounds (0.012 sec)
Wrote distance file to... 
Computing ML distances based on estimated model parameters...
Calculating distance matrix: done in 0.00121188 secs using 99.27% CPU
Computing ML distances took 0.001343 sec (of wall-clock time) 0.001327 sec (of CPU time)
WARNING: Some pairwise ML distances are too long (saturated)
Setting up auxiliary I and S matrices: done in 2.71797e-05 secs using 66.23% CPU
Constructing RapidNJ tree: done in 5.10216e-05 secs using 88.2% CPU
Computing RapidNJ tree took 0.000100 sec (of wall-clock time) 0.000072 sec (of CPU time)
Log-likelihood of RapidNJ tree: -75569.322
--------------------------------------------------------------------
|             INITIALIZING CANDIDATE TREE SET                      |
--------------------------------------------------------------------
Generating 98 parsimony trees... 0.292 second
Computing log-likelihood of 98 initial trees ... 0.255 seconds
Current best score: -75540.857

Do NNI search on 20 best initial trees
Estimate model parameters (epsilon = 0.100)
BETTER TREE FOUND at iteration 1: -75530.284
Iteration 10 / LogL: -75531.645 / Time: 0h:0m:17s
Iteration 20 / LogL: -75530.521 / Time: 0h:0m:18s
Finish initializing candidate tree set (2)
Current best tree score: -75530.284 / CPU time: 1.787
Number of iterations: 20
--------------------------------------------------------------------
|               OPTIMIZING CANDIDATE TREE SET                      |
--------------------------------------------------------------------
Iteration 30 / LogL: -75693.770 / Time: 0h:0m:19s (0h:0m:47s left)
Iteration 40 / LogL: -75695.017 / Time: 0h:0m:19s (0h:0m:31s left)
Iteration 50 / LogL: -75530.653 / Time: 0h:0m:20s (0h:0m:21s left)
Iteration 60 / LogL: -75694.342 / Time: 0h:0m:21s (0h:0m:14s left)
Iteration 70 / LogL: -75533.556 / Time: 0h:0m:21s (0h:0m:9s left)
Iteration 80 / LogL: -75533.241 / Time: 0h:0m:22s (0h:0m:5s left)
Iteration 90 / LogL: -75531.775 / Time: 0h:0m:23s (0h:0m:2s left)
Iteration 100 / LogL: -75531.459 / Time: 0h:0m:23s (0h:0m:0s left)
TREE SEARCH COMPLETED AFTER 102 ITERATIONS / Time: 0h:0m:23s

--------------------------------------------------------------------
|                    FINALIZING TREE SEARCH                        |
--------------------------------------------------------------------
Performs final model parameters optimization
Estimate model parameters (epsilon = 0.010)
1. Initial log-likelihood: -75530.284
Optimal log-likelihood: -75530.270
Rate parameters:  A-C: 1.00000  A-G: 1.00000  A-T: 1.00000  C-G: 1.00000  C-T: 1.00000  G-T: 1.00000
Base frequencies:  A: 0.250  C: 0.250  G: 0.250  T: 0.250
Parameters optimization took 1 rounds (0.003 sec)
BEST SCORE FOUND : -75530.270
Total tree length: 22.630

Total number of iterations: 102
CPU time used for tree search: 7.120 sec (0h:0m:7s)
Wall-clock time used for tree search: 7.141 sec (0h:0m:7s)
Total CPU time used: 25.217 sec (0h:0m:25s)
Total wall-clock time used: 23.949 sec (0h:0m:23s)

Analysis results written to: 
  IQ-TREE report:                exp_baseline/m100_sel0_rep5/iqtree_out.iqtree
  Maximum-likelihood tree:       exp_baseline/m100_sel0_rep5/iqtree_out.treefile
  Likelihood distances:          exp_baseline/m100_sel0_rep5/iqtree_out.mldist
  Screen log file:               exp_baseline/m100_sel0_rep5/iqtree_out.log

Date and Time: Tue May 12 15:04:06 2026
