IQ-TREE version 3.1.1 for MacOS ARM 64-bit built Apr  8 2026
Developed by Bui Quang Minh, Thomas Wong, Nhan Ly-Trong, Huaiyan Ren
Contributed by Lam-Tung Nguyen, Dominik Schrempf, Chris Bielow,
Olga Chernomor, Michael Woodhams, Diep Thi Hoang, Heiko Schmidt

Host:    Noutbuk-maria.local (SSE4.2, 16 GB RAM)
Command: iqtree -s exp_baseline/m100_sel500_rep1/combined.fasta -m JC -nt AUTO -pre exp_baseline/m100_sel500_rep1/iqtree_out -seed 510142 -redo
Seed:    510142 (Using SPRNG - Scalable Parallel Random Number Generator)
Time:    Tue May 12 15:09:02 2026
Kernel:  SSE2 - auto-detect threads (8 CPU cores detected)

Reading alignment file exp_baseline/m100_sel500_rep1/combined.fasta ... Fasta format detected
Reading fasta file: done in 0.000588894 secs using 90.85% CPU
Alignment most likely contains DNA/RNA sequences
Constructing alignment: done in 0.00113106 secs using 56.58% CPU
Alignment has 30 sequences with 2500 columns, 2015 distinct patterns
2496 parsimony-informative, 0 singleton sites, 4 constant sites
          Gap/Ambiguity  Composition  p-value
Analyzing sequences: done in 6.38962e-05 secs using 176.8% CPU
   1  taxon_1     0.00%    passed     41.04%
   2  taxon_2     0.00%    passed     25.30%
   3  taxon_3     0.00%    passed     85.34%
   4  taxon_4     0.00%    passed     23.56%
   5  taxon_5     0.00%    passed     29.16%
   6  taxon_6     0.00%    passed     61.88%
   7  taxon_7     0.00%    passed     29.37%
   8  taxon_8     0.00%    passed     66.99%
   9  taxon_9     0.00%    passed     36.47%
  10  taxon_10    0.00%    passed     37.16%
  11  taxon_11    0.00%    passed     74.81%
  12  taxon_12    0.00%    passed     42.66%
  13  taxon_13    0.00%    passed     18.70%
  14  taxon_14    0.00%    passed     48.84%
  15  taxon_15    0.00%    passed     46.57%
  16  taxon_16    0.00%    passed     18.80%
  17  taxon_17    0.00%    failed      4.06%
  18  taxon_18    0.00%    passed     14.17%
  19  taxon_19    0.00%    passed     17.99%
  20  taxon_20    0.00%    passed     41.14%
  21  taxon_21    0.00%    passed     56.63%
  22  taxon_22    0.00%    passed     56.95%
  23  taxon_23    0.00%    passed     81.31%
  24  taxon_24    0.00%    passed     94.30%
  25  taxon_25    0.00%    passed     85.34%
  26  taxon_26    0.00%    passed     50.40%
  27  taxon_27    0.00%    passed     52.61%
  28  taxon_28    0.00%    passed     74.82%
  29  taxon_29    0.00%    passed     51.59%
  30  taxon_30    0.00%    passed     85.95%
****  TOTAL       0.00%  1 sequences failed composition chi2 test (p-value<5%; df=3)
Checking for duplicate sequences: done in 0.000128031 secs using 91.38% CPU

Create initial parsimony tree by phylogenetic likelihood library (PLL)... 0.002 seconds

NOTE: 1 MB RAM (0 GB) is required!
Measuring multi-threading efficiency up to 8 CPU cores
Increase to 10 rounds for branch lengths
393 trees examined
Threads: 1 / Time: 8.005 sec / Speedup: 1.000 / Efficiency: 100% / LogL: -94271
Threads: 2 / Time: 8.670 sec / Speedup: 0.923 / Efficiency: 46% / LogL: -94271
Determining AUTO threadcount: done in 16.675 secs using 108.3% CPU
BEST NUMBER OF THREADS: 1

Estimate model parameters (epsilon = 0.100)
1. Initial log-likelihood: -84096.934
Optimal log-likelihood: -83646.007
Rate parameters:  A-C: 1.00000  A-G: 1.00000  A-T: 1.00000  C-G: 1.00000  C-T: 1.00000  G-T: 1.00000
Base frequencies:  A: 0.250  C: 0.250  G: 0.250  T: 0.250
Parameters optimization took 1 rounds (0.009 sec)
Wrote distance file to... 
Computing ML distances based on estimated model parameters...
Calculating distance matrix: done in 0.0013299 secs using 99.03% CPU
Computing ML distances took 0.001466 sec (of wall-clock time) 0.001443 sec (of CPU time)
WARNING: Some pairwise ML distances are too long (saturated)
Setting up auxiliary I and S matrices: done in 2.28882e-05 secs using 74.27% CPU
Constructing RapidNJ tree: done in 4.60148e-05 secs using 156.5% CPU
Computing RapidNJ tree took 0.000095 sec (of wall-clock time) 0.000113 sec (of CPU time)
Log-likelihood of RapidNJ tree: -85083.488
--------------------------------------------------------------------
|             INITIALIZING CANDIDATE TREE SET                      |
--------------------------------------------------------------------
Generating 98 parsimony trees... 0.315 second
Computing log-likelihood of 98 initial trees ... 0.245 seconds
Current best score: -83646.007

Do NNI search on 20 best initial trees
Estimate model parameters (epsilon = 0.100)
BETTER TREE FOUND at iteration 1: -83614.678
Iteration 10 / LogL: -83614.678 / Time: 0h:0m:17s
Iteration 20 / LogL: -83761.856 / Time: 0h:0m:18s
Finish initializing candidate tree set (7)
Current best tree score: -83614.678 / CPU time: 1.652
Number of iterations: 20
--------------------------------------------------------------------
|               OPTIMIZING CANDIDATE TREE SET                      |
--------------------------------------------------------------------
Iteration 30 / LogL: -83748.066 / Time: 0h:0m:19s (0h:0m:46s left)
Iteration 40 / LogL: -83620.760 / Time: 0h:0m:19s (0h:0m:30s left)
Iteration 50 / LogL: -83620.761 / Time: 0h:0m:20s (0h:0m:21s left)
Iteration 60 / LogL: -83614.709 / Time: 0h:0m:20s (0h:0m:14s left)
Iteration 70 / LogL: -83639.887 / Time: 0h:0m:21s (0h:0m:9s left)
Iteration 80 / LogL: -83620.758 / Time: 0h:0m:22s (0h:0m:5s left)
Iteration 90 / LogL: -83614.679 / Time: 0h:0m:22s (0h:0m:2s left)
Iteration 100 / LogL: -83620.789 / Time: 0h:0m:23s (0h:0m:0s left)
TREE SEARCH COMPLETED AFTER 102 ITERATIONS / Time: 0h:0m:23s

--------------------------------------------------------------------
|                    FINALIZING TREE SEARCH                        |
--------------------------------------------------------------------
Performs final model parameters optimization
Estimate model parameters (epsilon = 0.010)
1. Initial log-likelihood: -83614.678
Optimal log-likelihood: -83614.678
Rate parameters:  A-C: 1.00000  A-G: 1.00000  A-T: 1.00000  C-G: 1.00000  C-T: 1.00000  G-T: 1.00000
Base frequencies:  A: 0.250  C: 0.250  G: 0.250  T: 0.250
Parameters optimization took 1 rounds (0.003 sec)
BEST SCORE FOUND : -83614.678
Total tree length: 15.138

Total number of iterations: 102
CPU time used for tree search: 6.847 sec (0h:0m:6s)
Wall-clock time used for tree search: 6.874 sec (0h:0m:6s)
Total CPU time used: 24.955 sec (0h:0m:24s)
Total wall-clock time used: 23.593 sec (0h:0m:23s)

Analysis results written to: 
  IQ-TREE report:                exp_baseline/m100_sel500_rep1/iqtree_out.iqtree
  Maximum-likelihood tree:       exp_baseline/m100_sel500_rep1/iqtree_out.treefile
  Likelihood distances:          exp_baseline/m100_sel500_rep1/iqtree_out.mldist
  Screen log file:               exp_baseline/m100_sel500_rep1/iqtree_out.log

Date and Time: Tue May 12 15:09:26 2026
