IQ-TREE version 3.1.1 for MacOS ARM 64-bit built Apr  8 2026
Developed by Bui Quang Minh, Thomas Wong, Nhan Ly-Trong, Huaiyan Ren
Contributed by Lam-Tung Nguyen, Dominik Schrempf, Chris Bielow,
Olga Chernomor, Michael Woodhams, Diep Thi Hoang, Heiko Schmidt

Host:    Noutbuk-maria.local (SSE4.2, 16 GB RAM)
Command: iqtree -s exp_baseline/m100_sel1000_rep2/combined.fasta -m JC -nt AUTO -pre exp_baseline/m100_sel1000_rep2/iqtree_out -seed 1010242 -redo
Seed:    1010242 (Using SPRNG - Scalable Parallel Random Number Generator)
Time:    Tue May 12 15:11:54 2026
Kernel:  SSE2 - auto-detect threads (8 CPU cores detected)

Reading alignment file exp_baseline/m100_sel1000_rep2/combined.fasta ... Fasta format detected
Reading fasta file: done in 0.000712872 secs using 91.32% CPU
Alignment most likely contains DNA/RNA sequences
Constructing alignment: done in 0.00130796 secs using 55.35% CPU
Alignment has 30 sequences with 3000 columns, 2016 distinct patterns
2992 parsimony-informative, 0 singleton sites, 8 constant sites
          Gap/Ambiguity  Composition  p-value
Analyzing sequences: done in 5.31673e-05 secs using 216.3% CPU
   1  taxon_1     0.00%    passed     14.43%
   2  taxon_2     0.00%    passed     95.96%
   3  taxon_3     0.00%    passed     34.14%
   4  taxon_4     0.00%    passed     66.54%
   5  taxon_5     0.00%    passed     46.68%
   6  taxon_6     0.00%    passed     92.63%
   7  taxon_7     0.00%    passed     98.81%
   8  taxon_8     0.00%    passed     59.85%
   9  taxon_9     0.00%    passed     64.94%
  10  taxon_10    0.00%    passed     22.98%
  11  taxon_11    0.00%    passed     41.60%
  12  taxon_12    0.00%    passed     10.65%
  13  taxon_13    0.00%    passed     52.90%
  14  taxon_14    0.00%    passed     66.43%
  15  taxon_15    0.00%    passed     66.19%
  16  taxon_16    0.00%    passed     98.57%
  17  taxon_17    0.00%    passed     69.68%
  18  taxon_18    0.00%    passed     16.85%
  19  taxon_19    0.00%    passed     58.24%
  20  taxon_20    0.00%    passed     94.96%
  21  taxon_21    0.00%    passed     55.15%
  22  taxon_22    0.00%    passed     77.44%
  23  taxon_23    0.00%    passed     98.51%
  24  taxon_24    0.00%    passed     47.18%
  25  taxon_25    0.00%    passed      9.98%
  26  taxon_26    0.00%    passed     99.24%
  27  taxon_27    0.00%    passed     82.29%
  28  taxon_28    0.00%    passed     80.93%
  29  taxon_29    0.00%    passed     78.24%
  30  taxon_30    0.00%    passed     78.29%
****  TOTAL       0.00%  0 sequences failed composition chi2 test (p-value<5%; df=3)
Checking for duplicate sequences: done in 0.000128031 secs using 92.17% CPU

Create initial parsimony tree by phylogenetic likelihood library (PLL)... 0.002 seconds

NOTE: 1 MB RAM (0 GB) is required!
Measuring multi-threading efficiency up to 8 CPU cores
Increase to 10 rounds for branch lengths
428 trees examined
Threads: 1 / Time: 8.011 sec / Speedup: 1.000 / Efficiency: 100% / LogL: -112214
Threads: 2 / Time: 8.562 sec / Speedup: 0.936 / Efficiency: 47% / LogL: -112214
Determining AUTO threadcount: done in 16.5739 secs using 108% CPU
BEST NUMBER OF THREADS: 1

Estimate model parameters (epsilon = 0.100)
1. Initial log-likelihood: -97240.952
Optimal log-likelihood: -96855.974
Rate parameters:  A-C: 1.00000  A-G: 1.00000  A-T: 1.00000  C-G: 1.00000  C-T: 1.00000  G-T: 1.00000
Base frequencies:  A: 0.250  C: 0.250  G: 0.250  T: 0.250
Parameters optimization took 1 rounds (0.018 sec)
Wrote distance file to... 
Computing ML distances based on estimated model parameters...
Calculating distance matrix: done in 0.00129604 secs using 99.38% CPU
Computing ML distances took 0.001434 sec (of wall-clock time) 0.001416 sec (of CPU time)
WARNING: Some pairwise ML distances are too long (saturated)
Setting up auxiliary I and S matrices: done in 2.69413e-05 secs using 66.81% CPU
Constructing RapidNJ tree: done in 4.79221e-05 secs using 160.7% CPU
Computing RapidNJ tree took 0.000100 sec (of wall-clock time) 0.000119 sec (of CPU time)
Log-likelihood of RapidNJ tree: -97782.305
--------------------------------------------------------------------
|             INITIALIZING CANDIDATE TREE SET                      |
--------------------------------------------------------------------
Generating 98 parsimony trees... 0.318 second
Computing log-likelihood of 98 initial trees ... 0.249 seconds
Current best score: -96760.266

Do NNI search on 20 best initial trees
Estimate model parameters (epsilon = 0.100)
BETTER TREE FOUND at iteration 1: -96670.108
Iteration 10 / LogL: -96811.258 / Time: 0h:0m:17s
Iteration 20 / LogL: -96835.112 / Time: 0h:0m:17s
Finish initializing candidate tree set (10)
Current best tree score: -96670.108 / CPU time: 1.094
Number of iterations: 20
--------------------------------------------------------------------
|               OPTIMIZING CANDIDATE TREE SET                      |
--------------------------------------------------------------------
Iteration 30 / LogL: -96774.840 / Time: 0h:0m:18s (0h:0m:44s left)
Iteration 40 / LogL: -97650.897 / Time: 0h:0m:18s (0h:0m:28s left)
Iteration 50 / LogL: -96683.330 / Time: 0h:0m:18s (0h:0m:19s left)
Iteration 60 / LogL: -96707.357 / Time: 0h:0m:19s (0h:0m:13s left)
Iteration 70 / LogL: -96682.412 / Time: 0h:0m:19s (0h:0m:8s left)
Iteration 80 / LogL: -96926.304 / Time: 0h:0m:20s (0h:0m:5s left)
Iteration 90 / LogL: -96684.216 / Time: 0h:0m:20s (0h:0m:2s left)
Iteration 100 / LogL: -96670.954 / Time: 0h:0m:20s (0h:0m:0s left)
TREE SEARCH COMPLETED AFTER 102 ITERATIONS / Time: 0h:0m:20s

--------------------------------------------------------------------
|                    FINALIZING TREE SEARCH                        |
--------------------------------------------------------------------
Performs final model parameters optimization
Estimate model parameters (epsilon = 0.010)
1. Initial log-likelihood: -96670.108
Optimal log-likelihood: -96670.094
Rate parameters:  A-C: 1.00000  A-G: 1.00000  A-T: 1.00000  C-G: 1.00000  C-T: 1.00000  G-T: 1.00000
Base frequencies:  A: 0.250  C: 0.250  G: 0.250  T: 0.250
Parameters optimization took 1 rounds (0.004 sec)
BEST SCORE FOUND : -96670.094
Total tree length: 13.047

Total number of iterations: 102
CPU time used for tree search: 4.326 sec (0h:0m:4s)
Wall-clock time used for tree search: 4.352 sec (0h:0m:4s)
Total CPU time used: 22.284 sec (0h:0m:22s)
Total wall-clock time used: 20.988 sec (0h:0m:20s)

Analysis results written to: 
  IQ-TREE report:                exp_baseline/m100_sel1000_rep2/iqtree_out.iqtree
  Maximum-likelihood tree:       exp_baseline/m100_sel1000_rep2/iqtree_out.treefile
  Likelihood distances:          exp_baseline/m100_sel1000_rep2/iqtree_out.mldist
  Screen log file:               exp_baseline/m100_sel1000_rep2/iqtree_out.log

Date and Time: Tue May 12 15:12:15 2026
