IQ-TREE version 3.1.1 for MacOS ARM 64-bit built Apr  8 2026
Developed by Bui Quang Minh, Thomas Wong, Nhan Ly-Trong, Huaiyan Ren
Contributed by Lam-Tung Nguyen, Dominik Schrempf, Chris Bielow,
Olga Chernomor, Michael Woodhams, Diep Thi Hoang, Heiko Schmidt

Host:    Noutbuk-maria.local (SSE4.2, 16 GB RAM)
Command: iqtree -s exp_baseline/m100_sel50_rep3/combined.fasta -m JC -nt AUTO -pre exp_baseline/m100_sel50_rep3/iqtree_out -seed 60342 -redo
Seed:    60342 (Using SPRNG - Scalable Parallel Random Number Generator)
Time:    Tue May 12 15:05:16 2026
Kernel:  SSE2 - auto-detect threads (8 CPU cores detected)

Reading alignment file exp_baseline/m100_sel50_rep3/combined.fasta ... Fasta format detected
Reading fasta file: done in 0.000494003 secs using 90.89% CPU
Alignment most likely contains DNA/RNA sequences
Constructing alignment: done in 0.000996113 secs using 56.82% CPU
Alignment has 30 sequences with 2050 columns, 2011 distinct patterns
2050 parsimony-informative, 0 singleton sites, 0 constant sites
          Gap/Ambiguity  Composition  p-value
Analyzing sequences: done in 4.60148e-05 secs using 269.5% CPU
   1  taxon_1     0.00%    passed     64.99%
   2  taxon_2     0.00%    passed     88.26%
   3  taxon_3     0.00%    passed     50.64%
   4  taxon_4     0.00%    passed     43.38%
   5  taxon_5     0.00%    passed     20.41%
   6  taxon_6     0.00%    passed     94.61%
   7  taxon_7     0.00%    passed     43.52%
   8  taxon_8     0.00%    passed     66.34%
   9  taxon_9     0.00%    passed     86.62%
  10  taxon_10    0.00%    passed     60.91%
  11  taxon_11    0.00%    passed     99.67%
  12  taxon_12    0.00%    passed     77.28%
  13  taxon_13    0.00%    failed      1.00%
  14  taxon_14    0.00%    passed     80.00%
  15  taxon_15    0.00%    passed     65.73%
  16  taxon_16    0.00%    passed     56.38%
  17  taxon_17    0.00%    passed     44.61%
  18  taxon_18    0.00%    passed     57.08%
  19  taxon_19    0.00%    passed     56.10%
  20  taxon_20    0.00%    passed     75.44%
  21  taxon_21    0.00%    passed     22.73%
  22  taxon_22    0.00%    passed     75.05%
  23  taxon_23    0.00%    passed     59.19%
  24  taxon_24    0.00%    passed     37.37%
  25  taxon_25    0.00%    passed     69.77%
  26  taxon_26    0.00%    passed     58.46%
  27  taxon_27    0.00%    passed     83.17%
  28  taxon_28    0.00%    passed     14.17%
  29  taxon_29    0.00%    failed      4.62%
  30  taxon_30    0.00%    passed     16.04%
****  TOTAL       0.00%  2 sequences failed composition chi2 test (p-value<5%; df=3)
Checking for duplicate sequences: done in 0.000127792 secs using 90.77% CPU

Create initial parsimony tree by phylogenetic likelihood library (PLL)... 0.002 seconds

NOTE: 1 MB RAM (0 GB) is required!
Measuring multi-threading efficiency up to 8 CPU cores
Increase to 10 rounds for branch lengths
375 trees examined
Threads: 1 / Time: 8.012 sec / Speedup: 1.000 / Efficiency: 100% / LogL: -80908
Threads: 2 / Time: 8.769 sec / Speedup: 0.914 / Efficiency: 46% / LogL: -80908
Determining AUTO threadcount: done in 16.7811 secs using 107.6% CPU
BEST NUMBER OF THREADS: 1

Estimate model parameters (epsilon = 0.100)
1. Initial log-likelihood: -77295.073
Optimal log-likelihood: -76712.679
Rate parameters:  A-C: 1.00000  A-G: 1.00000  A-T: 1.00000  C-G: 1.00000  C-T: 1.00000  G-T: 1.00000
Base frequencies:  A: 0.250  C: 0.250  G: 0.250  T: 0.250
Parameters optimization took 1 rounds (0.035 sec)
Wrote distance file to... 
Computing ML distances based on estimated model parameters...
Calculating distance matrix: done in 0.00140095 secs using 99.29% CPU
Computing ML distances took 0.001555 sec (of wall-clock time) 0.001535 sec (of CPU time)
WARNING: Some pairwise ML distances are too long (saturated)
Setting up auxiliary I and S matrices: done in 2.59876e-05 secs using 73.11% CPU
Constructing RapidNJ tree: done in 5.10216e-05 secs using 88.2% CPU
Computing RapidNJ tree took 0.000103 sec (of wall-clock time) 0.000074 sec (of CPU time)
Log-likelihood of RapidNJ tree: -76750.117
--------------------------------------------------------------------
|             INITIALIZING CANDIDATE TREE SET                      |
--------------------------------------------------------------------
Generating 98 parsimony trees... 0.306 second
Computing log-likelihood of 98 initial trees ... 0.252 seconds
Current best score: -76712.679

Do NNI search on 20 best initial trees
Estimate model parameters (epsilon = 0.100)
BETTER TREE FOUND at iteration 1: -76642.362
Iteration 10 / LogL: -76768.758 / Time: 0h:0m:18s
Iteration 20 / LogL: -76648.101 / Time: 0h:0m:18s
Finish initializing candidate tree set (12)
Current best tree score: -76642.362 / CPU time: 1.972
Number of iterations: 20
--------------------------------------------------------------------
|               OPTIMIZING CANDIDATE TREE SET                      |
--------------------------------------------------------------------
Iteration 30 / LogL: -76774.085 / Time: 0h:0m:19s (0h:0m:48s left)
Estimate model parameters (epsilon = 0.100)
UPDATE BEST LOG-LIKELIHOOD: -76641.816
Iteration 40 / LogL: -76642.636 / Time: 0h:0m:20s (0h:0m:32s left)
WARNING: NNI search needs unusual large number of steps (30) to converge!
Estimate model parameters (epsilon = 0.100)
UPDATE BEST LOG-LIKELIHOOD: -76641.439
Iteration 50 / LogL: -76648.992 / Time: 0h:0m:21s (0h:0m:22s left)
Iteration 60 / LogL: -76696.768 / Time: 0h:0m:22s (0h:0m:15s left)
Iteration 70 / LogL: -76644.077 / Time: 0h:0m:23s (0h:0m:10s left)
Iteration 80 / LogL: -76642.504 / Time: 0h:0m:24s (0h:0m:6s left)
Iteration 90 / LogL: -76690.435 / Time: 0h:0m:24s (0h:0m:3s left)
Iteration 100 / LogL: -76647.080 / Time: 0h:0m:25s (0h:0m:0s left)
TREE SEARCH COMPLETED AFTER 102 ITERATIONS / Time: 0h:0m:25s

--------------------------------------------------------------------
|                    FINALIZING TREE SEARCH                        |
--------------------------------------------------------------------
Performs final model parameters optimization
Estimate model parameters (epsilon = 0.010)
1. Initial log-likelihood: -76641.439
Optimal log-likelihood: -76641.359
Rate parameters:  A-C: 1.00000  A-G: 1.00000  A-T: 1.00000  C-G: 1.00000  C-T: 1.00000  G-T: 1.00000
Base frequencies:  A: 0.250  C: 0.250  G: 0.250  T: 0.250
Parameters optimization took 1 rounds (0.006 sec)
BEST SCORE FOUND : -76641.359
Total tree length: 22.662

Total number of iterations: 102
CPU time used for tree search: 8.866 sec (0h:0m:8s)
Wall-clock time used for tree search: 8.903 sec (0h:0m:8s)
Total CPU time used: 27.049 sec (0h:0m:27s)
Total wall-clock time used: 25.818 sec (0h:0m:25s)

Analysis results written to: 
  IQ-TREE report:                exp_baseline/m100_sel50_rep3/iqtree_out.iqtree
  Maximum-likelihood tree:       exp_baseline/m100_sel50_rep3/iqtree_out.treefile
  Likelihood distances:          exp_baseline/m100_sel50_rep3/iqtree_out.mldist
  Screen log file:               exp_baseline/m100_sel50_rep3/iqtree_out.log

Date and Time: Tue May 12 15:05:42 2026
