IQ-TREE version 3.1.1 for MacOS ARM 64-bit built Apr  8 2026
Developed by Bui Quang Minh, Thomas Wong, Nhan Ly-Trong, Huaiyan Ren
Contributed by Lam-Tung Nguyen, Dominik Schrempf, Chris Bielow,
Olga Chernomor, Michael Woodhams, Diep Thi Hoang, Heiko Schmidt

Host:    Noutbuk-maria.local (SSE4.2, 16 GB RAM)
Command: iqtree -s exp_stable_0.0005/m5_sel1_rep6/neutral.fasta -m JC -nt AUTO -pre exp_stable_0.0005/m5_sel1_rep6/iqtree_out -seed 2142 -redo
Seed:    2142 (Using SPRNG - Scalable Parallel Random Number Generator)
Time:    Mon May 18 19:59:30 2026
Kernel:  SSE2 - auto-detect threads (8 CPU cores detected)

Reading alignment file exp_stable_0.0005/m5_sel1_rep6/neutral.fasta ... Fasta format detected
Reading fasta file: done in 0.00118303 secs using 89.85% CPU
Alignment most likely contains DNA/RNA sequences
Constructing alignment: done in 0.00125313 secs using 56.1% CPU
Alignment has 50 sequences with 3000 columns, 478 distinct patterns
98 parsimony-informative, 566 singleton sites, 2336 constant sites
          Gap/Ambiguity  Composition  p-value
Analyzing sequences: done in 3.60012e-05 secs using 105.6% CPU
   1  taxon_1     0.00%    passed     99.82%
   2  taxon_2     0.00%    passed     99.74%
   3  taxon_3     0.00%    passed     99.70%
   4  taxon_4     0.00%    passed     98.96%
   5  taxon_5     0.00%    passed     99.23%
   6  taxon_6     0.00%    passed     98.07%
   7  taxon_7     0.00%    passed     99.38%
   8  taxon_8     0.00%    passed     99.87%
   9  taxon_9     0.00%    passed     99.97%
  10  taxon_10    0.00%    passed     97.73%
  11  taxon_11    0.00%    passed     99.62%
  12  taxon_12    0.00%    passed     99.94%
  13  taxon_13    0.00%    passed     99.90%
  14  taxon_14    0.00%    passed     99.44%
  15  taxon_15    0.00%    passed     99.97%
  16  taxon_16    0.00%    passed     99.97%
  17  taxon_17    0.00%    passed     99.66%
  18  taxon_18    0.00%    passed     99.98%
  19  taxon_19    0.00%    passed     99.88%
  20  taxon_20    0.00%    passed     99.88%
  21  taxon_21    0.00%    passed     99.85%
  22  taxon_22    0.00%    passed     99.09%
  23  taxon_23    0.00%    passed     99.77%
  24  taxon_24    0.00%    passed     99.93%
  25  taxon_25    0.00%    passed     99.97%
  26  taxon_26    0.00%    passed     99.65%
  27  taxon_27    0.00%    passed     99.71%
  28  taxon_28    0.00%    passed     99.76%
  29  taxon_29    0.00%    passed     99.85%
  30  taxon_30    0.00%    passed     99.62%
  31  taxon_31    0.00%    passed     99.99%
  32  taxon_32    0.00%    passed     99.20%
  33  taxon_33    0.00%    passed     99.68%
  34  taxon_34    0.00%    passed     99.95%
  35  taxon_35    0.00%    passed     99.86%
  36  taxon_36    0.00%    passed     99.92%
  37  taxon_37    0.00%    passed     99.97%
  38  taxon_38    0.00%    passed     99.72%
  39  taxon_39    0.00%    passed     99.99%
  40  taxon_40    0.00%    passed     99.92%
  41  taxon_41    0.00%    passed     99.79%
  42  taxon_42    0.00%    passed     99.33%
  43  taxon_43    0.00%    passed     99.93%
  44  taxon_44    0.00%    passed     99.55%
  45  taxon_45    0.00%    passed     98.67%
  46  taxon_46    0.00%    passed     99.84%
  47  taxon_47    0.00%    passed     99.74%
  48  taxon_48    0.00%    passed     99.54%
  49  taxon_49    0.00%    passed     99.97%
  50  taxon_50    0.00%    passed     99.65%
****  TOTAL       0.00%  0 sequences failed composition chi2 test (p-value<5%; df=3)
Checking for duplicate sequences: done in 8.2016e-05 secs using 79.25% CPU

Create initial parsimony tree by phylogenetic likelihood library (PLL)... 0.001 seconds

NOTE: 0 MB RAM (0 GB) is required!
Measuring multi-threading efficiency up to 8 CPU cores
Increase to 10 rounds for branch lengths
2960 trees examined
Threads: 1 / Time: 8.001 sec / Speedup: 1.000 / Efficiency: 100% / LogL: -10635
Threads: 2 / Time: 11.266 sec / Speedup: 0.710 / Efficiency: 36% / LogL: -10635
Determining AUTO threadcount: done in 19.2669 secs using 97.73% CPU
BEST NUMBER OF THREADS: 1

Estimate model parameters (epsilon = 0.100)
1. Initial log-likelihood: -9796.597
Optimal log-likelihood: -9796.592
Rate parameters:  A-C: 1.00000  A-G: 1.00000  A-T: 1.00000  C-G: 1.00000  C-T: 1.00000  G-T: 1.00000
Base frequencies:  A: 0.250  C: 0.250  G: 0.250  T: 0.250
Parameters optimization took 1 rounds (0.001 sec)
Wrote distance file to... 
Computing ML distances based on estimated model parameters...
Calculating distance matrix: done in 0.00260901 secs using 79.88% CPU
Computing ML distances took 0.002665 sec (of wall-clock time) 0.002133 sec (of CPU time)
Setting up auxiliary I and S matrices: done in 4.79221e-05 secs using 93.9% CPU
Constructing RapidNJ tree: done in 0.000128984 secs using 171.3% CPU
Computing RapidNJ tree took 0.000200 sec (of wall-clock time) 0.000292 sec (of CPU time)
Log-likelihood of RapidNJ tree: -9820.834
--------------------------------------------------------------------
|             INITIALIZING CANDIDATE TREE SET                      |
--------------------------------------------------------------------
Generating 98 parsimony trees... 0.114 second
Computing log-likelihood of 98 initial trees ... 0.096 seconds
Current best score: -9791.742

Do NNI search on 20 best initial trees
Estimate model parameters (epsilon = 0.100)
BETTER TREE FOUND at iteration 1: -9791.742
BETTER TREE FOUND at iteration 2: -9791.741
BETTER TREE FOUND at iteration 4: -9791.741
Iteration 10 / LogL: -9791.741 / Time: 0h:0m:19s
BETTER TREE FOUND at iteration 12: -9791.741
BETTER TREE FOUND at iteration 13: -9791.741
Iteration 20 / LogL: -9791.742 / Time: 0h:0m:19s
Finish initializing candidate tree set (20)
Current best tree score: -9791.741 / CPU time: 0.303
Number of iterations: 20
--------------------------------------------------------------------
|               OPTIMIZING CANDIDATE TREE SET                      |
--------------------------------------------------------------------
Iteration 30 / LogL: -9796.446 / Time: 0h:0m:19s (0h:0m:56s left)
Iteration 40 / LogL: -9791.767 / Time: 0h:0m:19s (0h:0m:37s left)
Iteration 50 / LogL: -9791.756 / Time: 0h:0m:20s (0h:0m:25s left)
Iteration 60 / LogL: -9791.741 / Time: 0h:0m:20s (0h:0m:18s left)
Iteration 70 / LogL: -9791.757 / Time: 0h:0m:20s (0h:0m:12s left)
Iteration 80 / LogL: -9791.755 / Time: 0h:0m:20s (0h:0m:8s left)
Iteration 90 / LogL: -9791.762 / Time: 0h:0m:20s (0h:0m:5s left)
Iteration 100 / LogL: -9791.757 / Time: 0h:0m:20s (0h:0m:2s left)
Iteration 110 / LogL: -9791.749 / Time: 0h:0m:20s (0h:0m:0s left)
TREE SEARCH COMPLETED AFTER 114 ITERATIONS / Time: 0h:0m:20s

--------------------------------------------------------------------
|                    FINALIZING TREE SEARCH                        |
--------------------------------------------------------------------
Performs final model parameters optimization
Estimate model parameters (epsilon = 0.010)
1. Initial log-likelihood: -9791.741
Optimal log-likelihood: -9791.741
Rate parameters:  A-C: 1.00000  A-G: 1.00000  A-T: 1.00000  C-G: 1.00000  C-T: 1.00000  G-T: 1.00000
Base frequencies:  A: 0.250  C: 0.250  G: 0.250  T: 0.250
Parameters optimization took 1 rounds (0.001 sec)
BEST SCORE FOUND : -9791.741
Total tree length: 0.250

Total number of iterations: 114
CPU time used for tree search: 1.655 sec (0h:0m:1s)
Wall-clock time used for tree search: 1.661 sec (0h:0m:1s)
Total CPU time used: 20.497 sec (0h:0m:20s)
Total wall-clock time used: 20.945 sec (0h:0m:20s)

Analysis results written to: 
  IQ-TREE report:                exp_stable_0.0005/m5_sel1_rep6/iqtree_out.iqtree
  Maximum-likelihood tree:       exp_stable_0.0005/m5_sel1_rep6/iqtree_out.treefile
  Likelihood distances:          exp_stable_0.0005/m5_sel1_rep6/iqtree_out.mldist
  Screen log file:               exp_stable_0.0005/m5_sel1_rep6/iqtree_out.log

Date and Time: Mon May 18 19:59:51 2026
