IQ-TREE version 3.1.1 for MacOS ARM 64-bit built Apr  8 2026
Developed by Bui Quang Minh, Thomas Wong, Nhan Ly-Trong, Huaiyan Ren
Contributed by Lam-Tung Nguyen, Dominik Schrempf, Chris Bielow,
Olga Chernomor, Michael Woodhams, Diep Thi Hoang, Heiko Schmidt

Host:    Noutbuk-maria.local (SSE4.2, 16 GB RAM)
Command: iqtree -s exp_baseline/m10_sel500_rep2/combined.fasta -m JC -nt AUTO -pre exp_baseline/m10_sel500_rep2/iqtree_out -seed 501242 -redo
Seed:    501242 (Using SPRNG - Scalable Parallel Random Number Generator)
Time:    Tue May 12 14:33:08 2026
Kernel:  SSE2 - auto-detect threads (8 CPU cores detected)

Reading alignment file exp_baseline/m10_sel500_rep2/combined.fasta ... Fasta format detected
Reading fasta file: done in 0.00058198 secs using 91.41% CPU
Alignment most likely contains DNA/RNA sequences
Constructing alignment: done in 0.00111699 secs using 55.15% CPU
Alignment has 30 sequences with 2500 columns, 2016 distinct patterns
2458 parsimony-informative, 0 singleton sites, 42 constant sites
          Gap/Ambiguity  Composition  p-value
Analyzing sequences: done in 4.41074e-05 secs using 258.5% CPU
   1  taxon_1     0.00%    passed     56.53%
   2  taxon_2     0.00%    passed     93.54%
   3  taxon_3     0.00%    passed     79.68%
   4  taxon_4     0.00%    passed     52.10%
   5  taxon_5     0.00%    passed     23.68%
   6  taxon_6     0.00%    passed     29.90%
   7  taxon_7     0.00%    passed     79.53%
   8  taxon_8     0.00%    passed     37.99%
   9  taxon_9     0.00%    passed     85.80%
  10  taxon_10    0.00%    passed     22.79%
  11  taxon_11    0.00%    passed     66.25%
  12  taxon_12    0.00%    passed     43.29%
  13  taxon_13    0.00%    passed     81.49%
  14  taxon_14    0.00%    passed     88.80%
  15  taxon_15    0.00%    passed     72.38%
  16  taxon_16    0.00%    passed     65.33%
  17  taxon_17    0.00%    passed     77.55%
  18  taxon_18    0.00%    passed     58.29%
  19  taxon_19    0.00%    passed     31.63%
  20  taxon_20    0.00%    passed     20.52%
  21  taxon_21    0.00%    passed     30.15%
  22  taxon_22    0.00%    passed     83.44%
  23  taxon_23    0.00%    passed     99.25%
  24  taxon_24    0.00%    passed     90.29%
  25  taxon_25    0.00%    passed      8.22%
  26  taxon_26    0.00%    passed     62.54%
  27  taxon_27    0.00%    passed     68.37%
  28  taxon_28    0.00%    passed     29.50%
  29  taxon_29    0.00%    passed     41.79%
  30  taxon_30    0.00%    passed     48.84%
****  TOTAL       0.00%  0 sequences failed composition chi2 test (p-value<5%; df=3)
Checking for duplicate sequences: done in 0.000130892 secs using 93.97% CPU

Create initial parsimony tree by phylogenetic likelihood library (PLL)... 0.002 seconds

NOTE: 1 MB RAM (0 GB) is required!
Measuring multi-threading efficiency up to 8 CPU cores
Increase to 10 rounds for branch lengths
390 trees examined
Threads: 1 / Time: 8.004 sec / Speedup: 1.000 / Efficiency: 100% / LogL: -96558
Threads: 2 / Time: 8.451 sec / Speedup: 0.947 / Efficiency: 47% / LogL: -96558
Determining AUTO threadcount: done in 16.4559 secs using 108.2% CPU
BEST NUMBER OF THREADS: 1

Estimate model parameters (epsilon = 0.100)
1. Initial log-likelihood: -90741.197
Optimal log-likelihood: -90248.035
Rate parameters:  A-C: 1.00000  A-G: 1.00000  A-T: 1.00000  C-G: 1.00000  C-T: 1.00000  G-T: 1.00000
Base frequencies:  A: 0.250  C: 0.250  G: 0.250  T: 0.250
Parameters optimization took 1 rounds (0.010 sec)
Wrote distance file to... 
Computing ML distances based on estimated model parameters...
Calculating distance matrix: done in 0.00137901 secs using 99.27% CPU
Computing ML distances took 0.001513 sec (of wall-clock time) 0.001497 sec (of CPU time)
WARNING: Some pairwise ML distances are too long (saturated)
Setting up auxiliary I and S matrices: done in 2.71797e-05 secs using 73.58% CPU
Constructing RapidNJ tree: done in 5.00679e-05 secs using 171.8% CPU
Computing RapidNJ tree took 0.000102 sec (of wall-clock time) 0.000123 sec (of CPU time)
Log-likelihood of RapidNJ tree: -91221.935
--------------------------------------------------------------------
|             INITIALIZING CANDIDATE TREE SET                      |
--------------------------------------------------------------------
Generating 98 parsimony trees... 0.269 second
Computing log-likelihood of 98 initial trees ... 0.234 seconds
Current best score: -90248.035

Do NNI search on 20 best initial trees
Estimate model parameters (epsilon = 0.100)
BETTER TREE FOUND at iteration 1: -90236.027
Estimate model parameters (epsilon = 0.100)
BETTER TREE FOUND at iteration 2: -90124.904
Iteration 10 / LogL: -90181.078 / Time: 0h:0m:17s
Iteration 20 / LogL: -90190.008 / Time: 0h:0m:17s
Finish initializing candidate tree set (12)
Current best tree score: -90124.904 / CPU time: 1.119
Number of iterations: 20
--------------------------------------------------------------------
|               OPTIMIZING CANDIDATE TREE SET                      |
--------------------------------------------------------------------
Iteration 30 / LogL: -90323.355 / Time: 0h:0m:18s (0h:0m:44s left)
Iteration 40 / LogL: -90125.223 / Time: 0h:0m:18s (0h:0m:29s left)
Iteration 50 / LogL: -90139.870 / Time: 0h:0m:18s (0h:0m:20s left)
Iteration 60 / LogL: -90198.669 / Time: 0h:0m:19s (0h:0m:13s left)
Iteration 70 / LogL: -90125.177 / Time: 0h:0m:19s (0h:0m:9s left)
Iteration 80 / LogL: -90133.990 / Time: 0h:0m:20s (0h:0m:5s left)
Iteration 90 / LogL: -90128.469 / Time: 0h:0m:20s (0h:0m:2s left)
Iteration 100 / LogL: -90127.734 / Time: 0h:0m:21s (0h:0m:0s left)
TREE SEARCH COMPLETED AFTER 103 ITERATIONS / Time: 0h:0m:21s

--------------------------------------------------------------------
|                    FINALIZING TREE SEARCH                        |
--------------------------------------------------------------------
Performs final model parameters optimization
Estimate model parameters (epsilon = 0.010)
1. Initial log-likelihood: -90124.904
Optimal log-likelihood: -90124.895
Rate parameters:  A-C: 1.00000  A-G: 1.00000  A-T: 1.00000  C-G: 1.00000  C-T: 1.00000  G-T: 1.00000
Base frequencies:  A: 0.250  C: 0.250  G: 0.250  T: 0.250
Parameters optimization took 1 rounds (0.003 sec)
BEST SCORE FOUND : -90124.895
Total tree length: 16.946

Total number of iterations: 103
CPU time used for tree search: 4.629 sec (0h:0m:4s)
Wall-clock time used for tree search: 4.656 sec (0h:0m:4s)
Total CPU time used: 22.480 sec (0h:0m:22s)
Total wall-clock time used: 21.152 sec (0h:0m:21s)

Analysis results written to: 
  IQ-TREE report:                exp_baseline/m10_sel500_rep2/iqtree_out.iqtree
  Maximum-likelihood tree:       exp_baseline/m10_sel500_rep2/iqtree_out.treefile
  Likelihood distances:          exp_baseline/m10_sel500_rep2/iqtree_out.mldist
  Screen log file:               exp_baseline/m10_sel500_rep2/iqtree_out.log

Date and Time: Tue May 12 14:33:29 2026
