IQ-TREE version 3.1.1 for MacOS ARM 64-bit built Apr  8 2026
Developed by Bui Quang Minh, Thomas Wong, Nhan Ly-Trong, Huaiyan Ren
Contributed by Lam-Tung Nguyen, Dominik Schrempf, Chris Bielow,
Olga Chernomor, Michael Woodhams, Diep Thi Hoang, Heiko Schmidt

Host:    Noutbuk-maria.local (SSE4.2, 16 GB RAM)
Command: iqtree -s exp_baseline/m10_sel0_rep3/combined.fasta -m JC -nt AUTO -pre exp_baseline/m10_sel0_rep3/iqtree_out -seed 1342 -redo
Seed:    1342 (Using SPRNG - Scalable Parallel Random Number Generator)
Time:    Tue May 12 14:25:50 2026
Kernel:  SSE2 - auto-detect threads (8 CPU cores detected)

Reading alignment file exp_baseline/m10_sel0_rep3/combined.fasta ... Fasta format detected
Reading fasta file: done in 0.000479937 secs using 90.64% CPU
NOTE: Change sequence name 'taxon 1' -> taxon_1
NOTE: Change sequence name 'taxon 2' -> taxon_2
NOTE: Change sequence name 'taxon 3' -> taxon_3
NOTE: Change sequence name 'taxon 4' -> taxon_4
NOTE: Change sequence name 'taxon 5' -> taxon_5
NOTE: Change sequence name 'taxon 6' -> taxon_6
NOTE: Change sequence name 'taxon 7' -> taxon_7
NOTE: Change sequence name 'taxon 8' -> taxon_8
NOTE: Change sequence name 'taxon 9' -> taxon_9
NOTE: Change sequence name 'taxon 10' -> taxon_10
NOTE: Change sequence name 'taxon 11' -> taxon_11
NOTE: Change sequence name 'taxon 12' -> taxon_12
NOTE: Change sequence name 'taxon 13' -> taxon_13
NOTE: Change sequence name 'taxon 14' -> taxon_14
NOTE: Change sequence name 'taxon 15' -> taxon_15
NOTE: Change sequence name 'taxon 16' -> taxon_16
NOTE: Change sequence name 'taxon 17' -> taxon_17
NOTE: Change sequence name 'taxon 18' -> taxon_18
NOTE: Change sequence name 'taxon 19' -> taxon_19
NOTE: Change sequence name 'taxon 20' -> taxon_20
NOTE: Change sequence name 'taxon 21' -> taxon_21
NOTE: Change sequence name 'taxon 22' -> taxon_22
NOTE: Change sequence name 'taxon 23' -> taxon_23
NOTE: Change sequence name 'taxon 24' -> taxon_24
NOTE: Change sequence name 'taxon 25' -> taxon_25
NOTE: Change sequence name 'taxon 26' -> taxon_26
NOTE: Change sequence name 'taxon 27' -> taxon_27
NOTE: Change sequence name 'taxon 28' -> taxon_28
NOTE: Change sequence name 'taxon 29' -> taxon_29
NOTE: Change sequence name 'taxon 30' -> taxon_30
Alignment most likely contains DNA/RNA sequences
Constructing alignment: done in 0.000967979 secs using 57.03% CPU
Alignment has 30 sequences with 2000 columns, 2000 distinct patterns
2000 parsimony-informative, 0 singleton sites, 0 constant sites
          Gap/Ambiguity  Composition  p-value
Analyzing sequences: done in 4.29153e-05 secs using 288.9% CPU
   1  taxon_1     0.00%    passed     98.46%
   2  taxon_2     0.00%    passed     13.59%
   3  taxon_3     0.00%    passed     35.83%
   4  taxon_4     0.00%    passed     41.00%
   5  taxon_5     0.00%    passed     28.14%
   6  taxon_6     0.00%    passed     34.51%
   7  taxon_7     0.00%    passed     24.51%
   8  taxon_8     0.00%    passed     63.75%
   9  taxon_9     0.00%    passed      5.57%
  10  taxon_10    0.00%    passed     20.04%
  11  taxon_11    0.00%    passed     84.97%
  12  taxon_12    0.00%    passed     38.38%
  13  taxon_13    0.00%    passed     56.91%
  14  taxon_14    0.00%    passed     43.70%
  15  taxon_15    0.00%    passed     95.32%
  16  taxon_16    0.00%    passed     67.23%
  17  taxon_17    0.00%    passed     20.26%
  18  taxon_18    0.00%    passed     58.25%
  19  taxon_19    0.00%    passed     18.26%
  20  taxon_20    0.00%    passed     68.78%
  21  taxon_21    0.00%    passed     49.28%
  22  taxon_22    0.00%    passed     19.36%
  23  taxon_23    0.00%    passed     80.84%
  24  taxon_24    0.00%    passed     11.29%
  25  taxon_25    0.00%    passed     90.95%
  26  taxon_26    0.00%    passed     40.86%
  27  taxon_27    0.00%    passed     48.36%
  28  taxon_28    0.00%    passed     47.57%
  29  taxon_29    0.00%    passed     99.23%
  30  taxon_30    0.00%    passed     96.65%
****  TOTAL       0.00%  0 sequences failed composition chi2 test (p-value<5%; df=3)
Checking for duplicate sequences: done in 0.000126839 secs using 91.45% CPU

Create initial parsimony tree by phylogenetic likelihood library (PLL)... 0.002 seconds

NOTE: 1 MB RAM (0 GB) is required!
Measuring multi-threading efficiency up to 8 CPU cores
Increase to 10 rounds for branch lengths
396 trees examined
Threads: 1 / Time: 8.005 sec / Speedup: 1.000 / Efficiency: 100% / LogL: -79483
Threads: 2 / Time: 8.818 sec / Speedup: 0.908 / Efficiency: 45% / LogL: -79483
Determining AUTO threadcount: done in 16.8237 secs using 107.9% CPU
BEST NUMBER OF THREADS: 1

Estimate model parameters (epsilon = 0.100)
1. Initial log-likelihood: -76363.698
Optimal log-likelihood: -75668.942
Rate parameters:  A-C: 1.00000  A-G: 1.00000  A-T: 1.00000  C-G: 1.00000  C-T: 1.00000  G-T: 1.00000
Base frequencies:  A: 0.250  C: 0.250  G: 0.250  T: 0.250
Parameters optimization took 1 rounds (0.023 sec)
Wrote distance file to... 
Computing ML distances based on estimated model parameters...
Calculating distance matrix: done in 0.00125098 secs using 98.88% CPU
Computing ML distances took 0.001394 sec (of wall-clock time) 0.001370 sec (of CPU time)
WARNING: Some pairwise ML distances are too long (saturated)
Setting up auxiliary I and S matrices: done in 2.5034e-05 secs using 71.9% CPU
Constructing RapidNJ tree: done in 4.91142e-05 secs using 171% CPU
Computing RapidNJ tree took 0.000096 sec (of wall-clock time) 0.000120 sec (of CPU time)
Log-likelihood of RapidNJ tree: -75685.807
--------------------------------------------------------------------
|             INITIALIZING CANDIDATE TREE SET                      |
--------------------------------------------------------------------
Generating 98 parsimony trees... 0.286 second
Computing log-likelihood of 98 initial trees ... 0.249 seconds
Current best score: -75668.942

Do NNI search on 20 best initial trees
Estimate model parameters (epsilon = 0.100)
BETTER TREE FOUND at iteration 1: -75659.757
Estimate model parameters (epsilon = 0.100)
UPDATE BEST LOG-LIKELIHOOD: -75658.898
Iteration 10 / LogL: -75659.836 / Time: 0h:0m:18s
Iteration 20 / LogL: -75666.153 / Time: 0h:0m:19s
Finish initializing candidate tree set (12)
Current best tree score: -75658.898 / CPU time: 2.031
Number of iterations: 20
--------------------------------------------------------------------
|               OPTIMIZING CANDIDATE TREE SET                      |
--------------------------------------------------------------------
Iteration 30 / LogL: -75659.745 / Time: 0h:0m:19s (0h:0m:48s left)
Iteration 40 / LogL: -75659.715 / Time: 0h:0m:20s (0h:0m:32s left)
Iteration 50 / LogL: -75660.206 / Time: 0h:0m:21s (0h:0m:22s left)
Iteration 60 / LogL: -75660.021 / Time: 0h:0m:22s (0h:0m:15s left)
Iteration 70 / LogL: -75667.130 / Time: 0h:0m:22s (0h:0m:10s left)
Estimate model parameters (epsilon = 0.100)
UPDATE BEST LOG-LIKELIHOOD: -75658.758
Iteration 80 / LogL: -75659.697 / Time: 0h:0m:23s (0h:0m:6s left)
Iteration 90 / LogL: -75660.038 / Time: 0h:0m:24s (0h:0m:3s left)
Iteration 100 / LogL: -75660.343 / Time: 0h:0m:25s (0h:0m:0s left)
TREE SEARCH COMPLETED AFTER 102 ITERATIONS / Time: 0h:0m:25s

--------------------------------------------------------------------
|                    FINALIZING TREE SEARCH                        |
--------------------------------------------------------------------
Performs final model parameters optimization
Estimate model parameters (epsilon = 0.010)
1. Initial log-likelihood: -75658.758
Optimal log-likelihood: -75658.693
Rate parameters:  A-C: 1.00000  A-G: 1.00000  A-T: 1.00000  C-G: 1.00000  C-T: 1.00000  G-T: 1.00000
Base frequencies:  A: 0.250  C: 0.250  G: 0.250  T: 0.250
Parameters optimization took 1 rounds (0.006 sec)
BEST SCORE FOUND : -75658.693
Total tree length: 24.148

Total number of iterations: 102
CPU time used for tree search: 8.234 sec (0h:0m:8s)
Wall-clock time used for tree search: 8.267 sec (0h:0m:8s)
Total CPU time used: 26.555 sec (0h:0m:26s)
Total wall-clock time used: 25.254 sec (0h:0m:25s)

Analysis results written to: 
  IQ-TREE report:                exp_baseline/m10_sel0_rep3/iqtree_out.iqtree
  Maximum-likelihood tree:       exp_baseline/m10_sel0_rep3/iqtree_out.treefile
  Likelihood distances:          exp_baseline/m10_sel0_rep3/iqtree_out.mldist
  Screen log file:               exp_baseline/m10_sel0_rep3/iqtree_out.log

Date and Time: Tue May 12 14:26:15 2026
