IQ-TREE version 3.1.1 for MacOS ARM 64-bit built Apr  8 2026
Developed by Bui Quang Minh, Thomas Wong, Nhan Ly-Trong, Huaiyan Ren
Contributed by Lam-Tung Nguyen, Dominik Schrempf, Chris Bielow,
Olga Chernomor, Michael Woodhams, Diep Thi Hoang, Heiko Schmidt

Host:    Noutbuk-maria.local (SSE4.2, 16 GB RAM)
Command: iqtree -s exp_baseline/m1_sel200_rep5/combined.fasta -m JC -nt AUTO -pre exp_baseline/m1_sel200_rep5/iqtree_out -seed 200642 -redo
Seed:    200642 (Using SPRNG - Scalable Parallel Random Number Generator)
Time:    Tue May 12 13:55:51 2026
Kernel:  SSE2 - auto-detect threads (8 CPU cores detected)

Reading alignment file exp_baseline/m1_sel200_rep5/combined.fasta ... Fasta format detected
Reading fasta file: done in 0.000555038 secs using 89% CPU
Alignment most likely contains DNA/RNA sequences
Constructing alignment: done in 0.00104809 secs using 56.48% CPU
Alignment has 30 sequences with 2200 columns, 2016 distinct patterns
2100 parsimony-informative, 0 singleton sites, 100 constant sites
          Gap/Ambiguity  Composition  p-value
Analyzing sequences: done in 4.29153e-05 secs using 279.6% CPU
   1  taxon_1     0.00%    passed     11.33%
   2  taxon_2     0.00%    passed     11.41%
   3  taxon_3     0.00%    passed     66.70%
   4  taxon_4     0.00%    passed     39.60%
   5  taxon_5     0.00%    passed     26.52%
   6  taxon_6     0.00%    passed     64.39%
   7  taxon_7     0.00%    passed     50.55%
   8  taxon_8     0.00%    passed     98.87%
   9  taxon_9     0.00%    passed     40.31%
  10  taxon_10    0.00%    passed     82.13%
  11  taxon_11    0.00%    passed     13.66%
  12  taxon_12    0.00%    passed     84.09%
  13  taxon_13    0.00%    passed     95.33%
  14  taxon_14    0.00%    passed     57.72%
  15  taxon_15    0.00%    passed     26.78%
  16  taxon_16    0.00%    passed     71.67%
  17  taxon_17    0.00%    passed     63.26%
  18  taxon_18    0.00%    passed     90.98%
  19  taxon_19    0.00%    passed     15.09%
  20  taxon_20    0.00%    passed     83.14%
  21  taxon_21    0.00%    passed     38.63%
  22  taxon_22    0.00%    passed     50.90%
  23  taxon_23    0.00%    passed     71.66%
  24  taxon_24    0.00%    passed     13.72%
  25  taxon_25    0.00%    failed      4.88%
  26  taxon_26    0.00%    passed     48.41%
  27  taxon_27    0.00%    passed     34.43%
  28  taxon_28    0.00%    passed     87.13%
  29  taxon_29    0.00%    passed     91.97%
  30  taxon_30    0.00%    passed     88.81%
****  TOTAL       0.00%  1 sequences failed composition chi2 test (p-value<5%; df=3)
Checking for duplicate sequences: done in 0.000128031 secs using 91.38% CPU

Create initial parsimony tree by phylogenetic likelihood library (PLL)... 0.002 seconds

NOTE: 1 MB RAM (0 GB) is required!
Measuring multi-threading efficiency up to 8 CPU cores
Increase to 10 rounds for branch lengths
386 trees examined
Threads: 1 / Time: 8.017 sec / Speedup: 1.000 / Efficiency: 100% / LogL: -86866
Threads: 2 / Time: 8.688 sec / Speedup: 0.923 / Efficiency: 46% / LogL: -86866
Determining AUTO threadcount: done in 16.7055 secs using 106.9% CPU
BEST NUMBER OF THREADS: 1

Estimate model parameters (epsilon = 0.100)
1. Initial log-likelihood: -82447.314
Optimal log-likelihood: -82046.087
Rate parameters:  A-C: 1.00000  A-G: 1.00000  A-T: 1.00000  C-G: 1.00000  C-T: 1.00000  G-T: 1.00000
Base frequencies:  A: 0.250  C: 0.250  G: 0.250  T: 0.250
Parameters optimization took 1 rounds (0.012 sec)
Wrote distance file to... 
Computing ML distances based on estimated model parameters...
Calculating distance matrix: done in 0.00161314 secs using 99.25% CPU
Computing ML distances took 0.001747 sec (of wall-clock time) 0.001728 sec (of CPU time)
Setting up auxiliary I and S matrices: done in 2.71797e-05 secs using 69.91% CPU
Constructing RapidNJ tree: done in 4.88758e-05 secs using 171.9% CPU
Computing RapidNJ tree took 0.000095 sec (of wall-clock time) 0.000122 sec (of CPU time)
Log-likelihood of RapidNJ tree: -81999.758
--------------------------------------------------------------------
|             INITIALIZING CANDIDATE TREE SET                      |
--------------------------------------------------------------------
Generating 98 parsimony trees... 0.312 second
Computing log-likelihood of 98 initial trees ... 0.248 seconds
Current best score: -81999.758

Do NNI search on 20 best initial trees
Estimate model parameters (epsilon = 0.100)
BETTER TREE FOUND at iteration 1: -81817.176
Iteration 10 / LogL: -81832.286 / Time: 0h:0m:17s
Iteration 20 / LogL: -81951.504 / Time: 0h:0m:18s
Finish initializing candidate tree set (14)
Current best tree score: -81817.176 / CPU time: 1.308
Number of iterations: 20
--------------------------------------------------------------------
|               OPTIMIZING CANDIDATE TREE SET                      |
--------------------------------------------------------------------
Iteration 30 / LogL: -81830.458 / Time: 0h:0m:18s (0h:0m:45s left)
Iteration 40 / LogL: -81817.355 / Time: 0h:0m:18s (0h:0m:29s left)
Iteration 50 / LogL: -81857.302 / Time: 0h:0m:19s (0h:0m:20s left)
Iteration 60 / LogL: -81832.526 / Time: 0h:0m:19s (0h:0m:13s left)
Iteration 70 / LogL: -81819.855 / Time: 0h:0m:20s (0h:0m:9s left)
Iteration 80 / LogL: -81821.948 / Time: 0h:0m:20s (0h:0m:5s left)
Iteration 90 / LogL: -81817.753 / Time: 0h:0m:21s (0h:0m:2s left)
Iteration 100 / LogL: -81818.372 / Time: 0h:0m:22s (0h:0m:0s left)
TREE SEARCH COMPLETED AFTER 102 ITERATIONS / Time: 0h:0m:22s

--------------------------------------------------------------------
|                    FINALIZING TREE SEARCH                        |
--------------------------------------------------------------------
Performs final model parameters optimization
Estimate model parameters (epsilon = 0.010)
1. Initial log-likelihood: -81817.176
Optimal log-likelihood: -81817.170
Rate parameters:  A-C: 1.00000  A-G: 1.00000  A-T: 1.00000  C-G: 1.00000  C-T: 1.00000  G-T: 1.00000
Base frequencies:  A: 0.250  C: 0.250  G: 0.250  T: 0.250
Parameters optimization took 1 rounds (0.003 sec)
BEST SCORE FOUND : -81817.170
Total tree length: 20.015

Total number of iterations: 102
CPU time used for tree search: 5.325 sec (0h:0m:5s)
Wall-clock time used for tree search: 5.365 sec (0h:0m:5s)
Total CPU time used: 23.226 sec (0h:0m:23s)
Total wall-clock time used: 22.115 sec (0h:0m:22s)

Analysis results written to: 
  IQ-TREE report:                exp_baseline/m1_sel200_rep5/iqtree_out.iqtree
  Maximum-likelihood tree:       exp_baseline/m1_sel200_rep5/iqtree_out.treefile
  Likelihood distances:          exp_baseline/m1_sel200_rep5/iqtree_out.mldist
  Screen log file:               exp_baseline/m1_sel200_rep5/iqtree_out.log

Date and Time: Tue May 12 13:56:13 2026
