IQ-TREE version 3.1.1 for MacOS ARM 64-bit built Apr  8 2026
Developed by Bui Quang Minh, Thomas Wong, Nhan Ly-Trong, Huaiyan Ren
Contributed by Lam-Tung Nguyen, Dominik Schrempf, Chris Bielow,
Olga Chernomor, Michael Woodhams, Diep Thi Hoang, Heiko Schmidt

Host:    Noutbuk-maria.local (SSE4.2, 16 GB RAM)
Command: iqtree -s exp_stable_0.001/m0_sel2_rep5/neutral.fasta -m JC -nt AUTO -pre exp_stable_0.001/m0_sel2_rep5/iqtree_out -seed 3042 -redo
Seed:    3042 (Using SPRNG - Scalable Parallel Random Number Generator)
Time:    Mon May 18 23:12:50 2026
Kernel:  SSE2 - auto-detect threads (8 CPU cores detected)

Reading alignment file exp_stable_0.001/m0_sel2_rep5/neutral.fasta ... Fasta format detected
Reading fasta file: done in 0.00118208 secs using 89.76% CPU
Alignment most likely contains DNA/RNA sequences
Constructing alignment: done in 0.0015831 secs using 65.25% CPU
Alignment has 50 sequences with 3000 columns, 2957 distinct patterns
2663 parsimony-informative, 301 singleton sites, 36 constant sites
          Gap/Ambiguity  Composition  p-value
Analyzing sequences: done in 0.000108004 secs using 268.5% CPU
   1  taxon_1     0.00%    passed     64.94%
   2  taxon_2     0.00%    passed     70.04%
   3  taxon_3     0.00%    passed     47.97%
   4  taxon_4     0.00%    passed     52.83%
   5  taxon_5     0.00%    passed     52.06%
   6  taxon_6     0.00%    passed     82.84%
   7  taxon_7     0.00%    passed     85.31%
   8  taxon_8     0.00%    passed     73.17%
   9  taxon_9     0.00%    passed     94.56%
  10  taxon_10    0.00%    passed     88.33%
  11  taxon_11    0.00%    passed     77.94%
  12  taxon_12    0.00%    passed     91.47%
  13  taxon_13    0.00%    passed     58.15%
  14  taxon_14    0.00%    passed     97.28%
  15  taxon_15    0.00%    passed     98.98%
  16  taxon_16    0.00%    passed     37.45%
  17  taxon_17    0.00%    passed     74.34%
  18  taxon_18    0.00%    passed     66.55%
  19  taxon_19    0.00%    passed     98.93%
  20  taxon_20    0.00%    passed     96.30%
  21  taxon_21    0.00%    passed     82.30%
  22  taxon_22    0.00%    passed     96.24%
  23  taxon_23    0.00%    passed     96.99%
  24  taxon_24    0.00%    passed     33.91%
  25  taxon_25    0.00%    passed     86.57%
  26  taxon_26    0.00%    passed     71.33%
  27  taxon_27    0.00%    passed     99.65%
  28  taxon_28    0.00%    passed     85.20%
  29  taxon_29    0.00%    passed     42.44%
  30  taxon_30    0.00%    passed     56.69%
  31  taxon_31    0.00%    passed     78.37%
  32  taxon_32    0.00%    passed     92.02%
  33  taxon_33    0.00%    passed     99.67%
  34  taxon_34    0.00%    passed     77.80%
  35  taxon_35    0.00%    passed     97.46%
  36  taxon_36    0.00%    passed     92.98%
  37  taxon_37    0.00%    passed     97.14%
  38  taxon_38    0.00%    passed     83.52%
  39  taxon_39    0.00%    passed     90.54%
  40  taxon_40    0.00%    passed     98.21%
  41  taxon_41    0.00%    passed     97.53%
  42  taxon_42    0.00%    passed     83.87%
  43  taxon_43    0.00%    passed     81.77%
  44  taxon_44    0.00%    passed     90.43%
  45  taxon_45    0.00%    passed     59.69%
  46  taxon_46    0.00%    passed     97.12%
  47  taxon_47    0.00%    passed     86.30%
  48  taxon_48    0.00%    passed     65.01%
  49  taxon_49    0.00%    passed     96.18%
  50  taxon_50    0.00%    passed     91.67%
****  TOTAL       0.00%  0 sequences failed composition chi2 test (p-value<5%; df=3)
Checking for duplicate sequences: done in 0.000299931 secs using 90.35% CPU

Create initial parsimony tree by phylogenetic likelihood library (PLL)... 0.004 seconds

NOTE: 4 MB RAM (0 GB) is required!
Measuring multi-threading efficiency up to 8 CPU cores
Increase to 10 rounds for branch lengths
231 trees examined
Threads: 1 / Time: 8.004 sec / Speedup: 1.000 / Efficiency: 100% / LogL: -90647
Threads: 2 / Time: 7.597 sec / Speedup: 1.054 / Efficiency: 53% / LogL: -90647
Threads: 3 / Time: 6.950 sec / Speedup: 1.152 / Efficiency: 38% / LogL: -90647
Determining AUTO threadcount: done in 22.551 secs using 124.4% CPU
BEST NUMBER OF THREADS: 2

Estimate model parameters (epsilon = 0.100)
1. Initial log-likelihood: -65255.173
Optimal log-likelihood: -65192.091
Rate parameters:  A-C: 1.00000  A-G: 1.00000  A-T: 1.00000  C-G: 1.00000  C-T: 1.00000  G-T: 1.00000
Base frequencies:  A: 0.250  C: 0.250  G: 0.250  T: 0.250
Parameters optimization took 1 rounds (0.012 sec)
Wrote distance file to... 
Computing ML distances based on estimated model parameters...
Calculating distance matrix: done in 0.00344586 secs using 176.9% CPU
Computing ML distances took 0.003823 sec (of wall-clock time) 0.006574 sec (of CPU time)
Setting up auxiliary I and S matrices: done in 4.00543e-05 secs using 154.8% CPU
Constructing RapidNJ tree: done in 0.000809908 secs using 83.59% CPU
Computing RapidNJ tree took 0.000869 sec (of wall-clock time) 0.000755 sec (of CPU time)
Log-likelihood of RapidNJ tree: -65292.793
--------------------------------------------------------------------
|             INITIALIZING CANDIDATE TREE SET                      |
--------------------------------------------------------------------
Generating 98 parsimony trees... 0.467 second
Computing log-likelihood of 98 initial trees ... 0.627 seconds
Current best score: -65192.091

Do NNI search on 20 best initial trees
Estimate model parameters (epsilon = 0.100)
BETTER TREE FOUND at iteration 1: -65191.986
Iteration 10 / LogL: -65192.007 / Time: 0h:0m:24s
Iteration 20 / LogL: -65191.989 / Time: 0h:0m:25s
Finish initializing candidate tree set (1)
Current best tree score: -65191.986 / CPU time: 2.600
Number of iterations: 20
--------------------------------------------------------------------
|               OPTIMIZING CANDIDATE TREE SET                      |
--------------------------------------------------------------------
Iteration 30 / LogL: -65192.295 / Time: 0h:0m:26s (0h:1m:3s left)
Iteration 40 / LogL: -65191.990 / Time: 0h:0m:27s (0h:0m:42s left)
Iteration 50 / LogL: -65192.002 / Time: 0h:0m:28s (0h:0m:29s left)
Iteration 60 / LogL: -65191.986 / Time: 0h:0m:29s (0h:0m:20s left)
Iteration 70 / LogL: -65192.130 / Time: 0h:0m:30s (0h:0m:13s left)
Iteration 80 / LogL: -65191.988 / Time: 0h:0m:31s (0h:0m:8s left)
Iteration 90 / LogL: -65191.987 / Time: 0h:0m:32s (0h:0m:3s left)
Iteration 100 / LogL: -65191.998 / Time: 0h:0m:32s (0h:0m:0s left)
TREE SEARCH COMPLETED AFTER 102 ITERATIONS / Time: 0h:0m:33s

--------------------------------------------------------------------
|                    FINALIZING TREE SEARCH                        |
--------------------------------------------------------------------
Performs final model parameters optimization
Estimate model parameters (epsilon = 0.010)
1. Initial log-likelihood: -65191.986
Optimal log-likelihood: -65191.986
Rate parameters:  A-C: 1.00000  A-G: 1.00000  A-T: 1.00000  C-G: 1.00000  C-T: 1.00000  G-T: 1.00000
Base frequencies:  A: 0.250  C: 0.250  G: 0.250  T: 0.250
Parameters optimization took 1 rounds (0.013 sec)
BEST SCORE FOUND : -65191.986
Total tree length: 4.463

Total number of iterations: 102
CPU time used for tree search: 12.556 sec (0h:0m:12s)
Wall-clock time used for tree search: 10.570 sec (0h:0m:10s)
Total CPU time used: 40.680 sec (0h:0m:40s)
Total wall-clock time used: 33.182 sec (0h:0m:33s)

Analysis results written to: 
  IQ-TREE report:                exp_stable_0.001/m0_sel2_rep5/iqtree_out.iqtree
  Maximum-likelihood tree:       exp_stable_0.001/m0_sel2_rep5/iqtree_out.treefile
  Likelihood distances:          exp_stable_0.001/m0_sel2_rep5/iqtree_out.mldist
  Screen log file:               exp_stable_0.001/m0_sel2_rep5/iqtree_out.log

Date and Time: Mon May 18 23:13:23 2026
