IQ-TREE version 3.1.1 for MacOS ARM 64-bit built Apr  8 2026
Developed by Bui Quang Minh, Thomas Wong, Nhan Ly-Trong, Huaiyan Ren
Contributed by Lam-Tung Nguyen, Dominik Schrempf, Chris Bielow,
Olga Chernomor, Michael Woodhams, Diep Thi Hoang, Heiko Schmidt

Host:    Noutbuk-maria.local (SSE4.2, 16 GB RAM)
Command: iqtree -s exp_stable_0.001/m1_sel2_rep2/neutral.fasta -m JC -nt AUTO -pre exp_stable_0.001/m1_sel2_rep2/iqtree_out -seed 2342 -redo
Seed:    2342 (Using SPRNG - Scalable Parallel Random Number Generator)
Time:    Sat May 16 00:14:57 2026
Kernel:  SSE2 - auto-detect threads (8 CPU cores detected)

Reading alignment file exp_stable_0.001/m1_sel2_rep2/neutral.fasta ... Fasta format detected
Reading fasta file: done in 0.00117707 secs using 89.88% CPU
Alignment most likely contains DNA/RNA sequences
Constructing alignment: done in 0.00161505 secs using 60.93% CPU
Alignment has 50 sequences with 3000 columns, 2401 distinct patterns
1722 parsimony-informative, 949 singleton sites, 329 constant sites
          Gap/Ambiguity  Composition  p-value
Analyzing sequences: done in 7.48634e-05 secs using 358% CPU
   1  taxon_1     0.00%    passed     77.39%
   2  taxon_2     0.00%    passed     99.72%
   3  taxon_3     0.00%    passed     93.87%
   4  taxon_4     0.00%    passed     77.87%
   5  taxon_5     0.00%    passed     75.99%
   6  taxon_6     0.00%    passed     70.55%
   7  taxon_7     0.00%    passed     86.48%
   8  taxon_8     0.00%    passed     95.05%
   9  taxon_9     0.00%    passed     76.76%
  10  taxon_10    0.00%    passed     50.39%
  11  taxon_11    0.00%    passed     83.55%
  12  taxon_12    0.00%    passed     76.97%
  13  taxon_13    0.00%    passed     79.43%
  14  taxon_14    0.00%    passed     81.36%
  15  taxon_15    0.00%    passed     96.80%
  16  taxon_16    0.00%    passed     84.03%
  17  taxon_17    0.00%    passed     91.28%
  18  taxon_18    0.00%    passed     87.93%
  19  taxon_19    0.00%    passed     79.43%
  20  taxon_20    0.00%    passed     90.93%
  21  taxon_21    0.00%    passed     97.08%
  22  taxon_22    0.00%    passed     79.38%
  23  taxon_23    0.00%    passed     96.28%
  24  taxon_24    0.00%    passed     95.24%
  25  taxon_25    0.00%    passed     98.44%
  26  taxon_26    0.00%    passed     92.82%
  27  taxon_27    0.00%    passed     66.82%
  28  taxon_28    0.00%    passed     76.71%
  29  taxon_29    0.00%    passed     65.00%
  30  taxon_30    0.00%    passed     97.73%
  31  taxon_31    0.00%    passed     98.41%
  32  taxon_32    0.00%    passed     80.09%
  33  taxon_33    0.00%    passed     94.13%
  34  taxon_34    0.00%    passed     74.28%
  35  taxon_35    0.00%    passed     92.96%
  36  taxon_36    0.00%    passed     76.71%
  37  taxon_37    0.00%    passed     37.62%
  38  taxon_38    0.00%    passed     78.22%
  39  taxon_39    0.00%    passed     94.95%
  40  taxon_40    0.00%    passed     60.85%
  41  taxon_41    0.00%    passed     99.70%
  42  taxon_42    0.00%    passed     84.44%
  43  taxon_43    0.00%    passed     92.85%
  44  taxon_44    0.00%    passed     98.17%
  45  taxon_45    0.00%    passed     97.50%
  46  taxon_46    0.00%    passed     84.44%
  47  taxon_47    0.00%    passed     95.57%
  48  taxon_48    0.00%    passed     92.54%
  49  taxon_49    0.00%    passed     83.21%
  50  taxon_50    0.00%    passed     91.83%
****  TOTAL       0.00%  0 sequences failed composition chi2 test (p-value<5%; df=3)
Checking for duplicate sequences: done in 0.000248909 secs using 90.8% CPU

Create initial parsimony tree by phylogenetic likelihood library (PLL)... 0.004 seconds

NOTE: 3 MB RAM (0 GB) is required!
Measuring multi-threading efficiency up to 8 CPU cores
Increase to 10 rounds for branch lengths
255 trees examined
Threads: 1 / Time: 8.015 sec / Speedup: 1.000 / Efficiency: 100% / LogL: -67789
Threads: 2 / Time: 7.625 sec / Speedup: 1.051 / Efficiency: 53% / LogL: -67789
Threads: 3 / Time: 8.030 sec / Speedup: 0.998 / Efficiency: 33% / LogL: -67789
Determining AUTO threadcount: done in 23.671 secs using 122.9% CPU
BEST NUMBER OF THREADS: 1

Estimate model parameters (epsilon = 0.100)
1. Initial log-likelihood: -39541.096
Optimal log-likelihood: -39530.746
Rate parameters:  A-C: 1.00000  A-G: 1.00000  A-T: 1.00000  C-G: 1.00000  C-T: 1.00000  G-T: 1.00000
Base frequencies:  A: 0.250  C: 0.250  G: 0.250  T: 0.250
Parameters optimization took 1 rounds (0.012 sec)
Wrote distance file to... 
Computing ML distances based on estimated model parameters...
Calculating distance matrix: done in 0.00647211 secs using 96.03% CPU
Computing ML distances took 0.006770 sec (of wall-clock time) 0.006507 sec (of CPU time)
Setting up auxiliary I and S matrices: done in 5.00679e-05 secs using 77.89% CPU
Constructing RapidNJ tree: done in 0.000118971 secs using 173.2% CPU
Computing RapidNJ tree took 0.000196 sec (of wall-clock time) 0.000284 sec (of CPU time)
Log-likelihood of RapidNJ tree: -39538.786
--------------------------------------------------------------------
|             INITIALIZING CANDIDATE TREE SET                      |
--------------------------------------------------------------------
Generating 98 parsimony trees... 0.457 second
Computing log-likelihood of 98 initial trees ... 0.527 seconds
Current best score: -39530.746

Do NNI search on 20 best initial trees
Estimate model parameters (epsilon = 0.100)
BETTER TREE FOUND at iteration 1: -39530.746
Iteration 10 / LogL: -39530.746 / Time: 0h:0m:25s
Iteration 20 / LogL: -39530.791 / Time: 0h:0m:25s
Finish initializing candidate tree set (1)
Current best tree score: -39530.746 / CPU time: 2.092
Number of iterations: 20
--------------------------------------------------------------------
|               OPTIMIZING CANDIDATE TREE SET                      |
--------------------------------------------------------------------
UPDATE BEST LOG-LIKELIHOOD: -39530.746
Iteration 30 / LogL: -39530.775 / Time: 0h:0m:26s (0h:1m:5s left)
Iteration 40 / LogL: -39530.747 / Time: 0h:0m:27s (0h:0m:42s left)
Iteration 50 / LogL: -39530.747 / Time: 0h:0m:28s (0h:0m:29s left)
Iteration 60 / LogL: -39530.758 / Time: 0h:0m:29s (0h:0m:20s left)
Iteration 70 / LogL: -39530.748 / Time: 0h:0m:29s (0h:0m:13s left)
Iteration 80 / LogL: -39530.753 / Time: 0h:0m:30s (0h:0m:8s left)
Iteration 90 / LogL: -39530.746 / Time: 0h:0m:31s (0h:0m:3s left)
UPDATE BEST LOG-LIKELIHOOD: -39530.746
Iteration 100 / LogL: -39530.748 / Time: 0h:0m:32s (0h:0m:0s left)
TREE SEARCH COMPLETED AFTER 102 ITERATIONS / Time: 0h:0m:32s

--------------------------------------------------------------------
|                    FINALIZING TREE SEARCH                        |
--------------------------------------------------------------------
Performs final model parameters optimization
Estimate model parameters (epsilon = 0.010)
1. Initial log-likelihood: -39530.746
Optimal log-likelihood: -39530.746
Rate parameters:  A-C: 1.00000  A-G: 1.00000  A-T: 1.00000  C-G: 1.00000  C-T: 1.00000  G-T: 1.00000
Base frequencies:  A: 0.250  C: 0.250  G: 0.250  T: 0.250
Parameters optimization took 1 rounds (0.006 sec)
BEST SCORE FOUND : -39530.746
Total tree length: 2.217

Total number of iterations: 102
CPU time used for tree search: 8.400 sec (0h:0m:8s)
Wall-clock time used for tree search: 8.483 sec (0h:0m:8s)
Total CPU time used: 37.551 sec (0h:0m:37s)
Total wall-clock time used: 32.207 sec (0h:0m:32s)

Analysis results written to: 
  IQ-TREE report:                exp_stable_0.001/m1_sel2_rep2/iqtree_out.iqtree
  Maximum-likelihood tree:       exp_stable_0.001/m1_sel2_rep2/iqtree_out.treefile
  Likelihood distances:          exp_stable_0.001/m1_sel2_rep2/iqtree_out.mldist
  Screen log file:               exp_stable_0.001/m1_sel2_rep2/iqtree_out.log

Date and Time: Sat May 16 00:15:29 2026
