IQ-TREE version 3.1.1 for MacOS ARM 64-bit built Apr  8 2026
Developed by Bui Quang Minh, Thomas Wong, Nhan Ly-Trong, Huaiyan Ren
Contributed by Lam-Tung Nguyen, Dominik Schrempf, Chris Bielow,
Olga Chernomor, Michael Woodhams, Diep Thi Hoang, Heiko Schmidt

Host:    Noutbuk-maria.local (SSE4.2, 16 GB RAM)
Command: iqtree -s exp_baseline/m5_sel200_rep4/combined.fasta -m JC -nt AUTO -pre exp_baseline/m5_sel200_rep4/iqtree_out -seed 200942 -redo
Seed:    200942 (Using SPRNG - Scalable Parallel Random Number Generator)
Time:    Tue May 12 14:19:32 2026
Kernel:  SSE2 - auto-detect threads (8 CPU cores detected)

Reading alignment file exp_baseline/m5_sel200_rep4/combined.fasta ... Fasta format detected
Reading fasta file: done in 0.000522137 secs using 90.97% CPU
Alignment most likely contains DNA/RNA sequences
Constructing alignment: done in 0.00102019 secs using 57.93% CPU
Alignment has 30 sequences with 2200 columns, 2016 distinct patterns
2167 parsimony-informative, 0 singleton sites, 33 constant sites
          Gap/Ambiguity  Composition  p-value
Analyzing sequences: done in 4.60148e-05 secs using 258.6% CPU
   1  taxon_1     0.00%    passed     42.01%
   2  taxon_2     0.00%    passed     69.29%
   3  taxon_3     0.00%    passed      5.63%
   4  taxon_4     0.00%    passed     52.15%
   5  taxon_5     0.00%    passed     10.01%
   6  taxon_6     0.00%    passed     75.95%
   7  taxon_7     0.00%    passed     97.76%
   8  taxon_8     0.00%    passed     59.01%
   9  taxon_9     0.00%    passed     83.85%
  10  taxon_10    0.00%    passed     29.30%
  11  taxon_11    0.00%    passed     60.94%
  12  taxon_12    0.00%    passed     14.33%
  13  taxon_13    0.00%    passed     72.84%
  14  taxon_14    0.00%    passed     32.55%
  15  taxon_15    0.00%    passed     71.60%
  16  taxon_16    0.00%    passed     80.24%
  17  taxon_17    0.00%    passed     84.89%
  18  taxon_18    0.00%    passed     31.02%
  19  taxon_19    0.00%    passed     42.84%
  20  taxon_20    0.00%    passed     35.00%
  21  taxon_21    0.00%    passed     52.09%
  22  taxon_22    0.00%    passed     68.21%
  23  taxon_23    0.00%    passed     40.58%
  24  taxon_24    0.00%    passed     65.94%
  25  taxon_25    0.00%    passed     91.87%
  26  taxon_26    0.00%    passed     49.02%
  27  taxon_27    0.00%    passed     42.92%
  28  taxon_28    0.00%    passed     42.42%
  29  taxon_29    0.00%    passed     41.71%
  30  taxon_30    0.00%    passed      6.37%
****  TOTAL       0.00%  0 sequences failed composition chi2 test (p-value<5%; df=3)
Checking for duplicate sequences: done in 0.000130892 secs using 90.91% CPU

Create initial parsimony tree by phylogenetic likelihood library (PLL)... 0.002 seconds

NOTE: 1 MB RAM (0 GB) is required!
Measuring multi-threading efficiency up to 8 CPU cores
Increase to 10 rounds for branch lengths
402 trees examined
Threads: 1 / Time: 8.001 sec / Speedup: 1.000 / Efficiency: 100% / LogL: -84353
Threads: 2 / Time: 8.785 sec / Speedup: 0.911 / Efficiency: 46% / LogL: -84353
Determining AUTO threadcount: done in 16.7859 secs using 107.6% CPU
BEST NUMBER OF THREADS: 1

Estimate model parameters (epsilon = 0.100)
1. Initial log-likelihood: -76252.478
Optimal log-likelihood: -75765.821
Rate parameters:  A-C: 1.00000  A-G: 1.00000  A-T: 1.00000  C-G: 1.00000  C-T: 1.00000  G-T: 1.00000
Base frequencies:  A: 0.250  C: 0.250  G: 0.250  T: 0.250
Parameters optimization took 1 rounds (0.012 sec)
Wrote distance file to... 
Computing ML distances based on estimated model parameters...
Calculating distance matrix: done in 0.00151205 secs using 99.4% CPU
Computing ML distances took 0.001651 sec (of wall-clock time) 0.001630 sec (of CPU time)
WARNING: Some pairwise ML distances are too long (saturated)
Setting up auxiliary I and S matrices: done in 3.50475e-05 secs using 57.07% CPU
Constructing RapidNJ tree: done in 5.48363e-05 secs using 162.3% CPU
Computing RapidNJ tree took 0.000114 sec (of wall-clock time) 0.000129 sec (of CPU time)
Log-likelihood of RapidNJ tree: -77022.180
--------------------------------------------------------------------
|             INITIALIZING CANDIDATE TREE SET                      |
--------------------------------------------------------------------
Generating 98 parsimony trees... 0.270 second
Computing log-likelihood of 98 initial trees ... 0.241 seconds
Current best score: -75765.821

Do NNI search on 20 best initial trees
Estimate model parameters (epsilon = 0.100)
BETTER TREE FOUND at iteration 1: -75761.556
Estimate model parameters (epsilon = 0.100)
BETTER TREE FOUND at iteration 2: -75700.443
Iteration 10 / LogL: -75745.611 / Time: 0h:0m:17s
Iteration 20 / LogL: -75782.500 / Time: 0h:0m:18s
Finish initializing candidate tree set (14)
Current best tree score: -75700.443 / CPU time: 1.439
Number of iterations: 20
--------------------------------------------------------------------
|               OPTIMIZING CANDIDATE TREE SET                      |
--------------------------------------------------------------------
Estimate model parameters (epsilon = 0.100)
BETTER TREE FOUND at iteration 23: -75699.696
Iteration 30 / LogL: -75699.696 / Time: 0h:0m:18s (0h:1m:0s left)
Iteration 40 / LogL: -75699.697 / Time: 0h:0m:19s (0h:0m:42s left)
Iteration 50 / LogL: -75745.733 / Time: 0h:0m:20s (0h:0m:30s left)
Iteration 60 / LogL: -75700.502 / Time: 0h:0m:21s (0h:0m:22s left)
Iteration 70 / LogL: -75699.696 / Time: 0h:0m:21s (0h:0m:16s left)
Iteration 80 / LogL: -75699.730 / Time: 0h:0m:22s (0h:0m:12s left)
Iteration 90 / LogL: -75887.603 / Time: 0h:0m:23s (0h:0m:8s left)
Iteration 100 / LogL: -75699.696 / Time: 0h:0m:24s (0h:0m:5s left)
Iteration 110 / LogL: -75701.318 / Time: 0h:0m:24s (0h:0m:2s left)
UPDATE BEST LOG-LIKELIHOOD: -75699.696
Iteration 120 / LogL: -75699.696 / Time: 0h:0m:25s (0h:0m:0s left)
TREE SEARCH COMPLETED AFTER 124 ITERATIONS / Time: 0h:0m:25s

--------------------------------------------------------------------
|                    FINALIZING TREE SEARCH                        |
--------------------------------------------------------------------
Performs final model parameters optimization
Estimate model parameters (epsilon = 0.010)
1. Initial log-likelihood: -75699.696
Optimal log-likelihood: -75699.696
Rate parameters:  A-C: 1.00000  A-G: 1.00000  A-T: 1.00000  C-G: 1.00000  C-T: 1.00000  G-T: 1.00000
Base frequencies:  A: 0.250  C: 0.250  G: 0.250  T: 0.250
Parameters optimization took 1 rounds (0.003 sec)
BEST SCORE FOUND : -75699.696
Total tree length: 16.396

Total number of iterations: 124
CPU time used for tree search: 8.855 sec (0h:0m:8s)
Wall-clock time used for tree search: 8.954 sec (0h:0m:8s)
Total CPU time used: 26.954 sec (0h:0m:26s)
Total wall-clock time used: 25.782 sec (0h:0m:25s)

Analysis results written to: 
  IQ-TREE report:                exp_baseline/m5_sel200_rep4/iqtree_out.iqtree
  Maximum-likelihood tree:       exp_baseline/m5_sel200_rep4/iqtree_out.treefile
  Likelihood distances:          exp_baseline/m5_sel200_rep4/iqtree_out.mldist
  Screen log file:               exp_baseline/m5_sel200_rep4/iqtree_out.log

Date and Time: Tue May 12 14:19:58 2026
