IQ-TREE version 3.1.1 for MacOS ARM 64-bit built Apr  8 2026
Developed by Bui Quang Minh, Thomas Wong, Nhan Ly-Trong, Huaiyan Ren
Contributed by Lam-Tung Nguyen, Dominik Schrempf, Chris Bielow,
Olga Chernomor, Michael Woodhams, Diep Thi Hoang, Heiko Schmidt

Host:    Noutbuk-maria.local (SSE4.2, 16 GB RAM)
Command: iqtree -s exp_baseline/m1_sel500_rep1/combined.fasta -m JC -nt AUTO -pre exp_baseline/m1_sel500_rep1/iqtree_out -seed 500242 -redo
Seed:    500242 (Using SPRNG - Scalable Parallel Random Number Generator)
Time:    Tue May 12 13:56:21 2026
Kernel:  SSE2 - auto-detect threads (8 CPU cores detected)

Reading alignment file exp_baseline/m1_sel500_rep1/combined.fasta ... Fasta format detected
Reading fasta file: done in 0.000603914 secs using 91.24% CPU
Alignment most likely contains DNA/RNA sequences
Constructing alignment: done in 0.00114393 secs using 56.21% CPU
Alignment has 30 sequences with 2500 columns, 2016 distinct patterns
2248 parsimony-informative, 0 singleton sites, 252 constant sites
          Gap/Ambiguity  Composition  p-value
Analyzing sequences: done in 4.79221e-05 secs using 223.3% CPU
   1  taxon_1     0.00%    passed     12.67%
   2  taxon_2     0.00%    passed     18.09%
   3  taxon_3     0.00%    passed     67.81%
   4  taxon_4     0.00%    passed     74.77%
   5  taxon_5     0.00%    passed     54.87%
   6  taxon_6     0.00%    passed     56.63%
   7  taxon_7     0.00%    passed     30.76%
   8  taxon_8     0.00%    passed     83.74%
   9  taxon_9     0.00%    passed     41.01%
  10  taxon_10    0.00%    passed     38.32%
  11  taxon_11    0.00%    passed     93.91%
  12  taxon_12    0.00%    passed     95.14%
  13  taxon_13    0.00%    passed     44.19%
  14  taxon_14    0.00%    passed     28.03%
  15  taxon_15    0.00%    passed     16.83%
  16  taxon_16    0.00%    passed     63.71%
  17  taxon_17    0.00%    passed      7.17%
  18  taxon_18    0.00%    passed     36.94%
  19  taxon_19    0.00%    passed     70.41%
  20  taxon_20    0.00%    passed     67.24%
  21  taxon_21    0.00%    passed     74.15%
  22  taxon_22    0.00%    passed     80.78%
  23  taxon_23    0.00%    passed     39.61%
  24  taxon_24    0.00%    passed     43.79%
  25  taxon_25    0.00%    failed      2.47%
  26  taxon_26    0.00%    passed     52.98%
  27  taxon_27    0.00%    passed     68.36%
  28  taxon_28    0.00%    passed     94.85%
  29  taxon_29    0.00%    passed     75.74%
  30  taxon_30    0.00%    passed     22.54%
****  TOTAL       0.00%  1 sequences failed composition chi2 test (p-value<5%; df=3)
Checking for duplicate sequences: done in 0.000132084 secs using 91.61% CPU

Create initial parsimony tree by phylogenetic likelihood library (PLL)... 0.002 seconds

NOTE: 1 MB RAM (0 GB) is required!
Measuring multi-threading efficiency up to 8 CPU cores
Increase to 10 rounds for branch lengths
393 trees examined
Threads: 1 / Time: 8.019 sec / Speedup: 1.000 / Efficiency: 100% / LogL: -96531
Threads: 2 / Time: 8.512 sec / Speedup: 0.942 / Efficiency: 47% / LogL: -96531
Determining AUTO threadcount: done in 16.5304 secs using 107.7% CPU
BEST NUMBER OF THREADS: 1

Estimate model parameters (epsilon = 0.100)
1. Initial log-likelihood: -90109.535
Optimal log-likelihood: -89582.537
Rate parameters:  A-C: 1.00000  A-G: 1.00000  A-T: 1.00000  C-G: 1.00000  C-T: 1.00000  G-T: 1.00000
Base frequencies:  A: 0.250  C: 0.250  G: 0.250  T: 0.250
Parameters optimization took 1 rounds (0.010 sec)
Wrote distance file to... 
Computing ML distances based on estimated model parameters...
Calculating distance matrix: done in 0.00166202 secs using 99.4% CPU
Computing ML distances took 0.001796 sec (of wall-clock time) 0.001781 sec (of CPU time)
Setting up auxiliary I and S matrices: done in 2.31266e-05 secs using 73.51% CPU
Constructing RapidNJ tree: done in 4.91142e-05 secs using 164.9% CPU
Computing RapidNJ tree took 0.000098 sec (of wall-clock time) 0.000117 sec (of CPU time)
Log-likelihood of RapidNJ tree: -89929.274
--------------------------------------------------------------------
|             INITIALIZING CANDIDATE TREE SET                      |
--------------------------------------------------------------------
Generating 98 parsimony trees... 0.257 second
Computing log-likelihood of 98 initial trees ... 0.236 seconds
Current best score: -89132.251

Do NNI search on 20 best initial trees
Estimate model parameters (epsilon = 0.100)
BETTER TREE FOUND at iteration 1: -89013.964
Iteration 10 / LogL: -89121.264 / Time: 0h:0m:17s
Iteration 20 / LogL: -89203.463 / Time: 0h:0m:17s
Finish initializing candidate tree set (19)
Current best tree score: -89013.964 / CPU time: 1.115
Number of iterations: 20
--------------------------------------------------------------------
|               OPTIMIZING CANDIDATE TREE SET                      |
--------------------------------------------------------------------
Estimate model parameters (epsilon = 0.100)
BETTER TREE FOUND at iteration 23: -89011.353
Estimate model parameters (epsilon = 0.100)
BETTER TREE FOUND at iteration 25: -88985.156
Iteration 30 / LogL: -89012.097 / Time: 0h:0m:18s (0h:0m:59s left)
Iteration 40 / LogL: -89011.388 / Time: 0h:0m:18s (0h:0m:40s left)
Iteration 50 / LogL: -89006.112 / Time: 0h:0m:18s (0h:0m:28s left)
Iteration 60 / LogL: -89073.159 / Time: 0h:0m:19s (0h:0m:21s left)
Iteration 70 / LogL: -89012.057 / Time: 0h:0m:19s (0h:0m:15s left)
Iteration 80 / LogL: -89002.265 / Time: 0h:0m:19s (0h:0m:11s left)
Iteration 90 / LogL: -89004.795 / Time: 0h:0m:20s (0h:0m:8s left)
Iteration 100 / LogL: -88997.354 / Time: 0h:0m:20s (0h:0m:5s left)
Iteration 110 / LogL: -88996.285 / Time: 0h:0m:21s (0h:0m:2s left)
Iteration 120 / LogL: -89012.443 / Time: 0h:0m:21s (0h:0m:0s left)
TREE SEARCH COMPLETED AFTER 126 ITERATIONS / Time: 0h:0m:21s

--------------------------------------------------------------------
|                    FINALIZING TREE SEARCH                        |
--------------------------------------------------------------------
Performs final model parameters optimization
Estimate model parameters (epsilon = 0.010)
1. Initial log-likelihood: -88985.156
Optimal log-likelihood: -88985.146
Rate parameters:  A-C: 1.00000  A-G: 1.00000  A-T: 1.00000  C-G: 1.00000  C-T: 1.00000  G-T: 1.00000
Base frequencies:  A: 0.250  C: 0.250  G: 0.250  T: 0.250
Parameters optimization took 1 rounds (0.003 sec)
BEST SCORE FOUND : -88985.146
Total tree length: 16.867

Total number of iterations: 126
CPU time used for tree search: 5.207 sec (0h:0m:5s)
Wall-clock time used for tree search: 5.230 sec (0h:0m:5s)
Total CPU time used: 23.044 sec (0h:0m:23s)
Total wall-clock time used: 21.801 sec (0h:0m:21s)

Analysis results written to: 
  IQ-TREE report:                exp_baseline/m1_sel500_rep1/iqtree_out.iqtree
  Maximum-likelihood tree:       exp_baseline/m1_sel500_rep1/iqtree_out.treefile
  Likelihood distances:          exp_baseline/m1_sel500_rep1/iqtree_out.mldist
  Screen log file:               exp_baseline/m1_sel500_rep1/iqtree_out.log

Date and Time: Tue May 12 13:56:42 2026
