IQ-TREE version 3.1.1 for MacOS ARM 64-bit built Apr  8 2026
Developed by Bui Quang Minh, Thomas Wong, Nhan Ly-Trong, Huaiyan Ren
Contributed by Lam-Tung Nguyen, Dominik Schrempf, Chris Bielow,
Olga Chernomor, Michael Woodhams, Diep Thi Hoang, Heiko Schmidt

Host:    Noutbuk-maria.local (SSE4.2, 16 GB RAM)
Command: iqtree -s exp_baseline/m20_sel50_rep2/combined.fasta -m JC -nt AUTO -pre exp_baseline/m20_sel50_rep2/iqtree_out -seed 52242 -redo
Seed:    52242 (Using SPRNG - Scalable Parallel Random Number Generator)
Time:    Tue May 12 14:40:16 2026
Kernel:  SSE2 - auto-detect threads (8 CPU cores detected)

Reading alignment file exp_baseline/m20_sel50_rep2/combined.fasta ... Fasta format detected
Reading fasta file: done in 0.000486135 secs using 91.13% CPU
Alignment most likely contains DNA/RNA sequences
Constructing alignment: done in 0.000936031 secs using 58.22% CPU
Alignment has 30 sequences with 2050 columns, 2013 distinct patterns
2049 parsimony-informative, 0 singleton sites, 1 constant sites
          Gap/Ambiguity  Composition  p-value
Analyzing sequences: done in 5.19753e-05 secs using 236.7% CPU
   1  taxon_1     0.00%    passed     39.36%
   2  taxon_2     0.00%    passed     19.51%
   3  taxon_3     0.00%    passed     27.92%
   4  taxon_4     0.00%    passed     79.70%
   5  taxon_5     0.00%    passed     11.98%
   6  taxon_6     0.00%    passed     57.07%
   7  taxon_7     0.00%    passed     33.42%
   8  taxon_8     0.00%    passed     88.45%
   9  taxon_9     0.00%    passed     33.24%
  10  taxon_10    0.00%    passed     36.83%
  11  taxon_11    0.00%    passed     70.84%
  12  taxon_12    0.00%    passed     65.88%
  13  taxon_13    0.00%    passed     25.00%
  14  taxon_14    0.00%    passed     43.77%
  15  taxon_15    0.00%    failed      3.40%
  16  taxon_16    0.00%    passed     48.58%
  17  taxon_17    0.00%    passed     54.29%
  18  taxon_18    0.00%    passed     22.79%
  19  taxon_19    0.00%    passed     18.68%
  20  taxon_20    0.00%    passed     67.66%
  21  taxon_21    0.00%    passed     25.86%
  22  taxon_22    0.00%    passed     78.15%
  23  taxon_23    0.00%    passed     84.13%
  24  taxon_24    0.00%    passed     67.57%
  25  taxon_25    0.00%    passed     66.25%
  26  taxon_26    0.00%    passed     68.96%
  27  taxon_27    0.00%    passed     52.63%
  28  taxon_28    0.00%    passed     72.52%
  29  taxon_29    0.00%    passed     61.75%
  30  taxon_30    0.00%    passed     17.98%
****  TOTAL       0.00%  1 sequences failed composition chi2 test (p-value<5%; df=3)
Checking for duplicate sequences: done in 0.000133991 secs using 91.05% CPU

Create initial parsimony tree by phylogenetic likelihood library (PLL)... 0.003 seconds

NOTE: 1 MB RAM (0 GB) is required!
Measuring multi-threading efficiency up to 8 CPU cores
Increase to 10 rounds for branch lengths
371 trees examined
Threads: 1 / Time: 8.006 sec / Speedup: 1.000 / Efficiency: 100% / LogL: -83503
Threads: 2 / Time: 8.937 sec / Speedup: 0.896 / Efficiency: 45% / LogL: -83503
Determining AUTO threadcount: done in 16.9426 secs using 107.3% CPU
BEST NUMBER OF THREADS: 1

Estimate model parameters (epsilon = 0.100)
1. Initial log-likelihood: -79504.802
Optimal log-likelihood: -78811.093
Rate parameters:  A-C: 1.00000  A-G: 1.00000  A-T: 1.00000  C-G: 1.00000  C-T: 1.00000  G-T: 1.00000
Base frequencies:  A: 0.250  C: 0.250  G: 0.250  T: 0.250
Parameters optimization took 1 rounds (0.021 sec)
Wrote distance file to... 
Computing ML distances based on estimated model parameters...
Calculating distance matrix: done in 0.0013411 secs using 99.47% CPU
Computing ML distances took 0.001480 sec (of wall-clock time) 0.001462 sec (of CPU time)
WARNING: Some pairwise ML distances are too long (saturated)
Setting up auxiliary I and S matrices: done in 2.40803e-05 secs using 78.9% CPU
Constructing RapidNJ tree: done in 4.91142e-05 secs using 167% CPU
Computing RapidNJ tree took 0.000098 sec (of wall-clock time) 0.000123 sec (of CPU time)
Log-likelihood of RapidNJ tree: -78913.033
--------------------------------------------------------------------
|             INITIALIZING CANDIDATE TREE SET                      |
--------------------------------------------------------------------
Generating 98 parsimony trees... 0.304 second
Computing log-likelihood of 98 initial trees ... 0.249 seconds
Current best score: -78811.093

Do NNI search on 20 best initial trees
Estimate model parameters (epsilon = 0.100)
BETTER TREE FOUND at iteration 1: -78731.973
Iteration 10 / LogL: -78748.478 / Time: 0h:0m:18s
Iteration 20 / LogL: -78748.228 / Time: 0h:0m:18s
Finish initializing candidate tree set (13)
Current best tree score: -78731.973 / CPU time: 1.957
Number of iterations: 20
--------------------------------------------------------------------
|               OPTIMIZING CANDIDATE TREE SET                      |
--------------------------------------------------------------------
Estimate model parameters (epsilon = 0.100)
UPDATE BEST LOG-LIKELIHOOD: -78725.540
Iteration 30 / LogL: -78753.817 / Time: 0h:0m:19s (0h:0m:48s left)
Iteration 40 / LogL: -78759.025 / Time: 0h:0m:20s (0h:0m:32s left)
Iteration 50 / LogL: -78869.080 / Time: 0h:0m:21s (0h:0m:22s left)
Iteration 60 / LogL: -78747.247 / Time: 0h:0m:21s (0h:0m:15s left)
Iteration 70 / LogL: -78728.352 / Time: 0h:0m:22s (0h:0m:10s left)
Iteration 80 / LogL: -78727.452 / Time: 0h:0m:23s (0h:0m:6s left)
Iteration 90 / LogL: -78748.536 / Time: 0h:0m:24s (0h:0m:3s left)
Iteration 100 / LogL: -78875.776 / Time: 0h:0m:25s (0h:0m:0s left)
TREE SEARCH COMPLETED AFTER 102 ITERATIONS / Time: 0h:0m:25s

--------------------------------------------------------------------
|                    FINALIZING TREE SEARCH                        |
--------------------------------------------------------------------
Performs final model parameters optimization
Estimate model parameters (epsilon = 0.010)
1. Initial log-likelihood: -78725.540
Optimal log-likelihood: -78725.278
Rate parameters:  A-C: 1.00000  A-G: 1.00000  A-T: 1.00000  C-G: 1.00000  C-T: 1.00000  G-T: 1.00000
Base frequencies:  A: 0.250  C: 0.250  G: 0.250  T: 0.250
Parameters optimization took 1 rounds (0.016 sec)
BEST SCORE FOUND : -78725.278
Total tree length: 26.179

Total number of iterations: 102
CPU time used for tree search: 8.429 sec (0h:0m:8s)
Wall-clock time used for tree search: 8.450 sec (0h:0m:8s)
Total CPU time used: 26.698 sec (0h:0m:26s)
Total wall-clock time used: 25.480 sec (0h:0m:25s)

Analysis results written to: 
  IQ-TREE report:                exp_baseline/m20_sel50_rep2/iqtree_out.iqtree
  Maximum-likelihood tree:       exp_baseline/m20_sel50_rep2/iqtree_out.treefile
  Likelihood distances:          exp_baseline/m20_sel50_rep2/iqtree_out.mldist
  Screen log file:               exp_baseline/m20_sel50_rep2/iqtree_out.log

Date and Time: Tue May 12 14:40:42 2026
