IQ-TREE version 3.1.1 for MacOS ARM 64-bit built Apr  8 2026
Developed by Bui Quang Minh, Thomas Wong, Nhan Ly-Trong, Huaiyan Ren
Contributed by Lam-Tung Nguyen, Dominik Schrempf, Chris Bielow,
Olga Chernomor, Michael Woodhams, Diep Thi Hoang, Heiko Schmidt

Host:    Noutbuk-maria.local (SSE4.2, 16 GB RAM)
Command: iqtree -s exp_stable_0.0001/m0_sel1_rep6/neutral.fasta -m JC -nt AUTO -pre exp_stable_0.0001/m0_sel1_rep6/iqtree_out -seed 1642 -redo
Seed:    1642 (Using SPRNG - Scalable Parallel Random Number Generator)
Time:    Mon May 18 14:25:47 2026
Kernel:  SSE2 - auto-detect threads (8 CPU cores detected)

Reading alignment file exp_stable_0.0001/m0_sel1_rep6/neutral.fasta ... Fasta format detected
Reading fasta file: done in 0.00117803 secs using 89.3% CPU
Alignment most likely contains DNA/RNA sequences
Constructing alignment: done in 0.00127602 secs using 59.95% CPU
Alignment has 50 sequences with 3000 columns, 855 distinct patterns
450 parsimony-informative, 816 singleton sites, 1733 constant sites
          Gap/Ambiguity  Composition  p-value
Analyzing sequences: done in 5.4121e-05 secs using 149.7% CPU
   1  taxon_1     0.00%    passed     95.16%
   2  taxon_2     0.00%    passed     96.27%
   3  taxon_3     0.00%    passed     96.56%
   4  taxon_4     0.00%    passed     97.20%
   5  taxon_5     0.00%    passed     97.79%
   6  taxon_6     0.00%    passed     96.92%
   7  taxon_7     0.00%    passed     98.81%
   8  taxon_8     0.00%    passed     99.25%
   9  taxon_9     0.00%    passed     97.26%
  10  taxon_10    0.00%    passed     91.89%
  11  taxon_11    0.00%    passed     94.27%
  12  taxon_12    0.00%    passed     98.64%
  13  taxon_13    0.00%    passed     96.20%
  14  taxon_14    0.00%    passed     96.42%
  15  taxon_15    0.00%    passed     95.68%
  16  taxon_16    0.00%    passed     95.20%
  17  taxon_17    0.00%    passed     99.04%
  18  taxon_18    0.00%    passed     95.51%
  19  taxon_19    0.00%    passed     91.67%
  20  taxon_20    0.00%    passed     97.28%
  21  taxon_21    0.00%    passed     98.48%
  22  taxon_22    0.00%    passed     90.55%
  23  taxon_23    0.00%    passed     96.84%
  24  taxon_24    0.00%    passed     98.10%
  25  taxon_25    0.00%    passed     99.95%
  26  taxon_26    0.00%    passed     95.55%
  27  taxon_27    0.00%    passed     99.02%
  28  taxon_28    0.00%    passed     99.05%
  29  taxon_29    0.00%    passed     98.83%
  30  taxon_30    0.00%    passed     98.12%
  31  taxon_31    0.00%    passed     95.30%
  32  taxon_32    0.00%    passed     98.57%
  33  taxon_33    0.00%    passed     99.47%
  34  taxon_34    0.00%    passed     98.67%
  35  taxon_35    0.00%    passed     99.91%
  36  taxon_36    0.00%    passed     93.86%
  37  taxon_37    0.00%    passed     96.92%
  38  taxon_38    0.00%    passed     97.67%
  39  taxon_39    0.00%    passed     99.25%
  40  taxon_40    0.00%    passed     98.68%
  41  taxon_41    0.00%    passed     97.49%
  42  taxon_42    0.00%    passed     96.37%
  43  taxon_43    0.00%    passed     98.71%
  44  taxon_44    0.00%    passed     99.97%
  45  taxon_45    0.00%    passed     99.74%
  46  taxon_46    0.00%    passed     96.78%
  47  taxon_47    0.00%    passed     98.41%
  48  taxon_48    0.00%    passed     94.87%
  49  taxon_49    0.00%    passed     95.28%
  50  taxon_50    0.00%    passed     98.41%
****  TOTAL       0.00%  0 sequences failed composition chi2 test (p-value<5%; df=3)
Checking for duplicate sequences: done in 0.000118017 secs using 81.34% CPU

Create initial parsimony tree by phylogenetic likelihood library (PLL)... 0.002 seconds

NOTE: 1 MB RAM (0 GB) is required!
Measuring multi-threading efficiency up to 8 CPU cores
Increase to 10 rounds for branch lengths
869 trees examined
Threads: 1 / Time: 8.009 sec / Speedup: 1.000 / Efficiency: 100% / LogL: -23049
Threads: 2 / Time: 10.041 sec / Speedup: 0.798 / Efficiency: 40% / LogL: -23049
Determining AUTO threadcount: done in 18.0502 secs using 105% CPU
BEST NUMBER OF THREADS: 1

Estimate model parameters (epsilon = 0.100)
1. Initial log-likelihood: -15377.044
Optimal log-likelihood: -15375.052
Rate parameters:  A-C: 1.00000  A-G: 1.00000  A-T: 1.00000  C-G: 1.00000  C-T: 1.00000  G-T: 1.00000
Base frequencies:  A: 0.250  C: 0.250  G: 0.250  T: 0.250
Parameters optimization took 1 rounds (0.003 sec)
Wrote distance file to... 
Computing ML distances based on estimated model parameters...
Calculating distance matrix: done in 0.00278807 secs using 92.36% CPU
Computing ML distances took 0.002876 sec (of wall-clock time) 0.002658 sec (of CPU time)
Setting up auxiliary I and S matrices: done in 4.60148e-05 secs using 78.24% CPU
Constructing RapidNJ tree: done in 9.48906e-05 secs using 167.6% CPU
Computing RapidNJ tree took 0.000163 sec (of wall-clock time) 0.000228 sec (of CPU time)
Log-likelihood of RapidNJ tree: -15381.625
--------------------------------------------------------------------
|             INITIALIZING CANDIDATE TREE SET                      |
--------------------------------------------------------------------
Generating 98 parsimony trees... 0.190 second
Computing log-likelihood of 98 initial trees ... 0.172 seconds
Current best score: -15374.623

Do NNI search on 20 best initial trees
Estimate model parameters (epsilon = 0.100)
BETTER TREE FOUND at iteration 1: -15374.621
Iteration 10 / LogL: -15374.621 / Time: 0h:0m:18s
Iteration 20 / LogL: -15374.625 / Time: 0h:0m:18s
Finish initializing candidate tree set (1)
Current best tree score: -15374.621 / CPU time: 0.552
Number of iterations: 20
--------------------------------------------------------------------
|               OPTIMIZING CANDIDATE TREE SET                      |
--------------------------------------------------------------------
Iteration 30 / LogL: -15374.621 / Time: 0h:0m:18s (0h:0m:46s left)
Iteration 40 / LogL: -15374.625 / Time: 0h:0m:19s (0h:0m:29s left)
Iteration 50 / LogL: -15374.632 / Time: 0h:0m:19s (0h:0m:20s left)
Iteration 60 / LogL: -15374.635 / Time: 0h:0m:19s (0h:0m:13s left)
Iteration 70 / LogL: -15374.631 / Time: 0h:0m:19s (0h:0m:8s left)
Iteration 80 / LogL: -15374.631 / Time: 0h:0m:20s (0h:0m:5s left)
Iteration 90 / LogL: -15374.633 / Time: 0h:0m:20s (0h:0m:2s left)
Iteration 100 / LogL: -15374.632 / Time: 0h:0m:20s (0h:0m:0s left)
TREE SEARCH COMPLETED AFTER 102 ITERATIONS / Time: 0h:0m:20s

--------------------------------------------------------------------
|                    FINALIZING TREE SEARCH                        |
--------------------------------------------------------------------
Performs final model parameters optimization
Estimate model parameters (epsilon = 0.010)
1. Initial log-likelihood: -15374.621
Optimal log-likelihood: -15374.621
Rate parameters:  A-C: 1.00000  A-G: 1.00000  A-T: 1.00000  C-G: 1.00000  C-T: 1.00000  G-T: 1.00000
Base frequencies:  A: 0.250  C: 0.250  G: 0.250  T: 0.250
Parameters optimization took 1 rounds (0.002 sec)
BEST SCORE FOUND : -15374.621
Total tree length: 0.543

Total number of iterations: 102
CPU time used for tree search: 2.718 sec (0h:0m:2s)
Wall-clock time used for tree search: 2.721 sec (0h:0m:2s)
Total CPU time used: 21.697 sec (0h:0m:21s)
Total wall-clock time used: 20.794 sec (0h:0m:20s)

Analysis results written to: 
  IQ-TREE report:                exp_stable_0.0001/m0_sel1_rep6/iqtree_out.iqtree
  Maximum-likelihood tree:       exp_stable_0.0001/m0_sel1_rep6/iqtree_out.treefile
  Likelihood distances:          exp_stable_0.0001/m0_sel1_rep6/iqtree_out.mldist
  Screen log file:               exp_stable_0.0001/m0_sel1_rep6/iqtree_out.log

Date and Time: Mon May 18 14:26:08 2026
