IQ-TREE version 3.1.1 for MacOS ARM 64-bit built Apr  8 2026
Developed by Bui Quang Minh, Thomas Wong, Nhan Ly-Trong, Huaiyan Ren
Contributed by Lam-Tung Nguyen, Dominik Schrempf, Chris Bielow,
Olga Chernomor, Michael Woodhams, Diep Thi Hoang, Heiko Schmidt

Host:    Noutbuk-maria.local (SSE4.2, 16 GB RAM)
Command: iqtree -s exp_stable_0.001/m0_sel2_rep3/neutral.fasta -m JC -nt AUTO -pre exp_stable_0.001/m0_sel2_rep3/iqtree_out -seed 2342 -redo
Seed:    2342 (Using SPRNG - Scalable Parallel Random Number Generator)
Time:    Sun May 17 02:05:44 2026
Kernel:  SSE2 - auto-detect threads (8 CPU cores detected)

Reading alignment file exp_stable_0.001/m0_sel2_rep3/neutral.fasta ... Fasta format detected
Reading fasta file: done in 0.00118709 secs using 89.88% CPU
Alignment most likely contains DNA/RNA sequences
Constructing alignment: done in 0.00163293 secs using 61.85% CPU
Alignment has 50 sequences with 3000 columns, 2983 distinct patterns
2771 parsimony-informative, 211 singleton sites, 18 constant sites
          Gap/Ambiguity  Composition  p-value
Analyzing sequences: done in 9.5129e-05 secs using 320.6% CPU
   1  taxon_1     0.00%    passed     86.11%
   2  taxon_2     0.00%    passed     68.33%
   3  taxon_3     0.00%    passed     85.03%
   4  taxon_4     0.00%    passed     68.02%
   5  taxon_5     0.00%    passed     85.34%
   6  taxon_6     0.00%    passed     97.66%
   7  taxon_7     0.00%    passed     57.82%
   8  taxon_8     0.00%    passed     98.96%
   9  taxon_9     0.00%    passed     51.32%
  10  taxon_10    0.00%    passed     82.36%
  11  taxon_11    0.00%    passed     58.24%
  12  taxon_12    0.00%    passed     98.62%
  13  taxon_13    0.00%    passed     89.60%
  14  taxon_14    0.00%    passed     93.35%
  15  taxon_15    0.00%    passed     74.16%
  16  taxon_16    0.00%    passed     99.59%
  17  taxon_17    0.00%    passed     96.80%
  18  taxon_18    0.00%    passed     78.46%
  19  taxon_19    0.00%    passed     75.14%
  20  taxon_20    0.00%    passed     93.31%
  21  taxon_21    0.00%    passed     85.02%
  22  taxon_22    0.00%    passed     75.22%
  23  taxon_23    0.00%    passed     69.30%
  24  taxon_24    0.00%    passed     92.08%
  25  taxon_25    0.00%    passed     87.94%
  26  taxon_26    0.00%    passed     96.02%
  27  taxon_27    0.00%    passed     93.18%
  28  taxon_28    0.00%    passed     62.67%
  29  taxon_29    0.00%    passed     98.11%
  30  taxon_30    0.00%    passed     39.84%
  31  taxon_31    0.00%    passed     51.43%
  32  taxon_32    0.00%    passed     63.36%
  33  taxon_33    0.00%    passed     84.26%
  34  taxon_34    0.00%    passed     77.47%
  35  taxon_35    0.00%    passed     91.01%
  36  taxon_36    0.00%    passed     96.37%
  37  taxon_37    0.00%    passed     95.99%
  38  taxon_38    0.00%    passed     87.98%
  39  taxon_39    0.00%    passed     91.03%
  40  taxon_40    0.00%    passed     86.28%
  41  taxon_41    0.00%    passed     95.07%
  42  taxon_42    0.00%    passed     48.39%
  43  taxon_43    0.00%    passed     58.70%
  44  taxon_44    0.00%    passed     94.62%
  45  taxon_45    0.00%    passed     81.59%
  46  taxon_46    0.00%    passed     95.98%
  47  taxon_47    0.00%    passed     77.44%
  48  taxon_48    0.00%    passed     93.97%
  49  taxon_49    0.00%    passed     81.68%
  50  taxon_50    0.00%    passed     99.08%
****  TOTAL       0.00%  0 sequences failed composition chi2 test (p-value<5%; df=3)
Checking for duplicate sequences: done in 0.000291109 secs using 95.84% CPU

Create initial parsimony tree by phylogenetic likelihood library (PLL)... 0.005 seconds

NOTE: 4 MB RAM (0 GB) is required!
Measuring multi-threading efficiency up to 8 CPU cores
Increase to 10 rounds for branch lengths
221 trees examined
Threads: 1 / Time: 8.047 sec / Speedup: 1.000 / Efficiency: 100% / LogL: -98532
Threads: 2 / Time: 7.457 sec / Speedup: 1.079 / Efficiency: 54% / LogL: -98532
Threads: 3 / Time: 6.903 sec / Speedup: 1.166 / Efficiency: 39% / LogL: -98532
Determining AUTO threadcount: done in 22.407 secs using 125.1% CPU
BEST NUMBER OF THREADS: 2

Estimate model parameters (epsilon = 0.100)
1. Initial log-likelihood: -72160.889
Optimal log-likelihood: -72085.293
Rate parameters:  A-C: 1.00000  A-G: 1.00000  A-T: 1.00000  C-G: 1.00000  C-T: 1.00000  G-T: 1.00000
Base frequencies:  A: 0.250  C: 0.250  G: 0.250  T: 0.250
Parameters optimization took 1 rounds (0.012 sec)
Wrote distance file to... 
Computing ML distances based on estimated model parameters...
Calculating distance matrix: done in 0.00340295 secs using 176.1% CPU
Computing ML distances took 0.003642 sec (of wall-clock time) 0.006389 sec (of CPU time)
Setting up auxiliary I and S matrices: done in 4.1008e-05 secs using 136.6% CPU
Constructing RapidNJ tree: done in 0.000857115 secs using 79.22% CPU
Computing RapidNJ tree took 0.000914 sec (of wall-clock time) 0.000751 sec (of CPU time)
Log-likelihood of RapidNJ tree: -72148.653
--------------------------------------------------------------------
|             INITIALIZING CANDIDATE TREE SET                      |
--------------------------------------------------------------------
Generating 98 parsimony trees... 0.490 second
Computing log-likelihood of 98 initial trees ... 0.613 seconds
Current best score: -72085.293

Do NNI search on 20 best initial trees
Estimate model parameters (epsilon = 0.100)
BETTER TREE FOUND at iteration 1: -72075.937
Iteration 10 / LogL: -72076.283 / Time: 0h:0m:24s
Iteration 20 / LogL: -72077.841 / Time: 0h:0m:25s
Finish initializing candidate tree set (1)
Current best tree score: -72075.937 / CPU time: 2.630
Number of iterations: 20
--------------------------------------------------------------------
|               OPTIMIZING CANDIDATE TREE SET                      |
--------------------------------------------------------------------
Iteration 30 / LogL: -72075.977 / Time: 0h:0m:25s (0h:1m:3s left)
Iteration 40 / LogL: -72076.263 / Time: 0h:0m:26s (0h:0m:42s left)
Iteration 50 / LogL: -72075.976 / Time: 0h:0m:27s (0h:0m:29s left)
Iteration 60 / LogL: -72076.192 / Time: 0h:0m:28s (0h:0m:19s left)
Iteration 70 / LogL: -72076.118 / Time: 0h:0m:29s (0h:0m:13s left)
Iteration 80 / LogL: -72076.449 / Time: 0h:0m:30s (0h:0m:8s left)
Iteration 90 / LogL: -72075.947 / Time: 0h:0m:31s (0h:0m:3s left)
Iteration 100 / LogL: -72077.075 / Time: 0h:0m:32s (0h:0m:0s left)
TREE SEARCH COMPLETED AFTER 102 ITERATIONS / Time: 0h:0m:32s

--------------------------------------------------------------------
|                    FINALIZING TREE SEARCH                        |
--------------------------------------------------------------------
Performs final model parameters optimization
Estimate model parameters (epsilon = 0.010)
1. Initial log-likelihood: -72075.937
Optimal log-likelihood: -72075.937
Rate parameters:  A-C: 1.00000  A-G: 1.00000  A-T: 1.00000  C-G: 1.00000  C-T: 1.00000  G-T: 1.00000
Base frequencies:  A: 0.250  C: 0.250  G: 0.250  T: 0.250
Parameters optimization took 1 rounds (0.006 sec)
BEST SCORE FOUND : -72075.937
Total tree length: 5.106

Total number of iterations: 102
CPU time used for tree search: 12.287 sec (0h:0m:12s)
Wall-clock time used for tree search: 10.199 sec (0h:0m:10s)
Total CPU time used: 40.387 sec (0h:0m:40s)
Total wall-clock time used: 32.658 sec (0h:0m:32s)

Analysis results written to: 
  IQ-TREE report:                exp_stable_0.001/m0_sel2_rep3/iqtree_out.iqtree
  Maximum-likelihood tree:       exp_stable_0.001/m0_sel2_rep3/iqtree_out.treefile
  Likelihood distances:          exp_stable_0.001/m0_sel2_rep3/iqtree_out.mldist
  Screen log file:               exp_stable_0.001/m0_sel2_rep3/iqtree_out.log

Date and Time: Sun May 17 02:06:17 2026
