IQ-TREE version 3.1.1 for MacOS ARM 64-bit built Apr  8 2026
Developed by Bui Quang Minh, Thomas Wong, Nhan Ly-Trong, Huaiyan Ren
Contributed by Lam-Tung Nguyen, Dominik Schrempf, Chris Bielow,
Olga Chernomor, Michael Woodhams, Diep Thi Hoang, Heiko Schmidt

Host:    Noutbuk-maria.local (SSE4.2, 16 GB RAM)
Command: iqtree -s exp_baseline/m1_sel1000_rep4/combined.fasta -m JC -nt AUTO -pre exp_baseline/m1_sel1000_rep4/iqtree_out -seed 1000542 -redo
Seed:    1000542 (Using SPRNG - Scalable Parallel Random Number Generator)
Time:    Tue May 12 13:59:53 2026
Kernel:  SSE2 - auto-detect threads (8 CPU cores detected)

Reading alignment file exp_baseline/m1_sel1000_rep4/combined.fasta ... Fasta format detected
Reading fasta file: done in 0.000707865 secs using 91.26% CPU
Alignment most likely contains DNA/RNA sequences
Constructing alignment: done in 0.00129199 secs using 55.57% CPU
Alignment has 30 sequences with 3000 columns, 2016 distinct patterns
2481 parsimony-informative, 0 singleton sites, 519 constant sites
          Gap/Ambiguity  Composition  p-value
Analyzing sequences: done in 5.22137e-05 secs using 227.9% CPU
   1  taxon_1     0.00%    passed     42.09%
   2  taxon_2     0.00%    passed     30.41%
   3  taxon_3     0.00%    passed      8.91%
   4  taxon_4     0.00%    passed      7.74%
   5  taxon_5     0.00%    passed     13.81%
   6  taxon_6     0.00%    passed     66.65%
   7  taxon_7     0.00%    passed     67.71%
   8  taxon_8     0.00%    passed     61.59%
   9  taxon_9     0.00%    passed     88.05%
  10  taxon_10    0.00%    passed     97.16%
  11  taxon_11    0.00%    passed     76.05%
  12  taxon_12    0.00%    passed     34.83%
  13  taxon_13    0.00%    passed     20.13%
  14  taxon_14    0.00%    passed     20.58%
  15  taxon_15    0.00%    passed     31.01%
  16  taxon_16    0.00%    passed     76.31%
  17  taxon_17    0.00%    passed     81.27%
  18  taxon_18    0.00%    passed     78.42%
  19  taxon_19    0.00%    passed     64.65%
  20  taxon_20    0.00%    passed     41.02%
  21  taxon_21    0.00%    passed     56.51%
  22  taxon_22    0.00%    passed     58.52%
  23  taxon_23    0.00%    passed     67.34%
  24  taxon_24    0.00%    passed     97.00%
  25  taxon_25    0.00%    passed     56.90%
  26  taxon_26    0.00%    passed     30.72%
  27  taxon_27    0.00%    passed     99.94%
  28  taxon_28    0.00%    passed     93.67%
  29  taxon_29    0.00%    passed     99.01%
  30  taxon_30    0.00%    passed     62.85%
****  TOTAL       0.00%  0 sequences failed composition chi2 test (p-value<5%; df=3)
Checking for duplicate sequences: done in 0.000132084 secs using 90.09% CPU

Create initial parsimony tree by phylogenetic likelihood library (PLL)... 0.003 seconds

NOTE: 1 MB RAM (0 GB) is required!
Measuring multi-threading efficiency up to 8 CPU cores
Increase to 10 rounds for branch lengths
415 trees examined
Threads: 1 / Time: 8.013 sec / Speedup: 1.000 / Efficiency: 100% / LogL: -107917
Threads: 2 / Time: 8.699 sec / Speedup: 0.921 / Efficiency: 46% / LogL: -107917
Determining AUTO threadcount: done in 16.7128 secs using 108.2% CPU
BEST NUMBER OF THREADS: 1

Estimate model parameters (epsilon = 0.100)
1. Initial log-likelihood: -94602.111
Optimal log-likelihood: -94185.252
Rate parameters:  A-C: 1.00000  A-G: 1.00000  A-T: 1.00000  C-G: 1.00000  C-T: 1.00000  G-T: 1.00000
Base frequencies:  A: 0.250  C: 0.250  G: 0.250  T: 0.250
Parameters optimization took 1 rounds (0.009 sec)
Wrote distance file to... 
Computing ML distances based on estimated model parameters...
Calculating distance matrix: done in 0.00168085 secs using 99.47% CPU
Computing ML distances took 0.001828 sec (of wall-clock time) 0.001799 sec (of CPU time)
Setting up auxiliary I and S matrices: done in 2.59876e-05 secs using 73.11% CPU
Constructing RapidNJ tree: done in 5.19753e-05 secs using 161.6% CPU
Computing RapidNJ tree took 0.000103 sec (of wall-clock time) 0.000132 sec (of CPU time)
Log-likelihood of RapidNJ tree: -95153.878
--------------------------------------------------------------------
|             INITIALIZING CANDIDATE TREE SET                      |
--------------------------------------------------------------------
Generating 98 parsimony trees... 0.312 second
Computing log-likelihood of 98 initial trees ... 0.236 seconds
Current best score: -94079.579

Do NNI search on 20 best initial trees
Estimate model parameters (epsilon = 0.100)
BETTER TREE FOUND at iteration 1: -94003.064
Estimate model parameters (epsilon = 0.100)
BETTER TREE FOUND at iteration 2: -93994.666
Iteration 10 / LogL: -93995.902 / Time: 0h:0m:17s
Iteration 20 / LogL: -94171.031 / Time: 0h:0m:17s
Finish initializing candidate tree set (10)
Current best tree score: -93994.666 / CPU time: 1.078
Number of iterations: 20
--------------------------------------------------------------------
|               OPTIMIZING CANDIDATE TREE SET                      |
--------------------------------------------------------------------
Iteration 30 / LogL: -94002.388 / Time: 0h:0m:18s (0h:0m:45s left)
Iteration 40 / LogL: -94719.111 / Time: 0h:0m:18s (0h:0m:29s left)
Iteration 50 / LogL: -93995.404 / Time: 0h:0m:18s (0h:0m:20s left)
Iteration 60 / LogL: -93995.397 / Time: 0h:0m:19s (0h:0m:13s left)
Iteration 70 / LogL: -93995.737 / Time: 0h:0m:19s (0h:0m:9s left)
Iteration 80 / LogL: -93995.882 / Time: 0h:0m:20s (0h:0m:5s left)
Iteration 90 / LogL: -93995.565 / Time: 0h:0m:20s (0h:0m:2s left)
Iteration 100 / LogL: -93995.450 / Time: 0h:0m:20s (0h:0m:0s left)
TREE SEARCH COMPLETED AFTER 103 ITERATIONS / Time: 0h:0m:20s

--------------------------------------------------------------------
|                    FINALIZING TREE SEARCH                        |
--------------------------------------------------------------------
Performs final model parameters optimization
Estimate model parameters (epsilon = 0.010)
1. Initial log-likelihood: -93994.666
Optimal log-likelihood: -93994.666
Rate parameters:  A-C: 1.00000  A-G: 1.00000  A-T: 1.00000  C-G: 1.00000  C-T: 1.00000  G-T: 1.00000
Base frequencies:  A: 0.250  C: 0.250  G: 0.250  T: 0.250
Parameters optimization took 1 rounds (0.003 sec)
BEST SCORE FOUND : -93994.666
Total tree length: 11.891

Total number of iterations: 103
CPU time used for tree search: 4.102 sec (0h:0m:4s)
Wall-clock time used for tree search: 4.122 sec (0h:0m:4s)
Total CPU time used: 22.228 sec (0h:0m:22s)
Total wall-clock time used: 20.871 sec (0h:0m:20s)

Analysis results written to: 
  IQ-TREE report:                exp_baseline/m1_sel1000_rep4/iqtree_out.iqtree
  Maximum-likelihood tree:       exp_baseline/m1_sel1000_rep4/iqtree_out.treefile
  Likelihood distances:          exp_baseline/m1_sel1000_rep4/iqtree_out.mldist
  Screen log file:               exp_baseline/m1_sel1000_rep4/iqtree_out.log

Date and Time: Tue May 12 14:00:14 2026
