IQ-TREE version 3.1.1 for MacOS ARM 64-bit built Apr  8 2026
Developed by Bui Quang Minh, Thomas Wong, Nhan Ly-Trong, Huaiyan Ren
Contributed by Lam-Tung Nguyen, Dominik Schrempf, Chris Bielow,
Olga Chernomor, Michael Woodhams, Diep Thi Hoang, Heiko Schmidt

Host:    Noutbuk-maria.local (SSE4.2, 16 GB RAM)
Command: iqtree -s exp_baseline/m5_sel200_rep2/combined.fasta -m JC -nt AUTO -pre exp_baseline/m5_sel200_rep2/iqtree_out -seed 200742 -redo
Seed:    200742 (Using SPRNG - Scalable Parallel Random Number Generator)
Time:    Tue May 12 14:18:32 2026
Kernel:  SSE2 - auto-detect threads (8 CPU cores detected)

Reading alignment file exp_baseline/m5_sel200_rep2/combined.fasta ... Fasta format detected
Reading fasta file: done in 0.000534058 secs using 91% CPU
Alignment most likely contains DNA/RNA sequences
Constructing alignment: done in 0.00104499 secs using 56.27% CPU
Alignment has 30 sequences with 2200 columns, 2016 distinct patterns
2165 parsimony-informative, 0 singleton sites, 34 constant sites
          Gap/Ambiguity  Composition  p-value
Analyzing sequences: done in 5.00679e-05 secs using 229.7% CPU
   1  taxon_1     0.00%    passed     92.11%
   2  taxon_2     0.00%    passed     21.11%
   3  taxon_3     0.00%    passed     42.27%
   4  taxon_4     0.00%    passed     67.89%
   5  taxon_5     0.00%    passed     26.22%
   6  taxon_6     0.00%    passed     87.26%
   7  taxon_7     0.00%    passed     69.63%
   8  taxon_8     0.00%    passed     85.88%
   9  taxon_9     0.00%    passed     32.21%
  10  taxon_10    0.00%    passed     51.62%
  11  taxon_11    0.00%    passed     52.82%
  12  taxon_12    0.00%    passed     53.22%
  13  taxon_13    0.00%    failed      2.94%
  14  taxon_14    0.00%    passed     62.86%
  15  taxon_15    0.00%    passed     45.62%
  16  taxon_16    0.00%    failed      2.98%
  17  taxon_17    0.00%    passed     32.28%
  18  taxon_18    0.00%    passed     32.02%
  19  taxon_19    0.00%    passed     81.27%
  20  taxon_20    0.00%    passed     91.05%
  21  taxon_21    0.00%    passed     23.14%
  22  taxon_22    0.00%    passed     64.74%
  23  taxon_23    0.00%    passed     82.64%
  24  taxon_24    0.00%    passed     46.48%
  25  taxon_25    0.00%    passed     57.66%
  26  taxon_26    0.00%    passed     68.79%
  27  taxon_27    0.00%    passed     62.94%
  28  taxon_28    0.00%    passed     27.97%
  29  taxon_29    0.00%    passed     43.93%
  30  taxon_30    0.00%    passed     28.03%
****  TOTAL       0.00%  2 sequences failed composition chi2 test (p-value<5%; df=3)
Checking for duplicate sequences: done in 0.000130892 secs using 90.91% CPU

Create initial parsimony tree by phylogenetic likelihood library (PLL)... 0.002 seconds

NOTE: 1 MB RAM (0 GB) is required!
Measuring multi-threading efficiency up to 8 CPU cores
Increase to 10 rounds for branch lengths
391 trees examined
Threads: 1 / Time: 8.011 sec / Speedup: 1.000 / Efficiency: 100% / LogL: -87481
Threads: 2 / Time: 8.915 sec / Speedup: 0.899 / Efficiency: 45% / LogL: -87481
Determining AUTO threadcount: done in 16.9265 secs using 107.8% CPU
BEST NUMBER OF THREADS: 1

Estimate model parameters (epsilon = 0.100)
1. Initial log-likelihood: -84402.892
Optimal log-likelihood: -83838.407
Rate parameters:  A-C: 1.00000  A-G: 1.00000  A-T: 1.00000  C-G: 1.00000  C-T: 1.00000  G-T: 1.00000
Base frequencies:  A: 0.250  C: 0.250  G: 0.250  T: 0.250
Parameters optimization took 1 rounds (0.012 sec)
Wrote distance file to... 
Computing ML distances based on estimated model parameters...
Calculating distance matrix: done in 0.00145507 secs using 99.38% CPU
Computing ML distances took 0.001597 sec (of wall-clock time) 0.001575 sec (of CPU time)
WARNING: Some pairwise ML distances are too long (saturated)
Setting up auxiliary I and S matrices: done in 2.40803e-05 secs using 70.6% CPU
Constructing RapidNJ tree: done in 4.79221e-05 secs using 169% CPU
Computing RapidNJ tree took 0.000097 sec (of wall-clock time) 0.000113 sec (of CPU time)
Log-likelihood of RapidNJ tree: -84960.371
--------------------------------------------------------------------
|             INITIALIZING CANDIDATE TREE SET                      |
--------------------------------------------------------------------
Generating 98 parsimony trees... 0.273 second
Computing log-likelihood of 98 initial trees ... 0.248 seconds
Current best score: -83702.789

Do NNI search on 20 best initial trees
Estimate model parameters (epsilon = 0.100)
BETTER TREE FOUND at iteration 1: -83550.130
Estimate model parameters (epsilon = 0.100)
BETTER TREE FOUND at iteration 2: -83536.357
Estimate model parameters (epsilon = 0.100)
BETTER TREE FOUND at iteration 5: -83533.130
Iteration 10 / LogL: -83606.165 / Time: 0h:0m:18s
Iteration 20 / LogL: -83667.732 / Time: 0h:0m:18s
Finish initializing candidate tree set (19)
Current best tree score: -83533.130 / CPU time: 1.634
Number of iterations: 20
--------------------------------------------------------------------
|               OPTIMIZING CANDIDATE TREE SET                      |
--------------------------------------------------------------------
Iteration 30 / LogL: -83533.142 / Time: 0h:0m:19s (0h:0m:49s left)
UPDATE BEST LOG-LIKELIHOOD: -83533.129
UPDATE BEST LOG-LIKELIHOOD: -83533.129
Iteration 40 / LogL: -83533.130 / Time: 0h:0m:19s (0h:0m:33s left)
Iteration 50 / LogL: -83533.148 / Time: 0h:0m:20s (0h:0m:22s left)
Iteration 60 / LogL: -83546.271 / Time: 0h:0m:21s (0h:0m:16s left)
BETTER TREE FOUND at iteration 64: -83533.129
Iteration 70 / LogL: -83533.129 / Time: 0h:0m:21s (0h:0m:29s left)
Iteration 80 / LogL: -83619.103 / Time: 0h:0m:22s (0h:0m:23s left)
Iteration 90 / LogL: -83533.137 / Time: 0h:0m:22s (0h:0m:19s left)
Iteration 100 / LogL: -83536.370 / Time: 0h:0m:23s (0h:0m:15s left)
Iteration 110 / LogL: -83616.161 / Time: 0h:0m:24s (0h:0m:11s left)
Iteration 120 / LogL: -83533.157 / Time: 0h:0m:24s (0h:0m:9s left)
Iteration 130 / LogL: -83533.129 / Time: 0h:0m:25s (0h:0m:6s left)
Iteration 140 / LogL: -83533.131 / Time: 0h:0m:25s (0h:0m:4s left)
Iteration 150 / LogL: -83536.358 / Time: 0h:0m:26s (0h:0m:2s left)
Iteration 160 / LogL: -83533.129 / Time: 0h:0m:27s (0h:0m:0s left)
UPDATE BEST LOG-LIKELIHOOD: -83533.129
TREE SEARCH COMPLETED AFTER 165 ITERATIONS / Time: 0h:0m:27s

--------------------------------------------------------------------
|                    FINALIZING TREE SEARCH                        |
--------------------------------------------------------------------
Performs final model parameters optimization
Estimate model parameters (epsilon = 0.010)
1. Initial log-likelihood: -83533.129
Optimal log-likelihood: -83533.129
Rate parameters:  A-C: 1.00000  A-G: 1.00000  A-T: 1.00000  C-G: 1.00000  C-T: 1.00000  G-T: 1.00000
Base frequencies:  A: 0.250  C: 0.250  G: 0.250  T: 0.250
Parameters optimization took 1 rounds (0.003 sec)
BEST SCORE FOUND : -83533.129
Total tree length: 21.370

Total number of iterations: 165
CPU time used for tree search: 10.341 sec (0h:0m:10s)
Wall-clock time used for tree search: 10.389 sec (0h:0m:10s)
Total CPU time used: 28.644 sec (0h:0m:28s)
Total wall-clock time used: 27.375 sec (0h:0m:27s)

Analysis results written to: 
  IQ-TREE report:                exp_baseline/m5_sel200_rep2/iqtree_out.iqtree
  Maximum-likelihood tree:       exp_baseline/m5_sel200_rep2/iqtree_out.treefile
  Likelihood distances:          exp_baseline/m5_sel200_rep2/iqtree_out.mldist
  Screen log file:               exp_baseline/m5_sel200_rep2/iqtree_out.log

Date and Time: Tue May 12 14:18:59 2026
