IQ-TREE version 3.1.1 for MacOS ARM 64-bit built Apr  8 2026
Developed by Bui Quang Minh, Thomas Wong, Nhan Ly-Trong, Huaiyan Ren
Contributed by Lam-Tung Nguyen, Dominik Schrempf, Chris Bielow,
Olga Chernomor, Michael Woodhams, Diep Thi Hoang, Heiko Schmidt

Host:    Noutbuk-maria.local (SSE4.2, 16 GB RAM)
Command: iqtree -s exp_stable_0.0005/m5_sel2_rep6/neutral.fasta -m JC -nt AUTO -pre exp_stable_0.0005/m5_sel2_rep6/iqtree_out -seed 3142 -redo
Seed:    3142 (Using SPRNG - Scalable Parallel Random Number Generator)
Time:    Mon May 18 20:12:36 2026
Kernel:  SSE2 - auto-detect threads (8 CPU cores detected)

Reading alignment file exp_stable_0.0005/m5_sel2_rep6/neutral.fasta ... Fasta format detected
Reading fasta file: done in 0.00116897 secs using 89.99% CPU
Alignment most likely contains DNA/RNA sequences
Constructing alignment: done in 0.00111008 secs using 59.28% CPU
Alignment has 50 sequences with 3000 columns, 146 distinct patterns
23 parsimony-informative, 125 singleton sites, 2852 constant sites
          Gap/Ambiguity  Composition  p-value
Analyzing sequences: done in 3.60012e-05 secs using 66.66% CPU
   1  taxon_1     0.00%    passed     99.91%
   2  taxon_2     0.00%    passed     99.97%
   3  taxon_3     0.00%    passed     99.88%
   4  taxon_4     0.00%    passed     99.99%
   5  taxon_5     0.00%    passed     99.99%
   6  taxon_6     0.00%    passed     99.98%
   7  taxon_7     0.00%    passed     99.95%
   8  taxon_8     0.00%    passed     99.99%
   9  taxon_9     0.00%    passed     99.95%
  10  taxon_10    0.00%    passed     99.97%
  11  taxon_11    0.00%    passed     99.99%
  12  taxon_12    0.00%    passed     99.98%
  13  taxon_13    0.00%    passed     99.98%
  14  taxon_14    0.00%    passed    100.00%
  15  taxon_15    0.00%    passed    100.00%
  16  taxon_16    0.00%    passed     99.99%
  17  taxon_17    0.00%    passed     99.96%
  18  taxon_18    0.00%    passed     99.98%
  19  taxon_19    0.00%    passed     99.99%
  20  taxon_20    0.00%    passed     99.80%
  21  taxon_21    0.00%    passed     99.99%
  22  taxon_22    0.00%    passed     99.99%
  23  taxon_23    0.00%    passed    100.00%
  24  taxon_24    0.00%    passed     99.98%
  25  taxon_25    0.00%    passed    100.00%
  26  taxon_26    0.00%    passed     99.97%
  27  taxon_27    0.00%    passed     99.89%
  28  taxon_28    0.00%    passed    100.00%
  29  taxon_29    0.00%    passed    100.00%
  30  taxon_30    0.00%    passed    100.00%
  31  taxon_31    0.00%    passed    100.00%
  32  taxon_32    0.00%    passed    100.00%
  33  taxon_33    0.00%    passed     99.99%
  34  taxon_34    0.00%    passed     99.95%
  35  taxon_35    0.00%    passed     99.94%
  36  taxon_36    0.00%    passed     99.99%
  37  taxon_37    0.00%    passed    100.00%
  38  taxon_38    0.00%    passed     99.97%
  39  taxon_39    0.00%    passed     99.99%
  40  taxon_40    0.00%    passed    100.00%
  41  taxon_41    0.00%    passed     99.99%
  42  taxon_42    0.00%    passed     99.97%
  43  taxon_43    0.00%    passed     99.98%
  44  taxon_44    0.00%    passed    100.00%
  45  taxon_45    0.00%    passed     99.99%
  46  taxon_46    0.00%    passed     99.95%
  47  taxon_47    0.00%    passed     99.99%
  48  taxon_48    0.00%    passed     99.96%
  49  taxon_49    0.00%    passed    100.00%
  50  taxon_50    0.00%    passed     99.97%
****  TOTAL       0.00%  0 sequences failed composition chi2 test (p-value<5%; df=3)
Checking for duplicate sequences: done in 5.50747e-05 secs using 72.63% CPU

Create initial parsimony tree by phylogenetic likelihood library (PLL)... 0.001 seconds

NOTE: 0 MB RAM (0 GB) is required!
Measuring multi-threading efficiency up to 8 CPU cores
Increase to 10 rounds for branch lengths
11102 trees examined
Threads: 1 / Time: 8.001 sec / Speedup: 1.000 / Efficiency: 100% / LogL: -5747
Threads: 2 / Time: 18.165 sec / Speedup: 0.440 / Efficiency: 22% / LogL: -5747
Determining AUTO threadcount: done in 26.1664 secs using 80.71% CPU
BEST NUMBER OF THREADS: 1

Estimate model parameters (epsilon = 0.100)
1. Initial log-likelihood: -5528.991
Optimal log-likelihood: -5528.991
Rate parameters:  A-C: 1.00000  A-G: 1.00000  A-T: 1.00000  C-G: 1.00000  C-T: 1.00000  G-T: 1.00000
Base frequencies:  A: 0.250  C: 0.250  G: 0.250  T: 0.250
Parameters optimization took 1 rounds (0.001 sec)
Wrote distance file to... 
Computing ML distances based on estimated model parameters...
Calculating distance matrix: done in 0.00244999 secs using 77.14% CPU
Computing ML distances took 0.002480 sec (of wall-clock time) 0.001913 sec (of CPU time)
Setting up auxiliary I and S matrices: done in 4.48227e-05 secs using 84.78% CPU
Constructing RapidNJ tree: done in 0.000124931 secs using 172.9% CPU
Computing RapidNJ tree took 0.000192 sec (of wall-clock time) 0.000283 sec (of CPU time)
Log-likelihood of RapidNJ tree: -5528.248
--------------------------------------------------------------------
|             INITIALIZING CANDIDATE TREE SET                      |
--------------------------------------------------------------------
Generating 98 parsimony trees... 0.061 second
Computing log-likelihood of 98 initial trees ... 0.036 seconds
Current best score: -5528.128

Do NNI search on 20 best initial trees
Estimate model parameters (epsilon = 0.100)
BETTER TREE FOUND at iteration 1: -5528.128
BETTER TREE FOUND at iteration 6: -5528.128
BETTER TREE FOUND at iteration 9: -5528.128
Iteration 10 / LogL: -5528.128 / Time: 0h:0m:26s
Iteration 20 / LogL: -5528.128 / Time: 0h:0m:26s
Finish initializing candidate tree set (20)
Current best tree score: -5528.128 / CPU time: 0.133
Number of iterations: 20
--------------------------------------------------------------------
|               OPTIMIZING CANDIDATE TREE SET                      |
--------------------------------------------------------------------
Iteration 30 / LogL: -5528.148 / Time: 0h:0m:26s (0h:1m:11s left)
Iteration 40 / LogL: -5544.198 / Time: 0h:0m:26s (0h:0m:46s left)
Iteration 50 / LogL: -5528.135 / Time: 0h:0m:26s (0h:0m:31s left)
Iteration 60 / LogL: -5528.151 / Time: 0h:0m:26s (0h:0m:21s left)
Iteration 70 / LogL: -5528.135 / Time: 0h:0m:26s (0h:0m:14s left)
Iteration 80 / LogL: -5528.141 / Time: 0h:0m:26s (0h:0m:9s left)
Iteration 90 / LogL: -5528.152 / Time: 0h:0m:26s (0h:0m:5s left)
Iteration 100 / LogL: -5528.144 / Time: 0h:0m:26s (0h:0m:2s left)
Iteration 110 / LogL: -5528.140 / Time: 0h:0m:26s (0h:0m:-1s left)
TREE SEARCH COMPLETED AFTER 110 ITERATIONS / Time: 0h:0m:26s

--------------------------------------------------------------------
|                    FINALIZING TREE SEARCH                        |
--------------------------------------------------------------------
Performs final model parameters optimization
Estimate model parameters (epsilon = 0.010)
1. Initial log-likelihood: -5528.128
Optimal log-likelihood: -5528.128
Rate parameters:  A-C: 1.00000  A-G: 1.00000  A-T: 1.00000  C-G: 1.00000  C-T: 1.00000  G-T: 1.00000
Base frequencies:  A: 0.250  C: 0.250  G: 0.250  T: 0.250
Parameters optimization took 1 rounds (0.001 sec)
BEST SCORE FOUND : -5528.128
Total tree length: 0.050

Total number of iterations: 110
CPU time used for tree search: 0.535 sec (0h:0m:0s)
Wall-clock time used for tree search: 0.537 sec (0h:0m:0s)
Total CPU time used: 21.662 sec (0h:0m:21s)
Total wall-clock time used: 26.717 sec (0h:0m:26s)

Analysis results written to: 
  IQ-TREE report:                exp_stable_0.0005/m5_sel2_rep6/iqtree_out.iqtree
  Maximum-likelihood tree:       exp_stable_0.0005/m5_sel2_rep6/iqtree_out.treefile
  Likelihood distances:          exp_stable_0.0005/m5_sel2_rep6/iqtree_out.mldist
  Screen log file:               exp_stable_0.0005/m5_sel2_rep6/iqtree_out.log

Date and Time: Mon May 18 20:13:03 2026
