IQ-TREE version 3.1.1 for MacOS ARM 64-bit built Apr  8 2026
Developed by Bui Quang Minh, Thomas Wong, Nhan Ly-Trong, Huaiyan Ren
Contributed by Lam-Tung Nguyen, Dominik Schrempf, Chris Bielow,
Olga Chernomor, Michael Woodhams, Diep Thi Hoang, Heiko Schmidt

Host:    Noutbuk-maria.local (SSE4.2, 16 GB RAM)
Command: iqtree -s exp_baseline/m200_sel200_rep5/combined.fasta -m JC -nt AUTO -pre exp_baseline/m200_sel200_rep5/iqtree_out -seed 220542 -redo
Seed:    220542 (Using SPRNG - Scalable Parallel Random Number Generator)
Time:    Tue May 12 15:20:51 2026
Kernel:  SSE2 - auto-detect threads (8 CPU cores detected)

Reading alignment file exp_baseline/m200_sel200_rep5/combined.fasta ... Fasta format detected
Reading fasta file: done in 0.000528812 secs using 90.96% CPU
Alignment most likely contains DNA/RNA sequences
Constructing alignment: done in 0.00103593 secs using 56.47% CPU
Alignment has 30 sequences with 2200 columns, 2012 distinct patterns
2200 parsimony-informative, 0 singleton sites, 0 constant sites
          Gap/Ambiguity  Composition  p-value
Analyzing sequences: done in 5.81741e-05 secs using 182.2% CPU
   1  taxon_1     0.00%    passed     84.23%
   2  taxon_2     0.00%    passed     95.92%
   3  taxon_3     0.00%    passed     20.01%
   4  taxon_4     0.00%    passed     24.76%
   5  taxon_5     0.00%    passed     21.17%
   6  taxon_6     0.00%    passed     60.04%
   7  taxon_7     0.00%    passed     71.24%
   8  taxon_8     0.00%    passed     66.87%
   9  taxon_9     0.00%    passed     84.17%
  10  taxon_10    0.00%    passed     11.28%
  11  taxon_11    0.00%    passed     27.18%
  12  taxon_12    0.00%    passed     15.85%
  13  taxon_13    0.00%    passed     71.65%
  14  taxon_14    0.00%    passed     39.31%
  15  taxon_15    0.00%    passed     47.36%
  16  taxon_16    0.00%    passed     17.27%
  17  taxon_17    0.00%    passed     66.90%
  18  taxon_18    0.00%    passed     23.68%
  19  taxon_19    0.00%    passed     64.66%
  20  taxon_20    0.00%    passed     28.64%
  21  taxon_21    0.00%    passed     23.56%
  22  taxon_22    0.00%    passed     96.05%
  23  taxon_23    0.00%    passed     31.04%
  24  taxon_24    0.00%    passed     26.45%
  25  taxon_25    0.00%    passed     83.01%
  26  taxon_26    0.00%    passed     98.71%
  27  taxon_27    0.00%    passed     43.41%
  28  taxon_28    0.00%    passed     60.31%
  29  taxon_29    0.00%    passed     70.92%
  30  taxon_30    0.00%    passed     51.36%
****  TOTAL       0.00%  0 sequences failed composition chi2 test (p-value<5%; df=3)
Checking for duplicate sequences: done in 0.00013113 secs using 89.22% CPU

Create initial parsimony tree by phylogenetic likelihood library (PLL)... 0.003 seconds

NOTE: 1 MB RAM (0 GB) is required!
Measuring multi-threading efficiency up to 8 CPU cores
Increase to 10 rounds for branch lengths
387 trees examined
Threads: 1 / Time: 8.001 sec / Speedup: 1.000 / Efficiency: 100% / LogL: -87389
Threads: 2 / Time: 8.670 sec / Speedup: 0.923 / Efficiency: 46% / LogL: -87389
Determining AUTO threadcount: done in 16.6713 secs using 107.9% CPU
BEST NUMBER OF THREADS: 1

Estimate model parameters (epsilon = 0.100)
1. Initial log-likelihood: -82963.879
Optimal log-likelihood: -82382.528
Rate parameters:  A-C: 1.00000  A-G: 1.00000  A-T: 1.00000  C-G: 1.00000  C-T: 1.00000  G-T: 1.00000
Base frequencies:  A: 0.250  C: 0.250  G: 0.250  T: 0.250
Parameters optimization took 1 rounds (0.011 sec)
Wrote distance file to... 
Computing ML distances based on estimated model parameters...
Calculating distance matrix: done in 0.0012331 secs using 98.94% CPU
Computing ML distances took 0.001366 sec (of wall-clock time) 0.001348 sec (of CPU time)
WARNING: Some pairwise ML distances are too long (saturated)
Setting up auxiliary I and S matrices: done in 2.71797e-05 secs using 77.26% CPU
Constructing RapidNJ tree: done in 4.98295e-05 secs using 160.5% CPU
Computing RapidNJ tree took 0.000102 sec (of wall-clock time) 0.000125 sec (of CPU time)
Log-likelihood of RapidNJ tree: -83499.995
--------------------------------------------------------------------
|             INITIALIZING CANDIDATE TREE SET                      |
--------------------------------------------------------------------
Generating 98 parsimony trees... 0.295 second
Computing log-likelihood of 98 initial trees ... 0.245 seconds
Current best score: -82382.528

Do NNI search on 20 best initial trees
Estimate model parameters (epsilon = 0.100)
BETTER TREE FOUND at iteration 1: -82357.906
Estimate model parameters (epsilon = 0.100)
BETTER TREE FOUND at iteration 5: -82350.765
Estimate model parameters (epsilon = 0.100)
BETTER TREE FOUND at iteration 7: -82348.170
Iteration 10 / LogL: -82352.221 / Time: 0h:0m:17s
Iteration 20 / LogL: -82434.595 / Time: 0h:0m:17s
Finish initializing candidate tree set (13)
Current best tree score: -82348.170 / CPU time: 1.266
Number of iterations: 20
--------------------------------------------------------------------
|               OPTIMIZING CANDIDATE TREE SET                      |
--------------------------------------------------------------------
Iteration 30 / LogL: -82354.646 / Time: 0h:0m:18s (0h:0m:48s left)
Estimate model parameters (epsilon = 0.100)
BETTER TREE FOUND at iteration 39: -82333.297
Iteration 40 / LogL: -82361.286 / Time: 0h:0m:18s (0h:0m:48s left)
Iteration 50 / LogL: -82352.078 / Time: 0h:0m:19s (0h:0m:35s left)
Iteration 60 / LogL: -82365.935 / Time: 0h:0m:19s (0h:0m:26s left)
Iteration 70 / LogL: -82424.510 / Time: 0h:0m:20s (0h:0m:20s left)
Iteration 80 / LogL: -82343.674 / Time: 0h:0m:21s (0h:0m:15s left)
Iteration 90 / LogL: -82334.430 / Time: 0h:0m:21s (0h:0m:11s left)
Iteration 100 / LogL: -82552.610 / Time: 0h:0m:22s (0h:0m:8s left)
Iteration 110 / LogL: -82334.925 / Time: 0h:0m:22s (0h:0m:6s left)
Iteration 120 / LogL: -82343.088 / Time: 0h:0m:23s (0h:0m:3s left)
Iteration 130 / LogL: -82335.470 / Time: 0h:0m:23s (0h:0m:1s left)
Iteration 140 / LogL: -82342.654 / Time: 0h:0m:24s (0h:0m:-1s left)
TREE SEARCH COMPLETED AFTER 140 ITERATIONS / Time: 0h:0m:24s

--------------------------------------------------------------------
|                    FINALIZING TREE SEARCH                        |
--------------------------------------------------------------------
Performs final model parameters optimization
Estimate model parameters (epsilon = 0.010)
1. Initial log-likelihood: -82333.297
Optimal log-likelihood: -82333.268
Rate parameters:  A-C: 1.00000  A-G: 1.00000  A-T: 1.00000  C-G: 1.00000  C-T: 1.00000  G-T: 1.00000
Base frequencies:  A: 0.250  C: 0.250  G: 0.250  T: 0.250
Parameters optimization took 1 rounds (0.005 sec)
BEST SCORE FOUND : -82333.268
Total tree length: 20.939

Total number of iterations: 140
CPU time used for tree search: 7.611 sec (0h:0m:7s)
Wall-clock time used for tree search: 7.653 sec (0h:0m:7s)
Total CPU time used: 25.643 sec (0h:0m:25s)
Total wall-clock time used: 24.369 sec (0h:0m:24s)

Analysis results written to: 
  IQ-TREE report:                exp_baseline/m200_sel200_rep5/iqtree_out.iqtree
  Maximum-likelihood tree:       exp_baseline/m200_sel200_rep5/iqtree_out.treefile
  Likelihood distances:          exp_baseline/m200_sel200_rep5/iqtree_out.mldist
  Screen log file:               exp_baseline/m200_sel200_rep5/iqtree_out.log

Date and Time: Tue May 12 15:21:16 2026
