IQ-TREE version 3.1.1 for MacOS ARM 64-bit built Apr  8 2026
Developed by Bui Quang Minh, Thomas Wong, Nhan Ly-Trong, Huaiyan Ren
Contributed by Lam-Tung Nguyen, Dominik Schrempf, Chris Bielow,
Olga Chernomor, Michael Woodhams, Diep Thi Hoang, Heiko Schmidt

Host:    Noutbuk-maria.local (SSE4.2, 16 GB RAM)
Command: iqtree -s exp_stable_0.0001/m5_sel1_rep6/neutral.fasta -m JC -nt AUTO -pre exp_stable_0.0001/m5_sel1_rep6/iqtree_out -seed 2142 -redo
Seed:    2142 (Using SPRNG - Scalable Parallel Random Number Generator)
Time:    Mon May 18 17:04:15 2026
Kernel:  SSE2 - auto-detect threads (8 CPU cores detected)

Reading alignment file exp_stable_0.0001/m5_sel1_rep6/neutral.fasta ... Fasta format detected
Reading fasta file: done in 0.0011909 secs using 89.51% CPU
Alignment most likely contains DNA/RNA sequences
Constructing alignment: done in 0.00117898 secs using 55.3% CPU
Alignment has 50 sequences with 3000 columns, 124 distinct patterns
17 parsimony-informative, 113 singleton sites, 2870 constant sites
          Gap/Ambiguity  Composition  p-value
Analyzing sequences: done in 3.40939e-05 secs using 52.8% CPU
   1  taxon_1     0.00%    passed    100.00%
   2  taxon_2     0.00%    passed     99.91%
   3  taxon_3     0.00%    passed    100.00%
   4  taxon_4     0.00%    passed    100.00%
   5  taxon_5     0.00%    passed     99.98%
   6  taxon_6     0.00%    passed     99.98%
   7  taxon_7     0.00%    passed    100.00%
   8  taxon_8     0.00%    passed     99.95%
   9  taxon_9     0.00%    passed     99.79%
  10  taxon_10    0.00%    passed     99.94%
  11  taxon_11    0.00%    passed     99.99%
  12  taxon_12    0.00%    passed    100.00%
  13  taxon_13    0.00%    passed     99.94%
  14  taxon_14    0.00%    passed    100.00%
  15  taxon_15    0.00%    passed     99.99%
  16  taxon_16    0.00%    passed     99.99%
  17  taxon_17    0.00%    passed     99.99%
  18  taxon_18    0.00%    passed    100.00%
  19  taxon_19    0.00%    passed     99.99%
  20  taxon_20    0.00%    passed    100.00%
  21  taxon_21    0.00%    passed     99.98%
  22  taxon_22    0.00%    passed     99.99%
  23  taxon_23    0.00%    passed     99.87%
  24  taxon_24    0.00%    passed     99.88%
  25  taxon_25    0.00%    passed     99.97%
  26  taxon_26    0.00%    passed     99.94%
  27  taxon_27    0.00%    passed     99.93%
  28  taxon_28    0.00%    passed    100.00%
  29  taxon_29    0.00%    passed     99.98%
  30  taxon_30    0.00%    passed     99.90%
  31  taxon_31    0.00%    passed    100.00%
  32  taxon_32    0.00%    passed     99.99%
  33  taxon_33    0.00%    passed     99.99%
  34  taxon_34    0.00%    passed     99.98%
  35  taxon_35    0.00%    passed    100.00%
  36  taxon_36    0.00%    passed     99.97%
  37  taxon_37    0.00%    passed     99.99%
  38  taxon_38    0.00%    passed    100.00%
  39  taxon_39    0.00%    passed     99.98%
  40  taxon_40    0.00%    passed     99.95%
  41  taxon_41    0.00%    passed     99.99%
  42  taxon_42    0.00%    passed     99.99%
  43  taxon_43    0.00%    passed     99.99%
  44  taxon_44    0.00%    passed     99.96%
  45  taxon_45    0.00%    passed     99.98%
  46  taxon_46    0.00%    passed     99.99%
  47  taxon_47    0.00%    passed     99.99%
  48  taxon_48    0.00%    passed     99.99%
  49  taxon_49    0.00%    passed     99.69%
  50  taxon_50    0.00%    passed     99.98%
****  TOTAL       0.00%  0 sequences failed composition chi2 test (p-value<5%; df=3)
NOTE: taxon_6 is identical to taxon_5 but kept for subsequent analysis
NOTE: taxon_43 is identical to taxon_42 but kept for subsequent analysis
Checking for duplicate sequences: done in 7.9155e-05 secs using 50.53% CPU

Create initial parsimony tree by phylogenetic likelihood library (PLL)... 0.001 seconds

NOTE: 0 MB RAM (0 GB) is required!
Measuring multi-threading efficiency up to 8 CPU cores
Increase to 10 rounds for branch lengths
8241 trees examined
Threads: 1 / Time: 8.001 sec / Speedup: 1.000 / Efficiency: 100% / LogL: -5755
Threads: 2 / Time: 24.124 sec / Speedup: 0.332 / Efficiency: 17% / LogL: -5755
Determining AUTO threadcount: done in 32.1248 secs using 74.55% CPU
BEST NUMBER OF THREADS: 1

Estimate model parameters (epsilon = 0.100)
1. Initial log-likelihood: -5354.875
Optimal log-likelihood: -5354.875
Rate parameters:  A-C: 1.00000  A-G: 1.00000  A-T: 1.00000  C-G: 1.00000  C-T: 1.00000  G-T: 1.00000
Base frequencies:  A: 0.250  C: 0.250  G: 0.250  T: 0.250
Parameters optimization took 1 rounds (0.001 sec)
Wrote distance file to... 
Computing ML distances based on estimated model parameters...
Calculating distance matrix: done in 0.00257182 secs using 79.09% CPU
Computing ML distances took 0.002604 sec (of wall-clock time) 0.002055 sec (of CPU time)
Setting up auxiliary I and S matrices: done in 4.60148e-05 secs using 78.24% CPU
Constructing RapidNJ tree: done in 0.000119209 secs using 168.6% CPU
Computing RapidNJ tree took 0.000181 sec (of wall-clock time) 0.000253 sec (of CPU time)
Log-likelihood of RapidNJ tree: -5354.991
--------------------------------------------------------------------
|             INITIALIZING CANDIDATE TREE SET                      |
--------------------------------------------------------------------
Generating 98 parsimony trees... 0.055 second
Computing log-likelihood of 98 initial trees ... 0.034 seconds
Current best score: -5354.875

Do NNI search on 20 best initial trees
Estimate model parameters (epsilon = 0.100)
BETTER TREE FOUND at iteration 1: -5354.875
Estimate model parameters (epsilon = 0.100)
BETTER TREE FOUND at iteration 7: -5354.830
Iteration 10 / LogL: -5354.875 / Time: 0h:0m:32s
Iteration 20 / LogL: -5354.875 / Time: 0h:0m:32s
Finish initializing candidate tree set (20)
Current best tree score: -5354.830 / CPU time: 0.135
Number of iterations: 20
--------------------------------------------------------------------
|               OPTIMIZING CANDIDATE TREE SET                      |
--------------------------------------------------------------------
Iteration 30 / LogL: -5354.845 / Time: 0h:0m:32s (0h:1m:25s left)
Iteration 40 / LogL: -5354.854 / Time: 0h:0m:32s (0h:0m:55s left)
Iteration 50 / LogL: -5354.835 / Time: 0h:0m:32s (0h:0m:37s left)
Iteration 60 / LogL: -5354.844 / Time: 0h:0m:32s (0h:0m:25s left)
Iteration 70 / LogL: -5354.863 / Time: 0h:0m:32s (0h:0m:17s left)
Iteration 80 / LogL: -5354.905 / Time: 0h:0m:32s (0h:0m:11s left)
BETTER TREE FOUND at iteration 82: -5354.830
Iteration 90 / LogL: -5354.857 / Time: 0h:0m:32s (0h:0m:33s left)
Iteration 100 / LogL: -5354.838 / Time: 0h:0m:32s (0h:0m:27s left)
Iteration 110 / LogL: -5366.617 / Time: 0h:0m:32s (0h:0m:21s left)
Iteration 120 / LogL: -5354.838 / Time: 0h:0m:32s (0h:0m:17s left)
Iteration 130 / LogL: -5354.847 / Time: 0h:0m:32s (0h:0m:13s left)
Iteration 140 / LogL: -5366.883 / Time: 0h:0m:32s (0h:0m:9s left)
BETTER TREE FOUND at iteration 141: -5354.830
Iteration 150 / LogL: -5354.879 / Time: 0h:0m:32s (0h:0m:20s left)
Iteration 160 / LogL: -5354.846 / Time: 0h:0m:32s (0h:0m:16s left)
Iteration 170 / LogL: -5354.898 / Time: 0h:0m:32s (0h:0m:13s left)
Iteration 180 / LogL: -5359.658 / Time: 0h:0m:33s (0h:0m:11s left)
Iteration 190 / LogL: -5359.657 / Time: 0h:0m:33s (0h:0m:8s left)
Iteration 200 / LogL: -5354.858 / Time: 0h:0m:33s (0h:0m:6s left)
Iteration 210 / LogL: -5354.898 / Time: 0h:0m:33s (0h:0m:4s left)
Iteration 220 / LogL: -5359.668 / Time: 0h:0m:33s (0h:0m:3s left)
Iteration 230 / LogL: -5359.660 / Time: 0h:0m:33s (0h:0m:1s left)
Iteration 240 / LogL: -5354.850 / Time: 0h:0m:33s (0h:0m:0s left)
TREE SEARCH COMPLETED AFTER 242 ITERATIONS / Time: 0h:0m:33s

--------------------------------------------------------------------
|                    FINALIZING TREE SEARCH                        |
--------------------------------------------------------------------
Performs final model parameters optimization
Estimate model parameters (epsilon = 0.010)
1. Initial log-likelihood: -5354.830
Optimal log-likelihood: -5354.830
Rate parameters:  A-C: 1.00000  A-G: 1.00000  A-T: 1.00000  C-G: 1.00000  C-T: 1.00000  G-T: 1.00000
Base frequencies:  A: 0.250  C: 0.250  G: 0.250  T: 0.250
Parameters optimization took 1 rounds (0.000 sec)
BEST SCORE FOUND : -5354.830
Total tree length: 0.044

Total number of iterations: 242
CPU time used for tree search: 1.148 sec (0h:0m:1s)
Wall-clock time used for tree search: 1.150 sec (0h:0m:1s)
Total CPU time used: 25.106 sec (0h:0m:25s)
Total wall-clock time used: 33.288 sec (0h:0m:33s)

Analysis results written to: 
  IQ-TREE report:                exp_stable_0.0001/m5_sel1_rep6/iqtree_out.iqtree
  Maximum-likelihood tree:       exp_stable_0.0001/m5_sel1_rep6/iqtree_out.treefile
  Likelihood distances:          exp_stable_0.0001/m5_sel1_rep6/iqtree_out.mldist
  Screen log file:               exp_stable_0.0001/m5_sel1_rep6/iqtree_out.log

Date and Time: Mon May 18 17:04:49 2026
