IQ-TREE version 3.1.1 for MacOS ARM 64-bit built Apr  8 2026
Developed by Bui Quang Minh, Thomas Wong, Nhan Ly-Trong, Huaiyan Ren
Contributed by Lam-Tung Nguyen, Dominik Schrempf, Chris Bielow,
Olga Chernomor, Michael Woodhams, Diep Thi Hoang, Heiko Schmidt

Host:    Noutbuk-maria.local (SSE4.2, 16 GB RAM)
Command: iqtree -s exp_baseline/m200_sel1000_rep3/combined.fasta -m JC -nt AUTO -pre exp_baseline/m200_sel1000_rep3/iqtree_out -seed 1020342 -redo
Seed:    1020342 (Using SPRNG - Scalable Parallel Random Number Generator)
Time:    Tue May 12 15:24:39 2026
Kernel:  SSE2 - auto-detect threads (8 CPU cores detected)

Reading alignment file exp_baseline/m200_sel1000_rep3/combined.fasta ... Fasta format detected
Reading fasta file: done in 0.000695944 secs using 91.39% CPU
Alignment most likely contains DNA/RNA sequences
Constructing alignment: done in 0.00129414 secs using 54.63% CPU
Alignment has 30 sequences with 3000 columns, 2016 distinct patterns
2996 parsimony-informative, 0 singleton sites, 4 constant sites
          Gap/Ambiguity  Composition  p-value
Analyzing sequences: done in 5.48363e-05 secs using 206.1% CPU
   1  taxon_1     0.00%    passed     17.76%
   2  taxon_2     0.00%    passed     75.46%
   3  taxon_3     0.00%    passed     16.15%
   4  taxon_4     0.00%    passed      7.56%
   5  taxon_5     0.00%    passed     88.36%
   6  taxon_6     0.00%    passed     57.55%
   7  taxon_7     0.00%    passed     31.20%
   8  taxon_8     0.00%    passed     51.48%
   9  taxon_9     0.00%    passed     45.23%
  10  taxon_10    0.00%    passed     44.27%
  11  taxon_11    0.00%    failed      2.38%
  12  taxon_12    0.00%    failed      3.99%
  13  taxon_13    0.00%    passed     20.93%
  14  taxon_14    0.00%    passed     14.39%
  15  taxon_15    0.00%    passed     17.92%
  16  taxon_16    0.00%    passed     70.32%
  17  taxon_17    0.00%    passed     47.64%
  18  taxon_18    0.00%    passed     15.71%
  19  taxon_19    0.00%    failed      4.36%
  20  taxon_20    0.00%    passed     36.02%
  21  taxon_21    0.00%    passed     10.02%
  22  taxon_22    0.00%    passed     30.06%
  23  taxon_23    0.00%    passed     44.43%
  24  taxon_24    0.00%    passed     33.66%
  25  taxon_25    0.00%    passed     96.38%
  26  taxon_26    0.00%    passed     49.98%
  27  taxon_27    0.00%    passed     97.17%
  28  taxon_28    0.00%    passed      7.88%
  29  taxon_29    0.00%    passed     31.42%
  30  taxon_30    0.00%    passed     27.22%
****  TOTAL       0.00%  3 sequences failed composition chi2 test (p-value<5%; df=3)
Checking for duplicate sequences: done in 0.000128031 secs using 90.6% CPU

Create initial parsimony tree by phylogenetic likelihood library (PLL)... 0.002 seconds

NOTE: 1 MB RAM (0 GB) is required!
Measuring multi-threading efficiency up to 8 CPU cores
Increase to 10 rounds for branch lengths
437 trees examined
Threads: 1 / Time: 8.013 sec / Speedup: 1.000 / Efficiency: 100% / LogL: -109996
Threads: 2 / Time: 8.499 sec / Speedup: 0.943 / Efficiency: 47% / LogL: -109996
Determining AUTO threadcount: done in 16.5128 secs using 108.9% CPU
BEST NUMBER OF THREADS: 1

Estimate model parameters (epsilon = 0.100)
1. Initial log-likelihood: -96503.380
Optimal log-likelihood: -95957.796
Rate parameters:  A-C: 1.00000  A-G: 1.00000  A-T: 1.00000  C-G: 1.00000  C-T: 1.00000  G-T: 1.00000
Base frequencies:  A: 0.250  C: 0.250  G: 0.250  T: 0.250
Parameters optimization took 1 rounds (0.009 sec)
Wrote distance file to... 
Computing ML distances based on estimated model parameters...
Calculating distance matrix: done in 0.00129485 secs using 98.93% CPU
Computing ML distances took 0.001433 sec (of wall-clock time) 0.001407 sec (of CPU time)
WARNING: Some pairwise ML distances are too long (saturated)
Setting up auxiliary I and S matrices: done in 2.69413e-05 secs using 70.52% CPU
Constructing RapidNJ tree: done in 4.88758e-05 secs using 133% CPU
Computing RapidNJ tree took 0.000102 sec (of wall-clock time) 0.000101 sec (of CPU time)
Log-likelihood of RapidNJ tree: -96904.832
--------------------------------------------------------------------
|             INITIALIZING CANDIDATE TREE SET                      |
--------------------------------------------------------------------
Generating 98 parsimony trees... 0.329 second
Computing log-likelihood of 98 initial trees ... 0.230 seconds
Current best score: -95957.796

Do NNI search on 20 best initial trees
Estimate model parameters (epsilon = 0.100)
BETTER TREE FOUND at iteration 1: -95923.937
Iteration 10 / LogL: -95923.969 / Time: 0h:0m:17s
Iteration 20 / LogL: -96126.755 / Time: 0h:0m:17s
Finish initializing candidate tree set (11)
Current best tree score: -95923.937 / CPU time: 1.332
Number of iterations: 20
--------------------------------------------------------------------
|               OPTIMIZING CANDIDATE TREE SET                      |
--------------------------------------------------------------------
Iteration 30 / LogL: -95924.356 / Time: 0h:0m:18s (0h:0m:45s left)
Iteration 40 / LogL: -95940.479 / Time: 0h:0m:19s (0h:0m:29s left)
Iteration 50 / LogL: -95925.065 / Time: 0h:0m:19s (0h:0m:20s left)
Iteration 60 / LogL: -96181.505 / Time: 0h:0m:20s (0h:0m:13s left)
Iteration 70 / LogL: -96771.901 / Time: 0h:0m:20s (0h:0m:9s left)
Iteration 80 / LogL: -95934.294 / Time: 0h:0m:21s (0h:0m:5s left)
Iteration 90 / LogL: -95928.394 / Time: 0h:0m:21s (0h:0m:2s left)
Iteration 100 / LogL: -95928.832 / Time: 0h:0m:21s (0h:0m:0s left)
TREE SEARCH COMPLETED AFTER 102 ITERATIONS / Time: 0h:0m:22s

--------------------------------------------------------------------
|                    FINALIZING TREE SEARCH                        |
--------------------------------------------------------------------
Performs final model parameters optimization
Estimate model parameters (epsilon = 0.010)
1. Initial log-likelihood: -95923.937
Optimal log-likelihood: -95923.937
Rate parameters:  A-C: 1.00000  A-G: 1.00000  A-T: 1.00000  C-G: 1.00000  C-T: 1.00000  G-T: 1.00000
Base frequencies:  A: 0.250  C: 0.250  G: 0.250  T: 0.250
Parameters optimization took 1 rounds (0.003 sec)
BEST SCORE FOUND : -95923.937
Total tree length: 12.750

Total number of iterations: 102
CPU time used for tree search: 5.438 sec (0h:0m:5s)
Wall-clock time used for tree search: 5.456 sec (0h:0m:5s)
Total CPU time used: 23.518 sec (0h:0m:23s)
Total wall-clock time used: 22.067 sec (0h:0m:22s)

Analysis results written to: 
  IQ-TREE report:                exp_baseline/m200_sel1000_rep3/iqtree_out.iqtree
  Maximum-likelihood tree:       exp_baseline/m200_sel1000_rep3/iqtree_out.treefile
  Likelihood distances:          exp_baseline/m200_sel1000_rep3/iqtree_out.mldist
  Screen log file:               exp_baseline/m200_sel1000_rep3/iqtree_out.log

Date and Time: Tue May 12 15:25:01 2026
