IQ-TREE version 3.1.1 for MacOS ARM 64-bit built Apr  8 2026
Developed by Bui Quang Minh, Thomas Wong, Nhan Ly-Trong, Huaiyan Ren
Contributed by Lam-Tung Nguyen, Dominik Schrempf, Chris Bielow,
Olga Chernomor, Michael Woodhams, Diep Thi Hoang, Heiko Schmidt

Host:    Noutbuk-maria.local (SSE4.2, 16 GB RAM)
Command: iqtree -s exp_baseline/m1_sel50_rep3/combined.fasta -m JC -nt AUTO -pre exp_baseline/m1_sel50_rep3/iqtree_out -seed 50442 -redo
Seed:    50442 (Using SPRNG - Scalable Parallel Random Number Generator)
Time:    Tue May 12 13:52:23 2026
Kernel:  SSE2 - auto-detect threads (8 CPU cores detected)

Reading alignment file exp_baseline/m1_sel50_rep3/combined.fasta ... Fasta format detected
Reading fasta file: done in 0.000540972 secs using 91.69% CPU
Alignment most likely contains DNA/RNA sequences
Constructing alignment: done in 0.00101185 secs using 56.33% CPU
Alignment has 30 sequences with 2050 columns, 2015 distinct patterns
2026 parsimony-informative, 0 singleton sites, 24 constant sites
          Gap/Ambiguity  Composition  p-value
Analyzing sequences: done in 4.41074e-05 secs using 263% CPU
   1  taxon_1     0.00%    passed     90.77%
   2  taxon_2     0.00%    passed     57.37%
   3  taxon_3     0.00%    passed     95.64%
   4  taxon_4     0.00%    passed     78.84%
   5  taxon_5     0.00%    passed     41.85%
   6  taxon_6     0.00%    passed     99.74%
   7  taxon_7     0.00%    passed     93.74%
   8  taxon_8     0.00%    passed      5.95%
   9  taxon_9     0.00%    passed     97.87%
  10  taxon_10    0.00%    passed     52.66%
  11  taxon_11    0.00%    passed     49.96%
  12  taxon_12    0.00%    passed     69.98%
  13  taxon_13    0.00%    passed     46.14%
  14  taxon_14    0.00%    passed     49.12%
  15  taxon_15    0.00%    passed     82.78%
  16  taxon_16    0.00%    failed      4.49%
  17  taxon_17    0.00%    passed     66.03%
  18  taxon_18    0.00%    passed     71.12%
  19  taxon_19    0.00%    passed     92.89%
  20  taxon_20    0.00%    passed     80.72%
  21  taxon_21    0.00%    passed     86.32%
  22  taxon_22    0.00%    passed     47.58%
  23  taxon_23    0.00%    passed     87.00%
  24  taxon_24    0.00%    passed     78.96%
  25  taxon_25    0.00%    passed     37.58%
  26  taxon_26    0.00%    passed     77.36%
  27  taxon_27    0.00%    passed     89.87%
  28  taxon_28    0.00%    passed     51.74%
  29  taxon_29    0.00%    passed      7.77%
  30  taxon_30    0.00%    passed     88.22%
****  TOTAL       0.00%  1 sequences failed composition chi2 test (p-value<5%; df=3)
Checking for duplicate sequences: done in 0.000127077 secs using 92.07% CPU

Create initial parsimony tree by phylogenetic likelihood library (PLL)... 0.002 seconds

NOTE: 1 MB RAM (0 GB) is required!
Measuring multi-threading efficiency up to 8 CPU cores
Increase to 10 rounds for branch lengths
376 trees examined
Threads: 1 / Time: 8.019 sec / Speedup: 1.000 / Efficiency: 100% / LogL: -78719
Threads: 2 / Time: 8.649 sec / Speedup: 0.927 / Efficiency: 46% / LogL: -78719
Determining AUTO threadcount: done in 16.6689 secs using 106.5% CPU
BEST NUMBER OF THREADS: 1

Estimate model parameters (epsilon = 0.100)
1. Initial log-likelihood: -70114.045
Optimal log-likelihood: -69688.964
Rate parameters:  A-C: 1.00000  A-G: 1.00000  A-T: 1.00000  C-G: 1.00000  C-T: 1.00000  G-T: 1.00000
Base frequencies:  A: 0.250  C: 0.250  G: 0.250  T: 0.250
Parameters optimization took 1 rounds (0.015 sec)
Wrote distance file to... 
Computing ML distances based on estimated model parameters...
Calculating distance matrix: done in 0.00171494 secs using 99.3% CPU
Computing ML distances took 0.001861 sec (of wall-clock time) 0.001841 sec (of CPU time)
WARNING: Some pairwise ML distances are too long (saturated)
Setting up auxiliary I and S matrices: done in 2.90871e-05 secs using 68.76% CPU
Constructing RapidNJ tree: done in 5.00679e-05 secs using 163.8% CPU
Computing RapidNJ tree took 0.000102 sec (of wall-clock time) 0.000127 sec (of CPU time)
Log-likelihood of RapidNJ tree: -69802.707
--------------------------------------------------------------------
|             INITIALIZING CANDIDATE TREE SET                      |
--------------------------------------------------------------------
Generating 98 parsimony trees... 0.259 second
Computing log-likelihood of 98 initial trees ... 0.259 seconds
Current best score: -69688.964

Do NNI search on 20 best initial trees
Estimate model parameters (epsilon = 0.100)
BETTER TREE FOUND at iteration 1: -69677.079
Iteration 10 / LogL: -69686.407 / Time: 0h:0m:17s
Iteration 20 / LogL: -69677.113 / Time: 0h:0m:18s
Finish initializing candidate tree set (5)
Current best tree score: -69677.079 / CPU time: 1.558
Number of iterations: 20
--------------------------------------------------------------------
|               OPTIMIZING CANDIDATE TREE SET                      |
--------------------------------------------------------------------
Iteration 30 / LogL: -69712.923 / Time: 0h:0m:19s (0h:0m:46s left)
Estimate model parameters (epsilon = 0.100)
UPDATE BEST LOG-LIKELIHOOD: -69677.040
Iteration 40 / LogL: -69740.670 / Time: 0h:0m:19s (0h:0m:31s left)
Iteration 50 / LogL: -69700.637 / Time: 0h:0m:20s (0h:0m:21s left)
Iteration 60 / LogL: -69699.089 / Time: 0h:0m:21s (0h:0m:14s left)
Iteration 70 / LogL: -69687.242 / Time: 0h:0m:21s (0h:0m:9s left)
Iteration 80 / LogL: -69686.300 / Time: 0h:0m:22s (0h:0m:6s left)
Iteration 90 / LogL: -69691.929 / Time: 0h:0m:23s (0h:0m:2s left)
Iteration 100 / LogL: -69712.793 / Time: 0h:0m:23s (0h:0m:0s left)
TREE SEARCH COMPLETED AFTER 102 ITERATIONS / Time: 0h:0m:24s

--------------------------------------------------------------------
|                    FINALIZING TREE SEARCH                        |
--------------------------------------------------------------------
Performs final model parameters optimization
Estimate model parameters (epsilon = 0.010)
1. Initial log-likelihood: -69677.040
Optimal log-likelihood: -69677.032
Rate parameters:  A-C: 1.00000  A-G: 1.00000  A-T: 1.00000  C-G: 1.00000  C-T: 1.00000  G-T: 1.00000
Base frequencies:  A: 0.250  C: 0.250  G: 0.250  T: 0.250
Parameters optimization took 1 rounds (0.003 sec)
BEST SCORE FOUND : -69677.032
Total tree length: 17.154

Total number of iterations: 102
CPU time used for tree search: 7.219 sec (0h:0m:7s)
Wall-clock time used for tree search: 7.393 sec (0h:0m:7s)
Total CPU time used: 25.018 sec (0h:0m:25s)
Total wall-clock time used: 24.116 sec (0h:0m:24s)

Analysis results written to: 
  IQ-TREE report:                exp_baseline/m1_sel50_rep3/iqtree_out.iqtree
  Maximum-likelihood tree:       exp_baseline/m1_sel50_rep3/iqtree_out.treefile
  Likelihood distances:          exp_baseline/m1_sel50_rep3/iqtree_out.mldist
  Screen log file:               exp_baseline/m1_sel50_rep3/iqtree_out.log

Date and Time: Tue May 12 13:52:47 2026
