IQ-TREE version 3.1.1 for MacOS ARM 64-bit built Apr  8 2026
Developed by Bui Quang Minh, Thomas Wong, Nhan Ly-Trong, Huaiyan Ren
Contributed by Lam-Tung Nguyen, Dominik Schrempf, Chris Bielow,
Olga Chernomor, Michael Woodhams, Diep Thi Hoang, Heiko Schmidt

Host:    Noutbuk-maria.local (SSE4.2, 16 GB RAM)
Command: iqtree -s exp_baseline/m2_sel200_rep1/combined.fasta -m JC -nt AUTO -pre exp_baseline/m2_sel200_rep1/iqtree_out -seed 200342 -redo
Seed:    200342 (Using SPRNG - Scalable Parallel Random Number Generator)
Time:    Tue May 12 14:06:19 2026
Kernel:  SSE2 - auto-detect threads (8 CPU cores detected)

Reading alignment file exp_baseline/m2_sel200_rep1/combined.fasta ... Fasta format detected
Reading fasta file: done in 0.000515938 secs using 91.1% CPU
Alignment most likely contains DNA/RNA sequences
Constructing alignment: done in 0.00101399 secs using 56.51% CPU
Alignment has 30 sequences with 2200 columns, 2016 distinct patterns
2135 parsimony-informative, 0 singleton sites, 65 constant sites
          Gap/Ambiguity  Composition  p-value
Analyzing sequences: done in 5.91278e-05 secs using 231.7% CPU
   1  taxon_1     0.00%    passed     69.65%
   2  taxon_2     0.00%    passed     22.69%
   3  taxon_3     0.00%    passed     41.83%
   4  taxon_4     0.00%    passed     37.92%
   5  taxon_5     0.00%    passed     45.05%
   6  taxon_6     0.00%    passed      5.58%
   7  taxon_7     0.00%    passed     17.38%
   8  taxon_8     0.00%    passed     79.52%
   9  taxon_9     0.00%    failed      4.73%
  10  taxon_10    0.00%    passed     99.91%
  11  taxon_11    0.00%    passed     69.65%
  12  taxon_12    0.00%    passed     42.94%
  13  taxon_13    0.00%    failed      0.27%
  14  taxon_14    0.00%    passed     67.52%
  15  taxon_15    0.00%    passed     39.05%
  16  taxon_16    0.00%    passed     87.26%
  17  taxon_17    0.00%    passed     16.43%
  18  taxon_18    0.00%    passed     39.04%
  19  taxon_19    0.00%    passed     30.25%
  20  taxon_20    0.00%    passed     38.07%
  21  taxon_21    0.00%    passed      6.23%
  22  taxon_22    0.00%    passed     36.88%
  23  taxon_23    0.00%    passed     10.54%
  24  taxon_24    0.00%    failed      0.47%
  25  taxon_25    0.00%    passed     89.53%
  26  taxon_26    0.00%    passed     83.50%
  27  taxon_27    0.00%    passed     98.37%
  28  taxon_28    0.00%    passed     40.19%
  29  taxon_29    0.00%    passed     41.34%
  30  taxon_30    0.00%    passed      6.59%
****  TOTAL       0.00%  3 sequences failed composition chi2 test (p-value<5%; df=3)
Checking for duplicate sequences: done in 0.000130177 secs using 96.02% CPU

Create initial parsimony tree by phylogenetic likelihood library (PLL)... 0.002 seconds

NOTE: 1 MB RAM (0 GB) is required!
Measuring multi-threading efficiency up to 8 CPU cores
Increase to 10 rounds for branch lengths
392 trees examined
Threads: 1 / Time: 8.008 sec / Speedup: 1.000 / Efficiency: 100% / LogL: -87266
Threads: 2 / Time: 8.767 sec / Speedup: 0.913 / Efficiency: 46% / LogL: -87266
Determining AUTO threadcount: done in 16.7744 secs using 108.5% CPU
BEST NUMBER OF THREADS: 1

Estimate model parameters (epsilon = 0.100)
1. Initial log-likelihood: -80065.097
Optimal log-likelihood: -79574.896
Rate parameters:  A-C: 1.00000  A-G: 1.00000  A-T: 1.00000  C-G: 1.00000  C-T: 1.00000  G-T: 1.00000
Base frequencies:  A: 0.250  C: 0.250  G: 0.250  T: 0.250
Parameters optimization took 1 rounds (0.015 sec)
Wrote distance file to... 
Computing ML distances based on estimated model parameters...
Calculating distance matrix: done in 0.00159621 secs using 99.42% CPU
Computing ML distances took 0.001731 sec (of wall-clock time) 0.001714 sec (of CPU time)
WARNING: Some pairwise ML distances are too long (saturated)
Setting up auxiliary I and S matrices: done in 2.40803e-05 secs using 74.75% CPU
Constructing RapidNJ tree: done in 4.88758e-05 secs using 171.9% CPU
Computing RapidNJ tree took 0.000094 sec (of wall-clock time) 0.000115 sec (of CPU time)
Log-likelihood of RapidNJ tree: -79834.909
--------------------------------------------------------------------
|             INITIALIZING CANDIDATE TREE SET                      |
--------------------------------------------------------------------
Generating 98 parsimony trees... 0.311 second
Computing log-likelihood of 98 initial trees ... 0.243 seconds
Current best score: -79574.896

Do NNI search on 20 best initial trees
Estimate model parameters (epsilon = 0.100)
BETTER TREE FOUND at iteration 1: -79545.134
Iteration 10 / LogL: -79617.985 / Time: 0h:0m:17s
Iteration 20 / LogL: -79679.859 / Time: 0h:0m:18s
Finish initializing candidate tree set (11)
Current best tree score: -79545.134 / CPU time: 1.328
Number of iterations: 20
--------------------------------------------------------------------
|               OPTIMIZING CANDIDATE TREE SET                      |
--------------------------------------------------------------------
Iteration 30 / LogL: -79545.511 / Time: 0h:0m:18s (0h:0m:45s left)
Iteration 40 / LogL: -79545.172 / Time: 0h:0m:19s (0h:0m:30s left)
Estimate model parameters (epsilon = 0.100)
UPDATE BEST LOG-LIKELIHOOD: -79542.978
Iteration 50 / LogL: -79578.747 / Time: 0h:0m:19s (0h:0m:20s left)
Iteration 60 / LogL: -79579.713 / Time: 0h:0m:20s (0h:0m:14s left)
Iteration 70 / LogL: -79545.493 / Time: 0h:0m:20s (0h:0m:9s left)
Iteration 80 / LogL: -79580.962 / Time: 0h:0m:21s (0h:0m:5s left)
Iteration 90 / LogL: -79548.710 / Time: 0h:0m:22s (0h:0m:2s left)
Iteration 100 / LogL: -79545.742 / Time: 0h:0m:22s (0h:0m:0s left)
TREE SEARCH COMPLETED AFTER 102 ITERATIONS / Time: 0h:0m:22s

--------------------------------------------------------------------
|                    FINALIZING TREE SEARCH                        |
--------------------------------------------------------------------
Performs final model parameters optimization
Estimate model parameters (epsilon = 0.010)
1. Initial log-likelihood: -79542.978
Optimal log-likelihood: -79542.937
Rate parameters:  A-C: 1.00000  A-G: 1.00000  A-T: 1.00000  C-G: 1.00000  C-T: 1.00000  G-T: 1.00000
Base frequencies:  A: 0.250  C: 0.250  G: 0.250  T: 0.250
Parameters optimization took 1 rounds (0.005 sec)
BEST SCORE FOUND : -79542.937
Total tree length: 19.311

Total number of iterations: 102
CPU time used for tree search: 5.850 sec (0h:0m:5s)
Wall-clock time used for tree search: 5.854 sec (0h:0m:5s)
Total CPU time used: 24.101 sec (0h:0m:24s)
Total wall-clock time used: 22.684 sec (0h:0m:22s)

Analysis results written to: 
  IQ-TREE report:                exp_baseline/m2_sel200_rep1/iqtree_out.iqtree
  Maximum-likelihood tree:       exp_baseline/m2_sel200_rep1/iqtree_out.treefile
  Likelihood distances:          exp_baseline/m2_sel200_rep1/iqtree_out.mldist
  Screen log file:               exp_baseline/m2_sel200_rep1/iqtree_out.log

Date and Time: Tue May 12 14:06:42 2026
