IQ-TREE version 3.1.1 for MacOS ARM 64-bit built Apr  8 2026
Developed by Bui Quang Minh, Thomas Wong, Nhan Ly-Trong, Huaiyan Ren
Contributed by Lam-Tung Nguyen, Dominik Schrempf, Chris Bielow,
Olga Chernomor, Michael Woodhams, Diep Thi Hoang, Heiko Schmidt

Host:    Noutbuk-maria.local (SSE4.2, 16 GB RAM)
Command: iqtree -s exp_baseline/m1_sel500_rep3/combined.fasta -m JC -nt AUTO -pre exp_baseline/m1_sel500_rep3/iqtree_out -seed 500442 -redo
Seed:    500442 (Using SPRNG - Scalable Parallel Random Number Generator)
Time:    Tue May 12 13:57:19 2026
Kernel:  SSE2 - auto-detect threads (8 CPU cores detected)

Reading alignment file exp_baseline/m1_sel500_rep3/combined.fasta ... Fasta format detected
Reading fasta file: done in 0.000597954 secs using 91.14% CPU
Alignment most likely contains DNA/RNA sequences
Constructing alignment: done in 0.00116992 secs using 54.88% CPU
Alignment has 30 sequences with 2500 columns, 2016 distinct patterns
2257 parsimony-informative, 0 singleton sites, 243 constant sites
          Gap/Ambiguity  Composition  p-value
Analyzing sequences: done in 4.31538e-05 secs using 268.8% CPU
   1  taxon_1     0.00%    passed     64.93%
   2  taxon_2     0.00%    passed     55.27%
   3  taxon_3     0.00%    passed     14.00%
   4  taxon_4     0.00%    passed     79.01%
   5  taxon_5     0.00%    passed     44.16%
   6  taxon_6     0.00%    passed     56.87%
   7  taxon_7     0.00%    failed      4.11%
   8  taxon_8     0.00%    passed     31.80%
   9  taxon_9     0.00%    passed     77.90%
  10  taxon_10    0.00%    failed      2.10%
  11  taxon_11    0.00%    passed     68.21%
  12  taxon_12    0.00%    passed     34.04%
  13  taxon_13    0.00%    passed     41.81%
  14  taxon_14    0.00%    passed     66.32%
  15  taxon_15    0.00%    failed      2.17%
  16  taxon_16    0.00%    passed     11.30%
  17  taxon_17    0.00%    passed     83.22%
  18  taxon_18    0.00%    passed     76.64%
  19  taxon_19    0.00%    passed     50.01%
  20  taxon_20    0.00%    passed     89.67%
  21  taxon_21    0.00%    passed     85.02%
  22  taxon_22    0.00%    passed     52.18%
  23  taxon_23    0.00%    passed     35.93%
  24  taxon_24    0.00%    passed     21.61%
  25  taxon_25    0.00%    passed     74.58%
  26  taxon_26    0.00%    passed      6.55%
  27  taxon_27    0.00%    passed     34.99%
  28  taxon_28    0.00%    passed     99.48%
  29  taxon_29    0.00%    passed     49.08%
  30  taxon_30    0.00%    passed     82.74%
****  TOTAL       0.00%  3 sequences failed composition chi2 test (p-value<5%; df=3)
Checking for duplicate sequences: done in 0.000130892 secs using 90.15% CPU

Create initial parsimony tree by phylogenetic likelihood library (PLL)... 0.002 seconds

NOTE: 1 MB RAM (0 GB) is required!
Measuring multi-threading efficiency up to 8 CPU cores
Increase to 10 rounds for branch lengths
390 trees examined
Threads: 1 / Time: 8.016 sec / Speedup: 1.000 / Efficiency: 100% / LogL: -96686
Threads: 2 / Time: 8.529 sec / Speedup: 0.940 / Efficiency: 47% / LogL: -96686
Determining AUTO threadcount: done in 16.5454 secs using 107.1% CPU
BEST NUMBER OF THREADS: 1

Estimate model parameters (epsilon = 0.100)
1. Initial log-likelihood: -90017.908
Optimal log-likelihood: -89741.183
Rate parameters:  A-C: 1.00000  A-G: 1.00000  A-T: 1.00000  C-G: 1.00000  C-T: 1.00000  G-T: 1.00000
Base frequencies:  A: 0.250  C: 0.250  G: 0.250  T: 0.250
Parameters optimization took 1 rounds (0.010 sec)
Wrote distance file to... 
Computing ML distances based on estimated model parameters...
Calculating distance matrix: done in 0.00174308 secs using 99.02% CPU
Computing ML distances took 0.001965 sec (of wall-clock time) 0.001877 sec (of CPU time)
Setting up auxiliary I and S matrices: done in 2.5034e-05 secs using 71.9% CPU
Constructing RapidNJ tree: done in 5.10216e-05 secs using 162.7% CPU
Computing RapidNJ tree took 0.000095 sec (of wall-clock time) 0.000116 sec (of CPU time)
Log-likelihood of RapidNJ tree: -90003.200
--------------------------------------------------------------------
|             INITIALIZING CANDIDATE TREE SET                      |
--------------------------------------------------------------------
Generating 98 parsimony trees... 0.265 second
Computing log-likelihood of 98 initial trees ... 0.241 seconds
Current best score: -89635.196

Do NNI search on 20 best initial trees
Estimate model parameters (epsilon = 0.100)
BETTER TREE FOUND at iteration 1: -89502.880
Estimate model parameters (epsilon = 0.100)
BETTER TREE FOUND at iteration 2: -89486.557
Iteration 10 / LogL: -89737.218 / Time: 0h:0m:17s
Iteration 20 / LogL: -89642.702 / Time: 0h:0m:17s
Finish initializing candidate tree set (17)
Current best tree score: -89486.557 / CPU time: 1.132
Number of iterations: 20
--------------------------------------------------------------------
|               OPTIMIZING CANDIDATE TREE SET                      |
--------------------------------------------------------------------
Iteration 30 / LogL: -89533.440 / Time: 0h:0m:18s (0h:0m:44s left)
Iteration 40 / LogL: -89508.745 / Time: 0h:0m:18s (0h:0m:29s left)
Iteration 50 / LogL: -89487.509 / Time: 0h:0m:18s (0h:0m:20s left)
Iteration 60 / LogL: -89487.558 / Time: 0h:0m:19s (0h:0m:13s left)
Iteration 70 / LogL: -89492.250 / Time: 0h:0m:19s (0h:0m:9s left)
Iteration 80 / LogL: -89486.742 / Time: 0h:0m:20s (0h:0m:5s left)
Iteration 90 / LogL: -89530.748 / Time: 0h:0m:20s (0h:0m:2s left)
Iteration 100 / LogL: -89509.067 / Time: 0h:0m:20s (0h:0m:0s left)
TREE SEARCH COMPLETED AFTER 103 ITERATIONS / Time: 0h:0m:21s

--------------------------------------------------------------------
|                    FINALIZING TREE SEARCH                        |
--------------------------------------------------------------------
Performs final model parameters optimization
Estimate model parameters (epsilon = 0.010)
1. Initial log-likelihood: -89486.557
Optimal log-likelihood: -89486.504
Rate parameters:  A-C: 1.00000  A-G: 1.00000  A-T: 1.00000  C-G: 1.00000  C-T: 1.00000  G-T: 1.00000
Base frequencies:  A: 0.250  C: 0.250  G: 0.250  T: 0.250
Parameters optimization took 1 rounds (0.005 sec)
BEST SCORE FOUND : -89486.504
Total tree length: 16.988

Total number of iterations: 103
CPU time used for tree search: 4.514 sec (0h:0m:4s)
Wall-clock time used for tree search: 4.535 sec (0h:0m:4s)
Total CPU time used: 22.282 sec (0h:0m:22s)
Total wall-clock time used: 21.123 sec (0h:0m:21s)

Analysis results written to: 
  IQ-TREE report:                exp_baseline/m1_sel500_rep3/iqtree_out.iqtree
  Maximum-likelihood tree:       exp_baseline/m1_sel500_rep3/iqtree_out.treefile
  Likelihood distances:          exp_baseline/m1_sel500_rep3/iqtree_out.mldist
  Screen log file:               exp_baseline/m1_sel500_rep3/iqtree_out.log

Date and Time: Tue May 12 13:57:41 2026
