IQ-TREE version 3.1.1 for MacOS ARM 64-bit built Apr  8 2026
Developed by Bui Quang Minh, Thomas Wong, Nhan Ly-Trong, Huaiyan Ren
Contributed by Lam-Tung Nguyen, Dominik Schrempf, Chris Bielow,
Olga Chernomor, Michael Woodhams, Diep Thi Hoang, Heiko Schmidt

Host:    Noutbuk-maria.local (SSE4.2, 16 GB RAM)
Command: iqtree -s exp_baseline/m5_sel1000_rep2/combined.fasta -m JC -nt AUTO -pre exp_baseline/m5_sel1000_rep2/iqtree_out -seed 1000742 -redo
Seed:    1000742 (Using SPRNG - Scalable Parallel Random Number Generator)
Time:    Tue May 12 14:23:16 2026
Kernel:  SSE2 - auto-detect threads (8 CPU cores detected)

Reading alignment file exp_baseline/m5_sel1000_rep2/combined.fasta ... Fasta format detected
Reading fasta file: done in 0.000710964 secs using 91.14% CPU
Alignment most likely contains DNA/RNA sequences
Constructing alignment: done in 0.00132895 secs using 55.23% CPU
Alignment has 30 sequences with 3000 columns, 2016 distinct patterns
2842 parsimony-informative, 0 singleton sites, 158 constant sites
          Gap/Ambiguity  Composition  p-value
Analyzing sequences: done in 4.1008e-05 secs using 278% CPU
   1  taxon_1     0.00%    passed     91.31%
   2  taxon_2     0.00%    passed     18.28%
   3  taxon_3     0.00%    passed     96.92%
   4  taxon_4     0.00%    passed     92.74%
   5  taxon_5     0.00%    passed     96.89%
   6  taxon_6     0.00%    passed     93.14%
   7  taxon_7     0.00%    passed     70.02%
   8  taxon_8     0.00%    passed     81.67%
   9  taxon_9     0.00%    passed     67.24%
  10  taxon_10    0.00%    passed     79.15%
  11  taxon_11    0.00%    passed      8.91%
  12  taxon_12    0.00%    passed     94.08%
  13  taxon_13    0.00%    passed     85.64%
  14  taxon_14    0.00%    passed     98.46%
  15  taxon_15    0.00%    passed     23.05%
  16  taxon_16    0.00%    passed     39.65%
  17  taxon_17    0.00%    passed     51.81%
  18  taxon_18    0.00%    passed     59.38%
  19  taxon_19    0.00%    passed     44.91%
  20  taxon_20    0.00%    passed     98.91%
  21  taxon_21    0.00%    passed     34.42%
  22  taxon_22    0.00%    passed     74.52%
  23  taxon_23    0.00%    passed     61.85%
  24  taxon_24    0.00%    passed     14.32%
  25  taxon_25    0.00%    passed     71.50%
  26  taxon_26    0.00%    passed     78.73%
  27  taxon_27    0.00%    passed     61.22%
  28  taxon_28    0.00%    passed     55.47%
  29  taxon_29    0.00%    passed     84.64%
  30  taxon_30    0.00%    passed     71.09%
****  TOTAL       0.00%  0 sequences failed composition chi2 test (p-value<5%; df=3)
Checking for duplicate sequences: done in 0.000133991 secs using 91.8% CPU

Create initial parsimony tree by phylogenetic likelihood library (PLL)... 0.003 seconds

NOTE: 1 MB RAM (0 GB) is required!
Measuring multi-threading efficiency up to 8 CPU cores
Increase to 10 rounds for branch lengths
405 trees examined
Threads: 1 / Time: 8.001 sec / Speedup: 1.000 / Efficiency: 100% / LogL: -107473
Threads: 2 / Time: 8.663 sec / Speedup: 0.924 / Efficiency: 46% / LogL: -107473
Determining AUTO threadcount: done in 16.6644 secs using 108.2% CPU
BEST NUMBER OF THREADS: 1

Estimate model parameters (epsilon = 0.100)
1. Initial log-likelihood: -92776.660
Optimal log-likelihood: -92483.216
Rate parameters:  A-C: 1.00000  A-G: 1.00000  A-T: 1.00000  C-G: 1.00000  C-T: 1.00000  G-T: 1.00000
Base frequencies:  A: 0.250  C: 0.250  G: 0.250  T: 0.250
Parameters optimization took 1 rounds (0.009 sec)
Wrote distance file to... 
Computing ML distances based on estimated model parameters...
Calculating distance matrix: done in 0.00135517 secs using 99.25% CPU
Computing ML distances took 0.001495 sec (of wall-clock time) 0.001475 sec (of CPU time)
WARNING: Some pairwise ML distances are too long (saturated)
Setting up auxiliary I and S matrices: done in 2.71797e-05 secs using 69.91% CPU
Constructing RapidNJ tree: done in 4.50611e-05 secs using 155.3% CPU
Computing RapidNJ tree took 0.000093 sec (of wall-clock time) 0.000115 sec (of CPU time)
Log-likelihood of RapidNJ tree: -92840.856
--------------------------------------------------------------------
|             INITIALIZING CANDIDATE TREE SET                      |
--------------------------------------------------------------------
Generating 98 parsimony trees... 0.310 second
Computing log-likelihood of 98 initial trees ... 0.227 seconds
Current best score: -92436.281

Do NNI search on 20 best initial trees
Estimate model parameters (epsilon = 0.100)
BETTER TREE FOUND at iteration 1: -92343.891
Iteration 10 / LogL: -92468.248 / Time: 0h:0m:17s
Iteration 20 / LogL: -92469.002 / Time: 0h:0m:17s
Finish initializing candidate tree set (10)
Current best tree score: -92343.891 / CPU time: 1.194
Number of iterations: 20
--------------------------------------------------------------------
|               OPTIMIZING CANDIDATE TREE SET                      |
--------------------------------------------------------------------
Estimate model parameters (epsilon = 0.100)
BETTER TREE FOUND at iteration 23: -92343.789
Estimate model parameters (epsilon = 0.100)
BETTER TREE FOUND at iteration 27: -92341.397
Iteration 30 / LogL: -92463.046 / Time: 0h:0m:18s (0h:1m:1s left)
Iteration 40 / LogL: -92341.565 / Time: 0h:0m:18s (0h:0m:42s left)
Iteration 50 / LogL: -92346.698 / Time: 0h:0m:19s (0h:0m:30s left)
UPDATE BEST LOG-LIKELIHOOD: -92341.397
UPDATE BEST LOG-LIKELIHOOD: -92341.397
Iteration 60 / LogL: -92341.424 / Time: 0h:0m:19s (0h:0m:22s left)
Iteration 70 / LogL: -92341.397 / Time: 0h:0m:20s (0h:0m:16s left)
Iteration 80 / LogL: -92341.399 / Time: 0h:0m:20s (0h:0m:12s left)
Iteration 90 / LogL: -92350.516 / Time: 0h:0m:21s (0h:0m:8s left)
Iteration 100 / LogL: -92343.824 / Time: 0h:0m:21s (0h:0m:5s left)
Iteration 110 / LogL: -92342.234 / Time: 0h:0m:22s (0h:0m:3s left)
Iteration 120 / LogL: -92344.321 / Time: 0h:0m:22s (0h:0m:1s left)
TREE SEARCH COMPLETED AFTER 128 ITERATIONS / Time: 0h:0m:22s

--------------------------------------------------------------------
|                    FINALIZING TREE SEARCH                        |
--------------------------------------------------------------------
Performs final model parameters optimization
Estimate model parameters (epsilon = 0.010)
1. Initial log-likelihood: -92341.397
Optimal log-likelihood: -92341.396
Rate parameters:  A-C: 1.00000  A-G: 1.00000  A-T: 1.00000  C-G: 1.00000  C-T: 1.00000  G-T: 1.00000
Base frequencies:  A: 0.250  C: 0.250  G: 0.250  T: 0.250
Parameters optimization took 1 rounds (0.003 sec)
BEST SCORE FOUND : -92341.396
Total tree length: 12.247

Total number of iterations: 128
CPU time used for tree search: 6.229 sec (0h:0m:6s)
Wall-clock time used for tree search: 6.260 sec (0h:0m:6s)
Total CPU time used: 24.289 sec (0h:0m:24s)
Total wall-clock time used: 22.961 sec (0h:0m:22s)

Analysis results written to: 
  IQ-TREE report:                exp_baseline/m5_sel1000_rep2/iqtree_out.iqtree
  Maximum-likelihood tree:       exp_baseline/m5_sel1000_rep2/iqtree_out.treefile
  Likelihood distances:          exp_baseline/m5_sel1000_rep2/iqtree_out.mldist
  Screen log file:               exp_baseline/m5_sel1000_rep2/iqtree_out.log

Date and Time: Tue May 12 14:23:39 2026
