IQ-TREE version 3.1.1 for MacOS ARM 64-bit built Apr  8 2026
Developed by Bui Quang Minh, Thomas Wong, Nhan Ly-Trong, Huaiyan Ren
Contributed by Lam-Tung Nguyen, Dominik Schrempf, Chris Bielow,
Olga Chernomor, Michael Woodhams, Diep Thi Hoang, Heiko Schmidt

Host:    Noutbuk-maria.local (SSE4.2, 16 GB RAM)
Command: iqtree -s exp_stable_0.0005/m1_sel1_rep1/neutral.fasta -m JC -nt AUTO -pre exp_stable_0.0005/m1_sel1_rep1/iqtree_out -seed 1242 -redo
Seed:    1242 (Using SPRNG - Scalable Parallel Random Number Generator)
Time:    Fri May 15 20:14:30 2026
Kernel:  SSE2 - auto-detect threads (8 CPU cores detected)

Reading alignment file exp_stable_0.0005/m1_sel1_rep1/neutral.fasta ... Fasta format detected
Reading fasta file: done in 0.00116992 secs using 89.92% CPU
Alignment most likely contains DNA/RNA sequences
Constructing alignment: done in 0.00132108 secs using 62.98% CPU
Alignment has 50 sequences with 3000 columns, 1353 distinct patterns
747 parsimony-informative, 1122 singleton sites, 1131 constant sites
          Gap/Ambiguity  Composition  p-value
Analyzing sequences: done in 6.10352e-05 secs using 208.1% CPU
   1  taxon_1     0.00%    passed     97.48%
   2  taxon_2     0.00%    passed     99.37%
   3  taxon_3     0.00%    passed     92.63%
   4  taxon_4     0.00%    passed     98.48%
   5  taxon_5     0.00%    passed     97.18%
   6  taxon_6     0.00%    passed     99.96%
   7  taxon_7     0.00%    passed     99.94%
   8  taxon_8     0.00%    passed     90.57%
   9  taxon_9     0.00%    passed     97.29%
  10  taxon_10    0.00%    passed     99.72%
  11  taxon_11    0.00%    passed     92.51%
  12  taxon_12    0.00%    passed     99.18%
  13  taxon_13    0.00%    passed     98.83%
  14  taxon_14    0.00%    passed     97.88%
  15  taxon_15    0.00%    passed     96.31%
  16  taxon_16    0.00%    passed     94.23%
  17  taxon_17    0.00%    passed     99.34%
  18  taxon_18    0.00%    passed     97.89%
  19  taxon_19    0.00%    passed     99.33%
  20  taxon_20    0.00%    passed     97.44%
  21  taxon_21    0.00%    passed     98.08%
  22  taxon_22    0.00%    passed     99.39%
  23  taxon_23    0.00%    passed     98.02%
  24  taxon_24    0.00%    passed     99.74%
  25  taxon_25    0.00%    passed     99.14%
  26  taxon_26    0.00%    passed     95.43%
  27  taxon_27    0.00%    passed     97.86%
  28  taxon_28    0.00%    passed     99.23%
  29  taxon_29    0.00%    passed     99.37%
  30  taxon_30    0.00%    passed     92.31%
  31  taxon_31    0.00%    passed     99.29%
  32  taxon_32    0.00%    passed     99.64%
  33  taxon_33    0.00%    passed     97.81%
  34  taxon_34    0.00%    passed     99.71%
  35  taxon_35    0.00%    passed     99.77%
  36  taxon_36    0.00%    passed     99.48%
  37  taxon_37    0.00%    passed     99.76%
  38  taxon_38    0.00%    passed     97.62%
  39  taxon_39    0.00%    passed     98.45%
  40  taxon_40    0.00%    passed     98.82%
  41  taxon_41    0.00%    passed     98.54%
  42  taxon_42    0.00%    passed     99.37%
  43  taxon_43    0.00%    passed     96.64%
  44  taxon_44    0.00%    passed     96.52%
  45  taxon_45    0.00%    passed     94.38%
  46  taxon_46    0.00%    passed     96.33%
  47  taxon_47    0.00%    passed     99.42%
  48  taxon_48    0.00%    passed     98.58%
  49  taxon_49    0.00%    passed     97.62%
  50  taxon_50    0.00%    passed     99.36%
****  TOTAL       0.00%  0 sequences failed composition chi2 test (p-value<5%; df=3)
Checking for duplicate sequences: done in 0.000154972 secs using 88.4% CPU

Create initial parsimony tree by phylogenetic likelihood library (PLL)... 0.003 seconds

NOTE: 2 MB RAM (0 GB) is required!
Measuring multi-threading efficiency up to 8 CPU cores
Increase to 10 rounds for branch lengths
596 trees examined
Threads: 1 / Time: 8.005 sec / Speedup: 1.000 / Efficiency: 100% / LogL: -30926
Threads: 2 / Time: 9.208 sec / Speedup: 0.869 / Efficiency: 43% / LogL: -30926
Determining AUTO threadcount: done in 17.2129 secs using 106.2% CPU
BEST NUMBER OF THREADS: 1

Estimate model parameters (epsilon = 0.100)
1. Initial log-likelihood: -22494.280
Optimal log-likelihood: -22492.256
Rate parameters:  A-C: 1.00000  A-G: 1.00000  A-T: 1.00000  C-G: 1.00000  C-T: 1.00000  G-T: 1.00000
Base frequencies:  A: 0.250  C: 0.250  G: 0.250  T: 0.250
Parameters optimization took 1 rounds (0.006 sec)
Wrote distance file to... 
Computing ML distances based on estimated model parameters...
Calculating distance matrix: done in 0.00415206 secs using 89.88% CPU
Computing ML distances took 0.004305 sec (of wall-clock time) 0.003875 sec (of CPU time)
Setting up auxiliary I and S matrices: done in 4.50611e-05 secs using 82.11% CPU
Constructing RapidNJ tree: done in 0.000110865 secs using 169.6% CPU
Computing RapidNJ tree took 0.000178 sec (of wall-clock time) 0.000257 sec (of CPU time)
Log-likelihood of RapidNJ tree: -22617.335
--------------------------------------------------------------------
|             INITIALIZING CANDIDATE TREE SET                      |
--------------------------------------------------------------------
Generating 98 parsimony trees... 0.304 second
Computing log-likelihood of 98 initial trees ... 0.276 seconds
Current best score: -22492.256

Do NNI search on 20 best initial trees
Estimate model parameters (epsilon = 0.100)
BETTER TREE FOUND at iteration 1: -22492.255
UPDATE BEST LOG-LIKELIHOOD: -22492.255
UPDATE BEST LOG-LIKELIHOOD: -22492.255
UPDATE BEST LOG-LIKELIHOOD: -22492.255
UPDATE BEST LOG-LIKELIHOOD: -22492.255
Iteration 10 / LogL: -22492.262 / Time: 0h:0m:17s
UPDATE BEST LOG-LIKELIHOOD: -22492.255
Iteration 20 / LogL: -22492.261 / Time: 0h:0m:18s
Finish initializing candidate tree set (1)
Current best tree score: -22492.255 / CPU time: 1.073
Number of iterations: 20
--------------------------------------------------------------------
|               OPTIMIZING CANDIDATE TREE SET                      |
--------------------------------------------------------------------
Iteration 30 / LogL: -22492.265 / Time: 0h:0m:18s (0h:0m:45s left)
UPDATE BEST LOG-LIKELIHOOD: -22492.255
Iteration 40 / LogL: -22492.259 / Time: 0h:0m:19s (0h:0m:29s left)
Iteration 50 / LogL: -22492.259 / Time: 0h:0m:19s (0h:0m:20s left)
Iteration 60 / LogL: -22492.259 / Time: 0h:0m:20s (0h:0m:13s left)
Iteration 70 / LogL: -22492.255 / Time: 0h:0m:20s (0h:0m:9s left)
Iteration 80 / LogL: -22591.481 / Time: 0h:0m:20s (0h:0m:5s left)
Iteration 90 / LogL: -22492.258 / Time: 0h:0m:21s (0h:0m:2s left)
Iteration 100 / LogL: -22492.259 / Time: 0h:0m:21s (0h:0m:0s left)
TREE SEARCH COMPLETED AFTER 102 ITERATIONS / Time: 0h:0m:21s

--------------------------------------------------------------------
|                    FINALIZING TREE SEARCH                        |
--------------------------------------------------------------------
Performs final model parameters optimization
Estimate model parameters (epsilon = 0.010)
1. Initial log-likelihood: -22492.255
Optimal log-likelihood: -22492.255
Rate parameters:  A-C: 1.00000  A-G: 1.00000  A-T: 1.00000  C-G: 1.00000  C-T: 1.00000  G-T: 1.00000
Base frequencies:  A: 0.250  C: 0.250  G: 0.250  T: 0.250
Parameters optimization took 1 rounds (0.003 sec)
BEST SCORE FOUND : -22492.255
Total tree length: 0.973

Total number of iterations: 102
CPU time used for tree search: 4.439 sec (0h:0m:4s)
Wall-clock time used for tree search: 4.597 sec (0h:0m:4s)
Total CPU time used: 22.741 sec (0h:0m:22s)
Total wall-clock time used: 21.842 sec (0h:0m:21s)

Analysis results written to: 
  IQ-TREE report:                exp_stable_0.0005/m1_sel1_rep1/iqtree_out.iqtree
  Maximum-likelihood tree:       exp_stable_0.0005/m1_sel1_rep1/iqtree_out.treefile
  Likelihood distances:          exp_stable_0.0005/m1_sel1_rep1/iqtree_out.mldist
  Screen log file:               exp_stable_0.0005/m1_sel1_rep1/iqtree_out.log

Date and Time: Fri May 15 20:14:52 2026
