IQ-TREE version 3.1.1 for MacOS ARM 64-bit built Apr  8 2026
Developed by Bui Quang Minh, Thomas Wong, Nhan Ly-Trong, Huaiyan Ren
Contributed by Lam-Tung Nguyen, Dominik Schrempf, Chris Bielow,
Olga Chernomor, Michael Woodhams, Diep Thi Hoang, Heiko Schmidt

Host:    Noutbuk-maria.local (SSE4.2, 16 GB RAM)
Command: iqtree -s exp_stable_0.0001/m1_sel2_rep3/neutral.fasta -m JC -nt AUTO -pre exp_stable_0.0001/m1_sel2_rep3/iqtree_out -seed 2442 -redo
Seed:    2442 (Using SPRNG - Scalable Parallel Random Number Generator)
Time:    Sat May 16 18:15:57 2026
Kernel:  SSE2 - auto-detect threads (8 CPU cores detected)

Reading alignment file exp_stable_0.0001/m1_sel2_rep3/neutral.fasta ... Fasta format detected
Reading fasta file: done in 0.00117302 secs using 89.68% CPU
Alignment most likely contains DNA/RNA sequences
Constructing alignment: done in 0.00121593 secs using 55.02% CPU
Alignment has 50 sequences with 3000 columns, 215 distinct patterns
43 parsimony-informative, 224 singleton sites, 2733 constant sites
          Gap/Ambiguity  Composition  p-value
Analyzing sequences: done in 3.48091e-05 secs using 68.95% CPU
   1  taxon_1     0.00%    passed     99.24%
   2  taxon_2     0.00%    passed     99.90%
   3  taxon_3     0.00%    passed    100.00%
   4  taxon_4     0.00%    passed     99.94%
   5  taxon_5     0.00%    passed    100.00%
   6  taxon_6     0.00%    passed     99.94%
   7  taxon_7     0.00%    passed     99.97%
   8  taxon_8     0.00%    passed     99.90%
   9  taxon_9     0.00%    passed     99.87%
  10  taxon_10    0.00%    passed     99.98%
  11  taxon_11    0.00%    passed    100.00%
  12  taxon_12    0.00%    passed     99.99%
  13  taxon_13    0.00%    passed     99.92%
  14  taxon_14    0.00%    passed     99.95%
  15  taxon_15    0.00%    passed     99.92%
  16  taxon_16    0.00%    passed     99.95%
  17  taxon_17    0.00%    passed     99.97%
  18  taxon_18    0.00%    passed     99.99%
  19  taxon_19    0.00%    passed    100.00%
  20  taxon_20    0.00%    passed     99.87%
  21  taxon_21    0.00%    passed     99.87%
  22  taxon_22    0.00%    passed    100.00%
  23  taxon_23    0.00%    passed     99.99%
  24  taxon_24    0.00%    passed     99.78%
  25  taxon_25    0.00%    passed     99.99%
  26  taxon_26    0.00%    passed    100.00%
  27  taxon_27    0.00%    passed     99.82%
  28  taxon_28    0.00%    passed     99.86%
  29  taxon_29    0.00%    passed     99.94%
  30  taxon_30    0.00%    passed     99.85%
  31  taxon_31    0.00%    passed     99.96%
  32  taxon_32    0.00%    passed     99.99%
  33  taxon_33    0.00%    passed     99.86%
  34  taxon_34    0.00%    passed     99.98%
  35  taxon_35    0.00%    passed     99.96%
  36  taxon_36    0.00%    passed    100.00%
  37  taxon_37    0.00%    passed     99.99%
  38  taxon_38    0.00%    passed     99.84%
  39  taxon_39    0.00%    passed     99.95%
  40  taxon_40    0.00%    passed     99.98%
  41  taxon_41    0.00%    passed     99.93%
  42  taxon_42    0.00%    passed     99.99%
  43  taxon_43    0.00%    passed     99.82%
  44  taxon_44    0.00%    passed     99.85%
  45  taxon_45    0.00%    passed     99.78%
  46  taxon_46    0.00%    passed     99.90%
  47  taxon_47    0.00%    passed     99.90%
  48  taxon_48    0.00%    passed     99.95%
  49  taxon_49    0.00%    passed     99.99%
  50  taxon_50    0.00%    passed     99.94%
****  TOTAL       0.00%  0 sequences failed composition chi2 test (p-value<5%; df=3)
Checking for duplicate sequences: done in 6.00815e-05 secs using 73.23% CPU

Create initial parsimony tree by phylogenetic likelihood library (PLL)... 0.001 seconds

NOTE: 0 MB RAM (0 GB) is required!
Measuring multi-threading efficiency up to 8 CPU cores
Increase to 10 rounds for branch lengths
6876 trees examined
Threads: 1 / Time: 8.001 sec / Speedup: 1.000 / Efficiency: 100% / LogL: -7070
Threads: 2 / Time: 17.489 sec / Speedup: 0.457 / Efficiency: 23% / LogL: -7070
Determining AUTO threadcount: done in 25.4898 secs using 84.55% CPU
BEST NUMBER OF THREADS: 1

Estimate model parameters (epsilon = 0.100)
1. Initial log-likelihood: -6516.098
Optimal log-likelihood: -6516.096
Rate parameters:  A-C: 1.00000  A-G: 1.00000  A-T: 1.00000  C-G: 1.00000  C-T: 1.00000  G-T: 1.00000
Base frequencies:  A: 0.250  C: 0.250  G: 0.250  T: 0.250
Parameters optimization took 1 rounds (0.001 sec)
Wrote distance file to... 
Computing ML distances based on estimated model parameters...
Calculating distance matrix: done in 0.00263691 secs using 76.49% CPU
Computing ML distances took 0.002673 sec (of wall-clock time) 0.002047 sec (of CPU time)
Setting up auxiliary I and S matrices: done in 4.60148e-05 secs using 76.06% CPU
Constructing RapidNJ tree: done in 0.000128984 secs using 176% CPU
Computing RapidNJ tree took 0.000197 sec (of wall-clock time) 0.000286 sec (of CPU time)
Log-likelihood of RapidNJ tree: -6516.211
--------------------------------------------------------------------
|             INITIALIZING CANDIDATE TREE SET                      |
--------------------------------------------------------------------
Generating 98 parsimony trees... 0.082 second
Computing log-likelihood of 98 initial trees ... 0.048 seconds
Current best score: -6516.096

Do NNI search on 20 best initial trees
Estimate model parameters (epsilon = 0.100)
BETTER TREE FOUND at iteration 1: -6516.096
BETTER TREE FOUND at iteration 5: -6516.094
BETTER TREE FOUND at iteration 8: -6516.094
Iteration 10 / LogL: -6516.096 / Time: 0h:0m:25s
Iteration 20 / LogL: -6516.096 / Time: 0h:0m:25s
Finish initializing candidate tree set (20)
Current best tree score: -6516.094 / CPU time: 0.186
Number of iterations: 20
--------------------------------------------------------------------
|               OPTIMIZING CANDIDATE TREE SET                      |
--------------------------------------------------------------------
Iteration 30 / LogL: -6516.122 / Time: 0h:0m:25s (0h:1m:9s left)
Iteration 40 / LogL: -6516.125 / Time: 0h:0m:25s (0h:0m:45s left)
Iteration 50 / LogL: -6516.113 / Time: 0h:0m:25s (0h:0m:30s left)
Iteration 60 / LogL: -6516.115 / Time: 0h:0m:25s (0h:0m:21s left)
Iteration 70 / LogL: -6516.108 / Time: 0h:0m:26s (0h:0m:14s left)
Iteration 80 / LogL: -6533.907 / Time: 0h:0m:26s (0h:0m:9s left)
Iteration 90 / LogL: -6526.918 / Time: 0h:0m:26s (0h:0m:5s left)
Iteration 100 / LogL: -6516.131 / Time: 0h:0m:26s (0h:0m:2s left)
TREE SEARCH COMPLETED AFTER 109 ITERATIONS / Time: 0h:0m:26s

--------------------------------------------------------------------
|                    FINALIZING TREE SEARCH                        |
--------------------------------------------------------------------
Performs final model parameters optimization
Estimate model parameters (epsilon = 0.010)
1. Initial log-likelihood: -6516.094
Optimal log-likelihood: -6516.094
Rate parameters:  A-C: 1.00000  A-G: 1.00000  A-T: 1.00000  C-G: 1.00000  C-T: 1.00000  G-T: 1.00000
Base frequencies:  A: 0.250  C: 0.250  G: 0.250  T: 0.250
Parameters optimization took 1 rounds (0.001 sec)
BEST SCORE FOUND : -6516.094
Total tree length: 0.095

Total number of iterations: 109
CPU time used for tree search: 0.794 sec (0h:0m:0s)
Wall-clock time used for tree search: 0.801 sec (0h:0m:0s)
Total CPU time used: 22.355 sec (0h:0m:22s)
Total wall-clock time used: 26.305 sec (0h:0m:26s)

Analysis results written to: 
  IQ-TREE report:                exp_stable_0.0001/m1_sel2_rep3/iqtree_out.iqtree
  Maximum-likelihood tree:       exp_stable_0.0001/m1_sel2_rep3/iqtree_out.treefile
  Likelihood distances:          exp_stable_0.0001/m1_sel2_rep3/iqtree_out.mldist
  Screen log file:               exp_stable_0.0001/m1_sel2_rep3/iqtree_out.log

Date and Time: Sat May 16 18:16:24 2026
