IQ-TREE version 3.1.1 for MacOS ARM 64-bit built Apr  8 2026
Developed by Bui Quang Minh, Thomas Wong, Nhan Ly-Trong, Huaiyan Ren
Contributed by Lam-Tung Nguyen, Dominik Schrempf, Chris Bielow,
Olga Chernomor, Michael Woodhams, Diep Thi Hoang, Heiko Schmidt

Host:    Noutbuk-maria.local (SSE4.2, 16 GB RAM)
Command: iqtree -s exp_stable_0.001/m0_sel1_rep1/neutral.fasta -m JC -nt AUTO -pre exp_stable_0.001/m0_sel1_rep1/iqtree_out -seed 1142 -redo
Seed:    1142 (Using SPRNG - Scalable Parallel Random Number Generator)
Time:    Fri May 15 22:28:10 2026
Kernel:  SSE2 - auto-detect threads (8 CPU cores detected)

Reading alignment file exp_stable_0.001/m0_sel1_rep1/neutral.fasta ... Fasta format detected
Reading fasta file: done in 0.00116897 secs using 89.99% CPU
Alignment most likely contains DNA/RNA sequences
Constructing alignment: done in 0.00161409 secs using 61.33% CPU
Alignment has 50 sequences with 3000 columns, 2975 distinct patterns
2747 parsimony-informative, 232 singleton sites, 21 constant sites
          Gap/Ambiguity  Composition  p-value
Analyzing sequences: done in 8.89301e-05 secs using 387.9% CPU
   1  taxon_1     0.00%    passed     89.38%
   2  taxon_2     0.00%    passed     18.94%
   3  taxon_3     0.00%    passed     95.19%
   4  taxon_4     0.00%    passed     51.67%
   5  taxon_5     0.00%    passed     91.58%
   6  taxon_6     0.00%    passed     98.29%
   7  taxon_7     0.00%    passed     81.71%
   8  taxon_8     0.00%    passed     67.95%
   9  taxon_9     0.00%    passed     50.59%
  10  taxon_10    0.00%    passed     65.36%
  11  taxon_11    0.00%    passed     89.56%
  12  taxon_12    0.00%    passed     93.51%
  13  taxon_13    0.00%    passed     69.48%
  14  taxon_14    0.00%    passed     95.27%
  15  taxon_15    0.00%    passed     99.42%
  16  taxon_16    0.00%    passed     47.33%
  17  taxon_17    0.00%    passed     96.70%
  18  taxon_18    0.00%    passed     87.23%
  19  taxon_19    0.00%    passed     91.62%
  20  taxon_20    0.00%    passed     97.65%
  21  taxon_21    0.00%    passed     76.72%
  22  taxon_22    0.00%    passed     78.93%
  23  taxon_23    0.00%    passed     99.10%
  24  taxon_24    0.00%    passed     98.18%
  25  taxon_25    0.00%    passed     82.05%
  26  taxon_26    0.00%    passed     80.80%
  27  taxon_27    0.00%    passed     90.00%
  28  taxon_28    0.00%    passed     66.78%
  29  taxon_29    0.00%    passed     99.37%
  30  taxon_30    0.00%    passed     89.76%
  31  taxon_31    0.00%    passed     68.01%
  32  taxon_32    0.00%    passed     85.86%
  33  taxon_33    0.00%    passed     83.16%
  34  taxon_34    0.00%    passed     76.46%
  35  taxon_35    0.00%    passed     76.30%
  36  taxon_36    0.00%    passed     82.18%
  37  taxon_37    0.00%    passed     86.35%
  38  taxon_38    0.00%    passed     97.80%
  39  taxon_39    0.00%    passed     52.56%
  40  taxon_40    0.00%    passed     97.30%
  41  taxon_41    0.00%    passed     98.64%
  42  taxon_42    0.00%    passed     97.99%
  43  taxon_43    0.00%    passed     83.98%
  44  taxon_44    0.00%    passed     62.41%
  45  taxon_45    0.00%    passed     87.86%
  46  taxon_46    0.00%    passed     57.66%
  47  taxon_47    0.00%    passed     99.78%
  48  taxon_48    0.00%    passed     87.00%
  49  taxon_49    0.00%    passed     92.78%
  50  taxon_50    0.00%    passed     90.05%
****  TOTAL       0.00%  0 sequences failed composition chi2 test (p-value<5%; df=3)
Checking for duplicate sequences: done in 0.000296116 secs using 92.53% CPU

Create initial parsimony tree by phylogenetic likelihood library (PLL)... 0.005 seconds

NOTE: 4 MB RAM (0 GB) is required!
Measuring multi-threading efficiency up to 8 CPU cores
Increase to 10 rounds for branch lengths
220 trees examined
Threads: 1 / Time: 8.034 sec / Speedup: 1.000 / Efficiency: 100% / LogL: -101421
Threads: 2 / Time: 7.540 sec / Speedup: 1.066 / Efficiency: 53% / LogL: -101421
Threads: 3 / Time: 6.950 sec / Speedup: 1.156 / Efficiency: 39% / LogL: -101421
Determining AUTO threadcount: done in 22.5246 secs using 126.4% CPU
BEST NUMBER OF THREADS: 2

Estimate model parameters (epsilon = 0.100)
1. Initial log-likelihood: -71020.106
Optimal log-likelihood: -70915.171
Rate parameters:  A-C: 1.00000  A-G: 1.00000  A-T: 1.00000  C-G: 1.00000  C-T: 1.00000  G-T: 1.00000
Base frequencies:  A: 0.250  C: 0.250  G: 0.250  T: 0.250
Parameters optimization took 1 rounds (0.012 sec)
Wrote distance file to... 
Computing ML distances based on estimated model parameters...
Calculating distance matrix: done in 0.00341797 secs using 174.8% CPU
Computing ML distances took 0.003659 sec (of wall-clock time) 0.006373 sec (of CPU time)
Setting up auxiliary I and S matrices: done in 4.00543e-05 secs using 119.8% CPU
Constructing RapidNJ tree: done in 0.000833035 secs using 95.07% CPU
Computing RapidNJ tree took 0.000893 sec (of wall-clock time) 0.000851 sec (of CPU time)
Log-likelihood of RapidNJ tree: -71061.933
--------------------------------------------------------------------
|             INITIALIZING CANDIDATE TREE SET                      |
--------------------------------------------------------------------
Generating 98 parsimony trees... 0.505 second
Computing log-likelihood of 98 initial trees ... 0.610 seconds
Current best score: -70915.171

Do NNI search on 20 best initial trees
Estimate model parameters (epsilon = 0.100)
BETTER TREE FOUND at iteration 1: -70915.171
Iteration 10 / LogL: -70915.171 / Time: 0h:0m:24s
Iteration 20 / LogL: -70915.171 / Time: 0h:0m:25s
Finish initializing candidate tree set (1)
Current best tree score: -70915.171 / CPU time: 2.626
Number of iterations: 20
--------------------------------------------------------------------
|               OPTIMIZING CANDIDATE TREE SET                      |
--------------------------------------------------------------------
Iteration 30 / LogL: -70915.259 / Time: 0h:0m:26s (0h:1m:3s left)
Iteration 40 / LogL: -70915.663 / Time: 0h:0m:27s (0h:0m:42s left)
Iteration 50 / LogL: -70915.171 / Time: 0h:0m:28s (0h:0m:29s left)
Iteration 60 / LogL: -70922.395 / Time: 0h:0m:29s (0h:0m:20s left)
Iteration 70 / LogL: -70915.172 / Time: 0h:0m:30s (0h:0m:13s left)
Iteration 80 / LogL: -70915.171 / Time: 0h:0m:31s (0h:0m:8s left)
Iteration 90 / LogL: -70915.192 / Time: 0h:0m:31s (0h:0m:3s left)
Iteration 100 / LogL: -70915.171 / Time: 0h:0m:32s (0h:0m:0s left)
TREE SEARCH COMPLETED AFTER 102 ITERATIONS / Time: 0h:0m:33s

--------------------------------------------------------------------
|                    FINALIZING TREE SEARCH                        |
--------------------------------------------------------------------
Performs final model parameters optimization
Estimate model parameters (epsilon = 0.010)
1. Initial log-likelihood: -70915.171
Optimal log-likelihood: -70915.171
Rate parameters:  A-C: 1.00000  A-G: 1.00000  A-T: 1.00000  C-G: 1.00000  C-T: 1.00000  G-T: 1.00000
Base frequencies:  A: 0.250  C: 0.250  G: 0.250  T: 0.250
Parameters optimization took 1 rounds (0.006 sec)
BEST SCORE FOUND : -70915.171
Total tree length: 5.015

Total number of iterations: 102
CPU time used for tree search: 12.881 sec (0h:0m:12s)
Wall-clock time used for tree search: 10.531 sec (0h:0m:10s)
Total CPU time used: 41.413 sec (0h:0m:41s)
Total wall-clock time used: 33.109 sec (0h:0m:33s)

Analysis results written to: 
  IQ-TREE report:                exp_stable_0.001/m0_sel1_rep1/iqtree_out.iqtree
  Maximum-likelihood tree:       exp_stable_0.001/m0_sel1_rep1/iqtree_out.treefile
  Likelihood distances:          exp_stable_0.001/m0_sel1_rep1/iqtree_out.mldist
  Screen log file:               exp_stable_0.001/m0_sel1_rep1/iqtree_out.log

Date and Time: Fri May 15 22:28:44 2026
