IQ-TREE version 3.1.1 for MacOS ARM 64-bit built Apr  8 2026
Developed by Bui Quang Minh, Thomas Wong, Nhan Ly-Trong, Huaiyan Ren
Contributed by Lam-Tung Nguyen, Dominik Schrempf, Chris Bielow,
Olga Chernomor, Michael Woodhams, Diep Thi Hoang, Heiko Schmidt

Host:    Noutbuk-maria.local (SSE4.2, 16 GB RAM)
Command: iqtree -s exp_stable_0.0005/m1_sel2_rep4/neutral.fasta -m JC -nt AUTO -pre exp_stable_0.0005/m1_sel2_rep4/iqtree_out -seed 2542 -redo
Seed:    2542 (Using SPRNG - Scalable Parallel Random Number Generator)
Time:    Mon May 18 19:28:49 2026
Kernel:  SSE2 - auto-detect threads (8 CPU cores detected)

Reading alignment file exp_stable_0.0005/m1_sel2_rep4/neutral.fasta ... Fasta format detected
Reading fasta file: done in 0.00117588 secs using 89.46% CPU
Alignment most likely contains DNA/RNA sequences
Constructing alignment: done in 0.0012331 secs using 59.69% CPU
Alignment has 50 sequences with 3000 columns, 684 distinct patterns
224 parsimony-informative, 811 singleton sites, 1965 constant sites
          Gap/Ambiguity  Composition  p-value
Analyzing sequences: done in 3.79086e-05 secs using 158.3% CPU
   1  taxon_1     0.00%    passed     99.58%
   2  taxon_2     0.00%    passed     99.95%
   3  taxon_3     0.00%    passed     99.87%
   4  taxon_4     0.00%    passed     97.48%
   5  taxon_5     0.00%    passed     98.78%
   6  taxon_6     0.00%    passed     99.83%
   7  taxon_7     0.00%    passed     99.63%
   8  taxon_8     0.00%    passed     98.26%
   9  taxon_9     0.00%    passed     99.78%
  10  taxon_10    0.00%    passed     99.01%
  11  taxon_11    0.00%    passed     99.76%
  12  taxon_12    0.00%    passed     99.51%
  13  taxon_13    0.00%    passed     99.99%
  14  taxon_14    0.00%    passed     99.29%
  15  taxon_15    0.00%    passed     99.42%
  16  taxon_16    0.00%    passed     99.18%
  17  taxon_17    0.00%    passed     98.83%
  18  taxon_18    0.00%    passed     99.93%
  19  taxon_19    0.00%    passed     99.22%
  20  taxon_20    0.00%    passed     98.82%
  21  taxon_21    0.00%    passed     99.78%
  22  taxon_22    0.00%    passed     98.94%
  23  taxon_23    0.00%    passed     99.97%
  24  taxon_24    0.00%    passed     99.75%
  25  taxon_25    0.00%    passed     99.43%
  26  taxon_26    0.00%    passed     99.31%
  27  taxon_27    0.00%    passed     99.51%
  28  taxon_28    0.00%    passed     99.83%
  29  taxon_29    0.00%    passed     95.44%
  30  taxon_30    0.00%    passed     99.85%
  31  taxon_31    0.00%    passed     99.34%
  32  taxon_32    0.00%    passed     99.70%
  33  taxon_33    0.00%    passed     99.89%
  34  taxon_34    0.00%    passed     99.44%
  35  taxon_35    0.00%    passed     98.70%
  36  taxon_36    0.00%    passed     99.90%
  37  taxon_37    0.00%    passed     99.92%
  38  taxon_38    0.00%    passed     98.68%
  39  taxon_39    0.00%    passed     99.98%
  40  taxon_40    0.00%    passed     98.90%
  41  taxon_41    0.00%    passed     96.44%
  42  taxon_42    0.00%    passed     93.70%
  43  taxon_43    0.00%    passed     99.99%
  44  taxon_44    0.00%    passed     98.80%
  45  taxon_45    0.00%    passed     99.97%
  46  taxon_46    0.00%    passed     99.94%
  47  taxon_47    0.00%    passed     99.98%
  48  taxon_48    0.00%    passed     99.46%
  49  taxon_49    0.00%    passed     99.96%
  50  taxon_50    0.00%    passed     99.55%
****  TOTAL       0.00%  0 sequences failed composition chi2 test (p-value<5%; df=3)
Checking for duplicate sequences: done in 9.98974e-05 secs using 78.08% CPU

Create initial parsimony tree by phylogenetic likelihood library (PLL)... 0.002 seconds

NOTE: 1 MB RAM (0 GB) is required!
Measuring multi-threading efficiency up to 8 CPU cores
Increase to 10 rounds for branch lengths
1518 trees examined
Threads: 1 / Time: 8.004 sec / Speedup: 1.000 / Efficiency: 100% / LogL: -15312
Threads: 2 / Time: 10.415 sec / Speedup: 0.768 / Efficiency: 38% / LogL: -15312
Determining AUTO threadcount: done in 18.4184 secs using 102.1% CPU
BEST NUMBER OF THREADS: 1

Estimate model parameters (epsilon = 0.100)
1. Initial log-likelihood: -13014.913
Optimal log-likelihood: -13012.176
Rate parameters:  A-C: 1.00000  A-G: 1.00000  A-T: 1.00000  C-G: 1.00000  C-T: 1.00000  G-T: 1.00000
Base frequencies:  A: 0.250  C: 0.250  G: 0.250  T: 0.250
Parameters optimization took 1 rounds (0.003 sec)
Wrote distance file to... 
Computing ML distances based on estimated model parameters...
Calculating distance matrix: done in 0.00289798 secs using 83.02% CPU
Computing ML distances took 0.002971 sec (of wall-clock time) 0.002475 sec (of CPU time)
Setting up auxiliary I and S matrices: done in 4.50611e-05 secs using 97.65% CPU
Constructing RapidNJ tree: done in 0.000129938 secs using 175.5% CPU
Computing RapidNJ tree took 0.000193 sec (of wall-clock time) 0.000294 sec (of CPU time)
Log-likelihood of RapidNJ tree: -13100.952
--------------------------------------------------------------------
|             INITIALIZING CANDIDATE TREE SET                      |
--------------------------------------------------------------------
Generating 98 parsimony trees... 0.146 second
Computing log-likelihood of 98 initial trees ... 0.132 seconds
Current best score: -13012.004

Do NNI search on 20 best initial trees
Estimate model parameters (epsilon = 0.100)
BETTER TREE FOUND at iteration 1: -13012.003
UPDATE BEST LOG-LIKELIHOOD: -13012.003
Iteration 10 / LogL: -13012.007 / Time: 0h:0m:18s
Iteration 20 / LogL: -13012.007 / Time: 0h:0m:18s
Finish initializing candidate tree set (1)
Current best tree score: -13012.003 / CPU time: 0.403
Number of iterations: 20
--------------------------------------------------------------------
|               OPTIMIZING CANDIDATE TREE SET                      |
--------------------------------------------------------------------
Iteration 30 / LogL: -13012.013 / Time: 0h:0m:19s (0h:0m:46s left)
Iteration 40 / LogL: -13012.025 / Time: 0h:0m:19s (0h:0m:30s left)
UPDATE BEST LOG-LIKELIHOOD: -13012.003
Iteration 50 / LogL: -13012.018 / Time: 0h:0m:19s (0h:0m:20s left)
Iteration 60 / LogL: -13012.013 / Time: 0h:0m:19s (0h:0m:13s left)
Iteration 70 / LogL: -13012.013 / Time: 0h:0m:19s (0h:0m:8s left)
Iteration 80 / LogL: -13012.015 / Time: 0h:0m:20s (0h:0m:5s left)
Iteration 90 / LogL: -13012.016 / Time: 0h:0m:20s (0h:0m:2s left)
Iteration 100 / LogL: -13012.017 / Time: 0h:0m:20s (0h:0m:0s left)
TREE SEARCH COMPLETED AFTER 102 ITERATIONS / Time: 0h:0m:20s

--------------------------------------------------------------------
|                    FINALIZING TREE SEARCH                        |
--------------------------------------------------------------------
Performs final model parameters optimization
Estimate model parameters (epsilon = 0.010)
1. Initial log-likelihood: -13012.003
Optimal log-likelihood: -13012.003
Rate parameters:  A-C: 1.00000  A-G: 1.00000  A-T: 1.00000  C-G: 1.00000  C-T: 1.00000  G-T: 1.00000
Base frequencies:  A: 0.250  C: 0.250  G: 0.250  T: 0.250
Parameters optimization took 1 rounds (0.003 sec)
BEST SCORE FOUND : -13012.003
Total tree length: 0.421

Total number of iterations: 102
CPU time used for tree search: 2.164 sec (0h:0m:2s)
Wall-clock time used for tree search: 2.167 sec (0h:0m:2s)
Total CPU time used: 20.996 sec (0h:0m:20s)
Total wall-clock time used: 20.608 sec (0h:0m:20s)

Analysis results written to: 
  IQ-TREE report:                exp_stable_0.0005/m1_sel2_rep4/iqtree_out.iqtree
  Maximum-likelihood tree:       exp_stable_0.0005/m1_sel2_rep4/iqtree_out.treefile
  Likelihood distances:          exp_stable_0.0005/m1_sel2_rep4/iqtree_out.mldist
  Screen log file:               exp_stable_0.0005/m1_sel2_rep4/iqtree_out.log

Date and Time: Mon May 18 19:29:10 2026
