IQ-TREE version 3.1.1 for MacOS ARM 64-bit built Apr  8 2026
Developed by Bui Quang Minh, Thomas Wong, Nhan Ly-Trong, Huaiyan Ren
Contributed by Lam-Tung Nguyen, Dominik Schrempf, Chris Bielow,
Olga Chernomor, Michael Woodhams, Diep Thi Hoang, Heiko Schmidt

Host:    Noutbuk-maria.local (SSE4.2, 16 GB RAM)
Command: iqtree -s exp_baseline/m200_sel50_rep2/combined.fasta -m JC -nt AUTO -pre exp_baseline/m200_sel50_rep2/iqtree_out -seed 70242 -redo
Seed:    70242 (Using SPRNG - Scalable Parallel Random Number Generator)
Time:    Tue May 12 15:16:55 2026
Kernel:  SSE2 - auto-detect threads (8 CPU cores detected)

Reading alignment file exp_baseline/m200_sel50_rep2/combined.fasta ... Fasta format detected
Reading fasta file: done in 0.000497818 secs using 90.8% CPU
Alignment most likely contains DNA/RNA sequences
Constructing alignment: done in 0.000941992 secs using 59.77% CPU
Alignment has 30 sequences with 2050 columns, 2012 distinct patterns
2050 parsimony-informative, 0 singleton sites, 0 constant sites
          Gap/Ambiguity  Composition  p-value
Analyzing sequences: done in 4.88758e-05 secs using 239.4% CPU
   1  taxon_1     0.00%    passed      5.43%
   2  taxon_2     0.00%    passed     18.39%
   3  taxon_3     0.00%    passed     57.40%
   4  taxon_4     0.00%    passed     91.24%
   5  taxon_5     0.00%    passed     96.74%
   6  taxon_6     0.00%    passed     21.25%
   7  taxon_7     0.00%    passed     97.78%
   8  taxon_8     0.00%    passed     48.89%
   9  taxon_9     0.00%    passed     44.33%
  10  taxon_10    0.00%    passed     51.56%
  11  taxon_11    0.00%    passed     69.90%
  12  taxon_12    0.00%    passed     97.14%
  13  taxon_13    0.00%    passed     39.45%
  14  taxon_14    0.00%    passed     85.52%
  15  taxon_15    0.00%    passed     93.88%
  16  taxon_16    0.00%    passed     81.44%
  17  taxon_17    0.00%    passed     30.83%
  18  taxon_18    0.00%    passed     91.65%
  19  taxon_19    0.00%    passed     71.60%
  20  taxon_20    0.00%    passed     49.72%
  21  taxon_21    0.00%    passed     37.29%
  22  taxon_22    0.00%    failed      4.67%
  23  taxon_23    0.00%    passed     71.22%
  24  taxon_24    0.00%    passed     67.21%
  25  taxon_25    0.00%    passed      8.41%
  26  taxon_26    0.00%    passed     96.68%
  27  taxon_27    0.00%    passed     71.29%
  28  taxon_28    0.00%    passed     19.75%
  29  taxon_29    0.00%    passed     35.86%
  30  taxon_30    0.00%    passed     56.13%
****  TOTAL       0.00%  1 sequences failed composition chi2 test (p-value<5%; df=3)
Checking for duplicate sequences: done in 0.000127077 secs using 92.07% CPU

Create initial parsimony tree by phylogenetic likelihood library (PLL)... 0.002 seconds

NOTE: 1 MB RAM (0 GB) is required!
Measuring multi-threading efficiency up to 8 CPU cores
Increase to 10 rounds for branch lengths
376 trees examined
Threads: 1 / Time: 8.007 sec / Speedup: 1.000 / Efficiency: 100% / LogL: -81933
Threads: 2 / Time: 8.771 sec / Speedup: 0.913 / Efficiency: 46% / LogL: -81933
Determining AUTO threadcount: done in 16.7783 secs using 107.6% CPU
BEST NUMBER OF THREADS: 1

Estimate model parameters (epsilon = 0.100)
1. Initial log-likelihood: -78963.833
Optimal log-likelihood: -78366.614
Rate parameters:  A-C: 1.00000  A-G: 1.00000  A-T: 1.00000  C-G: 1.00000  C-T: 1.00000  G-T: 1.00000
Base frequencies:  A: 0.250  C: 0.250  G: 0.250  T: 0.250
Parameters optimization took 1 rounds (0.019 sec)
Wrote distance file to... 
Computing ML distances based on estimated model parameters...
Calculating distance matrix: done in 0.00122905 secs using 98.94% CPU
Computing ML distances took 0.001372 sec (of wall-clock time) 0.001346 sec (of CPU time)
WARNING: Some pairwise ML distances are too long (saturated)
Setting up auxiliary I and S matrices: done in 2.5034e-05 secs using 67.91% CPU
Constructing RapidNJ tree: done in 4.81606e-05 secs using 157.8% CPU
Computing RapidNJ tree took 0.000095 sec (of wall-clock time) 0.000112 sec (of CPU time)
Log-likelihood of RapidNJ tree: -78626.723
--------------------------------------------------------------------
|             INITIALIZING CANDIDATE TREE SET                      |
--------------------------------------------------------------------
Generating 98 parsimony trees... 0.290 second
Computing log-likelihood of 98 initial trees ... 0.246 seconds
Current best score: -78366.614

Do NNI search on 20 best initial trees
Estimate model parameters (epsilon = 0.100)
BETTER TREE FOUND at iteration 1: -78363.015
Estimate model parameters (epsilon = 0.100)
BETTER TREE FOUND at iteration 2: -78250.928
Estimate model parameters (epsilon = 0.100)
UPDATE BEST LOG-LIKELIHOOD: -78250.750
Estimate model parameters (epsilon = 0.100)
BETTER TREE FOUND at iteration 5: -78243.375
Iteration 10 / LogL: -78257.083 / Time: 0h:0m:18s
Iteration 20 / LogL: -78291.737 / Time: 0h:0m:18s
Finish initializing candidate tree set (13)
Current best tree score: -78243.375 / CPU time: 1.899
Number of iterations: 20
--------------------------------------------------------------------
|               OPTIMIZING CANDIDATE TREE SET                      |
--------------------------------------------------------------------
Iteration 30 / LogL: -78273.730 / Time: 0h:0m:19s (0h:0m:50s left)
Iteration 40 / LogL: -78250.437 / Time: 0h:0m:20s (0h:0m:33s left)
Iteration 50 / LogL: -78247.145 / Time: 0h:0m:20s (0h:0m:23s left)
Estimate model parameters (epsilon = 0.100)
UPDATE BEST LOG-LIKELIHOOD: -78243.049
Iteration 60 / LogL: -78250.212 / Time: 0h:0m:21s (0h:0m:16s left)
Iteration 70 / LogL: -78245.756 / Time: 0h:0m:22s (0h:0m:11s left)
Iteration 80 / LogL: -78246.875 / Time: 0h:0m:23s (0h:0m:7s left)
Iteration 90 / LogL: -78246.717 / Time: 0h:0m:23s (0h:0m:4s left)
Iteration 100 / LogL: -78245.973 / Time: 0h:0m:24s (0h:0m:1s left)
TREE SEARCH COMPLETED AFTER 106 ITERATIONS / Time: 0h:0m:24s

--------------------------------------------------------------------
|                    FINALIZING TREE SEARCH                        |
--------------------------------------------------------------------
Performs final model parameters optimization
Estimate model parameters (epsilon = 0.010)
1. Initial log-likelihood: -78243.049
Optimal log-likelihood: -78242.992
Rate parameters:  A-C: 1.00000  A-G: 1.00000  A-T: 1.00000  C-G: 1.00000  C-T: 1.00000  G-T: 1.00000
Base frequencies:  A: 0.250  C: 0.250  G: 0.250  T: 0.250
Parameters optimization took 1 rounds (0.005 sec)
BEST SCORE FOUND : -78242.992
Total tree length: 25.602

Total number of iterations: 106
CPU time used for tree search: 7.996 sec (0h:0m:7s)
Wall-clock time used for tree search: 8.032 sec (0h:0m:8s)
Total CPU time used: 26.123 sec (0h:0m:26s)
Total wall-clock time used: 24.886 sec (0h:0m:24s)

Analysis results written to: 
  IQ-TREE report:                exp_baseline/m200_sel50_rep2/iqtree_out.iqtree
  Maximum-likelihood tree:       exp_baseline/m200_sel50_rep2/iqtree_out.treefile
  Likelihood distances:          exp_baseline/m200_sel50_rep2/iqtree_out.mldist
  Screen log file:               exp_baseline/m200_sel50_rep2/iqtree_out.log

Date and Time: Tue May 12 15:17:20 2026
