IQ-TREE version 3.1.1 for MacOS ARM 64-bit built Apr  8 2026
Developed by Bui Quang Minh, Thomas Wong, Nhan Ly-Trong, Huaiyan Ren
Contributed by Lam-Tung Nguyen, Dominik Schrempf, Chris Bielow,
Olga Chernomor, Michael Woodhams, Diep Thi Hoang, Heiko Schmidt

Host:    Noutbuk-maria.local (SSE4.2, 16 GB RAM)
Command: iqtree -s exp_baseline/m50_sel0_rep3/combined.fasta -m JC -nt AUTO -pre exp_baseline/m50_sel0_rep3/iqtree_out -seed 5342 -redo
Seed:    5342 (Using SPRNG - Scalable Parallel Random Number Generator)
Time:    Tue May 12 14:50:01 2026
Kernel:  SSE2 - auto-detect threads (8 CPU cores detected)

Reading alignment file exp_baseline/m50_sel0_rep3/combined.fasta ... Fasta format detected
Reading fasta file: done in 0.000478029 secs using 91% CPU
NOTE: Change sequence name 'taxon 1' -> taxon_1
NOTE: Change sequence name 'taxon 2' -> taxon_2
NOTE: Change sequence name 'taxon 3' -> taxon_3
NOTE: Change sequence name 'taxon 4' -> taxon_4
NOTE: Change sequence name 'taxon 5' -> taxon_5
NOTE: Change sequence name 'taxon 6' -> taxon_6
NOTE: Change sequence name 'taxon 7' -> taxon_7
NOTE: Change sequence name 'taxon 8' -> taxon_8
NOTE: Change sequence name 'taxon 9' -> taxon_9
NOTE: Change sequence name 'taxon 10' -> taxon_10
NOTE: Change sequence name 'taxon 11' -> taxon_11
NOTE: Change sequence name 'taxon 12' -> taxon_12
NOTE: Change sequence name 'taxon 13' -> taxon_13
NOTE: Change sequence name 'taxon 14' -> taxon_14
NOTE: Change sequence name 'taxon 15' -> taxon_15
NOTE: Change sequence name 'taxon 16' -> taxon_16
NOTE: Change sequence name 'taxon 17' -> taxon_17
NOTE: Change sequence name 'taxon 18' -> taxon_18
NOTE: Change sequence name 'taxon 19' -> taxon_19
NOTE: Change sequence name 'taxon 20' -> taxon_20
NOTE: Change sequence name 'taxon 21' -> taxon_21
NOTE: Change sequence name 'taxon 22' -> taxon_22
NOTE: Change sequence name 'taxon 23' -> taxon_23
NOTE: Change sequence name 'taxon 24' -> taxon_24
NOTE: Change sequence name 'taxon 25' -> taxon_25
NOTE: Change sequence name 'taxon 26' -> taxon_26
NOTE: Change sequence name 'taxon 27' -> taxon_27
NOTE: Change sequence name 'taxon 28' -> taxon_28
NOTE: Change sequence name 'taxon 29' -> taxon_29
NOTE: Change sequence name 'taxon 30' -> taxon_30
Alignment most likely contains DNA/RNA sequences
Constructing alignment: done in 0.00096488 secs using 56.79% CPU
Alignment has 30 sequences with 2000 columns, 2000 distinct patterns
2000 parsimony-informative, 0 singleton sites, 0 constant sites
          Gap/Ambiguity  Composition  p-value
Analyzing sequences: done in 4.50611e-05 secs using 266.3% CPU
   1  taxon_1     0.00%    passed     43.15%
   2  taxon_2     0.00%    passed     32.11%
   3  taxon_3     0.00%    passed     10.27%
   4  taxon_4     0.00%    passed     18.68%
   5  taxon_5     0.00%    passed     32.75%
   6  taxon_6     0.00%    passed     22.71%
   7  taxon_7     0.00%    passed     87.50%
   8  taxon_8     0.00%    passed     35.32%
   9  taxon_9     0.00%    passed     84.32%
  10  taxon_10    0.00%    passed     57.39%
  11  taxon_11    0.00%    passed     89.29%
  12  taxon_12    0.00%    passed     98.81%
  13  taxon_13    0.00%    passed     68.17%
  14  taxon_14    0.00%    passed     29.88%
  15  taxon_15    0.00%    passed     10.51%
  16  taxon_16    0.00%    passed     28.85%
  17  taxon_17    0.00%    failed      4.47%
  18  taxon_18    0.00%    passed     45.08%
  19  taxon_19    0.00%    passed     69.02%
  20  taxon_20    0.00%    passed     67.15%
  21  taxon_21    0.00%    passed     79.12%
  22  taxon_22    0.00%    passed     74.32%
  23  taxon_23    0.00%    passed     62.94%
  24  taxon_24    0.00%    passed     89.75%
  25  taxon_25    0.00%    passed     77.26%
  26  taxon_26    0.00%    passed     50.72%
  27  taxon_27    0.00%    passed      5.46%
  28  taxon_28    0.00%    passed     82.48%
  29  taxon_29    0.00%    passed     38.95%
  30  taxon_30    0.00%    passed     60.43%
****  TOTAL       0.00%  1 sequences failed composition chi2 test (p-value<5%; df=3)
Checking for duplicate sequences: done in 0.000130177 secs using 87.57% CPU

Create initial parsimony tree by phylogenetic likelihood library (PLL)... 0.003 seconds

NOTE: 1 MB RAM (0 GB) is required!
Measuring multi-threading efficiency up to 8 CPU cores
Increase to 10 rounds for branch lengths
378 trees examined
Threads: 1 / Time: 8.018 sec / Speedup: 1.000 / Efficiency: 100% / LogL: -81057
Threads: 2 / Time: 8.930 sec / Speedup: 0.898 / Efficiency: 45% / LogL: -81057
Determining AUTO threadcount: done in 16.9482 secs using 107.3% CPU
BEST NUMBER OF THREADS: 1

Estimate model parameters (epsilon = 0.100)
1. Initial log-likelihood: -76453.695
Optimal log-likelihood: -75732.962
Rate parameters:  A-C: 1.00000  A-G: 1.00000  A-T: 1.00000  C-G: 1.00000  C-T: 1.00000  G-T: 1.00000
Base frequencies:  A: 0.250  C: 0.250  G: 0.250  T: 0.250
Parameters optimization took 1 rounds (0.017 sec)
Wrote distance file to... 
Computing ML distances based on estimated model parameters...
Calculating distance matrix: done in 0.00121808 secs using 99.25% CPU
Computing ML distances took 0.001357 sec (of wall-clock time) 0.001337 sec (of CPU time)
WARNING: Some pairwise ML distances are too long (saturated)
Setting up auxiliary I and S matrices: done in 2.40803e-05 secs using 74.75% CPU
Constructing RapidNJ tree: done in 4.88758e-05 secs using 169.8% CPU
Computing RapidNJ tree took 0.000094 sec (of wall-clock time) 0.000115 sec (of CPU time)
Log-likelihood of RapidNJ tree: -75725.926
--------------------------------------------------------------------
|             INITIALIZING CANDIDATE TREE SET                      |
--------------------------------------------------------------------
Generating 98 parsimony trees... 0.280 second
Computing log-likelihood of 98 initial trees ... 0.249 seconds
Current best score: -75725.926

Do NNI search on 20 best initial trees
Estimate model parameters (epsilon = 0.100)
BETTER TREE FOUND at iteration 1: -75682.816
Estimate model parameters (epsilon = 0.100)
BETTER TREE FOUND at iteration 7: -75681.704
Iteration 10 / LogL: -75691.345 / Time: 0h:0m:18s
Iteration 20 / LogL: -75683.082 / Time: 0h:0m:19s
Finish initializing candidate tree set (19)
Current best tree score: -75681.704 / CPU time: 2.315
Number of iterations: 20
--------------------------------------------------------------------
|               OPTIMIZING CANDIDATE TREE SET                      |
--------------------------------------------------------------------
Estimate model parameters (epsilon = 0.100)
UPDATE BEST LOG-LIKELIHOOD: -75681.415
Iteration 30 / LogL: -75681.927 / Time: 0h:0m:20s (0h:0m:53s left)
Estimate model parameters (epsilon = 0.100)
UPDATE BEST LOG-LIKELIHOOD: -75681.192
Iteration 40 / LogL: -75695.586 / Time: 0h:0m:21s (0h:0m:36s left)
Iteration 50 / LogL: -75716.294 / Time: 0h:0m:22s (0h:0m:25s left)
Iteration 60 / LogL: -75682.693 / Time: 0h:0m:22s (0h:0m:18s left)
Iteration 70 / LogL: -75682.859 / Time: 0h:0m:23s (0h:0m:12s left)
Iteration 80 / LogL: -75682.556 / Time: 0h:0m:24s (0h:0m:8s left)
Iteration 90 / LogL: -75681.676 / Time: 0h:0m:25s (0h:0m:4s left)
Iteration 100 / LogL: -75682.398 / Time: 0h:0m:26s (0h:0m:1s left)
TREE SEARCH COMPLETED AFTER 108 ITERATIONS / Time: 0h:0m:27s

--------------------------------------------------------------------
|                    FINALIZING TREE SEARCH                        |
--------------------------------------------------------------------
Performs final model parameters optimization
Estimate model parameters (epsilon = 0.010)
1. Initial log-likelihood: -75681.192
Optimal log-likelihood: -75681.142
Rate parameters:  A-C: 1.00000  A-G: 1.00000  A-T: 1.00000  C-G: 1.00000  C-T: 1.00000  G-T: 1.00000
Base frequencies:  A: 0.250  C: 0.250  G: 0.250  T: 0.250
Parameters optimization took 1 rounds (0.006 sec)
BEST SCORE FOUND : -75681.142
Total tree length: 27.326

Total number of iterations: 108
CPU time used for tree search: 10.217 sec (0h:0m:10s)
Wall-clock time used for tree search: 10.251 sec (0h:0m:10s)
Total CPU time used: 28.471 sec (0h:0m:28s)
Total wall-clock time used: 27.276 sec (0h:0m:27s)

Analysis results written to: 
  IQ-TREE report:                exp_baseline/m50_sel0_rep3/iqtree_out.iqtree
  Maximum-likelihood tree:       exp_baseline/m50_sel0_rep3/iqtree_out.treefile
  Likelihood distances:          exp_baseline/m50_sel0_rep3/iqtree_out.mldist
  Screen log file:               exp_baseline/m50_sel0_rep3/iqtree_out.log

Date and Time: Tue May 12 14:50:28 2026
