IQ-TREE version 3.1.1 for MacOS ARM 64-bit built Apr  8 2026
Developed by Bui Quang Minh, Thomas Wong, Nhan Ly-Trong, Huaiyan Ren
Contributed by Lam-Tung Nguyen, Dominik Schrempf, Chris Bielow,
Olga Chernomor, Michael Woodhams, Diep Thi Hoang, Heiko Schmidt

Host:    Noutbuk-maria.local (SSE4.2, 16 GB RAM)
Command: iqtree -s exp_stable_0.0005/m1_sel1_rep6/neutral.fasta -m JC -nt AUTO -pre exp_stable_0.0005/m1_sel1_rep6/iqtree_out -seed 1742 -redo
Seed:    1742 (Using SPRNG - Scalable Parallel Random Number Generator)
Time:    Mon May 18 19:24:34 2026
Kernel:  SSE2 - auto-detect threads (8 CPU cores detected)

Reading alignment file exp_stable_0.0005/m1_sel1_rep6/neutral.fasta ... Fasta format detected
Reading fasta file: done in 0.00117397 secs using 89.87% CPU
Alignment most likely contains DNA/RNA sequences
Constructing alignment: done in 0.00134683 secs using 60.66% CPU
Alignment has 50 sequences with 3000 columns, 1254 distinct patterns
625 parsimony-informative, 1139 singleton sites, 1236 constant sites
          Gap/Ambiguity  Composition  p-value
Analyzing sequences: done in 5.60284e-05 secs using 205.3% CPU
   1  taxon_1     0.00%    passed     99.62%
   2  taxon_2     0.00%    passed     99.29%
   3  taxon_3     0.00%    passed     97.29%
   4  taxon_4     0.00%    passed     97.68%
   5  taxon_5     0.00%    passed     99.96%
   6  taxon_6     0.00%    passed     98.85%
   7  taxon_7     0.00%    passed     99.97%
   8  taxon_8     0.00%    passed     99.11%
   9  taxon_9     0.00%    passed     98.81%
  10  taxon_10    0.00%    passed     97.93%
  11  taxon_11    0.00%    passed     97.58%
  12  taxon_12    0.00%    passed     99.74%
  13  taxon_13    0.00%    passed     97.38%
  14  taxon_14    0.00%    passed     95.79%
  15  taxon_15    0.00%    passed     93.99%
  16  taxon_16    0.00%    passed     93.53%
  17  taxon_17    0.00%    passed     99.49%
  18  taxon_18    0.00%    passed     97.73%
  19  taxon_19    0.00%    passed     99.19%
  20  taxon_20    0.00%    passed     99.65%
  21  taxon_21    0.00%    passed     99.98%
  22  taxon_22    0.00%    passed     99.11%
  23  taxon_23    0.00%    passed     92.78%
  24  taxon_24    0.00%    passed     90.68%
  25  taxon_25    0.00%    passed     97.90%
  26  taxon_26    0.00%    passed     95.68%
  27  taxon_27    0.00%    passed     99.71%
  28  taxon_28    0.00%    passed     95.81%
  29  taxon_29    0.00%    passed     99.38%
  30  taxon_30    0.00%    passed     99.08%
  31  taxon_31    0.00%    passed     98.59%
  32  taxon_32    0.00%    passed     99.82%
  33  taxon_33    0.00%    passed     97.19%
  34  taxon_34    0.00%    passed     98.98%
  35  taxon_35    0.00%    passed     99.47%
  36  taxon_36    0.00%    passed     96.86%
  37  taxon_37    0.00%    passed     97.75%
  38  taxon_38    0.00%    passed     98.80%
  39  taxon_39    0.00%    passed     98.34%
  40  taxon_40    0.00%    passed     99.64%
  41  taxon_41    0.00%    passed     99.80%
  42  taxon_42    0.00%    passed     99.97%
  43  taxon_43    0.00%    passed     94.22%
  44  taxon_44    0.00%    passed     91.99%
  45  taxon_45    0.00%    passed     95.57%
  46  taxon_46    0.00%    passed     95.97%
  47  taxon_47    0.00%    passed     97.75%
  48  taxon_48    0.00%    passed     99.62%
  49  taxon_49    0.00%    passed     97.44%
  50  taxon_50    0.00%    passed     98.87%
****  TOTAL       0.00%  0 sequences failed composition chi2 test (p-value<5%; df=3)
Checking for duplicate sequences: done in 0.000148058 secs using 91.18% CPU

Create initial parsimony tree by phylogenetic likelihood library (PLL)... 0.002 seconds

NOTE: 2 MB RAM (0 GB) is required!
Measuring multi-threading efficiency up to 8 CPU cores
Increase to 10 rounds for branch lengths
708 trees examined
Threads: 1 / Time: 8.001 sec / Speedup: 1.000 / Efficiency: 100% / LogL: -27212
Threads: 2 / Time: 8.743 sec / Speedup: 0.915 / Efficiency: 46% / LogL: -27212
Determining AUTO threadcount: done in 16.7438 secs using 107.9% CPU
BEST NUMBER OF THREADS: 1

Estimate model parameters (epsilon = 0.100)
1. Initial log-likelihood: -21250.407
Optimal log-likelihood: -21248.489
Rate parameters:  A-C: 1.00000  A-G: 1.00000  A-T: 1.00000  C-G: 1.00000  C-T: 1.00000  G-T: 1.00000
Base frequencies:  A: 0.250  C: 0.250  G: 0.250  T: 0.250
Parameters optimization took 1 rounds (0.005 sec)
Wrote distance file to... 
Computing ML distances based on estimated model parameters...
Calculating distance matrix: done in 0.00411487 secs using 89.36% CPU
Computing ML distances took 0.004248 sec (of wall-clock time) 0.003799 sec (of CPU time)
Setting up auxiliary I and S matrices: done in 4.19617e-05 secs using 81.03% CPU
Constructing RapidNJ tree: done in 0.000104189 secs using 175.6% CPU
Computing RapidNJ tree took 0.000167 sec (of wall-clock time) 0.000240 sec (of CPU time)
Log-likelihood of RapidNJ tree: -21259.908
--------------------------------------------------------------------
|             INITIALIZING CANDIDATE TREE SET                      |
--------------------------------------------------------------------
Generating 98 parsimony trees... 0.270 second
Computing log-likelihood of 98 initial trees ... 0.249 seconds
Current best score: -21248.485

Do NNI search on 20 best initial trees
Estimate model parameters (epsilon = 0.100)
BETTER TREE FOUND at iteration 1: -21248.484
Iteration 10 / LogL: -21248.492 / Time: 0h:0m:17s
Iteration 20 / LogL: -21248.487 / Time: 0h:0m:17s
Finish initializing candidate tree set (1)
Current best tree score: -21248.484 / CPU time: 0.964
Number of iterations: 20
--------------------------------------------------------------------
|               OPTIMIZING CANDIDATE TREE SET                      |
--------------------------------------------------------------------
Iteration 30 / LogL: -21248.488 / Time: 0h:0m:18s (0h:0m:44s left)
UPDATE BEST LOG-LIKELIHOOD: -21248.484
Iteration 40 / LogL: -21248.491 / Time: 0h:0m:18s (0h:0m:28s left)
UPDATE BEST LOG-LIKELIHOOD: -21248.484
Iteration 50 / LogL: -21248.489 / Time: 0h:0m:18s (0h:0m:19s left)
Iteration 60 / LogL: -21248.489 / Time: 0h:0m:19s (0h:0m:13s left)
Iteration 70 / LogL: -21248.490 / Time: 0h:0m:19s (0h:0m:8s left)
Iteration 80 / LogL: -21248.490 / Time: 0h:0m:19s (0h:0m:5s left)
Iteration 90 / LogL: -21248.489 / Time: 0h:0m:20s (0h:0m:2s left)
Iteration 100 / LogL: -21248.489 / Time: 0h:0m:20s (0h:0m:0s left)
TREE SEARCH COMPLETED AFTER 102 ITERATIONS / Time: 0h:0m:20s

--------------------------------------------------------------------
|                    FINALIZING TREE SEARCH                        |
--------------------------------------------------------------------
Performs final model parameters optimization
Estimate model parameters (epsilon = 0.010)
1. Initial log-likelihood: -21248.484
Optimal log-likelihood: -21248.484
Rate parameters:  A-C: 1.00000  A-G: 1.00000  A-T: 1.00000  C-G: 1.00000  C-T: 1.00000  G-T: 1.00000
Base frequencies:  A: 0.250  C: 0.250  G: 0.250  T: 0.250
Parameters optimization took 1 rounds (0.006 sec)
BEST SCORE FOUND : -21248.484
Total tree length: 0.889

Total number of iterations: 102
CPU time used for tree search: 4.009 sec (0h:0m:4s)
Wall-clock time used for tree search: 4.020 sec (0h:0m:4s)
Total CPU time used: 22.101 sec (0h:0m:22s)
Total wall-clock time used: 20.795 sec (0h:0m:20s)

Analysis results written to: 
  IQ-TREE report:                exp_stable_0.0005/m1_sel1_rep6/iqtree_out.iqtree
  Maximum-likelihood tree:       exp_stable_0.0005/m1_sel1_rep6/iqtree_out.treefile
  Likelihood distances:          exp_stable_0.0005/m1_sel1_rep6/iqtree_out.mldist
  Screen log file:               exp_stable_0.0005/m1_sel1_rep6/iqtree_out.log

Date and Time: Mon May 18 19:24:55 2026
