IQ-TREE version 3.1.1 for MacOS ARM 64-bit built Apr  8 2026
Developed by Bui Quang Minh, Thomas Wong, Nhan Ly-Trong, Huaiyan Ren
Contributed by Lam-Tung Nguyen, Dominik Schrempf, Chris Bielow,
Olga Chernomor, Michael Woodhams, Diep Thi Hoang, Heiko Schmidt

Host:    Noutbuk-maria.local (SSE4.2, 16 GB RAM)
Command: iqtree -s exp_stable_0.001/m10_sel2_rep2/neutral.fasta -m JC -nt AUTO -pre exp_stable_0.001/m10_sel2_rep2/iqtree_out -seed 3242 -redo
Seed:    3242 (Using SPRNG - Scalable Parallel Random Number Generator)
Time:    Sat May 16 02:20:12 2026
Kernel:  SSE2 - auto-detect threads (8 CPU cores detected)

Reading alignment file exp_stable_0.001/m10_sel2_rep2/neutral.fasta ... Fasta format detected
Reading fasta file: done in 0.00117588 secs using 89.63% CPU
Alignment most likely contains DNA/RNA sequences
Constructing alignment: done in 0.00124717 secs using 57.97% CPU
Alignment has 50 sequences with 3000 columns, 571 distinct patterns
168 parsimony-informative, 630 singleton sites, 2202 constant sites
          Gap/Ambiguity  Composition  p-value
Analyzing sequences: done in 4.1008e-05 secs using 119.5% CPU
   1  taxon_1     0.00%    passed     99.95%
   2  taxon_2     0.00%    passed     99.91%
   3  taxon_3     0.00%    passed     99.95%
   4  taxon_4     0.00%    passed     99.93%
   5  taxon_5     0.00%    passed     99.63%
   6  taxon_6     0.00%    passed     99.99%
   7  taxon_7     0.00%    passed     99.53%
   8  taxon_8     0.00%    passed     99.65%
   9  taxon_9     0.00%    passed     99.84%
  10  taxon_10    0.00%    passed     99.91%
  11  taxon_11    0.00%    passed     99.58%
  12  taxon_12    0.00%    passed     99.00%
  13  taxon_13    0.00%    passed     99.56%
  14  taxon_14    0.00%    passed     99.62%
  15  taxon_15    0.00%    passed     99.48%
  16  taxon_16    0.00%    passed     99.57%
  17  taxon_17    0.00%    passed     99.75%
  18  taxon_18    0.00%    passed     99.80%
  19  taxon_19    0.00%    passed     99.87%
  20  taxon_20    0.00%    passed     99.57%
  21  taxon_21    0.00%    passed     98.52%
  22  taxon_22    0.00%    passed     99.82%
  23  taxon_23    0.00%    passed     99.81%
  24  taxon_24    0.00%    passed     99.22%
  25  taxon_25    0.00%    passed     97.49%
  26  taxon_26    0.00%    passed     99.70%
  27  taxon_27    0.00%    passed     99.74%
  28  taxon_28    0.00%    passed     99.85%
  29  taxon_29    0.00%    passed     99.99%
  30  taxon_30    0.00%    passed     99.96%
  31  taxon_31    0.00%    passed     99.50%
  32  taxon_32    0.00%    passed     99.56%
  33  taxon_33    0.00%    passed     98.20%
  34  taxon_34    0.00%    passed     99.47%
  35  taxon_35    0.00%    passed     99.31%
  36  taxon_36    0.00%    passed     99.93%
  37  taxon_37    0.00%    passed     99.72%
  38  taxon_38    0.00%    passed     99.71%
  39  taxon_39    0.00%    passed     99.57%
  40  taxon_40    0.00%    passed     99.78%
  41  taxon_41    0.00%    passed     99.92%
  42  taxon_42    0.00%    passed     98.16%
  43  taxon_43    0.00%    passed     99.70%
  44  taxon_44    0.00%    passed     99.96%
  45  taxon_45    0.00%    passed     99.94%
  46  taxon_46    0.00%    passed     99.77%
  47  taxon_47    0.00%    passed     99.41%
  48  taxon_48    0.00%    passed     99.80%
  49  taxon_49    0.00%    passed     99.04%
  50  taxon_50    0.00%    passed     99.95%
****  TOTAL       0.00%  0 sequences failed composition chi2 test (p-value<5%; df=3)
Checking for duplicate sequences: done in 9.39369e-05 secs using 77.71% CPU

Create initial parsimony tree by phylogenetic likelihood library (PLL)... 0.002 seconds

NOTE: 0 MB RAM (0 GB) is required!
Measuring multi-threading efficiency up to 8 CPU cores
Increase to 10 rounds for branch lengths
1799 trees examined
Threads: 1 / Time: 8.001 sec / Speedup: 1.000 / Efficiency: 100% / LogL: -13481
Threads: 2 / Time: 11.119 sec / Speedup: 0.720 / Efficiency: 36% / LogL: -13481
Determining AUTO threadcount: done in 19.1202 secs using 101.3% CPU
BEST NUMBER OF THREADS: 1

Estimate model parameters (epsilon = 0.100)
1. Initial log-likelihood: -11083.385
Optimal log-likelihood: -11083.234
Rate parameters:  A-C: 1.00000  A-G: 1.00000  A-T: 1.00000  C-G: 1.00000  C-T: 1.00000  G-T: 1.00000
Base frequencies:  A: 0.250  C: 0.250  G: 0.250  T: 0.250
Parameters optimization took 1 rounds (0.003 sec)
Wrote distance file to... 
Computing ML distances based on estimated model parameters...
Calculating distance matrix: done in 0.00345993 secs using 85.72% CPU
Computing ML distances took 0.003524 sec (of wall-clock time) 0.003025 sec (of CPU time)
Setting up auxiliary I and S matrices: done in 4.57764e-05 secs using 96.12% CPU
Constructing RapidNJ tree: done in 0.000104904 secs using 168.7% CPU
Computing RapidNJ tree took 0.000172 sec (of wall-clock time) 0.000245 sec (of CPU time)
Log-likelihood of RapidNJ tree: -11097.689
--------------------------------------------------------------------
|             INITIALIZING CANDIDATE TREE SET                      |
--------------------------------------------------------------------
Generating 98 parsimony trees... 0.123 second
Computing log-likelihood of 98 initial trees ... 0.114 seconds
Current best score: -11083.234

Do NNI search on 20 best initial trees
Estimate model parameters (epsilon = 0.100)
BETTER TREE FOUND at iteration 1: -11083.233
BETTER TREE FOUND at iteration 5: -11083.233
UPDATE BEST LOG-LIKELIHOOD: -11083.233
BETTER TREE FOUND at iteration 7: -11083.233
Iteration 10 / LogL: -11083.233 / Time: 0h:0m:19s
BETTER TREE FOUND at iteration 11: -11083.233
Iteration 20 / LogL: -11083.233 / Time: 0h:0m:19s
Finish initializing candidate tree set (11)
Current best tree score: -11083.233 / CPU time: 0.342
Number of iterations: 20
--------------------------------------------------------------------
|               OPTIMIZING CANDIDATE TREE SET                      |
--------------------------------------------------------------------
Iteration 30 / LogL: -11083.352 / Time: 0h:0m:19s (0h:0m:54s left)
Iteration 40 / LogL: -11083.240 / Time: 0h:0m:19s (0h:0m:36s left)
Iteration 50 / LogL: -11083.255 / Time: 0h:0m:20s (0h:0m:24s left)
Iteration 60 / LogL: -11092.808 / Time: 0h:0m:20s (0h:0m:17s left)
Iteration 70 / LogL: -11083.237 / Time: 0h:0m:20s (0h:0m:12s left)
Iteration 80 / LogL: -11083.246 / Time: 0h:0m:20s (0h:0m:8s left)
Iteration 90 / LogL: -11083.237 / Time: 0h:0m:20s (0h:0m:4s left)
BETTER TREE FOUND at iteration 93: -11083.233
Iteration 100 / LogL: -11083.240 / Time: 0h:0m:20s (0h:0m:19s left)
Iteration 110 / LogL: -11083.257 / Time: 0h:0m:21s (0h:0m:16s left)
Iteration 120 / LogL: -11083.248 / Time: 0h:0m:21s (0h:0m:13s left)
Iteration 130 / LogL: -11083.249 / Time: 0h:0m:21s (0h:0m:10s left)
BETTER TREE FOUND at iteration 133: -11083.233
Iteration 140 / LogL: -11083.237 / Time: 0h:0m:21s (0h:0m:14s left)
Iteration 150 / LogL: -11083.246 / Time: 0h:0m:21s (0h:0m:12s left)
Iteration 160 / LogL: -11083.251 / Time: 0h:0m:22s (0h:0m:10s left)
BETTER TREE FOUND at iteration 168: -11083.233
Iteration 170 / LogL: -11083.254 / Time: 0h:0m:22s (0h:0m:12s left)
Iteration 180 / LogL: -11083.251 / Time: 0h:0m:22s (0h:0m:11s left)
Iteration 190 / LogL: -11083.242 / Time: 0h:0m:22s (0h:0m:9s left)
BETTER TREE FOUND at iteration 195: -11083.233
Iteration 200 / LogL: -11083.252 / Time: 0h:0m:22s (0h:0m:10s left)
Iteration 210 / LogL: -11083.242 / Time: 0h:0m:22s (0h:0m:9s left)
Iteration 220 / LogL: -11083.246 / Time: 0h:0m:23s (0h:0m:7s left)
Iteration 230 / LogL: -11083.253 / Time: 0h:0m:23s (0h:0m:6s left)
Iteration 240 / LogL: -11083.237 / Time: 0h:0m:23s (0h:0m:5s left)
Iteration 250 / LogL: -11083.248 / Time: 0h:0m:23s (0h:0m:4s left)
BETTER TREE FOUND at iteration 257: -11083.233
Iteration 260 / LogL: -11083.243 / Time: 0h:0m:23s (0h:0m:8s left)
Iteration 270 / LogL: -11083.249 / Time: 0h:0m:24s (0h:0m:7s left)
Iteration 280 / LogL: -11083.233 / Time: 0h:0m:24s (0h:0m:6s left)
Iteration 290 / LogL: -11083.244 / Time: 0h:0m:24s (0h:0m:5s left)
BETTER TREE FOUND at iteration 293: -11083.233
Iteration 300 / LogL: -11083.258 / Time: 0h:0m:24s (0h:0m:7s left)
Iteration 310 / LogL: -11083.248 / Time: 0h:0m:24s (0h:0m:6s left)
Iteration 320 / LogL: -11083.246 / Time: 0h:0m:24s (0h:0m:5s left)
Iteration 330 / LogL: -11083.239 / Time: 0h:0m:25s (0h:0m:4s left)
Iteration 340 / LogL: -11083.236 / Time: 0h:0m:25s (0h:0m:3s left)
Iteration 350 / LogL: -11083.245 / Time: 0h:0m:25s (0h:0m:3s left)
Iteration 360 / LogL: -11083.244 / Time: 0h:0m:25s (0h:0m:2s left)
Iteration 370 / LogL: -11083.246 / Time: 0h:0m:25s (0h:0m:1s left)
Iteration 380 / LogL: -11083.250 / Time: 0h:0m:26s (0h:0m:0s left)
Iteration 390 / LogL: -11083.249 / Time: 0h:0m:26s (0h:0m:0s left)
TREE SEARCH COMPLETED AFTER 394 ITERATIONS / Time: 0h:0m:26s

--------------------------------------------------------------------
|                    FINALIZING TREE SEARCH                        |
--------------------------------------------------------------------
Performs final model parameters optimization
Estimate model parameters (epsilon = 0.010)
1. Initial log-likelihood: -11083.233
Optimal log-likelihood: -11083.233
Rate parameters:  A-C: 1.00000  A-G: 1.00000  A-T: 1.00000  C-G: 1.00000  C-T: 1.00000  G-T: 1.00000
Base frequencies:  A: 0.250  C: 0.250  G: 0.250  T: 0.250
Parameters optimization took 1 rounds (0.002 sec)
BEST SCORE FOUND : -11083.233
Total tree length: 0.310

Total number of iterations: 394
CPU time used for tree search: 7.208 sec (0h:0m:7s)
Wall-clock time used for tree search: 7.212 sec (0h:0m:7s)
Total CPU time used: 26.585 sec (0h:0m:26s)
Total wall-clock time used: 26.352 sec (0h:0m:26s)

Analysis results written to: 
  IQ-TREE report:                exp_stable_0.001/m10_sel2_rep2/iqtree_out.iqtree
  Maximum-likelihood tree:       exp_stable_0.001/m10_sel2_rep2/iqtree_out.treefile
  Likelihood distances:          exp_stable_0.001/m10_sel2_rep2/iqtree_out.mldist
  Screen log file:               exp_stable_0.001/m10_sel2_rep2/iqtree_out.log

Date and Time: Sat May 16 02:20:38 2026
