IQ-TREE version 3.1.1 for MacOS ARM 64-bit built Apr  8 2026
Developed by Bui Quang Minh, Thomas Wong, Nhan Ly-Trong, Huaiyan Ren
Contributed by Lam-Tung Nguyen, Dominik Schrempf, Chris Bielow,
Olga Chernomor, Michael Woodhams, Diep Thi Hoang, Heiko Schmidt

Host:    Noutbuk-maria.local (SSE4.2, 16 GB RAM)
Command: iqtree -s exp_stable_0.0005/m10_sel1_rep2/neutral.fasta -m JC -nt AUTO -pre exp_stable_0.0005/m10_sel1_rep2/iqtree_out -seed 2242 -redo
Seed:    2242 (Using SPRNG - Scalable Parallel Random Number Generator)
Time:    Sun May 17 01:10:03 2026
Kernel:  SSE2 - auto-detect threads (8 CPU cores detected)

Reading alignment file exp_stable_0.0005/m10_sel1_rep2/neutral.fasta ... Fasta format detected
Reading fasta file: done in 0.00117397 secs using 89.7% CPU
Alignment most likely contains DNA/RNA sequences
Constructing alignment: done in 0.00125122 secs using 55.47% CPU
Alignment has 50 sequences with 3000 columns, 329 distinct patterns
68 parsimony-informative, 344 singleton sites, 2588 constant sites
          Gap/Ambiguity  Composition  p-value
Analyzing sequences: done in 3.60012e-05 secs using 75% CPU
   1  taxon_1     0.00%    passed     99.49%
   2  taxon_2     0.00%    passed     99.88%
   3  taxon_3     0.00%    passed     99.88%
   4  taxon_4     0.00%    passed     99.91%
   5  taxon_5     0.00%    passed     99.99%
   6  taxon_6     0.00%    passed     99.97%
   7  taxon_7     0.00%    passed     99.95%
   8  taxon_8     0.00%    passed     97.98%
   9  taxon_9     0.00%    passed     99.94%
  10  taxon_10    0.00%    passed     99.82%
  11  taxon_11    0.00%    passed     99.95%
  12  taxon_12    0.00%    passed     99.99%
  13  taxon_13    0.00%    passed    100.00%
  14  taxon_14    0.00%    passed     99.97%
  15  taxon_15    0.00%    passed     99.99%
  16  taxon_16    0.00%    passed     99.91%
  17  taxon_17    0.00%    passed     99.96%
  18  taxon_18    0.00%    passed     99.96%
  19  taxon_19    0.00%    passed     99.82%
  20  taxon_20    0.00%    passed     99.60%
  21  taxon_21    0.00%    passed     99.82%
  22  taxon_22    0.00%    passed     99.98%
  23  taxon_23    0.00%    passed     99.91%
  24  taxon_24    0.00%    passed     99.68%
  25  taxon_25    0.00%    passed     99.96%
  26  taxon_26    0.00%    passed     99.87%
  27  taxon_27    0.00%    passed     99.97%
  28  taxon_28    0.00%    passed     99.87%
  29  taxon_29    0.00%    passed     99.93%
  30  taxon_30    0.00%    passed     99.91%
  31  taxon_31    0.00%    passed     99.82%
  32  taxon_32    0.00%    passed     99.83%
  33  taxon_33    0.00%    passed     99.92%
  34  taxon_34    0.00%    passed    100.00%
  35  taxon_35    0.00%    passed    100.00%
  36  taxon_36    0.00%    passed     99.43%
  37  taxon_37    0.00%    passed     99.86%
  38  taxon_38    0.00%    passed    100.00%
  39  taxon_39    0.00%    passed     99.97%
  40  taxon_40    0.00%    passed     99.86%
  41  taxon_41    0.00%    passed     99.83%
  42  taxon_42    0.00%    passed     99.87%
  43  taxon_43    0.00%    passed     99.98%
  44  taxon_44    0.00%    passed     99.93%
  45  taxon_45    0.00%    passed     99.89%
  46  taxon_46    0.00%    passed     99.99%
  47  taxon_47    0.00%    passed     99.64%
  48  taxon_48    0.00%    passed     99.39%
  49  taxon_49    0.00%    passed     99.92%
  50  taxon_50    0.00%    passed     99.96%
****  TOTAL       0.00%  0 sequences failed composition chi2 test (p-value<5%; df=3)
NOTE: taxon_3 is identical to taxon_2 but kept for subsequent analysis
NOTE: taxon_35 is identical to taxon_34 but kept for subsequent analysis
Checking for duplicate sequences: done in 8.10623e-05 secs using 70.32% CPU

Create initial parsimony tree by phylogenetic likelihood library (PLL)... 0.001 seconds

NOTE: 0 MB RAM (0 GB) is required!
Measuring multi-threading efficiency up to 8 CPU cores
Increase to 10 rounds for branch lengths
3097 trees examined
Threads: 1 / Time: 8.001 sec / Speedup: 1.000 / Efficiency: 100% / LogL: -9069
Threads: 2 / Time: 15.345 sec / Speedup: 0.521 / Efficiency: 26% / LogL: -9069
Determining AUTO threadcount: done in 23.3456 secs using 87.51% CPU
BEST NUMBER OF THREADS: 1

Estimate model parameters (epsilon = 0.100)
1. Initial log-likelihood: -7708.379
Optimal log-likelihood: -7708.183
Rate parameters:  A-C: 1.00000  A-G: 1.00000  A-T: 1.00000  C-G: 1.00000  C-T: 1.00000  G-T: 1.00000
Base frequencies:  A: 0.250  C: 0.250  G: 0.250  T: 0.250
Parameters optimization took 1 rounds (0.002 sec)
Wrote distance file to... 
Computing ML distances based on estimated model parameters...
Calculating distance matrix: done in 0.00302792 secs using 81.77% CPU
Computing ML distances took 0.003071 sec (of wall-clock time) 0.002512 sec (of CPU time)
Setting up auxiliary I and S matrices: done in 4.48227e-05 secs using 95.93% CPU
Constructing RapidNJ tree: done in 0.000112057 secs using 175.8% CPU
Computing RapidNJ tree took 0.000179 sec (of wall-clock time) 0.000258 sec (of CPU time)
Log-likelihood of RapidNJ tree: -7708.272
--------------------------------------------------------------------
|             INITIALIZING CANDIDATE TREE SET                      |
--------------------------------------------------------------------
Generating 98 parsimony trees... 0.079 second
Computing log-likelihood of 98 initial trees ... 0.067 seconds
Current best score: -7708.183

Do NNI search on 20 best initial trees
Estimate model parameters (epsilon = 0.100)
BETTER TREE FOUND at iteration 1: -7708.182
BETTER TREE FOUND at iteration 2: -7708.182
BETTER TREE FOUND at iteration 5: -7708.182
Iteration 10 / LogL: -7708.183 / Time: 0h:0m:23s
BETTER TREE FOUND at iteration 17: -7708.182
BETTER TREE FOUND at iteration 19: -7708.182
Iteration 20 / LogL: -7708.183 / Time: 0h:0m:23s
Finish initializing candidate tree set (20)
Current best tree score: -7708.182 / CPU time: 0.210
Number of iterations: 20
--------------------------------------------------------------------
|               OPTIMIZING CANDIDATE TREE SET                      |
--------------------------------------------------------------------
Iteration 30 / LogL: -7708.207 / Time: 0h:0m:23s (0h:1m:12s left)
Iteration 40 / LogL: -7708.206 / Time: 0h:0m:23s (0h:0m:48s left)
Iteration 50 / LogL: -7708.197 / Time: 0h:0m:23s (0h:0m:33s left)
Iteration 60 / LogL: -7708.223 / Time: 0h:0m:23s (0h:0m:23s left)
Iteration 70 / LogL: -7718.202 / Time: 0h:0m:24s (0h:0m:17s left)
Iteration 80 / LogL: -7712.899 / Time: 0h:0m:24s (0h:0m:11s left)
Iteration 90 / LogL: -7708.222 / Time: 0h:0m:24s (0h:0m:7s left)
Iteration 100 / LogL: -7708.196 / Time: 0h:0m:24s (0h:0m:4s left)
Iteration 110 / LogL: -7716.810 / Time: 0h:0m:24s (0h:0m:2s left)
Iteration 120 / LogL: -7708.198 / Time: 0h:0m:24s (0h:0m:-1s left)
TREE SEARCH COMPLETED AFTER 120 ITERATIONS / Time: 0h:0m:24s

--------------------------------------------------------------------
|                    FINALIZING TREE SEARCH                        |
--------------------------------------------------------------------
Performs final model parameters optimization
Estimate model parameters (epsilon = 0.010)
1. Initial log-likelihood: -7708.182
Optimal log-likelihood: -7708.182
Rate parameters:  A-C: 1.00000  A-G: 1.00000  A-T: 1.00000  C-G: 1.00000  C-T: 1.00000  G-T: 1.00000
Base frequencies:  A: 0.250  C: 0.250  G: 0.250  T: 0.250
Parameters optimization took 1 rounds (0.002 sec)
BEST SCORE FOUND : -7708.182
Total tree length: 0.147

Total number of iterations: 120
CPU time used for tree search: 1.311 sec (0h:0m:1s)
Wall-clock time used for tree search: 1.312 sec (0h:0m:1s)
Total CPU time used: 21.753 sec (0h:0m:21s)
Total wall-clock time used: 24.675 sec (0h:0m:24s)

Analysis results written to: 
  IQ-TREE report:                exp_stable_0.0005/m10_sel1_rep2/iqtree_out.iqtree
  Maximum-likelihood tree:       exp_stable_0.0005/m10_sel1_rep2/iqtree_out.treefile
  Likelihood distances:          exp_stable_0.0005/m10_sel1_rep2/iqtree_out.mldist
  Screen log file:               exp_stable_0.0005/m10_sel1_rep2/iqtree_out.log

Date and Time: Sun May 17 01:10:28 2026
