IQ-TREE version 3.1.1 for MacOS ARM 64-bit built Apr  8 2026
Developed by Bui Quang Minh, Thomas Wong, Nhan Ly-Trong, Huaiyan Ren
Contributed by Lam-Tung Nguyen, Dominik Schrempf, Chris Bielow,
Olga Chernomor, Michael Woodhams, Diep Thi Hoang, Heiko Schmidt

Host:    Noutbuk-maria.local (SSE4.2, 16 GB RAM)
Command: iqtree -s exp_stable_0.0005/m5_sel1_rep5/neutral.fasta -m JC -nt AUTO -pre exp_stable_0.0005/m5_sel1_rep5/iqtree_out -seed 2042 -redo
Seed:    2042 (Using SPRNG - Scalable Parallel Random Number Generator)
Time:    Mon May 18 19:55:15 2026
Kernel:  SSE2 - auto-detect threads (8 CPU cores detected)

Reading alignment file exp_stable_0.0005/m5_sel1_rep5/neutral.fasta ... Fasta format detected
Reading fasta file: done in 0.00117207 secs using 90.01% CPU
Alignment most likely contains DNA/RNA sequences
Constructing alignment: done in 0.00127912 secs using 56.68% CPU
Alignment has 50 sequences with 3000 columns, 515 distinct patterns
125 parsimony-informative, 579 singleton sites, 2296 constant sites
          Gap/Ambiguity  Composition  p-value
Analyzing sequences: done in 4.41074e-05 secs using 104.3% CPU
   1  taxon_1     0.00%    passed     99.97%
   2  taxon_2     0.00%    passed     99.60%
   3  taxon_3     0.00%    passed     99.69%
   4  taxon_4     0.00%    passed     99.79%
   5  taxon_5     0.00%    passed     97.43%
   6  taxon_6     0.00%    passed     99.97%
   7  taxon_7     0.00%    passed     99.88%
   8  taxon_8     0.00%    passed     99.77%
   9  taxon_9     0.00%    passed     99.82%
  10  taxon_10    0.00%    passed     99.95%
  11  taxon_11    0.00%    passed    100.00%
  12  taxon_12    0.00%    passed     99.43%
  13  taxon_13    0.00%    passed     99.82%
  14  taxon_14    0.00%    passed     98.57%
  15  taxon_15    0.00%    passed     98.78%
  16  taxon_16    0.00%    passed     98.60%
  17  taxon_17    0.00%    passed     99.18%
  18  taxon_18    0.00%    passed     99.58%
  19  taxon_19    0.00%    passed     99.91%
  20  taxon_20    0.00%    passed     99.93%
  21  taxon_21    0.00%    passed     99.96%
  22  taxon_22    0.00%    passed     99.41%
  23  taxon_23    0.00%    passed     99.87%
  24  taxon_24    0.00%    passed     98.67%
  25  taxon_25    0.00%    passed     99.73%
  26  taxon_26    0.00%    passed     99.68%
  27  taxon_27    0.00%    passed     99.39%
  28  taxon_28    0.00%    passed     99.53%
  29  taxon_29    0.00%    passed     99.99%
  30  taxon_30    0.00%    passed     99.66%
  31  taxon_31    0.00%    passed     99.95%
  32  taxon_32    0.00%    passed     97.50%
  33  taxon_33    0.00%    passed     98.51%
  34  taxon_34    0.00%    passed     99.76%
  35  taxon_35    0.00%    passed     99.01%
  36  taxon_36    0.00%    passed     99.94%
  37  taxon_37    0.00%    passed     98.75%
  38  taxon_38    0.00%    passed     99.99%
  39  taxon_39    0.00%    passed     99.81%
  40  taxon_40    0.00%    passed     99.95%
  41  taxon_41    0.00%    passed     97.67%
  42  taxon_42    0.00%    passed     98.75%
  43  taxon_43    0.00%    passed     99.86%
  44  taxon_44    0.00%    passed     99.64%
  45  taxon_45    0.00%    passed     99.75%
  46  taxon_46    0.00%    passed     99.91%
  47  taxon_47    0.00%    passed     99.92%
  48  taxon_48    0.00%    passed     99.47%
  49  taxon_49    0.00%    passed     99.88%
  50  taxon_50    0.00%    passed     99.43%
****  TOTAL       0.00%  0 sequences failed composition chi2 test (p-value<5%; df=3)
Checking for duplicate sequences: done in 8.4877e-05 secs using 81.29% CPU

Create initial parsimony tree by phylogenetic likelihood library (PLL)... 0.001 seconds

NOTE: 0 MB RAM (0 GB) is required!
Measuring multi-threading efficiency up to 8 CPU cores
Increase to 10 rounds for branch lengths
1948 trees examined
Threads: 1 / Time: 8.001 sec / Speedup: 1.000 / Efficiency: 100% / LogL: -11894
Threads: 2 / Time: 11.483 sec / Speedup: 0.697 / Efficiency: 35% / LogL: -11894
Determining AUTO threadcount: done in 19.4842 secs using 98.71% CPU
BEST NUMBER OF THREADS: 1

Estimate model parameters (epsilon = 0.100)
1. Initial log-likelihood: -10268.787
Optimal log-likelihood: -10268.703
Rate parameters:  A-C: 1.00000  A-G: 1.00000  A-T: 1.00000  C-G: 1.00000  C-T: 1.00000  G-T: 1.00000
Base frequencies:  A: 0.250  C: 0.250  G: 0.250  T: 0.250
Parameters optimization took 1 rounds (0.002 sec)
Wrote distance file to... 
Computing ML distances based on estimated model parameters...
Calculating distance matrix: done in 0.00274301 secs using 81.26% CPU
Computing ML distances took 0.002804 sec (of wall-clock time) 0.002284 sec (of CPU time)
Setting up auxiliary I and S matrices: done in 4.60148e-05 secs using 78.24% CPU
Constructing RapidNJ tree: done in 0.000108957 secs using 173.5% CPU
Computing RapidNJ tree took 0.000172 sec (of wall-clock time) 0.000248 sec (of CPU time)
Log-likelihood of RapidNJ tree: -10297.871
--------------------------------------------------------------------
|             INITIALIZING CANDIDATE TREE SET                      |
--------------------------------------------------------------------
Generating 98 parsimony trees... 0.104 second
Computing log-likelihood of 98 initial trees ... 0.106 seconds
Current best score: -10266.382

Do NNI search on 20 best initial trees
Estimate model parameters (epsilon = 0.100)
BETTER TREE FOUND at iteration 1: -10266.382
BETTER TREE FOUND at iteration 2: -10266.382
BETTER TREE FOUND at iteration 7: -10266.382
Iteration 10 / LogL: -10266.382 / Time: 0h:0m:19s
Iteration 20 / LogL: -10266.382 / Time: 0h:0m:19s
Finish initializing candidate tree set (20)
Current best tree score: -10266.382 / CPU time: 0.313
Number of iterations: 20
--------------------------------------------------------------------
|               OPTIMIZING CANDIDATE TREE SET                      |
--------------------------------------------------------------------
Iteration 30 / LogL: -10266.393 / Time: 0h:0m:19s (0h:0m:52s left)
Iteration 40 / LogL: -10266.397 / Time: 0h:0m:20s (0h:0m:34s left)
Iteration 50 / LogL: -10266.399 / Time: 0h:0m:20s (0h:0m:23s left)
Iteration 60 / LogL: -10266.400 / Time: 0h:0m:20s (0h:0m:16s left)
Iteration 70 / LogL: -10266.382 / Time: 0h:0m:20s (0h:0m:11s left)
Iteration 80 / LogL: -10266.399 / Time: 0h:0m:20s (0h:0m:7s left)
Iteration 90 / LogL: -10266.392 / Time: 0h:0m:20s (0h:0m:3s left)
Iteration 100 / LogL: -10266.404 / Time: 0h:0m:21s (0h:0m:1s left)
TREE SEARCH COMPLETED AFTER 108 ITERATIONS / Time: 0h:0m:21s

--------------------------------------------------------------------
|                    FINALIZING TREE SEARCH                        |
--------------------------------------------------------------------
Performs final model parameters optimization
Estimate model parameters (epsilon = 0.010)
1. Initial log-likelihood: -10266.382
Optimal log-likelihood: -10266.382
Rate parameters:  A-C: 1.00000  A-G: 1.00000  A-T: 1.00000  C-G: 1.00000  C-T: 1.00000  G-T: 1.00000
Base frequencies:  A: 0.250  C: 0.250  G: 0.250  T: 0.250
Parameters optimization took 1 rounds (0.003 sec)
BEST SCORE FOUND : -10266.382
Total tree length: 0.271

Total number of iterations: 108
CPU time used for tree search: 1.687 sec (0h:0m:1s)
Wall-clock time used for tree search: 1.690 sec (0h:0m:1s)
Total CPU time used: 20.937 sec (0h:0m:20s)
Total wall-clock time used: 21.196 sec (0h:0m:21s)

Analysis results written to: 
  IQ-TREE report:                exp_stable_0.0005/m5_sel1_rep5/iqtree_out.iqtree
  Maximum-likelihood tree:       exp_stable_0.0005/m5_sel1_rep5/iqtree_out.treefile
  Likelihood distances:          exp_stable_0.0005/m5_sel1_rep5/iqtree_out.mldist
  Screen log file:               exp_stable_0.0005/m5_sel1_rep5/iqtree_out.log

Date and Time: Mon May 18 19:55:36 2026
