IQ-TREE version 3.1.1 for MacOS ARM 64-bit built Apr  8 2026
Developed by Bui Quang Minh, Thomas Wong, Nhan Ly-Trong, Huaiyan Ren
Contributed by Lam-Tung Nguyen, Dominik Schrempf, Chris Bielow,
Olga Chernomor, Michael Woodhams, Diep Thi Hoang, Heiko Schmidt

Host:    Noutbuk-maria.local (SSE4.2, 16 GB RAM)
Command: iqtree -s exp_stable_0.0001/m1_sel1_rep3/neutral.fasta -m JC -nt AUTO -pre exp_stable_0.0001/m1_sel1_rep3/iqtree_out -seed 1442 -redo
Seed:    1442 (Using SPRNG - Scalable Parallel Random Number Generator)
Time:    Sat May 16 17:54:48 2026
Kernel:  SSE2 - auto-detect threads (8 CPU cores detected)

Reading alignment file exp_stable_0.0001/m1_sel1_rep3/neutral.fasta ... Fasta format detected
Reading fasta file: done in 0.00117302 secs using 89.94% CPU
Alignment most likely contains DNA/RNA sequences
Constructing alignment: done in 0.00125694 secs using 55.45% CPU
Alignment has 50 sequences with 3000 columns, 398 distinct patterns
118 parsimony-informative, 404 singleton sites, 2478 constant sites
          Gap/Ambiguity  Composition  p-value
Analyzing sequences: done in 3.88622e-05 secs using 97.78% CPU
   1  taxon_1     0.00%    passed     99.84%
   2  taxon_2     0.00%    passed     99.46%
   3  taxon_3     0.00%    passed     99.98%
   4  taxon_4     0.00%    passed     99.98%
   5  taxon_5     0.00%    passed     99.07%
   6  taxon_6     0.00%    passed     99.72%
   7  taxon_7     0.00%    passed     99.88%
   8  taxon_8     0.00%    passed     99.73%
   9  taxon_9     0.00%    passed     99.09%
  10  taxon_10    0.00%    passed     99.78%
  11  taxon_11    0.00%    passed    100.00%
  12  taxon_12    0.00%    passed     99.97%
  13  taxon_13    0.00%    passed     99.89%
  14  taxon_14    0.00%    passed     99.68%
  15  taxon_15    0.00%    passed    100.00%
  16  taxon_16    0.00%    passed     99.95%
  17  taxon_17    0.00%    passed     99.46%
  18  taxon_18    0.00%    passed     99.48%
  19  taxon_19    0.00%    passed     99.35%
  20  taxon_20    0.00%    passed     99.98%
  21  taxon_21    0.00%    passed     99.98%
  22  taxon_22    0.00%    passed     99.25%
  23  taxon_23    0.00%    passed     99.71%
  24  taxon_24    0.00%    passed     99.27%
  25  taxon_25    0.00%    passed     99.83%
  26  taxon_26    0.00%    passed     99.75%
  27  taxon_27    0.00%    passed     99.87%
  28  taxon_28    0.00%    passed     99.88%
  29  taxon_29    0.00%    passed     99.94%
  30  taxon_30    0.00%    passed     99.93%
  31  taxon_31    0.00%    passed     99.63%
  32  taxon_32    0.00%    passed     99.98%
  33  taxon_33    0.00%    passed     99.45%
  34  taxon_34    0.00%    passed     99.86%
  35  taxon_35    0.00%    passed     99.50%
  36  taxon_36    0.00%    passed     99.36%
  37  taxon_37    0.00%    passed     99.33%
  38  taxon_38    0.00%    passed     99.19%
  39  taxon_39    0.00%    passed     99.85%
  40  taxon_40    0.00%    passed     99.93%
  41  taxon_41    0.00%    passed     99.69%
  42  taxon_42    0.00%    passed     99.98%
  43  taxon_43    0.00%    passed     99.96%
  44  taxon_44    0.00%    passed     99.84%
  45  taxon_45    0.00%    passed     99.75%
  46  taxon_46    0.00%    passed     99.90%
  47  taxon_47    0.00%    passed     99.98%
  48  taxon_48    0.00%    passed     99.65%
  49  taxon_49    0.00%    passed     99.96%
  50  taxon_50    0.00%    passed     99.90%
****  TOTAL       0.00%  0 sequences failed composition chi2 test (p-value<5%; df=3)
Checking for duplicate sequences: done in 7.82013e-05 secs using 76.73% CPU

Create initial parsimony tree by phylogenetic likelihood library (PLL)... 0.001 seconds

NOTE: 0 MB RAM (0 GB) is required!
Measuring multi-threading efficiency up to 8 CPU cores
Increase to 10 rounds for branch lengths
3068 trees examined
Threads: 1 / Time: 8.001 sec / Speedup: 1.000 / Efficiency: 100% / LogL: -10403
Threads: 2 / Time: 12.424 sec / Speedup: 0.644 / Efficiency: 32% / LogL: -10403
Determining AUTO threadcount: done in 20.4252 secs using 95.46% CPU
BEST NUMBER OF THREADS: 1

Estimate model parameters (epsilon = 0.100)
1. Initial log-likelihood: -8659.449
Optimal log-likelihood: -8659.331
Rate parameters:  A-C: 1.00000  A-G: 1.00000  A-T: 1.00000  C-G: 1.00000  C-T: 1.00000  G-T: 1.00000
Base frequencies:  A: 0.250  C: 0.250  G: 0.250  T: 0.250
Parameters optimization took 1 rounds (0.002 sec)
Wrote distance file to... 
Computing ML distances based on estimated model parameters...
Calculating distance matrix: done in 0.00264215 secs using 79.86% CPU
Computing ML distances took 0.002692 sec (of wall-clock time) 0.002153 sec (of CPU time)
Setting up auxiliary I and S matrices: done in 4.98295e-05 secs using 74.25% CPU
Constructing RapidNJ tree: done in 0.000115871 secs using 170.9% CPU
Computing RapidNJ tree took 0.000189 sec (of wall-clock time) 0.000255 sec (of CPU time)
Log-likelihood of RapidNJ tree: -8678.674
--------------------------------------------------------------------
|             INITIALIZING CANDIDATE TREE SET                      |
--------------------------------------------------------------------
Generating 98 parsimony trees... 0.100 second
Computing log-likelihood of 98 initial trees ... 0.081 seconds
Current best score: -8656.839

Do NNI search on 20 best initial trees
Estimate model parameters (epsilon = 0.100)
BETTER TREE FOUND at iteration 1: -8656.839
Iteration 10 / LogL: -8656.839 / Time: 0h:0m:20s
Iteration 20 / LogL: -8656.839 / Time: 0h:0m:20s
Finish initializing candidate tree set (20)
Current best tree score: -8656.839 / CPU time: 0.258
Number of iterations: 20
--------------------------------------------------------------------
|               OPTIMIZING CANDIDATE TREE SET                      |
--------------------------------------------------------------------
Iteration 30 / LogL: -8656.852 / Time: 0h:0m:20s (0h:0m:50s left)
Iteration 40 / LogL: -8656.851 / Time: 0h:0m:20s (0h:0m:32s left)
Iteration 50 / LogL: -8656.867 / Time: 0h:0m:21s (0h:0m:21s left)
Iteration 60 / LogL: -8656.853 / Time: 0h:0m:21s (0h:0m:14s left)
Iteration 70 / LogL: -8656.854 / Time: 0h:0m:21s (0h:0m:9s left)
Iteration 80 / LogL: -8656.850 / Time: 0h:0m:21s (0h:0m:5s left)
Iteration 90 / LogL: -8656.861 / Time: 0h:0m:21s (0h:0m:2s left)
Iteration 100 / LogL: -8656.859 / Time: 0h:0m:21s (0h:0m:0s left)
TREE SEARCH COMPLETED AFTER 102 ITERATIONS / Time: 0h:0m:21s

--------------------------------------------------------------------
|                    FINALIZING TREE SEARCH                        |
--------------------------------------------------------------------
Performs final model parameters optimization
Estimate model parameters (epsilon = 0.010)
1. Initial log-likelihood: -8656.839
Optimal log-likelihood: -8656.839
Rate parameters:  A-C: 1.00000  A-G: 1.00000  A-T: 1.00000  C-G: 1.00000  C-T: 1.00000  G-T: 1.00000
Base frequencies:  A: 0.250  C: 0.250  G: 0.250  T: 0.250
Parameters optimization took 1 rounds (0.001 sec)
BEST SCORE FOUND : -8656.839
Total tree length: 0.192

Total number of iterations: 102
CPU time used for tree search: 1.330 sec (0h:0m:1s)
Wall-clock time used for tree search: 1.333 sec (0h:0m:1s)
Total CPU time used: 20.840 sec (0h:0m:20s)
Total wall-clock time used: 21.776 sec (0h:0m:21s)

Analysis results written to: 
  IQ-TREE report:                exp_stable_0.0001/m1_sel1_rep3/iqtree_out.iqtree
  Maximum-likelihood tree:       exp_stable_0.0001/m1_sel1_rep3/iqtree_out.treefile
  Likelihood distances:          exp_stable_0.0001/m1_sel1_rep3/iqtree_out.mldist
  Screen log file:               exp_stable_0.0001/m1_sel1_rep3/iqtree_out.log

Date and Time: Sat May 16 17:55:10 2026
