IQ-TREE version 3.1.1 for MacOS ARM 64-bit built Apr  8 2026
Developed by Bui Quang Minh, Thomas Wong, Nhan Ly-Trong, Huaiyan Ren
Contributed by Lam-Tung Nguyen, Dominik Schrempf, Chris Bielow,
Olga Chernomor, Michael Woodhams, Diep Thi Hoang, Heiko Schmidt

Host:    Noutbuk-maria.local (SSE4.2, 16 GB RAM)
Command: iqtree -s exp_stable_0.0001/m10_sel2_rep2/neutral.fasta -m JC -nt AUTO -pre exp_stable_0.0001/m10_sel2_rep2/iqtree_out -seed 3242 -redo
Seed:    3242 (Using SPRNG - Scalable Parallel Random Number Generator)
Time:    Sat May 16 19:18:26 2026
Kernel:  SSE2 - auto-detect threads (8 CPU cores detected)

Reading alignment file exp_stable_0.0001/m10_sel2_rep2/neutral.fasta ... Fasta format detected
Reading fasta file: done in 0.00116992 secs using 89.66% CPU
Alignment most likely contains DNA/RNA sequences
Constructing alignment: done in 0.00108099 secs using 59.02% CPU
Alignment has 50 sequences with 3000 columns, 9 distinct patterns
0 parsimony-informative, 5 singleton sites, 2995 constant sites
          Gap/Ambiguity  Composition  p-value
Analyzing sequences: done in 3.00407e-05 secs using 26.63% CPU
   1  taxon_1     0.00%    passed    100.00%
   2  taxon_2     0.00%    passed    100.00%
   3  taxon_3     0.00%    passed    100.00%
   4  taxon_4     0.00%    passed    100.00%
   5  taxon_5     0.00%    passed    100.00%
   6  taxon_6     0.00%    passed    100.00%
   7  taxon_7     0.00%    passed    100.00%
   8  taxon_8     0.00%    passed    100.00%
   9  taxon_9     0.00%    passed    100.00%
  10  taxon_10    0.00%    passed    100.00%
  11  taxon_11    0.00%    passed    100.00%
  12  taxon_12    0.00%    passed    100.00%
  13  taxon_13    0.00%    passed    100.00%
  14  taxon_14    0.00%    passed    100.00%
  15  taxon_15    0.00%    passed    100.00%
  16  taxon_16    0.00%    passed    100.00%
  17  taxon_17    0.00%    passed    100.00%
  18  taxon_18    0.00%    passed    100.00%
  19  taxon_19    0.00%    passed    100.00%
  20  taxon_20    0.00%    passed    100.00%
  21  taxon_21    0.00%    passed    100.00%
  22  taxon_22    0.00%    passed    100.00%
  23  taxon_23    0.00%    passed    100.00%
  24  taxon_24    0.00%    passed    100.00%
  25  taxon_25    0.00%    passed    100.00%
  26  taxon_26    0.00%    passed    100.00%
  27  taxon_27    0.00%    passed    100.00%
  28  taxon_28    0.00%    passed    100.00%
  29  taxon_29    0.00%    passed    100.00%
  30  taxon_30    0.00%    passed    100.00%
  31  taxon_31    0.00%    passed    100.00%
  32  taxon_32    0.00%    passed    100.00%
  33  taxon_33    0.00%    passed    100.00%
  34  taxon_34    0.00%    passed    100.00%
  35  taxon_35    0.00%    passed    100.00%
  36  taxon_36    0.00%    passed    100.00%
  37  taxon_37    0.00%    passed    100.00%
  38  taxon_38    0.00%    passed    100.00%
  39  taxon_39    0.00%    passed    100.00%
  40  taxon_40    0.00%    passed    100.00%
  41  taxon_41    0.00%    passed    100.00%
  42  taxon_42    0.00%    passed    100.00%
  43  taxon_43    0.00%    passed    100.00%
  44  taxon_44    0.00%    passed    100.00%
  45  taxon_45    0.00%    passed    100.00%
  46  taxon_46    0.00%    passed    100.00%
  47  taxon_47    0.00%    passed    100.00%
  48  taxon_48    0.00%    passed    100.00%
  49  taxon_49    0.00%    passed    100.00%
  50  taxon_50    0.00%    passed    100.00%
****  TOTAL       0.00%  0 sequences failed composition chi2 test (p-value<5%; df=3)
NOTE: taxon_3 is identical to taxon_2 but kept for subsequent analysis
Checking for duplicate sequences: done in 5.50747e-05 secs using 52.66% CPU
Identifying sites to remove: done in 0.000315905 secs using 97.81% CPU
NOTE: 44 identical sequences (see below) will be ignored for subsequent analysis
NOTE: taxon_4 (identical to taxon_2) is ignored but added at the end
NOTE: taxon_5 (identical to taxon_2) is ignored but added at the end
NOTE: taxon_6 (identical to taxon_2) is ignored but added at the end
NOTE: taxon_7 (identical to taxon_2) is ignored but added at the end
NOTE: taxon_8 (identical to taxon_2) is ignored but added at the end
NOTE: taxon_9 (identical to taxon_2) is ignored but added at the end
NOTE: taxon_10 (identical to taxon_2) is ignored but added at the end
NOTE: taxon_11 (identical to taxon_2) is ignored but added at the end
NOTE: taxon_12 (identical to taxon_2) is ignored but added at the end
NOTE: taxon_13 (identical to taxon_2) is ignored but added at the end
NOTE: taxon_14 (identical to taxon_2) is ignored but added at the end
NOTE: taxon_15 (identical to taxon_2) is ignored but added at the end
NOTE: taxon_16 (identical to taxon_2) is ignored but added at the end
NOTE: taxon_17 (identical to taxon_2) is ignored but added at the end
NOTE: taxon_18 (identical to taxon_2) is ignored but added at the end
NOTE: taxon_19 (identical to taxon_2) is ignored but added at the end
NOTE: taxon_20 (identical to taxon_2) is ignored but added at the end
NOTE: taxon_21 (identical to taxon_2) is ignored but added at the end
NOTE: taxon_22 (identical to taxon_2) is ignored but added at the end
NOTE: taxon_24 (identical to taxon_2) is ignored but added at the end
NOTE: taxon_25 (identical to taxon_2) is ignored but added at the end
NOTE: taxon_26 (identical to taxon_2) is ignored but added at the end
NOTE: taxon_27 (identical to taxon_2) is ignored but added at the end
NOTE: taxon_28 (identical to taxon_2) is ignored but added at the end
NOTE: taxon_29 (identical to taxon_2) is ignored but added at the end
NOTE: taxon_30 (identical to taxon_2) is ignored but added at the end
NOTE: taxon_31 (identical to taxon_2) is ignored but added at the end
NOTE: taxon_32 (identical to taxon_2) is ignored but added at the end
NOTE: taxon_33 (identical to taxon_2) is ignored but added at the end
NOTE: taxon_34 (identical to taxon_2) is ignored but added at the end
NOTE: taxon_35 (identical to taxon_2) is ignored but added at the end
NOTE: taxon_36 (identical to taxon_2) is ignored but added at the end
NOTE: taxon_37 (identical to taxon_2) is ignored but added at the end
NOTE: taxon_38 (identical to taxon_2) is ignored but added at the end
NOTE: taxon_39 (identical to taxon_2) is ignored but added at the end
NOTE: taxon_41 (identical to taxon_2) is ignored but added at the end
NOTE: taxon_42 (identical to taxon_2) is ignored but added at the end
NOTE: taxon_43 (identical to taxon_2) is ignored but added at the end
NOTE: taxon_44 (identical to taxon_2) is ignored but added at the end
NOTE: taxon_45 (identical to taxon_2) is ignored but added at the end
NOTE: taxon_46 (identical to taxon_2) is ignored but added at the end
NOTE: taxon_47 (identical to taxon_2) is ignored but added at the end
NOTE: taxon_48 (identical to taxon_2) is ignored but added at the end
NOTE: taxon_50 (identical to taxon_2) is ignored but added at the end
Alignment was printed to exp_stable_0.0001/m10_sel2_rep2/iqtree_out.uniqueseq.phy

For your convenience alignment with unique sequences printed to exp_stable_0.0001/m10_sel2_rep2/iqtree_out.uniqueseq.phy

Create initial parsimony tree by phylogenetic likelihood library (PLL)... 0.001 seconds

NOTE: 0 MB RAM (0 GB) is required!
Measuring multi-threading efficiency up to 8 CPU cores
Increase to 10 rounds for branch lengths
268523 trees examined
Threads: 1 / Time: 8.000 sec / Speedup: 1.000 / Efficiency: 100% / LogL: -4208
WARNING: 2 threads for alignment length 9 will slow down analysis
Threads: 2 / Time: 4.012 sec / Speedup: 1.994 / Efficiency: 100% / LogL: -4208
WARNING: 3 threads for alignment length 9 will slow down analysis
Threads: 3 / Time: 4.070 sec / Speedup: 1.965 / Efficiency: 66% / LogL: -4208
WARNING: 4 threads for alignment length 9 will slow down analysis
Threads: 4 / Time: 4.047 sec / Speedup: 1.977 / Efficiency: 49% / LogL: -4208
Determining AUTO threadcount: done in 20.1292 secs using 99.86% CPU
BEST NUMBER OF THREADS: 2

WARNING: 2 threads for alignment length 9 will slow down analysis
Estimate model parameters (epsilon = 0.100)
1. Initial log-likelihood: -4208.036
Optimal log-likelihood: -4208.036
Rate parameters:  A-C: 1.00000  A-G: 1.00000  A-T: 1.00000  C-G: 1.00000  C-T: 1.00000  G-T: 1.00000
Base frequencies:  A: 0.250  C: 0.250  G: 0.250  T: 0.250
Parameters optimization took 1 rounds (0.000 sec)
Wrote distance file to... 
Computing ML distances based on estimated model parameters...
Calculating distance matrix: done in 0.000735998 secs using 11.01% CPU
Computing ML distances took 0.000782 sec (of wall-clock time) 0.000107 sec (of CPU time)
Setting up auxiliary I and S matrices: done in 1.78814e-05 secs using 89.48% CPU
Constructing RapidNJ tree: done in 7.60555e-05 secs using 77.57% CPU
Computing RapidNJ tree took 0.000114 sec (of wall-clock time) 0.000088 sec (of CPU time)
Log-likelihood of RapidNJ tree: -4208.047
--------------------------------------------------------------------
|             INITIALIZING CANDIDATE TREE SET                      |
--------------------------------------------------------------------
Generating 98 parsimony trees... 0.003 second
Computing log-likelihood of 69 initial trees ... 0.001 seconds
Current best score: -4208.036

Do NNI search on 20 best initial trees
Estimate model parameters (epsilon = 0.100)
BETTER TREE FOUND at iteration 1: -4208.036
BETTER TREE FOUND at iteration 2: -4208.036
Iteration 10 / LogL: -4208.036 / Time: 0h:0m:20s
Iteration 20 / LogL: -4208.036 / Time: 0h:0m:20s
Finish initializing candidate tree set (12)
Current best tree score: -4208.036 / CPU time: 0.006
Number of iterations: 20
--------------------------------------------------------------------
|               OPTIMIZING CANDIDATE TREE SET                      |
--------------------------------------------------------------------
Iteration 30 / LogL: -4208.036 / Time: 0h:0m:20s (0h:0m:50s left)
Iteration 40 / LogL: -4208.036 / Time: 0h:0m:20s (0h:0m:32s left)
Iteration 50 / LogL: -4208.036 / Time: 0h:0m:20s (0h:0m:21s left)
Iteration 60 / LogL: -4208.036 / Time: 0h:0m:20s (0h:0m:14s left)
Iteration 70 / LogL: -4208.036 / Time: 0h:0m:20s (0h:0m:9s left)
Iteration 80 / LogL: -4208.036 / Time: 0h:0m:20s (0h:0m:5s left)
Iteration 90 / LogL: -4208.036 / Time: 0h:0m:20s (0h:0m:2s left)
Iteration 100 / LogL: -4208.036 / Time: 0h:0m:20s (0h:0m:0s left)
TREE SEARCH COMPLETED AFTER 103 ITERATIONS / Time: 0h:0m:20s

--------------------------------------------------------------------
|                    FINALIZING TREE SEARCH                        |
--------------------------------------------------------------------
Performs final model parameters optimization
Estimate model parameters (epsilon = 0.010)
1. Initial log-likelihood: -4208.036
Optimal log-likelihood: -4208.036
Rate parameters:  A-C: 1.00000  A-G: 1.00000  A-T: 1.00000  C-G: 1.00000  C-T: 1.00000  G-T: 1.00000
Base frequencies:  A: 0.250  C: 0.250  G: 0.250  T: 0.250
Parameters optimization took 1 rounds (0.000 sec)
BEST SCORE FOUND : -4208.036
Total tree length: 0.002

Total number of iterations: 103
CPU time used for tree search: 0.011 sec (0h:0m:0s)
Wall-clock time used for tree search: 0.012 sec (0h:0m:0s)
Total CPU time used: 20.118 sec (0h:0m:20s)
Total wall-clock time used: 20.153 sec (0h:0m:20s)

Analysis results written to: 
  IQ-TREE report:                exp_stable_0.0001/m10_sel2_rep2/iqtree_out.iqtree
  Maximum-likelihood tree:       exp_stable_0.0001/m10_sel2_rep2/iqtree_out.treefile
  Likelihood distances:          exp_stable_0.0001/m10_sel2_rep2/iqtree_out.mldist
  Screen log file:               exp_stable_0.0001/m10_sel2_rep2/iqtree_out.log

Date and Time: Sat May 16 19:18:46 2026
