IQ-TREE version 3.1.1 for MacOS ARM 64-bit built Apr  8 2026
Developed by Bui Quang Minh, Thomas Wong, Nhan Ly-Trong, Huaiyan Ren
Contributed by Lam-Tung Nguyen, Dominik Schrempf, Chris Bielow,
Olga Chernomor, Michael Woodhams, Diep Thi Hoang, Heiko Schmidt

Host:    Noutbuk-maria.local (SSE4.2, 16 GB RAM)
Command: iqtree -s exp_baseline/m10_sel50_rep3/combined.fasta -m JC -nt AUTO -pre exp_baseline/m10_sel50_rep3/iqtree_out -seed 51342 -redo
Seed:    51342 (Using SPRNG - Scalable Parallel Random Number Generator)
Time:    Tue May 12 14:28:37 2026
Kernel:  SSE2 - auto-detect threads (8 CPU cores detected)

Reading alignment file exp_baseline/m10_sel50_rep3/combined.fasta ... Fasta format detected
Reading fasta file: done in 0.000501156 secs using 90.79% CPU
Alignment most likely contains DNA/RNA sequences
Constructing alignment: done in 0.00100303 secs using 56.93% CPU
Alignment has 30 sequences with 2050 columns, 2014 distinct patterns
2044 parsimony-informative, 0 singleton sites, 6 constant sites
          Gap/Ambiguity  Composition  p-value
Analyzing sequences: done in 4.41074e-05 secs using 263% CPU
   1  taxon_1     0.00%    passed      9.15%
   2  taxon_2     0.00%    passed     74.38%
   3  taxon_3     0.00%    failed      3.40%
   4  taxon_4     0.00%    failed      1.45%
   5  taxon_5     0.00%    passed     37.85%
   6  taxon_6     0.00%    passed     62.10%
   7  taxon_7     0.00%    passed     71.09%
   8  taxon_8     0.00%    passed     15.20%
   9  taxon_9     0.00%    passed     83.45%
  10  taxon_10    0.00%    passed     39.45%
  11  taxon_11    0.00%    passed     85.70%
  12  taxon_12    0.00%    passed     61.57%
  13  taxon_13    0.00%    passed      6.64%
  14  taxon_14    0.00%    passed     55.20%
  15  taxon_15    0.00%    passed     44.80%
  16  taxon_16    0.00%    passed     78.37%
  17  taxon_17    0.00%    passed     91.22%
  18  taxon_18    0.00%    passed     58.46%
  19  taxon_19    0.00%    passed     75.88%
  20  taxon_20    0.00%    passed     34.08%
  21  taxon_21    0.00%    passed     11.68%
  22  taxon_22    0.00%    passed      8.61%
  23  taxon_23    0.00%    passed     55.16%
  24  taxon_24    0.00%    passed     79.42%
  25  taxon_25    0.00%    passed     88.17%
  26  taxon_26    0.00%    passed     55.28%
  27  taxon_27    0.00%    passed     81.37%
  28  taxon_28    0.00%    passed     41.84%
  29  taxon_29    0.00%    passed     31.80%
  30  taxon_30    0.00%    passed     87.48%
****  TOTAL       0.00%  2 sequences failed composition chi2 test (p-value<5%; df=3)
Checking for duplicate sequences: done in 0.000133991 secs using 88.07% CPU

Create initial parsimony tree by phylogenetic likelihood library (PLL)... 0.002 seconds

NOTE: 1 MB RAM (0 GB) is required!
Measuring multi-threading efficiency up to 8 CPU cores
Increase to 10 rounds for branch lengths
381 trees examined
Threads: 1 / Time: 8.010 sec / Speedup: 1.000 / Efficiency: 100% / LogL: -82865
Threads: 2 / Time: 8.819 sec / Speedup: 0.908 / Efficiency: 45% / LogL: -82865
Determining AUTO threadcount: done in 16.8298 secs using 107.8% CPU
BEST NUMBER OF THREADS: 1

Estimate model parameters (epsilon = 0.100)
1. Initial log-likelihood: -78146.516
Optimal log-likelihood: -77622.790
Rate parameters:  A-C: 1.00000  A-G: 1.00000  A-T: 1.00000  C-G: 1.00000  C-T: 1.00000  G-T: 1.00000
Base frequencies:  A: 0.250  C: 0.250  G: 0.250  T: 0.250
Parameters optimization took 1 rounds (0.014 sec)
Wrote distance file to... 
Computing ML distances based on estimated model parameters...
Calculating distance matrix: done in 0.00145102 secs using 99.31% CPU
Computing ML distances took 0.001589 sec (of wall-clock time) 0.001567 sec (of CPU time)
WARNING: Some pairwise ML distances are too long (saturated)
Setting up auxiliary I and S matrices: done in 2.40803e-05 secs using 74.75% CPU
Constructing RapidNJ tree: done in 4.91142e-05 secs using 152.7% CPU
Computing RapidNJ tree took 0.000099 sec (of wall-clock time) 0.000111 sec (of CPU time)
Log-likelihood of RapidNJ tree: -77646.708
--------------------------------------------------------------------
|             INITIALIZING CANDIDATE TREE SET                      |
--------------------------------------------------------------------
Generating 98 parsimony trees... 0.296 second
Computing log-likelihood of 98 initial trees ... 0.247 seconds
Current best score: -77622.790

Do NNI search on 20 best initial trees
Estimate model parameters (epsilon = 0.100)
BETTER TREE FOUND at iteration 1: -77612.776
Estimate model parameters (epsilon = 0.100)
BETTER TREE FOUND at iteration 2: -77586.000
Estimate model parameters (epsilon = 0.100)
BETTER TREE FOUND at iteration 3: -77569.472
Iteration 10 / LogL: -77612.328 / Time: 0h:0m:18s
Estimate model parameters (epsilon = 0.100)
UPDATE BEST LOG-LIKELIHOOD: -77568.367
Iteration 20 / LogL: -77568.367 / Time: 0h:0m:18s
Finish initializing candidate tree set (15)
Current best tree score: -77568.367 / CPU time: 1.780
Number of iterations: 20
--------------------------------------------------------------------
|               OPTIMIZING CANDIDATE TREE SET                      |
--------------------------------------------------------------------
Iteration 30 / LogL: -77568.373 / Time: 0h:0m:19s (0h:0m:49s left)
Estimate model parameters (epsilon = 0.100)
UPDATE BEST LOG-LIKELIHOOD: -77568.218
Iteration 40 / LogL: -77570.311 / Time: 0h:0m:20s (0h:0m:32s left)
Iteration 50 / LogL: -77569.097 / Time: 0h:0m:20s (0h:0m:22s left)
Iteration 60 / LogL: -77569.214 / Time: 0h:0m:21s (0h:0m:15s left)
Iteration 70 / LogL: -77568.457 / Time: 0h:0m:22s (0h:0m:10s left)
Iteration 80 / LogL: -77569.472 / Time: 0h:0m:23s (0h:0m:6s left)
Iteration 90 / LogL: -77570.429 / Time: 0h:0m:23s (0h:0m:3s left)
Iteration 100 / LogL: -77571.393 / Time: 0h:0m:24s (0h:0m:0s left)
TREE SEARCH COMPLETED AFTER 104 ITERATIONS / Time: 0h:0m:24s

--------------------------------------------------------------------
|                    FINALIZING TREE SEARCH                        |
--------------------------------------------------------------------
Performs final model parameters optimization
Estimate model parameters (epsilon = 0.010)
1. Initial log-likelihood: -77568.218
Optimal log-likelihood: -77568.184
Rate parameters:  A-C: 1.00000  A-G: 1.00000  A-T: 1.00000  C-G: 1.00000  C-T: 1.00000  G-T: 1.00000
Base frequencies:  A: 0.250  C: 0.250  G: 0.250  T: 0.250
Parameters optimization took 1 rounds (0.005 sec)
BEST SCORE FOUND : -77568.184
Total tree length: 24.473

Total number of iterations: 104
CPU time used for tree search: 7.879 sec (0h:0m:7s)
Wall-clock time used for tree search: 7.912 sec (0h:0m:7s)
Total CPU time used: 26.075 sec (0h:0m:26s)
Total wall-clock time used: 24.802 sec (0h:0m:24s)

Analysis results written to: 
  IQ-TREE report:                exp_baseline/m10_sel50_rep3/iqtree_out.iqtree
  Maximum-likelihood tree:       exp_baseline/m10_sel50_rep3/iqtree_out.treefile
  Likelihood distances:          exp_baseline/m10_sel50_rep3/iqtree_out.mldist
  Screen log file:               exp_baseline/m10_sel50_rep3/iqtree_out.log

Date and Time: Tue May 12 14:29:02 2026
