IQ-TREE version 3.1.1 for MacOS ARM 64-bit built Apr  8 2026
Developed by Bui Quang Minh, Thomas Wong, Nhan Ly-Trong, Huaiyan Ren
Contributed by Lam-Tung Nguyen, Dominik Schrempf, Chris Bielow,
Olga Chernomor, Michael Woodhams, Diep Thi Hoang, Heiko Schmidt

Host:    Noutbuk-maria.local (SSE4.2, 16 GB RAM)
Command: iqtree -s exp_baseline/m50_sel50_rep4/combined.fasta -m JC -nt AUTO -pre exp_baseline/m50_sel50_rep4/iqtree_out -seed 55442 -redo
Seed:    55442 (Using SPRNG - Scalable Parallel Random Number Generator)
Time:    Tue May 12 14:53:08 2026
Kernel:  SSE2 - auto-detect threads (8 CPU cores detected)

Reading alignment file exp_baseline/m50_sel50_rep4/combined.fasta ... Fasta format detected
Reading fasta file: done in 0.000492811 secs using 90.1% CPU
Alignment most likely contains DNA/RNA sequences
Constructing alignment: done in 0.000935078 secs using 58.71% CPU
Alignment has 30 sequences with 2050 columns, 2011 distinct patterns
2050 parsimony-informative, 0 singleton sites, 0 constant sites
          Gap/Ambiguity  Composition  p-value
Analyzing sequences: done in 4.50611e-05 secs using 286.3% CPU
   1  taxon_1     0.00%    passed     28.48%
   2  taxon_2     0.00%    passed     21.67%
   3  taxon_3     0.00%    passed     72.58%
   4  taxon_4     0.00%    passed     71.40%
   5  taxon_5     0.00%    passed     19.59%
   6  taxon_6     0.00%    passed     52.67%
   7  taxon_7     0.00%    passed     91.36%
   8  taxon_8     0.00%    passed     84.71%
   9  taxon_9     0.00%    passed     99.49%
  10  taxon_10    0.00%    passed     73.12%
  11  taxon_11    0.00%    passed     95.67%
  12  taxon_12    0.00%    passed     35.81%
  13  taxon_13    0.00%    passed     37.05%
  14  taxon_14    0.00%    passed     57.83%
  15  taxon_15    0.00%    passed     85.99%
  16  taxon_16    0.00%    passed     64.24%
  17  taxon_17    0.00%    passed     46.49%
  18  taxon_18    0.00%    passed     88.59%
  19  taxon_19    0.00%    passed     72.75%
  20  taxon_20    0.00%    passed     19.13%
  21  taxon_21    0.00%    passed     93.83%
  22  taxon_22    0.00%    passed     36.47%
  23  taxon_23    0.00%    passed      5.08%
  24  taxon_24    0.00%    passed     37.22%
  25  taxon_25    0.00%    passed     58.38%
  26  taxon_26    0.00%    passed     58.57%
  27  taxon_27    0.00%    passed     65.22%
  28  taxon_28    0.00%    passed     91.32%
  29  taxon_29    0.00%    passed     13.77%
  30  taxon_30    0.00%    passed     43.57%
****  TOTAL       0.00%  0 sequences failed composition chi2 test (p-value<5%; df=3)
Checking for duplicate sequences: done in 0.000127077 secs using 92.07% CPU

Create initial parsimony tree by phylogenetic likelihood library (PLL)... 0.003 seconds

NOTE: 1 MB RAM (0 GB) is required!
Measuring multi-threading efficiency up to 8 CPU cores
Increase to 10 rounds for branch lengths
395 trees examined
Threads: 1 / Time: 8.005 sec / Speedup: 1.000 / Efficiency: 100% / LogL: -80195
Threads: 2 / Time: 8.689 sec / Speedup: 0.921 / Efficiency: 46% / LogL: -80195
Determining AUTO threadcount: done in 16.6936 secs using 108.1% CPU
BEST NUMBER OF THREADS: 1

Estimate model parameters (epsilon = 0.100)
1. Initial log-likelihood: -76321.842
Optimal log-likelihood: -75833.735
Rate parameters:  A-C: 1.00000  A-G: 1.00000  A-T: 1.00000  C-G: 1.00000  C-T: 1.00000  G-T: 1.00000
Base frequencies:  A: 0.250  C: 0.250  G: 0.250  T: 0.250
Parameters optimization took 1 rounds (0.014 sec)
Wrote distance file to... 
Computing ML distances based on estimated model parameters...
Calculating distance matrix: done in 0.00124502 secs using 99.28% CPU
Computing ML distances took 0.001386 sec (of wall-clock time) 0.001367 sec (of CPU time)
WARNING: Some pairwise ML distances are too long (saturated)
Setting up auxiliary I and S matrices: done in 2.59876e-05 secs using 69.26% CPU
Constructing RapidNJ tree: done in 5.19753e-05 secs using 165.5% CPU
Computing RapidNJ tree took 0.000107 sec (of wall-clock time) 0.000124 sec (of CPU time)
Log-likelihood of RapidNJ tree: -76033.877
--------------------------------------------------------------------
|             INITIALIZING CANDIDATE TREE SET                      |
--------------------------------------------------------------------
Generating 98 parsimony trees... 0.291 second
Computing log-likelihood of 98 initial trees ... 0.254 seconds
Current best score: -75833.735

Do NNI search on 20 best initial trees
Estimate model parameters (epsilon = 0.100)
BETTER TREE FOUND at iteration 1: -75792.169
Estimate model parameters (epsilon = 0.100)
BETTER TREE FOUND at iteration 2: -75718.271
Iteration 10 / LogL: -75791.165 / Time: 0h:0m:17s
Iteration 20 / LogL: -75722.556 / Time: 0h:0m:18s
Finish initializing candidate tree set (7)
Current best tree score: -75718.271 / CPU time: 1.452
Number of iterations: 20
--------------------------------------------------------------------
|               OPTIMIZING CANDIDATE TREE SET                      |
--------------------------------------------------------------------
Iteration 30 / LogL: -75766.880 / Time: 0h:0m:18s (0h:0m:46s left)
Iteration 40 / LogL: -75766.606 / Time: 0h:0m:19s (0h:0m:30s left)
Iteration 50 / LogL: -75728.476 / Time: 0h:0m:19s (0h:0m:21s left)
Iteration 60 / LogL: -75771.713 / Time: 0h:0m:20s (0h:0m:14s left)
Iteration 70 / LogL: -75723.678 / Time: 0h:0m:20s (0h:0m:9s left)
Iteration 80 / LogL: -75765.583 / Time: 0h:0m:21s (0h:0m:5s left)
Iteration 90 / LogL: -75764.850 / Time: 0h:0m:21s (0h:0m:2s left)
Iteration 100 / LogL: -75767.442 / Time: 0h:0m:22s (0h:0m:0s left)
TREE SEARCH COMPLETED AFTER 103 ITERATIONS / Time: 0h:0m:22s

--------------------------------------------------------------------
|                    FINALIZING TREE SEARCH                        |
--------------------------------------------------------------------
Performs final model parameters optimization
Estimate model parameters (epsilon = 0.010)
1. Initial log-likelihood: -75718.271
Optimal log-likelihood: -75718.174
Rate parameters:  A-C: 1.00000  A-G: 1.00000  A-T: 1.00000  C-G: 1.00000  C-T: 1.00000  G-T: 1.00000
Base frequencies:  A: 0.250  C: 0.250  G: 0.250  T: 0.250
Parameters optimization took 1 rounds (0.008 sec)
BEST SCORE FOUND : -75718.174
Total tree length: 21.194

Total number of iterations: 103
CPU time used for tree search: 5.879 sec (0h:0m:5s)
Wall-clock time used for tree search: 5.929 sec (0h:0m:5s)
Total CPU time used: 23.995 sec (0h:0m:23s)
Total wall-clock time used: 22.695 sec (0h:0m:22s)

Analysis results written to: 
  IQ-TREE report:                exp_baseline/m50_sel50_rep4/iqtree_out.iqtree
  Maximum-likelihood tree:       exp_baseline/m50_sel50_rep4/iqtree_out.treefile
  Likelihood distances:          exp_baseline/m50_sel50_rep4/iqtree_out.mldist
  Screen log file:               exp_baseline/m50_sel50_rep4/iqtree_out.log

Date and Time: Tue May 12 14:53:30 2026
