IQ-TREE version 3.1.1 for MacOS ARM 64-bit built Apr  8 2026
Developed by Bui Quang Minh, Thomas Wong, Nhan Ly-Trong, Huaiyan Ren
Contributed by Lam-Tung Nguyen, Dominik Schrempf, Chris Bielow,
Olga Chernomor, Michael Woodhams, Diep Thi Hoang, Heiko Schmidt

Host:    Noutbuk-maria.local (SSE4.2, 16 GB RAM)
Command: iqtree -s exp_stable_0.001/m10_sel2_rep1/neutral.fasta -m JC -nt AUTO -pre exp_stable_0.001/m10_sel2_rep1/iqtree_out -seed 3142 -redo
Seed:    3142 (Using SPRNG - Scalable Parallel Random Number Generator)
Time:    Sun May 17 03:36:48 2026
Kernel:  SSE2 - auto-detect threads (8 CPU cores detected)

Reading alignment file exp_stable_0.001/m10_sel2_rep1/neutral.fasta ... Fasta format detected
Reading fasta file: done in 0.00116897 secs using 89.91% CPU
Alignment most likely contains DNA/RNA sequences
Constructing alignment: done in 0.00116897 secs using 54.92% CPU
Alignment has 50 sequences with 3000 columns, 81 distinct patterns
12 parsimony-informative, 67 singleton sites, 2921 constant sites
          Gap/Ambiguity  Composition  p-value
Analyzing sequences: done in 3.09944e-05 secs using 51.62% CPU
   1  taxon_1     0.00%    passed     99.92%
   2  taxon_2     0.00%    passed     99.98%
   3  taxon_3     0.00%    passed     99.99%
   4  taxon_4     0.00%    passed     99.94%
   5  taxon_5     0.00%    passed     99.95%
   6  taxon_6     0.00%    passed     99.86%
   7  taxon_7     0.00%    passed     99.99%
   8  taxon_8     0.00%    passed    100.00%
   9  taxon_9     0.00%    passed     99.99%
  10  taxon_10    0.00%    passed     99.99%
  11  taxon_11    0.00%    passed     99.99%
  12  taxon_12    0.00%    passed    100.00%
  13  taxon_13    0.00%    passed     99.98%
  14  taxon_14    0.00%    passed     99.98%
  15  taxon_15    0.00%    passed     99.99%
  16  taxon_16    0.00%    passed     99.97%
  17  taxon_17    0.00%    passed    100.00%
  18  taxon_18    0.00%    passed     99.97%
  19  taxon_19    0.00%    passed    100.00%
  20  taxon_20    0.00%    passed     99.99%
  21  taxon_21    0.00%    passed    100.00%
  22  taxon_22    0.00%    passed    100.00%
  23  taxon_23    0.00%    passed    100.00%
  24  taxon_24    0.00%    passed    100.00%
  25  taxon_25    0.00%    passed    100.00%
  26  taxon_26    0.00%    passed     99.98%
  27  taxon_27    0.00%    passed     99.99%
  28  taxon_28    0.00%    passed     99.96%
  29  taxon_29    0.00%    passed     99.96%
  30  taxon_30    0.00%    passed     99.99%
  31  taxon_31    0.00%    passed     99.99%
  32  taxon_32    0.00%    passed     99.99%
  33  taxon_33    0.00%    passed    100.00%
  34  taxon_34    0.00%    passed    100.00%
  35  taxon_35    0.00%    passed     99.97%
  36  taxon_36    0.00%    passed    100.00%
  37  taxon_37    0.00%    passed    100.00%
  38  taxon_38    0.00%    passed     99.98%
  39  taxon_39    0.00%    passed     99.99%
  40  taxon_40    0.00%    passed     99.99%
  41  taxon_41    0.00%    passed    100.00%
  42  taxon_42    0.00%    passed    100.00%
  43  taxon_43    0.00%    passed    100.00%
  44  taxon_44    0.00%    passed    100.00%
  45  taxon_45    0.00%    passed     99.99%
  46  taxon_46    0.00%    passed    100.00%
  47  taxon_47    0.00%    passed    100.00%
  48  taxon_48    0.00%    passed     99.97%
  49  taxon_49    0.00%    passed     99.99%
  50  taxon_50    0.00%    passed     99.99%
****  TOTAL       0.00%  0 sequences failed composition chi2 test (p-value<5%; df=3)
NOTE: taxon_7 is identical to taxon_3 but kept for subsequent analysis
NOTE: taxon_22 is identical to taxon_17 but kept for subsequent analysis
Checking for duplicate sequences: done in 6.38962e-05 secs using 54.78% CPU
Identifying sites to remove: done in 0.000663042 secs using 98.79% CPU
NOTE: 3 identical sequences (see below) will be ignored for subsequent analysis
NOTE: taxon_23 (identical to taxon_17) is ignored but added at the end
NOTE: taxon_36 (identical to taxon_17) is ignored but added at the end
NOTE: taxon_37 (identical to taxon_17) is ignored but added at the end
Alignment was printed to exp_stable_0.001/m10_sel2_rep1/iqtree_out.uniqueseq.phy

For your convenience alignment with unique sequences printed to exp_stable_0.001/m10_sel2_rep1/iqtree_out.uniqueseq.phy

Create initial parsimony tree by phylogenetic likelihood library (PLL)... 0.002 seconds

NOTE: 0 MB RAM (0 GB) is required!
Measuring multi-threading efficiency up to 8 CPU cores
Increase to 10 rounds for branch lengths
12642 trees examined
Threads: 1 / Time: 8.000 sec / Speedup: 1.000 / Efficiency: 100% / LogL: -5243
Threads: 2 / Time: 24.921 sec / Speedup: 0.321 / Efficiency: 16% / LogL: -5243
Determining AUTO threadcount: done in 32.9216 secs using 72.6% CPU
BEST NUMBER OF THREADS: 1

Estimate model parameters (epsilon = 0.100)
1. Initial log-likelihood: -4919.535
Optimal log-likelihood: -4919.535
Rate parameters:  A-C: 1.00000  A-G: 1.00000  A-T: 1.00000  C-G: 1.00000  C-T: 1.00000  G-T: 1.00000
Base frequencies:  A: 0.250  C: 0.250  G: 0.250  T: 0.250
Parameters optimization took 1 rounds (0.000 sec)
Wrote distance file to... 
Computing ML distances based on estimated model parameters...
Calculating distance matrix: done in 0.00225496 secs using 74.81% CPU
Computing ML distances took 0.002284 sec (of wall-clock time) 0.001704 sec (of CPU time)
Setting up auxiliary I and S matrices: done in 4.00543e-05 secs using 77.39% CPU
Constructing RapidNJ tree: done in 0.000101805 secs using 174.8% CPU
Computing RapidNJ tree took 0.000167 sec (of wall-clock time) 0.000230 sec (of CPU time)
Log-likelihood of RapidNJ tree: -4919.678
--------------------------------------------------------------------
|             INITIALIZING CANDIDATE TREE SET                      |
--------------------------------------------------------------------
Generating 98 parsimony trees... 0.049 second
Computing log-likelihood of 98 initial trees ... 0.026 seconds
Current best score: -4919.535

Do NNI search on 20 best initial trees
Estimate model parameters (epsilon = 0.100)
BETTER TREE FOUND at iteration 1: -4919.535
Iteration 10 / LogL: -4919.535 / Time: 0h:0m:33s
Iteration 20 / LogL: -4919.535 / Time: 0h:0m:33s
Finish initializing candidate tree set (20)
Current best tree score: -4919.535 / CPU time: 0.099
Number of iterations: 20
--------------------------------------------------------------------
|               OPTIMIZING CANDIDATE TREE SET                      |
--------------------------------------------------------------------
Iteration 30 / LogL: -4926.365 / Time: 0h:0m:33s (0h:1m:20s left)
Iteration 40 / LogL: -4919.553 / Time: 0h:0m:33s (0h:0m:51s left)
Iteration 50 / LogL: -4924.372 / Time: 0h:0m:33s (0h:0m:34s left)
Iteration 60 / LogL: -4930.566 / Time: 0h:0m:33s (0h:0m:23s left)
Iteration 70 / LogL: -4926.361 / Time: 0h:0m:33s (0h:0m:14s left)
Iteration 80 / LogL: -4919.544 / Time: 0h:0m:33s (0h:0m:8s left)
Iteration 90 / LogL: -4919.547 / Time: 0h:0m:33s (0h:0m:4s left)
Iteration 100 / LogL: -4919.546 / Time: 0h:0m:33s (0h:0m:0s left)
TREE SEARCH COMPLETED AFTER 102 ITERATIONS / Time: 0h:0m:33s

--------------------------------------------------------------------
|                    FINALIZING TREE SEARCH                        |
--------------------------------------------------------------------
Performs final model parameters optimization
Estimate model parameters (epsilon = 0.010)
1. Initial log-likelihood: -4919.535
Optimal log-likelihood: -4919.535
Rate parameters:  A-C: 1.00000  A-G: 1.00000  A-T: 1.00000  C-G: 1.00000  C-T: 1.00000  G-T: 1.00000
Base frequencies:  A: 0.250  C: 0.250  G: 0.250  T: 0.250
Parameters optimization took 1 rounds (0.000 sec)
BEST SCORE FOUND : -4919.535
Total tree length: 0.027

Total number of iterations: 102
CPU time used for tree search: 0.342 sec (0h:0m:0s)
Wall-clock time used for tree search: 0.343 sec (0h:0m:0s)
Total CPU time used: 24.251 sec (0h:0m:24s)
Total wall-clock time used: 33.279 sec (0h:0m:33s)

Analysis results written to: 
  IQ-TREE report:                exp_stable_0.001/m10_sel2_rep1/iqtree_out.iqtree
  Maximum-likelihood tree:       exp_stable_0.001/m10_sel2_rep1/iqtree_out.treefile
  Likelihood distances:          exp_stable_0.001/m10_sel2_rep1/iqtree_out.mldist
  Screen log file:               exp_stable_0.001/m10_sel2_rep1/iqtree_out.log

Date and Time: Sun May 17 03:37:21 2026
