IQ-TREE version 3.1.1 for MacOS ARM 64-bit built Apr  8 2026
Developed by Bui Quang Minh, Thomas Wong, Nhan Ly-Trong, Huaiyan Ren
Contributed by Lam-Tung Nguyen, Dominik Schrempf, Chris Bielow,
Olga Chernomor, Michael Woodhams, Diep Thi Hoang, Heiko Schmidt

Host:    Noutbuk-maria.local (SSE4.2, 16 GB RAM)
Command: iqtree -s exp_stable_0.0001/m1_sel1_rep1/neutral.fasta -m JC -nt AUTO -pre exp_stable_0.0001/m1_sel1_rep1/iqtree_out -seed 1242 -redo
Seed:    1242 (Using SPRNG - Scalable Parallel Random Number Generator)
Time:    Sat May 16 17:46:18 2026
Kernel:  SSE2 - auto-detect threads (8 CPU cores detected)

Reading alignment file exp_stable_0.0001/m1_sel1_rep1/neutral.fasta ... Fasta format detected
Reading fasta file: done in 0.00118518 secs using 89.44% CPU
Alignment most likely contains DNA/RNA sequences
Constructing alignment: done in 0.00122905 secs using 56.71% CPU
Alignment has 50 sequences with 3000 columns, 395 distinct patterns
99 parsimony-informative, 438 singleton sites, 2463 constant sites
          Gap/Ambiguity  Composition  p-value
Analyzing sequences: done in 3.79086e-05 secs using 87.05% CPU
   1  taxon_1     0.00%    passed     99.63%
   2  taxon_2     0.00%    passed     99.39%
   3  taxon_3     0.00%    passed     99.99%
   4  taxon_4     0.00%    passed    100.00%
   5  taxon_5     0.00%    passed     99.73%
   6  taxon_6     0.00%    passed     99.71%
   7  taxon_7     0.00%    passed     99.75%
   8  taxon_8     0.00%    passed     99.98%
   9  taxon_9     0.00%    passed     99.81%
  10  taxon_10    0.00%    passed     99.94%
  11  taxon_11    0.00%    passed     99.95%
  12  taxon_12    0.00%    passed     99.84%
  13  taxon_13    0.00%    passed     99.96%
  14  taxon_14    0.00%    passed     99.90%
  15  taxon_15    0.00%    passed     99.75%
  16  taxon_16    0.00%    passed     99.90%
  17  taxon_17    0.00%    passed     99.01%
  18  taxon_18    0.00%    passed     99.86%
  19  taxon_19    0.00%    passed     99.83%
  20  taxon_20    0.00%    passed     99.82%
  21  taxon_21    0.00%    passed     99.79%
  22  taxon_22    0.00%    passed     99.69%
  23  taxon_23    0.00%    passed     99.85%
  24  taxon_24    0.00%    passed     99.78%
  25  taxon_25    0.00%    passed     99.91%
  26  taxon_26    0.00%    passed     99.99%
  27  taxon_27    0.00%    passed     99.98%
  28  taxon_28    0.00%    passed     99.85%
  29  taxon_29    0.00%    passed     99.86%
  30  taxon_30    0.00%    passed    100.00%
  31  taxon_31    0.00%    passed     99.40%
  32  taxon_32    0.00%    passed     99.95%
  33  taxon_33    0.00%    passed     99.68%
  34  taxon_34    0.00%    passed     99.85%
  35  taxon_35    0.00%    passed     99.99%
  36  taxon_36    0.00%    passed     99.59%
  37  taxon_37    0.00%    passed     99.69%
  38  taxon_38    0.00%    passed     99.98%
  39  taxon_39    0.00%    passed     99.34%
  40  taxon_40    0.00%    passed     98.23%
  41  taxon_41    0.00%    passed    100.00%
  42  taxon_42    0.00%    passed     98.81%
  43  taxon_43    0.00%    passed     99.83%
  44  taxon_44    0.00%    passed     99.80%
  45  taxon_45    0.00%    passed     99.80%
  46  taxon_46    0.00%    passed     99.99%
  47  taxon_47    0.00%    passed     99.89%
  48  taxon_48    0.00%    passed     98.91%
  49  taxon_49    0.00%    passed     99.69%
  50  taxon_50    0.00%    passed     99.97%
****  TOTAL       0.00%  0 sequences failed composition chi2 test (p-value<5%; df=3)
Checking for duplicate sequences: done in 8.08239e-05 secs using 73% CPU

Create initial parsimony tree by phylogenetic likelihood library (PLL)... 0.001 seconds

NOTE: 0 MB RAM (0 GB) is required!
Measuring multi-threading efficiency up to 8 CPU cores
Increase to 10 rounds for branch lengths
2461 trees examined
Threads: 1 / Time: 8.001 sec / Speedup: 1.000 / Efficiency: 100% / LogL: -11082
Threads: 2 / Time: 13.103 sec / Speedup: 0.611 / Efficiency: 31% / LogL: -11082
Determining AUTO threadcount: done in 21.1041 secs using 94.15% CPU
BEST NUMBER OF THREADS: 1

Estimate model parameters (epsilon = 0.100)
1. Initial log-likelihood: -8810.365
Optimal log-likelihood: -8810.362
Rate parameters:  A-C: 1.00000  A-G: 1.00000  A-T: 1.00000  C-G: 1.00000  C-T: 1.00000  G-T: 1.00000
Base frequencies:  A: 0.250  C: 0.250  G: 0.250  T: 0.250
Parameters optimization took 1 rounds (0.001 sec)
Wrote distance file to... 
Computing ML distances based on estimated model parameters...
Calculating distance matrix: done in 0.00263095 secs using 78.79% CPU
Computing ML distances took 0.002681 sec (of wall-clock time) 0.002116 sec (of CPU time)
Setting up auxiliary I and S matrices: done in 4.69685e-05 secs using 76.65% CPU
Constructing RapidNJ tree: done in 0.000128031 secs using 88.26% CPU
Computing RapidNJ tree took 0.000194 sec (of wall-clock time) 0.000157 sec (of CPU time)
Log-likelihood of RapidNJ tree: -8854.998
--------------------------------------------------------------------
|             INITIALIZING CANDIDATE TREE SET                      |
--------------------------------------------------------------------
Generating 98 parsimony trees... 0.097 second
Computing log-likelihood of 98 initial trees ... 0.080 seconds
Current best score: -8810.362

Do NNI search on 20 best initial trees
Estimate model parameters (epsilon = 0.100)
BETTER TREE FOUND at iteration 1: -8810.361
UPDATE BEST LOG-LIKELIHOOD: -8810.361
Iteration 10 / LogL: -8810.361 / Time: 0h:0m:21s
BETTER TREE FOUND at iteration 12: -8810.361
Iteration 20 / LogL: -8810.361 / Time: 0h:0m:21s
Finish initializing candidate tree set (18)
Current best tree score: -8810.361 / CPU time: 0.304
Number of iterations: 20
--------------------------------------------------------------------
|               OPTIMIZING CANDIDATE TREE SET                      |
--------------------------------------------------------------------
Iteration 30 / LogL: -8810.376 / Time: 0h:0m:21s (0h:1m:0s left)
Iteration 40 / LogL: -8823.444 / Time: 0h:0m:21s (0h:0m:40s left)
Iteration 50 / LogL: -8810.394 / Time: 0h:0m:21s (0h:0m:27s left)
Iteration 60 / LogL: -8810.382 / Time: 0h:0m:21s (0h:0m:19s left)
Iteration 70 / LogL: -8810.365 / Time: 0h:0m:22s (0h:0m:13s left)
Iteration 80 / LogL: -8810.375 / Time: 0h:0m:22s (0h:0m:8s left)
Iteration 90 / LogL: -8810.375 / Time: 0h:0m:22s (0h:0m:5s left)
Iteration 100 / LogL: -8810.372 / Time: 0h:0m:22s (0h:0m:2s left)
Iteration 110 / LogL: -8810.375 / Time: 0h:0m:22s (0h:0m:0s left)
TREE SEARCH COMPLETED AFTER 113 ITERATIONS / Time: 0h:0m:22s

--------------------------------------------------------------------
|                    FINALIZING TREE SEARCH                        |
--------------------------------------------------------------------
Performs final model parameters optimization
Estimate model parameters (epsilon = 0.010)
1. Initial log-likelihood: -8810.361
Optimal log-likelihood: -8810.361
Rate parameters:  A-C: 1.00000  A-G: 1.00000  A-T: 1.00000  C-G: 1.00000  C-T: 1.00000  G-T: 1.00000
Base frequencies:  A: 0.250  C: 0.250  G: 0.250  T: 0.250
Parameters optimization took 1 rounds (0.002 sec)
BEST SCORE FOUND : -8810.361
Total tree length: 0.199

Total number of iterations: 113
CPU time used for tree search: 1.541 sec (0h:0m:1s)
Wall-clock time used for tree search: 1.544 sec (0h:0m:1s)
Total CPU time used: 21.424 sec (0h:0m:21s)
Total wall-clock time used: 22.666 sec (0h:0m:22s)

Analysis results written to: 
  IQ-TREE report:                exp_stable_0.0001/m1_sel1_rep1/iqtree_out.iqtree
  Maximum-likelihood tree:       exp_stable_0.0001/m1_sel1_rep1/iqtree_out.treefile
  Likelihood distances:          exp_stable_0.0001/m1_sel1_rep1/iqtree_out.mldist
  Screen log file:               exp_stable_0.0001/m1_sel1_rep1/iqtree_out.log

Date and Time: Sat May 16 17:46:40 2026
