IQ-TREE version 3.1.1 for MacOS ARM 64-bit built Apr  8 2026
Developed by Bui Quang Minh, Thomas Wong, Nhan Ly-Trong, Huaiyan Ren
Contributed by Lam-Tung Nguyen, Dominik Schrempf, Chris Bielow,
Olga Chernomor, Michael Woodhams, Diep Thi Hoang, Heiko Schmidt

Host:    Noutbuk-maria.local (SSE4.2, 16 GB RAM)
Command: iqtree -s exp_baseline/m50_sel200_rep1/combined.fasta -m JC -nt AUTO -pre exp_baseline/m50_sel200_rep1/iqtree_out -seed 205142 -redo
Seed:    205142 (Using SPRNG - Scalable Parallel Random Number Generator)
Time:    Tue May 12 14:54:15 2026
Kernel:  SSE2 - auto-detect threads (8 CPU cores detected)

Reading alignment file exp_baseline/m50_sel200_rep1/combined.fasta ... Fasta format detected
Reading fasta file: done in 0.000538111 secs using 89.2% CPU
Alignment most likely contains DNA/RNA sequences
Constructing alignment: done in 0.00100994 secs using 57.73% CPU
Alignment has 30 sequences with 2200 columns, 2014 distinct patterns
2198 parsimony-informative, 0 singleton sites, 2 constant sites
          Gap/Ambiguity  Composition  p-value
Analyzing sequences: done in 6.48499e-05 secs using 175.8% CPU
   1  taxon_1     0.00%    passed      8.25%
   2  taxon_2     0.00%    passed     72.23%
   3  taxon_3     0.00%    passed     29.16%
   4  taxon_4     0.00%    passed     60.22%
   5  taxon_5     0.00%    passed     89.53%
   6  taxon_6     0.00%    passed     25.68%
   7  taxon_7     0.00%    failed      3.68%
   8  taxon_8     0.00%    passed     78.09%
   9  taxon_9     0.00%    passed     82.12%
  10  taxon_10    0.00%    passed     72.94%
  11  taxon_11    0.00%    passed      8.45%
  12  taxon_12    0.00%    failed      4.31%
  13  taxon_13    0.00%    passed     79.49%
  14  taxon_14    0.00%    passed     32.96%
  15  taxon_15    0.00%    passed     50.72%
  16  taxon_16    0.00%    passed      7.92%
  17  taxon_17    0.00%    passed     56.91%
  18  taxon_18    0.00%    passed     22.50%
  19  taxon_19    0.00%    passed     13.85%
  20  taxon_20    0.00%    passed     87.13%
  21  taxon_21    0.00%    passed     34.33%
  22  taxon_22    0.00%    passed     44.21%
  23  taxon_23    0.00%    passed     95.43%
  24  taxon_24    0.00%    passed     81.18%
  25  taxon_25    0.00%    passed      5.90%
  26  taxon_26    0.00%    passed     36.15%
  27  taxon_27    0.00%    passed     98.29%
  28  taxon_28    0.00%    passed     76.37%
  29  taxon_29    0.00%    passed     66.09%
  30  taxon_30    0.00%    failed      4.44%
****  TOTAL       0.00%  3 sequences failed composition chi2 test (p-value<5%; df=3)
Checking for duplicate sequences: done in 0.000127077 secs using 92.07% CPU

Create initial parsimony tree by phylogenetic likelihood library (PLL)... 0.003 seconds

NOTE: 1 MB RAM (0 GB) is required!
Measuring multi-threading efficiency up to 8 CPU cores
Increase to 10 rounds for branch lengths
374 trees examined
Threads: 1 / Time: 8.003 sec / Speedup: 1.000 / Efficiency: 100% / LogL: -87712
Threads: 2 / Time: 8.715 sec / Speedup: 0.918 / Efficiency: 46% / LogL: -87712
Determining AUTO threadcount: done in 16.7189 secs using 107.4% CPU
BEST NUMBER OF THREADS: 1

Estimate model parameters (epsilon = 0.100)
1. Initial log-likelihood: -84336.860
Optimal log-likelihood: -83770.612
Rate parameters:  A-C: 1.00000  A-G: 1.00000  A-T: 1.00000  C-G: 1.00000  C-T: 1.00000  G-T: 1.00000
Base frequencies:  A: 0.250  C: 0.250  G: 0.250  T: 0.250
Parameters optimization took 1 rounds (0.014 sec)
Wrote distance file to... 
Computing ML distances based on estimated model parameters...
Calculating distance matrix: done in 0.00131488 secs using 99.1% CPU
Computing ML distances took 0.001447 sec (of wall-clock time) 0.001429 sec (of CPU time)
WARNING: Some pairwise ML distances are too long (saturated)
Setting up auxiliary I and S matrices: done in 3.00407e-05 secs using 63.25% CPU
Constructing RapidNJ tree: done in 4.69685e-05 secs using 87.29% CPU
Computing RapidNJ tree took 0.000100 sec (of wall-clock time) 0.000069 sec (of CPU time)
Log-likelihood of RapidNJ tree: -85520.634
--------------------------------------------------------------------
|             INITIALIZING CANDIDATE TREE SET                      |
--------------------------------------------------------------------
Generating 98 parsimony trees... 0.294 second
Computing log-likelihood of 98 initial trees ... 0.245 seconds
Current best score: -83770.612

Do NNI search on 20 best initial trees
Estimate model parameters (epsilon = 0.100)
BETTER TREE FOUND at iteration 1: -83759.636
Estimate model parameters (epsilon = 0.100)
BETTER TREE FOUND at iteration 2: -83711.844
Estimate model parameters (epsilon = 0.100)
BETTER TREE FOUND at iteration 3: -83677.884
Iteration 10 / LogL: -83706.538 / Time: 0h:0m:17s
Iteration 20 / LogL: -83724.256 / Time: 0h:0m:18s
Finish initializing candidate tree set (11)
Current best tree score: -83677.884 / CPU time: 1.641
Number of iterations: 20
--------------------------------------------------------------------
|               OPTIMIZING CANDIDATE TREE SET                      |
--------------------------------------------------------------------
Estimate model parameters (epsilon = 0.100)
BETTER TREE FOUND at iteration 22: -83675.805
Iteration 30 / LogL: -83678.710 / Time: 0h:0m:19s (0h:1m:0s left)
Iteration 40 / LogL: -83679.066 / Time: 0h:0m:19s (0h:0m:41s left)
UPDATE BEST LOG-LIKELIHOOD: -83675.801
Iteration 50 / LogL: -83684.401 / Time: 0h:0m:20s (0h:0m:29s left)
Estimate model parameters (epsilon = 0.100)
UPDATE BEST LOG-LIKELIHOOD: -83675.725
Iteration 60 / LogL: -83678.547 / Time: 0h:0m:20s (0h:0m:21s left)
Iteration 70 / LogL: -83678.573 / Time: 0h:0m:21s (0h:0m:16s left)
Iteration 80 / LogL: -83679.068 / Time: 0h:0m:22s (0h:0m:11s left)
Iteration 90 / LogL: -83681.100 / Time: 0h:0m:22s (0h:0m:8s left)
Iteration 100 / LogL: -83687.583 / Time: 0h:0m:23s (0h:0m:5s left)
Iteration 110 / LogL: -83678.007 / Time: 0h:0m:23s (0h:0m:2s left)
Iteration 120 / LogL: -83692.956 / Time: 0h:0m:24s (0h:0m:0s left)
TREE SEARCH COMPLETED AFTER 123 ITERATIONS / Time: 0h:0m:24s

--------------------------------------------------------------------
|                    FINALIZING TREE SEARCH                        |
--------------------------------------------------------------------
Performs final model parameters optimization
Estimate model parameters (epsilon = 0.010)
1. Initial log-likelihood: -83675.725
Optimal log-likelihood: -83675.723
Rate parameters:  A-C: 1.00000  A-G: 1.00000  A-T: 1.00000  C-G: 1.00000  C-T: 1.00000  G-T: 1.00000
Base frequencies:  A: 0.250  C: 0.250  G: 0.250  T: 0.250
Parameters optimization took 1 rounds (0.003 sec)
BEST SCORE FOUND : -83675.723
Total tree length: 22.641

Total number of iterations: 123
CPU time used for tree search: 7.727 sec (0h:0m:7s)
Wall-clock time used for tree search: 7.760 sec (0h:0m:7s)
Total CPU time used: 25.735 sec (0h:0m:25s)
Total wall-clock time used: 24.536 sec (0h:0m:24s)

Analysis results written to: 
  IQ-TREE report:                exp_baseline/m50_sel200_rep1/iqtree_out.iqtree
  Maximum-likelihood tree:       exp_baseline/m50_sel200_rep1/iqtree_out.treefile
  Likelihood distances:          exp_baseline/m50_sel200_rep1/iqtree_out.mldist
  Screen log file:               exp_baseline/m50_sel200_rep1/iqtree_out.log

Date and Time: Tue May 12 14:54:40 2026
