IQ-TREE version 3.1.1 for MacOS ARM 64-bit built Apr  8 2026
Developed by Bui Quang Minh, Thomas Wong, Nhan Ly-Trong, Huaiyan Ren
Contributed by Lam-Tung Nguyen, Dominik Schrempf, Chris Bielow,
Olga Chernomor, Michael Woodhams, Diep Thi Hoang, Heiko Schmidt

Host:    Noutbuk-maria.local (SSE4.2, 16 GB RAM)
Command: iqtree -s exp_baseline/m200_sel500_rep5/combined.fasta -m JC -nt AUTO -pre exp_baseline/m200_sel500_rep5/iqtree_out -seed 520542 -redo
Seed:    520542 (Using SPRNG - Scalable Parallel Random Number Generator)
Time:    Tue May 12 15:23:14 2026
Kernel:  SSE2 - auto-detect threads (8 CPU cores detected)

Reading alignment file exp_baseline/m200_sel500_rep5/combined.fasta ... Fasta format detected
Reading fasta file: done in 0.00060606 secs using 90.42% CPU
Alignment most likely contains DNA/RNA sequences
Constructing alignment: done in 0.00112605 secs using 56.21% CPU
Alignment has 30 sequences with 2500 columns, 2012 distinct patterns
2500 parsimony-informative, 0 singleton sites, 0 constant sites
          Gap/Ambiguity  Composition  p-value
Analyzing sequences: done in 6.10352e-05 secs using 190.1% CPU
   1  taxon_1     0.00%    failed      1.78%
   2  taxon_2     0.00%    passed      6.94%
   3  taxon_3     0.00%    failed      0.44%
   4  taxon_4     0.00%    passed     22.87%
   5  taxon_5     0.00%    failed      1.71%
   6  taxon_6     0.00%    passed     41.52%
   7  taxon_7     0.00%    passed     14.03%
   8  taxon_8     0.00%    passed     79.61%
   9  taxon_9     0.00%    passed      7.45%
  10  taxon_10    0.00%    passed     57.12%
  11  taxon_11    0.00%    passed     29.06%
  12  taxon_12    0.00%    failed      1.53%
  13  taxon_13    0.00%    passed     42.04%
  14  taxon_14    0.00%    passed     46.21%
  15  taxon_15    0.00%    passed     12.17%
  16  taxon_16    0.00%    failed      1.07%
  17  taxon_17    0.00%    passed      5.03%
  18  taxon_18    0.00%    passed     42.72%
  19  taxon_19    0.00%    passed     42.66%
  20  taxon_20    0.00%    passed     43.42%
  21  taxon_21    0.00%    passed      6.61%
  22  taxon_22    0.00%    passed     86.67%
  23  taxon_23    0.00%    passed     14.06%
  24  taxon_24    0.00%    failed      1.16%
  25  taxon_25    0.00%    passed     27.42%
  26  taxon_26    0.00%    passed     36.97%
  27  taxon_27    0.00%    passed     88.16%
  28  taxon_28    0.00%    passed     12.88%
  29  taxon_29    0.00%    passed     40.09%
  30  taxon_30    0.00%    passed     47.56%
****  TOTAL       0.00%  6 sequences failed composition chi2 test (p-value<5%; df=3)
Checking for duplicate sequences: done in 0.000132084 secs using 90.85% CPU

Create initial parsimony tree by phylogenetic likelihood library (PLL)... 0.002 seconds

NOTE: 1 MB RAM (0 GB) is required!
Measuring multi-threading efficiency up to 8 CPU cores
Increase to 10 rounds for branch lengths
398 trees examined
Threads: 1 / Time: 8.016 sec / Speedup: 1.000 / Efficiency: 100% / LogL: -95835
Threads: 2 / Time: 8.657 sec / Speedup: 0.926 / Efficiency: 46% / LogL: -95835
Determining AUTO threadcount: done in 16.673 secs using 108% CPU
BEST NUMBER OF THREADS: 1

Estimate model parameters (epsilon = 0.100)
1. Initial log-likelihood: -87661.218
Optimal log-likelihood: -87242.005
Rate parameters:  A-C: 1.00000  A-G: 1.00000  A-T: 1.00000  C-G: 1.00000  C-T: 1.00000  G-T: 1.00000
Base frequencies:  A: 0.250  C: 0.250  G: 0.250  T: 0.250
Parameters optimization took 1 rounds (0.010 sec)
Wrote distance file to... 
Computing ML distances based on estimated model parameters...
Calculating distance matrix: done in 0.0012331 secs using 98.45% CPU
Computing ML distances took 0.001371 sec (of wall-clock time) 0.001342 sec (of CPU time)
WARNING: Some pairwise ML distances are too long (saturated)
Setting up auxiliary I and S matrices: done in 2.40803e-05 secs using 74.75% CPU
Constructing RapidNJ tree: done in 4.79221e-05 secs using 160.7% CPU
Computing RapidNJ tree took 0.000095 sec (of wall-clock time) 0.000115 sec (of CPU time)
Log-likelihood of RapidNJ tree: -88469.576
--------------------------------------------------------------------
|             INITIALIZING CANDIDATE TREE SET                      |
--------------------------------------------------------------------
Generating 98 parsimony trees... 0.308 second
Computing log-likelihood of 98 initial trees ... 0.238 seconds
Current best score: -86950.666

Do NNI search on 20 best initial trees
Estimate model parameters (epsilon = 0.100)
BETTER TREE FOUND at iteration 1: -86818.625
Iteration 10 / LogL: -87023.532 / Time: 0h:0m:17s
Iteration 20 / LogL: -87119.766 / Time: 0h:0m:17s
Finish initializing candidate tree set (14)
Current best tree score: -86818.625 / CPU time: 1.220
Number of iterations: 20
--------------------------------------------------------------------
|               OPTIMIZING CANDIDATE TREE SET                      |
--------------------------------------------------------------------
Iteration 30 / LogL: -86898.518 / Time: 0h:0m:18s (0h:0m:45s left)
Iteration 40 / LogL: -86898.377 / Time: 0h:0m:18s (0h:0m:29s left)
Iteration 50 / LogL: -86898.762 / Time: 0h:0m:19s (0h:0m:20s left)
Iteration 60 / LogL: -86898.620 / Time: 0h:0m:19s (0h:0m:13s left)
Iteration 70 / LogL: -86819.312 / Time: 0h:0m:20s (0h:0m:9s left)
Iteration 80 / LogL: -86822.778 / Time: 0h:0m:20s (0h:0m:5s left)
Iteration 90 / LogL: -86894.885 / Time: 0h:0m:21s (0h:0m:2s left)
Iteration 100 / LogL: -86818.874 / Time: 0h:0m:21s (0h:0m:0s left)
TREE SEARCH COMPLETED AFTER 102 ITERATIONS / Time: 0h:0m:21s

--------------------------------------------------------------------
|                    FINALIZING TREE SEARCH                        |
--------------------------------------------------------------------
Performs final model parameters optimization
Estimate model parameters (epsilon = 0.010)
1. Initial log-likelihood: -86818.625
Optimal log-likelihood: -86818.624
Rate parameters:  A-C: 1.00000  A-G: 1.00000  A-T: 1.00000  C-G: 1.00000  C-T: 1.00000  G-T: 1.00000
Base frequencies:  A: 0.250  C: 0.250  G: 0.250  T: 0.250
Parameters optimization took 1 rounds (0.003 sec)
BEST SCORE FOUND : -86818.624
Total tree length: 15.812

Total number of iterations: 102
CPU time used for tree search: 4.855 sec (0h:0m:4s)
Wall-clock time used for tree search: 4.864 sec (0h:0m:4s)
Total CPU time used: 22.900 sec (0h:0m:22s)
Total wall-clock time used: 21.580 sec (0h:0m:21s)

Analysis results written to: 
  IQ-TREE report:                exp_baseline/m200_sel500_rep5/iqtree_out.iqtree
  Maximum-likelihood tree:       exp_baseline/m200_sel500_rep5/iqtree_out.treefile
  Likelihood distances:          exp_baseline/m200_sel500_rep5/iqtree_out.mldist
  Screen log file:               exp_baseline/m200_sel500_rep5/iqtree_out.log

Date and Time: Tue May 12 15:23:36 2026
