IQ-TREE version 3.1.1 for MacOS ARM 64-bit built Apr  8 2026
Developed by Bui Quang Minh, Thomas Wong, Nhan Ly-Trong, Huaiyan Ren
Contributed by Lam-Tung Nguyen, Dominik Schrempf, Chris Bielow,
Olga Chernomor, Michael Woodhams, Diep Thi Hoang, Heiko Schmidt

Host:    Noutbuk-maria.local (SSE4.2, 16 GB RAM)
Command: iqtree -s exp_baseline/m50_sel500_rep3/combined.fasta -m JC -nt AUTO -pre exp_baseline/m50_sel500_rep3/iqtree_out -seed 505342 -redo
Seed:    505342 (Using SPRNG - Scalable Parallel Random Number Generator)
Time:    Tue May 12 14:57:36 2026
Kernel:  SSE2 - auto-detect threads (8 CPU cores detected)

Reading alignment file exp_baseline/m50_sel500_rep3/combined.fasta ... Fasta format detected
Reading fasta file: done in 0.000584841 secs using 90.96% CPU
Alignment most likely contains DNA/RNA sequences
Constructing alignment: done in 0.00112414 secs using 56.04% CPU
Alignment has 30 sequences with 2500 columns, 2016 distinct patterns
2487 parsimony-informative, 0 singleton sites, 13 constant sites
          Gap/Ambiguity  Composition  p-value
Analyzing sequences: done in 5.07832e-05 secs using 242.2% CPU
   1  taxon_1     0.00%    passed     93.27%
   2  taxon_2     0.00%    passed     73.64%
   3  taxon_3     0.00%    passed     42.57%
   4  taxon_4     0.00%    passed     52.01%
   5  taxon_5     0.00%    passed     68.72%
   6  taxon_6     0.00%    passed     91.52%
   7  taxon_7     0.00%    failed      2.95%
   8  taxon_8     0.00%    passed     43.10%
   9  taxon_9     0.00%    passed     95.10%
  10  taxon_10    0.00%    passed     21.52%
  11  taxon_11    0.00%    passed     59.08%
  12  taxon_12    0.00%    passed     42.05%
  13  taxon_13    0.00%    passed     87.19%
  14  taxon_14    0.00%    failed      0.87%
  15  taxon_15    0.00%    passed     25.00%
  16  taxon_16    0.00%    passed     84.58%
  17  taxon_17    0.00%    passed     80.85%
  18  taxon_18    0.00%    passed     18.31%
  19  taxon_19    0.00%    passed     55.07%
  20  taxon_20    0.00%    passed     61.43%
  21  taxon_21    0.00%    passed     99.29%
  22  taxon_22    0.00%    passed     28.42%
  23  taxon_23    0.00%    passed     70.54%
  24  taxon_24    0.00%    passed     25.23%
  25  taxon_25    0.00%    passed      9.49%
  26  taxon_26    0.00%    passed     50.13%
  27  taxon_27    0.00%    passed     81.88%
  28  taxon_28    0.00%    passed     46.11%
  29  taxon_29    0.00%    failed      2.23%
  30  taxon_30    0.00%    passed     95.57%
****  TOTAL       0.00%  3 sequences failed composition chi2 test (p-value<5%; df=3)
Checking for duplicate sequences: done in 0.000136137 secs using 91.08% CPU

Create initial parsimony tree by phylogenetic likelihood library (PLL)... 0.002 seconds

NOTE: 1 MB RAM (0 GB) is required!
Measuring multi-threading efficiency up to 8 CPU cores
Increase to 10 rounds for branch lengths
397 trees examined
Threads: 1 / Time: 8.008 sec / Speedup: 1.000 / Efficiency: 100% / LogL: -95580
Threads: 2 / Time: 8.542 sec / Speedup: 0.937 / Efficiency: 47% / LogL: -95580
Determining AUTO threadcount: done in 16.5498 secs using 108.5% CPU
BEST NUMBER OF THREADS: 1

Estimate model parameters (epsilon = 0.100)
1. Initial log-likelihood: -88408.285
Optimal log-likelihood: -87846.349
Rate parameters:  A-C: 1.00000  A-G: 1.00000  A-T: 1.00000  C-G: 1.00000  C-T: 1.00000  G-T: 1.00000
Base frequencies:  A: 0.250  C: 0.250  G: 0.250  T: 0.250
Parameters optimization took 1 rounds (0.009 sec)
Wrote distance file to... 
Computing ML distances based on estimated model parameters...
Calculating distance matrix: done in 0.00134706 secs using 99.25% CPU
Computing ML distances took 0.001485 sec (of wall-clock time) 0.001465 sec (of CPU time)
WARNING: Some pairwise ML distances are too long (saturated)
Setting up auxiliary I and S matrices: done in 2.5034e-05 secs using 67.91% CPU
Constructing RapidNJ tree: done in 4.50611e-05 secs using 162% CPU
Computing RapidNJ tree took 0.000094 sec (of wall-clock time) 0.000110 sec (of CPU time)
Log-likelihood of RapidNJ tree: -89057.390
--------------------------------------------------------------------
|             INITIALIZING CANDIDATE TREE SET                      |
--------------------------------------------------------------------
Generating 98 parsimony trees... 0.306 second
Computing log-likelihood of 98 initial trees ... 0.240 seconds
Current best score: -87846.349

Do NNI search on 20 best initial trees
Estimate model parameters (epsilon = 0.100)
BETTER TREE FOUND at iteration 1: -87812.559
Estimate model parameters (epsilon = 0.100)
BETTER TREE FOUND at iteration 3: -87812.507
Iteration 10 / LogL: -88017.027 / Time: 0h:0m:17s
Iteration 20 / LogL: -88164.844 / Time: 0h:0m:18s
Finish initializing candidate tree set (9)
Current best tree score: -87812.507 / CPU time: 1.506
Number of iterations: 20
--------------------------------------------------------------------
|               OPTIMIZING CANDIDATE TREE SET                      |
--------------------------------------------------------------------
Iteration 30 / LogL: -87814.105 / Time: 0h:0m:18s (0h:0m:47s left)
Iteration 40 / LogL: -87827.405 / Time: 0h:0m:19s (0h:0m:31s left)
Iteration 50 / LogL: -87907.103 / Time: 0h:0m:19s (0h:0m:21s left)
Iteration 60 / LogL: -87812.872 / Time: 0h:0m:20s (0h:0m:14s left)
Iteration 70 / LogL: -88103.130 / Time: 0h:0m:20s (0h:0m:9s left)
Iteration 80 / LogL: -87812.873 / Time: 0h:0m:21s (0h:0m:6s left)
Iteration 90 / LogL: -87812.508 / Time: 0h:0m:22s (0h:0m:3s left)
Iteration 100 / LogL: -87812.558 / Time: 0h:0m:22s (0h:0m:0s left)
TREE SEARCH COMPLETED AFTER 104 ITERATIONS / Time: 0h:0m:22s

--------------------------------------------------------------------
|                    FINALIZING TREE SEARCH                        |
--------------------------------------------------------------------
Performs final model parameters optimization
Estimate model parameters (epsilon = 0.010)
1. Initial log-likelihood: -87812.507
Optimal log-likelihood: -87812.507
Rate parameters:  A-C: 1.00000  A-G: 1.00000  A-T: 1.00000  C-G: 1.00000  C-T: 1.00000  G-T: 1.00000
Base frequencies:  A: 0.250  C: 0.250  G: 0.250  T: 0.250
Parameters optimization took 1 rounds (0.003 sec)
BEST SCORE FOUND : -87812.507
Total tree length: 15.923

Total number of iterations: 104
CPU time used for tree search: 6.194 sec (0h:0m:6s)
Wall-clock time used for tree search: 6.208 sec (0h:0m:6s)
Total CPU time used: 24.217 sec (0h:0m:24s)
Total wall-clock time used: 22.829 sec (0h:0m:22s)

Analysis results written to: 
  IQ-TREE report:                exp_baseline/m50_sel500_rep3/iqtree_out.iqtree
  Maximum-likelihood tree:       exp_baseline/m50_sel500_rep3/iqtree_out.treefile
  Likelihood distances:          exp_baseline/m50_sel500_rep3/iqtree_out.mldist
  Screen log file:               exp_baseline/m50_sel500_rep3/iqtree_out.log

Date and Time: Tue May 12 14:57:59 2026
