IQ-TREE version 3.1.1 for MacOS ARM 64-bit built Apr  8 2026
Developed by Bui Quang Minh, Thomas Wong, Nhan Ly-Trong, Huaiyan Ren
Contributed by Lam-Tung Nguyen, Dominik Schrempf, Chris Bielow,
Olga Chernomor, Michael Woodhams, Diep Thi Hoang, Heiko Schmidt

Host:    Noutbuk-maria.local (SSE4.2, 16 GB RAM)
Command: iqtree -s exp_stable_0.001/m0_sel1_rep4/neutral.fasta -m JC -nt AUTO -pre exp_stable_0.001/m0_sel1_rep4/iqtree_out -seed 1442 -redo
Seed:    1442 (Using SPRNG - Scalable Parallel Random Number Generator)
Time:    Mon May 18 22:50:18 2026
Kernel:  SSE2 - auto-detect threads (8 CPU cores detected)

Reading alignment file exp_stable_0.001/m0_sel1_rep4/neutral.fasta ... Fasta format detected
Reading fasta file: done in 0.00120401 secs using 89.04% CPU
Alignment most likely contains DNA/RNA sequences
Constructing alignment: done in 0.00153613 secs using 64.84% CPU
Alignment has 50 sequences with 3000 columns, 2925 distinct patterns
2652 parsimony-informative, 303 singleton sites, 45 constant sites
          Gap/Ambiguity  Composition  p-value
Analyzing sequences: done in 9.41753e-05 secs using 323.9% CPU
   1  taxon_1     0.00%    passed     99.63%
   2  taxon_2     0.00%    passed     70.14%
   3  taxon_3     0.00%    passed     87.44%
   4  taxon_4     0.00%    passed     88.54%
   5  taxon_5     0.00%    passed     90.10%
   6  taxon_6     0.00%    passed     78.29%
   7  taxon_7     0.00%    passed     93.91%
   8  taxon_8     0.00%    passed     51.52%
   9  taxon_9     0.00%    passed     52.03%
  10  taxon_10    0.00%    passed     27.56%
  11  taxon_11    0.00%    passed     83.29%
  12  taxon_12    0.00%    passed     97.49%
  13  taxon_13    0.00%    passed     74.57%
  14  taxon_14    0.00%    passed     38.15%
  15  taxon_15    0.00%    passed     85.56%
  16  taxon_16    0.00%    passed     68.17%
  17  taxon_17    0.00%    passed     91.88%
  18  taxon_18    0.00%    passed     82.40%
  19  taxon_19    0.00%    passed     30.39%
  20  taxon_20    0.00%    passed     66.65%
  21  taxon_21    0.00%    passed     95.55%
  22  taxon_22    0.00%    passed     67.90%
  23  taxon_23    0.00%    passed     86.46%
  24  taxon_24    0.00%    passed     70.33%
  25  taxon_25    0.00%    passed     98.64%
  26  taxon_26    0.00%    passed     91.08%
  27  taxon_27    0.00%    passed     96.18%
  28  taxon_28    0.00%    passed     64.43%
  29  taxon_29    0.00%    passed     67.34%
  30  taxon_30    0.00%    passed     99.81%
  31  taxon_31    0.00%    passed     97.21%
  32  taxon_32    0.00%    passed     79.37%
  33  taxon_33    0.00%    passed     51.86%
  34  taxon_34    0.00%    passed     99.52%
  35  taxon_35    0.00%    passed     78.76%
  36  taxon_36    0.00%    passed     79.91%
  37  taxon_37    0.00%    passed     57.02%
  38  taxon_38    0.00%    passed     92.80%
  39  taxon_39    0.00%    passed     80.92%
  40  taxon_40    0.00%    passed     62.52%
  41  taxon_41    0.00%    passed     81.01%
  42  taxon_42    0.00%    passed     93.68%
  43  taxon_43    0.00%    passed     88.60%
  44  taxon_44    0.00%    passed     96.49%
  45  taxon_45    0.00%    passed     77.07%
  46  taxon_46    0.00%    passed     66.09%
  47  taxon_47    0.00%    passed     48.66%
  48  taxon_48    0.00%    passed     57.70%
  49  taxon_49    0.00%    passed     38.87%
  50  taxon_50    0.00%    passed     74.18%
****  TOTAL       0.00%  0 sequences failed composition chi2 test (p-value<5%; df=3)
Checking for duplicate sequences: done in 0.000284195 secs using 95.36% CPU

Create initial parsimony tree by phylogenetic likelihood library (PLL)... 0.004 seconds

NOTE: 4 MB RAM (0 GB) is required!
Measuring multi-threading efficiency up to 8 CPU cores
Increase to 10 rounds for branch lengths
253 trees examined
Threads: 1 / Time: 8.033 sec / Speedup: 1.000 / Efficiency: 100% / LogL: -90264
Threads: 2 / Time: 7.611 sec / Speedup: 1.055 / Efficiency: 53% / LogL: -90264
Threads: 3 / Time: 7.062 sec / Speedup: 1.137 / Efficiency: 38% / LogL: -90264
Determining AUTO threadcount: done in 22.7066 secs using 125.4% CPU
BEST NUMBER OF THREADS: 2

Estimate model parameters (epsilon = 0.100)
1. Initial log-likelihood: -61663.478
Optimal log-likelihood: -61581.322
Rate parameters:  A-C: 1.00000  A-G: 1.00000  A-T: 1.00000  C-G: 1.00000  C-T: 1.00000  G-T: 1.00000
Base frequencies:  A: 0.250  C: 0.250  G: 0.250  T: 0.250
Parameters optimization took 1 rounds (0.012 sec)
Wrote distance file to... 
Computing ML distances based on estimated model parameters...
Calculating distance matrix: done in 0.00336599 secs using 178.2% CPU
Computing ML distances took 0.003612 sec (of wall-clock time) 0.006397 sec (of CPU time)
Setting up auxiliary I and S matrices: done in 3.60012e-05 secs using 116.7% CPU
Constructing RapidNJ tree: done in 0.000839949 secs using 84.29% CPU
Computing RapidNJ tree took 0.000897 sec (of wall-clock time) 0.000760 sec (of CPU time)
Log-likelihood of RapidNJ tree: -61759.162
--------------------------------------------------------------------
|             INITIALIZING CANDIDATE TREE SET                      |
--------------------------------------------------------------------
Generating 98 parsimony trees... 0.459 second
Computing log-likelihood of 98 initial trees ... 0.595 seconds
Current best score: -61581.322

Do NNI search on 20 best initial trees
Estimate model parameters (epsilon = 0.100)
BETTER TREE FOUND at iteration 1: -61581.322
UPDATE BEST LOG-LIKELIHOOD: -61581.321
Iteration 10 / LogL: -61581.364 / Time: 0h:0m:24s
Iteration 20 / LogL: -61581.371 / Time: 0h:0m:25s
Finish initializing candidate tree set (1)
Current best tree score: -61581.321 / CPU time: 2.579
Number of iterations: 20
--------------------------------------------------------------------
|               OPTIMIZING CANDIDATE TREE SET                      |
--------------------------------------------------------------------
UPDATE BEST LOG-LIKELIHOOD: -61581.321
Iteration 30 / LogL: -61581.343 / Time: 0h:0m:26s (0h:1m:4s left)
Iteration 40 / LogL: -61581.378 / Time: 0h:0m:27s (0h:0m:42s left)
Iteration 50 / LogL: -61581.364 / Time: 0h:0m:28s (0h:0m:29s left)
Iteration 60 / LogL: -61581.322 / Time: 0h:0m:29s (0h:0m:20s left)
Iteration 70 / LogL: -61581.351 / Time: 0h:0m:30s (0h:0m:13s left)
UPDATE BEST LOG-LIKELIHOOD: -61581.321
Iteration 80 / LogL: -61581.507 / Time: 0h:0m:31s (0h:0m:8s left)
Iteration 90 / LogL: -61581.525 / Time: 0h:0m:32s (0h:0m:3s left)
Iteration 100 / LogL: -61581.832 / Time: 0h:0m:33s (0h:0m:0s left)
TREE SEARCH COMPLETED AFTER 102 ITERATIONS / Time: 0h:0m:33s

--------------------------------------------------------------------
|                    FINALIZING TREE SEARCH                        |
--------------------------------------------------------------------
Performs final model parameters optimization
Estimate model parameters (epsilon = 0.010)
1. Initial log-likelihood: -61581.321
Optimal log-likelihood: -61581.321
Rate parameters:  A-C: 1.00000  A-G: 1.00000  A-T: 1.00000  C-G: 1.00000  C-T: 1.00000  G-T: 1.00000
Base frequencies:  A: 0.250  C: 0.250  G: 0.250  T: 0.250
Parameters optimization took 1 rounds (0.009 sec)
BEST SCORE FOUND : -61581.321
Total tree length: 4.209

Total number of iterations: 102
CPU time used for tree search: 13.098 sec (0h:0m:13s)
Wall-clock time used for tree search: 10.698 sec (0h:0m:10s)
Total CPU time used: 41.648 sec (0h:0m:41s)
Total wall-clock time used: 33.460 sec (0h:0m:33s)

Analysis results written to: 
  IQ-TREE report:                exp_stable_0.001/m0_sel1_rep4/iqtree_out.iqtree
  Maximum-likelihood tree:       exp_stable_0.001/m0_sel1_rep4/iqtree_out.treefile
  Likelihood distances:          exp_stable_0.001/m0_sel1_rep4/iqtree_out.mldist
  Screen log file:               exp_stable_0.001/m0_sel1_rep4/iqtree_out.log

Date and Time: Mon May 18 22:50:51 2026
