IQ-TREE version 3.1.1 for MacOS ARM 64-bit built Apr  8 2026
Developed by Bui Quang Minh, Thomas Wong, Nhan Ly-Trong, Huaiyan Ren
Contributed by Lam-Tung Nguyen, Dominik Schrempf, Chris Bielow,
Olga Chernomor, Michael Woodhams, Diep Thi Hoang, Heiko Schmidt

Host:    Noutbuk-maria.local (SSE4.2, 16 GB RAM)
Command: iqtree -s exp_stable_0.0005/m5_sel1_rep4/neutral.fasta -m JC -nt AUTO -pre exp_stable_0.0005/m5_sel1_rep4/iqtree_out -seed 1942 -redo
Seed:    1942 (Using SPRNG - Scalable Parallel Random Number Generator)
Time:    Mon May 18 19:50:23 2026
Kernel:  SSE2 - auto-detect threads (8 CPU cores detected)

Reading alignment file exp_stable_0.0005/m5_sel1_rep4/neutral.fasta ... Fasta format detected
Reading fasta file: done in 0.00117683 secs using 89.82% CPU
Alignment most likely contains DNA/RNA sequences
Constructing alignment: done in 0.00119209 secs using 61.49% CPU
Alignment has 50 sequences with 3000 columns, 521 distinct patterns
127 parsimony-informative, 625 singleton sites, 2248 constant sites
          Gap/Ambiguity  Composition  p-value
Analyzing sequences: done in 4.3869e-05 secs using 109.4% CPU
   1  taxon_1     0.00%    passed     98.93%
   2  taxon_2     0.00%    passed     99.29%
   3  taxon_3     0.00%    passed     97.63%
   4  taxon_4     0.00%    passed     98.30%
   5  taxon_5     0.00%    passed     99.72%
   6  taxon_6     0.00%    passed     99.91%
   7  taxon_7     0.00%    passed     99.62%
   8  taxon_8     0.00%    passed     99.03%
   9  taxon_9     0.00%    passed     99.03%
  10  taxon_10    0.00%    passed     99.57%
  11  taxon_11    0.00%    passed     98.88%
  12  taxon_12    0.00%    passed     99.33%
  13  taxon_13    0.00%    passed     99.90%
  14  taxon_14    0.00%    passed     99.92%
  15  taxon_15    0.00%    passed     99.57%
  16  taxon_16    0.00%    passed     99.92%
  17  taxon_17    0.00%    passed     99.40%
  18  taxon_18    0.00%    passed     99.94%
  19  taxon_19    0.00%    passed     99.93%
  20  taxon_20    0.00%    passed     99.91%
  21  taxon_21    0.00%    passed     99.96%
  22  taxon_22    0.00%    passed     99.97%
  23  taxon_23    0.00%    passed     99.42%
  24  taxon_24    0.00%    passed     99.65%
  25  taxon_25    0.00%    passed     99.96%
  26  taxon_26    0.00%    passed     99.52%
  27  taxon_27    0.00%    passed     99.98%
  28  taxon_28    0.00%    passed     99.86%
  29  taxon_29    0.00%    passed     99.98%
  30  taxon_30    0.00%    passed     99.53%
  31  taxon_31    0.00%    passed     99.25%
  32  taxon_32    0.00%    passed     99.38%
  33  taxon_33    0.00%    passed     99.79%
  34  taxon_34    0.00%    passed     99.25%
  35  taxon_35    0.00%    passed     99.71%
  36  taxon_36    0.00%    passed     99.59%
  37  taxon_37    0.00%    passed     99.30%
  38  taxon_38    0.00%    passed     99.57%
  39  taxon_39    0.00%    passed     99.84%
  40  taxon_40    0.00%    passed     99.35%
  41  taxon_41    0.00%    passed     99.69%
  42  taxon_42    0.00%    passed     99.98%
  43  taxon_43    0.00%    passed     97.24%
  44  taxon_44    0.00%    passed     99.09%
  45  taxon_45    0.00%    passed     99.65%
  46  taxon_46    0.00%    passed     99.33%
  47  taxon_47    0.00%    passed     99.60%
  48  taxon_48    0.00%    passed     99.50%
  49  taxon_49    0.00%    passed     99.47%
  50  taxon_50    0.00%    passed     99.31%
****  TOTAL       0.00%  0 sequences failed composition chi2 test (p-value<5%; df=3)
Checking for duplicate sequences: done in 8.01086e-05 secs using 81.14% CPU

Create initial parsimony tree by phylogenetic likelihood library (PLL)... 0.002 seconds

NOTE: 0 MB RAM (0 GB) is required!
Measuring multi-threading efficiency up to 8 CPU cores
Increase to 10 rounds for branch lengths
2133 trees examined
Threads: 1 / Time: 8.002 sec / Speedup: 1.000 / Efficiency: 100% / LogL: -12445
Threads: 2 / Time: 11.214 sec / Speedup: 0.714 / Efficiency: 36% / LogL: -12445
Determining AUTO threadcount: done in 19.2163 secs using 99.36% CPU
BEST NUMBER OF THREADS: 1

Estimate model parameters (epsilon = 0.100)
1. Initial log-likelihood: -10512.255
Optimal log-likelihood: -10512.250
Rate parameters:  A-C: 1.00000  A-G: 1.00000  A-T: 1.00000  C-G: 1.00000  C-T: 1.00000  G-T: 1.00000
Base frequencies:  A: 0.250  C: 0.250  G: 0.250  T: 0.250
Parameters optimization took 1 rounds (0.002 sec)
Wrote distance file to... 
Computing ML distances based on estimated model parameters...
Calculating distance matrix: done in 0.00218081 secs using 89.14% CPU
Computing ML distances took 0.002244 sec (of wall-clock time) 0.001999 sec (of CPU time)
Setting up auxiliary I and S matrices: done in 4.50611e-05 secs using 95.43% CPU
Constructing RapidNJ tree: done in 0.000112057 secs using 172.2% CPU
Computing RapidNJ tree took 0.000178 sec (of wall-clock time) 0.000260 sec (of CPU time)
Log-likelihood of RapidNJ tree: -10547.558
--------------------------------------------------------------------
|             INITIALIZING CANDIDATE TREE SET                      |
--------------------------------------------------------------------
Generating 98 parsimony trees... 0.112 second
Computing log-likelihood of 98 initial trees ... 0.106 seconds
Current best score: -10511.412

Do NNI search on 20 best initial trees
Estimate model parameters (epsilon = 0.100)
BETTER TREE FOUND at iteration 1: -10511.410
Iteration 10 / LogL: -10511.410 / Time: 0h:0m:19s
Iteration 20 / LogL: -10511.414 / Time: 0h:0m:19s
Finish initializing candidate tree set (19)
Current best tree score: -10511.410 / CPU time: 0.350
Number of iterations: 20
--------------------------------------------------------------------
|               OPTIMIZING CANDIDATE TREE SET                      |
--------------------------------------------------------------------
Iteration 30 / LogL: -10511.422 / Time: 0h:0m:19s (0h:0m:48s left)
Iteration 40 / LogL: -10511.420 / Time: 0h:0m:19s (0h:0m:31s left)
Iteration 50 / LogL: -10511.424 / Time: 0h:0m:20s (0h:0m:20s left)
Iteration 60 / LogL: -10511.416 / Time: 0h:0m:20s (0h:0m:14s left)
Iteration 70 / LogL: -10511.423 / Time: 0h:0m:20s (0h:0m:9s left)
Iteration 80 / LogL: -10511.419 / Time: 0h:0m:20s (0h:0m:5s left)
Iteration 90 / LogL: -10511.430 / Time: 0h:0m:20s (0h:0m:2s left)
Iteration 100 / LogL: -10511.437 / Time: 0h:0m:20s (0h:0m:0s left)
TREE SEARCH COMPLETED AFTER 102 ITERATIONS / Time: 0h:0m:20s

--------------------------------------------------------------------
|                    FINALIZING TREE SEARCH                        |
--------------------------------------------------------------------
Performs final model parameters optimization
Estimate model parameters (epsilon = 0.010)
1. Initial log-likelihood: -10511.410
Optimal log-likelihood: -10511.410
Rate parameters:  A-C: 1.00000  A-G: 1.00000  A-T: 1.00000  C-G: 1.00000  C-T: 1.00000  G-T: 1.00000
Base frequencies:  A: 0.250  C: 0.250  G: 0.250  T: 0.250
Parameters optimization took 1 rounds (0.001 sec)
BEST SCORE FOUND : -10511.410
Total tree length: 0.283

Total number of iterations: 102
CPU time used for tree search: 1.703 sec (0h:0m:1s)
Wall-clock time used for tree search: 1.705 sec (0h:0m:1s)
Total CPU time used: 20.809 sec (0h:0m:20s)
Total wall-clock time used: 20.939 sec (0h:0m:20s)

Analysis results written to: 
  IQ-TREE report:                exp_stable_0.0005/m5_sel1_rep4/iqtree_out.iqtree
  Maximum-likelihood tree:       exp_stable_0.0005/m5_sel1_rep4/iqtree_out.treefile
  Likelihood distances:          exp_stable_0.0005/m5_sel1_rep4/iqtree_out.mldist
  Screen log file:               exp_stable_0.0005/m5_sel1_rep4/iqtree_out.log

Date and Time: Mon May 18 19:50:44 2026
