IQ-TREE version 3.1.1 for MacOS ARM 64-bit built Apr  8 2026
Developed by Bui Quang Minh, Thomas Wong, Nhan Ly-Trong, Huaiyan Ren
Contributed by Lam-Tung Nguyen, Dominik Schrempf, Chris Bielow,
Olga Chernomor, Michael Woodhams, Diep Thi Hoang, Heiko Schmidt

Host:    Noutbuk-maria.local (SSE4.2, 16 GB RAM)
Command: iqtree -s exp_baseline/m2_sel1000_rep1/combined.fasta -m JC -nt AUTO -pre exp_baseline/m2_sel1000_rep1/iqtree_out -seed 1000342 -redo
Seed:    1000342 (Using SPRNG - Scalable Parallel Random Number Generator)
Time:    Tue May 12 14:10:49 2026
Kernel:  SSE2 - auto-detect threads (8 CPU cores detected)

Reading alignment file exp_baseline/m2_sel1000_rep1/combined.fasta ... Fasta format detected
Reading fasta file: done in 0.000700951 secs using 91.16% CPU
Alignment most likely contains DNA/RNA sequences
Constructing alignment: done in 0.00134611 secs using 55.05% CPU
Alignment has 30 sequences with 3000 columns, 2016 distinct patterns
2655 parsimony-informative, 0 singleton sites, 345 constant sites
          Gap/Ambiguity  Composition  p-value
Analyzing sequences: done in 4.3869e-05 secs using 257.6% CPU
   1  taxon_1     0.00%    passed     60.16%
   2  taxon_2     0.00%    passed     99.39%
   3  taxon_3     0.00%    passed     67.97%
   4  taxon_4     0.00%    passed     52.59%
   5  taxon_5     0.00%    passed     97.15%
   6  taxon_6     0.00%    passed     20.58%
   7  taxon_7     0.00%    passed     92.30%
   8  taxon_8     0.00%    passed     57.89%
   9  taxon_9     0.00%    passed     97.80%
  10  taxon_10    0.00%    passed     57.77%
  11  taxon_11    0.00%    passed     29.43%
  12  taxon_12    0.00%    passed     10.30%
  13  taxon_13    0.00%    passed     63.81%
  14  taxon_14    0.00%    passed     60.92%
  15  taxon_15    0.00%    failed      4.36%
  16  taxon_16    0.00%    passed     91.58%
  17  taxon_17    0.00%    passed     84.21%
  18  taxon_18    0.00%    passed     20.75%
  19  taxon_19    0.00%    passed     86.84%
  20  taxon_20    0.00%    passed     25.04%
  21  taxon_21    0.00%    failed      4.17%
  22  taxon_22    0.00%    passed     28.81%
  23  taxon_23    0.00%    passed     21.81%
  24  taxon_24    0.00%    passed     62.15%
  25  taxon_25    0.00%    passed     58.64%
  26  taxon_26    0.00%    passed     45.53%
  27  taxon_27    0.00%    passed     17.69%
  28  taxon_28    0.00%    passed     40.28%
  29  taxon_29    0.00%    passed     70.79%
  30  taxon_30    0.00%    passed     58.07%
****  TOTAL       0.00%  2 sequences failed composition chi2 test (p-value<5%; df=3)
Checking for duplicate sequences: done in 0.000129938 secs using 89.27% CPU

Create initial parsimony tree by phylogenetic likelihood library (PLL)... 0.002 seconds

NOTE: 1 MB RAM (0 GB) is required!
Measuring multi-threading efficiency up to 8 CPU cores
Increase to 10 rounds for branch lengths
414 trees examined
Threads: 1 / Time: 8.002 sec / Speedup: 1.000 / Efficiency: 100% / LogL: -110902
Threads: 2 / Time: 8.713 sec / Speedup: 0.918 / Efficiency: 46% / LogL: -110902
Determining AUTO threadcount: done in 16.7158 secs using 108.3% CPU
BEST NUMBER OF THREADS: 1

Estimate model parameters (epsilon = 0.100)
1. Initial log-likelihood: -95959.205
Optimal log-likelihood: -95595.539
Rate parameters:  A-C: 1.00000  A-G: 1.00000  A-T: 1.00000  C-G: 1.00000  C-T: 1.00000  G-T: 1.00000
Base frequencies:  A: 0.250  C: 0.250  G: 0.250  T: 0.250
Parameters optimization took 1 rounds (0.009 sec)
Wrote distance file to... 
Computing ML distances based on estimated model parameters...
Calculating distance matrix: done in 0.00158 secs using 98.92% CPU
Computing ML distances took 0.001715 sec (of wall-clock time) 0.001692 sec (of CPU time)
Setting up auxiliary I and S matrices: done in 2.38419e-05 secs using 75.5% CPU
Constructing RapidNJ tree: done in 4.91142e-05 secs using 164.9% CPU
Computing RapidNJ tree took 0.000097 sec (of wall-clock time) 0.000119 sec (of CPU time)
Log-likelihood of RapidNJ tree: -96217.322
--------------------------------------------------------------------
|             INITIALIZING CANDIDATE TREE SET                      |
--------------------------------------------------------------------
Generating 98 parsimony trees... 0.340 second
Computing log-likelihood of 98 initial trees ... 0.231 seconds
Current best score: -95595.539

Do NNI search on 20 best initial trees
Estimate model parameters (epsilon = 0.100)
BETTER TREE FOUND at iteration 1: -95576.693
Estimate model parameters (epsilon = 0.100)
BETTER TREE FOUND at iteration 2: -95575.138
Estimate model parameters (epsilon = 0.100)
BETTER TREE FOUND at iteration 3: -95574.056
Estimate model parameters (epsilon = 0.100)
BETTER TREE FOUND at iteration 5: -95568.493
Estimate model parameters (epsilon = 0.100)
BETTER TREE FOUND at iteration 7: -95567.420
Iteration 10 / LogL: -95590.764 / Time: 0h:0m:17s
Iteration 20 / LogL: -95659.455 / Time: 0h:0m:18s
Finish initializing candidate tree set (18)
Current best tree score: -95567.420 / CPU time: 1.251
Number of iterations: 20
--------------------------------------------------------------------
|               OPTIMIZING CANDIDATE TREE SET                      |
--------------------------------------------------------------------
Iteration 30 / LogL: -95569.449 / Time: 0h:0m:18s (0h:0m:49s left)
Iteration 40 / LogL: -95568.542 / Time: 0h:0m:19s (0h:0m:32s left)
Iteration 50 / LogL: -95567.420 / Time: 0h:0m:19s (0h:0m:22s left)
Iteration 60 / LogL: -95568.549 / Time: 0h:0m:20s (0h:0m:16s left)
Iteration 70 / LogL: -95568.542 / Time: 0h:0m:20s (0h:0m:11s left)
Iteration 80 / LogL: -95568.492 / Time: 0h:0m:21s (0h:0m:7s left)
Iteration 90 / LogL: -95571.050 / Time: 0h:0m:21s (0h:0m:4s left)
Iteration 100 / LogL: -95568.501 / Time: 0h:0m:22s (0h:0m:1s left)
TREE SEARCH COMPLETED AFTER 108 ITERATIONS / Time: 0h:0m:22s

--------------------------------------------------------------------
|                    FINALIZING TREE SEARCH                        |
--------------------------------------------------------------------
Performs final model parameters optimization
Estimate model parameters (epsilon = 0.010)
1. Initial log-likelihood: -95567.420
Optimal log-likelihood: -95567.420
Rate parameters:  A-C: 1.00000  A-G: 1.00000  A-T: 1.00000  C-G: 1.00000  C-T: 1.00000  G-T: 1.00000
Base frequencies:  A: 0.250  C: 0.250  G: 0.250  T: 0.250
Parameters optimization took 1 rounds (0.003 sec)
BEST SCORE FOUND : -95567.420
Total tree length: 12.087

Total number of iterations: 108
CPU time used for tree search: 6.086 sec (0h:0m:6s)
Wall-clock time used for tree search: 6.118 sec (0h:0m:6s)
Total CPU time used: 24.235 sec (0h:0m:24s)
Total wall-clock time used: 22.878 sec (0h:0m:22s)

Analysis results written to: 
  IQ-TREE report:                exp_baseline/m2_sel1000_rep1/iqtree_out.iqtree
  Maximum-likelihood tree:       exp_baseline/m2_sel1000_rep1/iqtree_out.treefile
  Likelihood distances:          exp_baseline/m2_sel1000_rep1/iqtree_out.mldist
  Screen log file:               exp_baseline/m2_sel1000_rep1/iqtree_out.log

Date and Time: Tue May 12 14:11:11 2026
