IQ-TREE version 3.1.1 for MacOS ARM 64-bit built Apr  8 2026
Developed by Bui Quang Minh, Thomas Wong, Nhan Ly-Trong, Huaiyan Ren
Contributed by Lam-Tung Nguyen, Dominik Schrempf, Chris Bielow,
Olga Chernomor, Michael Woodhams, Diep Thi Hoang, Heiko Schmidt

Host:    Noutbuk-maria.local (SSE4.2, 16 GB RAM)
Command: iqtree -s exp_stable_0.001/m10_sel1_rep1/neutral.fasta -m JC -nt AUTO -pre exp_stable_0.001/m10_sel1_rep1/iqtree_out -seed 2142 -redo
Seed:    2142 (Using SPRNG - Scalable Parallel Random Number Generator)
Time:    Sun May 17 03:18:22 2026
Kernel:  SSE2 - auto-detect threads (8 CPU cores detected)

Reading alignment file exp_stable_0.001/m10_sel1_rep1/neutral.fasta ... Fasta format detected
Reading fasta file: done in 0.00118089 secs using 89.85% CPU
Alignment most likely contains DNA/RNA sequences
Constructing alignment: done in 0.001261 secs using 57.34% CPU
Alignment has 50 sequences with 3000 columns, 561 distinct patterns
107 parsimony-informative, 691 singleton sites, 2202 constant sites
          Gap/Ambiguity  Composition  p-value
Analyzing sequences: done in 4.00543e-05 secs using 122.3% CPU
   1  taxon_1     0.00%    passed     99.28%
   2  taxon_2     0.00%    passed     98.73%
   3  taxon_3     0.00%    passed     99.99%
   4  taxon_4     0.00%    passed     99.61%
   5  taxon_5     0.00%    passed     99.41%
   6  taxon_6     0.00%    passed     99.50%
   7  taxon_7     0.00%    passed     99.85%
   8  taxon_8     0.00%    passed     98.50%
   9  taxon_9     0.00%    passed     99.32%
  10  taxon_10    0.00%    passed     99.97%
  11  taxon_11    0.00%    passed     99.01%
  12  taxon_12    0.00%    passed     99.76%
  13  taxon_13    0.00%    passed     99.36%
  14  taxon_14    0.00%    passed     99.33%
  15  taxon_15    0.00%    passed     99.67%
  16  taxon_16    0.00%    passed     97.60%
  17  taxon_17    0.00%    passed     98.30%
  18  taxon_18    0.00%    passed     99.64%
  19  taxon_19    0.00%    passed     99.00%
  20  taxon_20    0.00%    passed     99.90%
  21  taxon_21    0.00%    passed     99.85%
  22  taxon_22    0.00%    passed     99.97%
  23  taxon_23    0.00%    passed     99.82%
  24  taxon_24    0.00%    passed     99.84%
  25  taxon_25    0.00%    passed     98.70%
  26  taxon_26    0.00%    passed     99.95%
  27  taxon_27    0.00%    passed     99.76%
  28  taxon_28    0.00%    passed     99.32%
  29  taxon_29    0.00%    passed     99.61%
  30  taxon_30    0.00%    passed     99.96%
  31  taxon_31    0.00%    passed     99.89%
  32  taxon_32    0.00%    passed     99.83%
  33  taxon_33    0.00%    passed    100.00%
  34  taxon_34    0.00%    passed     98.99%
  35  taxon_35    0.00%    passed     96.14%
  36  taxon_36    0.00%    passed     99.60%
  37  taxon_37    0.00%    passed     99.96%
  38  taxon_38    0.00%    passed     99.90%
  39  taxon_39    0.00%    passed     99.97%
  40  taxon_40    0.00%    passed     99.34%
  41  taxon_41    0.00%    passed     99.65%
  42  taxon_42    0.00%    passed     99.75%
  43  taxon_43    0.00%    passed     99.74%
  44  taxon_44    0.00%    passed     99.91%
  45  taxon_45    0.00%    passed     98.57%
  46  taxon_46    0.00%    passed     98.36%
  47  taxon_47    0.00%    passed     99.65%
  48  taxon_48    0.00%    passed     99.50%
  49  taxon_49    0.00%    passed     99.89%
  50  taxon_50    0.00%    passed     99.92%
****  TOTAL       0.00%  0 sequences failed composition chi2 test (p-value<5%; df=3)
Checking for duplicate sequences: done in 9.70364e-05 secs using 76.26% CPU

Create initial parsimony tree by phylogenetic likelihood library (PLL)... 0.002 seconds

NOTE: 0 MB RAM (0 GB) is required!
Measuring multi-threading efficiency up to 8 CPU cores
Increase to 10 rounds for branch lengths
1871 trees examined
Threads: 1 / Time: 8.002 sec / Speedup: 1.000 / Efficiency: 100% / LogL: -12205
Threads: 2 / Time: 10.860 sec / Speedup: 0.737 / Efficiency: 37% / LogL: -12205
Determining AUTO threadcount: done in 18.8627 secs using 100.4% CPU
BEST NUMBER OF THREADS: 1

Estimate model parameters (epsilon = 0.100)
1. Initial log-likelihood: -11059.887
Optimal log-likelihood: -11057.365
Rate parameters:  A-C: 1.00000  A-G: 1.00000  A-T: 1.00000  C-G: 1.00000  C-T: 1.00000  G-T: 1.00000
Base frequencies:  A: 0.250  C: 0.250  G: 0.250  T: 0.250
Parameters optimization took 1 rounds (0.002 sec)
Wrote distance file to... 
Computing ML distances based on estimated model parameters...
Calculating distance matrix: done in 0.00339413 secs using 85.53% CPU
Computing ML distances took 0.003462 sec (of wall-clock time) 0.002963 sec (of CPU time)
Setting up auxiliary I and S matrices: done in 4.3869e-05 secs using 82.06% CPU
Constructing RapidNJ tree: done in 0.000115871 secs using 175.2% CPU
Computing RapidNJ tree took 0.000177 sec (of wall-clock time) 0.000254 sec (of CPU time)
Log-likelihood of RapidNJ tree: -11095.377
--------------------------------------------------------------------
|             INITIALIZING CANDIDATE TREE SET                      |
--------------------------------------------------------------------
Generating 98 parsimony trees... 0.130 second
Computing log-likelihood of 98 initial trees ... 0.115 seconds
Current best score: -11057.361

Do NNI search on 20 best initial trees
Estimate model parameters (epsilon = 0.100)
BETTER TREE FOUND at iteration 1: -11057.360
BETTER TREE FOUND at iteration 3: -11057.359
BETTER TREE FOUND at iteration 4: -11057.359
BETTER TREE FOUND at iteration 7: -11057.359
Iteration 10 / LogL: -11057.359 / Time: 0h:0m:19s
BETTER TREE FOUND at iteration 16: -11057.359
BETTER TREE FOUND at iteration 20: -11057.359
Iteration 20 / LogL: -11057.359 / Time: 0h:0m:19s
Finish initializing candidate tree set (19)
Current best tree score: -11057.359 / CPU time: 0.389
Number of iterations: 20
--------------------------------------------------------------------
|               OPTIMIZING CANDIDATE TREE SET                      |
--------------------------------------------------------------------
Iteration 30 / LogL: -11061.263 / Time: 0h:0m:19s (0h:1m:0s left)
Iteration 40 / LogL: -11057.367 / Time: 0h:0m:19s (0h:0m:40s left)
Iteration 50 / LogL: -11057.386 / Time: 0h:0m:19s (0h:0m:28s left)
Iteration 60 / LogL: -11057.371 / Time: 0h:0m:19s (0h:0m:20s left)
Iteration 70 / LogL: -11057.364 / Time: 0h:0m:20s (0h:0m:14s left)
Iteration 80 / LogL: -11057.377 / Time: 0h:0m:20s (0h:0m:10s left)
Iteration 90 / LogL: -11057.372 / Time: 0h:0m:20s (0h:0m:6s left)
Iteration 100 / LogL: -11057.368 / Time: 0h:0m:20s (0h:0m:4s left)
Iteration 110 / LogL: -11057.369 / Time: 0h:0m:20s (0h:0m:1s left)
Iteration 120 / LogL: -11057.382 / Time: 0h:0m:21s (0h:0m:0s left)
TREE SEARCH COMPLETED AFTER 121 ITERATIONS / Time: 0h:0m:21s

--------------------------------------------------------------------
|                    FINALIZING TREE SEARCH                        |
--------------------------------------------------------------------
Performs final model parameters optimization
Estimate model parameters (epsilon = 0.010)
1. Initial log-likelihood: -11057.359
Optimal log-likelihood: -11057.359
Rate parameters:  A-C: 1.00000  A-G: 1.00000  A-T: 1.00000  C-G: 1.00000  C-T: 1.00000  G-T: 1.00000
Base frequencies:  A: 0.250  C: 0.250  G: 0.250  T: 0.250
Parameters optimization took 1 rounds (0.003 sec)
BEST SCORE FOUND : -11057.359
Total tree length: 0.313

Total number of iterations: 121
CPU time used for tree search: 2.179 sec (0h:0m:2s)
Wall-clock time used for tree search: 2.182 sec (0h:0m:2s)
Total CPU time used: 21.136 sec (0h:0m:21s)
Total wall-clock time used: 21.068 sec (0h:0m:21s)

Analysis results written to: 
  IQ-TREE report:                exp_stable_0.001/m10_sel1_rep1/iqtree_out.iqtree
  Maximum-likelihood tree:       exp_stable_0.001/m10_sel1_rep1/iqtree_out.treefile
  Likelihood distances:          exp_stable_0.001/m10_sel1_rep1/iqtree_out.mldist
  Screen log file:               exp_stable_0.001/m10_sel1_rep1/iqtree_out.log

Date and Time: Sun May 17 03:18:44 2026
