IQ-TREE version 3.1.1 for MacOS ARM 64-bit built Apr  8 2026
Developed by Bui Quang Minh, Thomas Wong, Nhan Ly-Trong, Huaiyan Ren
Contributed by Lam-Tung Nguyen, Dominik Schrempf, Chris Bielow,
Olga Chernomor, Michael Woodhams, Diep Thi Hoang, Heiko Schmidt

Host:    Noutbuk-maria.local (SSE4.2, 16 GB RAM)
Command: iqtree -s exp_stable_0.001/m5_sel1_rep5/neutral.fasta -m JC -nt AUTO -pre exp_stable_0.001/m5_sel1_rep5/iqtree_out -seed 2042 -redo
Seed:    2042 (Using SPRNG - Scalable Parallel Random Number Generator)
Time:    Mon May 18 21:34:53 2026
Kernel:  SSE2 - auto-detect threads (8 CPU cores detected)

Reading alignment file exp_stable_0.001/m5_sel1_rep5/neutral.fasta ... Fasta format detected
Reading fasta file: done in 0.00117993 secs using 89.75% CPU
Alignment most likely contains DNA/RNA sequences
Constructing alignment: done in 0.00128698 secs using 59.83% CPU
Alignment has 50 sequences with 3000 columns, 832 distinct patterns
298 parsimony-informative, 930 singleton sites, 1772 constant sites
          Gap/Ambiguity  Composition  p-value
Analyzing sequences: done in 5.00679e-05 secs using 155.8% CPU
   1  taxon_1     0.00%    passed     99.92%
   2  taxon_2     0.00%    passed     99.65%
   3  taxon_3     0.00%    passed     98.29%
   4  taxon_4     0.00%    passed     99.79%
   5  taxon_5     0.00%    passed     99.98%
   6  taxon_6     0.00%    passed     98.19%
   7  taxon_7     0.00%    passed     99.82%
   8  taxon_8     0.00%    passed     99.71%
   9  taxon_9     0.00%    passed     99.65%
  10  taxon_10    0.00%    passed     99.48%
  11  taxon_11    0.00%    passed     99.68%
  12  taxon_12    0.00%    passed     98.99%
  13  taxon_13    0.00%    passed     99.83%
  14  taxon_14    0.00%    passed     99.93%
  15  taxon_15    0.00%    passed     99.65%
  16  taxon_16    0.00%    passed     99.99%
  17  taxon_17    0.00%    passed     99.44%
  18  taxon_18    0.00%    passed     99.02%
  19  taxon_19    0.00%    passed     99.86%
  20  taxon_20    0.00%    passed     98.68%
  21  taxon_21    0.00%    passed     99.21%
  22  taxon_22    0.00%    passed     99.97%
  23  taxon_23    0.00%    passed     99.22%
  24  taxon_24    0.00%    passed     99.66%
  25  taxon_25    0.00%    passed     98.75%
  26  taxon_26    0.00%    passed     98.23%
  27  taxon_27    0.00%    passed     99.24%
  28  taxon_28    0.00%    passed     99.26%
  29  taxon_29    0.00%    passed     99.74%
  30  taxon_30    0.00%    passed     99.83%
  31  taxon_31    0.00%    passed     99.34%
  32  taxon_32    0.00%    passed     99.90%
  33  taxon_33    0.00%    passed     99.93%
  34  taxon_34    0.00%    passed     97.47%
  35  taxon_35    0.00%    passed     99.13%
  36  taxon_36    0.00%    passed     99.95%
  37  taxon_37    0.00%    passed     99.99%
  38  taxon_38    0.00%    passed     99.85%
  39  taxon_39    0.00%    passed     99.87%
  40  taxon_40    0.00%    passed     99.89%
  41  taxon_41    0.00%    passed     98.29%
  42  taxon_42    0.00%    passed    100.00%
  43  taxon_43    0.00%    passed     98.02%
  44  taxon_44    0.00%    passed     99.55%
  45  taxon_45    0.00%    passed     99.55%
  46  taxon_46    0.00%    passed     99.71%
  47  taxon_47    0.00%    passed     98.90%
  48  taxon_48    0.00%    passed     99.65%
  49  taxon_49    0.00%    passed     99.35%
  50  taxon_50    0.00%    passed     99.62%
****  TOTAL       0.00%  0 sequences failed composition chi2 test (p-value<5%; df=3)
Checking for duplicate sequences: done in 0.000114918 secs using 84.41% CPU

Create initial parsimony tree by phylogenetic likelihood library (PLL)... 0.002 seconds

NOTE: 1 MB RAM (0 GB) is required!
Measuring multi-threading efficiency up to 8 CPU cores
Increase to 10 rounds for branch lengths
1073 trees examined
Threads: 1 / Time: 8.001 sec / Speedup: 1.000 / Efficiency: 100% / LogL: -18106
Threads: 2 / Time: 9.633 sec / Speedup: 0.831 / Efficiency: 42% / LogL: -18106
Determining AUTO threadcount: done in 17.6344 secs using 105.7% CPU
BEST NUMBER OF THREADS: 1

Estimate model parameters (epsilon = 0.100)
1. Initial log-likelihood: -15090.339
Optimal log-likelihood: -15088.206
Rate parameters:  A-C: 1.00000  A-G: 1.00000  A-T: 1.00000  C-G: 1.00000  C-T: 1.00000  G-T: 1.00000
Base frequencies:  A: 0.250  C: 0.250  G: 0.250  T: 0.250
Parameters optimization took 1 rounds (0.004 sec)
Wrote distance file to... 
Computing ML distances based on estimated model parameters...
Calculating distance matrix: done in 0.00305009 secs using 83.96% CPU
Computing ML distances took 0.003141 sec (of wall-clock time) 0.002645 sec (of CPU time)
Setting up auxiliary I and S matrices: done in 4.91142e-05 secs using 75.33% CPU
Constructing RapidNJ tree: done in 0.00010705 secs using 174.7% CPU
Computing RapidNJ tree took 0.000178 sec (of wall-clock time) 0.000247 sec (of CPU time)
Log-likelihood of RapidNJ tree: -15133.812
--------------------------------------------------------------------
|             INITIALIZING CANDIDATE TREE SET                      |
--------------------------------------------------------------------
Generating 98 parsimony trees... 0.167 second
Computing log-likelihood of 98 initial trees ... 0.159 seconds
Current best score: -15088.203

Do NNI search on 20 best initial trees
Estimate model parameters (epsilon = 0.100)
BETTER TREE FOUND at iteration 1: -15088.202
BETTER TREE FOUND at iteration 2: -15088.201
BETTER TREE FOUND at iteration 10: -15088.201
Iteration 10 / LogL: -15088.201 / Time: 0h:0m:18s
Iteration 20 / LogL: -15088.206 / Time: 0h:0m:18s
Finish initializing candidate tree set (19)
Current best tree score: -15088.201 / CPU time: 0.525
Number of iterations: 20
--------------------------------------------------------------------
|               OPTIMIZING CANDIDATE TREE SET                      |
--------------------------------------------------------------------
Iteration 30 / LogL: -15123.107 / Time: 0h:0m:18s (0h:0m:50s left)
Iteration 40 / LogL: -15100.798 / Time: 0h:0m:18s (0h:0m:33s left)
Iteration 50 / LogL: -15088.214 / Time: 0h:0m:19s (0h:0m:23s left)
Iteration 60 / LogL: -15088.214 / Time: 0h:0m:19s (0h:0m:16s left)
Iteration 70 / LogL: -15088.208 / Time: 0h:0m:19s (0h:0m:11s left)
Iteration 80 / LogL: -15088.219 / Time: 0h:0m:19s (0h:0m:7s left)
Iteration 90 / LogL: -15118.351 / Time: 0h:0m:20s (0h:0m:4s left)
BETTER TREE FOUND at iteration 98: -15088.201
Iteration 100 / LogL: -15088.223 / Time: 0h:0m:20s (0h:0m:20s left)
Iteration 110 / LogL: -15088.220 / Time: 0h:0m:20s (0h:0m:16s left)
Iteration 120 / LogL: -15088.211 / Time: 0h:0m:20s (0h:0m:13s left)
Iteration 130 / LogL: -15088.208 / Time: 0h:0m:21s (0h:0m:11s left)
Iteration 140 / LogL: -15088.221 / Time: 0h:0m:21s (0h:0m:8s left)
Iteration 150 / LogL: -15088.222 / Time: 0h:0m:21s (0h:0m:6s left)
Iteration 160 / LogL: -15088.206 / Time: 0h:0m:21s (0h:0m:5s left)
Iteration 170 / LogL: -15088.221 / Time: 0h:0m:22s (0h:0m:3s left)
Iteration 180 / LogL: -15088.217 / Time: 0h:0m:22s (0h:0m:2s left)
Iteration 190 / LogL: -15088.210 / Time: 0h:0m:22s (0h:0m:0s left)
TREE SEARCH COMPLETED AFTER 199 ITERATIONS / Time: 0h:0m:23s

--------------------------------------------------------------------
|                    FINALIZING TREE SEARCH                        |
--------------------------------------------------------------------
Performs final model parameters optimization
Estimate model parameters (epsilon = 0.010)
1. Initial log-likelihood: -15088.201
Optimal log-likelihood: -15088.201
Rate parameters:  A-C: 1.00000  A-G: 1.00000  A-T: 1.00000  C-G: 1.00000  C-T: 1.00000  G-T: 1.00000
Base frequencies:  A: 0.250  C: 0.250  G: 0.250  T: 0.250
Parameters optimization took 1 rounds (0.002 sec)
BEST SCORE FOUND : -15088.201
Total tree length: 0.532

Total number of iterations: 199
CPU time used for tree search: 5.370 sec (0h:0m:5s)
Wall-clock time used for tree search: 5.372 sec (0h:0m:5s)
Total CPU time used: 24.024 sec (0h:0m:24s)
Total wall-clock time used: 23.032 sec (0h:0m:23s)

Analysis results written to: 
  IQ-TREE report:                exp_stable_0.001/m5_sel1_rep5/iqtree_out.iqtree
  Maximum-likelihood tree:       exp_stable_0.001/m5_sel1_rep5/iqtree_out.treefile
  Likelihood distances:          exp_stable_0.001/m5_sel1_rep5/iqtree_out.mldist
  Screen log file:               exp_stable_0.001/m5_sel1_rep5/iqtree_out.log

Date and Time: Mon May 18 21:35:17 2026
