IQ-TREE version 3.1.1 for MacOS ARM 64-bit built Apr  8 2026
Developed by Bui Quang Minh, Thomas Wong, Nhan Ly-Trong, Huaiyan Ren
Contributed by Lam-Tung Nguyen, Dominik Schrempf, Chris Bielow,
Olga Chernomor, Michael Woodhams, Diep Thi Hoang, Heiko Schmidt

Host:    Noutbuk-maria.local (SSE4.2, 16 GB RAM)
Command: iqtree -s exp_stable_0.001/m5_sel2_rep4/neutral.fasta -m JC -nt AUTO -pre exp_stable_0.001/m5_sel2_rep4/iqtree_out -seed 2942 -redo
Seed:    2942 (Using SPRNG - Scalable Parallel Random Number Generator)
Time:    Mon May 18 21:44:49 2026
Kernel:  SSE2 - auto-detect threads (8 CPU cores detected)

Reading alignment file exp_stable_0.001/m5_sel2_rep4/neutral.fasta ... Fasta format detected
Reading fasta file: done in 0.00117302 secs using 89.68% CPU
Alignment most likely contains DNA/RNA sequences
Constructing alignment: done in 0.00120115 secs using 55.7% CPU
Alignment has 50 sequences with 3000 columns, 255 distinct patterns
31 parsimony-informative, 273 singleton sites, 2696 constant sites
          Gap/Ambiguity  Composition  p-value
Analyzing sequences: done in 4.19617e-05 secs using 57.2% CPU
   1  taxon_1     0.00%    passed     99.88%
   2  taxon_2     0.00%    passed     99.71%
   3  taxon_3     0.00%    passed     99.99%
   4  taxon_4     0.00%    passed    100.00%
   5  taxon_5     0.00%    passed     99.95%
   6  taxon_6     0.00%    passed     99.99%
   7  taxon_7     0.00%    passed     99.95%
   8  taxon_8     0.00%    passed     99.95%
   9  taxon_9     0.00%    passed     99.71%
  10  taxon_10    0.00%    passed     99.75%
  11  taxon_11    0.00%    passed     99.82%
  12  taxon_12    0.00%    passed     99.95%
  13  taxon_13    0.00%    passed     99.78%
  14  taxon_14    0.00%    passed     99.99%
  15  taxon_15    0.00%    passed     99.99%
  16  taxon_16    0.00%    passed     99.99%
  17  taxon_17    0.00%    passed    100.00%
  18  taxon_18    0.00%    passed     99.96%
  19  taxon_19    0.00%    passed     99.98%
  20  taxon_20    0.00%    passed     99.95%
  21  taxon_21    0.00%    passed     99.98%
  22  taxon_22    0.00%    passed     99.95%
  23  taxon_23    0.00%    passed     99.75%
  24  taxon_24    0.00%    passed     99.89%
  25  taxon_25    0.00%    passed     99.87%
  26  taxon_26    0.00%    passed     99.94%
  27  taxon_27    0.00%    passed     99.89%
  28  taxon_28    0.00%    passed     99.91%
  29  taxon_29    0.00%    passed     99.84%
  30  taxon_30    0.00%    passed     99.89%
  31  taxon_31    0.00%    passed     99.97%
  32  taxon_32    0.00%    passed     99.91%
  33  taxon_33    0.00%    passed     99.97%
  34  taxon_34    0.00%    passed     99.94%
  35  taxon_35    0.00%    passed     99.92%
  36  taxon_36    0.00%    passed     99.98%
  37  taxon_37    0.00%    passed     99.88%
  38  taxon_38    0.00%    passed     99.91%
  39  taxon_39    0.00%    passed     99.94%
  40  taxon_40    0.00%    passed     99.85%
  41  taxon_41    0.00%    passed     99.89%
  42  taxon_42    0.00%    passed     99.89%
  43  taxon_43    0.00%    passed     99.97%
  44  taxon_44    0.00%    passed     99.78%
  45  taxon_45    0.00%    passed     99.86%
  46  taxon_46    0.00%    passed     99.94%
  47  taxon_47    0.00%    passed     99.98%
  48  taxon_48    0.00%    passed     99.95%
  49  taxon_49    0.00%    passed     99.95%
  50  taxon_50    0.00%    passed    100.00%
****  TOTAL       0.00%  0 sequences failed composition chi2 test (p-value<5%; df=3)
Checking for duplicate sequences: done in 6.50883e-05 secs using 72.21% CPU

Create initial parsimony tree by phylogenetic likelihood library (PLL)... 0.001 seconds

NOTE: 0 MB RAM (0 GB) is required!
Measuring multi-threading efficiency up to 8 CPU cores
Increase to 10 rounds for branch lengths
5263 trees examined
Threads: 1 / Time: 8.000 sec / Speedup: 1.000 / Efficiency: 100% / LogL: -7266
Threads: 2 / Time: 16.385 sec / Speedup: 0.488 / Efficiency: 24% / LogL: -7266
Determining AUTO threadcount: done in 24.385 secs using 86.46% CPU
BEST NUMBER OF THREADS: 1

Estimate model parameters (epsilon = 0.100)
1. Initial log-likelihood: -6842.099
Optimal log-likelihood: -6842.098
Rate parameters:  A-C: 1.00000  A-G: 1.00000  A-T: 1.00000  C-G: 1.00000  C-T: 1.00000  G-T: 1.00000
Base frequencies:  A: 0.250  C: 0.250  G: 0.250  T: 0.250
Parameters optimization took 1 rounds (0.001 sec)
Wrote distance file to... 
Computing ML distances based on estimated model parameters...
Calculating distance matrix: done in 0.00213385 secs using 89.65% CPU
Computing ML distances took 0.002174 sec (of wall-clock time) 0.001946 sec (of CPU time)
Setting up auxiliary I and S matrices: done in 4.88758e-05 secs using 75.7% CPU
Constructing RapidNJ tree: done in 0.000129938 secs using 177% CPU
Computing RapidNJ tree took 0.000199 sec (of wall-clock time) 0.000285 sec (of CPU time)
Log-likelihood of RapidNJ tree: -6842.207
--------------------------------------------------------------------
|             INITIALIZING CANDIDATE TREE SET                      |
--------------------------------------------------------------------
Generating 98 parsimony trees... 0.071 second
Computing log-likelihood of 98 initial trees ... 0.052 seconds
Current best score: -6842.098

Do NNI search on 20 best initial trees
Estimate model parameters (epsilon = 0.100)
BETTER TREE FOUND at iteration 1: -6842.098
BETTER TREE FOUND at iteration 2: -6842.098
BETTER TREE FOUND at iteration 3: -6842.098
BETTER TREE FOUND at iteration 4: -6842.097
BETTER TREE FOUND at iteration 9: -6842.097
Iteration 10 / LogL: -6842.098 / Time: 0h:0m:24s
BETTER TREE FOUND at iteration 13: -6842.096
BETTER TREE FOUND at iteration 17: -6842.094
Iteration 20 / LogL: -6842.098 / Time: 0h:0m:24s
Finish initializing candidate tree set (20)
Current best tree score: -6842.094 / CPU time: 0.187
Number of iterations: 20
--------------------------------------------------------------------
|               OPTIMIZING CANDIDATE TREE SET                      |
--------------------------------------------------------------------
BETTER TREE FOUND at iteration 28: -6842.094
Iteration 30 / LogL: -6860.157 / Time: 0h:0m:24s (0h:1m:23s left)
Iteration 40 / LogL: -6842.105 / Time: 0h:0m:24s (0h:0m:55s left)
Iteration 50 / LogL: -6842.119 / Time: 0h:0m:24s (0h:0m:39s left)
Iteration 60 / LogL: -6860.207 / Time: 0h:0m:24s (0h:0m:28s left)
Iteration 70 / LogL: -6842.116 / Time: 0h:0m:24s (0h:0m:20s left)
Iteration 80 / LogL: -6842.111 / Time: 0h:0m:25s (0h:0m:15s left)
Iteration 90 / LogL: -6842.107 / Time: 0h:0m:25s (0h:0m:10s left)
Iteration 100 / LogL: -6842.114 / Time: 0h:0m:25s (0h:0m:7s left)
Iteration 110 / LogL: -6842.110 / Time: 0h:0m:25s (0h:0m:4s left)
Iteration 120 / LogL: -6854.008 / Time: 0h:0m:25s (0h:0m:1s left)
TREE SEARCH COMPLETED AFTER 129 ITERATIONS / Time: 0h:0m:25s

--------------------------------------------------------------------
|                    FINALIZING TREE SEARCH                        |
--------------------------------------------------------------------
Performs final model parameters optimization
Estimate model parameters (epsilon = 0.010)
1. Initial log-likelihood: -6842.094
Optimal log-likelihood: -6842.094
Rate parameters:  A-C: 1.00000  A-G: 1.00000  A-T: 1.00000  C-G: 1.00000  C-T: 1.00000  G-T: 1.00000
Base frequencies:  A: 0.250  C: 0.250  G: 0.250  T: 0.250
Parameters optimization took 1 rounds (0.001 sec)
BEST SCORE FOUND : -6842.094
Total tree length: 0.108

Total number of iterations: 129
CPU time used for tree search: 1.050 sec (0h:0m:1s)
Wall-clock time used for tree search: 1.052 sec (0h:0m:1s)
Total CPU time used: 22.143 sec (0h:0m:22s)
Total wall-clock time used: 25.452 sec (0h:0m:25s)

Analysis results written to: 
  IQ-TREE report:                exp_stable_0.001/m5_sel2_rep4/iqtree_out.iqtree
  Maximum-likelihood tree:       exp_stable_0.001/m5_sel2_rep4/iqtree_out.treefile
  Likelihood distances:          exp_stable_0.001/m5_sel2_rep4/iqtree_out.mldist
  Screen log file:               exp_stable_0.001/m5_sel2_rep4/iqtree_out.log

Date and Time: Mon May 18 21:45:15 2026
