IQ-TREE version 3.1.1 for MacOS ARM 64-bit built Apr  8 2026
Developed by Bui Quang Minh, Thomas Wong, Nhan Ly-Trong, Huaiyan Ren
Contributed by Lam-Tung Nguyen, Dominik Schrempf, Chris Bielow,
Olga Chernomor, Michael Woodhams, Diep Thi Hoang, Heiko Schmidt

Host:    Noutbuk-maria.local (SSE4.2, 16 GB RAM)
Command: iqtree -s exp_baseline/m1_sel200_rep1/combined.fasta -m JC -nt AUTO -pre exp_baseline/m1_sel200_rep1/iqtree_out -seed 200242 -redo
Seed:    200242 (Using SPRNG - Scalable Parallel Random Number Generator)
Time:    Tue May 12 13:54:04 2026
Kernel:  SSE2 - auto-detect threads (8 CPU cores detected)

Reading alignment file exp_baseline/m1_sel200_rep1/combined.fasta ... Fasta format detected
Reading fasta file: done in 0.000522852 secs using 90.66% CPU
Alignment most likely contains DNA/RNA sequences
Constructing alignment: done in 0.000993967 secs using 57.14% CPU
Alignment has 30 sequences with 2200 columns, 2016 distinct patterns
2091 parsimony-informative, 0 singleton sites, 109 constant sites
          Gap/Ambiguity  Composition  p-value
Analyzing sequences: done in 5.10216e-05 secs using 254.8% CPU
   1  taxon_1     0.00%    passed     40.84%
   2  taxon_2     0.00%    failed      1.83%
   3  taxon_3     0.00%    passed     27.27%
   4  taxon_4     0.00%    failed      4.37%
   5  taxon_5     0.00%    failed      4.18%
   6  taxon_6     0.00%    passed     34.18%
   7  taxon_7     0.00%    passed     13.34%
   8  taxon_8     0.00%    passed     92.02%
   9  taxon_9     0.00%    passed     84.13%
  10  taxon_10    0.00%    passed     94.41%
  11  taxon_11    0.00%    passed     28.68%
  12  taxon_12    0.00%    passed     10.52%
  13  taxon_13    0.00%    passed     81.76%
  14  taxon_14    0.00%    passed     33.11%
  15  taxon_15    0.00%    passed     84.36%
  16  taxon_16    0.00%    passed     82.13%
  17  taxon_17    0.00%    passed     45.85%
  18  taxon_18    0.00%    passed     18.86%
  19  taxon_19    0.00%    passed     99.13%
  20  taxon_20    0.00%    passed     97.49%
  21  taxon_21    0.00%    passed     95.65%
  22  taxon_22    0.00%    passed     42.69%
  23  taxon_23    0.00%    passed     82.36%
  24  taxon_24    0.00%    passed     28.30%
  25  taxon_25    0.00%    passed     53.13%
  26  taxon_26    0.00%    passed      5.41%
  27  taxon_27    0.00%    passed     56.13%
  28  taxon_28    0.00%    passed     98.72%
  29  taxon_29    0.00%    passed     83.36%
  30  taxon_30    0.00%    passed     60.40%
****  TOTAL       0.00%  3 sequences failed composition chi2 test (p-value<5%; df=3)
Checking for duplicate sequences: done in 0.000142813 secs using 89.63% CPU

Create initial parsimony tree by phylogenetic likelihood library (PLL)... 0.002 seconds

NOTE: 1 MB RAM (0 GB) is required!
Measuring multi-threading efficiency up to 8 CPU cores
Increase to 10 rounds for branch lengths
378 trees examined
Threads: 1 / Time: 8.008 sec / Speedup: 1.000 / Efficiency: 100% / LogL: -86984
Threads: 2 / Time: 8.454 sec / Speedup: 0.947 / Efficiency: 47% / LogL: -86984
Determining AUTO threadcount: done in 16.4623 secs using 107.8% CPU
BEST NUMBER OF THREADS: 1

Estimate model parameters (epsilon = 0.100)
1. Initial log-likelihood: -83213.131
Optimal log-likelihood: -82785.786
Rate parameters:  A-C: 1.00000  A-G: 1.00000  A-T: 1.00000  C-G: 1.00000  C-T: 1.00000  G-T: 1.00000
Base frequencies:  A: 0.250  C: 0.250  G: 0.250  T: 0.250
Parameters optimization took 1 rounds (0.012 sec)
Wrote distance file to... 
Computing ML distances based on estimated model parameters...
Calculating distance matrix: done in 0.00162411 secs using 99.13% CPU
Computing ML distances took 0.001760 sec (of wall-clock time) 0.001736 sec (of CPU time)
Setting up auxiliary I and S matrices: done in 2.69413e-05 secs using 70.52% CPU
Constructing RapidNJ tree: done in 5.31673e-05 secs using 152.3% CPU
Computing RapidNJ tree took 0.000104 sec (of wall-clock time) 0.000129 sec (of CPU time)
Log-likelihood of RapidNJ tree: -82898.085
--------------------------------------------------------------------
|             INITIALIZING CANDIDATE TREE SET                      |
--------------------------------------------------------------------
Generating 98 parsimony trees... 0.304 second
Computing log-likelihood of 98 initial trees ... 0.245 seconds
Current best score: -82785.786

Do NNI search on 20 best initial trees
Estimate model parameters (epsilon = 0.100)
BETTER TREE FOUND at iteration 1: -82784.678
Estimate model parameters (epsilon = 0.100)
BETTER TREE FOUND at iteration 2: -82754.473
Estimate model parameters (epsilon = 0.100)
BETTER TREE FOUND at iteration 3: -82737.786
Iteration 10 / LogL: -82755.848 / Time: 0h:0m:17s
Iteration 20 / LogL: -82850.599 / Time: 0h:0m:17s
Finish initializing candidate tree set (14)
Current best tree score: -82737.786 / CPU time: 1.338
Number of iterations: 20
--------------------------------------------------------------------
|               OPTIMIZING CANDIDATE TREE SET                      |
--------------------------------------------------------------------
Iteration 30 / LogL: -82740.208 / Time: 0h:0m:18s (0h:0m:46s left)
Iteration 40 / LogL: -82744.248 / Time: 0h:0m:19s (0h:0m:30s left)
Iteration 50 / LogL: -82743.889 / Time: 0h:0m:19s (0h:0m:21s left)
Iteration 60 / LogL: -82746.570 / Time: 0h:0m:20s (0h:0m:14s left)
Iteration 70 / LogL: -82737.840 / Time: 0h:0m:20s (0h:0m:9s left)
Iteration 80 / LogL: -82745.743 / Time: 0h:0m:21s (0h:0m:6s left)
Iteration 90 / LogL: -82737.987 / Time: 0h:0m:21s (0h:0m:3s left)
Iteration 100 / LogL: -82744.668 / Time: 0h:0m:22s (0h:0m:0s left)
TREE SEARCH COMPLETED AFTER 104 ITERATIONS / Time: 0h:0m:22s

--------------------------------------------------------------------
|                    FINALIZING TREE SEARCH                        |
--------------------------------------------------------------------
Performs final model parameters optimization
Estimate model parameters (epsilon = 0.010)
1. Initial log-likelihood: -82737.786
Optimal log-likelihood: -82737.725
Rate parameters:  A-C: 1.00000  A-G: 1.00000  A-T: 1.00000  C-G: 1.00000  C-T: 1.00000  G-T: 1.00000
Base frequencies:  A: 0.250  C: 0.250  G: 0.250  T: 0.250
Parameters optimization took 1 rounds (0.006 sec)
BEST SCORE FOUND : -82737.725
Total tree length: 21.121

Total number of iterations: 104
CPU time used for tree search: 5.844 sec (0h:0m:5s)
Wall-clock time used for tree search: 5.871 sec (0h:0m:5s)
Total CPU time used: 23.645 sec (0h:0m:23s)
Total wall-clock time used: 22.385 sec (0h:0m:22s)

Analysis results written to: 
  IQ-TREE report:                exp_baseline/m1_sel200_rep1/iqtree_out.iqtree
  Maximum-likelihood tree:       exp_baseline/m1_sel200_rep1/iqtree_out.treefile
  Likelihood distances:          exp_baseline/m1_sel200_rep1/iqtree_out.mldist
  Screen log file:               exp_baseline/m1_sel200_rep1/iqtree_out.log

Date and Time: Tue May 12 13:54:27 2026
