IQ-TREE version 3.1.1 for MacOS ARM 64-bit built Apr  8 2026
Developed by Bui Quang Minh, Thomas Wong, Nhan Ly-Trong, Huaiyan Ren
Contributed by Lam-Tung Nguyen, Dominik Schrempf, Chris Bielow,
Olga Chernomor, Michael Woodhams, Diep Thi Hoang, Heiko Schmidt

Host:    Noutbuk-maria.local (SSE4.2, 16 GB RAM)
Command: iqtree -s exp_baseline/m200_sel0_rep5/combined.fasta -m JC -nt AUTO -pre exp_baseline/m200_sel0_rep5/iqtree_out -seed 20542 -redo
Seed:    20542 (Using SPRNG - Scalable Parallel Random Number Generator)
Time:    Tue May 12 15:15:53 2026
Kernel:  SSE2 - auto-detect threads (8 CPU cores detected)

Reading alignment file exp_baseline/m200_sel0_rep5/combined.fasta ... Fasta format detected
Reading fasta file: done in 0.000486851 secs using 90.79% CPU
NOTE: Change sequence name 'taxon 1' -> taxon_1
NOTE: Change sequence name 'taxon 2' -> taxon_2
NOTE: Change sequence name 'taxon 3' -> taxon_3
NOTE: Change sequence name 'taxon 4' -> taxon_4
NOTE: Change sequence name 'taxon 5' -> taxon_5
NOTE: Change sequence name 'taxon 6' -> taxon_6
NOTE: Change sequence name 'taxon 7' -> taxon_7
NOTE: Change sequence name 'taxon 8' -> taxon_8
NOTE: Change sequence name 'taxon 9' -> taxon_9
NOTE: Change sequence name 'taxon 10' -> taxon_10
NOTE: Change sequence name 'taxon 11' -> taxon_11
NOTE: Change sequence name 'taxon 12' -> taxon_12
NOTE: Change sequence name 'taxon 13' -> taxon_13
NOTE: Change sequence name 'taxon 14' -> taxon_14
NOTE: Change sequence name 'taxon 15' -> taxon_15
NOTE: Change sequence name 'taxon 16' -> taxon_16
NOTE: Change sequence name 'taxon 17' -> taxon_17
NOTE: Change sequence name 'taxon 18' -> taxon_18
NOTE: Change sequence name 'taxon 19' -> taxon_19
NOTE: Change sequence name 'taxon 20' -> taxon_20
NOTE: Change sequence name 'taxon 21' -> taxon_21
NOTE: Change sequence name 'taxon 22' -> taxon_22
NOTE: Change sequence name 'taxon 23' -> taxon_23
NOTE: Change sequence name 'taxon 24' -> taxon_24
NOTE: Change sequence name 'taxon 25' -> taxon_25
NOTE: Change sequence name 'taxon 26' -> taxon_26
NOTE: Change sequence name 'taxon 27' -> taxon_27
NOTE: Change sequence name 'taxon 28' -> taxon_28
NOTE: Change sequence name 'taxon 29' -> taxon_29
NOTE: Change sequence name 'taxon 30' -> taxon_30
Alignment most likely contains DNA/RNA sequences
Constructing alignment: done in 0.000952005 secs using 57.98% CPU
Alignment has 30 sequences with 2000 columns, 2000 distinct patterns
2000 parsimony-informative, 0 singleton sites, 0 constant sites
          Gap/Ambiguity  Composition  p-value
Analyzing sequences: done in 5.60284e-05 secs using 221.3% CPU
   1  taxon_1     0.00%    passed     58.90%
   2  taxon_2     0.00%    passed     30.35%
   3  taxon_3     0.00%    passed     37.24%
   4  taxon_4     0.00%    passed     84.46%
   5  taxon_5     0.00%    passed     86.62%
   6  taxon_6     0.00%    passed     77.26%
   7  taxon_7     0.00%    passed     91.66%
   8  taxon_8     0.00%    passed     78.71%
   9  taxon_9     0.00%    passed     23.65%
  10  taxon_10    0.00%    passed     84.02%
  11  taxon_11    0.00%    passed     49.27%
  12  taxon_12    0.00%    passed      8.81%
  13  taxon_13    0.00%    passed     70.58%
  14  taxon_14    0.00%    failed      3.91%
  15  taxon_15    0.00%    passed     73.34%
  16  taxon_16    0.00%    passed     67.16%
  17  taxon_17    0.00%    passed     94.72%
  18  taxon_18    0.00%    passed     87.34%
  19  taxon_19    0.00%    passed     75.64%
  20  taxon_20    0.00%    passed     45.07%
  21  taxon_21    0.00%    passed     66.73%
  22  taxon_22    0.00%    passed     68.94%
  23  taxon_23    0.00%    passed     63.10%
  24  taxon_24    0.00%    passed     46.73%
  25  taxon_25    0.00%    passed      6.15%
  26  taxon_26    0.00%    passed     95.76%
  27  taxon_27    0.00%    passed     93.38%
  28  taxon_28    0.00%    passed     30.18%
  29  taxon_29    0.00%    passed     99.89%
  30  taxon_30    0.00%    passed     12.81%
****  TOTAL       0.00%  1 sequences failed composition chi2 test (p-value<5%; df=3)
Checking for duplicate sequences: done in 0.000132084 secs using 89.34% CPU

Create initial parsimony tree by phylogenetic likelihood library (PLL)... 0.002 seconds

NOTE: 1 MB RAM (0 GB) is required!
Measuring multi-threading efficiency up to 8 CPU cores
Increase to 10 rounds for branch lengths
382 trees examined
Threads: 1 / Time: 8.008 sec / Speedup: 1.000 / Efficiency: 100% / LogL: -78610
Threads: 2 / Time: 8.818 sec / Speedup: 0.908 / Efficiency: 45% / LogL: -78610
Determining AUTO threadcount: done in 16.8265 secs using 107.7% CPU
BEST NUMBER OF THREADS: 1

Estimate model parameters (epsilon = 0.100)
1. Initial log-likelihood: -73173.129
Optimal log-likelihood: -72680.626
Rate parameters:  A-C: 1.00000  A-G: 1.00000  A-T: 1.00000  C-G: 1.00000  C-T: 1.00000  G-T: 1.00000
Base frequencies:  A: 0.250  C: 0.250  G: 0.250  T: 0.250
Parameters optimization took 1 rounds (0.012 sec)
Wrote distance file to... 
Computing ML distances based on estimated model parameters...
Calculating distance matrix: done in 0.00123 secs using 99.35% CPU
Computing ML distances took 0.001368 sec (of wall-clock time) 0.001352 sec (of CPU time)
WARNING: Some pairwise ML distances are too long (saturated)
Setting up auxiliary I and S matrices: done in 2.47955e-05 secs using 72.59% CPU
Constructing RapidNJ tree: done in 5.10216e-05 secs using 160.7% CPU
Computing RapidNJ tree took 0.000104 sec (of wall-clock time) 0.000118 sec (of CPU time)
Log-likelihood of RapidNJ tree: -73659.901
--------------------------------------------------------------------
|             INITIALIZING CANDIDATE TREE SET                      |
--------------------------------------------------------------------
Generating 98 parsimony trees... 0.282 second
Computing log-likelihood of 98 initial trees ... 0.262 seconds
Current best score: -72680.626

Do NNI search on 20 best initial trees
Estimate model parameters (epsilon = 0.100)
BETTER TREE FOUND at iteration 1: -72654.010
BETTER TREE FOUND at iteration 3: -72654.009
Estimate model parameters (epsilon = 0.100)
BETTER TREE FOUND at iteration 8: -72653.306
Iteration 10 / LogL: -72654.065 / Time: 0h:0m:18s
Estimate model parameters (epsilon = 0.100)
BETTER TREE FOUND at iteration 16: -72651.759
Iteration 20 / LogL: -72654.126 / Time: 0h:0m:19s
Finish initializing candidate tree set (19)
Current best tree score: -72651.759 / CPU time: 2.283
Number of iterations: 20
--------------------------------------------------------------------
|               OPTIMIZING CANDIDATE TREE SET                      |
--------------------------------------------------------------------
Estimate model parameters (epsilon = 0.100)
BETTER TREE FOUND at iteration 21: -72650.727
Estimate model parameters (epsilon = 0.100)
BETTER TREE FOUND at iteration 25: -72650.001
Iteration 30 / LogL: -72651.917 / Time: 0h:0m:20s (0h:1m:5s left)
Estimate model parameters (epsilon = 0.100)
BETTER TREE FOUND at iteration 37: -72649.637
Iteration 40 / LogL: -72768.748 / Time: 0h:0m:20s (0h:0m:51s left)
Iteration 50 / LogL: -72650.440 / Time: 0h:0m:21s (0h:0m:38s left)
Iteration 60 / LogL: -72656.853 / Time: 0h:0m:22s (0h:0m:29s left)
Iteration 70 / LogL: -72649.669 / Time: 0h:0m:23s (0h:0m:22s left)
Iteration 80 / LogL: -72656.785 / Time: 0h:0m:23s (0h:0m:17s left)
Iteration 90 / LogL: -72650.025 / Time: 0h:0m:24s (0h:0m:13s left)
Iteration 100 / LogL: -72649.860 / Time: 0h:0m:25s (0h:0m:9s left)
Iteration 110 / LogL: -72650.927 / Time: 0h:0m:26s (0h:0m:6s left)
Iteration 120 / LogL: -72650.621 / Time: 0h:0m:26s (0h:0m:3s left)
Estimate model parameters (epsilon = 0.100)
UPDATE BEST LOG-LIKELIHOOD: -72649.424
Iteration 130 / LogL: -72649.878 / Time: 0h:0m:27s (0h:0m:1s left)
TREE SEARCH COMPLETED AFTER 138 ITERATIONS / Time: 0h:0m:28s

--------------------------------------------------------------------
|                    FINALIZING TREE SEARCH                        |
--------------------------------------------------------------------
Performs final model parameters optimization
Estimate model parameters (epsilon = 0.010)
1. Initial log-likelihood: -72649.424
Optimal log-likelihood: -72649.393
Rate parameters:  A-C: 1.00000  A-G: 1.00000  A-T: 1.00000  C-G: 1.00000  C-T: 1.00000  G-T: 1.00000
Base frequencies:  A: 0.250  C: 0.250  G: 0.250  T: 0.250
Parameters optimization took 1 rounds (0.005 sec)
BEST SCORE FOUND : -72649.393
Total tree length: 23.172

Total number of iterations: 138
CPU time used for tree search: 11.277 sec (0h:0m:11s)
Wall-clock time used for tree search: 11.329 sec (0h:0m:11s)
Total CPU time used: 29.507 sec (0h:0m:29s)
Total wall-clock time used: 28.269 sec (0h:0m:28s)

Analysis results written to: 
  IQ-TREE report:                exp_baseline/m200_sel0_rep5/iqtree_out.iqtree
  Maximum-likelihood tree:       exp_baseline/m200_sel0_rep5/iqtree_out.treefile
  Likelihood distances:          exp_baseline/m200_sel0_rep5/iqtree_out.mldist
  Screen log file:               exp_baseline/m200_sel0_rep5/iqtree_out.log

Date and Time: Tue May 12 15:16:21 2026
