IQ-TREE version 3.1.1 for MacOS ARM 64-bit built Apr  8 2026
Developed by Bui Quang Minh, Thomas Wong, Nhan Ly-Trong, Huaiyan Ren
Contributed by Lam-Tung Nguyen, Dominik Schrempf, Chris Bielow,
Olga Chernomor, Michael Woodhams, Diep Thi Hoang, Heiko Schmidt

Host:    Noutbuk-maria.local (SSE4.2, 16 GB RAM)
Command: iqtree -s exp_baseline/m200_sel200_rep2/combined.fasta -m JC -nt AUTO -pre exp_baseline/m200_sel200_rep2/iqtree_out -seed 220242 -redo
Seed:    220242 (Using SPRNG - Scalable Parallel Random Number Generator)
Time:    Tue May 12 15:19:33 2026
Kernel:  SSE2 - auto-detect threads (8 CPU cores detected)

Reading alignment file exp_baseline/m200_sel200_rep2/combined.fasta ... Fasta format detected
Reading fasta file: done in 0.000515938 secs using 91.1% CPU
Alignment most likely contains DNA/RNA sequences
Constructing alignment: done in 0.00103283 secs using 56.83% CPU
Alignment has 30 sequences with 2200 columns, 2012 distinct patterns
2200 parsimony-informative, 0 singleton sites, 0 constant sites
          Gap/Ambiguity  Composition  p-value
Analyzing sequences: done in 5.50747e-05 secs using 241.5% CPU
   1  taxon_1     0.00%    passed     58.55%
   2  taxon_2     0.00%    passed     10.44%
   3  taxon_3     0.00%    passed     11.14%
   4  taxon_4     0.00%    passed     91.12%
   5  taxon_5     0.00%    passed     46.56%
   6  taxon_6     0.00%    passed     40.39%
   7  taxon_7     0.00%    passed     12.21%
   8  taxon_8     0.00%    passed     96.88%
   9  taxon_9     0.00%    passed     66.36%
  10  taxon_10    0.00%    passed     74.53%
  11  taxon_11    0.00%    passed     90.28%
  12  taxon_12    0.00%    passed     82.38%
  13  taxon_13    0.00%    passed     64.35%
  14  taxon_14    0.00%    passed     84.21%
  15  taxon_15    0.00%    passed     85.51%
  16  taxon_16    0.00%    passed     92.04%
  17  taxon_17    0.00%    passed     38.75%
  18  taxon_18    0.00%    passed     48.00%
  19  taxon_19    0.00%    passed     60.26%
  20  taxon_20    0.00%    passed     93.60%
  21  taxon_21    0.00%    passed     94.25%
  22  taxon_22    0.00%    passed     42.87%
  23  taxon_23    0.00%    passed     18.61%
  24  taxon_24    0.00%    passed     32.44%
  25  taxon_25    0.00%    passed     49.53%
  26  taxon_26    0.00%    failed      1.55%
  27  taxon_27    0.00%    passed     66.65%
  28  taxon_28    0.00%    failed      1.56%
  29  taxon_29    0.00%    passed     74.46%
  30  taxon_30    0.00%    passed     54.88%
****  TOTAL       0.00%  2 sequences failed composition chi2 test (p-value<5%; df=3)
Checking for duplicate sequences: done in 0.000129938 secs using 93.12% CPU

Create initial parsimony tree by phylogenetic likelihood library (PLL)... 0.002 seconds

NOTE: 1 MB RAM (0 GB) is required!
Measuring multi-threading efficiency up to 8 CPU cores
Increase to 10 rounds for branch lengths
376 trees examined
Threads: 1 / Time: 8.018 sec / Speedup: 1.000 / Efficiency: 100% / LogL: -88807
Threads: 2 / Time: 8.716 sec / Speedup: 0.920 / Efficiency: 46% / LogL: -88807
Determining AUTO threadcount: done in 16.7341 secs using 107.8% CPU
BEST NUMBER OF THREADS: 1

Estimate model parameters (epsilon = 0.100)
1. Initial log-likelihood: -85013.565
Optimal log-likelihood: -84393.557
Rate parameters:  A-C: 1.00000  A-G: 1.00000  A-T: 1.00000  C-G: 1.00000  C-T: 1.00000  G-T: 1.00000
Base frequencies:  A: 0.250  C: 0.250  G: 0.250  T: 0.250
Parameters optimization took 1 rounds (0.016 sec)
Wrote distance file to... 
Computing ML distances based on estimated model parameters...
Calculating distance matrix: done in 0.00121808 secs using 99.34% CPU
Computing ML distances took 0.001362 sec (of wall-clock time) 0.001343 sec (of CPU time)
WARNING: Some pairwise ML distances are too long (saturated)
Setting up auxiliary I and S matrices: done in 2.59876e-05 secs using 69.26% CPU
Constructing RapidNJ tree: done in 5.50747e-05 secs using 83.52% CPU
Computing RapidNJ tree took 0.000106 sec (of wall-clock time) 0.000073 sec (of CPU time)
Log-likelihood of RapidNJ tree: -85127.811
--------------------------------------------------------------------
|             INITIALIZING CANDIDATE TREE SET                      |
--------------------------------------------------------------------
Generating 98 parsimony trees... 0.310 second
Computing log-likelihood of 98 initial trees ... 0.243 seconds
Current best score: -84393.557

Do NNI search on 20 best initial trees
Estimate model parameters (epsilon = 0.100)
BETTER TREE FOUND at iteration 1: -84376.831
Estimate model parameters (epsilon = 0.100)
BETTER TREE FOUND at iteration 2: -84371.500
Iteration 10 / LogL: -84423.703 / Time: 0h:0m:17s
Iteration 20 / LogL: -84473.912 / Time: 0h:0m:18s
Finish initializing candidate tree set (16)
Current best tree score: -84371.500 / CPU time: 1.550
Number of iterations: 20
--------------------------------------------------------------------
|               OPTIMIZING CANDIDATE TREE SET                      |
--------------------------------------------------------------------
Iteration 30 / LogL: -84377.397 / Time: 0h:0m:19s (0h:0m:47s left)
Iteration 40 / LogL: -84376.381 / Time: 0h:0m:19s (0h:0m:31s left)
Iteration 50 / LogL: -84376.329 / Time: 0h:0m:20s (0h:0m:21s left)
Iteration 60 / LogL: -84371.511 / Time: 0h:0m:20s (0h:0m:14s left)
Estimate model parameters (epsilon = 0.100)
UPDATE BEST LOG-LIKELIHOOD: -84371.439
UPDATE BEST LOG-LIKELIHOOD: -84371.436
UPDATE BEST LOG-LIKELIHOOD: -84371.435
Iteration 70 / LogL: -84371.442 / Time: 0h:0m:21s (0h:0m:10s left)
Iteration 80 / LogL: -84377.001 / Time: 0h:0m:22s (0h:0m:6s left)
UPDATE BEST LOG-LIKELIHOOD: -84371.433
Iteration 90 / LogL: -84371.533 / Time: 0h:0m:22s (0h:0m:3s left)
Iteration 100 / LogL: -84371.656 / Time: 0h:0m:23s (0h:0m:0s left)
TREE SEARCH COMPLETED AFTER 103 ITERATIONS / Time: 0h:0m:23s

--------------------------------------------------------------------
|                    FINALIZING TREE SEARCH                        |
--------------------------------------------------------------------
Performs final model parameters optimization
Estimate model parameters (epsilon = 0.010)
1. Initial log-likelihood: -84371.433
Optimal log-likelihood: -84371.431
Rate parameters:  A-C: 1.00000  A-G: 1.00000  A-T: 1.00000  C-G: 1.00000  C-T: 1.00000  G-T: 1.00000
Base frequencies:  A: 0.250  C: 0.250  G: 0.250  T: 0.250
Parameters optimization took 1 rounds (0.008 sec)
BEST SCORE FOUND : -84371.431
Total tree length: 22.172

Total number of iterations: 103
CPU time used for tree search: 6.668 sec (0h:0m:6s)
Wall-clock time used for tree search: 6.855 sec (0h:0m:6s)
Total CPU time used: 24.756 sec (0h:0m:24s)
Total wall-clock time used: 23.646 sec (0h:0m:23s)

Analysis results written to: 
  IQ-TREE report:                exp_baseline/m200_sel200_rep2/iqtree_out.iqtree
  Maximum-likelihood tree:       exp_baseline/m200_sel200_rep2/iqtree_out.treefile
  Likelihood distances:          exp_baseline/m200_sel200_rep2/iqtree_out.mldist
  Screen log file:               exp_baseline/m200_sel200_rep2/iqtree_out.log

Date and Time: Tue May 12 15:19:57 2026
