IQ-TREE version 3.1.1 for MacOS ARM 64-bit built Apr  8 2026
Developed by Bui Quang Minh, Thomas Wong, Nhan Ly-Trong, Huaiyan Ren
Contributed by Lam-Tung Nguyen, Dominik Schrempf, Chris Bielow,
Olga Chernomor, Michael Woodhams, Diep Thi Hoang, Heiko Schmidt

Host:    Noutbuk-maria.local (SSE4.2, 16 GB RAM)
Command: iqtree -s exp_stable_0.001/m5_sel2_rep3/neutral.fasta -m JC -nt AUTO -pre exp_stable_0.001/m5_sel2_rep3/iqtree_out -seed 2642 -redo
Seed:    2642 (Using SPRNG - Scalable Parallel Random Number Generator)
Time:    Sat May 16 01:42:13 2026
Kernel:  SSE2 - auto-detect threads (8 CPU cores detected)

Reading alignment file exp_stable_0.001/m5_sel2_rep3/neutral.fasta ... Fasta format detected
Reading fasta file: done in 0.00117302 secs using 89.85% CPU
Alignment most likely contains DNA/RNA sequences
Constructing alignment: done in 0.00131297 secs using 57.88% CPU
Alignment has 50 sequences with 3000 columns, 850 distinct patterns
298 parsimony-informative, 968 singleton sites, 1733 constant sites
          Gap/Ambiguity  Composition  p-value
Analyzing sequences: done in 4.88758e-05 secs using 163.7% CPU
   1  taxon_1     0.00%    passed     98.40%
   2  taxon_2     0.00%    passed     98.58%
   3  taxon_3     0.00%    passed     97.42%
   4  taxon_4     0.00%    passed     98.47%
   5  taxon_5     0.00%    passed     99.47%
   6  taxon_6     0.00%    passed     98.21%
   7  taxon_7     0.00%    passed     97.97%
   8  taxon_8     0.00%    passed     99.84%
   9  taxon_9     0.00%    passed     99.10%
  10  taxon_10    0.00%    passed     98.71%
  11  taxon_11    0.00%    passed     99.88%
  12  taxon_12    0.00%    passed     99.98%
  13  taxon_13    0.00%    passed     98.79%
  14  taxon_14    0.00%    passed     91.95%
  15  taxon_15    0.00%    passed     99.45%
  16  taxon_16    0.00%    passed     95.44%
  17  taxon_17    0.00%    passed     98.11%
  18  taxon_18    0.00%    passed     95.49%
  19  taxon_19    0.00%    passed     99.93%
  20  taxon_20    0.00%    passed     95.12%
  21  taxon_21    0.00%    passed     99.86%
  22  taxon_22    0.00%    passed     97.86%
  23  taxon_23    0.00%    passed     99.06%
  24  taxon_24    0.00%    passed     98.56%
  25  taxon_25    0.00%    passed     99.05%
  26  taxon_26    0.00%    passed     99.92%
  27  taxon_27    0.00%    passed     99.84%
  28  taxon_28    0.00%    passed     98.76%
  29  taxon_29    0.00%    passed    100.00%
  30  taxon_30    0.00%    passed     99.91%
  31  taxon_31    0.00%    passed     99.16%
  32  taxon_32    0.00%    passed     99.94%
  33  taxon_33    0.00%    passed     99.99%
  34  taxon_34    0.00%    passed     98.14%
  35  taxon_35    0.00%    passed     99.20%
  36  taxon_36    0.00%    passed     99.95%
  37  taxon_37    0.00%    passed     98.85%
  38  taxon_38    0.00%    passed     99.63%
  39  taxon_39    0.00%    passed     98.98%
  40  taxon_40    0.00%    passed     99.66%
  41  taxon_41    0.00%    passed     94.94%
  42  taxon_42    0.00%    passed     98.78%
  43  taxon_43    0.00%    passed     99.80%
  44  taxon_44    0.00%    passed     99.71%
  45  taxon_45    0.00%    passed     99.96%
  46  taxon_46    0.00%    passed     99.52%
  47  taxon_47    0.00%    passed     98.75%
  48  taxon_48    0.00%    passed     99.95%
  49  taxon_49    0.00%    passed     99.52%
  50  taxon_50    0.00%    passed     98.39%
****  TOTAL       0.00%  0 sequences failed composition chi2 test (p-value<5%; df=3)
Checking for duplicate sequences: done in 0.000119925 secs using 83.39% CPU

Create initial parsimony tree by phylogenetic likelihood library (PLL)... 0.002 seconds

NOTE: 1 MB RAM (0 GB) is required!
Measuring multi-threading efficiency up to 8 CPU cores
Increase to 10 rounds for branch lengths
1408 trees examined
Threads: 1 / Time: 8.004 sec / Speedup: 1.000 / Efficiency: 100% / LogL: -17709
Threads: 2 / Time: 9.097 sec / Speedup: 0.880 / Efficiency: 44% / LogL: -17709
Determining AUTO threadcount: done in 17.1015 secs using 106.6% CPU
BEST NUMBER OF THREADS: 1

Estimate model parameters (epsilon = 0.100)
1. Initial log-likelihood: -15203.481
Optimal log-likelihood: -15202.064
Rate parameters:  A-C: 1.00000  A-G: 1.00000  A-T: 1.00000  C-G: 1.00000  C-T: 1.00000  G-T: 1.00000
Base frequencies:  A: 0.250  C: 0.250  G: 0.250  T: 0.250
Parameters optimization took 1 rounds (0.004 sec)
Wrote distance file to... 
Computing ML distances based on estimated model parameters...
Calculating distance matrix: done in 0.00287509 secs using 91.3% CPU
Computing ML distances took 0.002971 sec (of wall-clock time) 0.002711 sec (of CPU time)
Setting up auxiliary I and S matrices: done in 4.1008e-05 secs using 78.03% CPU
Constructing RapidNJ tree: done in 0.000102997 secs using 163.1% CPU
Computing RapidNJ tree took 0.000159 sec (of wall-clock time) 0.000217 sec (of CPU time)
Log-likelihood of RapidNJ tree: -15257.673
--------------------------------------------------------------------
|             INITIALIZING CANDIDATE TREE SET                      |
--------------------------------------------------------------------
Generating 98 parsimony trees... 0.176 second
Computing log-likelihood of 98 initial trees ... 0.165 seconds
Current best score: -15202.060

Do NNI search on 20 best initial trees
Estimate model parameters (epsilon = 0.100)
BETTER TREE FOUND at iteration 1: -15202.058
BETTER TREE FOUND at iteration 2: -15202.058
UPDATE BEST LOG-LIKELIHOOD: -15202.058
BETTER TREE FOUND at iteration 5: -15202.058
Iteration 10 / LogL: -15202.058 / Time: 0h:0m:17s
Iteration 20 / LogL: -15202.058 / Time: 0h:0m:17s
Finish initializing candidate tree set (12)
Current best tree score: -15202.058 / CPU time: 0.589
Number of iterations: 20
--------------------------------------------------------------------
|               OPTIMIZING CANDIDATE TREE SET                      |
--------------------------------------------------------------------
Iteration 30 / LogL: -15202.061 / Time: 0h:0m:17s (0h:0m:46s left)
Iteration 40 / LogL: -15202.058 / Time: 0h:0m:18s (0h:0m:30s left)
Iteration 50 / LogL: -15294.946 / Time: 0h:0m:18s (0h:0m:20s left)
Iteration 60 / LogL: -15202.066 / Time: 0h:0m:18s (0h:0m:14s left)
Iteration 70 / LogL: -15202.077 / Time: 0h:0m:19s (0h:0m:9s left)
Iteration 80 / LogL: -15202.069 / Time: 0h:0m:19s (0h:0m:6s left)
Iteration 90 / LogL: -15202.072 / Time: 0h:0m:19s (0h:0m:3s left)
Iteration 100 / LogL: -15202.062 / Time: 0h:0m:19s (0h:0m:1s left)
TREE SEARCH COMPLETED AFTER 106 ITERATIONS / Time: 0h:0m:20s

--------------------------------------------------------------------
|                    FINALIZING TREE SEARCH                        |
--------------------------------------------------------------------
Performs final model parameters optimization
Estimate model parameters (epsilon = 0.010)
1. Initial log-likelihood: -15202.058
Optimal log-likelihood: -15202.058
Rate parameters:  A-C: 1.00000  A-G: 1.00000  A-T: 1.00000  C-G: 1.00000  C-T: 1.00000  G-T: 1.00000
Base frequencies:  A: 0.250  C: 0.250  G: 0.250  T: 0.250
Parameters optimization took 1 rounds (0.002 sec)
BEST SCORE FOUND : -15202.058
Total tree length: 0.537

Total number of iterations: 106
CPU time used for tree search: 2.924 sec (0h:0m:2s)
Wall-clock time used for tree search: 2.928 sec (0h:0m:2s)
Total CPU time used: 21.172 sec (0h:0m:21s)
Total wall-clock time used: 20.054 sec (0h:0m:20s)

Analysis results written to: 
  IQ-TREE report:                exp_stable_0.001/m5_sel2_rep3/iqtree_out.iqtree
  Maximum-likelihood tree:       exp_stable_0.001/m5_sel2_rep3/iqtree_out.treefile
  Likelihood distances:          exp_stable_0.001/m5_sel2_rep3/iqtree_out.mldist
  Screen log file:               exp_stable_0.001/m5_sel2_rep3/iqtree_out.log

Date and Time: Sat May 16 01:42:33 2026
