IQ-TREE version 3.1.1 for MacOS ARM 64-bit built Apr  8 2026
Developed by Bui Quang Minh, Thomas Wong, Nhan Ly-Trong, Huaiyan Ren
Contributed by Lam-Tung Nguyen, Dominik Schrempf, Chris Bielow,
Olga Chernomor, Michael Woodhams, Diep Thi Hoang, Heiko Schmidt

Host:    Noutbuk-maria.local (SSE4.2, 16 GB RAM)
Command: iqtree -s exp_baseline/m2_sel500_rep2/combined.fasta -m JC -nt AUTO -pre exp_baseline/m2_sel500_rep2/iqtree_out -seed 500442 -redo
Seed:    500442 (Using SPRNG - Scalable Parallel Random Number Generator)
Time:    Tue May 12 14:09:04 2026
Kernel:  SSE2 - auto-detect threads (8 CPU cores detected)

Reading alignment file exp_baseline/m2_sel500_rep2/combined.fasta ... Fasta format detected
Reading fasta file: done in 0.00058794 secs using 91.17% CPU
Alignment most likely contains DNA/RNA sequences
Constructing alignment: done in 0.00114608 secs using 55.84% CPU
Alignment has 30 sequences with 2500 columns, 2016 distinct patterns
2328 parsimony-informative, 0 singleton sites, 172 constant sites
          Gap/Ambiguity  Composition  p-value
Analyzing sequences: done in 4.88758e-05 secs using 235.3% CPU
   1  taxon_1     0.00%    passed     50.30%
   2  taxon_2     0.00%    passed     74.99%
   3  taxon_3     0.00%    passed     18.84%
   4  taxon_4     0.00%    passed     73.93%
   5  taxon_5     0.00%    passed     50.64%
   6  taxon_6     0.00%    passed     59.87%
   7  taxon_7     0.00%    failed      3.43%
   8  taxon_8     0.00%    passed     37.99%
   9  taxon_9     0.00%    passed     68.07%
  10  taxon_10    0.00%    passed      6.04%
  11  taxon_11    0.00%    passed     73.29%
  12  taxon_12    0.00%    passed     56.21%
  13  taxon_13    0.00%    passed     57.61%
  14  taxon_14    0.00%    passed     85.55%
  15  taxon_15    0.00%    passed      6.35%
  16  taxon_16    0.00%    passed     21.92%
  17  taxon_17    0.00%    passed     93.31%
  18  taxon_18    0.00%    passed     90.84%
  19  taxon_19    0.00%    passed     50.28%
  20  taxon_20    0.00%    passed     93.71%
  21  taxon_21    0.00%    passed     95.62%
  22  taxon_22    0.00%    passed     57.96%
  23  taxon_23    0.00%    passed     38.98%
  24  taxon_24    0.00%    passed     24.90%
  25  taxon_25    0.00%    passed     61.10%
  26  taxon_26    0.00%    passed     12.42%
  27  taxon_27    0.00%    passed     44.23%
  28  taxon_28    0.00%    passed     99.88%
  29  taxon_29    0.00%    passed     69.69%
  30  taxon_30    0.00%    passed     80.31%
****  TOTAL       0.00%  1 sequences failed composition chi2 test (p-value<5%; df=3)
Checking for duplicate sequences: done in 0.000130892 secs using 93.21% CPU

Create initial parsimony tree by phylogenetic likelihood library (PLL)... 0.002 seconds

NOTE: 1 MB RAM (0 GB) is required!
Measuring multi-threading efficiency up to 8 CPU cores
Increase to 10 rounds for branch lengths
403 trees examined
Threads: 1 / Time: 8.007 sec / Speedup: 1.000 / Efficiency: 100% / LogL: -97702
Threads: 2 / Time: 8.827 sec / Speedup: 0.907 / Efficiency: 45% / LogL: -97702
Determining AUTO threadcount: done in 16.8333 secs using 108.1% CPU
BEST NUMBER OF THREADS: 1

Estimate model parameters (epsilon = 0.100)
1. Initial log-likelihood: -90235.504
Optimal log-likelihood: -89949.384
Rate parameters:  A-C: 1.00000  A-G: 1.00000  A-T: 1.00000  C-G: 1.00000  C-T: 1.00000  G-T: 1.00000
Base frequencies:  A: 0.250  C: 0.250  G: 0.250  T: 0.250
Parameters optimization took 1 rounds (0.010 sec)
Wrote distance file to... 
Computing ML distances based on estimated model parameters...
Calculating distance matrix: done in 0.00161004 secs using 99.44% CPU
Computing ML distances took 0.001750 sec (of wall-clock time) 0.001731 sec (of CPU time)
Setting up auxiliary I and S matrices: done in 2.47955e-05 secs using 80.66% CPU
Constructing RapidNJ tree: done in 4.91142e-05 secs using 162.9% CPU
Computing RapidNJ tree took 0.000101 sec (of wall-clock time) 0.000127 sec (of CPU time)
Log-likelihood of RapidNJ tree: -90134.467
--------------------------------------------------------------------
|             INITIALIZING CANDIDATE TREE SET                      |
--------------------------------------------------------------------
Generating 98 parsimony trees... 0.282 second
Computing log-likelihood of 98 initial trees ... 0.227 seconds
Current best score: -89949.384

Do NNI search on 20 best initial trees
Estimate model parameters (epsilon = 0.100)
BETTER TREE FOUND at iteration 1: -89944.393
Estimate model parameters (epsilon = 0.100)
BETTER TREE FOUND at iteration 2: -89833.128
Estimate model parameters (epsilon = 0.100)
BETTER TREE FOUND at iteration 10: -89802.750
Iteration 10 / LogL: -89802.750 / Time: 0h:0m:17s
Iteration 20 / LogL: -89905.841 / Time: 0h:0m:17s
Finish initializing candidate tree set (13)
Current best tree score: -89802.750 / CPU time: 1.117
Number of iterations: 20
--------------------------------------------------------------------
|               OPTIMIZING CANDIDATE TREE SET                      |
--------------------------------------------------------------------
Estimate model parameters (epsilon = 0.100)
BETTER TREE FOUND at iteration 27: -89801.320
Iteration 30 / LogL: -89803.102 / Time: 0h:0m:18s (0h:1m:1s left)
Estimate model parameters (epsilon = 0.100)
UPDATE BEST LOG-LIKELIHOOD: -89800.729
Iteration 40 / LogL: -89833.224 / Time: 0h:0m:18s (0h:0m:41s left)
Iteration 50 / LogL: -89833.371 / Time: 0h:0m:19s (0h:0m:30s left)
Iteration 60 / LogL: -89801.225 / Time: 0h:0m:19s (0h:0m:22s left)
Iteration 70 / LogL: -89802.372 / Time: 0h:0m:20s (0h:0m:16s left)
Iteration 80 / LogL: -89802.041 / Time: 0h:0m:20s (0h:0m:12s left)
Iteration 90 / LogL: -89801.474 / Time: 0h:0m:20s (0h:0m:8s left)
Iteration 100 / LogL: -89803.212 / Time: 0h:0m:21s (0h:0m:5s left)
Iteration 110 / LogL: -89804.265 / Time: 0h:0m:21s (0h:0m:3s left)
Iteration 120 / LogL: -89831.184 / Time: 0h:0m:22s (0h:0m:1s left)
TREE SEARCH COMPLETED AFTER 128 ITERATIONS / Time: 0h:0m:22s

--------------------------------------------------------------------
|                    FINALIZING TREE SEARCH                        |
--------------------------------------------------------------------
Performs final model parameters optimization
Estimate model parameters (epsilon = 0.010)
1. Initial log-likelihood: -89800.729
Optimal log-likelihood: -89800.729
Rate parameters:  A-C: 1.00000  A-G: 1.00000  A-T: 1.00000  C-G: 1.00000  C-T: 1.00000  G-T: 1.00000
Base frequencies:  A: 0.250  C: 0.250  G: 0.250  T: 0.250
Parameters optimization took 1 rounds (0.003 sec)
BEST SCORE FOUND : -89800.729
Total tree length: 17.033

Total number of iterations: 128
CPU time used for tree search: 5.513 sec (0h:0m:5s)
Wall-clock time used for tree search: 5.524 sec (0h:0m:5s)
Total CPU time used: 23.755 sec (0h:0m:23s)
Total wall-clock time used: 22.402 sec (0h:0m:22s)

Analysis results written to: 
  IQ-TREE report:                exp_baseline/m2_sel500_rep2/iqtree_out.iqtree
  Maximum-likelihood tree:       exp_baseline/m2_sel500_rep2/iqtree_out.treefile
  Likelihood distances:          exp_baseline/m2_sel500_rep2/iqtree_out.mldist
  Screen log file:               exp_baseline/m2_sel500_rep2/iqtree_out.log

Date and Time: Tue May 12 14:09:27 2026
