IQ-TREE version 3.1.1 for MacOS ARM 64-bit built Apr  8 2026
Developed by Bui Quang Minh, Thomas Wong, Nhan Ly-Trong, Huaiyan Ren
Contributed by Lam-Tung Nguyen, Dominik Schrempf, Chris Bielow,
Olga Chernomor, Michael Woodhams, Diep Thi Hoang, Heiko Schmidt

Host:    Noutbuk-maria.local (SSE4.2, 16 GB RAM)
Command: iqtree -s exp_stable_0.001/m5_sel1_rep6/neutral.fasta -m JC -nt AUTO -pre exp_stable_0.001/m5_sel1_rep6/iqtree_out -seed 2142 -redo
Seed:    2142 (Using SPRNG - Scalable Parallel Random Number Generator)
Time:    Mon May 18 21:40:35 2026
Kernel:  SSE2 - auto-detect threads (8 CPU cores detected)

Reading alignment file exp_stable_0.001/m5_sel1_rep6/neutral.fasta ... Fasta format detected
Reading fasta file: done in 0.00117302 secs using 89.77% CPU
Alignment most likely contains DNA/RNA sequences
Constructing alignment: done in 0.00131917 secs using 57.46% CPU
Alignment has 50 sequences with 3000 columns, 796 distinct patterns
307 parsimony-informative, 831 singleton sites, 1862 constant sites
          Gap/Ambiguity  Composition  p-value
Analyzing sequences: done in 4.50611e-05 secs using 139.8% CPU
   1  taxon_1     0.00%    passed     99.85%
   2  taxon_2     0.00%    passed     99.04%
   3  taxon_3     0.00%    passed     98.53%
   4  taxon_4     0.00%    passed     99.34%
   5  taxon_5     0.00%    passed     99.93%
   6  taxon_6     0.00%    passed     99.94%
   7  taxon_7     0.00%    passed     99.96%
   8  taxon_8     0.00%    passed     99.08%
   9  taxon_9     0.00%    passed     98.60%
  10  taxon_10    0.00%    passed     97.78%
  11  taxon_11    0.00%    passed     99.21%
  12  taxon_12    0.00%    passed     99.63%
  13  taxon_13    0.00%    passed     99.94%
  14  taxon_14    0.00%    passed     99.77%
  15  taxon_15    0.00%    passed     99.56%
  16  taxon_16    0.00%    passed     99.04%
  17  taxon_17    0.00%    passed     99.79%
  18  taxon_18    0.00%    passed     99.89%
  19  taxon_19    0.00%    passed    100.00%
  20  taxon_20    0.00%    passed     99.80%
  21  taxon_21    0.00%    passed     98.94%
  22  taxon_22    0.00%    passed     99.94%
  23  taxon_23    0.00%    passed     96.82%
  24  taxon_24    0.00%    passed     99.11%
  25  taxon_25    0.00%    passed     97.41%
  26  taxon_26    0.00%    passed     99.49%
  27  taxon_27    0.00%    passed     98.58%
  28  taxon_28    0.00%    passed     99.58%
  29  taxon_29    0.00%    passed     99.53%
  30  taxon_30    0.00%    passed     97.98%
  31  taxon_31    0.00%    passed     98.35%
  32  taxon_32    0.00%    passed     98.76%
  33  taxon_33    0.00%    passed     99.69%
  34  taxon_34    0.00%    passed     96.81%
  35  taxon_35    0.00%    passed     98.13%
  36  taxon_36    0.00%    passed     99.50%
  37  taxon_37    0.00%    passed     99.69%
  38  taxon_38    0.00%    passed     99.74%
  39  taxon_39    0.00%    passed     99.86%
  40  taxon_40    0.00%    passed     99.28%
  41  taxon_41    0.00%    passed     99.81%
  42  taxon_42    0.00%    passed     97.58%
  43  taxon_43    0.00%    passed     98.27%
  44  taxon_44    0.00%    passed     92.38%
  45  taxon_45    0.00%    passed     98.87%
  46  taxon_46    0.00%    passed     98.01%
  47  taxon_47    0.00%    passed     98.70%
  48  taxon_48    0.00%    passed     98.13%
  49  taxon_49    0.00%    passed     99.11%
  50  taxon_50    0.00%    passed     95.14%
****  TOTAL       0.00%  0 sequences failed composition chi2 test (p-value<5%; df=3)
Checking for duplicate sequences: done in 0.000111103 secs using 81.91% CPU

Create initial parsimony tree by phylogenetic likelihood library (PLL)... 0.002 seconds

NOTE: 1 MB RAM (0 GB) is required!
Measuring multi-threading efficiency up to 8 CPU cores
Increase to 10 rounds for branch lengths
1207 trees examined
Threads: 1 / Time: 8.001 sec / Speedup: 1.000 / Efficiency: 100% / LogL: -17258
Threads: 2 / Time: 10.010 sec / Speedup: 0.799 / Efficiency: 40% / LogL: -17258
Determining AUTO threadcount: done in 18.0116 secs using 104.8% CPU
BEST NUMBER OF THREADS: 1

Estimate model parameters (epsilon = 0.100)
1. Initial log-likelihood: -14242.043
Optimal log-likelihood: -14240.821
Rate parameters:  A-C: 1.00000  A-G: 1.00000  A-T: 1.00000  C-G: 1.00000  C-T: 1.00000  G-T: 1.00000
Base frequencies:  A: 0.250  C: 0.250  G: 0.250  T: 0.250
Parameters optimization took 1 rounds (0.004 sec)
Wrote distance file to... 
Computing ML distances based on estimated model parameters...
Calculating distance matrix: done in 0.00316906 secs using 83.56% CPU
Computing ML distances took 0.003258 sec (of wall-clock time) 0.002727 sec (of CPU time)
Setting up auxiliary I and S matrices: done in 4.60148e-05 secs using 76.06% CPU
Constructing RapidNJ tree: done in 0.000102997 secs using 156.3% CPU
Computing RapidNJ tree took 0.000166 sec (of wall-clock time) 0.000211 sec (of CPU time)
Log-likelihood of RapidNJ tree: -14270.794
--------------------------------------------------------------------
|             INITIALIZING CANDIDATE TREE SET                      |
--------------------------------------------------------------------
Generating 98 parsimony trees... 0.148 second
Computing log-likelihood of 98 initial trees ... 0.152 seconds
Current best score: -14240.818

Do NNI search on 20 best initial trees
Estimate model parameters (epsilon = 0.100)
BETTER TREE FOUND at iteration 1: -14240.817
BETTER TREE FOUND at iteration 4: -14240.817
UPDATE BEST LOG-LIKELIHOOD: -14240.817
UPDATE BEST LOG-LIKELIHOOD: -14240.817
UPDATE BEST LOG-LIKELIHOOD: -14240.817
BETTER TREE FOUND at iteration 9: -14240.817
Iteration 10 / LogL: -14240.817 / Time: 0h:0m:18s
UPDATE BEST LOG-LIKELIHOOD: -14240.817
UPDATE BEST LOG-LIKELIHOOD: -14240.817
UPDATE BEST LOG-LIKELIHOOD: -14240.817
UPDATE BEST LOG-LIKELIHOOD: -14240.817
UPDATE BEST LOG-LIKELIHOOD: -14240.817
UPDATE BEST LOG-LIKELIHOOD: -14240.817
Iteration 20 / LogL: -14240.818 / Time: 0h:0m:18s
Finish initializing candidate tree set (5)
Current best tree score: -14240.817 / CPU time: 0.444
Number of iterations: 20
--------------------------------------------------------------------
|               OPTIMIZING CANDIDATE TREE SET                      |
--------------------------------------------------------------------
Iteration 30 / LogL: -14240.826 / Time: 0h:0m:18s (0h:0m:51s left)
UPDATE BEST LOG-LIKELIHOOD: -14240.817
Iteration 40 / LogL: -14240.826 / Time: 0h:0m:19s (0h:0m:33s left)
Iteration 50 / LogL: -14240.831 / Time: 0h:0m:19s (0h:0m:23s left)
Iteration 60 / LogL: -14240.830 / Time: 0h:0m:19s (0h:0m:16s left)
Iteration 70 / LogL: -14240.826 / Time: 0h:0m:19s (0h:0m:11s left)
Iteration 80 / LogL: -14240.825 / Time: 0h:0m:20s (0h:0m:7s left)
Iteration 90 / LogL: -14240.832 / Time: 0h:0m:20s (0h:0m:4s left)
Iteration 100 / LogL: -14267.676 / Time: 0h:0m:20s (0h:0m:1s left)
Iteration 110 / LogL: -14240.833 / Time: 0h:0m:20s (0h:0m:-1s left)
TREE SEARCH COMPLETED AFTER 110 ITERATIONS / Time: 0h:0m:20s

--------------------------------------------------------------------
|                    FINALIZING TREE SEARCH                        |
--------------------------------------------------------------------
Performs final model parameters optimization
Estimate model parameters (epsilon = 0.010)
1. Initial log-likelihood: -14240.817
Optimal log-likelihood: -14240.817
Rate parameters:  A-C: 1.00000  A-G: 1.00000  A-T: 1.00000  C-G: 1.00000  C-T: 1.00000  G-T: 1.00000
Base frequencies:  A: 0.250  C: 0.250  G: 0.250  T: 0.250
Parameters optimization took 1 rounds (0.002 sec)
BEST SCORE FOUND : -14240.817
Total tree length: 0.479

Total number of iterations: 110
CPU time used for tree search: 2.802 sec (0h:0m:2s)
Wall-clock time used for tree search: 2.805 sec (0h:0m:2s)
Total CPU time used: 21.705 sec (0h:0m:21s)
Total wall-clock time used: 20.842 sec (0h:0m:20s)

Analysis results written to: 
  IQ-TREE report:                exp_stable_0.001/m5_sel1_rep6/iqtree_out.iqtree
  Maximum-likelihood tree:       exp_stable_0.001/m5_sel1_rep6/iqtree_out.treefile
  Likelihood distances:          exp_stable_0.001/m5_sel1_rep6/iqtree_out.mldist
  Screen log file:               exp_stable_0.001/m5_sel1_rep6/iqtree_out.log

Date and Time: Mon May 18 21:40:56 2026
