IQ-TREE version 3.1.1 for MacOS ARM 64-bit built Apr  8 2026
Developed by Bui Quang Minh, Thomas Wong, Nhan Ly-Trong, Huaiyan Ren
Contributed by Lam-Tung Nguyen, Dominik Schrempf, Chris Bielow,
Olga Chernomor, Michael Woodhams, Diep Thi Hoang, Heiko Schmidt

Host:    Noutbuk-maria.local (SSE4.2, 16 GB RAM)
Command: iqtree -s exp_baseline/m2_sel500_rep5/combined.fasta -m JC -nt AUTO -pre exp_baseline/m2_sel500_rep5/iqtree_out -seed 500742 -redo
Seed:    500742 (Using SPRNG - Scalable Parallel Random Number Generator)
Time:    Tue May 12 14:10:26 2026
Kernel:  SSE2 - auto-detect threads (8 CPU cores detected)

Reading alignment file exp_baseline/m2_sel500_rep5/combined.fasta ... Fasta format detected
Reading fasta file: done in 0.000586987 secs using 91.48% CPU
Alignment most likely contains DNA/RNA sequences
Constructing alignment: done in 0.00111222 secs using 56.37% CPU
Alignment has 30 sequences with 2500 columns, 2016 distinct patterns
2336 parsimony-informative, 0 singleton sites, 164 constant sites
          Gap/Ambiguity  Composition  p-value
Analyzing sequences: done in 3.91006e-05 secs using 281.3% CPU
   1  taxon_1     0.00%    failed      2.02%
   2  taxon_2     0.00%    passed     81.84%
   3  taxon_3     0.00%    passed     97.58%
   4  taxon_4     0.00%    passed     18.86%
   5  taxon_5     0.00%    passed     94.25%
   6  taxon_6     0.00%    passed     12.84%
   7  taxon_7     0.00%    passed     51.10%
   8  taxon_8     0.00%    passed     97.27%
   9  taxon_9     0.00%    passed     63.34%
  10  taxon_10    0.00%    passed     64.19%
  11  taxon_11    0.00%    passed     37.61%
  12  taxon_12    0.00%    passed     39.32%
  13  taxon_13    0.00%    passed     75.12%
  14  taxon_14    0.00%    passed     52.78%
  15  taxon_15    0.00%    passed     42.93%
  16  taxon_16    0.00%    passed     82.15%
  17  taxon_17    0.00%    passed     86.80%
  18  taxon_18    0.00%    passed     31.70%
  19  taxon_19    0.00%    passed     78.70%
  20  taxon_20    0.00%    passed     95.55%
  21  taxon_21    0.00%    passed     78.71%
  22  taxon_22    0.00%    passed     37.64%
  23  taxon_23    0.00%    passed     71.20%
  24  taxon_24    0.00%    passed     68.33%
  25  taxon_25    0.00%    passed     73.16%
  26  taxon_26    0.00%    passed     48.42%
  27  taxon_27    0.00%    passed     22.16%
  28  taxon_28    0.00%    passed     27.29%
  29  taxon_29    0.00%    passed     61.41%
  30  taxon_30    0.00%    passed     30.09%
****  TOTAL       0.00%  1 sequences failed composition chi2 test (p-value<5%; df=3)
Checking for duplicate sequences: done in 0.000128031 secs using 91.38% CPU

Create initial parsimony tree by phylogenetic likelihood library (PLL)... 0.002 seconds

NOTE: 1 MB RAM (0 GB) is required!
Measuring multi-threading efficiency up to 8 CPU cores
Increase to 10 rounds for branch lengths
393 trees examined
Threads: 1 / Time: 8.002 sec / Speedup: 1.000 / Efficiency: 100% / LogL: -97745
Threads: 2 / Time: 8.548 sec / Speedup: 0.936 / Efficiency: 47% / LogL: -97745
Determining AUTO threadcount: done in 16.5505 secs using 107.5% CPU
BEST NUMBER OF THREADS: 1

Estimate model parameters (epsilon = 0.100)
1. Initial log-likelihood: -90439.838
Optimal log-likelihood: -90053.423
Rate parameters:  A-C: 1.00000  A-G: 1.00000  A-T: 1.00000  C-G: 1.00000  C-T: 1.00000  G-T: 1.00000
Base frequencies:  A: 0.250  C: 0.250  G: 0.250  T: 0.250
Parameters optimization took 1 rounds (0.010 sec)
Wrote distance file to... 
Computing ML distances based on estimated model parameters...
Calculating distance matrix: done in 0.00162292 secs using 99.39% CPU
Computing ML distances took 0.001766 sec (of wall-clock time) 0.001744 sec (of CPU time)
Setting up auxiliary I and S matrices: done in 2.5034e-05 secs using 79.89% CPU
Constructing RapidNJ tree: done in 4.91142e-05 secs using 173.1% CPU
Computing RapidNJ tree took 0.000097 sec (of wall-clock time) 0.000123 sec (of CPU time)
Log-likelihood of RapidNJ tree: -90238.687
--------------------------------------------------------------------
|             INITIALIZING CANDIDATE TREE SET                      |
--------------------------------------------------------------------
Generating 98 parsimony trees... 0.305 second
Computing log-likelihood of 98 initial trees ... 0.231 seconds
Current best score: -90053.423

Do NNI search on 20 best initial trees
Estimate model parameters (epsilon = 0.100)
BETTER TREE FOUND at iteration 1: -90048.950
Estimate model parameters (epsilon = 0.100)
BETTER TREE FOUND at iteration 2: -90034.456
Estimate model parameters (epsilon = 0.100)
BETTER TREE FOUND at iteration 4: -90033.767
Iteration 10 / LogL: -90035.091 / Time: 0h:0m:17s
Iteration 20 / LogL: -90151.623 / Time: 0h:0m:17s
Finish initializing candidate tree set (15)
Current best tree score: -90033.767 / CPU time: 1.370
Number of iterations: 20
--------------------------------------------------------------------
|               OPTIMIZING CANDIDATE TREE SET                      |
--------------------------------------------------------------------
Iteration 30 / LogL: -90044.506 / Time: 0h:0m:18s (0h:0m:46s left)
Iteration 40 / LogL: -90037.732 / Time: 0h:0m:18s (0h:0m:30s left)
Iteration 50 / LogL: -90034.012 / Time: 0h:0m:19s (0h:0m:21s left)
Iteration 60 / LogL: -90038.845 / Time: 0h:0m:19s (0h:0m:14s left)
Iteration 70 / LogL: -90035.487 / Time: 0h:0m:20s (0h:0m:9s left)
Iteration 80 / LogL: -90053.408 / Time: 0h:0m:20s (0h:0m:6s left)
Iteration 90 / LogL: -90034.764 / Time: 0h:0m:20s (0h:0m:3s left)
Iteration 100 / LogL: -90034.175 / Time: 0h:0m:21s (0h:0m:0s left)
TREE SEARCH COMPLETED AFTER 105 ITERATIONS / Time: 0h:0m:21s

--------------------------------------------------------------------
|                    FINALIZING TREE SEARCH                        |
--------------------------------------------------------------------
Performs final model parameters optimization
Estimate model parameters (epsilon = 0.010)
1. Initial log-likelihood: -90033.767
Optimal log-likelihood: -90033.761
Rate parameters:  A-C: 1.00000  A-G: 1.00000  A-T: 1.00000  C-G: 1.00000  C-T: 1.00000  G-T: 1.00000
Base frequencies:  A: 0.250  C: 0.250  G: 0.250  T: 0.250
Parameters optimization took 1 rounds (0.003 sec)
BEST SCORE FOUND : -90033.761
Total tree length: 17.081

Total number of iterations: 105
CPU time used for tree search: 4.944 sec (0h:0m:4s)
Wall-clock time used for tree search: 4.963 sec (0h:0m:4s)
Total CPU time used: 22.770 sec (0h:0m:22s)
Total wall-clock time used: 21.551 sec (0h:0m:21s)

Analysis results written to: 
  IQ-TREE report:                exp_baseline/m2_sel500_rep5/iqtree_out.iqtree
  Maximum-likelihood tree:       exp_baseline/m2_sel500_rep5/iqtree_out.treefile
  Likelihood distances:          exp_baseline/m2_sel500_rep5/iqtree_out.mldist
  Screen log file:               exp_baseline/m2_sel500_rep5/iqtree_out.log

Date and Time: Tue May 12 14:10:47 2026
