IQ-TREE version 3.1.1 for MacOS ARM 64-bit built Apr  8 2026
Developed by Bui Quang Minh, Thomas Wong, Nhan Ly-Trong, Huaiyan Ren
Contributed by Lam-Tung Nguyen, Dominik Schrempf, Chris Bielow,
Olga Chernomor, Michael Woodhams, Diep Thi Hoang, Heiko Schmidt

Host:    Noutbuk-maria.local (SSE4.2, 16 GB RAM)
Command: iqtree -s exp_stable_0.001/m10_sel1_rep5/neutral.fasta -m JC -nt AUTO -pre exp_stable_0.001/m10_sel1_rep5/iqtree_out -seed 2542 -redo
Seed:    2542 (Using SPRNG - Scalable Parallel Random Number Generator)
Time:    Mon May 18 22:13:53 2026
Kernel:  SSE2 - auto-detect threads (8 CPU cores detected)

Reading alignment file exp_stable_0.001/m10_sel1_rep5/neutral.fasta ... Fasta format detected
Reading fasta file: done in 0.00140786 secs using 89.28% CPU
Alignment most likely contains DNA/RNA sequences
Constructing alignment: done in 0.00143099 secs using 60.52% CPU
Alignment has 50 sequences with 3000 columns, 559 distinct patterns
182 parsimony-informative, 555 singleton sites, 2263 constant sites
          Gap/Ambiguity  Composition  p-value
Analyzing sequences: done in 3.88622e-05 secs using 136.4% CPU
   1  taxon_1     0.00%    passed     99.99%
   2  taxon_2     0.00%    passed     99.97%
   3  taxon_3     0.00%    passed     99.57%
   4  taxon_4     0.00%    passed     98.84%
   5  taxon_5     0.00%    passed     98.60%
   6  taxon_6     0.00%    passed     99.94%
   7  taxon_7     0.00%    passed     99.68%
   8  taxon_8     0.00%    passed     99.83%
   9  taxon_9     0.00%    passed     99.92%
  10  taxon_10    0.00%    passed     99.93%
  11  taxon_11    0.00%    passed     99.60%
  12  taxon_12    0.00%    passed     99.69%
  13  taxon_13    0.00%    passed     99.80%
  14  taxon_14    0.00%    passed     98.54%
  15  taxon_15    0.00%    passed     98.72%
  16  taxon_16    0.00%    passed     98.93%
  17  taxon_17    0.00%    passed     98.58%
  18  taxon_18    0.00%    passed     99.81%
  19  taxon_19    0.00%    passed     99.49%
  20  taxon_20    0.00%    passed     99.69%
  21  taxon_21    0.00%    passed     99.88%
  22  taxon_22    0.00%    passed     99.89%
  23  taxon_23    0.00%    passed     99.45%
  24  taxon_24    0.00%    passed     99.99%
  25  taxon_25    0.00%    passed     97.53%
  26  taxon_26    0.00%    passed     99.79%
  27  taxon_27    0.00%    passed     99.46%
  28  taxon_28    0.00%    passed     97.71%
  29  taxon_29    0.00%    passed     99.90%
  30  taxon_30    0.00%    passed     99.79%
  31  taxon_31    0.00%    passed     99.93%
  32  taxon_32    0.00%    passed     98.44%
  33  taxon_33    0.00%    passed     93.59%
  34  taxon_34    0.00%    passed     99.90%
  35  taxon_35    0.00%    passed     99.86%
  36  taxon_36    0.00%    passed     99.95%
  37  taxon_37    0.00%    passed     99.32%
  38  taxon_38    0.00%    passed     99.13%
  39  taxon_39    0.00%    passed     99.66%
  40  taxon_40    0.00%    passed     99.95%
  41  taxon_41    0.00%    passed     98.37%
  42  taxon_42    0.00%    passed     99.88%
  43  taxon_43    0.00%    passed     99.64%
  44  taxon_44    0.00%    passed     99.95%
  45  taxon_45    0.00%    passed     98.93%
  46  taxon_46    0.00%    passed     99.85%
  47  taxon_47    0.00%    passed     99.19%
  48  taxon_48    0.00%    passed     99.76%
  49  taxon_49    0.00%    passed     99.92%
  50  taxon_50    0.00%    passed     99.59%
****  TOTAL       0.00%  0 sequences failed composition chi2 test (p-value<5%; df=3)
Checking for duplicate sequences: done in 9.70364e-05 secs using 80.38% CPU

Create initial parsimony tree by phylogenetic likelihood library (PLL)... 0.002 seconds

NOTE: 0 MB RAM (0 GB) is required!
Measuring multi-threading efficiency up to 8 CPU cores
Increase to 10 rounds for branch lengths
1493 trees examined
Threads: 1 / Time: 8.003 sec / Speedup: 1.000 / Efficiency: 100% / LogL: -12404
Threads: 2 / Time: 11.574 sec / Speedup: 0.691 / Efficiency: 35% / LogL: -12404
Determining AUTO threadcount: done in 19.5767 secs using 99.74% CPU
BEST NUMBER OF THREADS: 1

Estimate model parameters (epsilon = 0.100)
1. Initial log-likelihood: -10694.730
Optimal log-likelihood: -10692.592
Rate parameters:  A-C: 1.00000  A-G: 1.00000  A-T: 1.00000  C-G: 1.00000  C-T: 1.00000  G-T: 1.00000
Base frequencies:  A: 0.250  C: 0.250  G: 0.250  T: 0.250
Parameters optimization took 1 rounds (0.004 sec)
Wrote distance file to... 
Computing ML distances based on estimated model parameters...
Calculating distance matrix: done in 0.00324702 secs using 92.42% CPU
Computing ML distances took 0.003339 sec (of wall-clock time) 0.003085 sec (of CPU time)
Setting up auxiliary I and S matrices: done in 7.00951e-05 secs using 105.6% CPU
Constructing RapidNJ tree: done in 0.000150204 secs using 173.8% CPU
Computing RapidNJ tree took 0.000251 sec (of wall-clock time) 0.000369 sec (of CPU time)
Log-likelihood of RapidNJ tree: -10720.939
--------------------------------------------------------------------
|             INITIALIZING CANDIDATE TREE SET                      |
--------------------------------------------------------------------
Generating 98 parsimony trees... 0.152 second
Computing log-likelihood of 98 initial trees ... 0.156 seconds
Current best score: -10692.586

Do NNI search on 20 best initial trees
Estimate model parameters (epsilon = 0.100)
BETTER TREE FOUND at iteration 1: -10692.586
BETTER TREE FOUND at iteration 2: -10692.585
BETTER TREE FOUND at iteration 3: -10692.585
BETTER TREE FOUND at iteration 8: -10692.585
Iteration 10 / LogL: -10692.586 / Time: 0h:0m:19s
Iteration 20 / LogL: -10692.589 / Time: 0h:0m:20s
Finish initializing candidate tree set (20)
Current best tree score: -10692.585 / CPU time: 0.455
Number of iterations: 20
--------------------------------------------------------------------
|               OPTIMIZING CANDIDATE TREE SET                      |
--------------------------------------------------------------------
Iteration 30 / LogL: -10709.105 / Time: 0h:0m:20s (0h:0m:54s left)
Iteration 40 / LogL: -10692.594 / Time: 0h:0m:20s (0h:0m:35s left)
Iteration 50 / LogL: -10692.610 / Time: 0h:0m:20s (0h:0m:24s left)
Iteration 60 / LogL: -10692.596 / Time: 0h:0m:21s (0h:0m:17s left)
Iteration 70 / LogL: -10692.600 / Time: 0h:0m:21s (0h:0m:11s left)
Iteration 80 / LogL: -10692.612 / Time: 0h:0m:21s (0h:0m:7s left)
Iteration 90 / LogL: -10692.589 / Time: 0h:0m:21s (0h:0m:4s left)
Iteration 100 / LogL: -10692.597 / Time: 0h:0m:21s (0h:0m:1s left)
TREE SEARCH COMPLETED AFTER 109 ITERATIONS / Time: 0h:0m:22s

--------------------------------------------------------------------
|                    FINALIZING TREE SEARCH                        |
--------------------------------------------------------------------
Performs final model parameters optimization
Estimate model parameters (epsilon = 0.010)
1. Initial log-likelihood: -10692.585
Optimal log-likelihood: -10692.585
Rate parameters:  A-C: 1.00000  A-G: 1.00000  A-T: 1.00000  C-G: 1.00000  C-T: 1.00000  G-T: 1.00000
Base frequencies:  A: 0.250  C: 0.250  G: 0.250  T: 0.250
Parameters optimization took 1 rounds (0.004 sec)
BEST SCORE FOUND : -10692.585
Total tree length: 0.292

Total number of iterations: 109
CPU time used for tree search: 2.615 sec (0h:0m:2s)
Wall-clock time used for tree search: 2.617 sec (0h:0m:2s)
Total CPU time used: 22.161 sec (0h:0m:22s)
Total wall-clock time used: 22.221 sec (0h:0m:22s)

Analysis results written to: 
  IQ-TREE report:                exp_stable_0.001/m10_sel1_rep5/iqtree_out.iqtree
  Maximum-likelihood tree:       exp_stable_0.001/m10_sel1_rep5/iqtree_out.treefile
  Likelihood distances:          exp_stable_0.001/m10_sel1_rep5/iqtree_out.mldist
  Screen log file:               exp_stable_0.001/m10_sel1_rep5/iqtree_out.log

Date and Time: Mon May 18 22:14:15 2026
