IQ-TREE version 3.1.1 for MacOS ARM 64-bit built Apr  8 2026
Developed by Bui Quang Minh, Thomas Wong, Nhan Ly-Trong, Huaiyan Ren
Contributed by Lam-Tung Nguyen, Dominik Schrempf, Chris Bielow,
Olga Chernomor, Michael Woodhams, Diep Thi Hoang, Heiko Schmidt

Host:    Noutbuk-maria.local (SSE4.2, 16 GB RAM)
Command: iqtree -s exp_baseline/m100_sel0_rep3/combined.fasta -m JC -nt AUTO -pre exp_baseline/m100_sel0_rep3/iqtree_out -seed 10342 -redo
Seed:    10342 (Using SPRNG - Scalable Parallel Random Number Generator)
Time:    Tue May 12 15:02:47 2026
Kernel:  SSE2 - auto-detect threads (8 CPU cores detected)

Reading alignment file exp_baseline/m100_sel0_rep3/combined.fasta ... Fasta format detected
Reading fasta file: done in 0.000480175 secs using 90.18% CPU
NOTE: Change sequence name 'taxon 1' -> taxon_1
NOTE: Change sequence name 'taxon 2' -> taxon_2
NOTE: Change sequence name 'taxon 3' -> taxon_3
NOTE: Change sequence name 'taxon 4' -> taxon_4
NOTE: Change sequence name 'taxon 5' -> taxon_5
NOTE: Change sequence name 'taxon 6' -> taxon_6
NOTE: Change sequence name 'taxon 7' -> taxon_7
NOTE: Change sequence name 'taxon 8' -> taxon_8
NOTE: Change sequence name 'taxon 9' -> taxon_9
NOTE: Change sequence name 'taxon 10' -> taxon_10
NOTE: Change sequence name 'taxon 11' -> taxon_11
NOTE: Change sequence name 'taxon 12' -> taxon_12
NOTE: Change sequence name 'taxon 13' -> taxon_13
NOTE: Change sequence name 'taxon 14' -> taxon_14
NOTE: Change sequence name 'taxon 15' -> taxon_15
NOTE: Change sequence name 'taxon 16' -> taxon_16
NOTE: Change sequence name 'taxon 17' -> taxon_17
NOTE: Change sequence name 'taxon 18' -> taxon_18
NOTE: Change sequence name 'taxon 19' -> taxon_19
NOTE: Change sequence name 'taxon 20' -> taxon_20
NOTE: Change sequence name 'taxon 21' -> taxon_21
NOTE: Change sequence name 'taxon 22' -> taxon_22
NOTE: Change sequence name 'taxon 23' -> taxon_23
NOTE: Change sequence name 'taxon 24' -> taxon_24
NOTE: Change sequence name 'taxon 25' -> taxon_25
NOTE: Change sequence name 'taxon 26' -> taxon_26
NOTE: Change sequence name 'taxon 27' -> taxon_27
NOTE: Change sequence name 'taxon 28' -> taxon_28
NOTE: Change sequence name 'taxon 29' -> taxon_29
NOTE: Change sequence name 'taxon 30' -> taxon_30
Alignment most likely contains DNA/RNA sequences
Constructing alignment: done in 0.000967026 secs using 56.57% CPU
Alignment has 30 sequences with 2000 columns, 2000 distinct patterns
2000 parsimony-informative, 0 singleton sites, 0 constant sites
          Gap/Ambiguity  Composition  p-value
Analyzing sequences: done in 5.6982e-05 secs using 201.8% CPU
   1  taxon_1     0.00%    passed     85.14%
   2  taxon_2     0.00%    passed     48.11%
   3  taxon_3     0.00%    passed     23.35%
   4  taxon_4     0.00%    passed     37.10%
   5  taxon_5     0.00%    passed     48.25%
   6  taxon_6     0.00%    failed      3.30%
   7  taxon_7     0.00%    passed     56.58%
   8  taxon_8     0.00%    passed     83.98%
   9  taxon_9     0.00%    passed     70.65%
  10  taxon_10    0.00%    passed     23.66%
  11  taxon_11    0.00%    passed     80.94%
  12  taxon_12    0.00%    passed     51.57%
  13  taxon_13    0.00%    passed     88.24%
  14  taxon_14    0.00%    passed     82.29%
  15  taxon_15    0.00%    passed     86.26%
  16  taxon_16    0.00%    passed     81.76%
  17  taxon_17    0.00%    passed     79.50%
  18  taxon_18    0.00%    passed     94.19%
  19  taxon_19    0.00%    passed     12.22%
  20  taxon_20    0.00%    passed     39.81%
  21  taxon_21    0.00%    failed      1.16%
  22  taxon_22    0.00%    passed     97.43%
  23  taxon_23    0.00%    passed     14.19%
  24  taxon_24    0.00%    passed     11.20%
  25  taxon_25    0.00%    passed     86.66%
  26  taxon_26    0.00%    passed     80.31%
  27  taxon_27    0.00%    passed     31.92%
  28  taxon_28    0.00%    passed     82.69%
  29  taxon_29    0.00%    passed     67.50%
  30  taxon_30    0.00%    passed     36.10%
****  TOTAL       0.00%  2 sequences failed composition chi2 test (p-value<5%; df=3)
Checking for duplicate sequences: done in 0.000126123 secs using 90.39% CPU

Create initial parsimony tree by phylogenetic likelihood library (PLL)... 0.002 seconds

NOTE: 1 MB RAM (0 GB) is required!
Measuring multi-threading efficiency up to 8 CPU cores
Increase to 10 rounds for branch lengths
381 trees examined
Threads: 1 / Time: 8.008 sec / Speedup: 1.000 / Efficiency: 100% / LogL: -79394
Threads: 2 / Time: 8.823 sec / Speedup: 0.908 / Efficiency: 45% / LogL: -79394
Determining AUTO threadcount: done in 16.8312 secs using 106.9% CPU
BEST NUMBER OF THREADS: 1

Estimate model parameters (epsilon = 0.100)
1. Initial log-likelihood: -75432.520
Optimal log-likelihood: -74774.273
Rate parameters:  A-C: 1.00000  A-G: 1.00000  A-T: 1.00000  C-G: 1.00000  C-T: 1.00000  G-T: 1.00000
Base frequencies:  A: 0.250  C: 0.250  G: 0.250  T: 0.250
Parameters optimization took 1 rounds (0.023 sec)
Wrote distance file to... 
Computing ML distances based on estimated model parameters...
Calculating distance matrix: done in 0.00133395 secs using 99.33% CPU
Computing ML distances took 0.001480 sec (of wall-clock time) 0.001460 sec (of CPU time)
WARNING: Some pairwise ML distances are too long (saturated)
Setting up auxiliary I and S matrices: done in 2.7895e-05 secs using 71.7% CPU
Constructing RapidNJ tree: done in 5.60284e-05 secs using 164.2% CPU
Computing RapidNJ tree took 0.000109 sec (of wall-clock time) 0.000136 sec (of CPU time)
Log-likelihood of RapidNJ tree: -74978.351
--------------------------------------------------------------------
|             INITIALIZING CANDIDATE TREE SET                      |
--------------------------------------------------------------------
Generating 98 parsimony trees... 0.283 second
Computing log-likelihood of 98 initial trees ... 0.254 seconds
Current best score: -74774.273

Do NNI search on 20 best initial trees
Estimate model parameters (epsilon = 0.100)
BETTER TREE FOUND at iteration 1: -74766.762
Iteration 10 / LogL: -74767.110 / Time: 0h:0m:18s
Iteration 20 / LogL: -74772.074 / Time: 0h:0m:19s
Finish initializing candidate tree set (14)
Current best tree score: -74766.762 / CPU time: 2.227
Number of iterations: 20
--------------------------------------------------------------------
|               OPTIMIZING CANDIDATE TREE SET                      |
--------------------------------------------------------------------
Iteration 30 / LogL: -74766.810 / Time: 0h:0m:19s (0h:0m:48s left)
Estimate model parameters (epsilon = 0.100)
UPDATE BEST LOG-LIKELIHOOD: -74766.653
Iteration 40 / LogL: -74809.335 / Time: 0h:0m:20s (0h:0m:32s left)
Iteration 50 / LogL: -74769.268 / Time: 0h:0m:21s (0h:0m:22s left)
Iteration 60 / LogL: -74767.524 / Time: 0h:0m:22s (0h:0m:15s left)
Iteration 70 / LogL: -74767.562 / Time: 0h:0m:23s (0h:0m:10s left)
Iteration 80 / LogL: -74767.359 / Time: 0h:0m:24s (0h:0m:6s left)
Iteration 90 / LogL: -74767.150 / Time: 0h:0m:24s (0h:0m:3s left)
Iteration 100 / LogL: -74766.819 / Time: 0h:0m:25s (0h:0m:0s left)
TREE SEARCH COMPLETED AFTER 102 ITERATIONS / Time: 0h:0m:25s

--------------------------------------------------------------------
|                    FINALIZING TREE SEARCH                        |
--------------------------------------------------------------------
Performs final model parameters optimization
Estimate model parameters (epsilon = 0.010)
1. Initial log-likelihood: -74766.653
Optimal log-likelihood: -74766.637
Rate parameters:  A-C: 1.00000  A-G: 1.00000  A-T: 1.00000  C-G: 1.00000  C-T: 1.00000  G-T: 1.00000
Base frequencies:  A: 0.250  C: 0.250  G: 0.250  T: 0.250
Parameters optimization took 1 rounds (0.003 sec)
BEST SCORE FOUND : -74766.637
Total tree length: 26.069

Total number of iterations: 102
CPU time used for tree search: 8.979 sec (0h:0m:8s)
Wall-clock time used for tree search: 9.018 sec (0h:0m:9s)
Total CPU time used: 27.071 sec (0h:0m:27s)
Total wall-clock time used: 25.944 sec (0h:0m:25s)

Analysis results written to: 
  IQ-TREE report:                exp_baseline/m100_sel0_rep3/iqtree_out.iqtree
  Maximum-likelihood tree:       exp_baseline/m100_sel0_rep3/iqtree_out.treefile
  Likelihood distances:          exp_baseline/m100_sel0_rep3/iqtree_out.mldist
  Screen log file:               exp_baseline/m100_sel0_rep3/iqtree_out.log

Date and Time: Tue May 12 15:03:13 2026
