IQ-TREE version 3.1.1 for MacOS ARM 64-bit built Apr  8 2026
Developed by Bui Quang Minh, Thomas Wong, Nhan Ly-Trong, Huaiyan Ren
Contributed by Lam-Tung Nguyen, Dominik Schrempf, Chris Bielow,
Olga Chernomor, Michael Woodhams, Diep Thi Hoang, Heiko Schmidt

Host:    Noutbuk-maria.local (SSE4.2, 16 GB RAM)
Command: iqtree -s exp_baseline/m20_sel1000_rep4/combined.fasta -m JC -nt AUTO -pre exp_baseline/m20_sel1000_rep4/iqtree_out -seed 1002442 -redo
Seed:    1002442 (Using SPRNG - Scalable Parallel Random Number Generator)
Time:    Tue May 12 14:48:19 2026
Kernel:  SSE2 - auto-detect threads (8 CPU cores detected)

Reading alignment file exp_baseline/m20_sel1000_rep4/combined.fasta ... Fasta format detected
Reading fasta file: done in 0.000699043 secs using 91.27% CPU
Alignment most likely contains DNA/RNA sequences
Constructing alignment: done in 0.0012641 secs using 56.01% CPU
Alignment has 30 sequences with 3000 columns, 2016 distinct patterns
2954 parsimony-informative, 0 singleton sites, 46 constant sites
          Gap/Ambiguity  Composition  p-value
Analyzing sequences: done in 4.41074e-05 secs using 269.8% CPU
   1  taxon_1     0.00%    passed     59.78%
   2  taxon_2     0.00%    passed     60.59%
   3  taxon_3     0.00%    passed     89.40%
   4  taxon_4     0.00%    passed     21.78%
   5  taxon_5     0.00%    passed     59.45%
   6  taxon_6     0.00%    passed     51.83%
   7  taxon_7     0.00%    passed     95.06%
   8  taxon_8     0.00%    passed     13.53%
   9  taxon_9     0.00%    passed     12.76%
  10  taxon_10    0.00%    passed     56.00%
  11  taxon_11    0.00%    passed     87.01%
  12  taxon_12    0.00%    passed     23.68%
  13  taxon_13    0.00%    passed     19.40%
  14  taxon_14    0.00%    passed     77.30%
  15  taxon_15    0.00%    passed     41.95%
  16  taxon_16    0.00%    passed     83.57%
  17  taxon_17    0.00%    passed     60.48%
  18  taxon_18    0.00%    passed     90.93%
  19  taxon_19    0.00%    passed     85.51%
  20  taxon_20    0.00%    passed     38.27%
  21  taxon_21    0.00%    passed     98.87%
  22  taxon_22    0.00%    passed     83.80%
  23  taxon_23    0.00%    passed     78.96%
  24  taxon_24    0.00%    passed     16.76%
  25  taxon_25    0.00%    passed     52.31%
  26  taxon_26    0.00%    passed     32.97%
  27  taxon_27    0.00%    passed     43.95%
  28  taxon_28    0.00%    passed     99.35%
  29  taxon_29    0.00%    passed     56.94%
  30  taxon_30    0.00%    passed     33.89%
****  TOTAL       0.00%  0 sequences failed composition chi2 test (p-value<5%; df=3)
Checking for duplicate sequences: done in 0.000133991 secs using 87.32% CPU

Create initial parsimony tree by phylogenetic likelihood library (PLL)... 0.003 seconds

NOTE: 1 MB RAM (0 GB) is required!
Measuring multi-threading efficiency up to 8 CPU cores
Increase to 10 rounds for branch lengths
418 trees examined
Threads: 1 / Time: 8.016 sec / Speedup: 1.000 / Efficiency: 100% / LogL: -107098
Threads: 2 / Time: 8.618 sec / Speedup: 0.930 / Efficiency: 47% / LogL: -107098
Determining AUTO threadcount: done in 16.6337 secs using 108.6% CPU
BEST NUMBER OF THREADS: 1

Estimate model parameters (epsilon = 0.100)
1. Initial log-likelihood: -94237.029
Optimal log-likelihood: -93817.423
Rate parameters:  A-C: 1.00000  A-G: 1.00000  A-T: 1.00000  C-G: 1.00000  C-T: 1.00000  G-T: 1.00000
Base frequencies:  A: 0.250  C: 0.250  G: 0.250  T: 0.250
Parameters optimization took 1 rounds (0.010 sec)
Wrote distance file to... 
Computing ML distances based on estimated model parameters...
Calculating distance matrix: done in 0.00137091 secs using 99.35% CPU
Computing ML distances took 0.001505 sec (of wall-clock time) 0.001490 sec (of CPU time)
WARNING: Some pairwise ML distances are too long (saturated)
Setting up auxiliary I and S matrices: done in 2.40803e-05 secs using 83.06% CPU
Constructing RapidNJ tree: done in 4.69685e-05 secs using 168.2% CPU
Computing RapidNJ tree took 0.000096 sec (of wall-clock time) 0.000117 sec (of CPU time)
Log-likelihood of RapidNJ tree: -94855.661
--------------------------------------------------------------------
|             INITIALIZING CANDIDATE TREE SET                      |
--------------------------------------------------------------------
Generating 98 parsimony trees... 0.329 second
Computing log-likelihood of 98 initial trees ... 0.233 seconds
Current best score: -93471.384

Do NNI search on 20 best initial trees
Estimate model parameters (epsilon = 0.100)
BETTER TREE FOUND at iteration 1: -93400.418
Estimate model parameters (epsilon = 0.100)
BETTER TREE FOUND at iteration 4: -93390.352
Estimate model parameters (epsilon = 0.100)
BETTER TREE FOUND at iteration 7: -93388.597
Iteration 10 / LogL: -93774.517 / Time: 0h:0m:17s
Iteration 20 / LogL: -93805.429 / Time: 0h:0m:17s
Finish initializing candidate tree set (13)
Current best tree score: -93388.597 / CPU time: 1.173
Number of iterations: 20
--------------------------------------------------------------------
|               OPTIMIZING CANDIDATE TREE SET                      |
--------------------------------------------------------------------
Iteration 30 / LogL: -94106.539 / Time: 0h:0m:18s (0h:0m:48s left)
Iteration 40 / LogL: -93388.945 / Time: 0h:0m:18s (0h:0m:32s left)
Iteration 50 / LogL: -93389.498 / Time: 0h:0m:19s (0h:0m:22s left)
Iteration 60 / LogL: -93885.382 / Time: 0h:0m:19s (0h:0m:15s left)
Iteration 70 / LogL: -94254.156 / Time: 0h:0m:20s (0h:0m:10s left)
Iteration 80 / LogL: -93400.759 / Time: 0h:0m:20s (0h:0m:7s left)
Iteration 90 / LogL: -93400.762 / Time: 0h:0m:21s (0h:0m:4s left)
Iteration 100 / LogL: -93389.082 / Time: 0h:0m:21s (0h:0m:1s left)
TREE SEARCH COMPLETED AFTER 108 ITERATIONS / Time: 0h:0m:22s

--------------------------------------------------------------------
|                    FINALIZING TREE SEARCH                        |
--------------------------------------------------------------------
Performs final model parameters optimization
Estimate model parameters (epsilon = 0.010)
1. Initial log-likelihood: -93388.597
Optimal log-likelihood: -93388.596
Rate parameters:  A-C: 1.00000  A-G: 1.00000  A-T: 1.00000  C-G: 1.00000  C-T: 1.00000  G-T: 1.00000
Base frequencies:  A: 0.250  C: 0.250  G: 0.250  T: 0.250
Parameters optimization took 1 rounds (0.003 sec)
BEST SCORE FOUND : -93388.596
Total tree length: 12.200

Total number of iterations: 108
CPU time used for tree search: 5.335 sec (0h:0m:5s)
Wall-clock time used for tree search: 5.348 sec (0h:0m:5s)
Total CPU time used: 23.440 sec (0h:0m:23s)
Total wall-clock time used: 22.023 sec (0h:0m:22s)

Analysis results written to: 
  IQ-TREE report:                exp_baseline/m20_sel1000_rep4/iqtree_out.iqtree
  Maximum-likelihood tree:       exp_baseline/m20_sel1000_rep4/iqtree_out.treefile
  Likelihood distances:          exp_baseline/m20_sel1000_rep4/iqtree_out.mldist
  Screen log file:               exp_baseline/m20_sel1000_rep4/iqtree_out.log

Date and Time: Tue May 12 14:48:41 2026
