IQ-TREE version 3.1.1 for MacOS ARM 64-bit built Apr  8 2026
Developed by Bui Quang Minh, Thomas Wong, Nhan Ly-Trong, Huaiyan Ren
Contributed by Lam-Tung Nguyen, Dominik Schrempf, Chris Bielow,
Olga Chernomor, Michael Woodhams, Diep Thi Hoang, Heiko Schmidt

Host:    Noutbuk-maria.local (SSE4.2, 16 GB RAM)
Command: iqtree -s exp_baseline/m10_sel500_rep5/combined.fasta -m JC -nt AUTO -pre exp_baseline/m10_sel500_rep5/iqtree_out -seed 501542 -redo
Seed:    501542 (Using SPRNG - Scalable Parallel Random Number Generator)
Time:    Tue May 12 14:34:29 2026
Kernel:  SSE2 - auto-detect threads (8 CPU cores detected)

Reading alignment file exp_baseline/m10_sel500_rep5/combined.fasta ... Fasta format detected
Reading fasta file: done in 0.00058794 secs using 91% CPU
Alignment most likely contains DNA/RNA sequences
Constructing alignment: done in 0.00109792 secs using 56.56% CPU
Alignment has 30 sequences with 2500 columns, 2016 distinct patterns
2458 parsimony-informative, 0 singleton sites, 42 constant sites
          Gap/Ambiguity  Composition  p-value
Analyzing sequences: done in 4.81606e-05 secs using 276.2% CPU
   1  taxon_1     0.00%    passed     86.32%
   2  taxon_2     0.00%    passed     51.05%
   3  taxon_3     0.00%    passed     27.72%
   4  taxon_4     0.00%    passed     55.94%
   5  taxon_5     0.00%    passed     97.14%
   6  taxon_6     0.00%    passed     18.48%
   7  taxon_7     0.00%    passed     61.98%
   8  taxon_8     0.00%    passed     63.32%
   9  taxon_9     0.00%    passed     73.13%
  10  taxon_10    0.00%    passed     41.77%
  11  taxon_11    0.00%    passed     87.55%
  12  taxon_12    0.00%    passed     93.36%
  13  taxon_13    0.00%    passed     81.92%
  14  taxon_14    0.00%    passed     82.77%
  15  taxon_15    0.00%    passed     59.85%
  16  taxon_16    0.00%    passed     74.23%
  17  taxon_17    0.00%    passed     98.29%
  18  taxon_18    0.00%    passed     73.23%
  19  taxon_19    0.00%    passed     69.31%
  20  taxon_20    0.00%    passed     84.49%
  21  taxon_21    0.00%    passed     75.23%
  22  taxon_22    0.00%    passed     88.81%
  23  taxon_23    0.00%    passed     72.59%
  24  taxon_24    0.00%    passed     97.98%
  25  taxon_25    0.00%    passed     76.67%
  26  taxon_26    0.00%    passed     46.86%
  27  taxon_27    0.00%    passed     65.19%
  28  taxon_28    0.00%    passed     42.91%
  29  taxon_29    0.00%    passed     91.20%
  30  taxon_30    0.00%    passed     67.51%
****  TOTAL       0.00%  0 sequences failed composition chi2 test (p-value<5%; df=3)
Checking for duplicate sequences: done in 0.000133991 secs using 89.56% CPU

Create initial parsimony tree by phylogenetic likelihood library (PLL)... 0.002 seconds

NOTE: 1 MB RAM (0 GB) is required!
Measuring multi-threading efficiency up to 8 CPU cores
Increase to 10 rounds for branch lengths
394 trees examined
Threads: 1 / Time: 8.002 sec / Speedup: 1.000 / Efficiency: 100% / LogL: -95308
Threads: 2 / Time: 8.669 sec / Speedup: 0.923 / Efficiency: 46% / LogL: -95308
Determining AUTO threadcount: done in 16.6711 secs using 108.3% CPU
BEST NUMBER OF THREADS: 1

Estimate model parameters (epsilon = 0.100)
1. Initial log-likelihood: -88247.374
Optimal log-likelihood: -87866.814
Rate parameters:  A-C: 1.00000  A-G: 1.00000  A-T: 1.00000  C-G: 1.00000  C-T: 1.00000  G-T: 1.00000
Base frequencies:  A: 0.250  C: 0.250  G: 0.250  T: 0.250
Parameters optimization took 1 rounds (0.010 sec)
Wrote distance file to... 
Computing ML distances based on estimated model parameters...
Calculating distance matrix: done in 0.00137687 secs using 98.92% CPU
Computing ML distances took 0.001518 sec (of wall-clock time) 0.001490 sec (of CPU time)
WARNING: Some pairwise ML distances are too long (saturated)
Setting up auxiliary I and S matrices: done in 2.5034e-05 secs using 71.9% CPU
Constructing RapidNJ tree: done in 4.50611e-05 secs using 170.9% CPU
Computing RapidNJ tree took 0.000093 sec (of wall-clock time) 0.000108 sec (of CPU time)
Log-likelihood of RapidNJ tree: -89371.762
--------------------------------------------------------------------
|             INITIALIZING CANDIDATE TREE SET                      |
--------------------------------------------------------------------
Generating 98 parsimony trees... 0.277 second
Computing log-likelihood of 98 initial trees ... 0.235 seconds
Current best score: -87866.814

Do NNI search on 20 best initial trees
Estimate model parameters (epsilon = 0.100)
BETTER TREE FOUND at iteration 1: -87840.328
Estimate model parameters (epsilon = 0.100)
BETTER TREE FOUND at iteration 2: -87827.738
Iteration 10 / LogL: -87989.228 / Time: 0h:0m:17s
Iteration 20 / LogL: -87841.041 / Time: 0h:0m:17s
Finish initializing candidate tree set (8)
Current best tree score: -87827.738 / CPU time: 1.256
Number of iterations: 20
--------------------------------------------------------------------
|               OPTIMIZING CANDIDATE TREE SET                      |
--------------------------------------------------------------------
Iteration 30 / LogL: -87849.670 / Time: 0h:0m:18s (0h:0m:45s left)
Iteration 40 / LogL: -87834.550 / Time: 0h:0m:18s (0h:0m:29s left)
Iteration 50 / LogL: -87834.375 / Time: 0h:0m:19s (0h:0m:20s left)
Estimate model parameters (epsilon = 0.100)
BETTER TREE FOUND at iteration 53: -87822.978
Iteration 60 / LogL: -87830.315 / Time: 0h:0m:19s (0h:0m:30s left)
Iteration 70 / LogL: -87824.883 / Time: 0h:0m:20s (0h:0m:24s left)
Iteration 80 / LogL: -87829.182 / Time: 0h:0m:20s (0h:0m:18s left)
Iteration 90 / LogL: -87829.142 / Time: 0h:0m:20s (0h:0m:14s left)
Iteration 100 / LogL: -87828.255 / Time: 0h:0m:21s (0h:0m:11s left)
Iteration 110 / LogL: -87848.000 / Time: 0h:0m:21s (0h:0m:8s left)
Iteration 120 / LogL: -87823.320 / Time: 0h:0m:22s (0h:0m:6s left)
Iteration 130 / LogL: -87823.481 / Time: 0h:0m:22s (0h:0m:4s left)
Iteration 140 / LogL: -87823.024 / Time: 0h:0m:23s (0h:0m:2s left)
Iteration 150 / LogL: -87824.922 / Time: 0h:0m:23s (0h:0m:0s left)
TREE SEARCH COMPLETED AFTER 154 ITERATIONS / Time: 0h:0m:23s

--------------------------------------------------------------------
|                    FINALIZING TREE SEARCH                        |
--------------------------------------------------------------------
Performs final model parameters optimization
Estimate model parameters (epsilon = 0.010)
1. Initial log-likelihood: -87822.978
Optimal log-likelihood: -87822.974
Rate parameters:  A-C: 1.00000  A-G: 1.00000  A-T: 1.00000  C-G: 1.00000  C-T: 1.00000  G-T: 1.00000
Base frequencies:  A: 0.250  C: 0.250  G: 0.250  T: 0.250
Parameters optimization took 1 rounds (0.003 sec)
BEST SCORE FOUND : -87822.974
Total tree length: 16.048

Total number of iterations: 154
CPU time used for tree search: 6.823 sec (0h:0m:6s)
Wall-clock time used for tree search: 6.843 sec (0h:0m:6s)
Total CPU time used: 24.940 sec (0h:0m:24s)
Total wall-clock time used: 23.576 sec (0h:0m:23s)

Analysis results written to: 
  IQ-TREE report:                exp_baseline/m10_sel500_rep5/iqtree_out.iqtree
  Maximum-likelihood tree:       exp_baseline/m10_sel500_rep5/iqtree_out.treefile
  Likelihood distances:          exp_baseline/m10_sel500_rep5/iqtree_out.mldist
  Screen log file:               exp_baseline/m10_sel500_rep5/iqtree_out.log

Date and Time: Tue May 12 14:34:53 2026
