IQ-TREE version 3.1.1 for MacOS ARM 64-bit built Apr  8 2026
Developed by Bui Quang Minh, Thomas Wong, Nhan Ly-Trong, Huaiyan Ren
Contributed by Lam-Tung Nguyen, Dominik Schrempf, Chris Bielow,
Olga Chernomor, Michael Woodhams, Diep Thi Hoang, Heiko Schmidt

Host:    Noutbuk-maria.local (SSE4.2, 16 GB RAM)
Command: iqtree -s exp_stable_0.0005/m5_sel1_rep1/neutral.fasta -m JC -nt AUTO -pre exp_stable_0.0005/m5_sel1_rep1/iqtree_out -seed 1642 -redo
Seed:    1642 (Using SPRNG - Scalable Parallel Random Number Generator)
Time:    Fri May 15 21:01:23 2026
Kernel:  SSE2 - auto-detect threads (8 CPU cores detected)

Reading alignment file exp_stable_0.0005/m5_sel1_rep1/neutral.fasta ... Fasta format detected
Reading fasta file: done in 0.00650907 secs using 28.87% CPU
Alignment most likely contains DNA/RNA sequences
Constructing alignment: done in 0.00219297 secs using 58.6% CPU
Alignment has 50 sequences with 3000 columns, 530 distinct patterns
156 parsimony-informative, 555 singleton sites, 2289 constant sites
          Gap/Ambiguity  Composition  p-value
Analyzing sequences: done in 7.31945e-05 secs using 94.27% CPU
   1  taxon_1     0.00%    passed     99.51%
   2  taxon_2     0.00%    passed     99.82%
   3  taxon_3     0.00%    passed     99.83%
   4  taxon_4     0.00%    passed     99.77%
   5  taxon_5     0.00%    passed     99.93%
   6  taxon_6     0.00%    passed     99.98%
   7  taxon_7     0.00%    passed     99.55%
   8  taxon_8     0.00%    passed     99.84%
   9  taxon_9     0.00%    passed     99.17%
  10  taxon_10    0.00%    passed     99.84%
  11  taxon_11    0.00%    passed     99.98%
  12  taxon_12    0.00%    passed     99.37%
  13  taxon_13    0.00%    passed     99.72%
  14  taxon_14    0.00%    passed     99.73%
  15  taxon_15    0.00%    passed     99.42%
  16  taxon_16    0.00%    passed     99.63%
  17  taxon_17    0.00%    passed     99.98%
  18  taxon_18    0.00%    passed     99.98%
  19  taxon_19    0.00%    passed     99.25%
  20  taxon_20    0.00%    passed     98.79%
  21  taxon_21    0.00%    passed     99.84%
  22  taxon_22    0.00%    passed     99.79%
  23  taxon_23    0.00%    passed     99.86%
  24  taxon_24    0.00%    passed     99.43%
  25  taxon_25    0.00%    passed     99.72%
  26  taxon_26    0.00%    passed     99.60%
  27  taxon_27    0.00%    passed     99.78%
  28  taxon_28    0.00%    passed     99.18%
  29  taxon_29    0.00%    passed     99.77%
  30  taxon_30    0.00%    passed     98.57%
  31  taxon_31    0.00%    passed     99.62%
  32  taxon_32    0.00%    passed     99.61%
  33  taxon_33    0.00%    passed     98.29%
  34  taxon_34    0.00%    passed     99.76%
  35  taxon_35    0.00%    passed     99.82%
  36  taxon_36    0.00%    passed    100.00%
  37  taxon_37    0.00%    passed     99.22%
  38  taxon_38    0.00%    passed     98.77%
  39  taxon_39    0.00%    passed     99.62%
  40  taxon_40    0.00%    passed     98.94%
  41  taxon_41    0.00%    passed     99.70%
  42  taxon_42    0.00%    passed     99.79%
  43  taxon_43    0.00%    passed     99.98%
  44  taxon_44    0.00%    passed     99.82%
  45  taxon_45    0.00%    passed     99.94%
  46  taxon_46    0.00%    passed     99.59%
  47  taxon_47    0.00%    passed     99.98%
  48  taxon_48    0.00%    passed     99.74%
  49  taxon_49    0.00%    passed     99.90%
  50  taxon_50    0.00%    passed     99.96%
****  TOTAL       0.00%  0 sequences failed composition chi2 test (p-value<5%; df=3)
Checking for duplicate sequences: done in 0.000165939 secs using 77.14% CPU

Create initial parsimony tree by phylogenetic likelihood library (PLL)... 0.003 seconds

NOTE: 0 MB RAM (0 GB) is required!
Measuring multi-threading efficiency up to 8 CPU cores
Increase to 10 rounds for branch lengths
565 trees examined
Threads: 1 / Time: 8.004 sec / Speedup: 1.000 / Efficiency: 100% / LogL: -12094
Threads: 2 / Time: 9.681 sec / Speedup: 0.827 / Efficiency: 41% / LogL: -12094
Determining AUTO threadcount: done in 17.6845 secs using 52.15% CPU
BEST NUMBER OF THREADS: 1

Estimate model parameters (epsilon = 0.100)
1. Initial log-likelihood: -10361.950
Optimal log-likelihood: -10361.866
Rate parameters:  A-C: 1.00000  A-G: 1.00000  A-T: 1.00000  C-G: 1.00000  C-T: 1.00000  G-T: 1.00000
Base frequencies:  A: 0.250  C: 0.250  G: 0.250  T: 0.250
Parameters optimization took 1 rounds (0.003 sec)
Wrote distance file to... 
Computing ML distances based on estimated model parameters...
Calculating distance matrix: done in 0.00417495 secs using 86.52% CPU
Computing ML distances took 0.004291 sec (of wall-clock time) 0.003710 sec (of CPU time)
Setting up auxiliary I and S matrices: done in 7.29561e-05 secs using 76.76% CPU
Constructing RapidNJ tree: done in 0.000183821 secs using 119.1% CPU
Computing RapidNJ tree took 0.000283 sec (of wall-clock time) 0.000303 sec (of CPU time)
Log-likelihood of RapidNJ tree: -10389.178
--------------------------------------------------------------------
|             INITIALIZING CANDIDATE TREE SET                      |
--------------------------------------------------------------------
Generating 98 parsimony trees... 0.440 second
Computing log-likelihood of 98 initial trees ... 0.409 seconds
Current best score: -10361.866

Do NNI search on 20 best initial trees
Estimate model parameters (epsilon = 0.100)
BETTER TREE FOUND at iteration 1: -10361.866
BETTER TREE FOUND at iteration 2: -10361.866
BETTER TREE FOUND at iteration 5: -10361.866
BETTER TREE FOUND at iteration 7: -10361.866
Iteration 10 / LogL: -10361.866 / Time: 0h:0m:18s
Iteration 20 / LogL: -10361.866 / Time: 0h:0m:18s
Finish initializing candidate tree set (16)
Current best tree score: -10361.866 / CPU time: 1.212
Number of iterations: 20
--------------------------------------------------------------------
|               OPTIMIZING CANDIDATE TREE SET                      |
--------------------------------------------------------------------
Iteration 30 / LogL: -10361.876 / Time: 0h:0m:19s (0h:0m:52s left)
Iteration 40 / LogL: -10361.881 / Time: 0h:0m:20s (0h:0m:34s left)
Iteration 50 / LogL: -10361.869 / Time: 0h:0m:20s (0h:0m:24s left)
Iteration 60 / LogL: -10361.878 / Time: 0h:0m:21s (0h:0m:17s left)
Iteration 70 / LogL: -10361.879 / Time: 0h:0m:22s (0h:0m:11s left)
Iteration 80 / LogL: -10361.883 / Time: 0h:0m:22s (0h:0m:7s left)
Iteration 90 / LogL: -10391.193 / Time: 0h:0m:23s (0h:0m:4s left)
Iteration 100 / LogL: -10361.882 / Time: 0h:0m:24s (0h:0m:1s left)
TREE SEARCH COMPLETED AFTER 108 ITERATIONS / Time: 0h:0m:24s

--------------------------------------------------------------------
|                    FINALIZING TREE SEARCH                        |
--------------------------------------------------------------------
Performs final model parameters optimization
Estimate model parameters (epsilon = 0.010)
1. Initial log-likelihood: -10361.866
Optimal log-likelihood: -10361.866
Rate parameters:  A-C: 1.00000  A-G: 1.00000  A-T: 1.00000  C-G: 1.00000  C-T: 1.00000  G-T: 1.00000
Base frequencies:  A: 0.250  C: 0.250  G: 0.250  T: 0.250
Parameters optimization took 1 rounds (0.003 sec)
BEST SCORE FOUND : -10361.866
Total tree length: 0.272

Total number of iterations: 108
CPU time used for tree search: 3.509 sec (0h:0m:3s)
Wall-clock time used for tree search: 6.891 sec (0h:0m:6s)
Total CPU time used: 12.755 sec (0h:0m:12s)
Total wall-clock time used: 24.611 sec (0h:0m:24s)

Analysis results written to: 
  IQ-TREE report:                exp_stable_0.0005/m5_sel1_rep1/iqtree_out.iqtree
  Maximum-likelihood tree:       exp_stable_0.0005/m5_sel1_rep1/iqtree_out.treefile
  Likelihood distances:          exp_stable_0.0005/m5_sel1_rep1/iqtree_out.mldist
  Screen log file:               exp_stable_0.0005/m5_sel1_rep1/iqtree_out.log

Date and Time: Fri May 15 21:01:48 2026
