IQ-TREE version 3.1.1 for MacOS ARM 64-bit built Apr  8 2026
Developed by Bui Quang Minh, Thomas Wong, Nhan Ly-Trong, Huaiyan Ren
Contributed by Lam-Tung Nguyen, Dominik Schrempf, Chris Bielow,
Olga Chernomor, Michael Woodhams, Diep Thi Hoang, Heiko Schmidt

Host:    Noutbuk-maria.local (SSE4.2, 16 GB RAM)
Command: iqtree -s exp_baseline/m1_sel50_rep2/combined.fasta -m JC -nt AUTO -pre exp_baseline/m1_sel50_rep2/iqtree_out -seed 50342 -redo
Seed:    50342 (Using SPRNG - Scalable Parallel Random Number Generator)
Time:    Tue May 12 13:51:55 2026
Kernel:  SSE2 - auto-detect threads (8 CPU cores detected)

Reading alignment file exp_baseline/m1_sel50_rep2/combined.fasta ... Fasta format detected
Reading fasta file: done in 0.000503063 secs using 90.64% CPU
Alignment most likely contains DNA/RNA sequences
Constructing alignment: done in 0.00099206 secs using 57.96% CPU
Alignment has 30 sequences with 2050 columns, 2014 distinct patterns
2025 parsimony-informative, 0 singleton sites, 25 constant sites
          Gap/Ambiguity  Composition  p-value
Analyzing sequences: done in 4.81606e-05 secs using 232.6% CPU
   1  taxon_1     0.00%    failed      1.28%
   2  taxon_2     0.00%    passed     54.98%
   3  taxon_3     0.00%    passed     40.61%
   4  taxon_4     0.00%    passed     19.06%
   5  taxon_5     0.00%    passed     69.67%
   6  taxon_6     0.00%    passed     30.50%
   7  taxon_7     0.00%    passed     84.42%
   8  taxon_8     0.00%    passed      5.93%
   9  taxon_9     0.00%    passed     74.40%
  10  taxon_10    0.00%    passed     19.77%
  11  taxon_11    0.00%    passed     64.90%
  12  taxon_12    0.00%    passed     96.87%
  13  taxon_13    0.00%    passed     47.09%
  14  taxon_14    0.00%    passed     12.70%
  15  taxon_15    0.00%    passed     80.31%
  16  taxon_16    0.00%    passed     18.35%
  17  taxon_17    0.00%    passed     71.78%
  18  taxon_18    0.00%    passed     10.87%
  19  taxon_19    0.00%    passed     99.95%
  20  taxon_20    0.00%    passed     36.47%
  21  taxon_21    0.00%    passed     73.60%
  22  taxon_22    0.00%    passed     72.48%
  23  taxon_23    0.00%    passed     39.28%
  24  taxon_24    0.00%    passed     43.03%
  25  taxon_25    0.00%    passed     32.06%
  26  taxon_26    0.00%    passed     25.83%
  27  taxon_27    0.00%    passed     45.65%
  28  taxon_28    0.00%    passed     50.67%
  29  taxon_29    0.00%    passed     35.54%
  30  taxon_30    0.00%    passed     91.94%
****  TOTAL       0.00%  1 sequences failed composition chi2 test (p-value<5%; df=3)
Checking for duplicate sequences: done in 0.000128984 secs using 92.26% CPU

Create initial parsimony tree by phylogenetic likelihood library (PLL)... 0.002 seconds

NOTE: 1 MB RAM (0 GB) is required!
Measuring multi-threading efficiency up to 8 CPU cores
Increase to 10 rounds for branch lengths
386 trees examined
Threads: 1 / Time: 8.010 sec / Speedup: 1.000 / Efficiency: 100% / LogL: -82472
Threads: 2 / Time: 8.891 sec / Speedup: 0.901 / Efficiency: 45% / LogL: -82472
Determining AUTO threadcount: done in 16.9025 secs using 107% CPU
BEST NUMBER OF THREADS: 1

Estimate model parameters (epsilon = 0.100)
1. Initial log-likelihood: -79775.008
Optimal log-likelihood: -79215.441
Rate parameters:  A-C: 1.00000  A-G: 1.00000  A-T: 1.00000  C-G: 1.00000  C-T: 1.00000  G-T: 1.00000
Base frequencies:  A: 0.250  C: 0.250  G: 0.250  T: 0.250
Parameters optimization took 1 rounds (0.013 sec)
Wrote distance file to... 
Computing ML distances based on estimated model parameters...
Calculating distance matrix: done in 0.00166702 secs using 99.46% CPU
Computing ML distances took 0.001832 sec (of wall-clock time) 0.001793 sec (of CPU time)
WARNING: Some pairwise ML distances are too long (saturated)
Setting up auxiliary I and S matrices: done in 2.40803e-05 secs using 66.44% CPU
Constructing RapidNJ tree: done in 4.69685e-05 secs using 151.2% CPU
Computing RapidNJ tree took 0.000088 sec (of wall-clock time) 0.000104 sec (of CPU time)
Log-likelihood of RapidNJ tree: -79172.970
--------------------------------------------------------------------
|             INITIALIZING CANDIDATE TREE SET                      |
--------------------------------------------------------------------
Generating 98 parsimony trees... 0.294 second
Computing log-likelihood of 98 initial trees ... 0.250 seconds
Current best score: -79172.970

Do NNI search on 20 best initial trees
Estimate model parameters (epsilon = 0.100)
BETTER TREE FOUND at iteration 1: -79157.446
Estimate model parameters (epsilon = 0.100)
UPDATE BEST LOG-LIKELIHOOD: -79157.373
Iteration 10 / LogL: -79159.126 / Time: 0h:0m:18s
Iteration 20 / LogL: -79157.901 / Time: 0h:0m:18s
Finish initializing candidate tree set (8)
Current best tree score: -79157.373 / CPU time: 1.880
Number of iterations: 20
--------------------------------------------------------------------
|               OPTIMIZING CANDIDATE TREE SET                      |
--------------------------------------------------------------------
Iteration 30 / LogL: -79157.376 / Time: 0h:0m:19s (0h:0m:47s left)
Iteration 40 / LogL: -79174.979 / Time: 0h:0m:20s (0h:0m:31s left)
Iteration 50 / LogL: -79157.785 / Time: 0h:0m:20s (0h:0m:21s left)
Iteration 60 / LogL: -79160.110 / Time: 0h:0m:21s (0h:0m:14s left)
Iteration 70 / LogL: -79162.626 / Time: 0h:0m:22s (0h:0m:9s left)
Iteration 80 / LogL: -79157.955 / Time: 0h:0m:22s (0h:0m:6s left)
Iteration 90 / LogL: -79159.798 / Time: 0h:0m:23s (0h:0m:2s left)
Iteration 100 / LogL: -79199.347 / Time: 0h:0m:23s (0h:0m:0s left)
TREE SEARCH COMPLETED AFTER 102 ITERATIONS / Time: 0h:0m:24s

--------------------------------------------------------------------
|                    FINALIZING TREE SEARCH                        |
--------------------------------------------------------------------
Performs final model parameters optimization
Estimate model parameters (epsilon = 0.010)
1. Initial log-likelihood: -79157.373
Optimal log-likelihood: -79157.365
Rate parameters:  A-C: 1.00000  A-G: 1.00000  A-T: 1.00000  C-G: 1.00000  C-T: 1.00000  G-T: 1.00000
Base frequencies:  A: 0.250  C: 0.250  G: 0.250  T: 0.250
Parameters optimization took 1 rounds (0.003 sec)
BEST SCORE FOUND : -79157.365
Total tree length: 24.383

Total number of iterations: 102
CPU time used for tree search: 7.046 sec (0h:0m:7s)
Wall-clock time used for tree search: 7.105 sec (0h:0m:7s)
Total CPU time used: 25.175 sec (0h:0m:25s)
Total wall-clock time used: 24.060 sec (0h:0m:24s)

Analysis results written to: 
  IQ-TREE report:                exp_baseline/m1_sel50_rep2/iqtree_out.iqtree
  Maximum-likelihood tree:       exp_baseline/m1_sel50_rep2/iqtree_out.treefile
  Likelihood distances:          exp_baseline/m1_sel50_rep2/iqtree_out.mldist
  Screen log file:               exp_baseline/m1_sel50_rep2/iqtree_out.log

Date and Time: Tue May 12 13:52:19 2026
