IQ-TREE version 3.1.1 for MacOS ARM 64-bit built Apr  8 2026
Developed by Bui Quang Minh, Thomas Wong, Nhan Ly-Trong, Huaiyan Ren
Contributed by Lam-Tung Nguyen, Dominik Schrempf, Chris Bielow,
Olga Chernomor, Michael Woodhams, Diep Thi Hoang, Heiko Schmidt

Host:    Noutbuk-maria.local (SSE4.2, 16 GB RAM)
Command: iqtree -s exp_stable_0.0005/m5_sel2_rep2/neutral.fasta -m JC -nt AUTO -pre exp_stable_0.0005/m5_sel2_rep2/iqtree_out -seed 2742 -redo
Seed:    2742 (Using SPRNG - Scalable Parallel Random Number Generator)
Time:    Fri May 15 21:27:46 2026
Kernel:  SSE2 - auto-detect threads (8 CPU cores detected)

Reading alignment file exp_stable_0.0005/m5_sel2_rep2/neutral.fasta ... Fasta format detected
Reading fasta file: done in 0.00117993 secs using 90.01% CPU
Alignment most likely contains DNA/RNA sequences
Constructing alignment: done in 0.00121713 secs using 61.78% CPU
Alignment has 50 sequences with 3000 columns, 725 distinct patterns
329 parsimony-informative, 874 singleton sites, 1797 constant sites
          Gap/Ambiguity  Composition  p-value
Analyzing sequences: done in 4.31538e-05 secs using 146% CPU
   1  taxon_1     0.00%    passed     91.16%
   2  taxon_2     0.00%    passed     96.83%
   3  taxon_3     0.00%    passed     99.82%
   4  taxon_4     0.00%    passed     99.69%
   5  taxon_5     0.00%    passed     98.71%
   6  taxon_6     0.00%    passed     99.96%
   7  taxon_7     0.00%    passed     99.79%
   8  taxon_8     0.00%    passed     99.85%
   9  taxon_9     0.00%    passed     99.78%
  10  taxon_10    0.00%    passed     99.92%
  11  taxon_11    0.00%    passed     99.43%
  12  taxon_12    0.00%    passed     99.82%
  13  taxon_13    0.00%    passed     99.71%
  14  taxon_14    0.00%    passed     99.74%
  15  taxon_15    0.00%    passed     99.87%
  16  taxon_16    0.00%    passed     99.99%
  17  taxon_17    0.00%    passed     99.39%
  18  taxon_18    0.00%    passed     99.29%
  19  taxon_19    0.00%    passed     99.83%
  20  taxon_20    0.00%    passed     99.41%
  21  taxon_21    0.00%    passed     99.93%
  22  taxon_22    0.00%    passed     99.95%
  23  taxon_23    0.00%    passed     99.91%
  24  taxon_24    0.00%    passed     99.90%
  25  taxon_25    0.00%    passed     99.05%
  26  taxon_26    0.00%    passed     99.92%
  27  taxon_27    0.00%    passed     99.96%
  28  taxon_28    0.00%    passed     99.64%
  29  taxon_29    0.00%    passed     99.14%
  30  taxon_30    0.00%    passed     99.85%
  31  taxon_31    0.00%    passed     98.92%
  32  taxon_32    0.00%    passed     94.17%
  33  taxon_33    0.00%    passed     98.75%
  34  taxon_34    0.00%    passed     99.95%
  35  taxon_35    0.00%    passed     99.76%
  36  taxon_36    0.00%    passed     99.13%
  37  taxon_37    0.00%    passed     99.68%
  38  taxon_38    0.00%    passed     99.67%
  39  taxon_39    0.00%    passed     98.16%
  40  taxon_40    0.00%    passed     99.98%
  41  taxon_41    0.00%    passed     99.89%
  42  taxon_42    0.00%    passed     98.80%
  43  taxon_43    0.00%    passed     99.90%
  44  taxon_44    0.00%    passed     99.27%
  45  taxon_45    0.00%    passed     98.84%
  46  taxon_46    0.00%    passed     99.61%
  47  taxon_47    0.00%    passed     96.75%
  48  taxon_48    0.00%    passed     89.65%
  49  taxon_49    0.00%    passed     99.83%
  50  taxon_50    0.00%    passed     95.44%
****  TOTAL       0.00%  0 sequences failed composition chi2 test (p-value<5%; df=3)
Checking for duplicate sequences: done in 0.000105143 secs using 80.84% CPU

Create initial parsimony tree by phylogenetic likelihood library (PLL)... 0.002 seconds

NOTE: 1 MB RAM (0 GB) is required!
Measuring multi-threading efficiency up to 8 CPU cores
Increase to 10 rounds for branch lengths
1596 trees examined
Threads: 1 / Time: 8.004 sec / Speedup: 1.000 / Efficiency: 100% / LogL: -17202
Threads: 2 / Time: 10.370 sec / Speedup: 0.772 / Efficiency: 39% / LogL: -17202
Determining AUTO threadcount: done in 18.3742 secs using 101.7% CPU
BEST NUMBER OF THREADS: 1

Estimate model parameters (epsilon = 0.100)
1. Initial log-likelihood: -14079.083
Optimal log-likelihood: -14077.517
Rate parameters:  A-C: 1.00000  A-G: 1.00000  A-T: 1.00000  C-G: 1.00000  C-T: 1.00000  G-T: 1.00000
Base frequencies:  A: 0.250  C: 0.250  G: 0.250  T: 0.250
Parameters optimization took 1 rounds (0.003 sec)
Wrote distance file to... 
Computing ML distances based on estimated model parameters...
Calculating distance matrix: done in 0.00289893 secs using 82.58% CPU
Computing ML distances took 0.002980 sec (of wall-clock time) 0.002470 sec (of CPU time)
Setting up auxiliary I and S matrices: done in 4.50611e-05 secs using 79.89% CPU
Constructing RapidNJ tree: done in 0.00011611 secs using 100.8% CPU
Computing RapidNJ tree took 0.000182 sec (of wall-clock time) 0.000169 sec (of CPU time)
Log-likelihood of RapidNJ tree: -14123.423
--------------------------------------------------------------------
|             INITIALIZING CANDIDATE TREE SET                      |
--------------------------------------------------------------------
Generating 98 parsimony trees... 0.157 second
Computing log-likelihood of 98 initial trees ... 0.138 seconds
Current best score: -14077.517

Do NNI search on 20 best initial trees
Estimate model parameters (epsilon = 0.100)
BETTER TREE FOUND at iteration 1: -14077.517
BETTER TREE FOUND at iteration 2: -14077.514
BETTER TREE FOUND at iteration 3: -14077.514
UPDATE BEST LOG-LIKELIHOOD: -14077.514
UPDATE BEST LOG-LIKELIHOOD: -14077.514
Iteration 10 / LogL: -14077.514 / Time: 0h:0m:18s
Iteration 20 / LogL: -14077.514 / Time: 0h:0m:18s
Finish initializing candidate tree set (5)
Current best tree score: -14077.514 / CPU time: 0.513
Number of iterations: 20
--------------------------------------------------------------------
|               OPTIMIZING CANDIDATE TREE SET                      |
--------------------------------------------------------------------
Iteration 30 / LogL: -14077.538 / Time: 0h:0m:19s (0h:0m:48s left)
Iteration 40 / LogL: -14077.534 / Time: 0h:0m:19s (0h:0m:31s left)
Iteration 50 / LogL: -14077.541 / Time: 0h:0m:19s (0h:0m:21s left)
Iteration 60 / LogL: -14077.538 / Time: 0h:0m:19s (0h:0m:14s left)
Iteration 70 / LogL: -14077.528 / Time: 0h:0m:20s (0h:0m:9s left)
Iteration 80 / LogL: -14077.540 / Time: 0h:0m:20s (0h:0m:5s left)
Iteration 90 / LogL: -14077.529 / Time: 0h:0m:20s (0h:0m:3s left)
Iteration 100 / LogL: -14077.532 / Time: 0h:0m:20s (0h:0m:0s left)
TREE SEARCH COMPLETED AFTER 104 ITERATIONS / Time: 0h:0m:21s

--------------------------------------------------------------------
|                    FINALIZING TREE SEARCH                        |
--------------------------------------------------------------------
Performs final model parameters optimization
Estimate model parameters (epsilon = 0.010)
1. Initial log-likelihood: -14077.514
Optimal log-likelihood: -14077.514
Rate parameters:  A-C: 1.00000  A-G: 1.00000  A-T: 1.00000  C-G: 1.00000  C-T: 1.00000  G-T: 1.00000
Base frequencies:  A: 0.250  C: 0.250  G: 0.250  T: 0.250
Parameters optimization took 1 rounds (0.002 sec)
BEST SCORE FOUND : -14077.514
Total tree length: 0.517

Total number of iterations: 104
CPU time used for tree search: 2.613 sec (0h:0m:2s)
Wall-clock time used for tree search: 2.630 sec (0h:0m:2s)
Total CPU time used: 21.313 sec (0h:0m:21s)
Total wall-clock time used: 21.030 sec (0h:0m:21s)

Analysis results written to: 
  IQ-TREE report:                exp_stable_0.0005/m5_sel2_rep2/iqtree_out.iqtree
  Maximum-likelihood tree:       exp_stable_0.0005/m5_sel2_rep2/iqtree_out.treefile
  Likelihood distances:          exp_stable_0.0005/m5_sel2_rep2/iqtree_out.mldist
  Screen log file:               exp_stable_0.0005/m5_sel2_rep2/iqtree_out.log

Date and Time: Fri May 15 21:28:07 2026
